Fri 22 Mar 2024 23:19:46 INFO ============Arguments==============
Fri 22 Mar 2024 23:19:46 INFO Model: AdaGCL
Fri 22 Mar 2024 23:19:46 INFO data_path: beauty
Fri 22 Mar 2024 23:19:46 INFO learning_rate: 0.001
Fri 22 Mar 2024 23:19:46 INFO feature_embed: 64
Fri 22 Mar 2024 23:19:46 INFO batch_size: 1024
Fri 22 Mar 2024 23:19:46 INFO aggr_mode: add
Fri 22 Mar 2024 23:19:46 INFO reg_weight: 0.001
Fri 22 Mar 2024 23:19:46 INFO dim_E: 64
Fri 22 Mar 2024 23:19:46 INFO num_epoch: 1000
Fri 22 Mar 2024 23:19:46 INFO dropout: 0.2
Fri 22 Mar 2024 23:19:46 INFO n_layers: 2
Fri 22 Mar 2024 23:19:46 INFO corDecay: 0.001
Fri 22 Mar 2024 23:19:46 INFO n_factors: 4
Fri 22 Mar 2024 23:19:46 INFO n_iterations: 3
Fri 22 Mar 2024 23:19:46 INFO cl_weight: 2.0
Fri 22 Mar 2024 23:19:46 INFO mm_layers: 2
Fri 22 Mar 2024 23:19:46 INFO ii_topk: 10
Fri 22 Mar 2024 23:19:46 INFO uu_topk: 40
Fri 22 Mar 2024 23:19:46 INFO lambda_coeff: 0.9
Fri 22 Mar 2024 23:19:46 INFO ssl_temp: 0.9
Fri 22 Mar 2024 23:19:46 INFO ssl_alpha: 0.9
Fri 22 Mar 2024 23:19:46 INFO ae_weight: 0.1
Fri 22 Mar 2024 23:19:46 INFO threshold: 0.1
Fri 22 Mar 2024 23:19:46 INFO prompt_num: 0.1
Fri 22 Mar 2024 23:19:46 INFO neg_weight: 0.1
Fri 22 Mar 2024 23:19:46 INFO cen_reg: 0.005
Fri 22 Mar 2024 23:19:46 INFO n_intents: 128
Fri 22 Mar 2024 23:19:46 INFO seed: 42
Fri 22 Mar 2024 23:19:46 INFO num_workers: 1
Fri 22 Mar 2024 23:19:46 INFO topk: [5, 10, 20]
Fri 22 Mar 2024 23:19:46 INFO local time£ºMar-22-2024-23-19-46
Fri 22 Mar 2024 23:19:46 INFO =========1/1: Parameters:{'n_layers': 2, 'learning_rate': 0.001, 'reg_weight': 0.1, 'ssl_alpha': 0.1, 'ssl_temp': 0.5}=========
Fri 22 Mar 2024 23:20:03 INFO Epoch 1, Loss: 815.55189
Fri 22 Mar 2024 23:20:04 INFO Validation Metrics:
Fri 22 Mar 2024 23:20:04 INFO 5: precision: 0.00845 | recall: 0.03569 | ndcg: 0.02367 | hit_rate: 0.04069 | map: 0.01876
Fri 22 Mar 2024 23:20:04 INFO 10: precision: 0.00707 | recall: 0.05942 | ndcg: 0.03155 | hit_rate: 0.06588 | map: 0.02203
Fri 22 Mar 2024 23:20:04 INFO 20: precision: 0.00518 | recall: 0.08609 | ndcg: 0.03856 | hit_rate: 0.09411 | map: 0.02400
Fri 22 Mar 2024 23:20:04 INFO Test Metrics:
Fri 22 Mar 2024 23:20:04 INFO 5: precision: 0.01553 | recall: 0.04067 | ndcg: 0.03168 | hit_rate: 0.06634 | map: 0.02344
Fri 22 Mar 2024 23:20:04 INFO 10: precision: 0.01186 | recall: 0.06017 | ndcg: 0.03929 | hit_rate: 0.09605 | map: 0.02666
Fri 22 Mar 2024 23:20:04 INFO 20: precision: 0.00865 | recall: 0.08775 | ndcg: 0.04763 | hit_rate: 0.13357 | map: 0.02909
Fri 22 Mar 2024 23:20:21 INFO Epoch 2, Loss: 565.68122
Fri 22 Mar 2024 23:20:22 INFO Validation Metrics:
Fri 22 Mar 2024 23:20:22 INFO 5: precision: 0.01191 | recall: 0.05221 | ndcg: 0.03428 | hit_rate: 0.05768 | map: 0.02737
Fri 22 Mar 2024 23:20:22 INFO 10: precision: 0.00915 | recall: 0.07949 | ndcg: 0.04331 | hit_rate: 0.08655 | map: 0.03112
Fri 22 Mar 2024 23:20:22 INFO 20: precision: 0.00687 | recall: 0.11819 | ndcg: 0.05339 | hit_rate: 0.12744 | map: 0.03393
Fri 22 Mar 2024 23:20:22 INFO Test Metrics:
Fri 22 Mar 2024 23:20:22 INFO 5: precision: 0.01943 | recall: 0.05223 | ndcg: 0.04049 | hit_rate: 0.08500 | map: 0.02989
Fri 22 Mar 2024 23:20:22 INFO 10: precision: 0.01480 | recall: 0.07789 | ndcg: 0.05031 | hit_rate: 0.12395 | map: 0.03396
Fri 22 Mar 2024 23:20:22 INFO 20: precision: 0.01120 | recall: 0.11729 | ndcg: 0.06215 | hit_rate: 0.17943 | map: 0.03732
Fri 22 Mar 2024 23:20:40 INFO Epoch 3, Loss: 545.15387
Fri 22 Mar 2024 23:20:40 INFO Validation Metrics:
Fri 22 Mar 2024 23:20:40 INFO 5: precision: 0.01301 | recall: 0.05720 | ndcg: 0.03796 | hit_rate: 0.06317 | map: 0.03046
Fri 22 Mar 2024 23:20:40 INFO 10: precision: 0.00991 | recall: 0.08683 | ndcg: 0.04774 | hit_rate: 0.09463 | map: 0.03454
Fri 22 Mar 2024 23:20:40 INFO 20: precision: 0.00750 | recall: 0.12917 | ndcg: 0.05874 | hit_rate: 0.13906 | map: 0.03758
Fri 22 Mar 2024 23:20:40 INFO Test Metrics:
Fri 22 Mar 2024 23:20:40 INFO 5: precision: 0.02124 | recall: 0.05728 | ndcg: 0.04454 | hit_rate: 0.09346 | map: 0.03286
Fri 22 Mar 2024 23:20:40 INFO 10: precision: 0.01628 | recall: 0.08584 | ndcg: 0.05541 | hit_rate: 0.13661 | map: 0.03734
Fri 22 Mar 2024 23:20:40 INFO 20: precision: 0.01207 | recall: 0.12692 | ndcg: 0.06771 | hit_rate: 0.19435 | map: 0.04080
Fri 22 Mar 2024 23:20:58 INFO Epoch 4, Loss: 534.50557
Fri 22 Mar 2024 23:20:59 INFO Validation Metrics:
Fri 22 Mar 2024 23:20:59 INFO 5: precision: 0.01380 | recall: 0.06055 | ndcg: 0.04039 | hit_rate: 0.06685 | map: 0.03248
Fri 22 Mar 2024 23:20:59 INFO 10: precision: 0.01068 | recall: 0.09263 | ndcg: 0.05100 | hit_rate: 0.10128 | map: 0.03688
Fri 22 Mar 2024 23:20:59 INFO 20: precision: 0.00786 | recall: 0.13433 | ndcg: 0.06186 | hit_rate: 0.14507 | map: 0.03989
Fri 22 Mar 2024 23:20:59 INFO Test Metrics:
Fri 22 Mar 2024 23:20:59 INFO 5: precision: 0.02241 | recall: 0.06022 | ndcg: 0.04707 | hit_rate: 0.09941 | map: 0.03462
Fri 22 Mar 2024 23:20:59 INFO 10: precision: 0.01717 | recall: 0.09095 | ndcg: 0.05872 | hit_rate: 0.14443 | map: 0.03951
Fri 22 Mar 2024 23:20:59 INFO 20: precision: 0.01274 | recall: 0.13417 | ndcg: 0.07166 | hit_rate: 0.20585 | map: 0.04313
Fri 22 Mar 2024 23:21:16 INFO Epoch 5, Loss: 529.23999
Fri 22 Mar 2024 23:21:17 INFO Validation Metrics:
Fri 22 Mar 2024 23:21:17 INFO 5: precision: 0.01449 | recall: 0.06319 | ndcg: 0.04258 | hit_rate: 0.07008 | map: 0.03438
Fri 22 Mar 2024 23:21:17 INFO 10: precision: 0.01110 | recall: 0.09574 | ndcg: 0.05327 | hit_rate: 0.10477 | map: 0.03881
Fri 22 Mar 2024 23:21:17 INFO 20: precision: 0.00810 | recall: 0.13735 | ndcg: 0.06417 | hit_rate: 0.14895 | map: 0.04184
Fri 22 Mar 2024 23:21:17 INFO Test Metrics:
Fri 22 Mar 2024 23:21:17 INFO 5: precision: 0.02355 | recall: 0.06329 | ndcg: 0.04862 | hit_rate: 0.10438 | map: 0.03545
Fri 22 Mar 2024 23:21:17 INFO 10: precision: 0.01765 | recall: 0.09338 | ndcg: 0.06002 | hit_rate: 0.14856 | map: 0.04021
Fri 22 Mar 2024 23:21:17 INFO 20: precision: 0.01293 | recall: 0.13604 | ndcg: 0.07280 | hit_rate: 0.20902 | map: 0.04381
Fri 22 Mar 2024 23:21:34 INFO Epoch 6, Loss: 526.42839
Fri 22 Mar 2024 23:21:35 INFO Validation Metrics:
Fri 22 Mar 2024 23:21:35 INFO 5: precision: 0.01477 | recall: 0.06395 | ndcg: 0.04325 | hit_rate: 0.07118 | map: 0.03492
Fri 22 Mar 2024 23:21:35 INFO 10: precision: 0.01132 | recall: 0.09752 | ndcg: 0.05429 | hit_rate: 0.10703 | map: 0.03951
Fri 22 Mar 2024 23:21:35 INFO 20: precision: 0.00820 | recall: 0.13875 | ndcg: 0.06510 | hit_rate: 0.15017 | map: 0.04253
Fri 22 Mar 2024 23:21:35 INFO Test Metrics:
Fri 22 Mar 2024 23:21:35 INFO 5: precision: 0.02376 | recall: 0.06408 | ndcg: 0.04924 | hit_rate: 0.10561 | map: 0.03591
Fri 22 Mar 2024 23:21:35 INFO 10: precision: 0.01787 | recall: 0.09480 | ndcg: 0.06089 | hit_rate: 0.15037 | map: 0.04077
Fri 22 Mar 2024 23:21:35 INFO 20: precision: 0.01323 | recall: 0.13929 | ndcg: 0.07420 | hit_rate: 0.21322 | map: 0.04450
Fri 22 Mar 2024 23:21:52 INFO Epoch 7, Loss: 524.65193
Fri 22 Mar 2024 23:21:53 INFO Validation Metrics:
Fri 22 Mar 2024 23:21:53 INFO 5: precision: 0.01486 | recall: 0.06430 | ndcg: 0.04358 | hit_rate: 0.07176 | map: 0.03523
Fri 22 Mar 2024 23:21:53 INFO 10: precision: 0.01133 | recall: 0.09635 | ndcg: 0.05423 | hit_rate: 0.10664 | map: 0.03967
Fri 22 Mar 2024 23:21:53 INFO 20: precision: 0.00823 | recall: 0.13946 | ndcg: 0.06545 | hit_rate: 0.15121 | map: 0.04281
Fri 22 Mar 2024 23:21:53 INFO Test Metrics:
Fri 22 Mar 2024 23:21:53 INFO 5: precision: 0.02394 | recall: 0.06453 | ndcg: 0.04970 | hit_rate: 0.10593 | map: 0.03630
Fri 22 Mar 2024 23:21:53 INFO 10: precision: 0.01823 | recall: 0.09668 | ndcg: 0.06188 | hit_rate: 0.15379 | map: 0.04135
Fri 22 Mar 2024 23:21:53 INFO 20: precision: 0.01312 | recall: 0.13728 | ndcg: 0.07415 | hit_rate: 0.20953 | map: 0.04486
Fri 22 Mar 2024 23:22:10 INFO Epoch 8, Loss: 524.39373
Fri 22 Mar 2024 23:22:11 INFO Validation Metrics:
Fri 22 Mar 2024 23:22:11 INFO 5: precision: 0.01483 | recall: 0.06382 | ndcg: 0.04338 | hit_rate: 0.07144 | map: 0.03508
Fri 22 Mar 2024 23:22:11 INFO 10: precision: 0.01139 | recall: 0.09682 | ndcg: 0.05429 | hit_rate: 0.10696 | map: 0.03962
Fri 22 Mar 2024 23:22:11 INFO 20: precision: 0.00826 | recall: 0.13914 | ndcg: 0.06535 | hit_rate: 0.15101 | map: 0.04272
Fri 22 Mar 2024 23:22:11 INFO Test Metrics:
Fri 22 Mar 2024 23:22:11 INFO 5: precision: 0.02412 | recall: 0.06495 | ndcg: 0.04994 | hit_rate: 0.10690 | map: 0.03655
Fri 22 Mar 2024 23:22:11 INFO 10: precision: 0.01817 | recall: 0.09571 | ndcg: 0.06167 | hit_rate: 0.15185 | map: 0.04147
Fri 22 Mar 2024 23:22:11 INFO 20: precision: 0.01308 | recall: 0.13682 | ndcg: 0.07403 | hit_rate: 0.20824 | map: 0.04499
Fri 22 Mar 2024 23:22:28 INFO Epoch 9, Loss: 521.85729
Fri 22 Mar 2024 23:22:29 INFO Validation Metrics:
Fri 22 Mar 2024 23:22:29 INFO 5: precision: 0.01486 | recall: 0.06420 | ndcg: 0.04398 | hit_rate: 0.07176 | map: 0.03576
Fri 22 Mar 2024 23:22:29 INFO 10: precision: 0.01122 | recall: 0.09537 | ndcg: 0.05430 | hit_rate: 0.10522 | map: 0.04004
Fri 22 Mar 2024 23:22:29 INFO 20: precision: 0.00814 | recall: 0.13709 | ndcg: 0.06519 | hit_rate: 0.14888 | map: 0.04308
Fri 22 Mar 2024 23:22:29 INFO Test Metrics:
Fri 22 Mar 2024 23:22:29 INFO 5: precision: 0.02422 | recall: 0.06490 | ndcg: 0.05032 | hit_rate: 0.10645 | map: 0.03703
Fri 22 Mar 2024 23:22:29 INFO 10: precision: 0.01807 | recall: 0.09508 | ndcg: 0.06183 | hit_rate: 0.15140 | map: 0.04185
Fri 22 Mar 2024 23:22:29 INFO 20: precision: 0.01304 | recall: 0.13601 | ndcg: 0.07418 | hit_rate: 0.20663 | map: 0.04542
Fri 22 Mar 2024 23:22:46 INFO Epoch 10, Loss: 522.08568
Fri 22 Mar 2024 23:22:47 INFO Validation Metrics:
Fri 22 Mar 2024 23:22:47 INFO 5: precision: 0.01511 | recall: 0.06484 | ndcg: 0.04454 | hit_rate: 0.07279 | map: 0.03622
Fri 22 Mar 2024 23:22:47 INFO 10: precision: 0.01117 | recall: 0.09473 | ndcg: 0.05447 | hit_rate: 0.10477 | map: 0.04038
Fri 22 Mar 2024 23:22:47 INFO 20: precision: 0.00815 | recall: 0.13672 | ndcg: 0.06548 | hit_rate: 0.14824 | map: 0.04350
Fri 22 Mar 2024 23:22:47 INFO Test Metrics:
Fri 22 Mar 2024 23:22:47 INFO 5: precision: 0.02431 | recall: 0.06496 | ndcg: 0.05057 | hit_rate: 0.10651 | map: 0.03720
Fri 22 Mar 2024 23:22:47 INFO 10: precision: 0.01803 | recall: 0.09452 | ndcg: 0.06184 | hit_rate: 0.14966 | map: 0.04198
Fri 22 Mar 2024 23:22:47 INFO 20: precision: 0.01301 | recall: 0.13563 | ndcg: 0.07420 | hit_rate: 0.20521 | map: 0.04553
Fri 22 Mar 2024 23:23:04 INFO Epoch 11, Loss: 522.82795
Fri 22 Mar 2024 23:23:05 INFO Validation Metrics:
Fri 22 Mar 2024 23:23:05 INFO 5: precision: 0.01528 | recall: 0.06555 | ndcg: 0.04484 | hit_rate: 0.07338 | map: 0.03640
Fri 22 Mar 2024 23:23:05 INFO 10: precision: 0.01135 | recall: 0.09624 | ndcg: 0.05498 | hit_rate: 0.10619 | map: 0.04064
Fri 22 Mar 2024 23:23:05 INFO 20: precision: 0.00810 | recall: 0.13560 | ndcg: 0.06531 | hit_rate: 0.14694 | map: 0.04356
Fri 22 Mar 2024 23:23:05 INFO Test Metrics:
Fri 22 Mar 2024 23:23:05 INFO 5: precision: 0.02442 | recall: 0.06527 | ndcg: 0.05081 | hit_rate: 0.10703 | map: 0.03735
Fri 22 Mar 2024 23:23:05 INFO 10: precision: 0.01808 | recall: 0.09430 | ndcg: 0.06195 | hit_rate: 0.15024 | map: 0.04205
Fri 22 Mar 2024 23:23:05 INFO 20: precision: 0.01297 | recall: 0.13450 | ndcg: 0.07403 | hit_rate: 0.20443 | map: 0.04553
Fri 22 Mar 2024 23:23:22 INFO Epoch 12, Loss: 523.45205
Fri 22 Mar 2024 23:23:23 INFO Validation Metrics:
Fri 22 Mar 2024 23:23:23 INFO 5: precision: 0.01533 | recall: 0.06567 | ndcg: 0.04494 | hit_rate: 0.07376 | map: 0.03647
Fri 22 Mar 2024 23:23:23 INFO 10: precision: 0.01127 | recall: 0.09527 | ndcg: 0.05466 | hit_rate: 0.10541 | map: 0.04050
Fri 22 Mar 2024 23:23:23 INFO 20: precision: 0.00799 | recall: 0.13368 | ndcg: 0.06479 | hit_rate: 0.14527 | map: 0.04338
Fri 22 Mar 2024 23:23:23 INFO Test Metrics:
Fri 22 Mar 2024 23:23:23 INFO 5: precision: 0.02427 | recall: 0.06468 | ndcg: 0.05077 | hit_rate: 0.10664 | map: 0.03745
Fri 22 Mar 2024 23:23:23 INFO 10: precision: 0.01792 | recall: 0.09352 | ndcg: 0.06181 | hit_rate: 0.14901 | map: 0.04215
Fri 22 Mar 2024 23:23:23 INFO 20: precision: 0.01284 | recall: 0.13284 | ndcg: 0.07363 | hit_rate: 0.20204 | map: 0.04555
Fri 22 Mar 2024 23:23:40 INFO Epoch 13, Loss: 521.90030
Fri 22 Mar 2024 23:23:41 INFO Validation Metrics:
Fri 22 Mar 2024 23:23:41 INFO 5: precision: 0.01523 | recall: 0.06527 | ndcg: 0.04461 | hit_rate: 0.07325 | map: 0.03619
Fri 22 Mar 2024 23:23:41 INFO 10: precision: 0.01118 | recall: 0.09462 | ndcg: 0.05428 | hit_rate: 0.10451 | map: 0.04021
Fri 22 Mar 2024 23:23:41 INFO 20: precision: 0.00803 | recall: 0.13466 | ndcg: 0.06471 | hit_rate: 0.14611 | map: 0.04312
Fri 22 Mar 2024 23:23:41 INFO Test Metrics:
Fri 22 Mar 2024 23:23:41 INFO 5: precision: 0.02404 | recall: 0.06411 | ndcg: 0.05020 | hit_rate: 0.10522 | map: 0.03712
Fri 22 Mar 2024 23:23:41 INFO 10: precision: 0.01789 | recall: 0.09356 | ndcg: 0.06144 | hit_rate: 0.14875 | map: 0.04185
Fri 22 Mar 2024 23:23:41 INFO 20: precision: 0.01272 | recall: 0.13144 | ndcg: 0.07290 | hit_rate: 0.20004 | map: 0.04517
Fri 22 Mar 2024 23:23:58 INFO Epoch 14, Loss: 523.90779
Fri 22 Mar 2024 23:23:59 INFO Validation Metrics:
Fri 22 Mar 2024 23:23:59 INFO 5: precision: 0.01517 | recall: 0.06466 | ndcg: 0.04470 | hit_rate: 0.07279 | map: 0.03646
Fri 22 Mar 2024 23:23:59 INFO 10: precision: 0.01121 | recall: 0.09432 | ndcg: 0.05450 | hit_rate: 0.10431 | map: 0.04055
Fri 22 Mar 2024 23:23:59 INFO 20: precision: 0.00793 | recall: 0.13247 | ndcg: 0.06450 | hit_rate: 0.14372 | map: 0.04337
Fri 22 Mar 2024 23:23:59 INFO Test Metrics:
Fri 22 Mar 2024 23:23:59 INFO 5: precision: 0.02392 | recall: 0.06335 | ndcg: 0.04969 | hit_rate: 0.10399 | map: 0.03667
Fri 22 Mar 2024 23:23:59 INFO 10: precision: 0.01765 | recall: 0.09166 | ndcg: 0.06050 | hit_rate: 0.14572 | map: 0.04126
Fri 22 Mar 2024 23:23:59 INFO 20: precision: 0.01255 | recall: 0.13005 | ndcg: 0.07205 | hit_rate: 0.19784 | map: 0.04459
Fri 22 Mar 2024 23:24:16 INFO Epoch 15, Loss: 522.57357
Fri 22 Mar 2024 23:24:17 INFO Validation Metrics:
Fri 22 Mar 2024 23:24:17 INFO 5: precision: 0.01488 | recall: 0.06338 | ndcg: 0.04359 | hit_rate: 0.07131 | map: 0.03541
Fri 22 Mar 2024 23:24:17 INFO 10: precision: 0.01119 | recall: 0.09431 | ndcg: 0.05386 | hit_rate: 0.10444 | map: 0.03971
Fri 22 Mar 2024 23:24:17 INFO 20: precision: 0.00790 | recall: 0.13156 | ndcg: 0.06363 | hit_rate: 0.14288 | map: 0.04248
Fri 22 Mar 2024 23:24:17 INFO Test Metrics:
Fri 22 Mar 2024 23:24:17 INFO 5: precision: 0.02389 | recall: 0.06325 | ndcg: 0.04981 | hit_rate: 0.10412 | map: 0.03686
Fri 22 Mar 2024 23:24:17 INFO 10: precision: 0.01763 | recall: 0.09169 | ndcg: 0.06068 | hit_rate: 0.14507 | map: 0.04151
Fri 22 Mar 2024 23:24:17 INFO 20: precision: 0.01249 | recall: 0.12902 | ndcg: 0.07197 | hit_rate: 0.19636 | map: 0.04479
Fri 22 Mar 2024 23:24:34 INFO Epoch 16, Loss: 523.17048
Fri 22 Mar 2024 23:24:35 INFO Validation Metrics:
Fri 22 Mar 2024 23:24:35 INFO 5: precision: 0.01484 | recall: 0.06352 | ndcg: 0.04413 | hit_rate: 0.07118 | map: 0.03612
Fri 22 Mar 2024 23:24:35 INFO 10: precision: 0.01114 | recall: 0.09378 | ndcg: 0.05421 | hit_rate: 0.10399 | map: 0.04033
Fri 22 Mar 2024 23:24:35 INFO 20: precision: 0.00797 | recall: 0.13256 | ndcg: 0.06440 | hit_rate: 0.14384 | map: 0.04323
Fri 22 Mar 2024 23:24:35 INFO Test Metrics:
Fri 22 Mar 2024 23:24:35 INFO 5: precision: 0.02423 | recall: 0.06410 | ndcg: 0.05035 | hit_rate: 0.10554 | map: 0.03712
Fri 22 Mar 2024 23:24:35 INFO 10: precision: 0.01771 | recall: 0.09232 | ndcg: 0.06101 | hit_rate: 0.14546 | map: 0.04168
Fri 22 Mar 2024 23:24:35 INFO 20: precision: 0.01266 | recall: 0.13125 | ndcg: 0.07272 | hit_rate: 0.19868 | map: 0.04504
Fri 22 Mar 2024 23:24:52 INFO Epoch 17, Loss: 521.37436
Fri 22 Mar 2024 23:24:53 INFO Validation Metrics:
Fri 22 Mar 2024 23:24:53 INFO 5: precision: 0.01502 | recall: 0.06431 | ndcg: 0.04426 | hit_rate: 0.07195 | map: 0.03606
Fri 22 Mar 2024 23:24:53 INFO 10: precision: 0.01125 | recall: 0.09510 | ndcg: 0.05448 | hit_rate: 0.10490 | map: 0.04035
Fri 22 Mar 2024 23:24:53 INFO 20: precision: 0.00794 | recall: 0.13253 | ndcg: 0.06434 | hit_rate: 0.14372 | map: 0.04315
Fri 22 Mar 2024 23:24:53 INFO Test Metrics:
Fri 22 Mar 2024 23:24:53 INFO 5: precision: 0.02426 | recall: 0.06444 | ndcg: 0.05056 | hit_rate: 0.10593 | map: 0.03730
Fri 22 Mar 2024 23:24:53 INFO 10: precision: 0.01765 | recall: 0.09182 | ndcg: 0.06098 | hit_rate: 0.14546 | map: 0.04176
Fri 22 Mar 2024 23:24:53 INFO 20: precision: 0.01270 | recall: 0.13160 | ndcg: 0.07294 | hit_rate: 0.19901 | map: 0.04522
Fri 22 Mar 2024 23:25:10 INFO Epoch 18, Loss: 522.74809
Fri 22 Mar 2024 23:25:11 INFO Validation Metrics:
Fri 22 Mar 2024 23:25:11 INFO 5: precision: 0.01509 | recall: 0.06452 | ndcg: 0.04469 | hit_rate: 0.07241 | map: 0.03653
Fri 22 Mar 2024 23:25:11 INFO 10: precision: 0.01117 | recall: 0.09407 | ndcg: 0.05446 | hit_rate: 0.10419 | map: 0.04060
Fri 22 Mar 2024 23:25:11 INFO 20: precision: 0.00797 | recall: 0.13246 | ndcg: 0.06457 | hit_rate: 0.14384 | map: 0.04348
Fri 22 Mar 2024 23:25:11 INFO Test Metrics:
Fri 22 Mar 2024 23:25:11 INFO 5: precision: 0.02420 | recall: 0.06417 | ndcg: 0.05024 | hit_rate: 0.10541 | map: 0.03704
Fri 22 Mar 2024 23:25:11 INFO 10: precision: 0.01774 | recall: 0.09224 | ndcg: 0.06092 | hit_rate: 0.14565 | map: 0.04165
Fri 22 Mar 2024 23:25:11 INFO 20: precision: 0.01251 | recall: 0.12913 | ndcg: 0.07210 | hit_rate: 0.19642 | map: 0.04487
Fri 22 Mar 2024 23:25:29 INFO Epoch 19, Loss: 522.72224
Fri 22 Mar 2024 23:25:29 INFO Validation Metrics:
Fri 22 Mar 2024 23:25:29 INFO 5: precision: 0.01500 | recall: 0.06419 | ndcg: 0.04454 | hit_rate: 0.07247 | map: 0.03641
Fri 22 Mar 2024 23:25:29 INFO 10: precision: 0.01106 | recall: 0.09326 | ndcg: 0.05413 | hit_rate: 0.10341 | map: 0.04041
Fri 22 Mar 2024 23:25:29 INFO 20: precision: 0.00791 | recall: 0.13212 | ndcg: 0.06434 | hit_rate: 0.14352 | map: 0.04331
Fri 22 Mar 2024 23:25:29 INFO Test Metrics:
Fri 22 Mar 2024 23:25:29 INFO 5: precision: 0.02420 | recall: 0.06407 | ndcg: 0.05058 | hit_rate: 0.10522 | map: 0.03745
Fri 22 Mar 2024 23:25:29 INFO 10: precision: 0.01741 | recall: 0.09071 | ndcg: 0.06072 | hit_rate: 0.14288 | map: 0.04185
Fri 22 Mar 2024 23:25:29 INFO 20: precision: 0.01256 | recall: 0.12969 | ndcg: 0.07253 | hit_rate: 0.19733 | map: 0.04522
Fri 22 Mar 2024 23:25:47 INFO Epoch 20, Loss: 526.56711
Fri 22 Mar 2024 23:25:47 INFO Validation Metrics:
Fri 22 Mar 2024 23:25:47 INFO 5: precision: 0.01501 | recall: 0.06423 | ndcg: 0.04442 | hit_rate: 0.07228 | map: 0.03626
Fri 22 Mar 2024 23:25:47 INFO 10: precision: 0.01123 | recall: 0.09475 | ndcg: 0.05451 | hit_rate: 0.10503 | map: 0.04045
Fri 22 Mar 2024 23:25:47 INFO 20: precision: 0.00795 | recall: 0.13239 | ndcg: 0.06441 | hit_rate: 0.14384 | map: 0.04326
Fri 22 Mar 2024 23:25:47 INFO Test Metrics:
Fri 22 Mar 2024 23:25:47 INFO 5: precision: 0.02409 | recall: 0.06406 | ndcg: 0.05019 | hit_rate: 0.10490 | map: 0.03703
Fri 22 Mar 2024 23:25:47 INFO 10: precision: 0.01777 | recall: 0.09268 | ndcg: 0.06107 | hit_rate: 0.14559 | map: 0.04169
Fri 22 Mar 2024 23:25:47 INFO 20: precision: 0.01269 | recall: 0.13109 | ndcg: 0.07266 | hit_rate: 0.19894 | map: 0.04501
Fri 22 Mar 2024 23:26:05 INFO Epoch 21, Loss: 522.79634
Fri 22 Mar 2024 23:26:05 INFO Validation Metrics:
Fri 22 Mar 2024 23:26:05 INFO 5: precision: 0.01492 | recall: 0.06426 | ndcg: 0.04415 | hit_rate: 0.07221 | map: 0.03591
Fri 22 Mar 2024 23:26:05 INFO 10: precision: 0.01111 | recall: 0.09393 | ndcg: 0.05398 | hit_rate: 0.10431 | map: 0.04000
Fri 22 Mar 2024 23:26:05 INFO 20: precision: 0.00797 | recall: 0.13262 | ndcg: 0.06416 | hit_rate: 0.14404 | map: 0.04290
Fri 22 Mar 2024 23:26:05 INFO Test Metrics:
Fri 22 Mar 2024 23:26:05 INFO 5: precision: 0.02411 | recall: 0.06418 | ndcg: 0.05043 | hit_rate: 0.10483 | map: 0.03722
Fri 22 Mar 2024 23:26:05 INFO 10: precision: 0.01754 | recall: 0.09143 | ndcg: 0.06084 | hit_rate: 0.14365 | map: 0.04175
Fri 22 Mar 2024 23:26:05 INFO 20: precision: 0.01279 | recall: 0.13227 | ndcg: 0.07317 | hit_rate: 0.20017 | map: 0.04525
Fri 22 Mar 2024 23:26:23 INFO Epoch 22, Loss: 523.15706
Fri 22 Mar 2024 23:26:24 INFO Validation Metrics:
Fri 22 Mar 2024 23:26:24 INFO 5: precision: 0.01501 | recall: 0.06399 | ndcg: 0.04436 | hit_rate: 0.07208 | map: 0.03619
Fri 22 Mar 2024 23:26:24 INFO 10: precision: 0.01107 | recall: 0.09331 | ndcg: 0.05406 | hit_rate: 0.10348 | map: 0.04025
Fri 22 Mar 2024 23:26:24 INFO 20: precision: 0.00800 | recall: 0.13330 | ndcg: 0.06454 | hit_rate: 0.14468 | map: 0.04321
Fri 22 Mar 2024 23:26:24 INFO Test Metrics:
Fri 22 Mar 2024 23:26:24 INFO 5: precision: 0.02409 | recall: 0.06388 | ndcg: 0.05074 | hit_rate: 0.10522 | map: 0.03767
Fri 22 Mar 2024 23:26:24 INFO 10: precision: 0.01787 | recall: 0.09316 | ndcg: 0.06183 | hit_rate: 0.14649 | map: 0.04243
Fri 22 Mar 2024 23:26:24 INFO 20: precision: 0.01266 | recall: 0.13067 | ndcg: 0.07315 | hit_rate: 0.19836 | map: 0.04567
Fri 22 Mar 2024 23:26:41 INFO Epoch 23, Loss: 522.64548
Fri 22 Mar 2024 23:26:42 INFO Validation Metrics:
Fri 22 Mar 2024 23:26:42 INFO 5: precision: 0.01523 | recall: 0.06445 | ndcg: 0.04454 | hit_rate: 0.07292 | map: 0.03622
Fri 22 Mar 2024 23:26:42 INFO 10: precision: 0.01136 | recall: 0.09555 | ndcg: 0.05480 | hit_rate: 0.10599 | map: 0.04050
Fri 22 Mar 2024 23:26:42 INFO 20: precision: 0.00796 | recall: 0.13260 | ndcg: 0.06449 | hit_rate: 0.14372 | map: 0.04324
Fri 22 Mar 2024 23:26:42 INFO Test Metrics:
Fri 22 Mar 2024 23:26:42 INFO 5: precision: 0.02431 | recall: 0.06423 | ndcg: 0.05108 | hit_rate: 0.10574 | map: 0.03790
Fri 22 Mar 2024 23:26:42 INFO 10: precision: 0.01775 | recall: 0.09242 | ndcg: 0.06178 | hit_rate: 0.14623 | map: 0.04250
Fri 22 Mar 2024 23:26:42 INFO 20: precision: 0.01269 | recall: 0.13117 | ndcg: 0.07347 | hit_rate: 0.19888 | map: 0.04588
Fri 22 Mar 2024 23:26:59 INFO Epoch 24, Loss: 523.46262
Fri 22 Mar 2024 23:27:00 INFO Validation Metrics:
Fri 22 Mar 2024 23:27:00 INFO 5: precision: 0.01542 | recall: 0.06557 | ndcg: 0.04502 | hit_rate: 0.07389 | map: 0.03653
Fri 22 Mar 2024 23:27:00 INFO 10: precision: 0.01121 | recall: 0.09494 | ndcg: 0.05470 | hit_rate: 0.10515 | map: 0.04058
Fri 22 Mar 2024 23:27:00 INFO 20: precision: 0.00797 | recall: 0.13298 | ndcg: 0.06468 | hit_rate: 0.14410 | map: 0.04341
Fri 22 Mar 2024 23:27:00 INFO Test Metrics:
Fri 22 Mar 2024 23:27:00 INFO 5: precision: 0.02417 | recall: 0.06476 | ndcg: 0.05101 | hit_rate: 0.10567 | map: 0.03781
Fri 22 Mar 2024 23:27:00 INFO 10: precision: 0.01795 | recall: 0.09385 | ndcg: 0.06211 | hit_rate: 0.14682 | map: 0.04261
Fri 22 Mar 2024 23:27:00 INFO 20: precision: 0.01262 | recall: 0.13045 | ndcg: 0.07316 | hit_rate: 0.19784 | map: 0.04574
Fri 22 Mar 2024 23:27:17 INFO Epoch 25, Loss: 523.33724
Fri 22 Mar 2024 23:27:18 INFO Validation Metrics:
Fri 22 Mar 2024 23:27:18 INFO 5: precision: 0.01553 | recall: 0.06620 | ndcg: 0.04549 | hit_rate: 0.07473 | map: 0.03694
Fri 22 Mar 2024 23:27:18 INFO 10: precision: 0.01124 | recall: 0.09456 | ndcg: 0.05484 | hit_rate: 0.10503 | map: 0.04085
Fri 22 Mar 2024 23:27:18 INFO 20: precision: 0.00801 | recall: 0.13314 | ndcg: 0.06498 | hit_rate: 0.14455 | map: 0.04373
Fri 22 Mar 2024 23:27:18 INFO Test Metrics:
Fri 22 Mar 2024 23:27:18 INFO 5: precision: 0.02396 | recall: 0.06401 | ndcg: 0.05029 | hit_rate: 0.10496 | map: 0.03708
Fri 22 Mar 2024 23:27:18 INFO 10: precision: 0.01782 | recall: 0.09281 | ndcg: 0.06134 | hit_rate: 0.14565 | map: 0.04193
Fri 22 Mar 2024 23:27:18 INFO 20: precision: 0.01269 | recall: 0.13089 | ndcg: 0.07285 | hit_rate: 0.19842 | map: 0.04521
Fri 22 Mar 2024 23:27:36 INFO Epoch 26, Loss: 524.63777
Fri 22 Mar 2024 23:27:36 INFO Validation Metrics:
Fri 22 Mar 2024 23:27:36 INFO 5: precision: 0.01505 | recall: 0.06379 | ndcg: 0.04415 | hit_rate: 0.07234 | map: 0.03596
Fri 22 Mar 2024 23:27:36 INFO 10: precision: 0.01123 | recall: 0.09459 | ndcg: 0.05435 | hit_rate: 0.10522 | map: 0.04024
Fri 22 Mar 2024 23:27:36 INFO 20: precision: 0.00804 | recall: 0.13435 | ndcg: 0.06476 | hit_rate: 0.14552 | map: 0.04319
Fri 22 Mar 2024 23:27:36 INFO Test Metrics:
Fri 22 Mar 2024 23:27:36 INFO 5: precision: 0.02404 | recall: 0.06362 | ndcg: 0.05009 | hit_rate: 0.10509 | map: 0.03690
Fri 22 Mar 2024 23:27:36 INFO 10: precision: 0.01754 | recall: 0.09151 | ndcg: 0.06071 | hit_rate: 0.14397 | map: 0.04154
Fri 22 Mar 2024 23:27:36 INFO 20: precision: 0.01265 | recall: 0.13059 | ndcg: 0.07256 | hit_rate: 0.19829 | map: 0.04494
Fri 22 Mar 2024 23:27:36 INFO Best Test Metrics:
Fri 22 Mar 2024 23:27:36 INFO 5: precision: 0.02376 | recall: 0.06408 | ndcg: 0.04924 | hit_rate: 0.10561 | map: 0.03591
Fri 22 Mar 2024 23:27:36 INFO 10: precision: 0.01787 | recall: 0.09480 | ndcg: 0.06089 | hit_rate: 0.15037 | map: 0.04077
Fri 22 Mar 2024 23:27:36 INFO 20: precision: 0.01323 | recall: 0.13929 | ndcg: 0.07420 | hit_rate: 0.21322 | map: 0.04450
Fri 22 Mar 2024 23:27:36 INFO Best performance: 0.13929
Fri 22 Mar 2024 23:27:36 INFO Best parameters: {'n_layers': 2, 'learning_rate': 0.001, 'reg_weight': 0.1, 'ssl_alpha': 0.1, 'ssl_temp': 0.5}
Fri 22 Mar 2024 23:27:36 INFO Best metrics:
Fri 22 Mar 2024 23:27:36 INFO 5: precision: 0.02376 | recall: 0.06408 | ndcg: 0.04924 | hit_rate: 0.10561 | map: 0.03591
Fri 22 Mar 2024 23:27:36 INFO 10: precision: 0.01787 | recall: 0.09480 | ndcg: 0.06089 | hit_rate: 0.15037 | map: 0.04077
Fri 22 Mar 2024 23:27:36 INFO 20: precision: 0.01323 | recall: 0.13929 | ndcg: 0.07420 | hit_rate: 0.21322 | map: 0.04450
