Thu 10 Oct 2024 09:19:52 INFO ============Arguments==============
Thu 10 Oct 2024 09:19:52 INFO Model: BM3
Thu 10 Oct 2024 09:19:52 INFO data_path: sports
Thu 10 Oct 2024 09:19:52 INFO learning_rate: 0.001
Thu 10 Oct 2024 09:19:52 INFO feature_embed: 64
Thu 10 Oct 2024 09:19:52 INFO batch_size: 1024
Thu 10 Oct 2024 09:19:52 INFO aggr_mode: add
Thu 10 Oct 2024 09:19:52 INFO reg_weight: 0.001
Thu 10 Oct 2024 09:19:52 INFO dim_E: 64
Thu 10 Oct 2024 09:19:52 INFO num_epoch: 1000
Thu 10 Oct 2024 09:19:52 INFO dropout: 0.2
Thu 10 Oct 2024 09:19:52 INFO n_layers: 2
Thu 10 Oct 2024 09:19:52 INFO corDecay: 0.001
Thu 10 Oct 2024 09:19:52 INFO n_factors: 4
Thu 10 Oct 2024 09:19:52 INFO n_iterations: 3
Thu 10 Oct 2024 09:19:52 INFO cl_weight: 2.0
Thu 10 Oct 2024 09:19:52 INFO mm_layers: 2
Thu 10 Oct 2024 09:19:52 INFO ii_topk: 10
Thu 10 Oct 2024 09:19:52 INFO uu_topk: 40
Thu 10 Oct 2024 09:19:52 INFO lambda_coeff: 0.9
Thu 10 Oct 2024 09:19:52 INFO ssl_temp: 0.9
Thu 10 Oct 2024 09:19:52 INFO ssl_alpha: 0.9
Thu 10 Oct 2024 09:19:52 INFO ae_weight: 0.1
Thu 10 Oct 2024 09:19:52 INFO threshold: 0.1
Thu 10 Oct 2024 09:19:52 INFO prompt_num: 0.1
Thu 10 Oct 2024 09:19:52 INFO neg_weight: 0.1
Thu 10 Oct 2024 09:19:52 INFO cen_reg: 0.005
Thu 10 Oct 2024 09:19:52 INFO n_intents: 128
Thu 10 Oct 2024 09:19:52 INFO G_rate: 0.0001
Thu 10 Oct 2024 09:19:52 INFO align_weight: 0.1
Thu 10 Oct 2024 09:19:52 INFO mask_weight_f: 1.5
Thu 10 Oct 2024 09:19:52 INFO mask_weight_g: 0.001
Thu 10 Oct 2024 09:19:52 INFO leaky: 0.5
Thu 10 Oct 2024 09:19:52 INFO keepRate: 1.0
Thu 10 Oct 2024 09:19:52 INFO mult: 0.1
Thu 10 Oct 2024 09:19:52 INFO grid_size: 1
Thu 10 Oct 2024 09:19:52 INFO node_dropout: 0.1
Thu 10 Oct 2024 09:19:52 INFO message_dropout: 0.1
Thu 10 Oct 2024 09:19:52 INFO n_mca: 2
Thu 10 Oct 2024 09:19:52 INFO gamma: 0.5
Thu 10 Oct 2024 09:19:52 INFO t: 1.8
Thu 10 Oct 2024 09:19:52 INFO e_loss: 0.1
Thu 10 Oct 2024 09:19:52 INFO ris_lambda: 0.5
Thu 10 Oct 2024 09:19:52 INFO rebuild_k: 1
Thu 10 Oct 2024 09:19:52 INFO pnn_layer: 1
Thu 10 Oct 2024 09:19:52 INFO b2: 1
Thu 10 Oct 2024 09:19:52 INFO ctra: 0.001
Thu 10 Oct 2024 09:19:52 INFO noise_alpha: 0.3
Thu 10 Oct 2024 09:19:52 INFO ssl_temp2: 0.2
Thu 10 Oct 2024 09:19:52 INFO K_s: 1
Thu 10 Oct 2024 09:19:52 INFO T_s: 1
Thu 10 Oct 2024 09:19:52 INFO K_b: 1
Thu 10 Oct 2024 09:19:52 INFO T_b: 1
Thu 10 Oct 2024 09:19:52 INFO idl_beta: 1
Thu 10 Oct 2024 09:19:52 INFO seed: 42
Thu 10 Oct 2024 09:19:52 INFO num_workers: 1
Thu 10 Oct 2024 09:19:52 INFO topk: [5, 10, 20]
Thu 10 Oct 2024 09:19:52 INFO local time£ºOct-10-2024-09-19-52
Thu 10 Oct 2024 09:19:53 INFO =========1/80: Parameters:{'n_layers': 2, 'learning_rate': 0.001, 'reg_weight': 0.0001, 'dropout': 0.1, 'cl_weight': 1.0}=========
Thu 10 Oct 2024 09:20:07 INFO Epoch 1, Loss: 360.45485
Thu 10 Oct 2024 09:20:11 INFO Validation Metrics:
Thu 10 Oct 2024 09:20:11 INFO 5: precision: 0.00283 | recall: 0.01332 | ndcg: 0.00885 | hit_rate: 0.01417 | map: 0.00724
Thu 10 Oct 2024 09:20:11 INFO 10: precision: 0.00218 | recall: 0.02041 | ndcg: 0.01110 | hit_rate: 0.02180 | map: 0.00812
Thu 10 Oct 2024 09:20:11 INFO 20: precision: 0.00189 | recall: 0.03554 | ndcg: 0.01500 | hit_rate: 0.03773 | map: 0.00919
Thu 10 Oct 2024 09:20:11 INFO Test Metrics:
Thu 10 Oct 2024 09:20:11 INFO 5: precision: 0.00464 | recall: 0.01351 | ndcg: 0.01049 | hit_rate: 0.02294 | map: 0.00763
Thu 10 Oct 2024 09:20:11 INFO 10: precision: 0.00358 | recall: 0.02093 | ndcg: 0.01315 | hit_rate: 0.03500 | map: 0.00857
Thu 10 Oct 2024 09:20:11 INFO 20: precision: 0.00305 | recall: 0.03547 | ndcg: 0.01743 | hit_rate: 0.05871 | map: 0.00963
