Sun 24 Dec 2023 22:49:36 INFO ============Arguments==============
Sun 24 Dec 2023 22:49:36 INFO Model: BM3
Sun 24 Dec 2023 22:49:36 INFO data_path: baby
Sun 24 Dec 2023 22:49:36 INFO learning_rate: 0.001
Sun 24 Dec 2023 22:49:36 INFO feature_embed: 64
Sun 24 Dec 2023 22:49:36 INFO batch_size: 1024
Sun 24 Dec 2023 22:49:36 INFO aggr_mode: add
Sun 24 Dec 2023 22:49:36 INFO reg_weight: 0.001
Sun 24 Dec 2023 22:49:36 INFO dim_E: 64
Sun 24 Dec 2023 22:49:36 INFO num_epoch: 1000
Sun 24 Dec 2023 22:49:36 INFO dropout: 0.2
Sun 24 Dec 2023 22:49:36 INFO n_layers: 2
Sun 24 Dec 2023 22:49:36 INFO corDecay: 0.001
Sun 24 Dec 2023 22:49:36 INFO n_factors: 4
Sun 24 Dec 2023 22:49:36 INFO n_iterations: 3
Sun 24 Dec 2023 22:49:36 INFO cl_weight: 2.0
Sun 24 Dec 2023 22:49:36 INFO mm_layers: 2
Sun 24 Dec 2023 22:49:36 INFO ii_topk: 10
Sun 24 Dec 2023 22:49:36 INFO uu_topk: 40
Sun 24 Dec 2023 22:49:36 INFO lambda_coeff: 0.9
Sun 24 Dec 2023 22:49:36 INFO ssl_temp: 0.9
Sun 24 Dec 2023 22:49:36 INFO ssl_alpha: 0.9
Sun 24 Dec 2023 22:49:36 INFO ae_weight: 0.1
Sun 24 Dec 2023 22:49:36 INFO threshold: 0.1
Sun 24 Dec 2023 22:49:36 INFO seed: 42
Sun 24 Dec 2023 22:49:36 INFO num_workers: 1
Sun 24 Dec 2023 22:49:36 INFO topk: [5, 10, 20]
Sun 24 Dec 2023 22:49:36 INFO local time£ºDec-24-2023-22-49-36
Sun 24 Dec 2023 22:49:36 INFO =========1/9: Parameters:{'n_layers': 3, 'learning_rate': 0.001, 'reg_weight': 0.0001, 'dropout': 0.1, 'cl_weight': 2.0}=========
