Mon 14 Oct 2024 09:59:47 INFO ============Arguments==============
Mon 14 Oct 2024 09:59:47 INFO Model: CF_Diff
Mon 14 Oct 2024 09:59:47 INFO data_path: beauty
Mon 14 Oct 2024 09:59:47 INFO learning_rate: 0.001
Mon 14 Oct 2024 09:59:47 INFO feature_embed: 64
Mon 14 Oct 2024 09:59:47 INFO batch_size: 1024
Mon 14 Oct 2024 09:59:47 INFO aggr_mode: add
Mon 14 Oct 2024 09:59:47 INFO reg_weight: 0.001
Mon 14 Oct 2024 09:59:47 INFO dim_E: 64
Mon 14 Oct 2024 09:59:47 INFO num_epoch: 1000
Mon 14 Oct 2024 09:59:47 INFO dropout: 0.2
Mon 14 Oct 2024 09:59:47 INFO n_layers: 2
Mon 14 Oct 2024 09:59:47 INFO corDecay: 0.001
Mon 14 Oct 2024 09:59:47 INFO n_factors: 4
Mon 14 Oct 2024 09:59:47 INFO n_iterations: 3
Mon 14 Oct 2024 09:59:47 INFO cl_weight: 2.0
Mon 14 Oct 2024 09:59:47 INFO mm_layers: 2
Mon 14 Oct 2024 09:59:47 INFO ii_topk: 10
Mon 14 Oct 2024 09:59:47 INFO uu_topk: 40
Mon 14 Oct 2024 09:59:47 INFO lambda_coeff: 0.9
Mon 14 Oct 2024 09:59:47 INFO ssl_temp: 0.9
Mon 14 Oct 2024 09:59:47 INFO ssl_alpha: 0.9
Mon 14 Oct 2024 09:59:47 INFO ae_weight: 0.1
Mon 14 Oct 2024 09:59:47 INFO threshold: 0.1
Mon 14 Oct 2024 09:59:47 INFO prompt_num: 0.1
Mon 14 Oct 2024 09:59:47 INFO neg_weight: 0.1
Mon 14 Oct 2024 09:59:47 INFO cen_reg: 0.005
Mon 14 Oct 2024 09:59:47 INFO n_intents: 128
Mon 14 Oct 2024 09:59:47 INFO G_rate: 0.0001
Mon 14 Oct 2024 09:59:47 INFO align_weight: 0.1
Mon 14 Oct 2024 09:59:47 INFO mask_weight_f: 1.5
Mon 14 Oct 2024 09:59:47 INFO mask_weight_g: 0.001
Mon 14 Oct 2024 09:59:47 INFO leaky: 0.5
Mon 14 Oct 2024 09:59:47 INFO keepRate: 1.0
Mon 14 Oct 2024 09:59:47 INFO mult: 0.1
Mon 14 Oct 2024 09:59:47 INFO grid_size: 1
Mon 14 Oct 2024 09:59:47 INFO node_dropout: 0.1
Mon 14 Oct 2024 09:59:47 INFO message_dropout: 0.1
Mon 14 Oct 2024 09:59:47 INFO n_mca: 2
Mon 14 Oct 2024 09:59:47 INFO gamma: 0.5
Mon 14 Oct 2024 09:59:47 INFO t: 1.8
Mon 14 Oct 2024 09:59:47 INFO e_loss: 0.1
Mon 14 Oct 2024 09:59:47 INFO ris_lambda: 0.5
Mon 14 Oct 2024 09:59:47 INFO rebuild_k: 1
Mon 14 Oct 2024 09:59:47 INFO pnn_layer: 1
Mon 14 Oct 2024 09:59:47 INFO b2: 1
Mon 14 Oct 2024 09:59:47 INFO ctra: 0.001
Mon 14 Oct 2024 09:59:47 INFO noise_alpha: 0.3
Mon 14 Oct 2024 09:59:47 INFO ssl_temp2: 0.2
Mon 14 Oct 2024 09:59:47 INFO K_s: 1
Mon 14 Oct 2024 09:59:47 INFO T_s: 1
Mon 14 Oct 2024 09:59:47 INFO K_b: 1
Mon 14 Oct 2024 09:59:47 INFO T_b: 1
Mon 14 Oct 2024 09:59:47 INFO idl_beta: 1
Mon 14 Oct 2024 09:59:47 INFO sampling_noise: False
Mon 14 Oct 2024 09:59:47 INFO sampling_steps: 0
Mon 14 Oct 2024 09:59:47 INFO steps: 100
Mon 14 Oct 2024 09:59:47 INFO noise_scale: 0.1
Mon 14 Oct 2024 09:59:47 INFO noise_min: 0.0001
Mon 14 Oct 2024 09:59:47 INFO noise_max: 0.02
Mon 14 Oct 2024 09:59:47 INFO dims: [1000]
Mon 14 Oct 2024 09:59:47 INFO seed: 42
Mon 14 Oct 2024 09:59:47 INFO num_workers: 1
Mon 14 Oct 2024 09:59:47 INFO topk: [5, 10, 20]
Mon 14 Oct 2024 09:59:47 INFO local time£ºOct-14-2024-09-59-47
Mon 14 Oct 2024 09:59:48 INFO =========1/1: Parameters:{'learning_rate': 0.001, 'noise_scale': 0.001, 'noise_min': 0.005, 'noise_max': 0.005, 'steps': 5, 'dims': '[1000]'}=========
Mon 14 Oct 2024 10:00:21 INFO Epoch 1, Loss: 2168.00625
Mon 14 Oct 2024 10:01:00 INFO Validation Metrics:
Mon 14 Oct 2024 10:01:00 INFO 5: precision: 0.00006 | recall: 0.00027 | ndcg: 0.00015 | hit_rate: 0.00032 | map: 0.00010
Mon 14 Oct 2024 10:01:00 INFO 10: precision: 0.00009 | recall: 0.00086 | ndcg: 0.00032 | hit_rate: 0.00090 | map: 0.00016
Mon 14 Oct 2024 10:01:00 INFO 20: precision: 0.00012 | recall: 0.00219 | ndcg: 0.00066 | hit_rate: 0.00233 | map: 0.00025
Mon 14 Oct 2024 10:01:00 INFO Test Metrics:
Mon 14 Oct 2024 10:01:00 INFO 5: precision: 0.00006 | recall: 0.00019 | ndcg: 0.00012 | hit_rate: 0.00032 | map: 0.00007
Mon 14 Oct 2024 10:01:00 INFO 10: precision: 0.00013 | recall: 0.00071 | ndcg: 0.00032 | hit_rate: 0.00129 | map: 0.00014
Mon 14 Oct 2024 10:01:00 INFO 20: precision: 0.00011 | recall: 0.00115 | ndcg: 0.00045 | hit_rate: 0.00220 | map: 0.00017
Mon 14 Oct 2024 10:01:30 INFO Epoch 2, Loss: 425.23511
Mon 14 Oct 2024 10:02:09 INFO Validation Metrics:
Mon 14 Oct 2024 10:02:09 INFO 5: precision: 0.00183 | recall: 0.00804 | ndcg: 0.00465 | hit_rate: 0.00911 | map: 0.00336
Mon 14 Oct 2024 10:02:09 INFO 10: precision: 0.00181 | recall: 0.01625 | ndcg: 0.00731 | hit_rate: 0.01789 | map: 0.00443
Mon 14 Oct 2024 10:02:09 INFO 20: precision: 0.00139 | recall: 0.02523 | ndcg: 0.00958 | hit_rate: 0.02765 | map: 0.00503
Mon 14 Oct 2024 10:02:09 INFO Test Metrics:
Mon 14 Oct 2024 10:02:09 INFO 5: precision: 0.00280 | recall: 0.00751 | ndcg: 0.00492 | hit_rate: 0.01389 | map: 0.00300
Mon 14 Oct 2024 10:02:09 INFO 10: precision: 0.00285 | recall: 0.01613 | ndcg: 0.00810 | hit_rate: 0.02816 | map: 0.00416
Mon 14 Oct 2024 10:02:09 INFO 20: precision: 0.00224 | recall: 0.02549 | ndcg: 0.01079 | hit_rate: 0.04360 | map: 0.00480
Mon 14 Oct 2024 10:02:39 INFO Epoch 3, Loss: 185.10442
Mon 14 Oct 2024 10:03:18 INFO Validation Metrics:
Mon 14 Oct 2024 10:03:18 INFO 5: precision: 0.00212 | recall: 0.00953 | ndcg: 0.00599 | hit_rate: 0.01059 | map: 0.00470
Mon 14 Oct 2024 10:03:18 INFO 10: precision: 0.00178 | recall: 0.01551 | ndcg: 0.00793 | hit_rate: 0.01750 | map: 0.00546
Mon 14 Oct 2024 10:03:18 INFO 20: precision: 0.00154 | recall: 0.02693 | ndcg: 0.01085 | hit_rate: 0.03016 | map: 0.00623
Mon 14 Oct 2024 10:03:18 INFO Test Metrics:
Mon 14 Oct 2024 10:03:18 INFO 5: precision: 0.00351 | recall: 0.00982 | ndcg: 0.00699 | hit_rate: 0.01725 | map: 0.00470
Mon 14 Oct 2024 10:03:18 INFO 10: precision: 0.00285 | recall: 0.01552 | ndcg: 0.00907 | hit_rate: 0.02771 | map: 0.00543
Mon 14 Oct 2024 10:03:18 INFO 20: precision: 0.00243 | recall: 0.02683 | ndcg: 0.01234 | hit_rate: 0.04631 | map: 0.00622
Mon 14 Oct 2024 10:03:48 INFO Epoch 4, Loss: 158.62157
Mon 14 Oct 2024 10:04:28 INFO Validation Metrics:
Mon 14 Oct 2024 10:04:28 INFO 5: precision: 0.00205 | recall: 0.00951 | ndcg: 0.00633 | hit_rate: 0.01027 | map: 0.00515
Mon 14 Oct 2024 10:04:28 INFO 10: precision: 0.00185 | recall: 0.01635 | ndcg: 0.00858 | hit_rate: 0.01834 | map: 0.00604
Mon 14 Oct 2024 10:04:28 INFO 20: precision: 0.00138 | recall: 0.02336 | ndcg: 0.01046 | hit_rate: 0.02693 | map: 0.00654
Mon 14 Oct 2024 10:04:28 INFO Test Metrics:
Mon 14 Oct 2024 10:04:28 INFO 5: precision: 0.00337 | recall: 0.00965 | ndcg: 0.00726 | hit_rate: 0.01660 | map: 0.00511
Mon 14 Oct 2024 10:04:28 INFO 10: precision: 0.00282 | recall: 0.01506 | ndcg: 0.00934 | hit_rate: 0.02765 | map: 0.00582
Mon 14 Oct 2024 10:04:28 INFO 20: precision: 0.00208 | recall: 0.02202 | ndcg: 0.01142 | hit_rate: 0.03953 | map: 0.00634
Mon 14 Oct 2024 10:04:58 INFO Epoch 5, Loss: 154.65363
Mon 14 Oct 2024 10:05:38 INFO Validation Metrics:
Mon 14 Oct 2024 10:05:38 INFO 5: precision: 0.00262 | recall: 0.01053 | ndcg: 0.00671 | hit_rate: 0.01298 | map: 0.00496
Mon 14 Oct 2024 10:05:38 INFO 10: precision: 0.00201 | recall: 0.01529 | ndcg: 0.00825 | hit_rate: 0.01938 | map: 0.00555
Mon 14 Oct 2024 10:05:38 INFO 20: precision: 0.00179 | recall: 0.02754 | ndcg: 0.01143 | hit_rate: 0.03378 | map: 0.00636
Mon 14 Oct 2024 10:05:38 INFO Test Metrics:
Mon 14 Oct 2024 10:05:38 INFO 5: precision: 0.00422 | recall: 0.01044 | ndcg: 0.00808 | hit_rate: 0.02048 | map: 0.00533
Mon 14 Oct 2024 10:05:38 INFO 10: precision: 0.00327 | recall: 0.01559 | ndcg: 0.00997 | hit_rate: 0.03068 | map: 0.00601
Mon 14 Oct 2024 10:05:38 INFO 20: precision: 0.00290 | recall: 0.02834 | ndcg: 0.01375 | hit_rate: 0.05251 | map: 0.00692
Mon 14 Oct 2024 10:06:07 INFO Epoch 6, Loss: 149.37046
Mon 14 Oct 2024 10:06:46 INFO Validation Metrics:
Mon 14 Oct 2024 10:06:46 INFO 5: precision: 0.00453 | recall: 0.01756 | ndcg: 0.01216 | hit_rate: 0.02151 | map: 0.00961
Mon 14 Oct 2024 10:06:46 INFO 10: precision: 0.00369 | recall: 0.02838 | ndcg: 0.01571 | hit_rate: 0.03430 | map: 0.01100
Mon 14 Oct 2024 10:06:46 INFO 20: precision: 0.00276 | recall: 0.04212 | ndcg: 0.01945 | hit_rate: 0.04948 | map: 0.01208
Mon 14 Oct 2024 10:06:46 INFO Test Metrics:
Mon 14 Oct 2024 10:06:46 INFO 5: precision: 0.00787 | recall: 0.01926 | ndcg: 0.01509 | hit_rate: 0.03546 | map: 0.01041
Mon 14 Oct 2024 10:06:46 INFO 10: precision: 0.00614 | recall: 0.02975 | ndcg: 0.01894 | hit_rate: 0.05432 | map: 0.01184
Mon 14 Oct 2024 10:06:46 INFO 20: precision: 0.00449 | recall: 0.04345 | ndcg: 0.02317 | hit_rate: 0.07583 | map: 0.01301
Mon 14 Oct 2024 10:07:16 INFO Epoch 7, Loss: 148.42569
Mon 14 Oct 2024 10:07:56 INFO Validation Metrics:
Mon 14 Oct 2024 10:07:56 INFO 5: precision: 0.00670 | recall: 0.02672 | ndcg: 0.01786 | hit_rate: 0.03165 | map: 0.01399
Mon 14 Oct 2024 10:07:56 INFO 10: precision: 0.00560 | recall: 0.04463 | ndcg: 0.02387 | hit_rate: 0.05103 | map: 0.01653
Mon 14 Oct 2024 10:07:56 INFO 20: precision: 0.00418 | recall: 0.06620 | ndcg: 0.02957 | hit_rate: 0.07376 | map: 0.01815
Mon 14 Oct 2024 10:07:56 INFO Test Metrics:
Mon 14 Oct 2024 10:07:56 INFO 5: precision: 0.01141 | recall: 0.02732 | ndcg: 0.02192 | hit_rate: 0.04870 | map: 0.01562
Mon 14 Oct 2024 10:07:56 INFO 10: precision: 0.00936 | recall: 0.04542 | ndcg: 0.02877 | hit_rate: 0.07473 | map: 0.01862
Mon 14 Oct 2024 10:07:56 INFO 20: precision: 0.00686 | recall: 0.06618 | ndcg: 0.03516 | hit_rate: 0.10438 | map: 0.02048
Mon 14 Oct 2024 10:08:26 INFO Epoch 8, Loss: 147.95810
Mon 14 Oct 2024 10:09:05 INFO Validation Metrics:
Mon 14 Oct 2024 10:09:05 INFO 5: precision: 0.00722 | recall: 0.02915 | ndcg: 0.01853 | hit_rate: 0.03436 | map: 0.01410
Mon 14 Oct 2024 10:09:05 INFO 10: precision: 0.00571 | recall: 0.04521 | ndcg: 0.02393 | hit_rate: 0.05206 | map: 0.01636
Mon 14 Oct 2024 10:09:05 INFO 20: precision: 0.00430 | recall: 0.06816 | ndcg: 0.02997 | hit_rate: 0.07609 | map: 0.01806
Mon 14 Oct 2024 10:09:05 INFO Test Metrics:
Mon 14 Oct 2024 10:09:05 INFO 5: precision: 0.01192 | recall: 0.02872 | ndcg: 0.02232 | hit_rate: 0.05141 | map: 0.01561
Mon 14 Oct 2024 10:09:05 INFO 10: precision: 0.00920 | recall: 0.04430 | ndcg: 0.02822 | hit_rate: 0.07350 | map: 0.01823
Mon 14 Oct 2024 10:09:05 INFO 20: precision: 0.00705 | recall: 0.06829 | ndcg: 0.03557 | hit_rate: 0.10864 | map: 0.02033
Mon 14 Oct 2024 10:09:34 INFO Epoch 9, Loss: 148.10169
Mon 14 Oct 2024 10:10:15 INFO Validation Metrics:
Mon 14 Oct 2024 10:10:15 INFO 5: precision: 0.00713 | recall: 0.02856 | ndcg: 0.01899 | hit_rate: 0.03397 | map: 0.01483
Mon 14 Oct 2024 10:10:15 INFO 10: precision: 0.00581 | recall: 0.04635 | ndcg: 0.02495 | hit_rate: 0.05303 | map: 0.01736
Mon 14 Oct 2024 10:10:15 INFO 20: precision: 0.00437 | recall: 0.06937 | ndcg: 0.03104 | hit_rate: 0.07757 | map: 0.01909
Mon 14 Oct 2024 10:10:15 INFO Test Metrics:
Mon 14 Oct 2024 10:10:15 INFO 5: precision: 0.01208 | recall: 0.02917 | ndcg: 0.02298 | hit_rate: 0.05225 | map: 0.01623
Mon 14 Oct 2024 10:10:15 INFO 10: precision: 0.00969 | recall: 0.04699 | ndcg: 0.02971 | hit_rate: 0.07835 | map: 0.01915
Mon 14 Oct 2024 10:10:15 INFO 20: precision: 0.00714 | recall: 0.06884 | ndcg: 0.03641 | hit_rate: 0.10864 | map: 0.02112
Mon 14 Oct 2024 10:10:44 INFO Epoch 10, Loss: 145.35580
Mon 14 Oct 2024 10:11:23 INFO Validation Metrics:
Mon 14 Oct 2024 10:11:23 INFO 5: precision: 0.00745 | recall: 0.02976 | ndcg: 0.02012 | hit_rate: 0.03540 | map: 0.01585
Mon 14 Oct 2024 10:11:23 INFO 10: precision: 0.00628 | recall: 0.05047 | ndcg: 0.02699 | hit_rate: 0.05723 | map: 0.01874
Mon 14 Oct 2024 10:11:23 INFO 20: precision: 0.00465 | recall: 0.07453 | ndcg: 0.03333 | hit_rate: 0.08274 | map: 0.02053
Mon 14 Oct 2024 10:11:23 INFO Test Metrics:
Mon 14 Oct 2024 10:11:23 INFO 5: precision: 0.01238 | recall: 0.03005 | ndcg: 0.02415 | hit_rate: 0.05309 | map: 0.01731
Mon 14 Oct 2024 10:11:23 INFO 10: precision: 0.01045 | recall: 0.05129 | ndcg: 0.03215 | hit_rate: 0.08500 | map: 0.02067
Mon 14 Oct 2024 10:11:23 INFO 20: precision: 0.00774 | recall: 0.07564 | ndcg: 0.03960 | hit_rate: 0.11962 | map: 0.02284
Mon 14 Oct 2024 10:11:52 INFO Epoch 11, Loss: 144.52003
Mon 14 Oct 2024 10:12:32 INFO Validation Metrics:
Mon 14 Oct 2024 10:12:32 INFO 5: precision: 0.00838 | recall: 0.03396 | ndcg: 0.02285 | hit_rate: 0.03959 | map: 0.01807
Mon 14 Oct 2024 10:12:32 INFO 10: precision: 0.00673 | recall: 0.05427 | ndcg: 0.02963 | hit_rate: 0.06175 | map: 0.02092
Mon 14 Oct 2024 10:12:32 INFO 20: precision: 0.00525 | recall: 0.08490 | ndcg: 0.03770 | hit_rate: 0.09404 | map: 0.02320
Mon 14 Oct 2024 10:12:32 INFO Test Metrics:
Mon 14 Oct 2024 10:12:32 INFO 5: precision: 0.01398 | recall: 0.03483 | ndcg: 0.02757 | hit_rate: 0.06156 | map: 0.01968
Mon 14 Oct 2024 10:12:32 INFO 10: precision: 0.01132 | recall: 0.05615 | ndcg: 0.03564 | hit_rate: 0.09314 | map: 0.02310
Mon 14 Oct 2024 10:12:32 INFO 20: precision: 0.00856 | recall: 0.08508 | ndcg: 0.04445 | hit_rate: 0.13422 | map: 0.02563
Mon 14 Oct 2024 10:13:01 INFO Epoch 12, Loss: 143.30049
Mon 14 Oct 2024 10:13:40 INFO Validation Metrics:
Mon 14 Oct 2024 10:13:40 INFO 5: precision: 0.00924 | recall: 0.03793 | ndcg: 0.02546 | hit_rate: 0.04360 | map: 0.02019
Mon 14 Oct 2024 10:13:40 INFO 10: precision: 0.00748 | recall: 0.06088 | ndcg: 0.03310 | hit_rate: 0.06905 | map: 0.02335
Mon 14 Oct 2024 10:13:40 INFO 20: precision: 0.00567 | recall: 0.09194 | ndcg: 0.04127 | hit_rate: 0.10199 | map: 0.02564
Mon 14 Oct 2024 10:13:40 INFO Test Metrics:
Mon 14 Oct 2024 10:13:40 INFO 5: precision: 0.01528 | recall: 0.03847 | ndcg: 0.03038 | hit_rate: 0.06705 | map: 0.02173
Mon 14 Oct 2024 10:13:40 INFO 10: precision: 0.01227 | recall: 0.06172 | ndcg: 0.03914 | hit_rate: 0.10115 | map: 0.02543
Mon 14 Oct 2024 10:13:40 INFO 20: precision: 0.00947 | recall: 0.09498 | ndcg: 0.04926 | hit_rate: 0.14940 | map: 0.02831
Mon 14 Oct 2024 10:14:10 INFO Epoch 13, Loss: 140.23949
Mon 14 Oct 2024 10:14:49 INFO Validation Metrics:
Mon 14 Oct 2024 10:14:49 INFO 5: precision: 0.01063 | recall: 0.04464 | ndcg: 0.02980 | hit_rate: 0.05077 | map: 0.02368
Mon 14 Oct 2024 10:14:49 INFO 10: precision: 0.00838 | recall: 0.06925 | ndcg: 0.03799 | hit_rate: 0.07764 | map: 0.02710
Mon 14 Oct 2024 10:14:49 INFO 20: precision: 0.00632 | recall: 0.10363 | ndcg: 0.04704 | hit_rate: 0.11394 | map: 0.02963
Mon 14 Oct 2024 10:14:49 INFO Test Metrics:
Mon 14 Oct 2024 10:14:49 INFO 5: precision: 0.01784 | recall: 0.04613 | ndcg: 0.03636 | hit_rate: 0.07893 | map: 0.02625
Mon 14 Oct 2024 10:14:49 INFO 10: precision: 0.01406 | recall: 0.07178 | ndcg: 0.04605 | hit_rate: 0.11672 | map: 0.03033
Mon 14 Oct 2024 10:14:49 INFO 20: precision: 0.01049 | recall: 0.10691 | ndcg: 0.05663 | hit_rate: 0.16690 | map: 0.03331
Mon 14 Oct 2024 10:15:18 INFO Epoch 14, Loss: 142.91516
Mon 14 Oct 2024 10:15:58 INFO Validation Metrics:
Mon 14 Oct 2024 10:15:58 INFO 5: precision: 0.01142 | recall: 0.04787 | ndcg: 0.03212 | hit_rate: 0.05439 | map: 0.02560
Mon 14 Oct 2024 10:15:58 INFO 10: precision: 0.00891 | recall: 0.07367 | ndcg: 0.04069 | hit_rate: 0.08261 | map: 0.02917
Mon 14 Oct 2024 10:15:58 INFO 20: precision: 0.00660 | recall: 0.10816 | ndcg: 0.04974 | hit_rate: 0.11885 | map: 0.03169
Mon 14 Oct 2024 10:15:58 INFO Test Metrics:
Mon 14 Oct 2024 10:15:58 INFO 5: precision: 0.01913 | recall: 0.04947 | ndcg: 0.03878 | hit_rate: 0.08390 | map: 0.02808
Mon 14 Oct 2024 10:15:58 INFO 10: precision: 0.01469 | recall: 0.07531 | ndcg: 0.04851 | hit_rate: 0.12201 | map: 0.03219
Mon 14 Oct 2024 10:15:58 INFO 20: precision: 0.01090 | recall: 0.11074 | ndcg: 0.05923 | hit_rate: 0.17336 | map: 0.03520
Mon 14 Oct 2024 10:16:29 INFO Epoch 15, Loss: 139.86626
Mon 14 Oct 2024 10:17:12 INFO Validation Metrics:
Mon 14 Oct 2024 10:17:12 INFO 5: precision: 0.01240 | recall: 0.05227 | ndcg: 0.03454 | hit_rate: 0.05917 | map: 0.02729
Mon 14 Oct 2024 10:17:12 INFO 10: precision: 0.00959 | recall: 0.07971 | ndcg: 0.04367 | hit_rate: 0.08901 | map: 0.03110
Mon 14 Oct 2024 10:17:12 INFO 20: precision: 0.00711 | recall: 0.11622 | ndcg: 0.05330 | hit_rate: 0.12789 | map: 0.03378
Mon 14 Oct 2024 10:17:12 INFO Test Metrics:
Mon 14 Oct 2024 10:17:12 INFO 5: precision: 0.02066 | recall: 0.05399 | ndcg: 0.04188 | hit_rate: 0.09153 | map: 0.03015
Mon 14 Oct 2024 10:17:12 INFO 10: precision: 0.01575 | recall: 0.08081 | ndcg: 0.05207 | hit_rate: 0.13047 | map: 0.03450
Mon 14 Oct 2024 10:17:12 INFO 20: precision: 0.01157 | recall: 0.11768 | ndcg: 0.06324 | hit_rate: 0.18357 | map: 0.03763
Mon 14 Oct 2024 10:17:42 INFO Epoch 16, Loss: 138.92946
Mon 14 Oct 2024 10:18:26 INFO Validation Metrics:
Mon 14 Oct 2024 10:18:26 INFO 5: precision: 0.01302 | recall: 0.05479 | ndcg: 0.03674 | hit_rate: 0.06227 | map: 0.02931
Mon 14 Oct 2024 10:18:26 INFO 10: precision: 0.00984 | recall: 0.08097 | ndcg: 0.04549 | hit_rate: 0.09107 | map: 0.03296
Mon 14 Oct 2024 10:18:26 INFO 20: precision: 0.00729 | recall: 0.11879 | ndcg: 0.05548 | hit_rate: 0.13067 | map: 0.03579
Mon 14 Oct 2024 10:18:26 INFO Test Metrics:
Mon 14 Oct 2024 10:18:26 INFO 5: precision: 0.02156 | recall: 0.05617 | ndcg: 0.04393 | hit_rate: 0.09547 | map: 0.03184
Mon 14 Oct 2024 10:18:26 INFO 10: precision: 0.01663 | recall: 0.08584 | ndcg: 0.05518 | hit_rate: 0.13887 | map: 0.03659
Mon 14 Oct 2024 10:18:26 INFO 20: precision: 0.01197 | recall: 0.12104 | ndcg: 0.06595 | hit_rate: 0.18861 | map: 0.03966
Mon 14 Oct 2024 10:18:58 INFO Epoch 17, Loss: 137.00923
Mon 14 Oct 2024 10:19:42 INFO Validation Metrics:
Mon 14 Oct 2024 10:19:42 INFO 5: precision: 0.01368 | recall: 0.05724 | ndcg: 0.03875 | hit_rate: 0.06530 | map: 0.03104
Mon 14 Oct 2024 10:19:42 INFO 10: precision: 0.01019 | recall: 0.08351 | ndcg: 0.04750 | hit_rate: 0.09424 | map: 0.03468
Mon 14 Oct 2024 10:19:42 INFO 20: precision: 0.00737 | recall: 0.11998 | ndcg: 0.05711 | hit_rate: 0.13164 | map: 0.03741
Mon 14 Oct 2024 10:19:42 INFO Test Metrics:
Mon 14 Oct 2024 10:19:42 INFO 5: precision: 0.02201 | recall: 0.05763 | ndcg: 0.04564 | hit_rate: 0.09740 | map: 0.03337
Mon 14 Oct 2024 10:19:42 INFO 10: precision: 0.01676 | recall: 0.08616 | ndcg: 0.05652 | hit_rate: 0.13965 | map: 0.03795
Mon 14 Oct 2024 10:19:42 INFO 20: precision: 0.01213 | recall: 0.12253 | ndcg: 0.06764 | hit_rate: 0.19132 | map: 0.04113
Mon 14 Oct 2024 10:20:14 INFO Epoch 18, Loss: 134.01210
Mon 14 Oct 2024 10:20:55 INFO Validation Metrics:
Mon 14 Oct 2024 10:20:55 INFO 5: precision: 0.01364 | recall: 0.05693 | ndcg: 0.03925 | hit_rate: 0.06498 | map: 0.03178
Mon 14 Oct 2024 10:20:55 INFO 10: precision: 0.01035 | recall: 0.08496 | ndcg: 0.04856 | hit_rate: 0.09553 | map: 0.03565
Mon 14 Oct 2024 10:20:55 INFO 20: precision: 0.00728 | recall: 0.11846 | ndcg: 0.05739 | hit_rate: 0.12989 | map: 0.03815
Mon 14 Oct 2024 10:20:55 INFO Test Metrics:
Mon 14 Oct 2024 10:20:55 INFO 5: precision: 0.02259 | recall: 0.05892 | ndcg: 0.04662 | hit_rate: 0.09966 | map: 0.03398
Mon 14 Oct 2024 10:20:55 INFO 10: precision: 0.01703 | recall: 0.08710 | ndcg: 0.05734 | hit_rate: 0.14145 | map: 0.03851
Mon 14 Oct 2024 10:20:55 INFO 20: precision: 0.01214 | recall: 0.12241 | ndcg: 0.06816 | hit_rate: 0.19151 | map: 0.04162
Mon 14 Oct 2024 10:21:26 INFO Epoch 19, Loss: 132.95528
Mon 14 Oct 2024 10:22:07 INFO Validation Metrics:
Mon 14 Oct 2024 10:22:07 INFO 5: precision: 0.01395 | recall: 0.05779 | ndcg: 0.04013 | hit_rate: 0.06601 | map: 0.03259
Mon 14 Oct 2024 10:22:07 INFO 10: precision: 0.01044 | recall: 0.08556 | ndcg: 0.04940 | hit_rate: 0.09579 | map: 0.03651
Mon 14 Oct 2024 10:22:07 INFO 20: precision: 0.00748 | recall: 0.12172 | ndcg: 0.05888 | hit_rate: 0.13357 | map: 0.03915
Mon 14 Oct 2024 10:22:07 INFO Test Metrics:
Mon 14 Oct 2024 10:22:07 INFO 5: precision: 0.02294 | recall: 0.05954 | ndcg: 0.04746 | hit_rate: 0.10089 | map: 0.03472
Mon 14 Oct 2024 10:22:07 INFO 10: precision: 0.01706 | recall: 0.08714 | ndcg: 0.05795 | hit_rate: 0.14152 | map: 0.03918
Mon 14 Oct 2024 10:22:07 INFO 20: precision: 0.01216 | recall: 0.12311 | ndcg: 0.06890 | hit_rate: 0.19158 | map: 0.04233
Mon 14 Oct 2024 10:22:39 INFO Epoch 20, Loss: 131.27593
Mon 14 Oct 2024 10:23:21 INFO Validation Metrics:
Mon 14 Oct 2024 10:23:21 INFO 5: precision: 0.01396 | recall: 0.05756 | ndcg: 0.04020 | hit_rate: 0.06595 | map: 0.03273
Mon 14 Oct 2024 10:23:21 INFO 10: precision: 0.01023 | recall: 0.08351 | ndcg: 0.04885 | hit_rate: 0.09417 | map: 0.03638
Mon 14 Oct 2024 10:23:21 INFO 20: precision: 0.00732 | recall: 0.11846 | ndcg: 0.05811 | hit_rate: 0.12983 | map: 0.03903
Mon 14 Oct 2024 10:23:21 INFO Test Metrics:
Mon 14 Oct 2024 10:23:21 INFO 5: precision: 0.02312 | recall: 0.05999 | ndcg: 0.04813 | hit_rate: 0.10167 | map: 0.03537
Mon 14 Oct 2024 10:23:21 INFO 10: precision: 0.01704 | recall: 0.08657 | ndcg: 0.05824 | hit_rate: 0.14145 | map: 0.03967
Mon 14 Oct 2024 10:23:21 INFO 20: precision: 0.01202 | recall: 0.12092 | ndcg: 0.06868 | hit_rate: 0.18874 | map: 0.04267
Mon 14 Oct 2024 10:23:52 INFO Epoch 21, Loss: 130.66937
Mon 14 Oct 2024 10:24:31 INFO Validation Metrics:
Mon 14 Oct 2024 10:24:31 INFO 5: precision: 0.01415 | recall: 0.05859 | ndcg: 0.04091 | hit_rate: 0.06659 | map: 0.03338
Mon 14 Oct 2024 10:24:31 INFO 10: precision: 0.01032 | recall: 0.08398 | ndcg: 0.04943 | hit_rate: 0.09450 | map: 0.03696
Mon 14 Oct 2024 10:24:31 INFO 20: precision: 0.00730 | recall: 0.11783 | ndcg: 0.05837 | hit_rate: 0.12918 | map: 0.03951
Mon 14 Oct 2024 10:24:31 INFO Test Metrics:
Mon 14 Oct 2024 10:24:31 INFO 5: precision: 0.02306 | recall: 0.05935 | ndcg: 0.04795 | hit_rate: 0.10115 | map: 0.03529
Mon 14 Oct 2024 10:24:31 INFO 10: precision: 0.01701 | recall: 0.08613 | ndcg: 0.05815 | hit_rate: 0.14152 | map: 0.03959
Mon 14 Oct 2024 10:24:31 INFO 20: precision: 0.01192 | recall: 0.11901 | ndcg: 0.06817 | hit_rate: 0.18563 | map: 0.04255
