Sun 08 Feb 2026 21:53:06 INFO ============Arguments==============
Sun 08 Feb 2026 21:53:06 INFO Model: COHESION
Sun 08 Feb 2026 21:53:06 INFO data_path: sports
Sun 08 Feb 2026 21:53:06 INFO learning_rate: 0.001
Sun 08 Feb 2026 21:53:06 INFO feature_embed: 64
Sun 08 Feb 2026 21:53:06 INFO batch_size: 1024
Sun 08 Feb 2026 21:53:06 INFO aggr_mode: add
Sun 08 Feb 2026 21:53:06 INFO reg_weight: 0.001
Sun 08 Feb 2026 21:53:06 INFO dim_E: 64
Sun 08 Feb 2026 21:53:06 INFO num_epoch: 1000
Sun 08 Feb 2026 21:53:06 INFO dropout: 0.2
Sun 08 Feb 2026 21:53:06 INFO n_layers: 2
Sun 08 Feb 2026 21:53:06 INFO corDecay: 0.001
Sun 08 Feb 2026 21:53:06 INFO n_factors: 4
Sun 08 Feb 2026 21:53:06 INFO n_iterations: 3
Sun 08 Feb 2026 21:53:06 INFO cl_weight: 2.0
Sun 08 Feb 2026 21:53:06 INFO mm_layers: 2
Sun 08 Feb 2026 21:53:06 INFO ii_topk: 10
Sun 08 Feb 2026 21:53:06 INFO uu_topk: 10
Sun 08 Feb 2026 21:53:06 INFO lambda_coeff: 0.9
Sun 08 Feb 2026 21:53:06 INFO ssl_temp: 0.9
Sun 08 Feb 2026 21:53:06 INFO ssl_alpha: 0.9
Sun 08 Feb 2026 21:53:06 INFO ae_weight: 0.1
Sun 08 Feb 2026 21:53:06 INFO threshold: 0.1
Sun 08 Feb 2026 21:53:06 INFO prompt_num: 0.1
Sun 08 Feb 2026 21:53:06 INFO neg_weight: 0.1
Sun 08 Feb 2026 21:53:06 INFO cen_reg: 0.005
Sun 08 Feb 2026 21:53:06 INFO n_intents: 128
Sun 08 Feb 2026 21:53:06 INFO G_rate: 0.0001
Sun 08 Feb 2026 21:53:06 INFO align_weight: 0.1
Sun 08 Feb 2026 21:53:06 INFO mask_weight_f: 1.5
Sun 08 Feb 2026 21:53:06 INFO mask_weight_g: 0.001
Sun 08 Feb 2026 21:53:06 INFO leaky: 0.5
Sun 08 Feb 2026 21:53:06 INFO keepRate: 1.0
Sun 08 Feb 2026 21:53:06 INFO mult: 0.1
Sun 08 Feb 2026 21:53:06 INFO grid_size: 1
Sun 08 Feb 2026 21:53:06 INFO node_dropout: 0.1
Sun 08 Feb 2026 21:53:06 INFO message_dropout: 0.1
Sun 08 Feb 2026 21:53:06 INFO n_mca: 2
Sun 08 Feb 2026 21:53:06 INFO gamma: 0.5
Sun 08 Feb 2026 21:53:06 INFO t: 1.8
Sun 08 Feb 2026 21:53:06 INFO e_loss: 0.1
Sun 08 Feb 2026 21:53:06 INFO ris_lambda: 0.5
Sun 08 Feb 2026 21:53:06 INFO rebuild_k: 1
Sun 08 Feb 2026 21:53:06 INFO pnn_layer: 1
Sun 08 Feb 2026 21:53:06 INFO b2: 1
Sun 08 Feb 2026 21:53:06 INFO ctra: 0.001
Sun 08 Feb 2026 21:53:06 INFO noise_alpha: 0.3
Sun 08 Feb 2026 21:53:06 INFO ssl_temp2: 0.2
Sun 08 Feb 2026 21:53:06 INFO K_s: 1
Sun 08 Feb 2026 21:53:06 INFO T_s: 1
Sun 08 Feb 2026 21:53:06 INFO K_b: 1
Sun 08 Feb 2026 21:53:06 INFO T_b: 1
Sun 08 Feb 2026 21:53:06 INFO idl_beta: 1
Sun 08 Feb 2026 21:53:06 INFO sampling_noise: False
Sun 08 Feb 2026 21:53:06 INFO sampling_steps: 0
Sun 08 Feb 2026 21:53:06 INFO steps: 5
Sun 08 Feb 2026 21:53:06 INFO noise_scale: 0.1
Sun 08 Feb 2026 21:53:06 INFO noise_min: 0.0001
Sun 08 Feb 2026 21:53:06 INFO noise_max: 0.02
Sun 08 Feb 2026 21:53:06 INFO dims: [1000]
Sun 08 Feb 2026 21:53:06 INFO h_layers: 2
Sun 08 Feb 2026 21:53:06 INFO num_hypernodes: 10
Sun 08 Feb 2026 21:53:06 INFO beta1: 0.5
Sun 08 Feb 2026 21:53:06 INFO beta2: 0.5
Sun 08 Feb 2026 21:53:06 INFO n_ui_layers: 3
Sun 08 Feb 2026 21:53:06 INFO um_loss: 0.1
Sun 08 Feb 2026 21:53:06 INFO vt_loss: 0.1
Sun 08 Feb 2026 21:53:06 INFO seed: 42
Sun 08 Feb 2026 21:53:06 INFO num_workers: 1
Sun 08 Feb 2026 21:53:06 INFO topk: [5, 10, 20]
Sun 08 Feb 2026 21:53:06 INFO local timeŁşFeb-08-2026-21-53-06
Sun 08 Feb 2026 21:53:06 INFO =========1/8: Parameters:{'reg_weight': 0.1, 'learning_rate': 0.001, 'dropout': 0, 'n_layers': 1, 'mm_image_weight': 0.1, 'ii_topk': 10, 'mm_layers': 1}=========
Sun 08 Feb 2026 21:53:23 INFO Epoch 1, Loss: 95.03206
Sun 08 Feb 2026 21:53:25 INFO Validation Metrics:
Sun 08 Feb 2026 21:53:25 INFO 5: precision: 0.00531 | recall: 0.02523 | ndcg: 0.01648 | hit_rate: 0.02654 | map: 0.01341
Sun 08 Feb 2026 21:53:25 INFO 10: precision: 0.00445 | recall: 0.04247 | ndcg: 0.02205 | hit_rate: 0.04440 | map: 0.01566
Sun 08 Feb 2026 21:53:25 INFO 20: precision: 0.00340 | recall: 0.06459 | ndcg: 0.02768 | hit_rate: 0.06759 | map: 0.01718
Sun 08 Feb 2026 21:53:25 INFO Test Metrics:
Sun 08 Feb 2026 21:53:25 INFO 5: precision: 0.00845 | recall: 0.02476 | ndcg: 0.01877 | hit_rate: 0.04088 | map: 0.01369
Sun 08 Feb 2026 21:53:25 INFO 10: precision: 0.00688 | recall: 0.04006 | ndcg: 0.02446 | hit_rate: 0.06583 | map: 0.01580
Sun 08 Feb 2026 21:53:25 INFO 20: precision: 0.00530 | recall: 0.06145 | ndcg: 0.03073 | hit_rate: 0.09993 | map: 0.01737
Sun 08 Feb 2026 21:53:39 INFO Epoch 2, Loss: 56.79589
Sun 08 Feb 2026 21:53:41 INFO Validation Metrics:
Sun 08 Feb 2026 21:53:41 INFO 5: precision: 0.00621 | recall: 0.02958 | ndcg: 0.01914 | hit_rate: 0.03103 | map: 0.01549
Sun 08 Feb 2026 21:53:41 INFO 10: precision: 0.00495 | recall: 0.04721 | ndcg: 0.02486 | hit_rate: 0.04938 | map: 0.01781
Sun 08 Feb 2026 21:53:41 INFO 20: precision: 0.00384 | recall: 0.07307 | ndcg: 0.03140 | hit_rate: 0.07636 | map: 0.01956
Sun 08 Feb 2026 21:53:41 INFO Test Metrics:
Sun 08 Feb 2026 21:53:41 INFO 5: precision: 0.00959 | recall: 0.02830 | ndcg: 0.02111 | hit_rate: 0.04599 | map: 0.01535
Sun 08 Feb 2026 21:53:41 INFO 10: precision: 0.00768 | recall: 0.04508 | ndcg: 0.02732 | hit_rate: 0.07332 | map: 0.01764
Sun 08 Feb 2026 21:53:41 INFO 20: precision: 0.00602 | recall: 0.07026 | ndcg: 0.03463 | hit_rate: 0.11317 | map: 0.01945
Sun 08 Feb 2026 21:53:56 INFO Epoch 3, Loss: 44.54153
Sun 08 Feb 2026 21:53:57 INFO Validation Metrics:
Sun 08 Feb 2026 21:53:57 INFO 5: precision: 0.00668 | recall: 0.03190 | ndcg: 0.02074 | hit_rate: 0.03334 | map: 0.01682
Sun 08 Feb 2026 21:53:57 INFO 10: precision: 0.00538 | recall: 0.05111 | ndcg: 0.02696 | hit_rate: 0.05352 | map: 0.01934
Sun 08 Feb 2026 21:53:57 INFO 20: precision: 0.00415 | recall: 0.07869 | ndcg: 0.03399 | hit_rate: 0.08234 | map: 0.02123
Sun 08 Feb 2026 21:53:57 INFO Test Metrics:
Sun 08 Feb 2026 21:53:57 INFO 5: precision: 0.01018 | recall: 0.03034 | ndcg: 0.02243 | hit_rate: 0.04900 | map: 0.01632
Sun 08 Feb 2026 21:53:57 INFO 10: precision: 0.00816 | recall: 0.04806 | ndcg: 0.02904 | hit_rate: 0.07737 | map: 0.01881
Sun 08 Feb 2026 21:53:57 INFO 20: precision: 0.00631 | recall: 0.07379 | ndcg: 0.03655 | hit_rate: 0.11838 | map: 0.02067
Sun 08 Feb 2026 21:54:12 INFO Epoch 4, Loss: 38.49125
Sun 08 Feb 2026 21:54:13 INFO Validation Metrics:
Sun 08 Feb 2026 21:54:13 INFO 5: precision: 0.00689 | recall: 0.03269 | ndcg: 0.02126 | hit_rate: 0.03438 | map: 0.01725
Sun 08 Feb 2026 21:54:13 INFO 10: precision: 0.00560 | recall: 0.05304 | ndcg: 0.02787 | hit_rate: 0.05570 | map: 0.01993
Sun 08 Feb 2026 21:54:13 INFO 20: precision: 0.00438 | recall: 0.08324 | ndcg: 0.03553 | hit_rate: 0.08690 | map: 0.02199
Sun 08 Feb 2026 21:54:13 INFO Test Metrics:
Sun 08 Feb 2026 21:54:13 INFO 5: precision: 0.01059 | recall: 0.03142 | ndcg: 0.02367 | hit_rate: 0.05052 | map: 0.01741
Sun 08 Feb 2026 21:54:13 INFO 10: precision: 0.00855 | recall: 0.05019 | ndcg: 0.03061 | hit_rate: 0.08117 | map: 0.01995
Sun 08 Feb 2026 21:54:13 INFO 20: precision: 0.00667 | recall: 0.07760 | ndcg: 0.03862 | hit_rate: 0.12484 | map: 0.02194
Sun 08 Feb 2026 21:54:28 INFO Epoch 5, Loss: 35.67808
Sun 08 Feb 2026 21:54:29 INFO Validation Metrics:
Sun 08 Feb 2026 21:54:29 INFO 5: precision: 0.00710 | recall: 0.03388 | ndcg: 0.02220 | hit_rate: 0.03545 | map: 0.01810
Sun 08 Feb 2026 21:54:29 INFO 10: precision: 0.00570 | recall: 0.05427 | ndcg: 0.02881 | hit_rate: 0.05681 | map: 0.02078
Sun 08 Feb 2026 21:54:29 INFO 20: precision: 0.00446 | recall: 0.08469 | ndcg: 0.03653 | hit_rate: 0.08849 | map: 0.02285
Sun 08 Feb 2026 21:54:29 INFO Test Metrics:
Sun 08 Feb 2026 21:54:29 INFO 5: precision: 0.01127 | recall: 0.03372 | ndcg: 0.02483 | hit_rate: 0.05390 | map: 0.01803
Sun 08 Feb 2026 21:54:29 INFO 10: precision: 0.00889 | recall: 0.05268 | ndcg: 0.03186 | hit_rate: 0.08445 | map: 0.02065
Sun 08 Feb 2026 21:54:29 INFO 20: precision: 0.00683 | recall: 0.08007 | ndcg: 0.03984 | hit_rate: 0.12851 | map: 0.02261
Sun 08 Feb 2026 21:54:44 INFO Epoch 6, Loss: 33.41360
Sun 08 Feb 2026 21:54:46 INFO Validation Metrics:
Sun 08 Feb 2026 21:54:46 INFO 5: precision: 0.00713 | recall: 0.03421 | ndcg: 0.02170 | hit_rate: 0.03559 | map: 0.01738
Sun 08 Feb 2026 21:54:46 INFO 10: precision: 0.00571 | recall: 0.05451 | ndcg: 0.02828 | hit_rate: 0.05688 | map: 0.02003
Sun 08 Feb 2026 21:54:46 INFO 20: precision: 0.00438 | recall: 0.08342 | ndcg: 0.03564 | hit_rate: 0.08701 | map: 0.02202
Sun 08 Feb 2026 21:54:46 INFO Test Metrics:
Sun 08 Feb 2026 21:54:46 INFO 5: precision: 0.01074 | recall: 0.03211 | ndcg: 0.02327 | hit_rate: 0.05155 | map: 0.01671
Sun 08 Feb 2026 21:54:46 INFO 10: precision: 0.00861 | recall: 0.05098 | ndcg: 0.03026 | hit_rate: 0.08186 | map: 0.01930
Sun 08 Feb 2026 21:54:46 INFO 20: precision: 0.00679 | recall: 0.07985 | ndcg: 0.03866 | hit_rate: 0.12713 | map: 0.02141
Sun 08 Feb 2026 21:55:00 INFO Epoch 7, Loss: 31.91558
Sun 08 Feb 2026 21:55:02 INFO Validation Metrics:
Sun 08 Feb 2026 21:55:02 INFO 5: precision: 0.00763 | recall: 0.03642 | ndcg: 0.02402 | hit_rate: 0.03808 | map: 0.01967
Sun 08 Feb 2026 21:55:02 INFO 10: precision: 0.00602 | recall: 0.05733 | ndcg: 0.03079 | hit_rate: 0.06006 | map: 0.02240
Sun 08 Feb 2026 21:55:02 INFO 20: precision: 0.00458 | recall: 0.08693 | ndcg: 0.03829 | hit_rate: 0.09088 | map: 0.02442
Sun 08 Feb 2026 21:55:02 INFO Test Metrics:
Sun 08 Feb 2026 21:55:02 INFO 5: precision: 0.01109 | recall: 0.03314 | ndcg: 0.02464 | hit_rate: 0.05321 | map: 0.01797
Sun 08 Feb 2026 21:55:02 INFO 10: precision: 0.00904 | recall: 0.05346 | ndcg: 0.03218 | hit_rate: 0.08583 | map: 0.02078
Sun 08 Feb 2026 21:55:02 INFO 20: precision: 0.00706 | recall: 0.08308 | ndcg: 0.04078 | hit_rate: 0.13265 | map: 0.02291
Sun 08 Feb 2026 21:55:16 INFO Epoch 8, Loss: 30.39647
Sun 08 Feb 2026 21:55:17 INFO Validation Metrics:
Sun 08 Feb 2026 21:55:17 INFO 5: precision: 0.00758 | recall: 0.03618 | ndcg: 0.02392 | hit_rate: 0.03787 | map: 0.01962
Sun 08 Feb 2026 21:55:17 INFO 10: precision: 0.00614 | recall: 0.05841 | ndcg: 0.03111 | hit_rate: 0.06113 | map: 0.02252
Sun 08 Feb 2026 21:55:17 INFO 20: precision: 0.00470 | recall: 0.08929 | ndcg: 0.03899 | hit_rate: 0.09319 | map: 0.02467
Sun 08 Feb 2026 21:55:17 INFO Test Metrics:
Sun 08 Feb 2026 21:55:17 INFO 5: precision: 0.01176 | recall: 0.03503 | ndcg: 0.02605 | hit_rate: 0.05646 | map: 0.01892
Sun 08 Feb 2026 21:55:17 INFO 10: precision: 0.00941 | recall: 0.05527 | ndcg: 0.03359 | hit_rate: 0.08946 | map: 0.02171
Sun 08 Feb 2026 21:55:17 INFO 20: precision: 0.00733 | recall: 0.08589 | ndcg: 0.04248 | hit_rate: 0.13742 | map: 0.02393
Sun 08 Feb 2026 21:55:32 INFO Epoch 9, Loss: 29.50601
Sun 08 Feb 2026 21:55:33 INFO Validation Metrics:
Sun 08 Feb 2026 21:55:33 INFO 5: precision: 0.00795 | recall: 0.03766 | ndcg: 0.02484 | hit_rate: 0.03960 | map: 0.02032
Sun 08 Feb 2026 21:55:33 INFO 10: precision: 0.00623 | recall: 0.05908 | ndcg: 0.03181 | hit_rate: 0.06196 | map: 0.02317
Sun 08 Feb 2026 21:55:33 INFO 20: precision: 0.00473 | recall: 0.08958 | ndcg: 0.03956 | hit_rate: 0.09371 | map: 0.02526
Sun 08 Feb 2026 21:55:33 INFO Test Metrics:
Sun 08 Feb 2026 21:55:33 INFO 5: precision: 0.01198 | recall: 0.03547 | ndcg: 0.02641 | hit_rate: 0.05739 | map: 0.01923
Sun 08 Feb 2026 21:55:33 INFO 10: precision: 0.00968 | recall: 0.05680 | ndcg: 0.03431 | hit_rate: 0.09143 | map: 0.02217
Sun 08 Feb 2026 21:55:33 INFO 20: precision: 0.00746 | recall: 0.08702 | ndcg: 0.04314 | hit_rate: 0.13936 | map: 0.02438
Sun 08 Feb 2026 21:55:48 INFO Epoch 10, Loss: 28.81146
Sun 08 Feb 2026 21:55:49 INFO Validation Metrics:
Sun 08 Feb 2026 21:55:49 INFO 5: precision: 0.00760 | recall: 0.03610 | ndcg: 0.02346 | hit_rate: 0.03787 | map: 0.01902
Sun 08 Feb 2026 21:55:49 INFO 10: precision: 0.00612 | recall: 0.05798 | ndcg: 0.03058 | hit_rate: 0.06088 | map: 0.02192
Sun 08 Feb 2026 21:55:49 INFO 20: precision: 0.00467 | recall: 0.08851 | ndcg: 0.03835 | hit_rate: 0.09240 | map: 0.02403
Sun 08 Feb 2026 21:55:49 INFO Test Metrics:
Sun 08 Feb 2026 21:55:49 INFO 5: precision: 0.01178 | recall: 0.03487 | ndcg: 0.02543 | hit_rate: 0.05684 | map: 0.01825
Sun 08 Feb 2026 21:55:49 INFO 10: precision: 0.00944 | recall: 0.05494 | ndcg: 0.03292 | hit_rate: 0.08912 | map: 0.02107
Sun 08 Feb 2026 21:55:49 INFO 20: precision: 0.00734 | recall: 0.08624 | ndcg: 0.04193 | hit_rate: 0.13732 | map: 0.02331
Sun 08 Feb 2026 21:56:03 INFO Epoch 11, Loss: 28.13379
Sun 08 Feb 2026 21:56:05 INFO Validation Metrics:
Sun 08 Feb 2026 21:56:05 INFO 5: precision: 0.00804 | recall: 0.03796 | ndcg: 0.02463 | hit_rate: 0.04005 | map: 0.01992
Sun 08 Feb 2026 21:56:05 INFO 10: precision: 0.00644 | recall: 0.06112 | ndcg: 0.03210 | hit_rate: 0.06403 | map: 0.02294
Sun 08 Feb 2026 21:56:05 INFO 20: precision: 0.00488 | recall: 0.09286 | ndcg: 0.04014 | hit_rate: 0.09651 | map: 0.02512
Sun 08 Feb 2026 21:56:05 INFO Test Metrics:
Sun 08 Feb 2026 21:56:05 INFO 5: precision: 0.01223 | recall: 0.03639 | ndcg: 0.02644 | hit_rate: 0.05891 | map: 0.01899
Sun 08 Feb 2026 21:56:05 INFO 10: precision: 0.00962 | recall: 0.05672 | ndcg: 0.03400 | hit_rate: 0.09136 | map: 0.02183
Sun 08 Feb 2026 21:56:05 INFO 20: precision: 0.00742 | recall: 0.08681 | ndcg: 0.04279 | hit_rate: 0.13849 | map: 0.02404
Sun 08 Feb 2026 21:56:19 INFO Epoch 12, Loss: 27.20218
Sun 08 Feb 2026 21:56:21 INFO Validation Metrics:
Sun 08 Feb 2026 21:56:21 INFO 5: precision: 0.00806 | recall: 0.03838 | ndcg: 0.02508 | hit_rate: 0.04026 | map: 0.02042
Sun 08 Feb 2026 21:56:21 INFO 10: precision: 0.00625 | recall: 0.05959 | ndcg: 0.03195 | hit_rate: 0.06213 | map: 0.02322
Sun 08 Feb 2026 21:56:21 INFO 20: precision: 0.00477 | recall: 0.09060 | ndcg: 0.03985 | hit_rate: 0.09451 | map: 0.02536
Sun 08 Feb 2026 21:56:21 INFO Test Metrics:
Sun 08 Feb 2026 21:56:21 INFO 5: precision: 0.01203 | recall: 0.03587 | ndcg: 0.02671 | hit_rate: 0.05788 | map: 0.01949
Sun 08 Feb 2026 21:56:21 INFO 10: precision: 0.00961 | recall: 0.05712 | ndcg: 0.03454 | hit_rate: 0.09147 | map: 0.02241
Sun 08 Feb 2026 21:56:21 INFO 20: precision: 0.00747 | recall: 0.08764 | ndcg: 0.04344 | hit_rate: 0.13994 | map: 0.02463
Sun 08 Feb 2026 21:56:36 INFO Epoch 13, Loss: 26.81264
Sun 08 Feb 2026 21:56:37 INFO Validation Metrics:
Sun 08 Feb 2026 21:56:37 INFO 5: precision: 0.00796 | recall: 0.03811 | ndcg: 0.02445 | hit_rate: 0.03977 | map: 0.01971
Sun 08 Feb 2026 21:56:37 INFO 10: precision: 0.00629 | recall: 0.05985 | ndcg: 0.03151 | hit_rate: 0.06254 | map: 0.02257
Sun 08 Feb 2026 21:56:37 INFO 20: precision: 0.00481 | recall: 0.09152 | ndcg: 0.03955 | hit_rate: 0.09527 | map: 0.02475
Sun 08 Feb 2026 21:56:37 INFO Test Metrics:
Sun 08 Feb 2026 21:56:37 INFO 5: precision: 0.01186 | recall: 0.03525 | ndcg: 0.02566 | hit_rate: 0.05698 | map: 0.01846
Sun 08 Feb 2026 21:56:37 INFO 10: precision: 0.00956 | recall: 0.05629 | ndcg: 0.03347 | hit_rate: 0.09057 | map: 0.02137
Sun 08 Feb 2026 21:56:37 INFO 20: precision: 0.00735 | recall: 0.08611 | ndcg: 0.04216 | hit_rate: 0.13749 | map: 0.02355
Sun 08 Feb 2026 21:56:52 INFO Epoch 14, Loss: 26.07240
Sun 08 Feb 2026 21:56:54 INFO Validation Metrics:
Sun 08 Feb 2026 21:56:54 INFO 5: precision: 0.00805 | recall: 0.03838 | ndcg: 0.02536 | hit_rate: 0.04019 | map: 0.02078
Sun 08 Feb 2026 21:56:54 INFO 10: precision: 0.00642 | recall: 0.06100 | ndcg: 0.03268 | hit_rate: 0.06389 | map: 0.02374
Sun 08 Feb 2026 21:56:54 INFO 20: precision: 0.00489 | recall: 0.09282 | ndcg: 0.04075 | hit_rate: 0.09665 | map: 0.02592
Sun 08 Feb 2026 21:56:54 INFO Test Metrics:
Sun 08 Feb 2026 21:56:54 INFO 5: precision: 0.01222 | recall: 0.03647 | ndcg: 0.02731 | hit_rate: 0.05885 | map: 0.02000
Sun 08 Feb 2026 21:56:54 INFO 10: precision: 0.00973 | recall: 0.05752 | ndcg: 0.03512 | hit_rate: 0.09233 | map: 0.02292
Sun 08 Feb 2026 21:56:54 INFO 20: precision: 0.00752 | recall: 0.08818 | ndcg: 0.04406 | hit_rate: 0.14088 | map: 0.02515
Sun 08 Feb 2026 21:57:08 INFO Epoch 15, Loss: 26.07064
Sun 08 Feb 2026 21:57:10 INFO Validation Metrics:
Sun 08 Feb 2026 21:57:10 INFO 5: precision: 0.00823 | recall: 0.03903 | ndcg: 0.02540 | hit_rate: 0.04102 | map: 0.02057
Sun 08 Feb 2026 21:57:10 INFO 10: precision: 0.00648 | recall: 0.06149 | ndcg: 0.03266 | hit_rate: 0.06437 | map: 0.02351
Sun 08 Feb 2026 21:57:10 INFO 20: precision: 0.00495 | recall: 0.09378 | ndcg: 0.04087 | hit_rate: 0.09796 | map: 0.02573
Sun 08 Feb 2026 21:57:10 INFO Test Metrics:
Sun 08 Feb 2026 21:57:10 INFO 5: precision: 0.01256 | recall: 0.03763 | ndcg: 0.02779 | hit_rate: 0.06037 | map: 0.02026
Sun 08 Feb 2026 21:57:10 INFO 10: precision: 0.00978 | recall: 0.05813 | ndcg: 0.03542 | hit_rate: 0.09309 | map: 0.02312
Sun 08 Feb 2026 21:57:10 INFO 20: precision: 0.00758 | recall: 0.08912 | ndcg: 0.04446 | hit_rate: 0.14160 | map: 0.02539
Sun 08 Feb 2026 21:57:25 INFO Epoch 16, Loss: 25.67661
Sun 08 Feb 2026 21:57:26 INFO Validation Metrics:
Sun 08 Feb 2026 21:57:26 INFO 5: precision: 0.00842 | recall: 0.04014 | ndcg: 0.02598 | hit_rate: 0.04198 | map: 0.02102
Sun 08 Feb 2026 21:57:26 INFO 10: precision: 0.00652 | recall: 0.06207 | ndcg: 0.03308 | hit_rate: 0.06479 | map: 0.02391
Sun 08 Feb 2026 21:57:26 INFO 20: precision: 0.00497 | recall: 0.09447 | ndcg: 0.04132 | hit_rate: 0.09848 | map: 0.02613
Sun 08 Feb 2026 21:57:26 INFO Test Metrics:
Sun 08 Feb 2026 21:57:26 INFO 5: precision: 0.01249 | recall: 0.03761 | ndcg: 0.02750 | hit_rate: 0.06030 | map: 0.01988
Sun 08 Feb 2026 21:57:26 INFO 10: precision: 0.00984 | recall: 0.05786 | ndcg: 0.03509 | hit_rate: 0.09378 | map: 0.02268
Sun 08 Feb 2026 21:57:26 INFO 20: precision: 0.00761 | recall: 0.08924 | ndcg: 0.04422 | hit_rate: 0.14198 | map: 0.02500
Sun 08 Feb 2026 21:57:41 INFO Epoch 17, Loss: 25.33006
Sun 08 Feb 2026 21:57:43 INFO Validation Metrics:
Sun 08 Feb 2026 21:57:43 INFO 5: precision: 0.00855 | recall: 0.04066 | ndcg: 0.02685 | hit_rate: 0.04267 | map: 0.02197
Sun 08 Feb 2026 21:57:43 INFO 10: precision: 0.00674 | recall: 0.06409 | ndcg: 0.03446 | hit_rate: 0.06693 | map: 0.02507
Sun 08 Feb 2026 21:57:43 INFO 20: precision: 0.00505 | recall: 0.09596 | ndcg: 0.04256 | hit_rate: 0.10010 | map: 0.02726
Sun 08 Feb 2026 21:57:43 INFO Test Metrics:
Sun 08 Feb 2026 21:57:43 INFO 5: precision: 0.01239 | recall: 0.03719 | ndcg: 0.02780 | hit_rate: 0.05957 | map: 0.02034
Sun 08 Feb 2026 21:57:43 INFO 10: precision: 0.00997 | recall: 0.05918 | ndcg: 0.03596 | hit_rate: 0.09461 | map: 0.02339
Sun 08 Feb 2026 21:57:43 INFO 20: precision: 0.00762 | recall: 0.09008 | ndcg: 0.04493 | hit_rate: 0.14264 | map: 0.02565
Sun 08 Feb 2026 21:57:57 INFO Epoch 18, Loss: 24.80658
Sun 08 Feb 2026 21:57:59 INFO Validation Metrics:
Sun 08 Feb 2026 21:57:59 INFO 5: precision: 0.00847 | recall: 0.04048 | ndcg: 0.02648 | hit_rate: 0.04229 | map: 0.02159
Sun 08 Feb 2026 21:57:59 INFO 10: precision: 0.00650 | recall: 0.06179 | ndcg: 0.03338 | hit_rate: 0.06465 | map: 0.02438
Sun 08 Feb 2026 21:57:59 INFO 20: precision: 0.00505 | recall: 0.09578 | ndcg: 0.04202 | hit_rate: 0.09993 | map: 0.02671
Sun 08 Feb 2026 21:57:59 INFO Test Metrics:
Sun 08 Feb 2026 21:57:59 INFO 5: precision: 0.01264 | recall: 0.03780 | ndcg: 0.02786 | hit_rate: 0.06075 | map: 0.02021
Sun 08 Feb 2026 21:57:59 INFO 10: precision: 0.01009 | recall: 0.06000 | ndcg: 0.03607 | hit_rate: 0.09551 | map: 0.02330
Sun 08 Feb 2026 21:57:59 INFO 20: precision: 0.00768 | recall: 0.09037 | ndcg: 0.04496 | hit_rate: 0.14361 | map: 0.02554
Sun 08 Feb 2026 21:58:13 INFO Epoch 19, Loss: 24.13922
Sun 08 Feb 2026 21:58:15 INFO Validation Metrics:
Sun 08 Feb 2026 21:58:15 INFO 5: precision: 0.00838 | recall: 0.03978 | ndcg: 0.02629 | hit_rate: 0.04181 | map: 0.02153
Sun 08 Feb 2026 21:58:15 INFO 10: precision: 0.00660 | recall: 0.06280 | ndcg: 0.03374 | hit_rate: 0.06555 | map: 0.02456
Sun 08 Feb 2026 21:58:15 INFO 20: precision: 0.00507 | recall: 0.09644 | ndcg: 0.04226 | hit_rate: 0.10048 | map: 0.02685
Sun 08 Feb 2026 21:58:15 INFO Test Metrics:
Sun 08 Feb 2026 21:58:15 INFO 5: precision: 0.01290 | recall: 0.03868 | ndcg: 0.02853 | hit_rate: 0.06199 | map: 0.02074
Sun 08 Feb 2026 21:58:15 INFO 10: precision: 0.01014 | recall: 0.06026 | ndcg: 0.03653 | hit_rate: 0.09603 | map: 0.02376
Sun 08 Feb 2026 21:58:15 INFO 20: precision: 0.00768 | recall: 0.09035 | ndcg: 0.04531 | hit_rate: 0.14361 | map: 0.02596
Sun 08 Feb 2026 21:58:30 INFO Epoch 20, Loss: 24.35796
Sun 08 Feb 2026 21:58:31 INFO Validation Metrics:
Sun 08 Feb 2026 21:58:31 INFO 5: precision: 0.00849 | recall: 0.04039 | ndcg: 0.02657 | hit_rate: 0.04233 | map: 0.02169
Sun 08 Feb 2026 21:58:31 INFO 10: precision: 0.00661 | recall: 0.06282 | ndcg: 0.03384 | hit_rate: 0.06569 | map: 0.02464
Sun 08 Feb 2026 21:58:31 INFO 20: precision: 0.00506 | recall: 0.09603 | ndcg: 0.04227 | hit_rate: 0.10024 | map: 0.02691
Sun 08 Feb 2026 21:58:31 INFO Test Metrics:
Sun 08 Feb 2026 21:58:31 INFO 5: precision: 0.01263 | recall: 0.03745 | ndcg: 0.02797 | hit_rate: 0.06054 | map: 0.02040
Sun 08 Feb 2026 21:58:31 INFO 10: precision: 0.01020 | recall: 0.06017 | ndcg: 0.03637 | hit_rate: 0.09651 | map: 0.02353
Sun 08 Feb 2026 21:58:31 INFO 20: precision: 0.00780 | recall: 0.09143 | ndcg: 0.04545 | hit_rate: 0.14572 | map: 0.02580
Sun 08 Feb 2026 21:58:46 INFO Epoch 21, Loss: 24.03010
Sun 08 Feb 2026 21:58:48 INFO Validation Metrics:
Sun 08 Feb 2026 21:58:48 INFO 5: precision: 0.00852 | recall: 0.04061 | ndcg: 0.02691 | hit_rate: 0.04254 | map: 0.02210
Sun 08 Feb 2026 21:58:48 INFO 10: precision: 0.00665 | recall: 0.06323 | ndcg: 0.03426 | hit_rate: 0.06607 | map: 0.02509
Sun 08 Feb 2026 21:58:48 INFO 20: precision: 0.00507 | recall: 0.09644 | ndcg: 0.04265 | hit_rate: 0.10066 | map: 0.02733
Sun 08 Feb 2026 21:58:48 INFO Test Metrics:
Sun 08 Feb 2026 21:58:48 INFO 5: precision: 0.01271 | recall: 0.03768 | ndcg: 0.02748 | hit_rate: 0.06113 | map: 0.01975
Sun 08 Feb 2026 21:58:48 INFO 10: precision: 0.01009 | recall: 0.05937 | ndcg: 0.03554 | hit_rate: 0.09516 | map: 0.02280
Sun 08 Feb 2026 21:58:48 INFO 20: precision: 0.00770 | recall: 0.09027 | ndcg: 0.04453 | hit_rate: 0.14433 | map: 0.02503
Sun 08 Feb 2026 21:59:03 INFO Epoch 22, Loss: 23.91026
Sun 08 Feb 2026 21:59:04 INFO Validation Metrics:
Sun 08 Feb 2026 21:59:04 INFO 5: precision: 0.00842 | recall: 0.04005 | ndcg: 0.02648 | hit_rate: 0.04202 | map: 0.02168
Sun 08 Feb 2026 21:59:04 INFO 10: precision: 0.00667 | recall: 0.06350 | ndcg: 0.03408 | hit_rate: 0.06624 | map: 0.02478
Sun 08 Feb 2026 21:59:04 INFO 20: precision: 0.00504 | recall: 0.09571 | ndcg: 0.04223 | hit_rate: 0.09979 | map: 0.02696
Sun 08 Feb 2026 21:59:04 INFO Test Metrics:
Sun 08 Feb 2026 21:59:04 INFO 5: precision: 0.01276 | recall: 0.03800 | ndcg: 0.02828 | hit_rate: 0.06133 | map: 0.02063
Sun 08 Feb 2026 21:59:04 INFO 10: precision: 0.01024 | recall: 0.06048 | ndcg: 0.03662 | hit_rate: 0.09696 | map: 0.02376
Sun 08 Feb 2026 21:59:04 INFO 20: precision: 0.00786 | recall: 0.09215 | ndcg: 0.04581 | hit_rate: 0.14689 | map: 0.02604
Sun 08 Feb 2026 21:59:19 INFO Epoch 23, Loss: 23.54135
Sun 08 Feb 2026 21:59:20 INFO Validation Metrics:
Sun 08 Feb 2026 21:59:20 INFO 5: precision: 0.00847 | recall: 0.04039 | ndcg: 0.02660 | hit_rate: 0.04229 | map: 0.02173
Sun 08 Feb 2026 21:59:20 INFO 10: precision: 0.00670 | recall: 0.06372 | ndcg: 0.03419 | hit_rate: 0.06659 | map: 0.02483
Sun 08 Feb 2026 21:59:20 INFO 20: precision: 0.00510 | recall: 0.09671 | ndcg: 0.04254 | hit_rate: 0.10097 | map: 0.02706
Sun 08 Feb 2026 21:59:20 INFO Test Metrics:
Sun 08 Feb 2026 21:59:20 INFO 5: precision: 0.01279 | recall: 0.03818 | ndcg: 0.02860 | hit_rate: 0.06161 | map: 0.02089
Sun 08 Feb 2026 21:59:20 INFO 10: precision: 0.01027 | recall: 0.06110 | ndcg: 0.03705 | hit_rate: 0.09755 | map: 0.02407
Sun 08 Feb 2026 21:59:20 INFO 20: precision: 0.00783 | recall: 0.09204 | ndcg: 0.04610 | hit_rate: 0.14637 | map: 0.02634
Sun 08 Feb 2026 21:59:44 INFO Epoch 24, Loss: 23.52044
Sun 08 Feb 2026 21:59:48 INFO Validation Metrics:
Sun 08 Feb 2026 21:59:48 INFO 5: precision: 0.00831 | recall: 0.03961 | ndcg: 0.02604 | hit_rate: 0.04143 | map: 0.02125
Sun 08 Feb 2026 21:59:48 INFO 10: precision: 0.00667 | recall: 0.06328 | ndcg: 0.03377 | hit_rate: 0.06631 | map: 0.02441
Sun 08 Feb 2026 21:59:48 INFO 20: precision: 0.00510 | recall: 0.09660 | ndcg: 0.04226 | hit_rate: 0.10114 | map: 0.02670
Sun 08 Feb 2026 21:59:48 INFO Test Metrics:
Sun 08 Feb 2026 21:59:48 INFO 5: precision: 0.01304 | recall: 0.03854 | ndcg: 0.02902 | hit_rate: 0.06251 | map: 0.02121
Sun 08 Feb 2026 21:59:48 INFO 10: precision: 0.01035 | recall: 0.06098 | ndcg: 0.03734 | hit_rate: 0.09793 | map: 0.02434
Sun 08 Feb 2026 21:59:48 INFO 20: precision: 0.00782 | recall: 0.09179 | ndcg: 0.04631 | hit_rate: 0.14565 | map: 0.02661
