Fri 15 Mar 2024 18:55:09 INFO ============Arguments==============
Fri 15 Mar 2024 18:55:09 INFO Model: DCCF
Fri 15 Mar 2024 18:55:09 INFO data_path: beauty
Fri 15 Mar 2024 18:55:09 INFO learning_rate: 0.001
Fri 15 Mar 2024 18:55:09 INFO feature_embed: 64
Fri 15 Mar 2024 18:55:09 INFO batch_size: 1024
Fri 15 Mar 2024 18:55:09 INFO aggr_mode: add
Fri 15 Mar 2024 18:55:09 INFO reg_weight: 0.001
Fri 15 Mar 2024 18:55:09 INFO dim_E: 64
Fri 15 Mar 2024 18:55:09 INFO num_epoch: 1000
Fri 15 Mar 2024 18:55:09 INFO dropout: 0.2
Fri 15 Mar 2024 18:55:09 INFO n_layers: 2
Fri 15 Mar 2024 18:55:09 INFO corDecay: 0.001
Fri 15 Mar 2024 18:55:09 INFO n_factors: 4
Fri 15 Mar 2024 18:55:09 INFO n_iterations: 3
Fri 15 Mar 2024 18:55:09 INFO cl_weight: 2.0
Fri 15 Mar 2024 18:55:09 INFO mm_layers: 2
Fri 15 Mar 2024 18:55:09 INFO ii_topk: 10
Fri 15 Mar 2024 18:55:09 INFO uu_topk: 40
Fri 15 Mar 2024 18:55:09 INFO lambda_coeff: 0.9
Fri 15 Mar 2024 18:55:09 INFO ssl_temp: 0.9
Fri 15 Mar 2024 18:55:09 INFO ssl_alpha: 0.9
Fri 15 Mar 2024 18:55:09 INFO ae_weight: 0.1
Fri 15 Mar 2024 18:55:09 INFO threshold: 0.1
Fri 15 Mar 2024 18:55:09 INFO prompt_num: 0.1
Fri 15 Mar 2024 18:55:09 INFO neg_weight: 0.1
Fri 15 Mar 2024 18:55:09 INFO cen_reg: 0.005
Fri 15 Mar 2024 18:55:09 INFO n_intents: 128
Fri 15 Mar 2024 18:55:09 INFO seed: 42
Fri 15 Mar 2024 18:55:09 INFO num_workers: 1
Fri 15 Mar 2024 18:55:09 INFO topk: [5, 10, 20]
Fri 15 Mar 2024 18:55:09 INFO local time£ºMar-15-2024-18-55-09
Fri 15 Mar 2024 18:55:09 INFO =========1/1: Parameters:{'n_layers': 1, 'learning_rate': 0.001, 'reg_weight': 0.001, 'ssl_alpha': 0.1, 'ssl_temp': 1, 'cen_reg': 0.001, 'n_intents': 64}=========
Fri 15 Mar 2024 18:55:20 INFO Epoch 1, Loss: 564.99711
Fri 15 Mar 2024 18:55:21 INFO Validation Metrics:
Fri 15 Mar 2024 18:55:21 INFO 5: precision: 0.00964 | recall: 0.04212 | ndcg: 0.02812 | hit_rate: 0.04618 | map: 0.02267
Fri 15 Mar 2024 18:55:21 INFO 10: precision: 0.00723 | recall: 0.06200 | ndcg: 0.03475 | hit_rate: 0.06872 | map: 0.02538
Fri 15 Mar 2024 18:55:21 INFO 20: precision: 0.00544 | recall: 0.09286 | ndcg: 0.04282 | hit_rate: 0.10096 | map: 0.02765
Fri 15 Mar 2024 18:55:21 INFO Test Metrics:
Fri 15 Mar 2024 18:55:21 INFO 5: precision: 0.01606 | recall: 0.04284 | ndcg: 0.03314 | hit_rate: 0.06982 | map: 0.02446
Fri 15 Mar 2024 18:55:21 INFO 10: precision: 0.01226 | recall: 0.06438 | ndcg: 0.04138 | hit_rate: 0.10192 | map: 0.02788
Fri 15 Mar 2024 18:55:21 INFO 20: precision: 0.00909 | recall: 0.09467 | ndcg: 0.05055 | hit_rate: 0.14539 | map: 0.03048
Fri 15 Mar 2024 18:55:30 INFO Epoch 2, Loss: 536.10333
Fri 15 Mar 2024 18:55:31 INFO Validation Metrics:
Fri 15 Mar 2024 18:55:31 INFO 5: precision: 0.01074 | recall: 0.04702 | ndcg: 0.03169 | hit_rate: 0.05161 | map: 0.02574
Fri 15 Mar 2024 18:55:31 INFO 10: precision: 0.00806 | recall: 0.07022 | ndcg: 0.03932 | hit_rate: 0.07661 | map: 0.02886
Fri 15 Mar 2024 18:55:31 INFO 20: precision: 0.00590 | recall: 0.10147 | ndcg: 0.04751 | hit_rate: 0.10974 | map: 0.03116
Fri 15 Mar 2024 18:55:31 INFO Test Metrics:
Fri 15 Mar 2024 18:55:31 INFO 5: precision: 0.01761 | recall: 0.04788 | ndcg: 0.03722 | hit_rate: 0.07732 | map: 0.02768
Fri 15 Mar 2024 18:55:31 INFO 10: precision: 0.01353 | recall: 0.07215 | ndcg: 0.04646 | hit_rate: 0.11336 | map: 0.03145
Fri 15 Mar 2024 18:55:31 INFO 20: precision: 0.00989 | recall: 0.10434 | ndcg: 0.05615 | hit_rate: 0.16070 | map: 0.03415
Fri 15 Mar 2024 18:55:40 INFO Epoch 3, Loss: 523.29407
Fri 15 Mar 2024 18:55:41 INFO Validation Metrics:
Fri 15 Mar 2024 18:55:41 INFO 5: precision: 0.01076 | recall: 0.04717 | ndcg: 0.03179 | hit_rate: 0.05200 | map: 0.02572
Fri 15 Mar 2024 18:55:41 INFO 10: precision: 0.00835 | recall: 0.07217 | ndcg: 0.04007 | hit_rate: 0.07912 | map: 0.02914
Fri 15 Mar 2024 18:55:41 INFO 20: precision: 0.00617 | recall: 0.10605 | ndcg: 0.04889 | hit_rate: 0.11497 | map: 0.03158
Fri 15 Mar 2024 18:55:41 INFO Test Metrics:
Fri 15 Mar 2024 18:55:41 INFO 5: precision: 0.01771 | recall: 0.04816 | ndcg: 0.03733 | hit_rate: 0.07835 | map: 0.02759
Fri 15 Mar 2024 18:55:41 INFO 10: precision: 0.01356 | recall: 0.07233 | ndcg: 0.04663 | hit_rate: 0.11349 | map: 0.03150
Fri 15 Mar 2024 18:55:41 INFO 20: precision: 0.01013 | recall: 0.10713 | ndcg: 0.05711 | hit_rate: 0.16406 | map: 0.03441
Fri 15 Mar 2024 18:55:51 INFO Epoch 4, Loss: 516.68600
Fri 15 Mar 2024 18:55:51 INFO Validation Metrics:
Fri 15 Mar 2024 18:55:51 INFO 5: precision: 0.01075 | recall: 0.04630 | ndcg: 0.03141 | hit_rate: 0.05180 | map: 0.02542
Fri 15 Mar 2024 18:55:51 INFO 10: precision: 0.00870 | recall: 0.07536 | ndcg: 0.04093 | hit_rate: 0.08248 | map: 0.02933
Fri 15 Mar 2024 18:55:51 INFO 20: precision: 0.00623 | recall: 0.10626 | ndcg: 0.04904 | hit_rate: 0.11601 | map: 0.03160
Fri 15 Mar 2024 18:55:51 INFO Test Metrics:
Fri 15 Mar 2024 18:55:51 INFO 5: precision: 0.01778 | recall: 0.04820 | ndcg: 0.03749 | hit_rate: 0.07887 | map: 0.02771
Fri 15 Mar 2024 18:55:51 INFO 10: precision: 0.01415 | recall: 0.07568 | ndcg: 0.04793 | hit_rate: 0.11924 | map: 0.03201
Fri 15 Mar 2024 18:55:51 INFO 20: precision: 0.01041 | recall: 0.11058 | ndcg: 0.05837 | hit_rate: 0.16955 | map: 0.03490
Fri 15 Mar 2024 18:56:01 INFO Epoch 5, Loss: 512.49408
Fri 15 Mar 2024 18:56:02 INFO Validation Metrics:
Fri 15 Mar 2024 18:56:02 INFO 5: precision: 0.01083 | recall: 0.04747 | ndcg: 0.03184 | hit_rate: 0.05238 | map: 0.02574
Fri 15 Mar 2024 18:56:02 INFO 10: precision: 0.00872 | recall: 0.07515 | ndcg: 0.04103 | hit_rate: 0.08268 | map: 0.02951
Fri 15 Mar 2024 18:56:02 INFO 20: precision: 0.00651 | recall: 0.11103 | ndcg: 0.05040 | hit_rate: 0.12117 | map: 0.03209
Fri 15 Mar 2024 18:56:02 INFO Test Metrics:
Fri 15 Mar 2024 18:56:02 INFO 5: precision: 0.01809 | recall: 0.04840 | ndcg: 0.03724 | hit_rate: 0.08009 | map: 0.02715
Fri 15 Mar 2024 18:56:02 INFO 10: precision: 0.01431 | recall: 0.07602 | ndcg: 0.04772 | hit_rate: 0.12001 | map: 0.03152
Fri 15 Mar 2024 18:56:02 INFO 20: precision: 0.01051 | recall: 0.11104 | ndcg: 0.05823 | hit_rate: 0.17052 | map: 0.03443
Fri 15 Mar 2024 18:56:11 INFO Epoch 6, Loss: 509.28961
Fri 15 Mar 2024 18:56:12 INFO Validation Metrics:
Fri 15 Mar 2024 18:56:12 INFO 5: precision: 0.01085 | recall: 0.04777 | ndcg: 0.03200 | hit_rate: 0.05245 | map: 0.02589
Fri 15 Mar 2024 18:56:12 INFO 10: precision: 0.00860 | recall: 0.07485 | ndcg: 0.04095 | hit_rate: 0.08184 | map: 0.02956
Fri 15 Mar 2024 18:56:12 INFO 20: precision: 0.00636 | recall: 0.10859 | ndcg: 0.04981 | hit_rate: 0.11859 | map: 0.03201
Fri 15 Mar 2024 18:56:12 INFO Test Metrics:
Fri 15 Mar 2024 18:56:12 INFO 5: precision: 0.01823 | recall: 0.04848 | ndcg: 0.03731 | hit_rate: 0.08048 | map: 0.02723
Fri 15 Mar 2024 18:56:12 INFO 10: precision: 0.01437 | recall: 0.07670 | ndcg: 0.04788 | hit_rate: 0.12130 | map: 0.03156
Fri 15 Mar 2024 18:56:12 INFO 20: precision: 0.01028 | recall: 0.10888 | ndcg: 0.05752 | hit_rate: 0.16807 | map: 0.03421
Fri 15 Mar 2024 18:56:22 INFO Epoch 7, Loss: 506.54898
Fri 15 Mar 2024 18:56:22 INFO Validation Metrics:
Fri 15 Mar 2024 18:56:22 INFO 5: precision: 0.01079 | recall: 0.04736 | ndcg: 0.03182 | hit_rate: 0.05225 | map: 0.02579
Fri 15 Mar 2024 18:56:22 INFO 10: precision: 0.00877 | recall: 0.07594 | ndcg: 0.04132 | hit_rate: 0.08300 | map: 0.02972
Fri 15 Mar 2024 18:56:22 INFO 20: precision: 0.00649 | recall: 0.11079 | ndcg: 0.05042 | hit_rate: 0.12098 | map: 0.03221
Fri 15 Mar 2024 18:56:22 INFO Test Metrics:
Fri 15 Mar 2024 18:56:22 INFO 5: precision: 0.01801 | recall: 0.04798 | ndcg: 0.03705 | hit_rate: 0.07945 | map: 0.02715
Fri 15 Mar 2024 18:56:22 INFO 10: precision: 0.01445 | recall: 0.07707 | ndcg: 0.04803 | hit_rate: 0.12208 | map: 0.03166
Fri 15 Mar 2024 18:56:22 INFO 20: precision: 0.01047 | recall: 0.11118 | ndcg: 0.05823 | hit_rate: 0.17117 | map: 0.03446
Fri 15 Mar 2024 18:56:32 INFO Epoch 8, Loss: 503.99661
Fri 15 Mar 2024 18:56:33 INFO Validation Metrics:
Fri 15 Mar 2024 18:56:33 INFO 5: precision: 0.01121 | recall: 0.04904 | ndcg: 0.03306 | hit_rate: 0.05413 | map: 0.02683
Fri 15 Mar 2024 18:56:33 INFO 10: precision: 0.00865 | recall: 0.07461 | ndcg: 0.04156 | hit_rate: 0.08242 | map: 0.03032
Fri 15 Mar 2024 18:56:33 INFO 20: precision: 0.00640 | recall: 0.10978 | ndcg: 0.05069 | hit_rate: 0.11982 | map: 0.03282
Fri 15 Mar 2024 18:56:33 INFO Test Metrics:
Fri 15 Mar 2024 18:56:33 INFO 5: precision: 0.01834 | recall: 0.04930 | ndcg: 0.03840 | hit_rate: 0.08138 | map: 0.02840
Fri 15 Mar 2024 18:56:33 INFO 10: precision: 0.01453 | recall: 0.07775 | ndcg: 0.04912 | hit_rate: 0.12343 | map: 0.03276
Fri 15 Mar 2024 18:56:33 INFO 20: precision: 0.01043 | recall: 0.11092 | ndcg: 0.05910 | hit_rate: 0.17104 | map: 0.03554
Fri 15 Mar 2024 18:56:42 INFO Epoch 9, Loss: 501.03039
Fri 15 Mar 2024 18:56:43 INFO Validation Metrics:
Fri 15 Mar 2024 18:56:43 INFO 5: precision: 0.01156 | recall: 0.05053 | ndcg: 0.03397 | hit_rate: 0.05587 | map: 0.02749
Fri 15 Mar 2024 18:56:43 INFO 10: precision: 0.00869 | recall: 0.07497 | ndcg: 0.04206 | hit_rate: 0.08274 | map: 0.03080
Fri 15 Mar 2024 18:56:43 INFO 20: precision: 0.00627 | recall: 0.10712 | ndcg: 0.05048 | hit_rate: 0.11717 | map: 0.03312
Fri 15 Mar 2024 18:56:43 INFO Test Metrics:
Fri 15 Mar 2024 18:56:43 INFO 5: precision: 0.01878 | recall: 0.05052 | ndcg: 0.03871 | hit_rate: 0.08352 | map: 0.02828
Fri 15 Mar 2024 18:56:43 INFO 10: precision: 0.01418 | recall: 0.07653 | ndcg: 0.04846 | hit_rate: 0.12020 | map: 0.03232
Fri 15 Mar 2024 18:56:43 INFO 20: precision: 0.01031 | recall: 0.10973 | ndcg: 0.05842 | hit_rate: 0.16891 | map: 0.03504
