Thu 07 Mar 2024 16:09:34 INFO ============Arguments==============
Thu 07 Mar 2024 16:09:34 INFO Model: DCMF
Thu 07 Mar 2024 16:09:34 INFO data_path: beauty
Thu 07 Mar 2024 16:09:34 INFO learning_rate: 0.001
Thu 07 Mar 2024 16:09:34 INFO feature_embed: 64
Thu 07 Mar 2024 16:09:34 INFO batch_size: 1024
Thu 07 Mar 2024 16:09:34 INFO aggr_mode: add
Thu 07 Mar 2024 16:09:34 INFO reg_weight: 0.001
Thu 07 Mar 2024 16:09:34 INFO dim_E: 64
Thu 07 Mar 2024 16:09:34 INFO num_epoch: 1000
Thu 07 Mar 2024 16:09:34 INFO dropout: 0.2
Thu 07 Mar 2024 16:09:34 INFO n_layers: 2
Thu 07 Mar 2024 16:09:34 INFO corDecay: 0.001
Thu 07 Mar 2024 16:09:34 INFO n_factors: 4
Thu 07 Mar 2024 16:09:34 INFO n_iterations: 3
Thu 07 Mar 2024 16:09:34 INFO cl_weight: 2.0
Thu 07 Mar 2024 16:09:34 INFO mm_layers: 2
Thu 07 Mar 2024 16:09:34 INFO ii_topk: 10
Thu 07 Mar 2024 16:09:34 INFO uu_topk: 40
Thu 07 Mar 2024 16:09:34 INFO lambda_coeff: 0.9
Thu 07 Mar 2024 16:09:34 INFO ssl_temp: 0.9
Thu 07 Mar 2024 16:09:34 INFO ssl_alpha: 0.9
Thu 07 Mar 2024 16:09:34 INFO ae_weight: 0.1
Thu 07 Mar 2024 16:09:34 INFO threshold: 0.1
Thu 07 Mar 2024 16:09:34 INFO seed: 42
Thu 07 Mar 2024 16:09:34 INFO num_workers: 1
Thu 07 Mar 2024 16:09:34 INFO topk: [5, 10, 20]
Thu 07 Mar 2024 16:09:34 INFO local time£ºMar-07-2024-16-09-34
Thu 07 Mar 2024 16:09:34 INFO =========1/1: Parameters:{'learning_rate': 0.01, 'reg_weight': 0.1, 'corDecay': 0.1, 'n_factors': 4, 'ssl_temp': 0.1}=========
