Mon 08 Jan 2024 01:19:29 INFO ============Arguments==============
Mon 08 Jan 2024 01:19:29 INFO Model: DDRec
Mon 08 Jan 2024 01:19:29 INFO data_path: beauty
Mon 08 Jan 2024 01:19:29 INFO learning_rate: 0.001
Mon 08 Jan 2024 01:19:29 INFO feature_embed: 64
Mon 08 Jan 2024 01:19:29 INFO batch_size: 1024
Mon 08 Jan 2024 01:19:29 INFO aggr_mode: add
Mon 08 Jan 2024 01:19:29 INFO reg_weight: 0.001
Mon 08 Jan 2024 01:19:29 INFO dim_E: 64
Mon 08 Jan 2024 01:19:29 INFO num_epoch: 1000
Mon 08 Jan 2024 01:19:29 INFO dropout: 0.2
Mon 08 Jan 2024 01:19:29 INFO n_layers: 2
Mon 08 Jan 2024 01:19:29 INFO corDecay: 0.001
Mon 08 Jan 2024 01:19:29 INFO n_factors: 4
Mon 08 Jan 2024 01:19:29 INFO n_iterations: 3
Mon 08 Jan 2024 01:19:29 INFO cl_weight: 2.0
Mon 08 Jan 2024 01:19:29 INFO mm_layers: 2
Mon 08 Jan 2024 01:19:29 INFO ii_topk: 10
Mon 08 Jan 2024 01:19:29 INFO uu_topk: 40
Mon 08 Jan 2024 01:19:29 INFO lambda_coeff: 0.9
Mon 08 Jan 2024 01:19:29 INFO ssl_temp: 0.9
Mon 08 Jan 2024 01:19:29 INFO ssl_alpha: 0.9
Mon 08 Jan 2024 01:19:29 INFO ae_weight: 0.1
Mon 08 Jan 2024 01:19:29 INFO threshold: 0.1
Mon 08 Jan 2024 01:19:29 INFO seed: 42
Mon 08 Jan 2024 01:19:29 INFO num_workers: 1
Mon 08 Jan 2024 01:19:29 INFO topk: [5, 10, 20]
Mon 08 Jan 2024 01:19:29 INFO local time£ºJan-08-2024-01-19-29
Mon 08 Jan 2024 01:19:29 INFO =========1/1: Parameters:{'learning_rate': 0.001, 'reg_weight': 0.001, 'mm_layers': 1, 'n_layers': 2, 'threshold': 0.2, 'lambda_coeff': 0.5}=========
Mon 08 Jan 2024 01:19:35 INFO Epoch 1, Loss: 59.18041
Mon 08 Jan 2024 01:19:36 INFO Validation Metrics:
Mon 08 Jan 2024 01:19:36 INFO 5: precision: 0.00918 | recall: 0.03953 | ndcg: 0.02589 | hit_rate: 0.04399 | map: 0.02053
Mon 08 Jan 2024 01:19:36 INFO 10: precision: 0.00725 | recall: 0.06222 | ndcg: 0.03335 | hit_rate: 0.06834 | map: 0.02359
Mon 08 Jan 2024 01:19:36 INFO 20: precision: 0.00534 | recall: 0.09094 | ndcg: 0.04082 | hit_rate: 0.09902 | map: 0.02564
Mon 08 Jan 2024 01:19:36 INFO Test Metrics:
Mon 08 Jan 2024 01:19:36 INFO 5: precision: 0.01542 | recall: 0.04082 | ndcg: 0.03165 | hit_rate: 0.06711 | map: 0.02334
Mon 08 Jan 2024 01:19:36 INFO 10: precision: 0.01187 | recall: 0.06198 | ndcg: 0.03969 | hit_rate: 0.09857 | map: 0.02668
Mon 08 Jan 2024 01:19:36 INFO 20: precision: 0.00881 | recall: 0.09152 | ndcg: 0.04865 | hit_rate: 0.14061 | map: 0.02923
Mon 08 Jan 2024 01:19:40 INFO Epoch 2, Loss: 43.77962
Mon 08 Jan 2024 01:19:41 INFO Validation Metrics:
Mon 08 Jan 2024 01:19:41 INFO 5: precision: 0.00918 | recall: 0.03992 | ndcg: 0.02616 | hit_rate: 0.04450 | map: 0.02078
Mon 08 Jan 2024 01:19:41 INFO 10: precision: 0.00726 | recall: 0.06292 | ndcg: 0.03375 | hit_rate: 0.06911 | map: 0.02392
Mon 08 Jan 2024 01:19:41 INFO 20: precision: 0.00548 | recall: 0.09525 | ndcg: 0.04213 | hit_rate: 0.10348 | map: 0.02623
Mon 08 Jan 2024 01:19:41 INFO Test Metrics:
Mon 08 Jan 2024 01:19:41 INFO 5: precision: 0.01511 | recall: 0.04070 | ndcg: 0.03117 | hit_rate: 0.06685 | map: 0.02280
Mon 08 Jan 2024 01:19:41 INFO 10: precision: 0.01236 | recall: 0.06547 | ndcg: 0.04053 | hit_rate: 0.10541 | map: 0.02654
Mon 08 Jan 2024 01:19:41 INFO 20: precision: 0.00937 | recall: 0.09914 | ndcg: 0.05063 | hit_rate: 0.15340 | map: 0.02937
Mon 08 Jan 2024 01:19:45 INFO Epoch 3, Loss: 35.61267
Mon 08 Jan 2024 01:19:46 INFO Validation Metrics:
Mon 08 Jan 2024 01:19:46 INFO 5: precision: 0.00948 | recall: 0.04141 | ndcg: 0.02744 | hit_rate: 0.04592 | map: 0.02201
Mon 08 Jan 2024 01:19:46 INFO 10: precision: 0.00769 | recall: 0.06685 | ndcg: 0.03582 | hit_rate: 0.07331 | map: 0.02544
Mon 08 Jan 2024 01:19:46 INFO 20: precision: 0.00582 | recall: 0.10128 | ndcg: 0.04480 | hit_rate: 0.11006 | map: 0.02793
Mon 08 Jan 2024 01:19:46 INFO Test Metrics:
Mon 08 Jan 2024 01:19:46 INFO 5: precision: 0.01625 | recall: 0.04425 | ndcg: 0.03353 | hit_rate: 0.07260 | map: 0.02440
Mon 08 Jan 2024 01:19:46 INFO 10: precision: 0.01326 | recall: 0.07096 | ndcg: 0.04361 | hit_rate: 0.11387 | map: 0.02841
Mon 08 Jan 2024 01:19:46 INFO 20: precision: 0.00998 | recall: 0.10652 | ndcg: 0.05426 | hit_rate: 0.16632 | map: 0.03132
Mon 08 Jan 2024 01:19:50 INFO Epoch 4, Loss: 30.10289
Mon 08 Jan 2024 01:19:51 INFO Validation Metrics:
Mon 08 Jan 2024 01:19:51 INFO 5: precision: 0.00999 | recall: 0.04369 | ndcg: 0.02878 | hit_rate: 0.04857 | map: 0.02299
Mon 08 Jan 2024 01:19:51 INFO 10: precision: 0.00805 | recall: 0.07054 | ndcg: 0.03758 | hit_rate: 0.07706 | map: 0.02661
Mon 08 Jan 2024 01:19:51 INFO 20: precision: 0.00607 | recall: 0.10632 | ndcg: 0.04688 | hit_rate: 0.11504 | map: 0.02919
Mon 08 Jan 2024 01:19:51 INFO Test Metrics:
Mon 08 Jan 2024 01:19:51 INFO 5: precision: 0.01687 | recall: 0.04603 | ndcg: 0.03492 | hit_rate: 0.07505 | map: 0.02546
Mon 08 Jan 2024 01:19:51 INFO 10: precision: 0.01377 | recall: 0.07367 | ndcg: 0.04543 | hit_rate: 0.11827 | map: 0.02965
Mon 08 Jan 2024 01:19:51 INFO 20: precision: 0.01026 | recall: 0.11016 | ndcg: 0.05627 | hit_rate: 0.17097 | map: 0.03262
Mon 08 Jan 2024 01:19:55 INFO Epoch 5, Loss: 26.44528
Mon 08 Jan 2024 01:19:56 INFO Validation Metrics:
Mon 08 Jan 2024 01:19:56 INFO 5: precision: 0.01055 | recall: 0.04610 | ndcg: 0.03034 | hit_rate: 0.05109 | map: 0.02423
Mon 08 Jan 2024 01:19:56 INFO 10: precision: 0.00842 | recall: 0.07370 | ndcg: 0.03942 | hit_rate: 0.08042 | map: 0.02798
Mon 08 Jan 2024 01:19:56 INFO 20: precision: 0.00635 | recall: 0.11098 | ndcg: 0.04907 | hit_rate: 0.11995 | map: 0.03063
Mon 08 Jan 2024 01:19:56 INFO Test Metrics:
Mon 08 Jan 2024 01:19:56 INFO 5: precision: 0.01771 | recall: 0.04807 | ndcg: 0.03651 | hit_rate: 0.07880 | map: 0.02659
Mon 08 Jan 2024 01:19:56 INFO 10: precision: 0.01421 | recall: 0.07633 | ndcg: 0.04716 | hit_rate: 0.12188 | map: 0.03086
Mon 08 Jan 2024 01:19:56 INFO 20: precision: 0.01061 | recall: 0.11342 | ndcg: 0.05823 | hit_rate: 0.17659 | map: 0.03387
Mon 08 Jan 2024 01:20:00 INFO Epoch 6, Loss: 23.57710
Mon 08 Jan 2024 01:20:01 INFO Validation Metrics:
Mon 08 Jan 2024 01:20:01 INFO 5: precision: 0.01097 | recall: 0.04814 | ndcg: 0.03165 | hit_rate: 0.05322 | map: 0.02528
Mon 08 Jan 2024 01:20:01 INFO 10: precision: 0.00861 | recall: 0.07546 | ndcg: 0.04063 | hit_rate: 0.08222 | map: 0.02899
Mon 08 Jan 2024 01:20:01 INFO 20: precision: 0.00642 | recall: 0.11258 | ndcg: 0.05024 | hit_rate: 0.12143 | map: 0.03164
Mon 08 Jan 2024 01:20:01 INFO Test Metrics:
Mon 08 Jan 2024 01:20:01 INFO 5: precision: 0.01837 | recall: 0.05024 | ndcg: 0.03803 | hit_rate: 0.08190 | map: 0.02771
Mon 08 Jan 2024 01:20:01 INFO 10: precision: 0.01474 | recall: 0.07950 | ndcg: 0.04905 | hit_rate: 0.12621 | map: 0.03213
Mon 08 Jan 2024 01:20:01 INFO 20: precision: 0.01085 | recall: 0.11667 | ndcg: 0.06012 | hit_rate: 0.18073 | map: 0.03514
Mon 08 Jan 2024 01:20:06 INFO Epoch 7, Loss: 21.16864
Mon 08 Jan 2024 01:20:06 INFO Validation Metrics:
Mon 08 Jan 2024 01:20:06 INFO 5: precision: 0.01126 | recall: 0.04969 | ndcg: 0.03277 | hit_rate: 0.05477 | map: 0.02627
Mon 08 Jan 2024 01:20:06 INFO 10: precision: 0.00873 | recall: 0.07659 | ndcg: 0.04162 | hit_rate: 0.08339 | map: 0.02993
Mon 08 Jan 2024 01:20:06 INFO 20: precision: 0.00665 | recall: 0.11624 | ndcg: 0.05188 | hit_rate: 0.12557 | map: 0.03275
Mon 08 Jan 2024 01:20:06 INFO Test Metrics:
Mon 08 Jan 2024 01:20:06 INFO 5: precision: 0.01862 | recall: 0.05075 | ndcg: 0.03861 | hit_rate: 0.08319 | map: 0.02815
Mon 08 Jan 2024 01:20:06 INFO 10: precision: 0.01491 | recall: 0.08055 | ndcg: 0.04980 | hit_rate: 0.12796 | map: 0.03266
Mon 08 Jan 2024 01:20:06 INFO 20: precision: 0.01109 | recall: 0.11904 | ndcg: 0.06131 | hit_rate: 0.18421 | map: 0.03582
Mon 08 Jan 2024 01:20:11 INFO Epoch 8, Loss: 18.96736
Mon 08 Jan 2024 01:20:11 INFO Validation Metrics:
Mon 08 Jan 2024 01:20:11 INFO 5: precision: 0.01155 | recall: 0.05094 | ndcg: 0.03350 | hit_rate: 0.05607 | map: 0.02683
Mon 08 Jan 2024 01:20:11 INFO 10: precision: 0.00895 | recall: 0.07848 | ndcg: 0.04259 | hit_rate: 0.08532 | map: 0.03060
Mon 08 Jan 2024 01:20:11 INFO 20: precision: 0.00678 | recall: 0.11884 | ndcg: 0.05300 | hit_rate: 0.12808 | map: 0.03344
Mon 08 Jan 2024 01:20:11 INFO Test Metrics:
Mon 08 Jan 2024 01:20:11 INFO 5: precision: 0.01911 | recall: 0.05221 | ndcg: 0.03948 | hit_rate: 0.08571 | map: 0.02865
Mon 08 Jan 2024 01:20:11 INFO 10: precision: 0.01524 | recall: 0.08200 | ndcg: 0.05075 | hit_rate: 0.13028 | map: 0.03326
Mon 08 Jan 2024 01:20:11 INFO 20: precision: 0.01122 | recall: 0.12070 | ndcg: 0.06224 | hit_rate: 0.18602 | map: 0.03640
Mon 08 Jan 2024 01:20:16 INFO Epoch 9, Loss: 17.22432
Mon 08 Jan 2024 01:20:17 INFO Validation Metrics:
Mon 08 Jan 2024 01:20:17 INFO 5: precision: 0.01190 | recall: 0.05250 | ndcg: 0.03426 | hit_rate: 0.05768 | map: 0.02730
Mon 08 Jan 2024 01:20:17 INFO 10: precision: 0.00914 | recall: 0.08047 | ndcg: 0.04341 | hit_rate: 0.08726 | map: 0.03106
Mon 08 Jan 2024 01:20:17 INFO 20: precision: 0.00689 | recall: 0.12118 | ndcg: 0.05390 | hit_rate: 0.13041 | map: 0.03391
Mon 08 Jan 2024 01:20:17 INFO Test Metrics:
Mon 08 Jan 2024 01:20:17 INFO 5: precision: 0.01924 | recall: 0.05258 | ndcg: 0.04016 | hit_rate: 0.08636 | map: 0.02932
Mon 08 Jan 2024 01:20:17 INFO 10: precision: 0.01541 | recall: 0.08314 | ndcg: 0.05173 | hit_rate: 0.13209 | map: 0.03407
Mon 08 Jan 2024 01:20:17 INFO 20: precision: 0.01138 | recall: 0.12207 | ndcg: 0.06337 | hit_rate: 0.18899 | map: 0.03726
Mon 08 Jan 2024 01:20:21 INFO Epoch 10, Loss: 15.65795
Mon 08 Jan 2024 01:20:22 INFO Validation Metrics:
Mon 08 Jan 2024 01:20:22 INFO 5: precision: 0.01196 | recall: 0.05281 | ndcg: 0.03491 | hit_rate: 0.05794 | map: 0.02803
Mon 08 Jan 2024 01:20:22 INFO 10: precision: 0.00923 | recall: 0.08097 | ndcg: 0.04422 | hit_rate: 0.08804 | map: 0.03190
Mon 08 Jan 2024 01:20:22 INFO 20: precision: 0.00696 | recall: 0.12284 | ndcg: 0.05497 | hit_rate: 0.13177 | map: 0.03483
Mon 08 Jan 2024 01:20:22 INFO Test Metrics:
Mon 08 Jan 2024 01:20:22 INFO 5: precision: 0.01997 | recall: 0.05476 | ndcg: 0.04130 | hit_rate: 0.08946 | map: 0.03001
Mon 08 Jan 2024 01:20:22 INFO 10: precision: 0.01557 | recall: 0.08397 | ndcg: 0.05238 | hit_rate: 0.13351 | map: 0.03453
Mon 08 Jan 2024 01:20:22 INFO 20: precision: 0.01156 | recall: 0.12410 | ndcg: 0.06435 | hit_rate: 0.19222 | map: 0.03781
Mon 08 Jan 2024 01:20:26 INFO Epoch 11, Loss: 14.20767
Mon 08 Jan 2024 01:20:27 INFO Validation Metrics:
Mon 08 Jan 2024 01:20:27 INFO 5: precision: 0.01226 | recall: 0.05395 | ndcg: 0.03548 | hit_rate: 0.05949 | map: 0.02837
Mon 08 Jan 2024 01:20:27 INFO 10: precision: 0.00937 | recall: 0.08247 | ndcg: 0.04487 | hit_rate: 0.08939 | map: 0.03229
Mon 08 Jan 2024 01:20:27 INFO 20: precision: 0.00709 | recall: 0.12497 | ndcg: 0.05580 | hit_rate: 0.13409 | map: 0.03527
Mon 08 Jan 2024 01:20:27 INFO Test Metrics:
Mon 08 Jan 2024 01:20:27 INFO 5: precision: 0.02027 | recall: 0.05544 | ndcg: 0.04170 | hit_rate: 0.09082 | map: 0.03025
Mon 08 Jan 2024 01:20:27 INFO 10: precision: 0.01577 | recall: 0.08530 | ndcg: 0.05301 | hit_rate: 0.13493 | map: 0.03491
Mon 08 Jan 2024 01:20:27 INFO 20: precision: 0.01169 | recall: 0.12551 | ndcg: 0.06503 | hit_rate: 0.19442 | map: 0.03820
Mon 08 Jan 2024 01:20:31 INFO Epoch 12, Loss: 13.10540
Mon 08 Jan 2024 01:20:32 INFO Validation Metrics:
Mon 08 Jan 2024 01:20:32 INFO 5: precision: 0.01235 | recall: 0.05438 | ndcg: 0.03604 | hit_rate: 0.05981 | map: 0.02897
Mon 08 Jan 2024 01:20:32 INFO 10: precision: 0.00946 | recall: 0.08294 | ndcg: 0.04548 | hit_rate: 0.08991 | map: 0.03291
Mon 08 Jan 2024 01:20:32 INFO 20: precision: 0.00724 | recall: 0.12743 | ndcg: 0.05692 | hit_rate: 0.13667 | map: 0.03604
Mon 08 Jan 2024 01:20:32 INFO Test Metrics:
Mon 08 Jan 2024 01:20:32 INFO 5: precision: 0.02038 | recall: 0.05611 | ndcg: 0.04227 | hit_rate: 0.09178 | map: 0.03069
Mon 08 Jan 2024 01:20:32 INFO 10: precision: 0.01616 | recall: 0.08709 | ndcg: 0.05404 | hit_rate: 0.13803 | map: 0.03553
Mon 08 Jan 2024 01:20:32 INFO 20: precision: 0.01186 | recall: 0.12751 | ndcg: 0.06605 | hit_rate: 0.19662 | map: 0.03882
Mon 08 Jan 2024 01:20:36 INFO Epoch 13, Loss: 12.14281
Mon 08 Jan 2024 01:20:37 INFO Validation Metrics:
Mon 08 Jan 2024 01:20:37 INFO 5: precision: 0.01266 | recall: 0.05576 | ndcg: 0.03680 | hit_rate: 0.06117 | map: 0.02954
Mon 08 Jan 2024 01:20:37 INFO 10: precision: 0.00959 | recall: 0.08425 | ndcg: 0.04618 | hit_rate: 0.09114 | map: 0.03343
Mon 08 Jan 2024 01:20:37 INFO 20: precision: 0.00731 | recall: 0.12867 | ndcg: 0.05763 | hit_rate: 0.13784 | map: 0.03657
Mon 08 Jan 2024 01:20:37 INFO Test Metrics:
Mon 08 Jan 2024 01:20:37 INFO 5: precision: 0.02067 | recall: 0.05671 | ndcg: 0.04248 | hit_rate: 0.09282 | map: 0.03074
Mon 08 Jan 2024 01:20:37 INFO 10: precision: 0.01641 | recall: 0.08861 | ndcg: 0.05458 | hit_rate: 0.13965 | map: 0.03575
Mon 08 Jan 2024 01:20:37 INFO 20: precision: 0.01200 | recall: 0.12889 | ndcg: 0.06660 | hit_rate: 0.19817 | map: 0.03905
Mon 08 Jan 2024 01:20:42 INFO Epoch 14, Loss: 11.18515
Mon 08 Jan 2024 01:20:42 INFO Validation Metrics:
Mon 08 Jan 2024 01:20:42 INFO 5: precision: 0.01269 | recall: 0.05595 | ndcg: 0.03699 | hit_rate: 0.06156 | map: 0.02968
Mon 08 Jan 2024 01:20:42 INFO 10: precision: 0.00973 | recall: 0.08537 | ndcg: 0.04668 | hit_rate: 0.09230 | map: 0.03372
Mon 08 Jan 2024 01:20:42 INFO 20: precision: 0.00733 | recall: 0.12890 | ndcg: 0.05793 | hit_rate: 0.13816 | map: 0.03682
Mon 08 Jan 2024 01:20:42 INFO Test Metrics:
Mon 08 Jan 2024 01:20:42 INFO 5: precision: 0.02064 | recall: 0.05656 | ndcg: 0.04263 | hit_rate: 0.09288 | map: 0.03092
Mon 08 Jan 2024 01:20:42 INFO 10: precision: 0.01652 | recall: 0.08901 | ndcg: 0.05494 | hit_rate: 0.14081 | map: 0.03600
Mon 08 Jan 2024 01:20:42 INFO 20: precision: 0.01218 | recall: 0.13098 | ndcg: 0.06743 | hit_rate: 0.20140 | map: 0.03942
Mon 08 Jan 2024 01:20:47 INFO Epoch 15, Loss: 10.16459
Mon 08 Jan 2024 01:20:48 INFO Validation Metrics:
Mon 08 Jan 2024 01:20:48 INFO 5: precision: 0.01275 | recall: 0.05618 | ndcg: 0.03704 | hit_rate: 0.06181 | map: 0.02966
Mon 08 Jan 2024 01:20:48 INFO 10: precision: 0.00988 | recall: 0.08662 | ndcg: 0.04705 | hit_rate: 0.09392 | map: 0.03381
Mon 08 Jan 2024 01:20:48 INFO 20: precision: 0.00745 | recall: 0.13075 | ndcg: 0.05843 | hit_rate: 0.14010 | map: 0.03694
Mon 08 Jan 2024 01:20:48 INFO Test Metrics:
Mon 08 Jan 2024 01:20:48 INFO 5: precision: 0.02085 | recall: 0.05731 | ndcg: 0.04327 | hit_rate: 0.09366 | map: 0.03144
Mon 08 Jan 2024 01:20:48 INFO 10: precision: 0.01665 | recall: 0.08970 | ndcg: 0.05556 | hit_rate: 0.14204 | map: 0.03647
Mon 08 Jan 2024 01:20:48 INFO 20: precision: 0.01226 | recall: 0.13180 | ndcg: 0.06807 | hit_rate: 0.20204 | map: 0.03991
Mon 08 Jan 2024 01:20:52 INFO Epoch 16, Loss: 9.32810
Mon 08 Jan 2024 01:20:53 INFO Validation Metrics:
Mon 08 Jan 2024 01:20:53 INFO 5: precision: 0.01294 | recall: 0.05717 | ndcg: 0.03771 | hit_rate: 0.06265 | map: 0.03024
Mon 08 Jan 2024 01:20:53 INFO 10: precision: 0.00991 | recall: 0.08699 | ndcg: 0.04753 | hit_rate: 0.09424 | map: 0.03431
Mon 08 Jan 2024 01:20:53 INFO 20: precision: 0.00749 | recall: 0.13145 | ndcg: 0.05901 | hit_rate: 0.14087 | map: 0.03747
Mon 08 Jan 2024 01:20:53 INFO Test Metrics:
Mon 08 Jan 2024 01:20:53 INFO 5: precision: 0.02110 | recall: 0.05786 | ndcg: 0.04378 | hit_rate: 0.09469 | map: 0.03182
Mon 08 Jan 2024 01:20:53 INFO 10: precision: 0.01675 | recall: 0.09038 | ndcg: 0.05609 | hit_rate: 0.14307 | map: 0.03686
Mon 08 Jan 2024 01:20:53 INFO 20: precision: 0.01229 | recall: 0.13261 | ndcg: 0.06858 | hit_rate: 0.20282 | map: 0.04029
Mon 08 Jan 2024 01:20:57 INFO Epoch 17, Loss: 8.82063
Mon 08 Jan 2024 01:20:58 INFO Validation Metrics:
Mon 08 Jan 2024 01:20:58 INFO 5: precision: 0.01305 | recall: 0.05751 | ndcg: 0.03796 | hit_rate: 0.06298 | map: 0.03044
Mon 08 Jan 2024 01:20:58 INFO 10: precision: 0.00999 | recall: 0.08735 | ndcg: 0.04776 | hit_rate: 0.09495 | map: 0.03447
Mon 08 Jan 2024 01:20:58 INFO 20: precision: 0.00761 | recall: 0.13364 | ndcg: 0.05969 | hit_rate: 0.14294 | map: 0.03776
Mon 08 Jan 2024 01:20:58 INFO Test Metrics:
Mon 08 Jan 2024 01:20:58 INFO 5: precision: 0.02135 | recall: 0.05867 | ndcg: 0.04438 | hit_rate: 0.09592 | map: 0.03225
Mon 08 Jan 2024 01:20:58 INFO 10: precision: 0.01688 | recall: 0.09113 | ndcg: 0.05667 | hit_rate: 0.14417 | map: 0.03730
Mon 08 Jan 2024 01:20:58 INFO 20: precision: 0.01252 | recall: 0.13511 | ndcg: 0.06969 | hit_rate: 0.20592 | map: 0.04090
Mon 08 Jan 2024 01:21:02 INFO Epoch 18, Loss: 8.12107
Mon 08 Jan 2024 01:21:03 INFO Validation Metrics:
Mon 08 Jan 2024 01:21:03 INFO 5: precision: 0.01319 | recall: 0.05826 | ndcg: 0.03861 | hit_rate: 0.06369 | map: 0.03104
Mon 08 Jan 2024 01:21:03 INFO 10: precision: 0.01004 | recall: 0.08809 | ndcg: 0.04842 | hit_rate: 0.09572 | map: 0.03509
Mon 08 Jan 2024 01:21:03 INFO 20: precision: 0.00761 | recall: 0.13381 | ndcg: 0.06024 | hit_rate: 0.14313 | map: 0.03836
Mon 08 Jan 2024 01:21:03 INFO Test Metrics:
Mon 08 Jan 2024 01:21:03 INFO 5: precision: 0.02135 | recall: 0.05879 | ndcg: 0.04460 | hit_rate: 0.09566 | map: 0.03252
Mon 08 Jan 2024 01:21:03 INFO 10: precision: 0.01693 | recall: 0.09151 | ndcg: 0.05704 | hit_rate: 0.14481 | map: 0.03761
Mon 08 Jan 2024 01:21:03 INFO 20: precision: 0.01262 | recall: 0.13621 | ndcg: 0.07030 | hit_rate: 0.20798 | map: 0.04127
Mon 08 Jan 2024 01:21:08 INFO Epoch 19, Loss: 7.63407
Mon 08 Jan 2024 01:21:08 INFO Validation Metrics:
Mon 08 Jan 2024 01:21:08 INFO 5: precision: 0.01324 | recall: 0.05847 | ndcg: 0.03887 | hit_rate: 0.06407 | map: 0.03133
Mon 08 Jan 2024 01:21:08 INFO 10: precision: 0.01014 | recall: 0.08889 | ndcg: 0.04891 | hit_rate: 0.09631 | map: 0.03550
Mon 08 Jan 2024 01:21:08 INFO 20: precision: 0.00772 | recall: 0.13567 | ndcg: 0.06098 | hit_rate: 0.14514 | map: 0.03882
Mon 08 Jan 2024 01:21:08 INFO Test Metrics:
Mon 08 Jan 2024 01:21:08 INFO 5: precision: 0.02155 | recall: 0.05928 | ndcg: 0.04490 | hit_rate: 0.09643 | map: 0.03270
Mon 08 Jan 2024 01:21:08 INFO 10: precision: 0.01701 | recall: 0.09201 | ndcg: 0.05731 | hit_rate: 0.14514 | map: 0.03779
Mon 08 Jan 2024 01:21:08 INFO 20: precision: 0.01270 | recall: 0.13726 | ndcg: 0.07074 | hit_rate: 0.20940 | map: 0.04151
Mon 08 Jan 2024 01:21:13 INFO Epoch 20, Loss: 7.22764
Mon 08 Jan 2024 01:21:14 INFO Validation Metrics:
Mon 08 Jan 2024 01:21:14 INFO 5: precision: 0.01318 | recall: 0.05840 | ndcg: 0.03889 | hit_rate: 0.06388 | map: 0.03135
Mon 08 Jan 2024 01:21:14 INFO 10: precision: 0.01041 | recall: 0.09141 | ndcg: 0.04977 | hit_rate: 0.09902 | map: 0.03586
Mon 08 Jan 2024 01:21:14 INFO 20: precision: 0.00777 | recall: 0.13669 | ndcg: 0.06141 | hit_rate: 0.14611 | map: 0.03905
Mon 08 Jan 2024 01:21:14 INFO Test Metrics:
Mon 08 Jan 2024 01:21:14 INFO 5: precision: 0.02156 | recall: 0.05939 | ndcg: 0.04516 | hit_rate: 0.09682 | map: 0.03290
Mon 08 Jan 2024 01:21:14 INFO 10: precision: 0.01721 | recall: 0.09309 | ndcg: 0.05791 | hit_rate: 0.14720 | map: 0.03811
Mon 08 Jan 2024 01:21:14 INFO 20: precision: 0.01282 | recall: 0.13912 | ndcg: 0.07150 | hit_rate: 0.21218 | map: 0.04185
Mon 08 Jan 2024 01:21:18 INFO Epoch 21, Loss: 6.69339
Mon 08 Jan 2024 01:21:19 INFO Validation Metrics:
Mon 08 Jan 2024 01:21:19 INFO 5: precision: 0.01328 | recall: 0.05872 | ndcg: 0.03880 | hit_rate: 0.06420 | map: 0.03113
Mon 08 Jan 2024 01:21:19 INFO 10: precision: 0.01039 | recall: 0.09120 | ndcg: 0.04956 | hit_rate: 0.09895 | map: 0.03562
Mon 08 Jan 2024 01:21:19 INFO 20: precision: 0.00781 | recall: 0.13741 | ndcg: 0.06148 | hit_rate: 0.14707 | map: 0.03890
Mon 08 Jan 2024 01:21:19 INFO Test Metrics:
Mon 08 Jan 2024 01:21:19 INFO 5: precision: 0.02178 | recall: 0.05992 | ndcg: 0.04533 | hit_rate: 0.09747 | map: 0.03290
Mon 08 Jan 2024 01:21:19 INFO 10: precision: 0.01717 | recall: 0.09295 | ndcg: 0.05782 | hit_rate: 0.14707 | map: 0.03800
Mon 08 Jan 2024 01:21:19 INFO 20: precision: 0.01292 | recall: 0.13978 | ndcg: 0.07173 | hit_rate: 0.21283 | map: 0.04187
Mon 08 Jan 2024 01:21:23 INFO Epoch 22, Loss: 6.23599
Mon 08 Jan 2024 01:21:24 INFO Validation Metrics:
Mon 08 Jan 2024 01:21:24 INFO 5: precision: 0.01351 | recall: 0.05962 | ndcg: 0.03931 | hit_rate: 0.06524 | map: 0.03152
Mon 08 Jan 2024 01:21:24 INFO 10: precision: 0.01051 | recall: 0.09246 | ndcg: 0.05013 | hit_rate: 0.10005 | map: 0.03600
Mon 08 Jan 2024 01:21:24 INFO 20: precision: 0.00786 | recall: 0.13823 | ndcg: 0.06192 | hit_rate: 0.14778 | map: 0.03925
Mon 08 Jan 2024 01:21:24 INFO Test Metrics:
Mon 08 Jan 2024 01:21:24 INFO 5: precision: 0.02196 | recall: 0.06047 | ndcg: 0.04579 | hit_rate: 0.09831 | map: 0.03328
Mon 08 Jan 2024 01:21:24 INFO 10: precision: 0.01731 | recall: 0.09410 | ndcg: 0.05845 | hit_rate: 0.14856 | map: 0.03844
Mon 08 Jan 2024 01:21:24 INFO 20: precision: 0.01301 | recall: 0.14086 | ndcg: 0.07238 | hit_rate: 0.21367 | map: 0.04235
Mon 08 Jan 2024 01:21:28 INFO Epoch 23, Loss: 5.92728
Mon 08 Jan 2024 01:21:29 INFO Validation Metrics:
Mon 08 Jan 2024 01:21:29 INFO 5: precision: 0.01372 | recall: 0.06057 | ndcg: 0.03984 | hit_rate: 0.06627 | map: 0.03192
Mon 08 Jan 2024 01:21:29 INFO 10: precision: 0.01064 | recall: 0.09362 | ndcg: 0.05071 | hit_rate: 0.10141 | map: 0.03641
Mon 08 Jan 2024 01:21:29 INFO 20: precision: 0.00793 | recall: 0.13945 | ndcg: 0.06252 | hit_rate: 0.14921 | map: 0.03966
Mon 08 Jan 2024 01:21:29 INFO Test Metrics:
Mon 08 Jan 2024 01:21:29 INFO 5: precision: 0.02227 | recall: 0.06139 | ndcg: 0.04655 | hit_rate: 0.09953 | map: 0.03379
Mon 08 Jan 2024 01:21:29 INFO 10: precision: 0.01754 | recall: 0.09541 | ndcg: 0.05933 | hit_rate: 0.15063 | map: 0.03898
Mon 08 Jan 2024 01:21:29 INFO 20: precision: 0.01307 | recall: 0.14168 | ndcg: 0.07310 | hit_rate: 0.21541 | map: 0.04283
Mon 08 Jan 2024 01:21:33 INFO Epoch 24, Loss: 5.53188
Mon 08 Jan 2024 01:21:34 INFO Validation Metrics:
Mon 08 Jan 2024 01:21:34 INFO 5: precision: 0.01374 | recall: 0.06069 | ndcg: 0.03995 | hit_rate: 0.06640 | map: 0.03201
Mon 08 Jan 2024 01:21:34 INFO 10: precision: 0.01063 | recall: 0.09362 | ndcg: 0.05080 | hit_rate: 0.10134 | map: 0.03651
Mon 08 Jan 2024 01:21:34 INFO 20: precision: 0.00801 | recall: 0.14103 | ndcg: 0.06301 | hit_rate: 0.15063 | map: 0.03988
Mon 08 Jan 2024 01:21:34 INFO Test Metrics:
Mon 08 Jan 2024 01:21:34 INFO 5: precision: 0.02262 | recall: 0.06220 | ndcg: 0.04713 | hit_rate: 0.10109 | map: 0.03422
Mon 08 Jan 2024 01:21:34 INFO 10: precision: 0.01768 | recall: 0.09614 | ndcg: 0.05986 | hit_rate: 0.15160 | map: 0.03941
Mon 08 Jan 2024 01:21:34 INFO 20: precision: 0.01325 | recall: 0.14352 | ndcg: 0.07395 | hit_rate: 0.21793 | map: 0.04333
Mon 08 Jan 2024 01:21:39 INFO Epoch 25, Loss: 5.23030
Mon 08 Jan 2024 01:21:39 INFO Validation Metrics:
Mon 08 Jan 2024 01:21:39 INFO 5: precision: 0.01377 | recall: 0.06098 | ndcg: 0.04041 | hit_rate: 0.06672 | map: 0.03251
Mon 08 Jan 2024 01:21:39 INFO 10: precision: 0.01067 | recall: 0.09417 | ndcg: 0.05134 | hit_rate: 0.10186 | map: 0.03705
Mon 08 Jan 2024 01:21:39 INFO 20: precision: 0.00804 | recall: 0.14135 | ndcg: 0.06351 | hit_rate: 0.15088 | map: 0.04040
Mon 08 Jan 2024 01:21:39 INFO Test Metrics:
Mon 08 Jan 2024 01:21:39 INFO 5: precision: 0.02263 | recall: 0.06243 | ndcg: 0.04719 | hit_rate: 0.10147 | map: 0.03426
Mon 08 Jan 2024 01:21:39 INFO 10: precision: 0.01773 | recall: 0.09633 | ndcg: 0.05995 | hit_rate: 0.15153 | map: 0.03950
Mon 08 Jan 2024 01:21:39 INFO 20: precision: 0.01326 | recall: 0.14369 | ndcg: 0.07403 | hit_rate: 0.21890 | map: 0.04339
Mon 08 Jan 2024 01:21:44 INFO Epoch 26, Loss: 4.95596
Mon 08 Jan 2024 01:21:44 INFO Validation Metrics:
Mon 08 Jan 2024 01:21:44 INFO 5: precision: 0.01384 | recall: 0.06134 | ndcg: 0.04030 | hit_rate: 0.06711 | map: 0.03222
Mon 08 Jan 2024 01:21:44 INFO 10: precision: 0.01075 | recall: 0.09509 | ndcg: 0.05138 | hit_rate: 0.10283 | map: 0.03680
Mon 08 Jan 2024 01:21:44 INFO 20: precision: 0.00805 | recall: 0.14126 | ndcg: 0.06331 | hit_rate: 0.15114 | map: 0.04009
Mon 08 Jan 2024 01:21:44 INFO Test Metrics:
Mon 08 Jan 2024 01:21:44 INFO 5: precision: 0.02274 | recall: 0.06242 | ndcg: 0.04710 | hit_rate: 0.10186 | map: 0.03411
Mon 08 Jan 2024 01:21:44 INFO 10: precision: 0.01780 | recall: 0.09690 | ndcg: 0.06004 | hit_rate: 0.15269 | map: 0.03941
Mon 08 Jan 2024 01:21:44 INFO 20: precision: 0.01328 | recall: 0.14393 | ndcg: 0.07402 | hit_rate: 0.21890 | map: 0.04330
Mon 08 Jan 2024 01:21:49 INFO Epoch 27, Loss: 4.60595
Mon 08 Jan 2024 01:21:50 INFO Validation Metrics:
Mon 08 Jan 2024 01:21:50 INFO 5: precision: 0.01394 | recall: 0.06178 | ndcg: 0.04064 | hit_rate: 0.06756 | map: 0.03250
Mon 08 Jan 2024 01:21:50 INFO 10: precision: 0.01079 | recall: 0.09512 | ndcg: 0.05162 | hit_rate: 0.10315 | map: 0.03705
Mon 08 Jan 2024 01:21:50 INFO 20: precision: 0.00819 | recall: 0.14343 | ndcg: 0.06408 | hit_rate: 0.15334 | map: 0.04047
Mon 08 Jan 2024 01:21:50 INFO Test Metrics:
Mon 08 Jan 2024 01:21:50 INFO 5: precision: 0.02308 | recall: 0.06335 | ndcg: 0.04748 | hit_rate: 0.10289 | map: 0.03432
Mon 08 Jan 2024 01:21:50 INFO 10: precision: 0.01798 | recall: 0.09807 | ndcg: 0.06041 | hit_rate: 0.15418 | map: 0.03956
Mon 08 Jan 2024 01:21:50 INFO 20: precision: 0.01338 | recall: 0.14500 | ndcg: 0.07434 | hit_rate: 0.22058 | map: 0.04341
Mon 08 Jan 2024 01:21:54 INFO Epoch 28, Loss: 4.46571
Mon 08 Jan 2024 01:21:55 INFO Validation Metrics:
Mon 08 Jan 2024 01:21:55 INFO 5: precision: 0.01406 | recall: 0.06182 | ndcg: 0.04069 | hit_rate: 0.06795 | map: 0.03248
Mon 08 Jan 2024 01:21:55 INFO 10: precision: 0.01077 | recall: 0.09496 | ndcg: 0.05159 | hit_rate: 0.10296 | map: 0.03702
Mon 08 Jan 2024 01:21:55 INFO 20: precision: 0.00814 | recall: 0.14247 | ndcg: 0.06388 | hit_rate: 0.15295 | map: 0.04040
Mon 08 Jan 2024 01:21:55 INFO Test Metrics:
Mon 08 Jan 2024 01:21:55 INFO 5: precision: 0.02311 | recall: 0.06331 | ndcg: 0.04784 | hit_rate: 0.10322 | map: 0.03466
Mon 08 Jan 2024 01:21:55 INFO 10: precision: 0.01800 | recall: 0.09767 | ndcg: 0.06074 | hit_rate: 0.15411 | map: 0.03995
Mon 08 Jan 2024 01:21:55 INFO 20: precision: 0.01345 | recall: 0.14567 | ndcg: 0.07496 | hit_rate: 0.22142 | map: 0.04388
Mon 08 Jan 2024 01:21:59 INFO Epoch 29, Loss: 4.21226
Mon 08 Jan 2024 01:22:00 INFO Validation Metrics:
Mon 08 Jan 2024 01:22:00 INFO 5: precision: 0.01422 | recall: 0.06290 | ndcg: 0.04116 | hit_rate: 0.06892 | map: 0.03282
Mon 08 Jan 2024 01:22:00 INFO 10: precision: 0.01103 | recall: 0.09705 | ndcg: 0.05239 | hit_rate: 0.10522 | map: 0.03747
Mon 08 Jan 2024 01:22:00 INFO 20: precision: 0.00819 | recall: 0.14347 | ndcg: 0.06436 | hit_rate: 0.15399 | map: 0.04075
Mon 08 Jan 2024 01:22:00 INFO Test Metrics:
Mon 08 Jan 2024 01:22:00 INFO 5: precision: 0.02314 | recall: 0.06335 | ndcg: 0.04810 | hit_rate: 0.10335 | map: 0.03495
Mon 08 Jan 2024 01:22:00 INFO 10: precision: 0.01804 | recall: 0.09794 | ndcg: 0.06112 | hit_rate: 0.15411 | map: 0.04033
Mon 08 Jan 2024 01:22:00 INFO 20: precision: 0.01348 | recall: 0.14604 | ndcg: 0.07538 | hit_rate: 0.22187 | map: 0.04428
Mon 08 Jan 2024 01:22:05 INFO Epoch 30, Loss: 4.13064
Mon 08 Jan 2024 01:22:06 INFO Validation Metrics:
Mon 08 Jan 2024 01:22:06 INFO 5: precision: 0.01427 | recall: 0.06349 | ndcg: 0.04171 | hit_rate: 0.06918 | map: 0.03335
Mon 08 Jan 2024 01:22:06 INFO 10: precision: 0.01101 | recall: 0.09655 | ndcg: 0.05263 | hit_rate: 0.10515 | map: 0.03786
Mon 08 Jan 2024 01:22:06 INFO 20: precision: 0.00823 | recall: 0.14391 | ndcg: 0.06485 | hit_rate: 0.15431 | map: 0.04123
Mon 08 Jan 2024 01:22:06 INFO Test Metrics:
Mon 08 Jan 2024 01:22:06 INFO 5: precision: 0.02333 | recall: 0.06419 | ndcg: 0.04875 | hit_rate: 0.10419 | map: 0.03553
Mon 08 Jan 2024 01:22:06 INFO 10: precision: 0.01800 | recall: 0.09787 | ndcg: 0.06146 | hit_rate: 0.15379 | map: 0.04077
Mon 08 Jan 2024 01:22:06 INFO 20: precision: 0.01351 | recall: 0.14659 | ndcg: 0.07590 | hit_rate: 0.22258 | map: 0.04477
Mon 08 Jan 2024 01:22:10 INFO Epoch 31, Loss: 3.90901
Mon 08 Jan 2024 01:22:11 INFO Validation Metrics:
Mon 08 Jan 2024 01:22:11 INFO 5: precision: 0.01431 | recall: 0.06352 | ndcg: 0.04187 | hit_rate: 0.06950 | map: 0.03355
Mon 08 Jan 2024 01:22:11 INFO 10: precision: 0.01097 | recall: 0.09647 | ndcg: 0.05274 | hit_rate: 0.10483 | map: 0.03805
Mon 08 Jan 2024 01:22:11 INFO 20: precision: 0.00824 | recall: 0.14389 | ndcg: 0.06500 | hit_rate: 0.15450 | map: 0.04143
Mon 08 Jan 2024 01:22:11 INFO Test Metrics:
Mon 08 Jan 2024 01:22:11 INFO 5: precision: 0.02338 | recall: 0.06432 | ndcg: 0.04887 | hit_rate: 0.10425 | map: 0.03567
Mon 08 Jan 2024 01:22:11 INFO 10: precision: 0.01812 | recall: 0.09850 | ndcg: 0.06176 | hit_rate: 0.15476 | map: 0.04097
Mon 08 Jan 2024 01:22:11 INFO 20: precision: 0.01360 | recall: 0.14705 | ndcg: 0.07622 | hit_rate: 0.22349 | map: 0.04499
Mon 08 Jan 2024 01:22:15 INFO Epoch 32, Loss: 3.76763
Mon 08 Jan 2024 01:22:16 INFO Validation Metrics:
Mon 08 Jan 2024 01:22:16 INFO 5: precision: 0.01453 | recall: 0.06426 | ndcg: 0.04185 | hit_rate: 0.07053 | map: 0.03326
Mon 08 Jan 2024 01:22:16 INFO 10: precision: 0.01103 | recall: 0.09674 | ndcg: 0.05258 | hit_rate: 0.10522 | map: 0.03773
Mon 08 Jan 2024 01:22:16 INFO 20: precision: 0.00830 | recall: 0.14498 | ndcg: 0.06507 | hit_rate: 0.15541 | map: 0.04118
Mon 08 Jan 2024 01:22:16 INFO Test Metrics:
Mon 08 Jan 2024 01:22:16 INFO 5: precision: 0.02334 | recall: 0.06410 | ndcg: 0.04873 | hit_rate: 0.10406 | map: 0.03557
Mon 08 Jan 2024 01:22:16 INFO 10: precision: 0.01813 | recall: 0.09859 | ndcg: 0.06175 | hit_rate: 0.15450 | map: 0.04094
Mon 08 Jan 2024 01:22:16 INFO 20: precision: 0.01362 | recall: 0.14678 | ndcg: 0.07617 | hit_rate: 0.22336 | map: 0.04496
Mon 08 Jan 2024 01:22:20 INFO Epoch 33, Loss: 3.50680
Mon 08 Jan 2024 01:22:21 INFO Validation Metrics:
Mon 08 Jan 2024 01:22:21 INFO 5: precision: 0.01451 | recall: 0.06427 | ndcg: 0.04183 | hit_rate: 0.07028 | map: 0.03322
Mon 08 Jan 2024 01:22:21 INFO 10: precision: 0.01102 | recall: 0.09673 | ndcg: 0.05259 | hit_rate: 0.10528 | map: 0.03770
Mon 08 Jan 2024 01:22:21 INFO 20: precision: 0.00831 | recall: 0.14506 | ndcg: 0.06514 | hit_rate: 0.15560 | map: 0.04119
Mon 08 Jan 2024 01:22:21 INFO Test Metrics:
Mon 08 Jan 2024 01:22:21 INFO 5: precision: 0.02368 | recall: 0.06523 | ndcg: 0.04919 | hit_rate: 0.10535 | map: 0.03579
Mon 08 Jan 2024 01:22:21 INFO 10: precision: 0.01823 | recall: 0.09909 | ndcg: 0.06197 | hit_rate: 0.15515 | map: 0.04105
Mon 08 Jan 2024 01:22:21 INFO 20: precision: 0.01362 | recall: 0.14652 | ndcg: 0.07618 | hit_rate: 0.22232 | map: 0.04501
Mon 08 Jan 2024 01:22:25 INFO Epoch 34, Loss: 3.26393
Mon 08 Jan 2024 01:22:26 INFO Validation Metrics:
Mon 08 Jan 2024 01:22:26 INFO 5: precision: 0.01465 | recall: 0.06510 | ndcg: 0.04234 | hit_rate: 0.07092 | map: 0.03367
Mon 08 Jan 2024 01:22:26 INFO 10: precision: 0.01115 | recall: 0.09803 | ndcg: 0.05317 | hit_rate: 0.10638 | map: 0.03812
Mon 08 Jan 2024 01:22:26 INFO 20: precision: 0.00834 | recall: 0.14586 | ndcg: 0.06554 | hit_rate: 0.15657 | map: 0.04153
Mon 08 Jan 2024 01:22:26 INFO Test Metrics:
Mon 08 Jan 2024 01:22:26 INFO 5: precision: 0.02372 | recall: 0.06537 | ndcg: 0.04929 | hit_rate: 0.10548 | map: 0.03587
Mon 08 Jan 2024 01:22:26 INFO 10: precision: 0.01832 | recall: 0.09986 | ndcg: 0.06230 | hit_rate: 0.15605 | map: 0.04125
Mon 08 Jan 2024 01:22:26 INFO 20: precision: 0.01373 | recall: 0.14787 | ndcg: 0.07665 | hit_rate: 0.22426 | map: 0.04522
Mon 08 Jan 2024 01:22:31 INFO Epoch 35, Loss: 3.18311
Mon 08 Jan 2024 01:22:31 INFO Validation Metrics:
Mon 08 Jan 2024 01:22:31 INFO 5: precision: 0.01458 | recall: 0.06440 | ndcg: 0.04206 | hit_rate: 0.07060 | map: 0.03348
Mon 08 Jan 2024 01:22:31 INFO 10: precision: 0.01122 | recall: 0.09833 | ndcg: 0.05327 | hit_rate: 0.10729 | map: 0.03813
Mon 08 Jan 2024 01:22:31 INFO 20: precision: 0.00841 | recall: 0.14683 | ndcg: 0.06579 | hit_rate: 0.15754 | map: 0.04159
Mon 08 Jan 2024 01:22:31 INFO Test Metrics:
Mon 08 Jan 2024 01:22:31 INFO 5: precision: 0.02383 | recall: 0.06554 | ndcg: 0.04952 | hit_rate: 0.10580 | map: 0.03607
Mon 08 Jan 2024 01:22:31 INFO 10: precision: 0.01836 | recall: 0.10019 | ndcg: 0.06255 | hit_rate: 0.15663 | map: 0.04144
Mon 08 Jan 2024 01:22:31 INFO 20: precision: 0.01372 | recall: 0.14777 | ndcg: 0.07680 | hit_rate: 0.22394 | map: 0.04541
Mon 08 Jan 2024 01:22:36 INFO Epoch 36, Loss: 3.08709
Mon 08 Jan 2024 01:22:36 INFO Validation Metrics:
Mon 08 Jan 2024 01:22:36 INFO 5: precision: 0.01466 | recall: 0.06478 | ndcg: 0.04249 | hit_rate: 0.07118 | map: 0.03390
Mon 08 Jan 2024 01:22:36 INFO 10: precision: 0.01121 | recall: 0.09847 | ndcg: 0.05361 | hit_rate: 0.10722 | map: 0.03853
Mon 08 Jan 2024 01:22:36 INFO 20: precision: 0.00841 | recall: 0.14654 | ndcg: 0.06610 | hit_rate: 0.15747 | map: 0.04199
Mon 08 Jan 2024 01:22:36 INFO Test Metrics:
Mon 08 Jan 2024 01:22:36 INFO 5: precision: 0.02403 | recall: 0.06593 | ndcg: 0.05006 | hit_rate: 0.10664 | map: 0.03658
Mon 08 Jan 2024 01:22:36 INFO 10: precision: 0.01851 | recall: 0.10060 | ndcg: 0.06311 | hit_rate: 0.15773 | map: 0.04194
Mon 08 Jan 2024 01:22:36 INFO 20: precision: 0.01386 | recall: 0.14901 | ndcg: 0.07759 | hit_rate: 0.22594 | map: 0.04598
Mon 08 Jan 2024 01:22:41 INFO Epoch 37, Loss: 2.91323
Mon 08 Jan 2024 01:22:42 INFO Validation Metrics:
Mon 08 Jan 2024 01:22:42 INFO 5: precision: 0.01473 | recall: 0.06538 | ndcg: 0.04272 | hit_rate: 0.07144 | map: 0.03404
Mon 08 Jan 2024 01:22:42 INFO 10: precision: 0.01131 | recall: 0.09910 | ndcg: 0.05386 | hit_rate: 0.10819 | map: 0.03863
Mon 08 Jan 2024 01:22:42 INFO 20: precision: 0.00847 | recall: 0.14755 | ndcg: 0.06640 | hit_rate: 0.15870 | map: 0.04209
Mon 08 Jan 2024 01:22:42 INFO Test Metrics:
Mon 08 Jan 2024 01:22:42 INFO 5: precision: 0.02423 | recall: 0.06644 | ndcg: 0.05011 | hit_rate: 0.10735 | map: 0.03643
Mon 08 Jan 2024 01:22:42 INFO 10: precision: 0.01856 | recall: 0.10064 | ndcg: 0.06300 | hit_rate: 0.15754 | map: 0.04176
Mon 08 Jan 2024 01:22:42 INFO 20: precision: 0.01384 | recall: 0.14895 | ndcg: 0.07739 | hit_rate: 0.22575 | map: 0.04575
Mon 08 Jan 2024 01:22:46 INFO Epoch 38, Loss: 2.84889
Mon 08 Jan 2024 01:22:47 INFO Validation Metrics:
Mon 08 Jan 2024 01:22:47 INFO 5: precision: 0.01500 | recall: 0.06668 | ndcg: 0.04340 | hit_rate: 0.07279 | map: 0.03451
Mon 08 Jan 2024 01:22:47 INFO 10: precision: 0.01136 | recall: 0.09967 | ndcg: 0.05427 | hit_rate: 0.10864 | map: 0.03898
Mon 08 Jan 2024 01:22:47 INFO 20: precision: 0.00851 | recall: 0.14874 | ndcg: 0.06696 | hit_rate: 0.15999 | map: 0.04249
Mon 08 Jan 2024 01:22:47 INFO Test Metrics:
Mon 08 Jan 2024 01:22:47 INFO 5: precision: 0.02447 | recall: 0.06728 | ndcg: 0.05048 | hit_rate: 0.10832 | map: 0.03669
Mon 08 Jan 2024 01:22:47 INFO 10: precision: 0.01856 | recall: 0.10085 | ndcg: 0.06312 | hit_rate: 0.15760 | map: 0.04190
Mon 08 Jan 2024 01:22:47 INFO 20: precision: 0.01382 | recall: 0.14892 | ndcg: 0.07748 | hit_rate: 0.22516 | map: 0.04592
Mon 08 Jan 2024 01:22:51 INFO Epoch 39, Loss: 2.69181
Mon 08 Jan 2024 01:22:52 INFO Validation Metrics:
Mon 08 Jan 2024 01:22:52 INFO 5: precision: 0.01491 | recall: 0.06611 | ndcg: 0.04321 | hit_rate: 0.07241 | map: 0.03443
Mon 08 Jan 2024 01:22:52 INFO 10: precision: 0.01146 | recall: 0.10069 | ndcg: 0.05456 | hit_rate: 0.10961 | map: 0.03910
Mon 08 Jan 2024 01:22:52 INFO 20: precision: 0.00852 | recall: 0.14876 | ndcg: 0.06701 | hit_rate: 0.15986 | map: 0.04254
Mon 08 Jan 2024 01:22:52 INFO Test Metrics:
Mon 08 Jan 2024 01:22:52 INFO 5: precision: 0.02458 | recall: 0.06741 | ndcg: 0.05095 | hit_rate: 0.10897 | map: 0.03718
Mon 08 Jan 2024 01:22:52 INFO 10: precision: 0.01864 | recall: 0.10128 | ndcg: 0.06368 | hit_rate: 0.15838 | map: 0.04243
Mon 08 Jan 2024 01:22:52 INFO 20: precision: 0.01390 | recall: 0.14950 | ndcg: 0.07810 | hit_rate: 0.22633 | map: 0.04645
Mon 08 Jan 2024 01:22:56 INFO Epoch 40, Loss: 2.58469
Mon 08 Jan 2024 01:22:57 INFO Validation Metrics:
Mon 08 Jan 2024 01:22:57 INFO 5: precision: 0.01482 | recall: 0.06598 | ndcg: 0.04329 | hit_rate: 0.07195 | map: 0.03458
Mon 08 Jan 2024 01:22:57 INFO 10: precision: 0.01140 | recall: 0.10032 | ndcg: 0.05465 | hit_rate: 0.10903 | map: 0.03930
Mon 08 Jan 2024 01:22:57 INFO 20: precision: 0.00856 | recall: 0.14958 | ndcg: 0.06743 | hit_rate: 0.16070 | map: 0.04284
Mon 08 Jan 2024 01:22:57 INFO Test Metrics:
Mon 08 Jan 2024 01:22:57 INFO 5: precision: 0.02452 | recall: 0.06759 | ndcg: 0.05089 | hit_rate: 0.10884 | map: 0.03705
Mon 08 Jan 2024 01:22:57 INFO 10: precision: 0.01883 | recall: 0.10194 | ndcg: 0.06386 | hit_rate: 0.16038 | map: 0.04236
Mon 08 Jan 2024 01:22:57 INFO 20: precision: 0.01393 | recall: 0.14960 | ndcg: 0.07808 | hit_rate: 0.22704 | map: 0.04633
Mon 08 Jan 2024 01:23:01 INFO Epoch 41, Loss: 2.57518
Mon 08 Jan 2024 01:23:02 INFO Validation Metrics:
Mon 08 Jan 2024 01:23:02 INFO 5: precision: 0.01492 | recall: 0.06654 | ndcg: 0.04354 | hit_rate: 0.07247 | map: 0.03475
Mon 08 Jan 2024 01:23:02 INFO 10: precision: 0.01151 | recall: 0.10132 | ndcg: 0.05498 | hit_rate: 0.11006 | map: 0.03946
Mon 08 Jan 2024 01:23:02 INFO 20: precision: 0.00858 | recall: 0.14979 | ndcg: 0.06757 | hit_rate: 0.16077 | map: 0.04295
Mon 08 Jan 2024 01:23:02 INFO Test Metrics:
Mon 08 Jan 2024 01:23:02 INFO 5: precision: 0.02460 | recall: 0.06751 | ndcg: 0.05113 | hit_rate: 0.10916 | map: 0.03730
Mon 08 Jan 2024 01:23:02 INFO 10: precision: 0.01901 | recall: 0.10293 | ndcg: 0.06441 | hit_rate: 0.16167 | map: 0.04271
Mon 08 Jan 2024 01:23:02 INFO 20: precision: 0.01400 | recall: 0.15030 | ndcg: 0.07856 | hit_rate: 0.22814 | map: 0.04666
Mon 08 Jan 2024 01:23:07 INFO Epoch 42, Loss: 2.43181
Mon 08 Jan 2024 01:23:07 INFO Validation Metrics:
Mon 08 Jan 2024 01:23:07 INFO 5: precision: 0.01501 | recall: 0.06700 | ndcg: 0.04363 | hit_rate: 0.07292 | map: 0.03471
Mon 08 Jan 2024 01:23:07 INFO 10: precision: 0.01157 | recall: 0.10163 | ndcg: 0.05502 | hit_rate: 0.11026 | map: 0.03940
Mon 08 Jan 2024 01:23:07 INFO 20: precision: 0.00859 | recall: 0.14976 | ndcg: 0.06751 | hit_rate: 0.16051 | map: 0.04286
Mon 08 Jan 2024 01:23:07 INFO Test Metrics:
Mon 08 Jan 2024 01:23:07 INFO 5: precision: 0.02448 | recall: 0.06704 | ndcg: 0.05117 | hit_rate: 0.10871 | map: 0.03742
Mon 08 Jan 2024 01:23:07 INFO 10: precision: 0.01898 | recall: 0.10262 | ndcg: 0.06452 | hit_rate: 0.16096 | map: 0.04291
Mon 08 Jan 2024 01:23:07 INFO 20: precision: 0.01403 | recall: 0.15080 | ndcg: 0.07887 | hit_rate: 0.22827 | map: 0.04691
Mon 08 Jan 2024 01:23:12 INFO Epoch 43, Loss: 2.38450
Mon 08 Jan 2024 01:23:13 INFO Validation Metrics:
Mon 08 Jan 2024 01:23:13 INFO 5: precision: 0.01505 | recall: 0.06699 | ndcg: 0.04417 | hit_rate: 0.07299 | map: 0.03541
Mon 08 Jan 2024 01:23:13 INFO 10: precision: 0.01161 | recall: 0.10239 | ndcg: 0.05579 | hit_rate: 0.11084 | map: 0.04020
Mon 08 Jan 2024 01:23:13 INFO 20: precision: 0.00862 | recall: 0.14986 | ndcg: 0.06816 | hit_rate: 0.16090 | map: 0.04363
Mon 08 Jan 2024 01:23:13 INFO Test Metrics:
Mon 08 Jan 2024 01:23:13 INFO 5: precision: 0.02471 | recall: 0.06757 | ndcg: 0.05144 | hit_rate: 0.10948 | map: 0.03762
Mon 08 Jan 2024 01:23:13 INFO 10: precision: 0.01903 | recall: 0.10275 | ndcg: 0.06467 | hit_rate: 0.16128 | map: 0.04307
Mon 08 Jan 2024 01:23:13 INFO 20: precision: 0.01406 | recall: 0.15103 | ndcg: 0.07906 | hit_rate: 0.22878 | map: 0.04710
Mon 08 Jan 2024 01:23:17 INFO Epoch 44, Loss: 2.19531
Mon 08 Jan 2024 01:23:18 INFO Validation Metrics:
Mon 08 Jan 2024 01:23:18 INFO 5: precision: 0.01491 | recall: 0.06636 | ndcg: 0.04415 | hit_rate: 0.07234 | map: 0.03557
Mon 08 Jan 2024 01:23:18 INFO 10: precision: 0.01172 | recall: 0.10309 | ndcg: 0.05627 | hit_rate: 0.11148 | map: 0.04060
Mon 08 Jan 2024 01:23:18 INFO 20: precision: 0.00861 | recall: 0.14983 | ndcg: 0.06843 | hit_rate: 0.16077 | map: 0.04398
Mon 08 Jan 2024 01:23:18 INFO Test Metrics:
Mon 08 Jan 2024 01:23:18 INFO 5: precision: 0.02478 | recall: 0.06777 | ndcg: 0.05152 | hit_rate: 0.10987 | map: 0.03766
Mon 08 Jan 2024 01:23:18 INFO 10: precision: 0.01900 | recall: 0.10246 | ndcg: 0.06463 | hit_rate: 0.16096 | map: 0.04308
Mon 08 Jan 2024 01:23:18 INFO 20: precision: 0.01409 | recall: 0.15135 | ndcg: 0.07920 | hit_rate: 0.22917 | map: 0.04716
Mon 08 Jan 2024 01:23:22 INFO Epoch 45, Loss: 2.22490
Mon 08 Jan 2024 01:23:23 INFO Validation Metrics:
Mon 08 Jan 2024 01:23:23 INFO 5: precision: 0.01513 | recall: 0.06731 | ndcg: 0.04439 | hit_rate: 0.07344 | map: 0.03558
Mon 08 Jan 2024 01:23:23 INFO 10: precision: 0.01161 | recall: 0.10209 | ndcg: 0.05584 | hit_rate: 0.11039 | map: 0.04034
Mon 08 Jan 2024 01:23:23 INFO 20: precision: 0.00872 | recall: 0.15118 | ndcg: 0.06864 | hit_rate: 0.16258 | map: 0.04389
Mon 08 Jan 2024 01:23:23 INFO Test Metrics:
Mon 08 Jan 2024 01:23:23 INFO 5: precision: 0.02469 | recall: 0.06756 | ndcg: 0.05143 | hit_rate: 0.10961 | map: 0.03765
Mon 08 Jan 2024 01:23:23 INFO 10: precision: 0.01904 | recall: 0.10281 | ndcg: 0.06474 | hit_rate: 0.16135 | map: 0.04314
Mon 08 Jan 2024 01:23:23 INFO 20: precision: 0.01406 | recall: 0.15104 | ndcg: 0.07910 | hit_rate: 0.22865 | map: 0.04716
Mon 08 Jan 2024 01:23:27 INFO Epoch 46, Loss: 2.10829
Mon 08 Jan 2024 01:23:28 INFO Validation Metrics:
Mon 08 Jan 2024 01:23:28 INFO 5: precision: 0.01528 | recall: 0.06797 | ndcg: 0.04466 | hit_rate: 0.07428 | map: 0.03575
Mon 08 Jan 2024 01:23:28 INFO 10: precision: 0.01174 | recall: 0.10302 | ndcg: 0.05620 | hit_rate: 0.11136 | map: 0.04053
Mon 08 Jan 2024 01:23:28 INFO 20: precision: 0.00872 | recall: 0.15157 | ndcg: 0.06879 | hit_rate: 0.16277 | map: 0.04400
Mon 08 Jan 2024 01:23:28 INFO Test Metrics:
Mon 08 Jan 2024 01:23:28 INFO 5: precision: 0.02480 | recall: 0.06802 | ndcg: 0.05170 | hit_rate: 0.11045 | map: 0.03777
Mon 08 Jan 2024 01:23:28 INFO 10: precision: 0.01912 | recall: 0.10298 | ndcg: 0.06491 | hit_rate: 0.16174 | map: 0.04323
Mon 08 Jan 2024 01:23:28 INFO 20: precision: 0.01414 | recall: 0.15136 | ndcg: 0.07937 | hit_rate: 0.23007 | map: 0.04728
Mon 08 Jan 2024 01:23:32 INFO Epoch 47, Loss: 2.04970
Mon 08 Jan 2024 01:23:33 INFO Validation Metrics:
Mon 08 Jan 2024 01:23:33 INFO 5: precision: 0.01519 | recall: 0.06766 | ndcg: 0.04427 | hit_rate: 0.07383 | map: 0.03537
Mon 08 Jan 2024 01:23:33 INFO 10: precision: 0.01169 | recall: 0.10262 | ndcg: 0.05582 | hit_rate: 0.11129 | map: 0.04015
Mon 08 Jan 2024 01:23:33 INFO 20: precision: 0.00867 | recall: 0.15061 | ndcg: 0.06833 | hit_rate: 0.16167 | map: 0.04364
Mon 08 Jan 2024 01:23:33 INFO Test Metrics:
Mon 08 Jan 2024 01:23:33 INFO 5: precision: 0.02484 | recall: 0.06792 | ndcg: 0.05178 | hit_rate: 0.11039 | map: 0.03783
Mon 08 Jan 2024 01:23:33 INFO 10: precision: 0.01918 | recall: 0.10324 | ndcg: 0.06510 | hit_rate: 0.16193 | map: 0.04335
Mon 08 Jan 2024 01:23:33 INFO 20: precision: 0.01411 | recall: 0.15117 | ndcg: 0.07941 | hit_rate: 0.22969 | map: 0.04735
Mon 08 Jan 2024 01:23:37 INFO Epoch 48, Loss: 1.98337
Mon 08 Jan 2024 01:23:38 INFO Validation Metrics:
Mon 08 Jan 2024 01:23:38 INFO 5: precision: 0.01527 | recall: 0.06789 | ndcg: 0.04437 | hit_rate: 0.07428 | map: 0.03538
Mon 08 Jan 2024 01:23:38 INFO 10: precision: 0.01176 | recall: 0.10356 | ndcg: 0.05607 | hit_rate: 0.11207 | map: 0.04020
Mon 08 Jan 2024 01:23:38 INFO 20: precision: 0.00869 | recall: 0.15105 | ndcg: 0.06844 | hit_rate: 0.16212 | map: 0.04364
Mon 08 Jan 2024 01:23:38 INFO Test Metrics:
Mon 08 Jan 2024 01:23:38 INFO 5: precision: 0.02496 | recall: 0.06811 | ndcg: 0.05212 | hit_rate: 0.11071 | map: 0.03822
Mon 08 Jan 2024 01:23:38 INFO 10: precision: 0.01933 | recall: 0.10393 | ndcg: 0.06566 | hit_rate: 0.16316 | map: 0.04384
Mon 08 Jan 2024 01:23:38 INFO 20: precision: 0.01417 | recall: 0.15201 | ndcg: 0.07996 | hit_rate: 0.23046 | map: 0.04783
Mon 08 Jan 2024 01:23:43 INFO Epoch 49, Loss: 1.89901
Mon 08 Jan 2024 01:23:43 INFO Validation Metrics:
Mon 08 Jan 2024 01:23:43 INFO 5: precision: 0.01527 | recall: 0.06783 | ndcg: 0.04474 | hit_rate: 0.07402 | map: 0.03587
Mon 08 Jan 2024 01:23:43 INFO 10: precision: 0.01172 | recall: 0.10290 | ndcg: 0.05630 | hit_rate: 0.11148 | map: 0.04066
Mon 08 Jan 2024 01:23:43 INFO 20: precision: 0.00869 | recall: 0.15144 | ndcg: 0.06888 | hit_rate: 0.16245 | map: 0.04413
Mon 08 Jan 2024 01:23:43 INFO Test Metrics:
Mon 08 Jan 2024 01:23:43 INFO 5: precision: 0.02495 | recall: 0.06852 | ndcg: 0.05225 | hit_rate: 0.11148 | map: 0.03822
Mon 08 Jan 2024 01:23:43 INFO 10: precision: 0.01940 | recall: 0.10455 | ndcg: 0.06587 | hit_rate: 0.16367 | map: 0.04390
Mon 08 Jan 2024 01:23:43 INFO 20: precision: 0.01419 | recall: 0.15241 | ndcg: 0.08010 | hit_rate: 0.23098 | map: 0.04785
Mon 08 Jan 2024 01:23:48 INFO Epoch 50, Loss: 1.81731
Mon 08 Jan 2024 01:23:48 INFO Validation Metrics:
Mon 08 Jan 2024 01:23:48 INFO 5: precision: 0.01510 | recall: 0.06709 | ndcg: 0.04451 | hit_rate: 0.07350 | map: 0.03576
Mon 08 Jan 2024 01:23:48 INFO 10: precision: 0.01177 | recall: 0.10323 | ndcg: 0.05645 | hit_rate: 0.11213 | map: 0.04071
Mon 08 Jan 2024 01:23:48 INFO 20: precision: 0.00871 | recall: 0.15161 | ndcg: 0.06899 | hit_rate: 0.16290 | map: 0.04417
Mon 08 Jan 2024 01:23:48 INFO Test Metrics:
Mon 08 Jan 2024 01:23:48 INFO 5: precision: 0.02482 | recall: 0.06791 | ndcg: 0.05185 | hit_rate: 0.11064 | map: 0.03792
Mon 08 Jan 2024 01:23:48 INFO 10: precision: 0.01922 | recall: 0.10396 | ndcg: 0.06542 | hit_rate: 0.16296 | map: 0.04354
Mon 08 Jan 2024 01:23:48 INFO 20: precision: 0.01415 | recall: 0.15190 | ndcg: 0.07972 | hit_rate: 0.23040 | map: 0.04753
Mon 08 Jan 2024 01:23:53 INFO Epoch 51, Loss: 1.82093
Mon 08 Jan 2024 01:23:54 INFO Validation Metrics:
Mon 08 Jan 2024 01:23:54 INFO 5: precision: 0.01500 | recall: 0.06653 | ndcg: 0.04414 | hit_rate: 0.07292 | map: 0.03544
Mon 08 Jan 2024 01:23:54 INFO 10: precision: 0.01190 | recall: 0.10442 | ndcg: 0.05661 | hit_rate: 0.11342 | map: 0.04058
Mon 08 Jan 2024 01:23:54 INFO 20: precision: 0.00877 | recall: 0.15208 | ndcg: 0.06897 | hit_rate: 0.16342 | map: 0.04399
Mon 08 Jan 2024 01:23:54 INFO Test Metrics:
Mon 08 Jan 2024 01:23:54 INFO 5: precision: 0.02507 | recall: 0.06874 | ndcg: 0.05242 | hit_rate: 0.11116 | map: 0.03839
Mon 08 Jan 2024 01:23:54 INFO 10: precision: 0.01918 | recall: 0.10328 | ndcg: 0.06550 | hit_rate: 0.16219 | map: 0.04381
Mon 08 Jan 2024 01:23:54 INFO 20: precision: 0.01423 | recall: 0.15219 | ndcg: 0.08014 | hit_rate: 0.23085 | map: 0.04790
Mon 08 Jan 2024 01:23:58 INFO Epoch 52, Loss: 1.75865
Mon 08 Jan 2024 01:23:59 INFO Validation Metrics:
Mon 08 Jan 2024 01:23:59 INFO 5: precision: 0.01513 | recall: 0.06745 | ndcg: 0.04471 | hit_rate: 0.07370 | map: 0.03592
Mon 08 Jan 2024 01:23:59 INFO 10: precision: 0.01185 | recall: 0.10414 | ndcg: 0.05675 | hit_rate: 0.11303 | map: 0.04085
Mon 08 Jan 2024 01:23:59 INFO 20: precision: 0.00874 | recall: 0.15136 | ndcg: 0.06903 | hit_rate: 0.16277 | map: 0.04425
Mon 08 Jan 2024 01:23:59 INFO Test Metrics:
Mon 08 Jan 2024 01:23:59 INFO 5: precision: 0.02498 | recall: 0.06861 | ndcg: 0.05244 | hit_rate: 0.11077 | map: 0.03847
Mon 08 Jan 2024 01:23:59 INFO 10: precision: 0.01926 | recall: 0.10379 | ndcg: 0.06574 | hit_rate: 0.16303 | map: 0.04395
Mon 08 Jan 2024 01:23:59 INFO 20: precision: 0.01418 | recall: 0.15165 | ndcg: 0.08005 | hit_rate: 0.23020 | map: 0.04794
Mon 08 Jan 2024 01:24:03 INFO Epoch 53, Loss: 1.69450
Mon 08 Jan 2024 01:24:04 INFO Validation Metrics:
Mon 08 Jan 2024 01:24:04 INFO 5: precision: 0.01530 | recall: 0.06803 | ndcg: 0.04496 | hit_rate: 0.07434 | map: 0.03606
Mon 08 Jan 2024 01:24:04 INFO 10: precision: 0.01197 | recall: 0.10477 | ndcg: 0.05702 | hit_rate: 0.11413 | map: 0.04099
Mon 08 Jan 2024 01:24:04 INFO 20: precision: 0.00879 | recall: 0.15234 | ndcg: 0.06936 | hit_rate: 0.16374 | map: 0.04440
Mon 08 Jan 2024 01:24:04 INFO Test Metrics:
Mon 08 Jan 2024 01:24:04 INFO 5: precision: 0.02500 | recall: 0.06851 | ndcg: 0.05246 | hit_rate: 0.11103 | map: 0.03844
Mon 08 Jan 2024 01:24:04 INFO 10: precision: 0.01934 | recall: 0.10453 | ndcg: 0.06602 | hit_rate: 0.16387 | map: 0.04404
Mon 08 Jan 2024 01:24:04 INFO 20: precision: 0.01411 | recall: 0.15108 | ndcg: 0.07994 | hit_rate: 0.22923 | map: 0.04792
Mon 08 Jan 2024 01:24:08 INFO Epoch 54, Loss: 1.58547
Mon 08 Jan 2024 01:24:09 INFO Validation Metrics:
Mon 08 Jan 2024 01:24:09 INFO 5: precision: 0.01536 | recall: 0.06820 | ndcg: 0.04508 | hit_rate: 0.07434 | map: 0.03618
Mon 08 Jan 2024 01:24:09 INFO 10: precision: 0.01188 | recall: 0.10424 | ndcg: 0.05692 | hit_rate: 0.11291 | map: 0.04105
Mon 08 Jan 2024 01:24:09 INFO 20: precision: 0.00874 | recall: 0.15112 | ndcg: 0.06916 | hit_rate: 0.16271 | map: 0.04444
Mon 08 Jan 2024 01:24:09 INFO Test Metrics:
Mon 08 Jan 2024 01:24:09 INFO 5: precision: 0.02495 | recall: 0.06842 | ndcg: 0.05255 | hit_rate: 0.11110 | map: 0.03856
Mon 08 Jan 2024 01:24:09 INFO 10: precision: 0.01925 | recall: 0.10437 | ndcg: 0.06611 | hit_rate: 0.16335 | map: 0.04420
Mon 08 Jan 2024 01:24:09 INFO 20: precision: 0.01413 | recall: 0.15106 | ndcg: 0.08013 | hit_rate: 0.22917 | map: 0.04812
Mon 08 Jan 2024 01:24:13 INFO Epoch 55, Loss: 1.64462
Mon 08 Jan 2024 01:24:14 INFO Validation Metrics:
Mon 08 Jan 2024 01:24:14 INFO 5: precision: 0.01542 | recall: 0.06823 | ndcg: 0.04558 | hit_rate: 0.07473 | map: 0.03676
Mon 08 Jan 2024 01:24:14 INFO 10: precision: 0.01189 | recall: 0.10416 | ndcg: 0.05741 | hit_rate: 0.11297 | map: 0.04167
Mon 08 Jan 2024 01:24:14 INFO 20: precision: 0.00876 | recall: 0.15171 | ndcg: 0.06978 | hit_rate: 0.16335 | map: 0.04508
Mon 08 Jan 2024 01:24:14 INFO Test Metrics:
Mon 08 Jan 2024 01:24:14 INFO 5: precision: 0.02496 | recall: 0.06849 | ndcg: 0.05260 | hit_rate: 0.11116 | map: 0.03862
Mon 08 Jan 2024 01:24:14 INFO 10: precision: 0.01931 | recall: 0.10479 | ndcg: 0.06628 | hit_rate: 0.16419 | map: 0.04426
Mon 08 Jan 2024 01:24:14 INFO 20: precision: 0.01418 | recall: 0.15149 | ndcg: 0.08030 | hit_rate: 0.23020 | map: 0.04818
Mon 08 Jan 2024 01:24:19 INFO Epoch 56, Loss: 1.55117
Mon 08 Jan 2024 01:24:19 INFO Validation Metrics:
Mon 08 Jan 2024 01:24:19 INFO 5: precision: 0.01526 | recall: 0.06750 | ndcg: 0.04540 | hit_rate: 0.07396 | map: 0.03676
Mon 08 Jan 2024 01:24:19 INFO 10: precision: 0.01202 | recall: 0.10536 | ndcg: 0.05787 | hit_rate: 0.11420 | map: 0.04192
Mon 08 Jan 2024 01:24:19 INFO 20: precision: 0.00881 | recall: 0.15273 | ndcg: 0.07014 | hit_rate: 0.16413 | map: 0.04530
Mon 08 Jan 2024 01:24:19 INFO Test Metrics:
Mon 08 Jan 2024 01:24:19 INFO 5: precision: 0.02492 | recall: 0.06843 | ndcg: 0.05235 | hit_rate: 0.11103 | map: 0.03840
Mon 08 Jan 2024 01:24:19 INFO 10: precision: 0.01934 | recall: 0.10483 | ndcg: 0.06609 | hit_rate: 0.16503 | map: 0.04402
Mon 08 Jan 2024 01:24:19 INFO 20: precision: 0.01418 | recall: 0.15164 | ndcg: 0.08013 | hit_rate: 0.22975 | map: 0.04799
Mon 08 Jan 2024 01:24:24 INFO Epoch 57, Loss: 1.47874
Mon 08 Jan 2024 01:24:25 INFO Validation Metrics:
Mon 08 Jan 2024 01:24:25 INFO 5: precision: 0.01539 | recall: 0.06804 | ndcg: 0.04543 | hit_rate: 0.07467 | map: 0.03665
Mon 08 Jan 2024 01:24:25 INFO 10: precision: 0.01196 | recall: 0.10499 | ndcg: 0.05756 | hit_rate: 0.11381 | map: 0.04166
Mon 08 Jan 2024 01:24:25 INFO 20: precision: 0.00879 | recall: 0.15249 | ndcg: 0.06988 | hit_rate: 0.16432 | map: 0.04505
Mon 08 Jan 2024 01:24:25 INFO Test Metrics:
Mon 08 Jan 2024 01:24:25 INFO 5: precision: 0.02509 | recall: 0.06894 | ndcg: 0.05259 | hit_rate: 0.11194 | map: 0.03850
Mon 08 Jan 2024 01:24:25 INFO 10: precision: 0.01945 | recall: 0.10552 | ndcg: 0.06639 | hit_rate: 0.16606 | map: 0.04416
Mon 08 Jan 2024 01:24:25 INFO 20: precision: 0.01425 | recall: 0.15270 | ndcg: 0.08049 | hit_rate: 0.23085 | map: 0.04814
Mon 08 Jan 2024 01:24:29 INFO Epoch 58, Loss: 1.42113
Mon 08 Jan 2024 01:24:30 INFO Validation Metrics:
Mon 08 Jan 2024 01:24:30 INFO 5: precision: 0.01535 | recall: 0.06763 | ndcg: 0.04527 | hit_rate: 0.07441 | map: 0.03649
Mon 08 Jan 2024 01:24:30 INFO 10: precision: 0.01198 | recall: 0.10508 | ndcg: 0.05755 | hit_rate: 0.11394 | map: 0.04158
Mon 08 Jan 2024 01:24:30 INFO 20: precision: 0.00880 | recall: 0.15247 | ndcg: 0.06989 | hit_rate: 0.16406 | map: 0.04499
Mon 08 Jan 2024 01:24:30 INFO Test Metrics:
Mon 08 Jan 2024 01:24:30 INFO 5: precision: 0.02523 | recall: 0.06907 | ndcg: 0.05288 | hit_rate: 0.11271 | map: 0.03874
Mon 08 Jan 2024 01:24:30 INFO 10: precision: 0.01952 | recall: 0.10600 | ndcg: 0.06673 | hit_rate: 0.16671 | map: 0.04444
Mon 08 Jan 2024 01:24:30 INFO 20: precision: 0.01425 | recall: 0.15236 | ndcg: 0.08063 | hit_rate: 0.22994 | map: 0.04838
Mon 08 Jan 2024 01:24:34 INFO Epoch 59, Loss: 1.38862
Mon 08 Jan 2024 01:24:35 INFO Validation Metrics:
Mon 08 Jan 2024 01:24:35 INFO 5: precision: 0.01542 | recall: 0.06796 | ndcg: 0.04564 | hit_rate: 0.07473 | map: 0.03688
Mon 08 Jan 2024 01:24:35 INFO 10: precision: 0.01195 | recall: 0.10490 | ndcg: 0.05778 | hit_rate: 0.11381 | map: 0.04191
Mon 08 Jan 2024 01:24:35 INFO 20: precision: 0.00879 | recall: 0.15245 | ndcg: 0.07017 | hit_rate: 0.16406 | map: 0.04535
Mon 08 Jan 2024 01:24:35 INFO Test Metrics:
Mon 08 Jan 2024 01:24:35 INFO 5: precision: 0.02501 | recall: 0.06842 | ndcg: 0.05289 | hit_rate: 0.11226 | map: 0.03889
Mon 08 Jan 2024 01:24:35 INFO 10: precision: 0.01951 | recall: 0.10581 | ndcg: 0.06692 | hit_rate: 0.16619 | map: 0.04470
Mon 08 Jan 2024 01:24:35 INFO 20: precision: 0.01429 | recall: 0.15285 | ndcg: 0.08099 | hit_rate: 0.23111 | map: 0.04867
Mon 08 Jan 2024 01:24:39 INFO Epoch 60, Loss: 1.36864
Mon 08 Jan 2024 01:24:40 INFO Validation Metrics:
Mon 08 Jan 2024 01:24:40 INFO 5: precision: 0.01562 | recall: 0.06873 | ndcg: 0.04599 | hit_rate: 0.07570 | map: 0.03706
Mon 08 Jan 2024 01:24:40 INFO 10: precision: 0.01196 | recall: 0.10451 | ndcg: 0.05777 | hit_rate: 0.11362 | map: 0.04197
Mon 08 Jan 2024 01:24:40 INFO 20: precision: 0.00879 | recall: 0.15224 | ndcg: 0.07019 | hit_rate: 0.16393 | map: 0.04541
Mon 08 Jan 2024 01:24:40 INFO Test Metrics:
Mon 08 Jan 2024 01:24:40 INFO 5: precision: 0.02524 | recall: 0.06915 | ndcg: 0.05313 | hit_rate: 0.11316 | map: 0.03896
Mon 08 Jan 2024 01:24:40 INFO 10: precision: 0.01952 | recall: 0.10547 | ndcg: 0.06680 | hit_rate: 0.16587 | map: 0.04463
Mon 08 Jan 2024 01:24:40 INFO 20: precision: 0.01436 | recall: 0.15350 | ndcg: 0.08116 | hit_rate: 0.23227 | map: 0.04868
Mon 08 Jan 2024 01:24:44 INFO Epoch 61, Loss: 1.33682
Mon 08 Jan 2024 01:24:45 INFO Validation Metrics:
Mon 08 Jan 2024 01:24:45 INFO 5: precision: 0.01564 | recall: 0.06878 | ndcg: 0.04583 | hit_rate: 0.07602 | map: 0.03680
Mon 08 Jan 2024 01:24:45 INFO 10: precision: 0.01198 | recall: 0.10432 | ndcg: 0.05755 | hit_rate: 0.11387 | map: 0.04169
Mon 08 Jan 2024 01:24:45 INFO 20: precision: 0.00885 | recall: 0.15338 | ndcg: 0.07028 | hit_rate: 0.16490 | map: 0.04523
Mon 08 Jan 2024 01:24:45 INFO Test Metrics:
Mon 08 Jan 2024 01:24:45 INFO 5: precision: 0.02527 | recall: 0.06928 | ndcg: 0.05314 | hit_rate: 0.11303 | map: 0.03899
Mon 08 Jan 2024 01:24:45 INFO 10: precision: 0.01971 | recall: 0.10653 | ndcg: 0.06718 | hit_rate: 0.16755 | map: 0.04478
Mon 08 Jan 2024 01:24:45 INFO 20: precision: 0.01431 | recall: 0.15286 | ndcg: 0.08106 | hit_rate: 0.23156 | map: 0.04870
Mon 08 Jan 2024 01:24:50 INFO Epoch 62, Loss: 1.31049
Mon 08 Jan 2024 01:24:50 INFO Validation Metrics:
Mon 08 Jan 2024 01:24:50 INFO 5: precision: 0.01546 | recall: 0.06826 | ndcg: 0.04566 | hit_rate: 0.07493 | map: 0.03678
Mon 08 Jan 2024 01:24:50 INFO 10: precision: 0.01207 | recall: 0.10496 | ndcg: 0.05779 | hit_rate: 0.11446 | map: 0.04180
Mon 08 Jan 2024 01:24:50 INFO 20: precision: 0.00886 | recall: 0.15394 | ndcg: 0.07044 | hit_rate: 0.16535 | map: 0.04531
Mon 08 Jan 2024 01:24:50 INFO Test Metrics:
Mon 08 Jan 2024 01:24:50 INFO 5: precision: 0.02541 | recall: 0.06939 | ndcg: 0.05342 | hit_rate: 0.11368 | map: 0.03919
Mon 08 Jan 2024 01:24:50 INFO 10: precision: 0.01974 | recall: 0.10630 | ndcg: 0.06733 | hit_rate: 0.16761 | map: 0.04496
Mon 08 Jan 2024 01:24:50 INFO 20: precision: 0.01435 | recall: 0.15331 | ndcg: 0.08138 | hit_rate: 0.23143 | map: 0.04895
Mon 08 Jan 2024 01:24:55 INFO Epoch 63, Loss: 1.25417
Mon 08 Jan 2024 01:24:56 INFO Validation Metrics:
Mon 08 Jan 2024 01:24:56 INFO 5: precision: 0.01561 | recall: 0.06885 | ndcg: 0.04601 | hit_rate: 0.07570 | map: 0.03705
Mon 08 Jan 2024 01:24:56 INFO 10: precision: 0.01209 | recall: 0.10570 | ndcg: 0.05812 | hit_rate: 0.11484 | map: 0.04206
Mon 08 Jan 2024 01:24:56 INFO 20: precision: 0.00887 | recall: 0.15397 | ndcg: 0.07062 | hit_rate: 0.16561 | map: 0.04551
Mon 08 Jan 2024 01:24:56 INFO Test Metrics:
Mon 08 Jan 2024 01:24:56 INFO 5: precision: 0.02535 | recall: 0.06915 | ndcg: 0.05327 | hit_rate: 0.11316 | map: 0.03908
Mon 08 Jan 2024 01:24:56 INFO 10: precision: 0.01962 | recall: 0.10598 | ndcg: 0.06712 | hit_rate: 0.16652 | map: 0.04483
Mon 08 Jan 2024 01:24:56 INFO 20: precision: 0.01433 | recall: 0.15334 | ndcg: 0.08128 | hit_rate: 0.23143 | map: 0.04883
Mon 08 Jan 2024 01:25:00 INFO Epoch 64, Loss: 1.24757
Mon 08 Jan 2024 01:25:01 INFO Validation Metrics:
Mon 08 Jan 2024 01:25:01 INFO 5: precision: 0.01573 | recall: 0.06941 | ndcg: 0.04623 | hit_rate: 0.07635 | map: 0.03715
Mon 08 Jan 2024 01:25:01 INFO 10: precision: 0.01208 | recall: 0.10525 | ndcg: 0.05800 | hit_rate: 0.11458 | map: 0.04202
Mon 08 Jan 2024 01:25:01 INFO 20: precision: 0.00885 | recall: 0.15310 | ndcg: 0.07044 | hit_rate: 0.16451 | map: 0.04547
Mon 08 Jan 2024 01:25:01 INFO Test Metrics:
Mon 08 Jan 2024 01:25:01 INFO 5: precision: 0.02577 | recall: 0.07019 | ndcg: 0.05403 | hit_rate: 0.11517 | map: 0.03958
Mon 08 Jan 2024 01:25:01 INFO 10: precision: 0.01966 | recall: 0.10572 | ndcg: 0.06743 | hit_rate: 0.16690 | map: 0.04516
Mon 08 Jan 2024 01:25:01 INFO 20: precision: 0.01428 | recall: 0.15288 | ndcg: 0.08148 | hit_rate: 0.23072 | map: 0.04914
Mon 08 Jan 2024 01:25:05 INFO Epoch 65, Loss: 1.16749
Mon 08 Jan 2024 01:25:06 INFO Validation Metrics:
Mon 08 Jan 2024 01:25:06 INFO 5: precision: 0.01562 | recall: 0.06880 | ndcg: 0.04582 | hit_rate: 0.07577 | map: 0.03676
Mon 08 Jan 2024 01:25:06 INFO 10: precision: 0.01214 | recall: 0.10594 | ndcg: 0.05799 | hit_rate: 0.11536 | map: 0.04179
Mon 08 Jan 2024 01:25:06 INFO 20: precision: 0.00886 | recall: 0.15297 | ndcg: 0.07022 | hit_rate: 0.16471 | map: 0.04518
Mon 08 Jan 2024 01:25:06 INFO Test Metrics:
Mon 08 Jan 2024 01:25:06 INFO 5: precision: 0.02566 | recall: 0.07018 | ndcg: 0.05385 | hit_rate: 0.11452 | map: 0.03947
Mon 08 Jan 2024 01:25:06 INFO 10: precision: 0.01973 | recall: 0.10610 | ndcg: 0.06745 | hit_rate: 0.16723 | map: 0.04511
Mon 08 Jan 2024 01:25:06 INFO 20: precision: 0.01431 | recall: 0.15298 | ndcg: 0.08143 | hit_rate: 0.23137 | map: 0.04905
Mon 08 Jan 2024 01:25:11 INFO Epoch 66, Loss: 1.20317
Mon 08 Jan 2024 01:25:11 INFO Validation Metrics:
Mon 08 Jan 2024 01:25:11 INFO 5: precision: 0.01577 | recall: 0.06960 | ndcg: 0.04602 | hit_rate: 0.07654 | map: 0.03677
Mon 08 Jan 2024 01:25:11 INFO 10: precision: 0.01210 | recall: 0.10573 | ndcg: 0.05785 | hit_rate: 0.11517 | map: 0.04166
Mon 08 Jan 2024 01:25:11 INFO 20: precision: 0.00887 | recall: 0.15306 | ndcg: 0.07018 | hit_rate: 0.16464 | map: 0.04509
Mon 08 Jan 2024 01:25:11 INFO Test Metrics:
Mon 08 Jan 2024 01:25:11 INFO 5: precision: 0.02568 | recall: 0.07003 | ndcg: 0.05397 | hit_rate: 0.11497 | map: 0.03958
Mon 08 Jan 2024 01:25:11 INFO 10: precision: 0.01967 | recall: 0.10582 | ndcg: 0.06748 | hit_rate: 0.16729 | map: 0.04516
Mon 08 Jan 2024 01:25:11 INFO 20: precision: 0.01431 | recall: 0.15282 | ndcg: 0.08156 | hit_rate: 0.23117 | map: 0.04917
Mon 08 Jan 2024 01:25:16 INFO Epoch 67, Loss: 1.18322
Mon 08 Jan 2024 01:25:17 INFO Validation Metrics:
Mon 08 Jan 2024 01:25:17 INFO 5: precision: 0.01576 | recall: 0.06951 | ndcg: 0.04634 | hit_rate: 0.07654 | map: 0.03725
Mon 08 Jan 2024 01:25:17 INFO 10: precision: 0.01201 | recall: 0.10497 | ndcg: 0.05800 | hit_rate: 0.11413 | map: 0.04210
Mon 08 Jan 2024 01:25:17 INFO 20: precision: 0.00889 | recall: 0.15359 | ndcg: 0.07067 | hit_rate: 0.16535 | map: 0.04562
Mon 08 Jan 2024 01:25:17 INFO Test Metrics:
Mon 08 Jan 2024 01:25:17 INFO 5: precision: 0.02558 | recall: 0.06979 | ndcg: 0.05389 | hit_rate: 0.11465 | map: 0.03955
Mon 08 Jan 2024 01:25:17 INFO 10: precision: 0.01962 | recall: 0.10539 | ndcg: 0.06739 | hit_rate: 0.16677 | map: 0.04517
Mon 08 Jan 2024 01:25:17 INFO 20: precision: 0.01432 | recall: 0.15318 | ndcg: 0.08167 | hit_rate: 0.23143 | map: 0.04924
Mon 08 Jan 2024 01:25:21 INFO Epoch 68, Loss: 1.12455
Mon 08 Jan 2024 01:25:22 INFO Validation Metrics:
Mon 08 Jan 2024 01:25:22 INFO 5: precision: 0.01573 | recall: 0.06935 | ndcg: 0.04632 | hit_rate: 0.07648 | map: 0.03728
Mon 08 Jan 2024 01:25:22 INFO 10: precision: 0.01198 | recall: 0.10450 | ndcg: 0.05788 | hit_rate: 0.11349 | map: 0.04209
Mon 08 Jan 2024 01:25:22 INFO 20: precision: 0.00886 | recall: 0.15318 | ndcg: 0.07052 | hit_rate: 0.16490 | map: 0.04558
Mon 08 Jan 2024 01:25:22 INFO Test Metrics:
Mon 08 Jan 2024 01:25:22 INFO 5: precision: 0.02547 | recall: 0.06948 | ndcg: 0.05358 | hit_rate: 0.11413 | map: 0.03929
Mon 08 Jan 2024 01:25:22 INFO 10: precision: 0.01980 | recall: 0.10646 | ndcg: 0.06753 | hit_rate: 0.16832 | map: 0.04507
Mon 08 Jan 2024 01:25:22 INFO 20: precision: 0.01425 | recall: 0.15242 | ndcg: 0.08125 | hit_rate: 0.23046 | map: 0.04897
Mon 08 Jan 2024 01:25:26 INFO Epoch 69, Loss: 1.07511
Mon 08 Jan 2024 01:25:27 INFO Validation Metrics:
Mon 08 Jan 2024 01:25:27 INFO 5: precision: 0.01551 | recall: 0.06833 | ndcg: 0.04596 | hit_rate: 0.07538 | map: 0.03711
Mon 08 Jan 2024 01:25:27 INFO 10: precision: 0.01199 | recall: 0.10469 | ndcg: 0.05794 | hit_rate: 0.11400 | map: 0.04209
Mon 08 Jan 2024 01:25:27 INFO 20: precision: 0.00884 | recall: 0.15276 | ndcg: 0.07046 | hit_rate: 0.16438 | map: 0.04558
Mon 08 Jan 2024 01:25:27 INFO Test Metrics:
Mon 08 Jan 2024 01:25:27 INFO 5: precision: 0.02541 | recall: 0.06949 | ndcg: 0.05342 | hit_rate: 0.11381 | map: 0.03913
Mon 08 Jan 2024 01:25:27 INFO 10: precision: 0.01983 | recall: 0.10632 | ndcg: 0.06740 | hit_rate: 0.16807 | map: 0.04492
Mon 08 Jan 2024 01:25:27 INFO 20: precision: 0.01431 | recall: 0.15287 | ndcg: 0.08129 | hit_rate: 0.23143 | map: 0.04884
Mon 08 Jan 2024 01:25:31 INFO Epoch 70, Loss: 1.02710
Mon 08 Jan 2024 01:25:32 INFO Validation Metrics:
Mon 08 Jan 2024 01:25:32 INFO 5: precision: 0.01575 | recall: 0.06929 | ndcg: 0.04613 | hit_rate: 0.07641 | map: 0.03702
Mon 08 Jan 2024 01:25:32 INFO 10: precision: 0.01198 | recall: 0.10470 | ndcg: 0.05774 | hit_rate: 0.11368 | map: 0.04185
Mon 08 Jan 2024 01:25:32 INFO 20: precision: 0.00886 | recall: 0.15316 | ndcg: 0.07034 | hit_rate: 0.16490 | map: 0.04534
Mon 08 Jan 2024 01:25:32 INFO Test Metrics:
Mon 08 Jan 2024 01:25:32 INFO 5: precision: 0.02569 | recall: 0.07050 | ndcg: 0.05384 | hit_rate: 0.11497 | map: 0.03936
Mon 08 Jan 2024 01:25:32 INFO 10: precision: 0.01987 | recall: 0.10648 | ndcg: 0.06752 | hit_rate: 0.16891 | map: 0.04500
Mon 08 Jan 2024 01:25:32 INFO 20: precision: 0.01437 | recall: 0.15359 | ndcg: 0.08158 | hit_rate: 0.23259 | map: 0.04899
Mon 08 Jan 2024 01:25:36 INFO Epoch 71, Loss: 1.07369
Mon 08 Jan 2024 01:25:37 INFO Validation Metrics:
Mon 08 Jan 2024 01:25:37 INFO 5: precision: 0.01594 | recall: 0.07003 | ndcg: 0.04627 | hit_rate: 0.07706 | map: 0.03700
Mon 08 Jan 2024 01:25:37 INFO 10: precision: 0.01198 | recall: 0.10430 | ndcg: 0.05750 | hit_rate: 0.11342 | map: 0.04164
Mon 08 Jan 2024 01:25:37 INFO 20: precision: 0.00887 | recall: 0.15294 | ndcg: 0.07015 | hit_rate: 0.16464 | map: 0.04515
Mon 08 Jan 2024 01:25:37 INFO Test Metrics:
Mon 08 Jan 2024 01:25:37 INFO 5: precision: 0.02553 | recall: 0.07039 | ndcg: 0.05384 | hit_rate: 0.11426 | map: 0.03948
Mon 08 Jan 2024 01:25:37 INFO 10: precision: 0.01989 | recall: 0.10646 | ndcg: 0.06758 | hit_rate: 0.16865 | map: 0.04511
Mon 08 Jan 2024 01:25:37 INFO 20: precision: 0.01445 | recall: 0.15432 | ndcg: 0.08186 | hit_rate: 0.23382 | map: 0.04916
Mon 08 Jan 2024 01:25:42 INFO Epoch 72, Loss: 1.06568
Mon 08 Jan 2024 01:25:42 INFO Validation Metrics:
Mon 08 Jan 2024 01:25:42 INFO 5: precision: 0.01564 | recall: 0.06901 | ndcg: 0.04603 | hit_rate: 0.07564 | map: 0.03701
Mon 08 Jan 2024 01:25:42 INFO 10: precision: 0.01204 | recall: 0.10448 | ndcg: 0.05774 | hit_rate: 0.11400 | map: 0.04184
Mon 08 Jan 2024 01:25:42 INFO 20: precision: 0.00886 | recall: 0.15262 | ndcg: 0.07026 | hit_rate: 0.16438 | map: 0.04533
Mon 08 Jan 2024 01:25:42 INFO Test Metrics:
Mon 08 Jan 2024 01:25:42 INFO 5: precision: 0.02568 | recall: 0.07047 | ndcg: 0.05411 | hit_rate: 0.11523 | map: 0.03973
Mon 08 Jan 2024 01:25:42 INFO 10: precision: 0.01992 | recall: 0.10641 | ndcg: 0.06779 | hit_rate: 0.16929 | map: 0.04535
Mon 08 Jan 2024 01:25:42 INFO 20: precision: 0.01441 | recall: 0.15352 | ndcg: 0.08184 | hit_rate: 0.23253 | map: 0.04935
Mon 08 Jan 2024 01:25:47 INFO Epoch 73, Loss: 0.99682
Mon 08 Jan 2024 01:25:48 INFO Validation Metrics:
Mon 08 Jan 2024 01:25:48 INFO 5: precision: 0.01568 | recall: 0.06896 | ndcg: 0.04608 | hit_rate: 0.07622 | map: 0.03702
Mon 08 Jan 2024 01:25:48 INFO 10: precision: 0.01196 | recall: 0.10380 | ndcg: 0.05757 | hit_rate: 0.11316 | map: 0.04182
Mon 08 Jan 2024 01:25:48 INFO 20: precision: 0.00885 | recall: 0.15238 | ndcg: 0.07020 | hit_rate: 0.16387 | map: 0.04534
Mon 08 Jan 2024 01:25:48 INFO Test Metrics:
Mon 08 Jan 2024 01:25:48 INFO 5: precision: 0.02581 | recall: 0.07060 | ndcg: 0.05423 | hit_rate: 0.11555 | map: 0.03974
Mon 08 Jan 2024 01:25:48 INFO 10: precision: 0.01990 | recall: 0.10625 | ndcg: 0.06778 | hit_rate: 0.16832 | map: 0.04536
Mon 08 Jan 2024 01:25:48 INFO 20: precision: 0.01441 | recall: 0.15363 | ndcg: 0.08191 | hit_rate: 0.23246 | map: 0.04937
Mon 08 Jan 2024 01:25:52 INFO Epoch 74, Loss: 1.01020
Mon 08 Jan 2024 01:25:53 INFO Validation Metrics:
Mon 08 Jan 2024 01:25:53 INFO 5: precision: 0.01558 | recall: 0.06801 | ndcg: 0.04576 | hit_rate: 0.07531 | map: 0.03688
Mon 08 Jan 2024 01:25:53 INFO 10: precision: 0.01200 | recall: 0.10435 | ndcg: 0.05770 | hit_rate: 0.11374 | map: 0.04184
Mon 08 Jan 2024 01:25:53 INFO 20: precision: 0.00888 | recall: 0.15272 | ndcg: 0.07028 | hit_rate: 0.16426 | map: 0.04534
Mon 08 Jan 2024 01:25:53 INFO Test Metrics:
Mon 08 Jan 2024 01:25:53 INFO 5: precision: 0.02584 | recall: 0.07053 | ndcg: 0.05420 | hit_rate: 0.11568 | map: 0.03969
Mon 08 Jan 2024 01:25:53 INFO 10: precision: 0.01997 | recall: 0.10668 | ndcg: 0.06791 | hit_rate: 0.16891 | map: 0.04538
Mon 08 Jan 2024 01:25:53 INFO 20: precision: 0.01439 | recall: 0.15314 | ndcg: 0.08178 | hit_rate: 0.23272 | map: 0.04930
Mon 08 Jan 2024 01:25:57 INFO Epoch 75, Loss: 0.96192
Mon 08 Jan 2024 01:25:58 INFO Validation Metrics:
Mon 08 Jan 2024 01:25:58 INFO 5: precision: 0.01558 | recall: 0.06833 | ndcg: 0.04587 | hit_rate: 0.07583 | map: 0.03693
Mon 08 Jan 2024 01:25:58 INFO 10: precision: 0.01196 | recall: 0.10387 | ndcg: 0.05754 | hit_rate: 0.11329 | map: 0.04178
Mon 08 Jan 2024 01:25:58 INFO 20: precision: 0.00881 | recall: 0.15149 | ndcg: 0.06995 | hit_rate: 0.16271 | map: 0.04525
Mon 08 Jan 2024 01:25:58 INFO Test Metrics:
Mon 08 Jan 2024 01:25:58 INFO 5: precision: 0.02558 | recall: 0.06981 | ndcg: 0.05395 | hit_rate: 0.11510 | map: 0.03956
Mon 08 Jan 2024 01:25:58 INFO 10: precision: 0.01980 | recall: 0.10591 | ndcg: 0.06767 | hit_rate: 0.16832 | map: 0.04526
Mon 08 Jan 2024 01:25:58 INFO 20: precision: 0.01440 | recall: 0.15358 | ndcg: 0.08189 | hit_rate: 0.23324 | map: 0.04930
Mon 08 Jan 2024 01:26:02 INFO Epoch 76, Loss: 0.92534
Mon 08 Jan 2024 01:26:03 INFO Validation Metrics:
Mon 08 Jan 2024 01:26:03 INFO 5: precision: 0.01551 | recall: 0.06827 | ndcg: 0.04627 | hit_rate: 0.07564 | map: 0.03750
Mon 08 Jan 2024 01:26:03 INFO 10: precision: 0.01182 | recall: 0.10262 | ndcg: 0.05763 | hit_rate: 0.11194 | map: 0.04225
Mon 08 Jan 2024 01:26:03 INFO 20: precision: 0.00884 | recall: 0.15196 | ndcg: 0.07050 | hit_rate: 0.16322 | map: 0.04585
Mon 08 Jan 2024 01:26:03 INFO Test Metrics:
Mon 08 Jan 2024 01:26:03 INFO 5: precision: 0.02562 | recall: 0.07014 | ndcg: 0.05406 | hit_rate: 0.11497 | map: 0.03963
Mon 08 Jan 2024 01:26:03 INFO 10: precision: 0.01984 | recall: 0.10604 | ndcg: 0.06770 | hit_rate: 0.16884 | map: 0.04525
Mon 08 Jan 2024 01:26:03 INFO 20: precision: 0.01437 | recall: 0.15336 | ndcg: 0.08177 | hit_rate: 0.23233 | map: 0.04924
Mon 08 Jan 2024 01:26:08 INFO Epoch 77, Loss: 0.93578
Mon 08 Jan 2024 01:26:08 INFO Validation Metrics:
Mon 08 Jan 2024 01:26:08 INFO 5: precision: 0.01570 | recall: 0.06852 | ndcg: 0.04639 | hit_rate: 0.07609 | map: 0.03750
Mon 08 Jan 2024 01:26:08 INFO 10: precision: 0.01194 | recall: 0.10352 | ndcg: 0.05790 | hit_rate: 0.11323 | map: 0.04229
Mon 08 Jan 2024 01:26:08 INFO 20: precision: 0.00870 | recall: 0.14959 | ndcg: 0.06994 | hit_rate: 0.16077 | map: 0.04569
Mon 08 Jan 2024 01:26:08 INFO Test Metrics:
Mon 08 Jan 2024 01:26:08 INFO 5: precision: 0.02551 | recall: 0.06996 | ndcg: 0.05383 | hit_rate: 0.11458 | map: 0.03944
Mon 08 Jan 2024 01:26:08 INFO 10: precision: 0.01977 | recall: 0.10613 | ndcg: 0.06753 | hit_rate: 0.16845 | map: 0.04510
Mon 08 Jan 2024 01:26:08 INFO 20: precision: 0.01434 | recall: 0.15277 | ndcg: 0.08149 | hit_rate: 0.23130 | map: 0.04907
Mon 08 Jan 2024 01:26:13 INFO Epoch 78, Loss: 0.88127
Mon 08 Jan 2024 01:26:14 INFO Validation Metrics:
Mon 08 Jan 2024 01:26:14 INFO 5: precision: 0.01579 | recall: 0.06891 | ndcg: 0.04647 | hit_rate: 0.07635 | map: 0.03748
Mon 08 Jan 2024 01:26:14 INFO 10: precision: 0.01197 | recall: 0.10388 | ndcg: 0.05793 | hit_rate: 0.11349 | map: 0.04223
Mon 08 Jan 2024 01:26:14 INFO 20: precision: 0.00873 | recall: 0.15040 | ndcg: 0.07004 | hit_rate: 0.16180 | map: 0.04563
Mon 08 Jan 2024 01:26:14 INFO Test Metrics:
Mon 08 Jan 2024 01:26:14 INFO 5: precision: 0.02569 | recall: 0.07037 | ndcg: 0.05402 | hit_rate: 0.11562 | map: 0.03949
Mon 08 Jan 2024 01:26:14 INFO 10: precision: 0.01981 | recall: 0.10624 | ndcg: 0.06759 | hit_rate: 0.16884 | map: 0.04512
Mon 08 Jan 2024 01:26:14 INFO 20: precision: 0.01442 | recall: 0.15334 | ndcg: 0.08170 | hit_rate: 0.23221 | map: 0.04914
Mon 08 Jan 2024 01:26:18 INFO Epoch 79, Loss: 0.90775
Mon 08 Jan 2024 01:26:19 INFO Validation Metrics:
Mon 08 Jan 2024 01:26:19 INFO 5: precision: 0.01572 | recall: 0.06865 | ndcg: 0.04646 | hit_rate: 0.07615 | map: 0.03754
Mon 08 Jan 2024 01:26:19 INFO 10: precision: 0.01192 | recall: 0.10354 | ndcg: 0.05792 | hit_rate: 0.11291 | map: 0.04233
Mon 08 Jan 2024 01:26:19 INFO 20: precision: 0.00871 | recall: 0.15039 | ndcg: 0.07010 | hit_rate: 0.16199 | map: 0.04572
Mon 08 Jan 2024 01:26:19 INFO Test Metrics:
Mon 08 Jan 2024 01:26:19 INFO 5: precision: 0.02575 | recall: 0.07017 | ndcg: 0.05410 | hit_rate: 0.11562 | map: 0.03968
Mon 08 Jan 2024 01:26:19 INFO 10: precision: 0.01984 | recall: 0.10658 | ndcg: 0.06788 | hit_rate: 0.16916 | map: 0.04541
Mon 08 Jan 2024 01:26:19 INFO 20: precision: 0.01445 | recall: 0.15347 | ndcg: 0.08195 | hit_rate: 0.23253 | map: 0.04942
Mon 08 Jan 2024 01:26:23 INFO Epoch 80, Loss: 0.86878
Mon 08 Jan 2024 01:26:24 INFO Validation Metrics:
Mon 08 Jan 2024 01:26:24 INFO 5: precision: 0.01581 | recall: 0.06923 | ndcg: 0.04657 | hit_rate: 0.07667 | map: 0.03754
Mon 08 Jan 2024 01:26:24 INFO 10: precision: 0.01194 | recall: 0.10362 | ndcg: 0.05787 | hit_rate: 0.11342 | map: 0.04223
Mon 08 Jan 2024 01:26:24 INFO 20: precision: 0.00877 | recall: 0.15139 | ndcg: 0.07031 | hit_rate: 0.16258 | map: 0.04572
Mon 08 Jan 2024 01:26:24 INFO Test Metrics:
Mon 08 Jan 2024 01:26:24 INFO 5: precision: 0.02591 | recall: 0.07066 | ndcg: 0.05420 | hit_rate: 0.11607 | map: 0.03964
Mon 08 Jan 2024 01:26:24 INFO 10: precision: 0.01991 | recall: 0.10666 | ndcg: 0.06783 | hit_rate: 0.16968 | map: 0.04527
Mon 08 Jan 2024 01:26:24 INFO 20: precision: 0.01452 | recall: 0.15430 | ndcg: 0.08210 | hit_rate: 0.23356 | map: 0.04935
Mon 08 Jan 2024 01:26:28 INFO Epoch 81, Loss: 0.82855
Mon 08 Jan 2024 01:26:29 INFO Validation Metrics:
Mon 08 Jan 2024 01:26:29 INFO 5: precision: 0.01592 | recall: 0.06931 | ndcg: 0.04662 | hit_rate: 0.07673 | map: 0.03755
Mon 08 Jan 2024 01:26:29 INFO 10: precision: 0.01194 | recall: 0.10376 | ndcg: 0.05788 | hit_rate: 0.11323 | map: 0.04223
Mon 08 Jan 2024 01:26:29 INFO 20: precision: 0.00879 | recall: 0.15146 | ndcg: 0.07031 | hit_rate: 0.16296 | map: 0.04569
Mon 08 Jan 2024 01:26:29 INFO Test Metrics:
Mon 08 Jan 2024 01:26:29 INFO 5: precision: 0.02586 | recall: 0.07046 | ndcg: 0.05430 | hit_rate: 0.11536 | map: 0.03980
Mon 08 Jan 2024 01:26:29 INFO 10: precision: 0.01987 | recall: 0.10646 | ndcg: 0.06794 | hit_rate: 0.16916 | map: 0.04543
Mon 08 Jan 2024 01:26:29 INFO 20: precision: 0.01451 | recall: 0.15389 | ndcg: 0.08218 | hit_rate: 0.23337 | map: 0.04949
Mon 08 Jan 2024 01:26:34 INFO Epoch 82, Loss: 0.84606
Mon 08 Jan 2024 01:26:34 INFO Validation Metrics:
Mon 08 Jan 2024 01:26:34 INFO 5: precision: 0.01576 | recall: 0.06871 | ndcg: 0.04641 | hit_rate: 0.07596 | map: 0.03749
Mon 08 Jan 2024 01:26:34 INFO 10: precision: 0.01202 | recall: 0.10467 | ndcg: 0.05819 | hit_rate: 0.11400 | map: 0.04238
Mon 08 Jan 2024 01:26:34 INFO 20: precision: 0.00881 | recall: 0.15174 | ndcg: 0.07044 | hit_rate: 0.16354 | map: 0.04579
Mon 08 Jan 2024 01:26:34 INFO Test Metrics:
Mon 08 Jan 2024 01:26:34 INFO 5: precision: 0.02613 | recall: 0.07103 | ndcg: 0.05459 | hit_rate: 0.11620 | map: 0.04000
Mon 08 Jan 2024 01:26:34 INFO 10: precision: 0.01993 | recall: 0.10688 | ndcg: 0.06809 | hit_rate: 0.16962 | map: 0.04554
Mon 08 Jan 2024 01:26:34 INFO 20: precision: 0.01453 | recall: 0.15421 | ndcg: 0.08231 | hit_rate: 0.23356 | map: 0.04959
Mon 08 Jan 2024 01:26:39 INFO Epoch 83, Loss: 0.77622
Mon 08 Jan 2024 01:26:40 INFO Validation Metrics:
Mon 08 Jan 2024 01:26:40 INFO 5: precision: 0.01593 | recall: 0.06948 | ndcg: 0.04689 | hit_rate: 0.07661 | map: 0.03792
Mon 08 Jan 2024 01:26:40 INFO 10: precision: 0.01207 | recall: 0.10479 | ndcg: 0.05849 | hit_rate: 0.11420 | map: 0.04273
Mon 08 Jan 2024 01:26:40 INFO 20: precision: 0.00883 | recall: 0.15195 | ndcg: 0.07077 | hit_rate: 0.16400 | map: 0.04614
Mon 08 Jan 2024 01:26:40 INFO Test Metrics:
Mon 08 Jan 2024 01:26:40 INFO 5: precision: 0.02629 | recall: 0.07155 | ndcg: 0.05483 | hit_rate: 0.11730 | map: 0.04012
Mon 08 Jan 2024 01:26:40 INFO 10: precision: 0.02000 | recall: 0.10714 | ndcg: 0.06828 | hit_rate: 0.16955 | map: 0.04570
Mon 08 Jan 2024 01:26:40 INFO 20: precision: 0.01450 | recall: 0.15402 | ndcg: 0.08234 | hit_rate: 0.23311 | map: 0.04971
Mon 08 Jan 2024 01:26:44 INFO Epoch 84, Loss: 0.79546
Mon 08 Jan 2024 01:26:45 INFO Validation Metrics:
Mon 08 Jan 2024 01:26:45 INFO 5: precision: 0.01588 | recall: 0.06929 | ndcg: 0.04680 | hit_rate: 0.07641 | map: 0.03789
Mon 08 Jan 2024 01:26:45 INFO 10: precision: 0.01209 | recall: 0.10500 | ndcg: 0.05852 | hit_rate: 0.11446 | map: 0.04274
Mon 08 Jan 2024 01:26:45 INFO 20: precision: 0.00882 | recall: 0.15147 | ndcg: 0.07065 | hit_rate: 0.16335 | map: 0.04612
Mon 08 Jan 2024 01:26:45 INFO Test Metrics:
Mon 08 Jan 2024 01:26:45 INFO 5: precision: 0.02642 | recall: 0.07170 | ndcg: 0.05501 | hit_rate: 0.11769 | map: 0.04025
Mon 08 Jan 2024 01:26:45 INFO 10: precision: 0.02000 | recall: 0.10738 | ndcg: 0.06843 | hit_rate: 0.16962 | map: 0.04582
Mon 08 Jan 2024 01:26:45 INFO 20: precision: 0.01450 | recall: 0.15426 | ndcg: 0.08248 | hit_rate: 0.23350 | map: 0.04982
Mon 08 Jan 2024 01:26:49 INFO Epoch 85, Loss: 0.79837
Mon 08 Jan 2024 01:26:50 INFO Validation Metrics:
Mon 08 Jan 2024 01:26:50 INFO 5: precision: 0.01579 | recall: 0.06879 | ndcg: 0.04648 | hit_rate: 0.07583 | map: 0.03765
Mon 08 Jan 2024 01:26:50 INFO 10: precision: 0.01200 | recall: 0.10410 | ndcg: 0.05812 | hit_rate: 0.11342 | map: 0.04251
Mon 08 Jan 2024 01:26:50 INFO 20: precision: 0.00884 | recall: 0.15159 | ndcg: 0.07051 | hit_rate: 0.16361 | map: 0.04595
Mon 08 Jan 2024 01:26:50 INFO Test Metrics:
Mon 08 Jan 2024 01:26:50 INFO 5: precision: 0.02640 | recall: 0.07173 | ndcg: 0.05533 | hit_rate: 0.11781 | map: 0.04061
Mon 08 Jan 2024 01:26:50 INFO 10: precision: 0.02003 | recall: 0.10738 | ndcg: 0.06875 | hit_rate: 0.17039 | map: 0.04614
Mon 08 Jan 2024 01:26:50 INFO 20: precision: 0.01453 | recall: 0.15470 | ndcg: 0.08288 | hit_rate: 0.23376 | map: 0.05017
Mon 08 Jan 2024 01:26:54 INFO Epoch 86, Loss: 0.79566
Mon 08 Jan 2024 01:26:55 INFO Validation Metrics:
Mon 08 Jan 2024 01:26:55 INFO 5: precision: 0.01590 | recall: 0.06969 | ndcg: 0.04677 | hit_rate: 0.07641 | map: 0.03778
Mon 08 Jan 2024 01:26:55 INFO 10: precision: 0.01199 | recall: 0.10430 | ndcg: 0.05818 | hit_rate: 0.11362 | map: 0.04252
Mon 08 Jan 2024 01:26:55 INFO 20: precision: 0.00883 | recall: 0.15194 | ndcg: 0.07062 | hit_rate: 0.16406 | map: 0.04598
Mon 08 Jan 2024 01:26:55 INFO Test Metrics:
Mon 08 Jan 2024 01:26:55 INFO 5: precision: 0.02643 | recall: 0.07185 | ndcg: 0.05537 | hit_rate: 0.11820 | map: 0.04064
Mon 08 Jan 2024 01:26:55 INFO 10: precision: 0.02007 | recall: 0.10742 | ndcg: 0.06878 | hit_rate: 0.16994 | map: 0.04621
Mon 08 Jan 2024 01:26:55 INFO 20: precision: 0.01448 | recall: 0.15403 | ndcg: 0.08271 | hit_rate: 0.23311 | map: 0.05016
Mon 08 Jan 2024 01:27:00 INFO Epoch 87, Loss: 0.78546
Mon 08 Jan 2024 01:27:00 INFO Validation Metrics:
Mon 08 Jan 2024 01:27:00 INFO 5: precision: 0.01601 | recall: 0.06995 | ndcg: 0.04672 | hit_rate: 0.07693 | map: 0.03761
Mon 08 Jan 2024 01:27:00 INFO 10: precision: 0.01199 | recall: 0.10439 | ndcg: 0.05803 | hit_rate: 0.11362 | map: 0.04230
Mon 08 Jan 2024 01:27:00 INFO 20: precision: 0.00885 | recall: 0.15179 | ndcg: 0.07042 | hit_rate: 0.16413 | map: 0.04574
Mon 08 Jan 2024 01:27:00 INFO Test Metrics:
Mon 08 Jan 2024 01:27:00 INFO 5: precision: 0.02629 | recall: 0.07189 | ndcg: 0.05533 | hit_rate: 0.11723 | map: 0.04062
Mon 08 Jan 2024 01:27:00 INFO 10: precision: 0.01995 | recall: 0.10714 | ndcg: 0.06865 | hit_rate: 0.16916 | map: 0.04613
Mon 08 Jan 2024 01:27:00 INFO 20: precision: 0.01446 | recall: 0.15384 | ndcg: 0.08262 | hit_rate: 0.23266 | map: 0.05008
Mon 08 Jan 2024 01:27:05 INFO Epoch 88, Loss: 0.72508
Mon 08 Jan 2024 01:27:06 INFO Validation Metrics:
Mon 08 Jan 2024 01:27:06 INFO 5: precision: 0.01602 | recall: 0.07004 | ndcg: 0.04679 | hit_rate: 0.07719 | map: 0.03766
Mon 08 Jan 2024 01:27:06 INFO 10: precision: 0.01198 | recall: 0.10410 | ndcg: 0.05798 | hit_rate: 0.11349 | map: 0.04229
Mon 08 Jan 2024 01:27:06 INFO 20: precision: 0.00882 | recall: 0.15159 | ndcg: 0.07038 | hit_rate: 0.16354 | map: 0.04575
Mon 08 Jan 2024 01:27:06 INFO Test Metrics:
Mon 08 Jan 2024 01:27:06 INFO 5: precision: 0.02638 | recall: 0.07204 | ndcg: 0.05549 | hit_rate: 0.11794 | map: 0.04067
Mon 08 Jan 2024 01:27:06 INFO 10: precision: 0.01991 | recall: 0.10677 | ndcg: 0.06866 | hit_rate: 0.16878 | map: 0.04617
Mon 08 Jan 2024 01:27:06 INFO 20: precision: 0.01436 | recall: 0.15318 | ndcg: 0.08249 | hit_rate: 0.23137 | map: 0.05009
Mon 08 Jan 2024 01:27:10 INFO Epoch 89, Loss: 0.71152
Mon 08 Jan 2024 01:27:11 INFO Validation Metrics:
Mon 08 Jan 2024 01:27:11 INFO 5: precision: 0.01601 | recall: 0.06984 | ndcg: 0.04670 | hit_rate: 0.07699 | map: 0.03757
Mon 08 Jan 2024 01:27:11 INFO 10: precision: 0.01201 | recall: 0.10420 | ndcg: 0.05801 | hit_rate: 0.11355 | map: 0.04227
Mon 08 Jan 2024 01:27:11 INFO 20: precision: 0.00882 | recall: 0.15155 | ndcg: 0.07033 | hit_rate: 0.16342 | map: 0.04569
Mon 08 Jan 2024 01:27:11 INFO Test Metrics:
Mon 08 Jan 2024 01:27:11 INFO 5: precision: 0.02625 | recall: 0.07162 | ndcg: 0.05509 | hit_rate: 0.11691 | map: 0.04038
Mon 08 Jan 2024 01:27:11 INFO 10: precision: 0.01998 | recall: 0.10713 | ndcg: 0.06853 | hit_rate: 0.16936 | map: 0.04595
Mon 08 Jan 2024 01:27:11 INFO 20: precision: 0.01431 | recall: 0.15227 | ndcg: 0.08204 | hit_rate: 0.23072 | map: 0.04978
Mon 08 Jan 2024 01:27:15 INFO Epoch 90, Loss: 0.67111
Mon 08 Jan 2024 01:27:16 INFO Validation Metrics:
Mon 08 Jan 2024 01:27:16 INFO 5: precision: 0.01608 | recall: 0.07044 | ndcg: 0.04692 | hit_rate: 0.07738 | map: 0.03768
Mon 08 Jan 2024 01:27:16 INFO 10: precision: 0.01200 | recall: 0.10384 | ndcg: 0.05794 | hit_rate: 0.11329 | map: 0.04225
Mon 08 Jan 2024 01:27:16 INFO 20: precision: 0.00883 | recall: 0.15151 | ndcg: 0.07031 | hit_rate: 0.16329 | map: 0.04567
Mon 08 Jan 2024 01:27:16 INFO Test Metrics:
Mon 08 Jan 2024 01:27:16 INFO 5: precision: 0.02608 | recall: 0.07126 | ndcg: 0.05502 | hit_rate: 0.11659 | map: 0.04035
Mon 08 Jan 2024 01:27:16 INFO 10: precision: 0.01990 | recall: 0.10650 | ndcg: 0.06844 | hit_rate: 0.16884 | map: 0.04595
Mon 08 Jan 2024 01:27:16 INFO 20: precision: 0.01436 | recall: 0.15304 | ndcg: 0.08232 | hit_rate: 0.23137 | map: 0.04991
Mon 08 Jan 2024 01:27:20 INFO Epoch 91, Loss: 0.68656
Mon 08 Jan 2024 01:27:21 INFO Validation Metrics:
Mon 08 Jan 2024 01:27:21 INFO 5: precision: 0.01604 | recall: 0.07021 | ndcg: 0.04684 | hit_rate: 0.07712 | map: 0.03769
Mon 08 Jan 2024 01:27:21 INFO 10: precision: 0.01196 | recall: 0.10394 | ndcg: 0.05797 | hit_rate: 0.11303 | map: 0.04232
Mon 08 Jan 2024 01:27:21 INFO 20: precision: 0.00879 | recall: 0.15111 | ndcg: 0.07027 | hit_rate: 0.16277 | map: 0.04573
Mon 08 Jan 2024 01:27:21 INFO Test Metrics:
Mon 08 Jan 2024 01:27:21 INFO 5: precision: 0.02616 | recall: 0.07132 | ndcg: 0.05512 | hit_rate: 0.11691 | map: 0.04046
Mon 08 Jan 2024 01:27:21 INFO 10: precision: 0.01997 | recall: 0.10668 | ndcg: 0.06857 | hit_rate: 0.16929 | map: 0.04605
Mon 08 Jan 2024 01:27:21 INFO 20: precision: 0.01425 | recall: 0.15170 | ndcg: 0.08200 | hit_rate: 0.22969 | map: 0.04989
Mon 08 Jan 2024 01:27:26 INFO Epoch 92, Loss: 0.67259
Mon 08 Jan 2024 01:27:26 INFO Validation Metrics:
Mon 08 Jan 2024 01:27:26 INFO 5: precision: 0.01610 | recall: 0.07007 | ndcg: 0.04704 | hit_rate: 0.07706 | map: 0.03795
Mon 08 Jan 2024 01:27:26 INFO 10: precision: 0.01198 | recall: 0.10403 | ndcg: 0.05820 | hit_rate: 0.11323 | map: 0.04257
Mon 08 Jan 2024 01:27:26 INFO 20: precision: 0.00877 | recall: 0.15061 | ndcg: 0.07036 | hit_rate: 0.16238 | map: 0.04596
Mon 08 Jan 2024 01:27:26 INFO Test Metrics:
Mon 08 Jan 2024 01:27:26 INFO 5: precision: 0.02615 | recall: 0.07124 | ndcg: 0.05527 | hit_rate: 0.11659 | map: 0.04068
Mon 08 Jan 2024 01:27:26 INFO 10: precision: 0.01998 | recall: 0.10684 | ndcg: 0.06878 | hit_rate: 0.16936 | map: 0.04628
Mon 08 Jan 2024 01:27:26 INFO 20: precision: 0.01432 | recall: 0.15245 | ndcg: 0.08238 | hit_rate: 0.23072 | map: 0.05014
Mon 08 Jan 2024 01:27:31 INFO Epoch 93, Loss: 0.69077
Mon 08 Jan 2024 01:27:32 INFO Validation Metrics:
Mon 08 Jan 2024 01:27:32 INFO 5: precision: 0.01608 | recall: 0.07014 | ndcg: 0.04730 | hit_rate: 0.07719 | map: 0.03828
Mon 08 Jan 2024 01:27:32 INFO 10: precision: 0.01200 | recall: 0.10435 | ndcg: 0.05854 | hit_rate: 0.11381 | map: 0.04293
Mon 08 Jan 2024 01:27:32 INFO 20: precision: 0.00877 | recall: 0.15075 | ndcg: 0.07064 | hit_rate: 0.16212 | map: 0.04631
Mon 08 Jan 2024 01:27:32 INFO Test Metrics:
Mon 08 Jan 2024 01:27:32 INFO 5: precision: 0.02608 | recall: 0.07109 | ndcg: 0.05498 | hit_rate: 0.11652 | map: 0.04039
Mon 08 Jan 2024 01:27:32 INFO 10: precision: 0.01989 | recall: 0.10626 | ndcg: 0.06836 | hit_rate: 0.16807 | map: 0.04598
Mon 08 Jan 2024 01:27:32 INFO 20: precision: 0.01435 | recall: 0.15264 | ndcg: 0.08219 | hit_rate: 0.23091 | map: 0.04989
Mon 08 Jan 2024 01:27:36 INFO Epoch 94, Loss: 0.68182
Mon 08 Jan 2024 01:27:37 INFO Validation Metrics:
Mon 08 Jan 2024 01:27:37 INFO 5: precision: 0.01611 | recall: 0.07026 | ndcg: 0.04721 | hit_rate: 0.07719 | map: 0.03812
Mon 08 Jan 2024 01:27:37 INFO 10: precision: 0.01200 | recall: 0.10438 | ndcg: 0.05842 | hit_rate: 0.11355 | map: 0.04277
Mon 08 Jan 2024 01:27:37 INFO 20: precision: 0.00880 | recall: 0.15139 | ndcg: 0.07067 | hit_rate: 0.16290 | map: 0.04617
Mon 08 Jan 2024 01:27:37 INFO Test Metrics:
Mon 08 Jan 2024 01:27:37 INFO 5: precision: 0.02594 | recall: 0.07039 | ndcg: 0.05494 | hit_rate: 0.11581 | map: 0.04049
Mon 08 Jan 2024 01:27:37 INFO 10: precision: 0.02007 | recall: 0.10741 | ndcg: 0.06894 | hit_rate: 0.16897 | map: 0.04636
Mon 08 Jan 2024 01:27:37 INFO 20: precision: 0.01434 | recall: 0.15218 | ndcg: 0.08233 | hit_rate: 0.23078 | map: 0.05014
Mon 08 Jan 2024 01:27:41 INFO Epoch 95, Loss: 0.63637
Mon 08 Jan 2024 01:27:42 INFO Validation Metrics:
Mon 08 Jan 2024 01:27:42 INFO 5: precision: 0.01611 | recall: 0.07027 | ndcg: 0.04701 | hit_rate: 0.07719 | map: 0.03786
Mon 08 Jan 2024 01:27:42 INFO 10: precision: 0.01200 | recall: 0.10393 | ndcg: 0.05810 | hit_rate: 0.11336 | map: 0.04245
Mon 08 Jan 2024 01:27:42 INFO 20: precision: 0.00890 | recall: 0.15253 | ndcg: 0.07077 | hit_rate: 0.16445 | map: 0.04597
Mon 08 Jan 2024 01:27:42 INFO Test Metrics:
Mon 08 Jan 2024 01:27:42 INFO 5: precision: 0.02589 | recall: 0.07071 | ndcg: 0.05517 | hit_rate: 0.11601 | map: 0.04067
Mon 08 Jan 2024 01:27:42 INFO 10: precision: 0.02004 | recall: 0.10751 | ndcg: 0.06907 | hit_rate: 0.16929 | map: 0.04646
Mon 08 Jan 2024 01:27:42 INFO 20: precision: 0.01432 | recall: 0.15160 | ndcg: 0.08233 | hit_rate: 0.22975 | map: 0.05024
Mon 08 Jan 2024 01:27:46 INFO Epoch 96, Loss: 0.67137
Mon 08 Jan 2024 01:27:47 INFO Validation Metrics:
Mon 08 Jan 2024 01:27:47 INFO 5: precision: 0.01602 | recall: 0.06993 | ndcg: 0.04693 | hit_rate: 0.07680 | map: 0.03786
Mon 08 Jan 2024 01:27:47 INFO 10: precision: 0.01205 | recall: 0.10475 | ndcg: 0.05838 | hit_rate: 0.11368 | map: 0.04262
Mon 08 Jan 2024 01:27:47 INFO 20: precision: 0.00882 | recall: 0.15145 | ndcg: 0.07056 | hit_rate: 0.16335 | map: 0.04598
Mon 08 Jan 2024 01:27:47 INFO Test Metrics:
Mon 08 Jan 2024 01:27:47 INFO 5: precision: 0.02613 | recall: 0.07111 | ndcg: 0.05520 | hit_rate: 0.11710 | map: 0.04059
Mon 08 Jan 2024 01:27:47 INFO 10: precision: 0.02007 | recall: 0.10789 | ndcg: 0.06906 | hit_rate: 0.16975 | map: 0.04638
Mon 08 Jan 2024 01:27:47 INFO 20: precision: 0.01435 | recall: 0.15226 | ndcg: 0.08240 | hit_rate: 0.23046 | map: 0.05019
Mon 08 Jan 2024 01:27:51 INFO Epoch 97, Loss: 0.64714
Mon 08 Jan 2024 01:27:52 INFO Validation Metrics:
Mon 08 Jan 2024 01:27:52 INFO 5: precision: 0.01597 | recall: 0.06978 | ndcg: 0.04690 | hit_rate: 0.07661 | map: 0.03787
Mon 08 Jan 2024 01:27:52 INFO 10: precision: 0.01207 | recall: 0.10449 | ndcg: 0.05834 | hit_rate: 0.11387 | map: 0.04260
Mon 08 Jan 2024 01:27:52 INFO 20: precision: 0.00880 | recall: 0.15101 | ndcg: 0.07046 | hit_rate: 0.16309 | map: 0.04596
Mon 08 Jan 2024 01:27:52 INFO Test Metrics:
Mon 08 Jan 2024 01:27:52 INFO 5: precision: 0.02613 | recall: 0.07156 | ndcg: 0.05532 | hit_rate: 0.11691 | map: 0.04073
Mon 08 Jan 2024 01:27:52 INFO 10: precision: 0.02008 | recall: 0.10782 | ndcg: 0.06903 | hit_rate: 0.16936 | map: 0.04642
Mon 08 Jan 2024 01:27:52 INFO 20: precision: 0.01431 | recall: 0.15177 | ndcg: 0.08226 | hit_rate: 0.23027 | map: 0.05017
Mon 08 Jan 2024 01:27:57 INFO Epoch 98, Loss: 0.59355
Mon 08 Jan 2024 01:27:57 INFO Validation Metrics:
Mon 08 Jan 2024 01:27:57 INFO 5: precision: 0.01607 | recall: 0.06997 | ndcg: 0.04698 | hit_rate: 0.07693 | map: 0.03789
Mon 08 Jan 2024 01:27:57 INFO 10: precision: 0.01203 | recall: 0.10432 | ndcg: 0.05827 | hit_rate: 0.11355 | map: 0.04257
Mon 08 Jan 2024 01:27:57 INFO 20: precision: 0.00884 | recall: 0.15162 | ndcg: 0.07061 | hit_rate: 0.16361 | map: 0.04600
Mon 08 Jan 2024 01:27:57 INFO Test Metrics:
Mon 08 Jan 2024 01:27:57 INFO 5: precision: 0.02607 | recall: 0.07120 | ndcg: 0.05540 | hit_rate: 0.11723 | map: 0.04082
Mon 08 Jan 2024 01:27:57 INFO 10: precision: 0.02015 | recall: 0.10799 | ndcg: 0.06935 | hit_rate: 0.16955 | map: 0.04668
Mon 08 Jan 2024 01:27:57 INFO 20: precision: 0.01436 | recall: 0.15257 | ndcg: 0.08270 | hit_rate: 0.23104 | map: 0.05046
Mon 08 Jan 2024 01:28:02 INFO Epoch 99, Loss: 0.58640
Mon 08 Jan 2024 01:28:03 INFO Validation Metrics:
Mon 08 Jan 2024 01:28:03 INFO 5: precision: 0.01590 | recall: 0.06930 | ndcg: 0.04661 | hit_rate: 0.07635 | map: 0.03761
Mon 08 Jan 2024 01:28:03 INFO 10: precision: 0.01208 | recall: 0.10478 | ndcg: 0.05829 | hit_rate: 0.11387 | map: 0.04248
Mon 08 Jan 2024 01:28:03 INFO 20: precision: 0.00887 | recall: 0.15230 | ndcg: 0.07062 | hit_rate: 0.16413 | map: 0.04587
Mon 08 Jan 2024 01:28:03 INFO Test Metrics:
Mon 08 Jan 2024 01:28:03 INFO 5: precision: 0.02615 | recall: 0.07130 | ndcg: 0.05546 | hit_rate: 0.11723 | map: 0.04086
Mon 08 Jan 2024 01:28:03 INFO 10: precision: 0.02017 | recall: 0.10814 | ndcg: 0.06939 | hit_rate: 0.16987 | map: 0.04669
Mon 08 Jan 2024 01:28:03 INFO 20: precision: 0.01433 | recall: 0.15182 | ndcg: 0.08252 | hit_rate: 0.23040 | map: 0.05041
Mon 08 Jan 2024 01:28:07 INFO Epoch 100, Loss: 0.58864
Mon 08 Jan 2024 01:28:08 INFO Validation Metrics:
Mon 08 Jan 2024 01:28:08 INFO 5: precision: 0.01601 | recall: 0.06981 | ndcg: 0.04688 | hit_rate: 0.07680 | map: 0.03785
Mon 08 Jan 2024 01:28:08 INFO 10: precision: 0.01203 | recall: 0.10449 | ndcg: 0.05832 | hit_rate: 0.11329 | map: 0.04263
Mon 08 Jan 2024 01:28:08 INFO 20: precision: 0.00882 | recall: 0.15168 | ndcg: 0.07060 | hit_rate: 0.16335 | map: 0.04602
Mon 08 Jan 2024 01:28:08 INFO Test Metrics:
Mon 08 Jan 2024 01:28:08 INFO 5: precision: 0.02615 | recall: 0.07107 | ndcg: 0.05523 | hit_rate: 0.11685 | map: 0.04064
Mon 08 Jan 2024 01:28:08 INFO 10: precision: 0.02024 | recall: 0.10837 | ndcg: 0.06932 | hit_rate: 0.17039 | map: 0.04651
Mon 08 Jan 2024 01:28:08 INFO 20: precision: 0.01435 | recall: 0.15215 | ndcg: 0.08244 | hit_rate: 0.22994 | map: 0.05025
Mon 08 Jan 2024 01:28:12 INFO Epoch 101, Loss: 0.62091
Mon 08 Jan 2024 01:28:13 INFO Validation Metrics:
Mon 08 Jan 2024 01:28:13 INFO 5: precision: 0.01617 | recall: 0.07047 | ndcg: 0.04743 | hit_rate: 0.07757 | map: 0.03830
Mon 08 Jan 2024 01:28:13 INFO 10: precision: 0.01208 | recall: 0.10472 | ndcg: 0.05874 | hit_rate: 0.11368 | map: 0.04304
Mon 08 Jan 2024 01:28:13 INFO 20: precision: 0.00885 | recall: 0.15194 | ndcg: 0.07101 | hit_rate: 0.16361 | map: 0.04641
Mon 08 Jan 2024 01:28:13 INFO Test Metrics:
Mon 08 Jan 2024 01:28:13 INFO 5: precision: 0.02637 | recall: 0.07186 | ndcg: 0.05559 | hit_rate: 0.11775 | map: 0.04084
Mon 08 Jan 2024 01:28:13 INFO 10: precision: 0.02006 | recall: 0.10738 | ndcg: 0.06903 | hit_rate: 0.16910 | map: 0.04646
Mon 08 Jan 2024 01:28:13 INFO 20: precision: 0.01429 | recall: 0.15153 | ndcg: 0.08229 | hit_rate: 0.22936 | map: 0.05026
Mon 08 Jan 2024 01:28:18 INFO Epoch 102, Loss: 0.59117
Mon 08 Jan 2024 01:28:18 INFO Validation Metrics:
Mon 08 Jan 2024 01:28:18 INFO 5: precision: 0.01624 | recall: 0.07064 | ndcg: 0.04739 | hit_rate: 0.07796 | map: 0.03818
Mon 08 Jan 2024 01:28:18 INFO 10: precision: 0.01208 | recall: 0.10477 | ndcg: 0.05862 | hit_rate: 0.11368 | map: 0.04289
Mon 08 Jan 2024 01:28:18 INFO 20: precision: 0.00889 | recall: 0.15287 | ndcg: 0.07108 | hit_rate: 0.16464 | map: 0.04630
Mon 08 Jan 2024 01:28:18 INFO Test Metrics:
Mon 08 Jan 2024 01:28:18 INFO 5: precision: 0.02651 | recall: 0.07210 | ndcg: 0.05561 | hit_rate: 0.11807 | map: 0.04085
Mon 08 Jan 2024 01:28:18 INFO 10: precision: 0.02010 | recall: 0.10751 | ndcg: 0.06897 | hit_rate: 0.16897 | map: 0.04642
Mon 08 Jan 2024 01:28:18 INFO 20: precision: 0.01428 | recall: 0.15200 | ndcg: 0.08226 | hit_rate: 0.22949 | map: 0.05019
Mon 08 Jan 2024 01:28:23 INFO Epoch 103, Loss: 0.58826
Mon 08 Jan 2024 01:28:24 INFO Validation Metrics:
Mon 08 Jan 2024 01:28:24 INFO 5: precision: 0.01626 | recall: 0.07028 | ndcg: 0.04729 | hit_rate: 0.07764 | map: 0.03811
Mon 08 Jan 2024 01:28:24 INFO 10: precision: 0.01219 | recall: 0.10552 | ndcg: 0.05887 | hit_rate: 0.11471 | map: 0.04294
Mon 08 Jan 2024 01:28:24 INFO 20: precision: 0.00878 | recall: 0.15099 | ndcg: 0.07067 | hit_rate: 0.16238 | map: 0.04620
Mon 08 Jan 2024 01:28:24 INFO Test Metrics:
Mon 08 Jan 2024 01:28:24 INFO 5: precision: 0.02660 | recall: 0.07233 | ndcg: 0.05556 | hit_rate: 0.11885 | map: 0.04062
Mon 08 Jan 2024 01:28:24 INFO 10: precision: 0.01989 | recall: 0.10654 | ndcg: 0.06846 | hit_rate: 0.16748 | map: 0.04605
Mon 08 Jan 2024 01:28:24 INFO 20: precision: 0.01428 | recall: 0.15149 | ndcg: 0.08198 | hit_rate: 0.22930 | map: 0.04989
Mon 08 Jan 2024 01:28:28 INFO Epoch 104, Loss: 0.55368
Mon 08 Jan 2024 01:28:29 INFO Validation Metrics:
Mon 08 Jan 2024 01:28:29 INFO 5: precision: 0.01634 | recall: 0.07090 | ndcg: 0.04764 | hit_rate: 0.07816 | map: 0.03840
Mon 08 Jan 2024 01:28:29 INFO 10: precision: 0.01216 | recall: 0.10553 | ndcg: 0.05905 | hit_rate: 0.11446 | map: 0.04318
Mon 08 Jan 2024 01:28:29 INFO 20: precision: 0.00880 | recall: 0.15120 | ndcg: 0.07090 | hit_rate: 0.16264 | map: 0.04645
Mon 08 Jan 2024 01:28:29 INFO Test Metrics:
Mon 08 Jan 2024 01:28:29 INFO 5: precision: 0.02643 | recall: 0.07182 | ndcg: 0.05553 | hit_rate: 0.11827 | map: 0.04075
Mon 08 Jan 2024 01:28:29 INFO 10: precision: 0.01986 | recall: 0.10623 | ndcg: 0.06852 | hit_rate: 0.16781 | map: 0.04620
Mon 08 Jan 2024 01:28:29 INFO 20: precision: 0.01436 | recall: 0.15239 | ndcg: 0.08237 | hit_rate: 0.23007 | map: 0.05016
Mon 08 Jan 2024 01:28:33 INFO Epoch 105, Loss: 0.58519
Mon 08 Jan 2024 01:28:34 INFO Validation Metrics:
Mon 08 Jan 2024 01:28:34 INFO 5: precision: 0.01625 | recall: 0.07032 | ndcg: 0.04752 | hit_rate: 0.07770 | map: 0.03839
Mon 08 Jan 2024 01:28:34 INFO 10: precision: 0.01214 | recall: 0.10530 | ndcg: 0.05905 | hit_rate: 0.11433 | map: 0.04324
Mon 08 Jan 2024 01:28:34 INFO 20: precision: 0.00888 | recall: 0.15250 | ndcg: 0.07130 | hit_rate: 0.16387 | map: 0.04663
Mon 08 Jan 2024 01:28:34 INFO Test Metrics:
Mon 08 Jan 2024 01:28:34 INFO 5: precision: 0.02631 | recall: 0.07149 | ndcg: 0.05525 | hit_rate: 0.11756 | map: 0.04055
Mon 08 Jan 2024 01:28:34 INFO 10: precision: 0.02002 | recall: 0.10685 | ndcg: 0.06864 | hit_rate: 0.16916 | map: 0.04613
Mon 08 Jan 2024 01:28:34 INFO 20: precision: 0.01435 | recall: 0.15219 | ndcg: 0.08221 | hit_rate: 0.23046 | map: 0.05001
Mon 08 Jan 2024 01:28:34 INFO Best Test Metrics:
Mon 08 Jan 2024 01:28:34 INFO 5: precision: 0.02640 | recall: 0.07173 | ndcg: 0.05533 | hit_rate: 0.11781 | map: 0.04061
Mon 08 Jan 2024 01:28:34 INFO 10: precision: 0.02003 | recall: 0.10738 | ndcg: 0.06875 | hit_rate: 0.17039 | map: 0.04614
Mon 08 Jan 2024 01:28:34 INFO 20: precision: 0.01453 | recall: 0.15470 | ndcg: 0.08288 | hit_rate: 0.23376 | map: 0.05017
Mon 08 Jan 2024 01:28:34 INFO Best performance: 0.15470
Mon 08 Jan 2024 01:28:34 INFO Best parameters: {'learning_rate': 0.001, 'reg_weight': 0.001, 'mm_layers': 1, 'n_layers': 2, 'threshold': 0.2, 'lambda_coeff': 0.5}
Mon 08 Jan 2024 01:28:34 INFO Best metrics:
Mon 08 Jan 2024 01:28:34 INFO 5: precision: 0.02640 | recall: 0.07173 | ndcg: 0.05533 | hit_rate: 0.11781 | map: 0.04061
Mon 08 Jan 2024 01:28:34 INFO 10: precision: 0.02003 | recall: 0.10738 | ndcg: 0.06875 | hit_rate: 0.17039 | map: 0.04614
Mon 08 Jan 2024 01:28:34 INFO 20: precision: 0.01453 | recall: 0.15470 | ndcg: 0.08288 | hit_rate: 0.23376 | map: 0.05017
