Sat 06 Jan 2024 21:22:34 INFO ============Arguments==============
Sat 06 Jan 2024 21:22:34 INFO Model: DDRec
Sat 06 Jan 2024 21:22:34 INFO data_path: sports
Sat 06 Jan 2024 21:22:34 INFO learning_rate: 0.001
Sat 06 Jan 2024 21:22:34 INFO feature_embed: 64
Sat 06 Jan 2024 21:22:34 INFO batch_size: 1024
Sat 06 Jan 2024 21:22:34 INFO aggr_mode: add
Sat 06 Jan 2024 21:22:34 INFO reg_weight: 0.001
Sat 06 Jan 2024 21:22:34 INFO dim_E: 64
Sat 06 Jan 2024 21:22:34 INFO num_epoch: 1000
Sat 06 Jan 2024 21:22:34 INFO dropout: 0.2
Sat 06 Jan 2024 21:22:34 INFO n_layers: 2
Sat 06 Jan 2024 21:22:34 INFO corDecay: 0.001
Sat 06 Jan 2024 21:22:34 INFO n_factors: 4
Sat 06 Jan 2024 21:22:34 INFO n_iterations: 3
Sat 06 Jan 2024 21:22:34 INFO cl_weight: 2.0
Sat 06 Jan 2024 21:22:34 INFO mm_layers: 2
Sat 06 Jan 2024 21:22:34 INFO ii_topk: 10
Sat 06 Jan 2024 21:22:34 INFO uu_topk: 40
Sat 06 Jan 2024 21:22:34 INFO lambda_coeff: 0.9
Sat 06 Jan 2024 21:22:34 INFO ssl_temp: 0.9
Sat 06 Jan 2024 21:22:34 INFO ssl_alpha: 0.9
Sat 06 Jan 2024 21:22:34 INFO ae_weight: 0.1
Sat 06 Jan 2024 21:22:34 INFO threshold: 0.1
Sat 06 Jan 2024 21:22:34 INFO seed: 42
Sat 06 Jan 2024 21:22:34 INFO num_workers: 1
Sat 06 Jan 2024 21:22:34 INFO topk: [5, 10, 20]
Sat 06 Jan 2024 21:22:34 INFO local time£ºJan-06-2024-21-22-34
Sat 06 Jan 2024 21:22:35 INFO =========1/1: Parameters:{'learning_rate': 0.001, 'reg_weight': 0.001, 'mm_layers': 1, 'n_layers': 2, 'threshold': 0.1, 'lambda_coeff': 0.6}=========
Sat 06 Jan 2024 21:22:48 INFO Epoch 1, Loss: 96.58621
Sat 06 Jan 2024 21:22:50 INFO Validation Metrics:
Sat 06 Jan 2024 21:22:50 INFO 5: precision: 0.00504 | recall: 0.02400 | ndcg: 0.01598 | hit_rate: 0.02519 | map: 0.01315
Sat 06 Jan 2024 21:22:50 INFO 10: precision: 0.00399 | recall: 0.03793 | ndcg: 0.02050 | hit_rate: 0.03974 | map: 0.01499
Sat 06 Jan 2024 21:22:50 INFO 20: precision: 0.00302 | recall: 0.05758 | ndcg: 0.02548 | hit_rate: 0.06016 | map: 0.01632
Sat 06 Jan 2024 21:22:50 INFO Test Metrics:
Sat 06 Jan 2024 21:22:50 INFO 5: precision: 0.00786 | recall: 0.02290 | ndcg: 0.01757 | hit_rate: 0.03787 | map: 0.01286
Sat 06 Jan 2024 21:22:50 INFO 10: precision: 0.00621 | recall: 0.03630 | ndcg: 0.02252 | hit_rate: 0.05971 | map: 0.01467
Sat 06 Jan 2024 21:22:50 INFO 20: precision: 0.00482 | recall: 0.05645 | ndcg: 0.02835 | hit_rate: 0.09198 | map: 0.01609
Sat 06 Jan 2024 21:23:00 INFO Epoch 2, Loss: 64.25299
Sat 06 Jan 2024 21:23:02 INFO Validation Metrics:
Sat 06 Jan 2024 21:23:02 INFO 5: precision: 0.00558 | recall: 0.02652 | ndcg: 0.01758 | hit_rate: 0.02792 | map: 0.01443
Sat 06 Jan 2024 21:23:02 INFO 10: precision: 0.00445 | recall: 0.04237 | ndcg: 0.02272 | hit_rate: 0.04444 | map: 0.01652
Sat 06 Jan 2024 21:23:02 INFO 20: precision: 0.00333 | recall: 0.06336 | ndcg: 0.02805 | hit_rate: 0.06621 | map: 0.01795
Sat 06 Jan 2024 21:23:02 INFO Test Metrics:
Sat 06 Jan 2024 21:23:02 INFO 5: precision: 0.00863 | recall: 0.02522 | ndcg: 0.01915 | hit_rate: 0.04150 | map: 0.01393
Sat 06 Jan 2024 21:23:02 INFO 10: precision: 0.00692 | recall: 0.04056 | ndcg: 0.02481 | hit_rate: 0.06610 | map: 0.01603
Sat 06 Jan 2024 21:23:02 INFO 20: precision: 0.00532 | recall: 0.06213 | ndcg: 0.03112 | hit_rate: 0.10086 | map: 0.01760
Sat 06 Jan 2024 21:23:12 INFO Epoch 3, Loss: 51.51718
Sat 06 Jan 2024 21:23:14 INFO Validation Metrics:
Sat 06 Jan 2024 21:23:14 INFO 5: precision: 0.00583 | recall: 0.02778 | ndcg: 0.01850 | hit_rate: 0.02913 | map: 0.01523
Sat 06 Jan 2024 21:23:14 INFO 10: precision: 0.00474 | recall: 0.04506 | ndcg: 0.02411 | hit_rate: 0.04730 | map: 0.01751
Sat 06 Jan 2024 21:23:14 INFO 20: precision: 0.00360 | recall: 0.06838 | ndcg: 0.03005 | hit_rate: 0.07153 | map: 0.01911
Sat 06 Jan 2024 21:23:14 INFO Test Metrics:
Sat 06 Jan 2024 21:23:14 INFO 5: precision: 0.00924 | recall: 0.02736 | ndcg: 0.02052 | hit_rate: 0.04437 | map: 0.01494
Sat 06 Jan 2024 21:23:14 INFO 10: precision: 0.00733 | recall: 0.04285 | ndcg: 0.02629 | hit_rate: 0.06983 | map: 0.01706
Sat 06 Jan 2024 21:23:14 INFO 20: precision: 0.00560 | recall: 0.06517 | ndcg: 0.03280 | hit_rate: 0.10553 | map: 0.01868
Sat 06 Jan 2024 21:23:25 INFO Epoch 4, Loss: 43.97650
Sat 06 Jan 2024 21:23:27 INFO Validation Metrics:
Sat 06 Jan 2024 21:23:27 INFO 5: precision: 0.00618 | recall: 0.02918 | ndcg: 0.01933 | hit_rate: 0.03082 | map: 0.01584
Sat 06 Jan 2024 21:23:27 INFO 10: precision: 0.00496 | recall: 0.04709 | ndcg: 0.02509 | hit_rate: 0.04945 | map: 0.01816
Sat 06 Jan 2024 21:23:27 INFO 20: precision: 0.00380 | recall: 0.07209 | ndcg: 0.03143 | hit_rate: 0.07536 | map: 0.01986
Sat 06 Jan 2024 21:23:27 INFO Test Metrics:
Sat 06 Jan 2024 21:23:27 INFO 5: precision: 0.00963 | recall: 0.02854 | ndcg: 0.02126 | hit_rate: 0.04627 | map: 0.01542
Sat 06 Jan 2024 21:23:27 INFO 10: precision: 0.00765 | recall: 0.04482 | ndcg: 0.02732 | hit_rate: 0.07263 | map: 0.01767
Sat 06 Jan 2024 21:23:27 INFO 20: precision: 0.00591 | recall: 0.06862 | ndcg: 0.03428 | hit_rate: 0.11088 | map: 0.01940
Sat 06 Jan 2024 21:23:37 INFO Epoch 5, Loss: 38.20433
Sat 06 Jan 2024 21:23:39 INFO Validation Metrics:
Sat 06 Jan 2024 21:23:39 INFO 5: precision: 0.00634 | recall: 0.03006 | ndcg: 0.01988 | hit_rate: 0.03165 | map: 0.01628
Sat 06 Jan 2024 21:23:39 INFO 10: precision: 0.00509 | recall: 0.04827 | ndcg: 0.02576 | hit_rate: 0.05073 | map: 0.01865
Sat 06 Jan 2024 21:23:39 INFO 20: precision: 0.00400 | recall: 0.07608 | ndcg: 0.03278 | hit_rate: 0.07944 | map: 0.02053
Sat 06 Jan 2024 21:23:39 INFO Test Metrics:
Sat 06 Jan 2024 21:23:39 INFO 5: precision: 0.00998 | recall: 0.02950 | ndcg: 0.02215 | hit_rate: 0.04793 | map: 0.01613
Sat 06 Jan 2024 21:23:39 INFO 10: precision: 0.00809 | recall: 0.04730 | ndcg: 0.02877 | hit_rate: 0.07671 | map: 0.01860
Sat 06 Jan 2024 21:23:39 INFO 20: precision: 0.00616 | recall: 0.07134 | ndcg: 0.03580 | hit_rate: 0.11565 | map: 0.02034
Sat 06 Jan 2024 21:23:49 INFO Epoch 6, Loss: 33.71260
Sat 06 Jan 2024 21:23:51 INFO Validation Metrics:
Sat 06 Jan 2024 21:23:51 INFO 5: precision: 0.00648 | recall: 0.03075 | ndcg: 0.02034 | hit_rate: 0.03234 | map: 0.01666
Sat 06 Jan 2024 21:23:51 INFO 10: precision: 0.00531 | recall: 0.05038 | ndcg: 0.02671 | hit_rate: 0.05290 | map: 0.01925
Sat 06 Jan 2024 21:23:51 INFO 20: precision: 0.00414 | recall: 0.07868 | ndcg: 0.03386 | hit_rate: 0.08210 | map: 0.02117
Sat 06 Jan 2024 21:23:51 INFO Test Metrics:
Sat 06 Jan 2024 21:23:51 INFO 5: precision: 0.01023 | recall: 0.03038 | ndcg: 0.02263 | hit_rate: 0.04921 | map: 0.01644
Sat 06 Jan 2024 21:23:51 INFO 10: precision: 0.00831 | recall: 0.04873 | ndcg: 0.02946 | hit_rate: 0.07913 | map: 0.01896
Sat 06 Jan 2024 21:23:51 INFO 20: precision: 0.00639 | recall: 0.07449 | ndcg: 0.03693 | hit_rate: 0.11959 | map: 0.02082
Sat 06 Jan 2024 21:24:02 INFO Epoch 7, Loss: 30.15699
Sat 06 Jan 2024 21:24:03 INFO Validation Metrics:
Sat 06 Jan 2024 21:24:03 INFO 5: precision: 0.00665 | recall: 0.03157 | ndcg: 0.02088 | hit_rate: 0.03317 | map: 0.01711
Sat 06 Jan 2024 21:24:03 INFO 10: precision: 0.00534 | recall: 0.05071 | ndcg: 0.02710 | hit_rate: 0.05321 | map: 0.01964
Sat 06 Jan 2024 21:24:03 INFO 20: precision: 0.00419 | recall: 0.07971 | ndcg: 0.03445 | hit_rate: 0.08310 | map: 0.02162
Sat 06 Jan 2024 21:24:03 INFO Test Metrics:
Sat 06 Jan 2024 21:24:03 INFO 5: precision: 0.01070 | recall: 0.03162 | ndcg: 0.02354 | hit_rate: 0.05131 | map: 0.01708
Sat 06 Jan 2024 21:24:03 INFO 10: precision: 0.00850 | recall: 0.04973 | ndcg: 0.03027 | hit_rate: 0.08082 | map: 0.01957
Sat 06 Jan 2024 21:24:03 INFO 20: precision: 0.00656 | recall: 0.07656 | ndcg: 0.03808 | hit_rate: 0.12274 | map: 0.02153
Sat 06 Jan 2024 21:24:14 INFO Epoch 8, Loss: 27.15527
Sat 06 Jan 2024 21:24:16 INFO Validation Metrics:
Sat 06 Jan 2024 21:24:16 INFO 5: precision: 0.00672 | recall: 0.03185 | ndcg: 0.02110 | hit_rate: 0.03355 | map: 0.01728
Sat 06 Jan 2024 21:24:16 INFO 10: precision: 0.00555 | recall: 0.05269 | ndcg: 0.02783 | hit_rate: 0.05529 | map: 0.02000
Sat 06 Jan 2024 21:24:16 INFO 20: precision: 0.00427 | recall: 0.08127 | ndcg: 0.03506 | hit_rate: 0.08480 | map: 0.02195
Sat 06 Jan 2024 21:24:16 INFO Test Metrics:
Sat 06 Jan 2024 21:24:16 INFO 5: precision: 0.01088 | recall: 0.03219 | ndcg: 0.02401 | hit_rate: 0.05232 | map: 0.01746
Sat 06 Jan 2024 21:24:16 INFO 10: precision: 0.00877 | recall: 0.05127 | ndcg: 0.03113 | hit_rate: 0.08366 | map: 0.02009
Sat 06 Jan 2024 21:24:16 INFO 20: precision: 0.00672 | recall: 0.07859 | ndcg: 0.03904 | hit_rate: 0.12619 | map: 0.02207
Sat 06 Jan 2024 21:24:27 INFO Epoch 9, Loss: 24.59925
Sat 06 Jan 2024 21:24:28 INFO Validation Metrics:
Sat 06 Jan 2024 21:24:28 INFO 5: precision: 0.00679 | recall: 0.03229 | ndcg: 0.02158 | hit_rate: 0.03390 | map: 0.01779
Sat 06 Jan 2024 21:24:28 INFO 10: precision: 0.00567 | recall: 0.05382 | ndcg: 0.02856 | hit_rate: 0.05646 | map: 0.02061
Sat 06 Jan 2024 21:24:28 INFO 20: precision: 0.00437 | recall: 0.08295 | ndcg: 0.03593 | hit_rate: 0.08659 | map: 0.02259
Sat 06 Jan 2024 21:24:28 INFO Test Metrics:
Sat 06 Jan 2024 21:24:28 INFO 5: precision: 0.01105 | recall: 0.03268 | ndcg: 0.02450 | hit_rate: 0.05308 | map: 0.01785
Sat 06 Jan 2024 21:24:28 INFO 10: precision: 0.00895 | recall: 0.05257 | ndcg: 0.03191 | hit_rate: 0.08500 | map: 0.02062
Sat 06 Jan 2024 21:24:28 INFO 20: precision: 0.00680 | recall: 0.07940 | ndcg: 0.03970 | hit_rate: 0.12747 | map: 0.02255
Sat 06 Jan 2024 21:24:39 INFO Epoch 10, Loss: 22.51402
Sat 06 Jan 2024 21:24:41 INFO Validation Metrics:
Sat 06 Jan 2024 21:24:41 INFO 5: precision: 0.00687 | recall: 0.03262 | ndcg: 0.02199 | hit_rate: 0.03428 | map: 0.01821
Sat 06 Jan 2024 21:24:41 INFO 10: precision: 0.00571 | recall: 0.05420 | ndcg: 0.02897 | hit_rate: 0.05684 | map: 0.02102
Sat 06 Jan 2024 21:24:41 INFO 20: precision: 0.00446 | recall: 0.08469 | ndcg: 0.03669 | hit_rate: 0.08825 | map: 0.02311
Sat 06 Jan 2024 21:24:41 INFO Test Metrics:
Sat 06 Jan 2024 21:24:41 INFO 5: precision: 0.01131 | recall: 0.03341 | ndcg: 0.02507 | hit_rate: 0.05432 | map: 0.01828
Sat 06 Jan 2024 21:24:41 INFO 10: precision: 0.00906 | recall: 0.05326 | ndcg: 0.03245 | hit_rate: 0.08614 | map: 0.02103
Sat 06 Jan 2024 21:24:41 INFO 20: precision: 0.00694 | recall: 0.08107 | ndcg: 0.04055 | hit_rate: 0.13006 | map: 0.02306
Sat 06 Jan 2024 21:24:51 INFO Epoch 11, Loss: 20.56576
Sat 06 Jan 2024 21:24:53 INFO Validation Metrics:
Sat 06 Jan 2024 21:24:53 INFO 5: precision: 0.00710 | recall: 0.03371 | ndcg: 0.02255 | hit_rate: 0.03549 | map: 0.01858
Sat 06 Jan 2024 21:24:53 INFO 10: precision: 0.00583 | recall: 0.05538 | ndcg: 0.02956 | hit_rate: 0.05798 | map: 0.02142
Sat 06 Jan 2024 21:24:53 INFO 20: precision: 0.00449 | recall: 0.08533 | ndcg: 0.03716 | hit_rate: 0.08898 | map: 0.02347
Sat 06 Jan 2024 21:24:53 INFO Test Metrics:
Sat 06 Jan 2024 21:24:53 INFO 5: precision: 0.01178 | recall: 0.03470 | ndcg: 0.02616 | hit_rate: 0.05646 | map: 0.01912
Sat 06 Jan 2024 21:24:53 INFO 10: precision: 0.00924 | recall: 0.05414 | ndcg: 0.03338 | hit_rate: 0.08777 | map: 0.02181
Sat 06 Jan 2024 21:24:53 INFO 20: precision: 0.00706 | recall: 0.08251 | ndcg: 0.04161 | hit_rate: 0.13224 | map: 0.02386
Sat 06 Jan 2024 21:25:03 INFO Epoch 12, Loss: 19.19810
Sat 06 Jan 2024 21:25:05 INFO Validation Metrics:
Sat 06 Jan 2024 21:25:05 INFO 5: precision: 0.00723 | recall: 0.03426 | ndcg: 0.02294 | hit_rate: 0.03607 | map: 0.01892
Sat 06 Jan 2024 21:25:05 INFO 10: precision: 0.00593 | recall: 0.05632 | ndcg: 0.03007 | hit_rate: 0.05898 | map: 0.02181
Sat 06 Jan 2024 21:25:05 INFO 20: precision: 0.00455 | recall: 0.08633 | ndcg: 0.03766 | hit_rate: 0.09005 | map: 0.02384
Sat 06 Jan 2024 21:25:05 INFO Test Metrics:
Sat 06 Jan 2024 21:25:05 INFO 5: precision: 0.01187 | recall: 0.03503 | ndcg: 0.02636 | hit_rate: 0.05681 | map: 0.01928
Sat 06 Jan 2024 21:25:05 INFO 10: precision: 0.00934 | recall: 0.05482 | ndcg: 0.03369 | hit_rate: 0.08884 | map: 0.02199
Sat 06 Jan 2024 21:25:05 INFO 20: precision: 0.00714 | recall: 0.08325 | ndcg: 0.04199 | hit_rate: 0.13338 | map: 0.02407
Sat 06 Jan 2024 21:25:15 INFO Epoch 13, Loss: 17.49102
Sat 06 Jan 2024 21:25:17 INFO Validation Metrics:
Sat 06 Jan 2024 21:25:17 INFO 5: precision: 0.00744 | recall: 0.03525 | ndcg: 0.02334 | hit_rate: 0.03711 | map: 0.01912
Sat 06 Jan 2024 21:25:17 INFO 10: precision: 0.00587 | recall: 0.05577 | ndcg: 0.02998 | hit_rate: 0.05836 | map: 0.02182
Sat 06 Jan 2024 21:25:17 INFO 20: precision: 0.00460 | recall: 0.08733 | ndcg: 0.03801 | hit_rate: 0.09119 | map: 0.02399
Sat 06 Jan 2024 21:25:17 INFO Test Metrics:
Sat 06 Jan 2024 21:25:17 INFO 5: precision: 0.01202 | recall: 0.03550 | ndcg: 0.02681 | hit_rate: 0.05771 | map: 0.01963
Sat 06 Jan 2024 21:25:17 INFO 10: precision: 0.00951 | recall: 0.05582 | ndcg: 0.03435 | hit_rate: 0.09026 | map: 0.02244
Sat 06 Jan 2024 21:25:17 INFO 20: precision: 0.00725 | recall: 0.08445 | ndcg: 0.04271 | hit_rate: 0.13563 | map: 0.02453
Sat 06 Jan 2024 21:25:28 INFO Epoch 14, Loss: 16.11544
Sat 06 Jan 2024 21:25:29 INFO Validation Metrics:
Sat 06 Jan 2024 21:25:29 INFO 5: precision: 0.00755 | recall: 0.03569 | ndcg: 0.02380 | hit_rate: 0.03766 | map: 0.01958
Sat 06 Jan 2024 21:25:29 INFO 10: precision: 0.00600 | recall: 0.05696 | ndcg: 0.03069 | hit_rate: 0.05971 | map: 0.02238
Sat 06 Jan 2024 21:25:29 INFO 20: precision: 0.00465 | recall: 0.08843 | ndcg: 0.03867 | hit_rate: 0.09216 | map: 0.02454
Sat 06 Jan 2024 21:25:29 INFO Test Metrics:
Sat 06 Jan 2024 21:25:29 INFO 5: precision: 0.01229 | recall: 0.03633 | ndcg: 0.02741 | hit_rate: 0.05898 | map: 0.02008
Sat 06 Jan 2024 21:25:29 INFO 10: precision: 0.00959 | recall: 0.05639 | ndcg: 0.03483 | hit_rate: 0.09098 | map: 0.02285
Sat 06 Jan 2024 21:25:29 INFO 20: precision: 0.00731 | recall: 0.08519 | ndcg: 0.04324 | hit_rate: 0.13659 | map: 0.02494
Sat 06 Jan 2024 21:25:40 INFO Epoch 15, Loss: 14.94689
Sat 06 Jan 2024 21:25:42 INFO Validation Metrics:
Sat 06 Jan 2024 21:25:42 INFO 5: precision: 0.00757 | recall: 0.03588 | ndcg: 0.02393 | hit_rate: 0.03777 | map: 0.01969
Sat 06 Jan 2024 21:25:42 INFO 10: precision: 0.00603 | recall: 0.05734 | ndcg: 0.03086 | hit_rate: 0.05999 | map: 0.02250
Sat 06 Jan 2024 21:25:42 INFO 20: precision: 0.00471 | recall: 0.08924 | ndcg: 0.03897 | hit_rate: 0.09333 | map: 0.02468
Sat 06 Jan 2024 21:25:42 INFO Test Metrics:
Sat 06 Jan 2024 21:25:42 INFO 5: precision: 0.01206 | recall: 0.03557 | ndcg: 0.02695 | hit_rate: 0.05788 | map: 0.01978
Sat 06 Jan 2024 21:25:42 INFO 10: precision: 0.00962 | recall: 0.05634 | ndcg: 0.03467 | hit_rate: 0.09098 | map: 0.02267
Sat 06 Jan 2024 21:25:42 INFO 20: precision: 0.00738 | recall: 0.08617 | ndcg: 0.04335 | hit_rate: 0.13798 | map: 0.02484
Sat 06 Jan 2024 21:25:52 INFO Epoch 16, Loss: 13.87550
Sat 06 Jan 2024 21:25:54 INFO Validation Metrics:
Sat 06 Jan 2024 21:25:54 INFO 5: precision: 0.00766 | recall: 0.03632 | ndcg: 0.02406 | hit_rate: 0.03822 | map: 0.01974
Sat 06 Jan 2024 21:25:54 INFO 10: precision: 0.00604 | recall: 0.05734 | ndcg: 0.03088 | hit_rate: 0.06012 | map: 0.02250
Sat 06 Jan 2024 21:25:54 INFO 20: precision: 0.00478 | recall: 0.09051 | ndcg: 0.03932 | hit_rate: 0.09468 | map: 0.02479
Sat 06 Jan 2024 21:25:54 INFO Test Metrics:
Sat 06 Jan 2024 21:25:54 INFO 5: precision: 0.01240 | recall: 0.03668 | ndcg: 0.02774 | hit_rate: 0.05978 | map: 0.02036
Sat 06 Jan 2024 21:25:54 INFO 10: precision: 0.00976 | recall: 0.05741 | ndcg: 0.03542 | hit_rate: 0.09254 | map: 0.02325
Sat 06 Jan 2024 21:25:54 INFO 20: precision: 0.00735 | recall: 0.08589 | ndcg: 0.04373 | hit_rate: 0.13770 | map: 0.02532
Sat 06 Jan 2024 21:26:04 INFO Epoch 17, Loss: 12.87589
Sat 06 Jan 2024 21:26:06 INFO Validation Metrics:
Sat 06 Jan 2024 21:26:06 INFO 5: precision: 0.00786 | recall: 0.03728 | ndcg: 0.02449 | hit_rate: 0.03922 | map: 0.01998
Sat 06 Jan 2024 21:26:06 INFO 10: precision: 0.00615 | recall: 0.05845 | ndcg: 0.03133 | hit_rate: 0.06123 | map: 0.02276
Sat 06 Jan 2024 21:26:06 INFO 20: precision: 0.00483 | recall: 0.09159 | ndcg: 0.03976 | hit_rate: 0.09575 | map: 0.02503
Sat 06 Jan 2024 21:26:06 INFO Test Metrics:
Sat 06 Jan 2024 21:26:06 INFO 5: precision: 0.01232 | recall: 0.03631 | ndcg: 0.02747 | hit_rate: 0.05926 | map: 0.02012
Sat 06 Jan 2024 21:26:06 INFO 10: precision: 0.00982 | recall: 0.05760 | ndcg: 0.03539 | hit_rate: 0.09305 | map: 0.02310
Sat 06 Jan 2024 21:26:06 INFO 20: precision: 0.00747 | recall: 0.08735 | ndcg: 0.04407 | hit_rate: 0.13970 | map: 0.02528
Sat 06 Jan 2024 21:26:17 INFO Epoch 18, Loss: 11.96956
Sat 06 Jan 2024 21:26:18 INFO Validation Metrics:
Sat 06 Jan 2024 21:26:18 INFO 5: precision: 0.00788 | recall: 0.03724 | ndcg: 0.02457 | hit_rate: 0.03925 | map: 0.02009
Sat 06 Jan 2024 21:26:18 INFO 10: precision: 0.00625 | recall: 0.05941 | ndcg: 0.03173 | hit_rate: 0.06223 | map: 0.02299
Sat 06 Jan 2024 21:26:18 INFO 20: precision: 0.00489 | recall: 0.09271 | ndcg: 0.04016 | hit_rate: 0.09692 | map: 0.02524
Sat 06 Jan 2024 21:26:18 INFO Test Metrics:
Sat 06 Jan 2024 21:26:18 INFO 5: precision: 0.01252 | recall: 0.03723 | ndcg: 0.02806 | hit_rate: 0.06019 | map: 0.02057
Sat 06 Jan 2024 21:26:18 INFO 10: precision: 0.00997 | recall: 0.05875 | ndcg: 0.03603 | hit_rate: 0.09482 | map: 0.02353
Sat 06 Jan 2024 21:26:18 INFO 20: precision: 0.00754 | recall: 0.08834 | ndcg: 0.04464 | hit_rate: 0.14091 | map: 0.02569
Sat 06 Jan 2024 21:26:29 INFO Epoch 19, Loss: 11.23374
Sat 06 Jan 2024 21:26:31 INFO Validation Metrics:
Sat 06 Jan 2024 21:26:31 INFO 5: precision: 0.00784 | recall: 0.03713 | ndcg: 0.02450 | hit_rate: 0.03908 | map: 0.02003
Sat 06 Jan 2024 21:26:31 INFO 10: precision: 0.00627 | recall: 0.05946 | ndcg: 0.03174 | hit_rate: 0.06240 | map: 0.02297
Sat 06 Jan 2024 21:26:31 INFO 20: precision: 0.00489 | recall: 0.09256 | ndcg: 0.04015 | hit_rate: 0.09689 | map: 0.02524
Sat 06 Jan 2024 21:26:31 INFO Test Metrics:
Sat 06 Jan 2024 21:26:31 INFO 5: precision: 0.01270 | recall: 0.03770 | ndcg: 0.02825 | hit_rate: 0.06113 | map: 0.02064
Sat 06 Jan 2024 21:26:31 INFO 10: precision: 0.01006 | recall: 0.05909 | ndcg: 0.03620 | hit_rate: 0.09565 | map: 0.02360
Sat 06 Jan 2024 21:26:31 INFO 20: precision: 0.00752 | recall: 0.08777 | ndcg: 0.04455 | hit_rate: 0.14029 | map: 0.02570
Sat 06 Jan 2024 21:26:41 INFO Epoch 20, Loss: 10.49116
Sat 06 Jan 2024 21:26:43 INFO Validation Metrics:
Sat 06 Jan 2024 21:26:43 INFO 5: precision: 0.00795 | recall: 0.03772 | ndcg: 0.02496 | hit_rate: 0.03963 | map: 0.02045
Sat 06 Jan 2024 21:26:43 INFO 10: precision: 0.00628 | recall: 0.05951 | ndcg: 0.03205 | hit_rate: 0.06237 | map: 0.02335
Sat 06 Jan 2024 21:26:43 INFO 20: precision: 0.00496 | recall: 0.09397 | ndcg: 0.04080 | hit_rate: 0.09824 | map: 0.02570
Sat 06 Jan 2024 21:26:43 INFO Test Metrics:
Sat 06 Jan 2024 21:26:43 INFO 5: precision: 0.01267 | recall: 0.03765 | ndcg: 0.02850 | hit_rate: 0.06095 | map: 0.02095
Sat 06 Jan 2024 21:26:43 INFO 10: precision: 0.01010 | recall: 0.05943 | ndcg: 0.03658 | hit_rate: 0.09575 | map: 0.02396
Sat 06 Jan 2024 21:26:43 INFO 20: precision: 0.00754 | recall: 0.08806 | ndcg: 0.04493 | hit_rate: 0.14105 | map: 0.02605
Sat 06 Jan 2024 21:26:53 INFO Epoch 21, Loss: 9.85983
Sat 06 Jan 2024 21:26:55 INFO Validation Metrics:
Sat 06 Jan 2024 21:26:55 INFO 5: precision: 0.00795 | recall: 0.03771 | ndcg: 0.02491 | hit_rate: 0.03963 | map: 0.02038
Sat 06 Jan 2024 21:26:55 INFO 10: precision: 0.00646 | recall: 0.06126 | ndcg: 0.03255 | hit_rate: 0.06417 | map: 0.02348
Sat 06 Jan 2024 21:26:55 INFO 20: precision: 0.00497 | recall: 0.09407 | ndcg: 0.04088 | hit_rate: 0.09851 | map: 0.02571
Sat 06 Jan 2024 21:26:55 INFO Test Metrics:
Sat 06 Jan 2024 21:26:55 INFO 5: precision: 0.01279 | recall: 0.03807 | ndcg: 0.02889 | hit_rate: 0.06161 | map: 0.02127
Sat 06 Jan 2024 21:26:55 INFO 10: precision: 0.01016 | recall: 0.05994 | ndcg: 0.03701 | hit_rate: 0.09637 | map: 0.02432
Sat 06 Jan 2024 21:26:55 INFO 20: precision: 0.00761 | recall: 0.08898 | ndcg: 0.04547 | hit_rate: 0.14236 | map: 0.02643
Sat 06 Jan 2024 21:27:06 INFO Epoch 22, Loss: 9.27366
Sat 06 Jan 2024 21:27:07 INFO Validation Metrics:
Sat 06 Jan 2024 21:27:07 INFO 5: precision: 0.00813 | recall: 0.03866 | ndcg: 0.02540 | hit_rate: 0.04053 | map: 0.02070
Sat 06 Jan 2024 21:27:07 INFO 10: precision: 0.00651 | recall: 0.06162 | ndcg: 0.03284 | hit_rate: 0.06475 | map: 0.02370
Sat 06 Jan 2024 21:27:07 INFO 20: precision: 0.00500 | recall: 0.09474 | ndcg: 0.04123 | hit_rate: 0.09910 | map: 0.02596
Sat 06 Jan 2024 21:27:07 INFO Test Metrics:
Sat 06 Jan 2024 21:27:07 INFO 5: precision: 0.01293 | recall: 0.03861 | ndcg: 0.02918 | hit_rate: 0.06223 | map: 0.02147
Sat 06 Jan 2024 21:27:07 INFO 10: precision: 0.01020 | recall: 0.06036 | ndcg: 0.03725 | hit_rate: 0.09675 | map: 0.02449
Sat 06 Jan 2024 21:27:07 INFO 20: precision: 0.00765 | recall: 0.08931 | ndcg: 0.04573 | hit_rate: 0.14281 | map: 0.02661
Sat 06 Jan 2024 21:27:18 INFO Epoch 23, Loss: 8.66102
Sat 06 Jan 2024 21:27:20 INFO Validation Metrics:
Sat 06 Jan 2024 21:27:20 INFO 5: precision: 0.00823 | recall: 0.03905 | ndcg: 0.02578 | hit_rate: 0.04105 | map: 0.02108
Sat 06 Jan 2024 21:27:20 INFO 10: precision: 0.00647 | recall: 0.06125 | ndcg: 0.03299 | hit_rate: 0.06431 | map: 0.02401
Sat 06 Jan 2024 21:27:20 INFO 20: precision: 0.00501 | recall: 0.09504 | ndcg: 0.04157 | hit_rate: 0.09924 | map: 0.02634
Sat 06 Jan 2024 21:27:20 INFO Test Metrics:
Sat 06 Jan 2024 21:27:20 INFO 5: precision: 0.01305 | recall: 0.03888 | ndcg: 0.02934 | hit_rate: 0.06265 | map: 0.02157
Sat 06 Jan 2024 21:27:20 INFO 10: precision: 0.01018 | recall: 0.06017 | ndcg: 0.03726 | hit_rate: 0.09644 | map: 0.02454
Sat 06 Jan 2024 21:27:20 INFO 20: precision: 0.00768 | recall: 0.08984 | ndcg: 0.04595 | hit_rate: 0.14343 | map: 0.02673
Sat 06 Jan 2024 21:27:30 INFO Epoch 24, Loss: 8.04964
Sat 06 Jan 2024 21:27:32 INFO Validation Metrics:
Sat 06 Jan 2024 21:27:32 INFO 5: precision: 0.00831 | recall: 0.03944 | ndcg: 0.02596 | hit_rate: 0.04147 | map: 0.02118
Sat 06 Jan 2024 21:27:32 INFO 10: precision: 0.00653 | recall: 0.06190 | ndcg: 0.03325 | hit_rate: 0.06493 | map: 0.02415
Sat 06 Jan 2024 21:27:32 INFO 20: precision: 0.00502 | recall: 0.09511 | ndcg: 0.04171 | hit_rate: 0.09934 | map: 0.02644
Sat 06 Jan 2024 21:27:32 INFO Test Metrics:
Sat 06 Jan 2024 21:27:32 INFO 5: precision: 0.01335 | recall: 0.03970 | ndcg: 0.02961 | hit_rate: 0.06413 | map: 0.02159
Sat 06 Jan 2024 21:27:32 INFO 10: precision: 0.01033 | recall: 0.06105 | ndcg: 0.03751 | hit_rate: 0.09806 | map: 0.02454
Sat 06 Jan 2024 21:27:32 INFO 20: precision: 0.00772 | recall: 0.09029 | ndcg: 0.04606 | hit_rate: 0.14406 | map: 0.02668
Sat 06 Jan 2024 21:27:42 INFO Epoch 25, Loss: 7.57822
Sat 06 Jan 2024 21:27:44 INFO Validation Metrics:
Sat 06 Jan 2024 21:27:44 INFO 5: precision: 0.00845 | recall: 0.04005 | ndcg: 0.02615 | hit_rate: 0.04212 | map: 0.02123
Sat 06 Jan 2024 21:27:44 INFO 10: precision: 0.00649 | recall: 0.06148 | ndcg: 0.03309 | hit_rate: 0.06451 | map: 0.02405
Sat 06 Jan 2024 21:27:44 INFO 20: precision: 0.00502 | recall: 0.09506 | ndcg: 0.04165 | hit_rate: 0.09934 | map: 0.02637
Sat 06 Jan 2024 21:27:44 INFO Test Metrics:
Sat 06 Jan 2024 21:27:44 INFO 5: precision: 0.01330 | recall: 0.03938 | ndcg: 0.02971 | hit_rate: 0.06389 | map: 0.02176
Sat 06 Jan 2024 21:27:44 INFO 10: precision: 0.01032 | recall: 0.06074 | ndcg: 0.03765 | hit_rate: 0.09803 | map: 0.02474
Sat 06 Jan 2024 21:27:44 INFO 20: precision: 0.00780 | recall: 0.09125 | ndcg: 0.04653 | hit_rate: 0.14537 | map: 0.02698
Sat 06 Jan 2024 21:27:55 INFO Epoch 26, Loss: 7.16888
Sat 06 Jan 2024 21:27:56 INFO Validation Metrics:
Sat 06 Jan 2024 21:27:56 INFO 5: precision: 0.00849 | recall: 0.04021 | ndcg: 0.02630 | hit_rate: 0.04233 | map: 0.02138
Sat 06 Jan 2024 21:27:56 INFO 10: precision: 0.00655 | recall: 0.06195 | ndcg: 0.03335 | hit_rate: 0.06510 | map: 0.02424
Sat 06 Jan 2024 21:27:56 INFO 20: precision: 0.00503 | recall: 0.09545 | ndcg: 0.04189 | hit_rate: 0.09976 | map: 0.02657
Sat 06 Jan 2024 21:27:56 INFO Test Metrics:
Sat 06 Jan 2024 21:27:56 INFO 5: precision: 0.01343 | recall: 0.04001 | ndcg: 0.03007 | hit_rate: 0.06462 | map: 0.02203
Sat 06 Jan 2024 21:27:56 INFO 10: precision: 0.01041 | recall: 0.06140 | ndcg: 0.03801 | hit_rate: 0.09865 | map: 0.02500
Sat 06 Jan 2024 21:27:56 INFO 20: precision: 0.00784 | recall: 0.09154 | ndcg: 0.04683 | hit_rate: 0.14606 | map: 0.02722
Sat 06 Jan 2024 21:28:07 INFO Epoch 27, Loss: 6.81286
Sat 06 Jan 2024 21:28:09 INFO Validation Metrics:
Sat 06 Jan 2024 21:28:09 INFO 5: precision: 0.00858 | recall: 0.04076 | ndcg: 0.02672 | hit_rate: 0.04278 | map: 0.02176
Sat 06 Jan 2024 21:28:09 INFO 10: precision: 0.00655 | recall: 0.06197 | ndcg: 0.03358 | hit_rate: 0.06513 | map: 0.02452
Sat 06 Jan 2024 21:28:09 INFO 20: precision: 0.00504 | recall: 0.09541 | ndcg: 0.04211 | hit_rate: 0.09969 | map: 0.02684
Sat 06 Jan 2024 21:28:09 INFO Test Metrics:
Sat 06 Jan 2024 21:28:09 INFO 5: precision: 0.01339 | recall: 0.03984 | ndcg: 0.03036 | hit_rate: 0.06434 | map: 0.02245
Sat 06 Jan 2024 21:28:09 INFO 10: precision: 0.01045 | recall: 0.06142 | ndcg: 0.03841 | hit_rate: 0.09883 | map: 0.02547
Sat 06 Jan 2024 21:28:09 INFO 20: precision: 0.00786 | recall: 0.09196 | ndcg: 0.04729 | hit_rate: 0.14641 | map: 0.02769
Sat 06 Jan 2024 21:28:19 INFO Epoch 28, Loss: 6.29082
Sat 06 Jan 2024 21:28:21 INFO Validation Metrics:
Sat 06 Jan 2024 21:28:21 INFO 5: precision: 0.00863 | recall: 0.04092 | ndcg: 0.02703 | hit_rate: 0.04302 | map: 0.02212
Sat 06 Jan 2024 21:28:21 INFO 10: precision: 0.00658 | recall: 0.06225 | ndcg: 0.03393 | hit_rate: 0.06551 | map: 0.02490
Sat 06 Jan 2024 21:28:21 INFO 20: precision: 0.00508 | recall: 0.09618 | ndcg: 0.04257 | hit_rate: 0.10055 | map: 0.02724
Sat 06 Jan 2024 21:28:21 INFO Test Metrics:
Sat 06 Jan 2024 21:28:21 INFO 5: precision: 0.01352 | recall: 0.04028 | ndcg: 0.03061 | hit_rate: 0.06500 | map: 0.02262
Sat 06 Jan 2024 21:28:21 INFO 10: precision: 0.01053 | recall: 0.06199 | ndcg: 0.03867 | hit_rate: 0.09969 | map: 0.02563
Sat 06 Jan 2024 21:28:21 INFO 20: precision: 0.00788 | recall: 0.09225 | ndcg: 0.04749 | hit_rate: 0.14672 | map: 0.02785
Sat 06 Jan 2024 21:28:31 INFO Epoch 29, Loss: 6.04795
Sat 06 Jan 2024 21:28:33 INFO Validation Metrics:
Sat 06 Jan 2024 21:28:33 INFO 5: precision: 0.00842 | recall: 0.03994 | ndcg: 0.02650 | hit_rate: 0.04195 | map: 0.02172
Sat 06 Jan 2024 21:28:33 INFO 10: precision: 0.00652 | recall: 0.06170 | ndcg: 0.03356 | hit_rate: 0.06496 | map: 0.02458
Sat 06 Jan 2024 21:28:33 INFO 20: precision: 0.00505 | recall: 0.09576 | ndcg: 0.04223 | hit_rate: 0.10021 | map: 0.02693
Sat 06 Jan 2024 21:28:33 INFO Test Metrics:
Sat 06 Jan 2024 21:28:33 INFO 5: precision: 0.01347 | recall: 0.03989 | ndcg: 0.03048 | hit_rate: 0.06465 | map: 0.02255
Sat 06 Jan 2024 21:28:33 INFO 10: precision: 0.01043 | recall: 0.06156 | ndcg: 0.03855 | hit_rate: 0.09903 | map: 0.02559
Sat 06 Jan 2024 21:28:33 INFO 20: precision: 0.00785 | recall: 0.09183 | ndcg: 0.04739 | hit_rate: 0.14654 | map: 0.02781
Sat 06 Jan 2024 21:28:43 INFO Epoch 30, Loss: 5.69816
Sat 06 Jan 2024 21:28:45 INFO Validation Metrics:
Sat 06 Jan 2024 21:28:45 INFO 5: precision: 0.00852 | recall: 0.04028 | ndcg: 0.02671 | hit_rate: 0.04243 | map: 0.02186
Sat 06 Jan 2024 21:28:45 INFO 10: precision: 0.00663 | recall: 0.06281 | ndcg: 0.03397 | hit_rate: 0.06596 | map: 0.02479
Sat 06 Jan 2024 21:28:45 INFO 20: precision: 0.00507 | recall: 0.09619 | ndcg: 0.04244 | hit_rate: 0.10059 | map: 0.02707
Sat 06 Jan 2024 21:28:45 INFO Test Metrics:
Sat 06 Jan 2024 21:28:45 INFO 5: precision: 0.01362 | recall: 0.04066 | ndcg: 0.03054 | hit_rate: 0.06569 | map: 0.02240
Sat 06 Jan 2024 21:28:45 INFO 10: precision: 0.01046 | recall: 0.06176 | ndcg: 0.03840 | hit_rate: 0.09910 | map: 0.02537
Sat 06 Jan 2024 21:28:45 INFO 20: precision: 0.00786 | recall: 0.09187 | ndcg: 0.04720 | hit_rate: 0.14661 | map: 0.02757
Sat 06 Jan 2024 21:28:56 INFO Epoch 31, Loss: 5.31117
Sat 06 Jan 2024 21:28:58 INFO Validation Metrics:
Sat 06 Jan 2024 21:28:58 INFO 5: precision: 0.00853 | recall: 0.04031 | ndcg: 0.02679 | hit_rate: 0.04254 | map: 0.02196
Sat 06 Jan 2024 21:28:58 INFO 10: precision: 0.00671 | recall: 0.06348 | ndcg: 0.03428 | hit_rate: 0.06676 | map: 0.02499
Sat 06 Jan 2024 21:28:58 INFO 20: precision: 0.00509 | recall: 0.09658 | ndcg: 0.04270 | hit_rate: 0.10090 | map: 0.02727
Sat 06 Jan 2024 21:28:58 INFO Test Metrics:
Sat 06 Jan 2024 21:28:58 INFO 5: precision: 0.01359 | recall: 0.04057 | ndcg: 0.03056 | hit_rate: 0.06548 | map: 0.02245
Sat 06 Jan 2024 21:28:58 INFO 10: precision: 0.01053 | recall: 0.06214 | ndcg: 0.03862 | hit_rate: 0.09983 | map: 0.02548
Sat 06 Jan 2024 21:28:58 INFO 20: precision: 0.00795 | recall: 0.09299 | ndcg: 0.04762 | hit_rate: 0.14796 | map: 0.02775
Sat 06 Jan 2024 21:29:08 INFO Epoch 32, Loss: 4.98640
Sat 06 Jan 2024 21:29:10 INFO Validation Metrics:
Sat 06 Jan 2024 21:29:10 INFO 5: precision: 0.00856 | recall: 0.04050 | ndcg: 0.02670 | hit_rate: 0.04267 | map: 0.02179
Sat 06 Jan 2024 21:29:10 INFO 10: precision: 0.00665 | recall: 0.06287 | ndcg: 0.03393 | hit_rate: 0.06614 | map: 0.02472
Sat 06 Jan 2024 21:29:10 INFO 20: precision: 0.00508 | recall: 0.09627 | ndcg: 0.04240 | hit_rate: 0.10076 | map: 0.02700
Sat 06 Jan 2024 21:29:10 INFO Test Metrics:
Sat 06 Jan 2024 21:29:10 INFO 5: precision: 0.01366 | recall: 0.04063 | ndcg: 0.03040 | hit_rate: 0.06569 | map: 0.02221
Sat 06 Jan 2024 21:29:10 INFO 10: precision: 0.01065 | recall: 0.06290 | ndcg: 0.03866 | hit_rate: 0.10097 | map: 0.02532
Sat 06 Jan 2024 21:29:10 INFO 20: precision: 0.00787 | recall: 0.09222 | ndcg: 0.04719 | hit_rate: 0.14692 | map: 0.02744
Sat 06 Jan 2024 21:29:20 INFO Epoch 33, Loss: 4.74609
Sat 06 Jan 2024 21:29:22 INFO Validation Metrics:
Sat 06 Jan 2024 21:29:22 INFO 5: precision: 0.00854 | recall: 0.04042 | ndcg: 0.02680 | hit_rate: 0.04257 | map: 0.02196
Sat 06 Jan 2024 21:29:22 INFO 10: precision: 0.00677 | recall: 0.06417 | ndcg: 0.03447 | hit_rate: 0.06731 | map: 0.02506
Sat 06 Jan 2024 21:29:22 INFO 20: precision: 0.00515 | recall: 0.09770 | ndcg: 0.04296 | hit_rate: 0.10221 | map: 0.02734
Sat 06 Jan 2024 21:29:22 INFO Test Metrics:
Sat 06 Jan 2024 21:29:22 INFO 5: precision: 0.01395 | recall: 0.04150 | ndcg: 0.03093 | hit_rate: 0.06717 | map: 0.02256
Sat 06 Jan 2024 21:29:22 INFO 10: precision: 0.01075 | recall: 0.06354 | ndcg: 0.03911 | hit_rate: 0.10211 | map: 0.02563
Sat 06 Jan 2024 21:29:22 INFO 20: precision: 0.00796 | recall: 0.09307 | ndcg: 0.04772 | hit_rate: 0.14813 | map: 0.02780
Sat 06 Jan 2024 21:29:33 INFO Epoch 34, Loss: 4.48426
Sat 06 Jan 2024 21:29:34 INFO Validation Metrics:
Sat 06 Jan 2024 21:29:34 INFO 5: precision: 0.00858 | recall: 0.04064 | ndcg: 0.02695 | hit_rate: 0.04278 | map: 0.02209
Sat 06 Jan 2024 21:29:34 INFO 10: precision: 0.00672 | recall: 0.06373 | ndcg: 0.03441 | hit_rate: 0.06686 | map: 0.02510
Sat 06 Jan 2024 21:29:34 INFO 20: precision: 0.00515 | recall: 0.09771 | ndcg: 0.04303 | hit_rate: 0.10225 | map: 0.02743
Sat 06 Jan 2024 21:29:34 INFO Test Metrics:
Sat 06 Jan 2024 21:29:34 INFO 5: precision: 0.01370 | recall: 0.04075 | ndcg: 0.03052 | hit_rate: 0.06596 | map: 0.02234
Sat 06 Jan 2024 21:29:34 INFO 10: precision: 0.01078 | recall: 0.06378 | ndcg: 0.03906 | hit_rate: 0.10221 | map: 0.02555
Sat 06 Jan 2024 21:29:34 INFO 20: precision: 0.00795 | recall: 0.09308 | ndcg: 0.04761 | hit_rate: 0.14806 | map: 0.02770
Sat 06 Jan 2024 21:29:45 INFO Epoch 35, Loss: 4.31712
Sat 06 Jan 2024 21:29:47 INFO Validation Metrics:
Sat 06 Jan 2024 21:29:47 INFO 5: precision: 0.00853 | recall: 0.04041 | ndcg: 0.02669 | hit_rate: 0.04261 | map: 0.02181
Sat 06 Jan 2024 21:29:47 INFO 10: precision: 0.00680 | recall: 0.06439 | ndcg: 0.03442 | hit_rate: 0.06766 | map: 0.02493
Sat 06 Jan 2024 21:29:47 INFO 20: precision: 0.00514 | recall: 0.09772 | ndcg: 0.04286 | hit_rate: 0.10214 | map: 0.02720
Sat 06 Jan 2024 21:29:47 INFO Test Metrics:
Sat 06 Jan 2024 21:29:47 INFO 5: precision: 0.01361 | recall: 0.04063 | ndcg: 0.03038 | hit_rate: 0.06545 | map: 0.02223
Sat 06 Jan 2024 21:29:47 INFO 10: precision: 0.01071 | recall: 0.06337 | ndcg: 0.03882 | hit_rate: 0.10152 | map: 0.02539
Sat 06 Jan 2024 21:29:47 INFO 20: precision: 0.00797 | recall: 0.09349 | ndcg: 0.04758 | hit_rate: 0.14834 | map: 0.02759
Sat 06 Jan 2024 21:29:57 INFO Epoch 36, Loss: 4.08253
Sat 06 Jan 2024 21:29:59 INFO Validation Metrics:
Sat 06 Jan 2024 21:29:59 INFO 5: precision: 0.00858 | recall: 0.04056 | ndcg: 0.02676 | hit_rate: 0.04278 | map: 0.02183
Sat 06 Jan 2024 21:29:59 INFO 10: precision: 0.00671 | recall: 0.06358 | ndcg: 0.03420 | hit_rate: 0.06679 | map: 0.02484
Sat 06 Jan 2024 21:29:59 INFO 20: precision: 0.00513 | recall: 0.09748 | ndcg: 0.04282 | hit_rate: 0.10197 | map: 0.02718
Sat 06 Jan 2024 21:29:59 INFO Test Metrics:
Sat 06 Jan 2024 21:29:59 INFO 5: precision: 0.01390 | recall: 0.04141 | ndcg: 0.03076 | hit_rate: 0.06669 | map: 0.02239
Sat 06 Jan 2024 21:29:59 INFO 10: precision: 0.01076 | recall: 0.06346 | ndcg: 0.03897 | hit_rate: 0.10200 | map: 0.02546
Sat 06 Jan 2024 21:29:59 INFO 20: precision: 0.00796 | recall: 0.09328 | ndcg: 0.04764 | hit_rate: 0.14838 | map: 0.02764
Sat 06 Jan 2024 21:30:09 INFO Epoch 37, Loss: 3.89062
Sat 06 Jan 2024 21:30:11 INFO Validation Metrics:
Sat 06 Jan 2024 21:30:11 INFO 5: precision: 0.00866 | recall: 0.04109 | ndcg: 0.02699 | hit_rate: 0.04323 | map: 0.02200
Sat 06 Jan 2024 21:30:11 INFO 10: precision: 0.00678 | recall: 0.06432 | ndcg: 0.03448 | hit_rate: 0.06752 | map: 0.02501
Sat 06 Jan 2024 21:30:11 INFO 20: precision: 0.00516 | recall: 0.09782 | ndcg: 0.04297 | hit_rate: 0.10238 | map: 0.02729
Sat 06 Jan 2024 21:30:11 INFO Test Metrics:
Sat 06 Jan 2024 21:30:11 INFO 5: precision: 0.01374 | recall: 0.04092 | ndcg: 0.03076 | hit_rate: 0.06589 | map: 0.02256
Sat 06 Jan 2024 21:30:11 INFO 10: precision: 0.01068 | recall: 0.06282 | ndcg: 0.03897 | hit_rate: 0.10107 | map: 0.02564
Sat 06 Jan 2024 21:30:11 INFO 20: precision: 0.00801 | recall: 0.09381 | ndcg: 0.04795 | hit_rate: 0.14955 | map: 0.02788
Sat 06 Jan 2024 21:30:22 INFO Epoch 38, Loss: 3.65930
Sat 06 Jan 2024 21:30:23 INFO Validation Metrics:
Sat 06 Jan 2024 21:30:23 INFO 5: precision: 0.00859 | recall: 0.04060 | ndcg: 0.02687 | hit_rate: 0.04285 | map: 0.02198
Sat 06 Jan 2024 21:30:23 INFO 10: precision: 0.00674 | recall: 0.06398 | ndcg: 0.03439 | hit_rate: 0.06714 | map: 0.02501
Sat 06 Jan 2024 21:30:23 INFO 20: precision: 0.00513 | recall: 0.09712 | ndcg: 0.04282 | hit_rate: 0.10166 | map: 0.02729
Sat 06 Jan 2024 21:30:23 INFO Test Metrics:
Sat 06 Jan 2024 21:30:23 INFO 5: precision: 0.01404 | recall: 0.04173 | ndcg: 0.03129 | hit_rate: 0.06745 | map: 0.02292
Sat 06 Jan 2024 21:30:23 INFO 10: precision: 0.01075 | recall: 0.06340 | ndcg: 0.03936 | hit_rate: 0.10180 | map: 0.02597
Sat 06 Jan 2024 21:30:23 INFO 20: precision: 0.00797 | recall: 0.09348 | ndcg: 0.04811 | hit_rate: 0.14879 | map: 0.02816
Sat 06 Jan 2024 21:30:34 INFO Epoch 39, Loss: 3.49911
Sat 06 Jan 2024 21:30:36 INFO Validation Metrics:
Sat 06 Jan 2024 21:30:36 INFO 5: precision: 0.00863 | recall: 0.04095 | ndcg: 0.02686 | hit_rate: 0.04305 | map: 0.02187
Sat 06 Jan 2024 21:30:36 INFO 10: precision: 0.00682 | recall: 0.06465 | ndcg: 0.03449 | hit_rate: 0.06797 | map: 0.02493
Sat 06 Jan 2024 21:30:36 INFO 20: precision: 0.00518 | recall: 0.09822 | ndcg: 0.04301 | hit_rate: 0.10280 | map: 0.02722
Sat 06 Jan 2024 21:30:36 INFO Test Metrics:
Sat 06 Jan 2024 21:30:36 INFO 5: precision: 0.01410 | recall: 0.04192 | ndcg: 0.03127 | hit_rate: 0.06762 | map: 0.02285
Sat 06 Jan 2024 21:30:36 INFO 10: precision: 0.01079 | recall: 0.06350 | ndcg: 0.03932 | hit_rate: 0.10204 | map: 0.02588
Sat 06 Jan 2024 21:30:36 INFO 20: precision: 0.00799 | recall: 0.09348 | ndcg: 0.04807 | hit_rate: 0.14883 | map: 0.02809
Sat 06 Jan 2024 21:30:46 INFO Epoch 40, Loss: 3.35184
Sat 06 Jan 2024 21:30:48 INFO Validation Metrics:
Sat 06 Jan 2024 21:30:48 INFO 5: precision: 0.00858 | recall: 0.04076 | ndcg: 0.02705 | hit_rate: 0.04278 | map: 0.02219
Sat 06 Jan 2024 21:30:48 INFO 10: precision: 0.00681 | recall: 0.06448 | ndcg: 0.03475 | hit_rate: 0.06776 | map: 0.02531
Sat 06 Jan 2024 21:30:48 INFO 20: precision: 0.00514 | recall: 0.09751 | ndcg: 0.04316 | hit_rate: 0.10200 | map: 0.02759
Sat 06 Jan 2024 21:30:48 INFO Test Metrics:
Sat 06 Jan 2024 21:30:48 INFO 5: precision: 0.01415 | recall: 0.04220 | ndcg: 0.03144 | hit_rate: 0.06783 | map: 0.02297
Sat 06 Jan 2024 21:30:48 INFO 10: precision: 0.01088 | recall: 0.06410 | ndcg: 0.03960 | hit_rate: 0.10259 | map: 0.02604
Sat 06 Jan 2024 21:30:48 INFO 20: precision: 0.00798 | recall: 0.09352 | ndcg: 0.04816 | hit_rate: 0.14858 | map: 0.02818
Sat 06 Jan 2024 21:30:59 INFO Epoch 41, Loss: 3.18815
Sat 06 Jan 2024 21:31:00 INFO Validation Metrics:
Sat 06 Jan 2024 21:31:00 INFO 5: precision: 0.00856 | recall: 0.04069 | ndcg: 0.02715 | hit_rate: 0.04271 | map: 0.02234
Sat 06 Jan 2024 21:31:00 INFO 10: precision: 0.00681 | recall: 0.06445 | ndcg: 0.03486 | hit_rate: 0.06776 | map: 0.02546
Sat 06 Jan 2024 21:31:00 INFO 20: precision: 0.00511 | recall: 0.09685 | ndcg: 0.04311 | hit_rate: 0.10121 | map: 0.02771
Sat 06 Jan 2024 21:31:00 INFO Test Metrics:
Sat 06 Jan 2024 21:31:00 INFO 5: precision: 0.01388 | recall: 0.04150 | ndcg: 0.03108 | hit_rate: 0.06652 | map: 0.02279
Sat 06 Jan 2024 21:31:00 INFO 10: precision: 0.01070 | recall: 0.06322 | ndcg: 0.03920 | hit_rate: 0.10100 | map: 0.02586
Sat 06 Jan 2024 21:31:00 INFO 20: precision: 0.00799 | recall: 0.09359 | ndcg: 0.04804 | hit_rate: 0.14872 | map: 0.02807
Sat 06 Jan 2024 21:31:11 INFO Epoch 42, Loss: 3.06197
Sat 06 Jan 2024 21:31:13 INFO Validation Metrics:
Sat 06 Jan 2024 21:31:13 INFO 5: precision: 0.00854 | recall: 0.04061 | ndcg: 0.02702 | hit_rate: 0.04261 | map: 0.02221
Sat 06 Jan 2024 21:31:13 INFO 10: precision: 0.00679 | recall: 0.06427 | ndcg: 0.03471 | hit_rate: 0.06752 | map: 0.02533
Sat 06 Jan 2024 21:31:13 INFO 20: precision: 0.00515 | recall: 0.09750 | ndcg: 0.04317 | hit_rate: 0.10190 | map: 0.02762
Sat 06 Jan 2024 21:31:13 INFO Test Metrics:
Sat 06 Jan 2024 21:31:13 INFO 5: precision: 0.01387 | recall: 0.04131 | ndcg: 0.03108 | hit_rate: 0.06648 | map: 0.02280
Sat 06 Jan 2024 21:31:13 INFO 10: precision: 0.01077 | recall: 0.06337 | ndcg: 0.03931 | hit_rate: 0.10159 | map: 0.02590
Sat 06 Jan 2024 21:31:13 INFO 20: precision: 0.00797 | recall: 0.09341 | ndcg: 0.04804 | hit_rate: 0.14841 | map: 0.02809
Sat 06 Jan 2024 21:31:23 INFO Epoch 43, Loss: 2.84539
Sat 06 Jan 2024 21:31:25 INFO Validation Metrics:
Sat 06 Jan 2024 21:31:25 INFO 5: precision: 0.00865 | recall: 0.04098 | ndcg: 0.02718 | hit_rate: 0.04312 | map: 0.02227
Sat 06 Jan 2024 21:31:25 INFO 10: precision: 0.00682 | recall: 0.06458 | ndcg: 0.03480 | hit_rate: 0.06783 | map: 0.02536
Sat 06 Jan 2024 21:31:25 INFO 20: precision: 0.00517 | recall: 0.09792 | ndcg: 0.04326 | hit_rate: 0.10232 | map: 0.02763
Sat 06 Jan 2024 21:31:25 INFO Test Metrics:
Sat 06 Jan 2024 21:31:25 INFO 5: precision: 0.01369 | recall: 0.04063 | ndcg: 0.03072 | hit_rate: 0.06562 | map: 0.02257
Sat 06 Jan 2024 21:31:25 INFO 10: precision: 0.01079 | recall: 0.06360 | ndcg: 0.03927 | hit_rate: 0.10207 | map: 0.02579
Sat 06 Jan 2024 21:31:25 INFO 20: precision: 0.00796 | recall: 0.09340 | ndcg: 0.04792 | hit_rate: 0.14831 | map: 0.02796
Sat 06 Jan 2024 21:31:35 INFO Epoch 44, Loss: 2.84877
Sat 06 Jan 2024 21:31:37 INFO Validation Metrics:
Sat 06 Jan 2024 21:31:37 INFO 5: precision: 0.00854 | recall: 0.04062 | ndcg: 0.02712 | hit_rate: 0.04261 | map: 0.02232
Sat 06 Jan 2024 21:31:37 INFO 10: precision: 0.00673 | recall: 0.06364 | ndcg: 0.03460 | hit_rate: 0.06693 | map: 0.02536
Sat 06 Jan 2024 21:31:37 INFO 20: precision: 0.00508 | recall: 0.09613 | ndcg: 0.04286 | hit_rate: 0.10073 | map: 0.02759
Sat 06 Jan 2024 21:31:37 INFO Test Metrics:
Sat 06 Jan 2024 21:31:37 INFO 5: precision: 0.01362 | recall: 0.04040 | ndcg: 0.03060 | hit_rate: 0.06510 | map: 0.02254
Sat 06 Jan 2024 21:31:37 INFO 10: precision: 0.01073 | recall: 0.06352 | ndcg: 0.03917 | hit_rate: 0.10111 | map: 0.02579
Sat 06 Jan 2024 21:31:37 INFO 20: precision: 0.00793 | recall: 0.09291 | ndcg: 0.04775 | hit_rate: 0.14782 | map: 0.02792
Sat 06 Jan 2024 21:31:48 INFO Epoch 45, Loss: 2.68952
Sat 06 Jan 2024 21:31:50 INFO Validation Metrics:
Sat 06 Jan 2024 21:31:50 INFO 5: precision: 0.00862 | recall: 0.04096 | ndcg: 0.02740 | hit_rate: 0.04302 | map: 0.02259
Sat 06 Jan 2024 21:31:50 INFO 10: precision: 0.00681 | recall: 0.06445 | ndcg: 0.03502 | hit_rate: 0.06776 | map: 0.02567
Sat 06 Jan 2024 21:31:50 INFO 20: precision: 0.00512 | recall: 0.09699 | ndcg: 0.04326 | hit_rate: 0.10142 | map: 0.02788
Sat 06 Jan 2024 21:31:50 INFO Test Metrics:
Sat 06 Jan 2024 21:31:50 INFO 5: precision: 0.01371 | recall: 0.04087 | ndcg: 0.03077 | hit_rate: 0.06551 | map: 0.02260
Sat 06 Jan 2024 21:31:50 INFO 10: precision: 0.01073 | recall: 0.06339 | ndcg: 0.03914 | hit_rate: 0.10083 | map: 0.02576
Sat 06 Jan 2024 21:31:50 INFO 20: precision: 0.00796 | recall: 0.09327 | ndcg: 0.04784 | hit_rate: 0.14800 | map: 0.02792
Sat 06 Jan 2024 21:32:00 INFO Epoch 46, Loss: 2.53106
Sat 06 Jan 2024 21:32:02 INFO Validation Metrics:
Sat 06 Jan 2024 21:32:02 INFO 5: precision: 0.00857 | recall: 0.04062 | ndcg: 0.02729 | hit_rate: 0.04274 | map: 0.02253
Sat 06 Jan 2024 21:32:02 INFO 10: precision: 0.00680 | recall: 0.06427 | ndcg: 0.03498 | hit_rate: 0.06766 | map: 0.02566
Sat 06 Jan 2024 21:32:02 INFO 20: precision: 0.00511 | recall: 0.09666 | ndcg: 0.04320 | hit_rate: 0.10114 | map: 0.02788
Sat 06 Jan 2024 21:32:02 INFO Test Metrics:
Sat 06 Jan 2024 21:32:02 INFO 5: precision: 0.01403 | recall: 0.04167 | ndcg: 0.03112 | hit_rate: 0.06710 | map: 0.02273
Sat 06 Jan 2024 21:32:02 INFO 10: precision: 0.01065 | recall: 0.06271 | ndcg: 0.03896 | hit_rate: 0.10014 | map: 0.02570
Sat 06 Jan 2024 21:32:02 INFO 20: precision: 0.00791 | recall: 0.09273 | ndcg: 0.04770 | hit_rate: 0.14737 | map: 0.02789
Sat 06 Jan 2024 21:32:13 INFO Epoch 47, Loss: 2.37495
Sat 06 Jan 2024 21:32:14 INFO Validation Metrics:
Sat 06 Jan 2024 21:32:14 INFO 5: precision: 0.00862 | recall: 0.04089 | ndcg: 0.02735 | hit_rate: 0.04299 | map: 0.02254
Sat 06 Jan 2024 21:32:14 INFO 10: precision: 0.00680 | recall: 0.06425 | ndcg: 0.03492 | hit_rate: 0.06762 | map: 0.02559
Sat 06 Jan 2024 21:32:14 INFO 20: precision: 0.00512 | recall: 0.09688 | ndcg: 0.04320 | hit_rate: 0.10135 | map: 0.02782
Sat 06 Jan 2024 21:32:14 INFO Test Metrics:
Sat 06 Jan 2024 21:32:14 INFO 5: precision: 0.01386 | recall: 0.04141 | ndcg: 0.03090 | hit_rate: 0.06645 | map: 0.02259
Sat 06 Jan 2024 21:32:14 INFO 10: precision: 0.01072 | recall: 0.06318 | ndcg: 0.03905 | hit_rate: 0.10128 | map: 0.02566
Sat 06 Jan 2024 21:32:14 INFO 20: precision: 0.00798 | recall: 0.09343 | ndcg: 0.04784 | hit_rate: 0.14810 | map: 0.02787
Sat 06 Jan 2024 21:32:25 INFO Epoch 48, Loss: 2.29016
Sat 06 Jan 2024 21:32:27 INFO Validation Metrics:
Sat 06 Jan 2024 21:32:27 INFO 5: precision: 0.00874 | recall: 0.04146 | ndcg: 0.02768 | hit_rate: 0.04361 | map: 0.02279
Sat 06 Jan 2024 21:32:27 INFO 10: precision: 0.00679 | recall: 0.06409 | ndcg: 0.03504 | hit_rate: 0.06738 | map: 0.02577
Sat 06 Jan 2024 21:32:27 INFO 20: precision: 0.00515 | recall: 0.09755 | ndcg: 0.04354 | hit_rate: 0.10200 | map: 0.02807
Sat 06 Jan 2024 21:32:27 INFO Test Metrics:
Sat 06 Jan 2024 21:32:27 INFO 5: precision: 0.01398 | recall: 0.04179 | ndcg: 0.03112 | hit_rate: 0.06707 | map: 0.02272
Sat 06 Jan 2024 21:32:27 INFO 10: precision: 0.01077 | recall: 0.06338 | ndcg: 0.03919 | hit_rate: 0.10138 | map: 0.02577
Sat 06 Jan 2024 21:32:27 INFO 20: precision: 0.00796 | recall: 0.09320 | ndcg: 0.04787 | hit_rate: 0.14817 | map: 0.02795
Sat 06 Jan 2024 21:32:37 INFO Epoch 49, Loss: 2.18456
Sat 06 Jan 2024 21:32:39 INFO Validation Metrics:
Sat 06 Jan 2024 21:32:39 INFO 5: precision: 0.00856 | recall: 0.04073 | ndcg: 0.02722 | hit_rate: 0.04271 | map: 0.02241
Sat 06 Jan 2024 21:32:39 INFO 10: precision: 0.00678 | recall: 0.06414 | ndcg: 0.03479 | hit_rate: 0.06738 | map: 0.02547
Sat 06 Jan 2024 21:32:39 INFO 20: precision: 0.00512 | recall: 0.09706 | ndcg: 0.04313 | hit_rate: 0.10149 | map: 0.02771
Sat 06 Jan 2024 21:32:39 INFO Test Metrics:
Sat 06 Jan 2024 21:32:39 INFO 5: precision: 0.01419 | recall: 0.04223 | ndcg: 0.03131 | hit_rate: 0.06811 | map: 0.02279
Sat 06 Jan 2024 21:32:39 INFO 10: precision: 0.01077 | recall: 0.06341 | ndcg: 0.03920 | hit_rate: 0.10145 | map: 0.02577
Sat 06 Jan 2024 21:32:39 INFO 20: precision: 0.00793 | recall: 0.09294 | ndcg: 0.04780 | hit_rate: 0.14744 | map: 0.02794
Sat 06 Jan 2024 21:32:50 INFO Epoch 50, Loss: 2.09556
Sat 06 Jan 2024 21:32:51 INFO Validation Metrics:
Sat 06 Jan 2024 21:32:51 INFO 5: precision: 0.00855 | recall: 0.04063 | ndcg: 0.02726 | hit_rate: 0.04264 | map: 0.02251
Sat 06 Jan 2024 21:32:51 INFO 10: precision: 0.00670 | recall: 0.06340 | ndcg: 0.03466 | hit_rate: 0.06648 | map: 0.02552
Sat 06 Jan 2024 21:32:51 INFO 20: precision: 0.00508 | recall: 0.09603 | ndcg: 0.04298 | hit_rate: 0.10055 | map: 0.02777
Sat 06 Jan 2024 21:32:51 INFO Test Metrics:
Sat 06 Jan 2024 21:32:51 INFO 5: precision: 0.01413 | recall: 0.04212 | ndcg: 0.03151 | hit_rate: 0.06759 | map: 0.02309
Sat 06 Jan 2024 21:32:51 INFO 10: precision: 0.01081 | recall: 0.06362 | ndcg: 0.03952 | hit_rate: 0.10173 | map: 0.02609
Sat 06 Jan 2024 21:32:51 INFO 20: precision: 0.00792 | recall: 0.09310 | ndcg: 0.04807 | hit_rate: 0.14703 | map: 0.02825
Sat 06 Jan 2024 21:33:02 INFO Epoch 51, Loss: 2.05626
Sat 06 Jan 2024 21:33:03 INFO Validation Metrics:
Sat 06 Jan 2024 21:33:03 INFO 5: precision: 0.00858 | recall: 0.04077 | ndcg: 0.02720 | hit_rate: 0.04278 | map: 0.02238
Sat 06 Jan 2024 21:33:03 INFO 10: precision: 0.00670 | recall: 0.06336 | ndcg: 0.03455 | hit_rate: 0.06662 | map: 0.02536
Sat 06 Jan 2024 21:33:03 INFO 20: precision: 0.00511 | recall: 0.09683 | ndcg: 0.04306 | hit_rate: 0.10121 | map: 0.02767
Sat 06 Jan 2024 21:33:03 INFO Test Metrics:
Sat 06 Jan 2024 21:33:03 INFO 5: precision: 0.01405 | recall: 0.04209 | ndcg: 0.03156 | hit_rate: 0.06738 | map: 0.02315
Sat 06 Jan 2024 21:33:03 INFO 10: precision: 0.01063 | recall: 0.06265 | ndcg: 0.03927 | hit_rate: 0.10052 | map: 0.02606
Sat 06 Jan 2024 21:33:03 INFO 20: precision: 0.00796 | recall: 0.09327 | ndcg: 0.04820 | hit_rate: 0.14782 | map: 0.02832
Sat 06 Jan 2024 21:33:14 INFO Epoch 52, Loss: 1.98071
Sat 06 Jan 2024 21:33:16 INFO Validation Metrics:
Sat 06 Jan 2024 21:33:16 INFO 5: precision: 0.00867 | recall: 0.04111 | ndcg: 0.02739 | hit_rate: 0.04319 | map: 0.02251
Sat 06 Jan 2024 21:33:16 INFO 10: precision: 0.00672 | recall: 0.06363 | ndcg: 0.03470 | hit_rate: 0.06679 | map: 0.02548
Sat 06 Jan 2024 21:33:16 INFO 20: precision: 0.00514 | recall: 0.09730 | ndcg: 0.04326 | hit_rate: 0.10187 | map: 0.02779
Sat 06 Jan 2024 21:33:16 INFO Test Metrics:
Sat 06 Jan 2024 21:33:16 INFO 5: precision: 0.01415 | recall: 0.04219 | ndcg: 0.03143 | hit_rate: 0.06769 | map: 0.02294
Sat 06 Jan 2024 21:33:16 INFO 10: precision: 0.01072 | recall: 0.06333 | ndcg: 0.03932 | hit_rate: 0.10111 | map: 0.02593
Sat 06 Jan 2024 21:33:16 INFO 20: precision: 0.00790 | recall: 0.09282 | ndcg: 0.04793 | hit_rate: 0.14672 | map: 0.02812
Sat 06 Jan 2024 21:33:26 INFO Epoch 53, Loss: 1.91176
Sat 06 Jan 2024 21:33:28 INFO Validation Metrics:
Sat 06 Jan 2024 21:33:28 INFO 5: precision: 0.00853 | recall: 0.04051 | ndcg: 0.02704 | hit_rate: 0.04254 | map: 0.02225
Sat 06 Jan 2024 21:33:28 INFO 10: precision: 0.00673 | recall: 0.06387 | ndcg: 0.03463 | hit_rate: 0.06700 | map: 0.02533
Sat 06 Jan 2024 21:33:28 INFO 20: precision: 0.00512 | recall: 0.09680 | ndcg: 0.04303 | hit_rate: 0.10135 | map: 0.02761
Sat 06 Jan 2024 21:33:28 INFO Test Metrics:
Sat 06 Jan 2024 21:33:28 INFO 5: precision: 0.01402 | recall: 0.04174 | ndcg: 0.03131 | hit_rate: 0.06728 | map: 0.02290
Sat 06 Jan 2024 21:33:28 INFO 10: precision: 0.01073 | recall: 0.06329 | ndcg: 0.03934 | hit_rate: 0.10104 | map: 0.02594
Sat 06 Jan 2024 21:33:28 INFO 20: precision: 0.00793 | recall: 0.09324 | ndcg: 0.04805 | hit_rate: 0.14730 | map: 0.02814
Sat 06 Jan 2024 21:33:39 INFO Epoch 54, Loss: 1.85080
Sat 06 Jan 2024 21:33:41 INFO Validation Metrics:
Sat 06 Jan 2024 21:33:41 INFO 5: precision: 0.00849 | recall: 0.04021 | ndcg: 0.02700 | hit_rate: 0.04233 | map: 0.02229
Sat 06 Jan 2024 21:33:41 INFO 10: precision: 0.00675 | recall: 0.06398 | ndcg: 0.03470 | hit_rate: 0.06717 | map: 0.02541
Sat 06 Jan 2024 21:33:41 INFO 20: precision: 0.00510 | recall: 0.09674 | ndcg: 0.04303 | hit_rate: 0.10114 | map: 0.02766
Sat 06 Jan 2024 21:33:41 INFO Test Metrics:
Sat 06 Jan 2024 21:33:41 INFO 5: precision: 0.01395 | recall: 0.04168 | ndcg: 0.03126 | hit_rate: 0.06686 | map: 0.02294
Sat 06 Jan 2024 21:33:41 INFO 10: precision: 0.01067 | recall: 0.06295 | ndcg: 0.03919 | hit_rate: 0.10073 | map: 0.02592
Sat 06 Jan 2024 21:33:41 INFO 20: precision: 0.00792 | recall: 0.09307 | ndcg: 0.04797 | hit_rate: 0.14699 | map: 0.02815
Sat 06 Jan 2024 21:33:51 INFO Epoch 55, Loss: 1.70659
Sat 06 Jan 2024 21:33:53 INFO Validation Metrics:
Sat 06 Jan 2024 21:33:53 INFO 5: precision: 0.00847 | recall: 0.04015 | ndcg: 0.02700 | hit_rate: 0.04226 | map: 0.02230
Sat 06 Jan 2024 21:33:53 INFO 10: precision: 0.00678 | recall: 0.06421 | ndcg: 0.03479 | hit_rate: 0.06742 | map: 0.02546
Sat 06 Jan 2024 21:33:53 INFO 20: precision: 0.00509 | recall: 0.09630 | ndcg: 0.04293 | hit_rate: 0.10079 | map: 0.02765
Sat 06 Jan 2024 21:33:53 INFO Test Metrics:
Sat 06 Jan 2024 21:33:53 INFO 5: precision: 0.01396 | recall: 0.04154 | ndcg: 0.03112 | hit_rate: 0.06690 | map: 0.02278
Sat 06 Jan 2024 21:33:53 INFO 10: precision: 0.01065 | recall: 0.06298 | ndcg: 0.03907 | hit_rate: 0.10038 | map: 0.02579
Sat 06 Jan 2024 21:33:53 INFO 20: precision: 0.00789 | recall: 0.09252 | ndcg: 0.04770 | hit_rate: 0.14641 | map: 0.02797
Sat 06 Jan 2024 21:34:03 INFO Epoch 56, Loss: 1.67776
Sat 06 Jan 2024 21:34:05 INFO Validation Metrics:
Sat 06 Jan 2024 21:34:05 INFO 5: precision: 0.00864 | recall: 0.04105 | ndcg: 0.02744 | hit_rate: 0.04309 | map: 0.02260
Sat 06 Jan 2024 21:34:05 INFO 10: precision: 0.00671 | recall: 0.06338 | ndcg: 0.03472 | hit_rate: 0.06669 | map: 0.02556
Sat 06 Jan 2024 21:34:05 INFO 20: precision: 0.00508 | recall: 0.09627 | ndcg: 0.04307 | hit_rate: 0.10073 | map: 0.02782
Sat 06 Jan 2024 21:34:05 INFO Test Metrics:
Sat 06 Jan 2024 21:34:05 INFO 5: precision: 0.01378 | recall: 0.04093 | ndcg: 0.03088 | hit_rate: 0.06610 | map: 0.02269
Sat 06 Jan 2024 21:34:05 INFO 10: precision: 0.01068 | recall: 0.06285 | ndcg: 0.03908 | hit_rate: 0.10062 | map: 0.02582
Sat 06 Jan 2024 21:34:05 INFO 20: precision: 0.00784 | recall: 0.09215 | ndcg: 0.04757 | hit_rate: 0.14578 | map: 0.02795
Sat 06 Jan 2024 21:34:16 INFO Epoch 57, Loss: 1.59073
Sat 06 Jan 2024 21:34:18 INFO Validation Metrics:
Sat 06 Jan 2024 21:34:18 INFO 5: precision: 0.00871 | recall: 0.04136 | ndcg: 0.02750 | hit_rate: 0.04347 | map: 0.02258
Sat 06 Jan 2024 21:34:18 INFO 10: precision: 0.00669 | recall: 0.06323 | ndcg: 0.03461 | hit_rate: 0.06648 | map: 0.02546
Sat 06 Jan 2024 21:34:18 INFO 20: precision: 0.00505 | recall: 0.09583 | ndcg: 0.04289 | hit_rate: 0.10021 | map: 0.02771
Sat 06 Jan 2024 21:34:18 INFO Test Metrics:
Sat 06 Jan 2024 21:34:18 INFO 5: precision: 0.01376 | recall: 0.04106 | ndcg: 0.03102 | hit_rate: 0.06589 | map: 0.02285
Sat 06 Jan 2024 21:34:18 INFO 10: precision: 0.01069 | recall: 0.06280 | ndcg: 0.03919 | hit_rate: 0.10083 | map: 0.02594
Sat 06 Jan 2024 21:34:18 INFO 20: precision: 0.00792 | recall: 0.09284 | ndcg: 0.04789 | hit_rate: 0.14713 | map: 0.02812
Sat 06 Jan 2024 21:34:18 INFO Best Test Metrics:
Sat 06 Jan 2024 21:34:18 INFO 5: precision: 0.01374 | recall: 0.04092 | ndcg: 0.03076 | hit_rate: 0.06589 | map: 0.02256
Sat 06 Jan 2024 21:34:18 INFO 10: precision: 0.01068 | recall: 0.06282 | ndcg: 0.03897 | hit_rate: 0.10107 | map: 0.02564
Sat 06 Jan 2024 21:34:18 INFO 20: precision: 0.00801 | recall: 0.09381 | ndcg: 0.04795 | hit_rate: 0.14955 | map: 0.02788
Sat 06 Jan 2024 21:34:18 INFO Best performance: 0.09381
Sat 06 Jan 2024 21:34:18 INFO Best parameters: {'learning_rate': 0.001, 'reg_weight': 0.001, 'mm_layers': 1, 'n_layers': 2, 'threshold': 0.1, 'lambda_coeff': 0.6}
Sat 06 Jan 2024 21:34:18 INFO Best metrics:
Sat 06 Jan 2024 21:34:18 INFO 5: precision: 0.01374 | recall: 0.04092 | ndcg: 0.03076 | hit_rate: 0.06589 | map: 0.02256
Sat 06 Jan 2024 21:34:18 INFO 10: precision: 0.01068 | recall: 0.06282 | ndcg: 0.03897 | hit_rate: 0.10107 | map: 0.02564
Sat 06 Jan 2024 21:34:18 INFO 20: precision: 0.00801 | recall: 0.09381 | ndcg: 0.04795 | hit_rate: 0.14955 | map: 0.02788
