Tue 10 Sep 2024 21:41:22 INFO ============Arguments==============
Tue 10 Sep 2024 21:41:22 INFO Model: DiffMM
Tue 10 Sep 2024 21:41:22 INFO data_path: clothing
Tue 10 Sep 2024 21:41:22 INFO learning_rate: 0.001
Tue 10 Sep 2024 21:41:22 INFO feature_embed: 64
Tue 10 Sep 2024 21:41:22 INFO batch_size: 1024
Tue 10 Sep 2024 21:41:22 INFO aggr_mode: add
Tue 10 Sep 2024 21:41:22 INFO reg_weight: 0.001
Tue 10 Sep 2024 21:41:22 INFO dim_E: 64
Tue 10 Sep 2024 21:41:22 INFO num_epoch: 1000
Tue 10 Sep 2024 21:41:22 INFO dropout: 0.2
Tue 10 Sep 2024 21:41:22 INFO n_layers: 2
Tue 10 Sep 2024 21:41:22 INFO corDecay: 0.001
Tue 10 Sep 2024 21:41:22 INFO n_factors: 4
Tue 10 Sep 2024 21:41:22 INFO n_iterations: 3
Tue 10 Sep 2024 21:41:22 INFO cl_weight: 2.0
Tue 10 Sep 2024 21:41:22 INFO mm_layers: 2
Tue 10 Sep 2024 21:41:22 INFO ii_topk: 10
Tue 10 Sep 2024 21:41:22 INFO uu_topk: 40
Tue 10 Sep 2024 21:41:22 INFO lambda_coeff: 0.9
Tue 10 Sep 2024 21:41:22 INFO ssl_temp: 0.9
Tue 10 Sep 2024 21:41:22 INFO ssl_alpha: 0.9
Tue 10 Sep 2024 21:41:22 INFO ae_weight: 0.1
Tue 10 Sep 2024 21:41:22 INFO threshold: 0.1
Tue 10 Sep 2024 21:41:22 INFO prompt_num: 0.1
Tue 10 Sep 2024 21:41:22 INFO neg_weight: 0.1
Tue 10 Sep 2024 21:41:22 INFO cen_reg: 0.005
Tue 10 Sep 2024 21:41:22 INFO n_intents: 128
Tue 10 Sep 2024 21:41:22 INFO G_rate: 0.0001
Tue 10 Sep 2024 21:41:22 INFO align_weight: 0.1
Tue 10 Sep 2024 21:41:22 INFO mask_weight_f: 1.5
Tue 10 Sep 2024 21:41:22 INFO mask_weight_g: 0.001
Tue 10 Sep 2024 21:41:22 INFO leaky: 0.5
Tue 10 Sep 2024 21:41:22 INFO keepRate: 1.0
Tue 10 Sep 2024 21:41:22 INFO mult: 0.1
Tue 10 Sep 2024 21:41:22 INFO grid_size: 1
Tue 10 Sep 2024 21:41:22 INFO node_dropout: 0.1
Tue 10 Sep 2024 21:41:22 INFO message_dropout: 0.1
Tue 10 Sep 2024 21:41:22 INFO n_mca: 2
Tue 10 Sep 2024 21:41:22 INFO gamma: 0.5
Tue 10 Sep 2024 21:41:22 INFO t: 1.8
Tue 10 Sep 2024 21:41:22 INFO e_loss: 0.1
Tue 10 Sep 2024 21:41:22 INFO ris_lambda: 0.5
Tue 10 Sep 2024 21:41:22 INFO rebuild_k: 1
Tue 10 Sep 2024 21:41:22 INFO seed: 42
Tue 10 Sep 2024 21:41:22 INFO num_workers: 1
Tue 10 Sep 2024 21:41:22 INFO topk: [5, 10, 20]
Tue 10 Sep 2024 21:41:22 INFO local time£ºSep-10-2024-21-41-22
Tue 10 Sep 2024 21:41:22 INFO =========1/1: Parameters:{'e_loss': 0.1, 'learning_rate': 0.001, 'reg_weight': 0.0001, 'ssl_alpha': 0.01, 'ris_lambda': 0.5, 'ssl_temp': 0.1, 'rebuild_k': 1}=========
Tue 10 Sep 2024 21:44:23 INFO Diffusion Step 0/17; Diffusion Loss 22.700462
Tue 10 Sep 2024 21:44:24 INFO Diffusion Step 1/17; Diffusion Loss 30682.786194
Tue 10 Sep 2024 21:44:24 INFO Diffusion Step 2/17; Diffusion Loss 575.324107
Tue 10 Sep 2024 21:44:24 INFO Diffusion Step 3/17; Diffusion Loss 7745.490028
Tue 10 Sep 2024 21:44:24 INFO Diffusion Step 4/17; Diffusion Loss 8315.078420
Tue 10 Sep 2024 21:44:24 INFO Diffusion Step 5/17; Diffusion Loss 5737.196310
Tue 10 Sep 2024 21:44:24 INFO Diffusion Step 6/17; Diffusion Loss 8497.454846
Tue 10 Sep 2024 21:44:24 INFO Diffusion Step 7/17; Diffusion Loss 9258.969111
Tue 10 Sep 2024 21:44:24 INFO Diffusion Step 8/17; Diffusion Loss 5597.145049
Tue 10 Sep 2024 21:44:24 INFO Diffusion Step 9/17; Diffusion Loss 1525.600425
Tue 10 Sep 2024 21:44:24 INFO Diffusion Step 10/17; Diffusion Loss 1613.640681
Tue 10 Sep 2024 21:44:24 INFO Diffusion Step 11/17; Diffusion Loss 4386.285090
Tue 10 Sep 2024 21:44:24 INFO Diffusion Step 12/17; Diffusion Loss 5794.496177
Tue 10 Sep 2024 21:44:24 INFO Diffusion Step 13/17; Diffusion Loss 4194.428163
Tue 10 Sep 2024 21:44:24 INFO Diffusion Step 14/17; Diffusion Loss 1683.554890
Tue 10 Sep 2024 21:44:24 INFO Diffusion Step 15/17; Diffusion Loss 308.723270
Tue 10 Sep 2024 21:44:24 INFO Diffusion Step 16/17; Diffusion Loss 406.124189
Tue 10 Sep 2024 21:44:24 INFO Diffusion Step 17/17; Diffusion Loss 1136.447137
Tue 10 Sep 2024 21:44:25 INFO 
Tue 10 Sep 2024 21:44:25 INFO Start to re-build UI matrix
