Mon 23 Sep 2024 19:00:17 INFO ============Arguments==============
Mon 23 Sep 2024 19:00:17 INFO Model: DRAGON
Mon 23 Sep 2024 19:00:17 INFO data_path: microlens
Mon 23 Sep 2024 19:00:17 INFO learning_rate: 0.001
Mon 23 Sep 2024 19:00:17 INFO feature_embed: 64
Mon 23 Sep 2024 19:00:17 INFO batch_size: 1024
Mon 23 Sep 2024 19:00:17 INFO aggr_mode: add
Mon 23 Sep 2024 19:00:17 INFO reg_weight: 0.001
Mon 23 Sep 2024 19:00:17 INFO dim_E: 64
Mon 23 Sep 2024 19:00:17 INFO num_epoch: 1000
Mon 23 Sep 2024 19:00:17 INFO dropout: 0.2
Mon 23 Sep 2024 19:00:17 INFO n_layers: 2
Mon 23 Sep 2024 19:00:17 INFO corDecay: 0.001
Mon 23 Sep 2024 19:00:17 INFO n_factors: 4
Mon 23 Sep 2024 19:00:17 INFO n_iterations: 3
Mon 23 Sep 2024 19:00:17 INFO cl_weight: 2.0
Mon 23 Sep 2024 19:00:17 INFO mm_layers: 2
Mon 23 Sep 2024 19:00:17 INFO ii_topk: 10
Mon 23 Sep 2024 19:00:17 INFO uu_topk: 40
Mon 23 Sep 2024 19:00:17 INFO lambda_coeff: 0.9
Mon 23 Sep 2024 19:00:17 INFO ssl_temp: 0.9
Mon 23 Sep 2024 19:00:17 INFO ssl_alpha: 0.9
Mon 23 Sep 2024 19:00:17 INFO ae_weight: 0.1
Mon 23 Sep 2024 19:00:17 INFO threshold: 0.1
Mon 23 Sep 2024 19:00:17 INFO prompt_num: 0.1
Mon 23 Sep 2024 19:00:17 INFO neg_weight: 0.1
Mon 23 Sep 2024 19:00:17 INFO cen_reg: 0.005
Mon 23 Sep 2024 19:00:17 INFO n_intents: 128
Mon 23 Sep 2024 19:00:17 INFO G_rate: 0.0001
Mon 23 Sep 2024 19:00:17 INFO align_weight: 0.1
Mon 23 Sep 2024 19:00:17 INFO mask_weight_f: 1.5
Mon 23 Sep 2024 19:00:17 INFO mask_weight_g: 0.001
Mon 23 Sep 2024 19:00:17 INFO leaky: 0.5
Mon 23 Sep 2024 19:00:17 INFO keepRate: 1.0
Mon 23 Sep 2024 19:00:17 INFO mult: 0.1
Mon 23 Sep 2024 19:00:17 INFO grid_size: 1
Mon 23 Sep 2024 19:00:17 INFO node_dropout: 0.1
Mon 23 Sep 2024 19:00:17 INFO message_dropout: 0.1
Mon 23 Sep 2024 19:00:17 INFO n_mca: 2
Mon 23 Sep 2024 19:00:17 INFO gamma: 0.5
Mon 23 Sep 2024 19:00:17 INFO t: 1.8
Mon 23 Sep 2024 19:00:17 INFO e_loss: 0.1
Mon 23 Sep 2024 19:00:17 INFO ris_lambda: 0.5
Mon 23 Sep 2024 19:00:17 INFO rebuild_k: 1
Mon 23 Sep 2024 19:00:17 INFO pnn_layer: 1
Mon 23 Sep 2024 19:00:17 INFO b2: 1
Mon 23 Sep 2024 19:00:17 INFO ctra: 0.001
Mon 23 Sep 2024 19:00:17 INFO seed: 42
Mon 23 Sep 2024 19:00:17 INFO num_workers: 1
Mon 23 Sep 2024 19:00:17 INFO topk: [5, 10, 20]
Mon 23 Sep 2024 19:00:17 INFO local time£ºSep-23-2024-19-00-17
Mon 23 Sep 2024 19:00:17 INFO =========1/1: Parameters:{'n_layers': 1, 'learning_rate': 0.001, 'reg_weight': 0.01, 'uu_topk': 40, 'ii_topk': 10, 'lambda_coeff': 0.5}=========
Mon 23 Sep 2024 19:00:43 INFO Epoch 1, Loss: 27.45150
Mon 23 Sep 2024 19:00:45 INFO Validation Metrics:
Mon 23 Sep 2024 19:00:45 INFO 5: precision: 0.00688 | recall: 0.03297 | ndcg: 0.02062 | hit_rate: 0.03412 | map: 0.01637
Mon 23 Sep 2024 19:00:45 INFO 10: precision: 0.00559 | recall: 0.05341 | ndcg: 0.02726 | hit_rate: 0.05521 | map: 0.01908
Mon 23 Sep 2024 19:00:45 INFO 20: precision: 0.00446 | recall: 0.08495 | ndcg: 0.03527 | hit_rate: 0.08733 | map: 0.02127
Mon 23 Sep 2024 19:00:45 INFO Test Metrics:
Mon 23 Sep 2024 19:00:45 INFO 5: precision: 0.01062 | recall: 0.03190 | ndcg: 0.02286 | hit_rate: 0.04899 | map: 0.01659
Mon 23 Sep 2024 19:00:45 INFO 10: precision: 0.00895 | recall: 0.05298 | ndcg: 0.03067 | hit_rate: 0.07867 | map: 0.01974
Mon 23 Sep 2024 19:00:45 INFO 20: precision: 0.00714 | recall: 0.08464 | ndcg: 0.03984 | hit_rate: 0.11909 | map: 0.02233
Mon 23 Sep 2024 19:01:08 INFO Epoch 2, Loss: 12.45320
Mon 23 Sep 2024 19:01:11 INFO Validation Metrics:
Mon 23 Sep 2024 19:01:11 INFO 5: precision: 0.00704 | recall: 0.03358 | ndcg: 0.02133 | hit_rate: 0.03488 | map: 0.01710
Mon 23 Sep 2024 19:01:11 INFO 10: precision: 0.00606 | recall: 0.05791 | ndcg: 0.02921 | hit_rate: 0.05982 | map: 0.02031
Mon 23 Sep 2024 19:01:11 INFO 20: precision: 0.00481 | recall: 0.09153 | ndcg: 0.03777 | hit_rate: 0.09390 | map: 0.02265
Mon 23 Sep 2024 19:01:11 INFO Test Metrics:
Mon 23 Sep 2024 19:01:11 INFO 5: precision: 0.01159 | recall: 0.03477 | ndcg: 0.02497 | hit_rate: 0.05345 | map: 0.01812
Mon 23 Sep 2024 19:01:11 INFO 10: precision: 0.00966 | recall: 0.05739 | ndcg: 0.03336 | hit_rate: 0.08468 | map: 0.02155
Mon 23 Sep 2024 19:01:11 INFO 20: precision: 0.00766 | recall: 0.09079 | ndcg: 0.04306 | hit_rate: 0.12704 | map: 0.02430
Mon 23 Sep 2024 19:01:35 INFO Epoch 3, Loss: 9.43622
Mon 23 Sep 2024 19:01:37 INFO Validation Metrics:
Mon 23 Sep 2024 19:01:37 INFO 5: precision: 0.00721 | recall: 0.03442 | ndcg: 0.02164 | hit_rate: 0.03572 | map: 0.01724
Mon 23 Sep 2024 19:01:37 INFO 10: precision: 0.00623 | recall: 0.05934 | ndcg: 0.02973 | hit_rate: 0.06133 | map: 0.02054
Mon 23 Sep 2024 19:01:37 INFO 20: precision: 0.00498 | recall: 0.09461 | ndcg: 0.03870 | hit_rate: 0.09711 | map: 0.02299
Mon 23 Sep 2024 19:01:37 INFO Test Metrics:
Mon 23 Sep 2024 19:01:37 INFO 5: precision: 0.01167 | recall: 0.03503 | ndcg: 0.02521 | hit_rate: 0.05414 | map: 0.01829
Mon 23 Sep 2024 19:01:37 INFO 10: precision: 0.00992 | recall: 0.05925 | ndcg: 0.03415 | hit_rate: 0.08714 | map: 0.02194
Mon 23 Sep 2024 19:01:37 INFO 20: precision: 0.00786 | recall: 0.09312 | ndcg: 0.04405 | hit_rate: 0.12999 | map: 0.02478
Mon 23 Sep 2024 19:02:01 INFO Epoch 4, Loss: 7.84233
Mon 23 Sep 2024 19:02:03 INFO Validation Metrics:
Mon 23 Sep 2024 19:02:03 INFO 5: precision: 0.00773 | recall: 0.03706 | ndcg: 0.02317 | hit_rate: 0.03835 | map: 0.01840
Mon 23 Sep 2024 19:02:03 INFO 10: precision: 0.00648 | recall: 0.06216 | ndcg: 0.03127 | hit_rate: 0.06413 | map: 0.02169
Mon 23 Sep 2024 19:02:03 INFO 20: precision: 0.00509 | recall: 0.09683 | ndcg: 0.04012 | hit_rate: 0.09942 | map: 0.02411
Mon 23 Sep 2024 19:02:03 INFO Test Metrics:
Mon 23 Sep 2024 19:02:03 INFO 5: precision: 0.01225 | recall: 0.03713 | ndcg: 0.02650 | hit_rate: 0.05689 | map: 0.01922
Mon 23 Sep 2024 19:02:03 INFO 10: precision: 0.01022 | recall: 0.06107 | ndcg: 0.03536 | hit_rate: 0.08964 | map: 0.02284
Mon 23 Sep 2024 19:02:03 INFO 20: precision: 0.00803 | recall: 0.09524 | ndcg: 0.04529 | hit_rate: 0.13274 | map: 0.02567
Mon 23 Sep 2024 19:02:27 INFO Epoch 5, Loss: 6.76886
Mon 23 Sep 2024 19:02:29 INFO Validation Metrics:
Mon 23 Sep 2024 19:02:29 INFO 5: precision: 0.00775 | recall: 0.03716 | ndcg: 0.02344 | hit_rate: 0.03845 | map: 0.01872
Mon 23 Sep 2024 19:02:29 INFO 10: precision: 0.00650 | recall: 0.06229 | ndcg: 0.03158 | hit_rate: 0.06420 | map: 0.02204
Mon 23 Sep 2024 19:02:29 INFO 20: precision: 0.00503 | recall: 0.09612 | ndcg: 0.04019 | hit_rate: 0.09847 | map: 0.02440
Mon 23 Sep 2024 19:02:29 INFO Test Metrics:
Mon 23 Sep 2024 19:02:29 INFO 5: precision: 0.01234 | recall: 0.03714 | ndcg: 0.02659 | hit_rate: 0.05694 | map: 0.01927
Mon 23 Sep 2024 19:02:29 INFO 10: precision: 0.01036 | recall: 0.06163 | ndcg: 0.03568 | hit_rate: 0.09041 | map: 0.02300
Mon 23 Sep 2024 19:02:29 INFO 20: precision: 0.00811 | recall: 0.09605 | ndcg: 0.04567 | hit_rate: 0.13412 | map: 0.02583
Mon 23 Sep 2024 19:02:53 INFO Epoch 6, Loss: 5.94090
Mon 23 Sep 2024 19:02:55 INFO Validation Metrics:
Mon 23 Sep 2024 19:02:55 INFO 5: precision: 0.00801 | recall: 0.03831 | ndcg: 0.02434 | hit_rate: 0.03966 | map: 0.01951
Mon 23 Sep 2024 19:02:55 INFO 10: precision: 0.00664 | recall: 0.06349 | ndcg: 0.03248 | hit_rate: 0.06536 | map: 0.02283
Mon 23 Sep 2024 19:02:55 INFO 20: precision: 0.00516 | recall: 0.09863 | ndcg: 0.04141 | hit_rate: 0.10108 | map: 0.02527
Mon 23 Sep 2024 19:02:55 INFO Test Metrics:
Mon 23 Sep 2024 19:02:55 INFO 5: precision: 0.01260 | recall: 0.03786 | ndcg: 0.02707 | hit_rate: 0.05799 | map: 0.01963
Mon 23 Sep 2024 19:02:55 INFO 10: precision: 0.01039 | recall: 0.06192 | ndcg: 0.03600 | hit_rate: 0.09059 | map: 0.02333
Mon 23 Sep 2024 19:02:55 INFO 20: precision: 0.00812 | recall: 0.09633 | ndcg: 0.04600 | hit_rate: 0.13356 | map: 0.02620
Mon 23 Sep 2024 19:03:19 INFO Epoch 7, Loss: 5.42332
Mon 23 Sep 2024 19:03:21 INFO Validation Metrics:
Mon 23 Sep 2024 19:03:21 INFO 5: precision: 0.00806 | recall: 0.03871 | ndcg: 0.02461 | hit_rate: 0.03994 | map: 0.01977
Mon 23 Sep 2024 19:03:21 INFO 10: precision: 0.00660 | recall: 0.06328 | ndcg: 0.03256 | hit_rate: 0.06512 | map: 0.02301
Mon 23 Sep 2024 19:03:21 INFO 20: precision: 0.00523 | recall: 0.09986 | ndcg: 0.04186 | hit_rate: 0.10241 | map: 0.02554
Mon 23 Sep 2024 19:03:21 INFO Test Metrics:
Mon 23 Sep 2024 19:03:21 INFO 5: precision: 0.01287 | recall: 0.03861 | ndcg: 0.02773 | hit_rate: 0.05937 | map: 0.02018
Mon 23 Sep 2024 19:03:21 INFO 10: precision: 0.01067 | recall: 0.06352 | ndcg: 0.03694 | hit_rate: 0.09311 | map: 0.02396
Mon 23 Sep 2024 19:03:21 INFO 20: precision: 0.00831 | recall: 0.09831 | ndcg: 0.04707 | hit_rate: 0.13654 | map: 0.02688
Mon 23 Sep 2024 19:03:45 INFO Epoch 8, Loss: 4.94726
Mon 23 Sep 2024 19:03:47 INFO Validation Metrics:
Mon 23 Sep 2024 19:03:47 INFO 5: precision: 0.00828 | recall: 0.03981 | ndcg: 0.02483 | hit_rate: 0.04121 | map: 0.01969
Mon 23 Sep 2024 19:03:47 INFO 10: precision: 0.00676 | recall: 0.06463 | ndcg: 0.03288 | hit_rate: 0.06674 | map: 0.02298
Mon 23 Sep 2024 19:03:47 INFO 20: precision: 0.00526 | recall: 0.10031 | ndcg: 0.04194 | hit_rate: 0.10289 | map: 0.02544
Mon 23 Sep 2024 19:03:47 INFO Test Metrics:
Mon 23 Sep 2024 19:03:47 INFO 5: precision: 0.01285 | recall: 0.03859 | ndcg: 0.02769 | hit_rate: 0.05935 | map: 0.02007
Mon 23 Sep 2024 19:03:47 INFO 10: precision: 0.01047 | recall: 0.06225 | ndcg: 0.03644 | hit_rate: 0.09123 | map: 0.02368
Mon 23 Sep 2024 19:03:47 INFO 20: precision: 0.00835 | recall: 0.09899 | ndcg: 0.04711 | hit_rate: 0.13712 | map: 0.02674
Mon 23 Sep 2024 19:04:11 INFO Epoch 9, Loss: 4.60831
Mon 23 Sep 2024 19:04:13 INFO Validation Metrics:
Mon 23 Sep 2024 19:04:13 INFO 5: precision: 0.00828 | recall: 0.03971 | ndcg: 0.02521 | hit_rate: 0.04119 | map: 0.02019
Mon 23 Sep 2024 19:04:13 INFO 10: precision: 0.00680 | recall: 0.06508 | ndcg: 0.03342 | hit_rate: 0.06726 | map: 0.02353
Mon 23 Sep 2024 19:04:13 INFO 20: precision: 0.00531 | recall: 0.10124 | ndcg: 0.04263 | hit_rate: 0.10394 | map: 0.02606
Mon 23 Sep 2024 19:04:13 INFO Test Metrics:
Mon 23 Sep 2024 19:04:13 INFO 5: precision: 0.01314 | recall: 0.03933 | ndcg: 0.02824 | hit_rate: 0.06053 | map: 0.02049
Mon 23 Sep 2024 19:04:13 INFO 10: precision: 0.01083 | recall: 0.06431 | ndcg: 0.03747 | hit_rate: 0.09444 | map: 0.02426
Mon 23 Sep 2024 19:04:13 INFO 20: precision: 0.00846 | recall: 0.10018 | ndcg: 0.04789 | hit_rate: 0.13923 | map: 0.02726
Mon 23 Sep 2024 19:04:37 INFO Epoch 10, Loss: 4.41606
Mon 23 Sep 2024 19:04:39 INFO Validation Metrics:
Mon 23 Sep 2024 19:04:39 INFO 5: precision: 0.00855 | recall: 0.04091 | ndcg: 0.02583 | hit_rate: 0.04246 | map: 0.02061
Mon 23 Sep 2024 19:04:39 INFO 10: precision: 0.00700 | recall: 0.06702 | ndcg: 0.03427 | hit_rate: 0.06904 | map: 0.02405
Mon 23 Sep 2024 19:04:39 INFO 20: precision: 0.00535 | recall: 0.10222 | ndcg: 0.04323 | hit_rate: 0.10485 | map: 0.02650
Mon 23 Sep 2024 19:04:39 INFO Test Metrics:
Mon 23 Sep 2024 19:04:39 INFO 5: precision: 0.01339 | recall: 0.03998 | ndcg: 0.02896 | hit_rate: 0.06163 | map: 0.02110
Mon 23 Sep 2024 19:04:39 INFO 10: precision: 0.01104 | recall: 0.06582 | ndcg: 0.03847 | hit_rate: 0.09563 | map: 0.02504
Mon 23 Sep 2024 19:04:39 INFO 20: precision: 0.00855 | recall: 0.10137 | ndcg: 0.04880 | hit_rate: 0.14033 | map: 0.02800
Mon 23 Sep 2024 19:05:03 INFO Epoch 11, Loss: 4.15494
Mon 23 Sep 2024 19:05:05 INFO Validation Metrics:
Mon 23 Sep 2024 19:05:05 INFO 5: precision: 0.00843 | recall: 0.04056 | ndcg: 0.02568 | hit_rate: 0.04194 | map: 0.02057
Mon 23 Sep 2024 19:05:05 INFO 10: precision: 0.00705 | recall: 0.06763 | ndcg: 0.03446 | hit_rate: 0.06969 | map: 0.02416
Mon 23 Sep 2024 19:05:05 INFO 20: precision: 0.00545 | recall: 0.10414 | ndcg: 0.04374 | hit_rate: 0.10676 | map: 0.02669
Mon 23 Sep 2024 19:05:05 INFO Test Metrics:
Mon 23 Sep 2024 19:05:05 INFO 5: precision: 0.01359 | recall: 0.04056 | ndcg: 0.02909 | hit_rate: 0.06284 | map: 0.02103
Mon 23 Sep 2024 19:05:05 INFO 10: precision: 0.01101 | recall: 0.06549 | ndcg: 0.03831 | hit_rate: 0.09548 | map: 0.02490
Mon 23 Sep 2024 19:05:05 INFO 20: precision: 0.00849 | recall: 0.10041 | ndcg: 0.04847 | hit_rate: 0.13927 | map: 0.02781
Mon 23 Sep 2024 19:05:29 INFO Epoch 12, Loss: 3.97317
Mon 23 Sep 2024 19:05:31 INFO Validation Metrics:
Mon 23 Sep 2024 19:05:31 INFO 5: precision: 0.00863 | recall: 0.04135 | ndcg: 0.02644 | hit_rate: 0.04274 | map: 0.02131
Mon 23 Sep 2024 19:05:31 INFO 10: precision: 0.00699 | recall: 0.06694 | ndcg: 0.03473 | hit_rate: 0.06887 | map: 0.02470
Mon 23 Sep 2024 19:05:31 INFO 20: precision: 0.00535 | recall: 0.10211 | ndcg: 0.04373 | hit_rate: 0.10470 | map: 0.02718
Mon 23 Sep 2024 19:05:31 INFO Test Metrics:
Mon 23 Sep 2024 19:05:31 INFO 5: precision: 0.01361 | recall: 0.04071 | ndcg: 0.02929 | hit_rate: 0.06254 | map: 0.02126
Mon 23 Sep 2024 19:05:31 INFO 10: precision: 0.01115 | recall: 0.06615 | ndcg: 0.03873 | hit_rate: 0.09651 | map: 0.02519
Mon 23 Sep 2024 19:05:31 INFO 20: precision: 0.00859 | recall: 0.10178 | ndcg: 0.04907 | hit_rate: 0.14112 | map: 0.02815
Mon 23 Sep 2024 19:05:55 INFO Epoch 13, Loss: 3.78272
Mon 23 Sep 2024 19:05:58 INFO Validation Metrics:
Mon 23 Sep 2024 19:05:58 INFO 5: precision: 0.00854 | recall: 0.04110 | ndcg: 0.02594 | hit_rate: 0.04250 | map: 0.02073
Mon 23 Sep 2024 19:05:58 INFO 10: precision: 0.00705 | recall: 0.06760 | ndcg: 0.03453 | hit_rate: 0.06969 | map: 0.02424
Mon 23 Sep 2024 19:05:58 INFO 20: precision: 0.00539 | recall: 0.10260 | ndcg: 0.04346 | hit_rate: 0.10534 | map: 0.02668
Mon 23 Sep 2024 19:05:58 INFO Test Metrics:
Mon 23 Sep 2024 19:05:58 INFO 5: precision: 0.01326 | recall: 0.03961 | ndcg: 0.02854 | hit_rate: 0.06097 | map: 0.02075
Mon 23 Sep 2024 19:05:58 INFO 10: precision: 0.01094 | recall: 0.06479 | ndcg: 0.03789 | hit_rate: 0.09500 | map: 0.02463
Mon 23 Sep 2024 19:05:58 INFO 20: precision: 0.00855 | recall: 0.10118 | ndcg: 0.04847 | hit_rate: 0.14011 | map: 0.02768
Mon 23 Sep 2024 19:06:21 INFO Epoch 14, Loss: 3.53096
Mon 23 Sep 2024 19:06:24 INFO Validation Metrics:
Mon 23 Sep 2024 19:06:24 INFO 5: precision: 0.00856 | recall: 0.04125 | ndcg: 0.02609 | hit_rate: 0.04261 | map: 0.02088
Mon 23 Sep 2024 19:06:24 INFO 10: precision: 0.00711 | recall: 0.06814 | ndcg: 0.03482 | hit_rate: 0.07027 | map: 0.02446
Mon 23 Sep 2024 19:06:24 INFO 20: precision: 0.00548 | recall: 0.10438 | ndcg: 0.04407 | hit_rate: 0.10713 | map: 0.02699
Mon 23 Sep 2024 19:06:24 INFO Test Metrics:
Mon 23 Sep 2024 19:06:24 INFO 5: precision: 0.01340 | recall: 0.03994 | ndcg: 0.02901 | hit_rate: 0.06114 | map: 0.02124
Mon 23 Sep 2024 19:06:24 INFO 10: precision: 0.01115 | recall: 0.06643 | ndcg: 0.03877 | hit_rate: 0.09645 | map: 0.02527
Mon 23 Sep 2024 19:06:24 INFO 20: precision: 0.00868 | recall: 0.10298 | ndcg: 0.04938 | hit_rate: 0.14196 | map: 0.02831
Mon 23 Sep 2024 19:06:48 INFO Epoch 15, Loss: 3.45557
Mon 23 Sep 2024 19:06:50 INFO Validation Metrics:
Mon 23 Sep 2024 19:06:50 INFO 5: precision: 0.00883 | recall: 0.04261 | ndcg: 0.02684 | hit_rate: 0.04393 | map: 0.02144
Mon 23 Sep 2024 19:06:50 INFO 10: precision: 0.00727 | recall: 0.06953 | ndcg: 0.03559 | hit_rate: 0.07176 | map: 0.02501
Mon 23 Sep 2024 19:06:50 INFO 20: precision: 0.00553 | recall: 0.10525 | ndcg: 0.04469 | hit_rate: 0.10786 | map: 0.02750
Mon 23 Sep 2024 19:06:50 INFO Test Metrics:
Mon 23 Sep 2024 19:06:50 INFO 5: precision: 0.01359 | recall: 0.04054 | ndcg: 0.02934 | hit_rate: 0.06206 | map: 0.02149
Mon 23 Sep 2024 19:06:50 INFO 10: precision: 0.01135 | recall: 0.06720 | ndcg: 0.03922 | hit_rate: 0.09759 | map: 0.02559
Mon 23 Sep 2024 19:06:50 INFO 20: precision: 0.00882 | recall: 0.10414 | ndcg: 0.04995 | hit_rate: 0.14339 | map: 0.02867
Mon 23 Sep 2024 19:07:14 INFO Epoch 16, Loss: 3.31585
Mon 23 Sep 2024 19:07:16 INFO Validation Metrics:
Mon 23 Sep 2024 19:07:16 INFO 5: precision: 0.00901 | recall: 0.04329 | ndcg: 0.02711 | hit_rate: 0.04472 | map: 0.02158
Mon 23 Sep 2024 19:07:16 INFO 10: precision: 0.00728 | recall: 0.06969 | ndcg: 0.03567 | hit_rate: 0.07169 | map: 0.02508
Mon 23 Sep 2024 19:07:16 INFO 20: precision: 0.00547 | recall: 0.10409 | ndcg: 0.04444 | hit_rate: 0.10666 | map: 0.02749
Mon 23 Sep 2024 19:07:16 INFO Test Metrics:
Mon 23 Sep 2024 19:07:16 INFO 5: precision: 0.01380 | recall: 0.04100 | ndcg: 0.02986 | hit_rate: 0.06299 | map: 0.02187
Mon 23 Sep 2024 19:07:16 INFO 10: precision: 0.01136 | recall: 0.06730 | ndcg: 0.03959 | hit_rate: 0.09782 | map: 0.02592
Mon 23 Sep 2024 19:07:16 INFO 20: precision: 0.00874 | recall: 0.10354 | ndcg: 0.05008 | hit_rate: 0.14278 | map: 0.02893
Mon 23 Sep 2024 19:07:40 INFO Epoch 17, Loss: 3.16371
Mon 23 Sep 2024 19:07:42 INFO Validation Metrics:
Mon 23 Sep 2024 19:07:42 INFO 5: precision: 0.00857 | recall: 0.04124 | ndcg: 0.02615 | hit_rate: 0.04255 | map: 0.02097
Mon 23 Sep 2024 19:07:42 INFO 10: precision: 0.00711 | recall: 0.06822 | ndcg: 0.03490 | hit_rate: 0.07016 | map: 0.02456
Mon 23 Sep 2024 19:07:42 INFO 20: precision: 0.00546 | recall: 0.10399 | ndcg: 0.04403 | hit_rate: 0.10670 | map: 0.02705
Mon 23 Sep 2024 19:07:42 INFO Test Metrics:
Mon 23 Sep 2024 19:07:42 INFO 5: precision: 0.01378 | recall: 0.04108 | ndcg: 0.02964 | hit_rate: 0.06305 | map: 0.02159
Mon 23 Sep 2024 19:07:42 INFO 10: precision: 0.01127 | recall: 0.06693 | ndcg: 0.03920 | hit_rate: 0.09759 | map: 0.02555
Mon 23 Sep 2024 19:07:42 INFO 20: precision: 0.00877 | recall: 0.10377 | ndcg: 0.04993 | hit_rate: 0.14364 | map: 0.02864
Mon 23 Sep 2024 19:08:06 INFO Epoch 18, Loss: 3.13690
Mon 23 Sep 2024 19:08:08 INFO Validation Metrics:
Mon 23 Sep 2024 19:08:08 INFO 5: precision: 0.00884 | recall: 0.04264 | ndcg: 0.02731 | hit_rate: 0.04384 | map: 0.02205
Mon 23 Sep 2024 19:08:08 INFO 10: precision: 0.00725 | recall: 0.06958 | ndcg: 0.03603 | hit_rate: 0.07148 | map: 0.02560
Mon 23 Sep 2024 19:08:08 INFO 20: precision: 0.00553 | recall: 0.10537 | ndcg: 0.04517 | hit_rate: 0.10806 | map: 0.02811
Mon 23 Sep 2024 19:08:08 INFO Test Metrics:
Mon 23 Sep 2024 19:08:08 INFO 5: precision: 0.01355 | recall: 0.04033 | ndcg: 0.02909 | hit_rate: 0.06215 | map: 0.02117
Mon 23 Sep 2024 19:08:08 INFO 10: precision: 0.01132 | recall: 0.06750 | ndcg: 0.03912 | hit_rate: 0.09778 | map: 0.02535
Mon 23 Sep 2024 19:08:08 INFO 20: precision: 0.00884 | recall: 0.10472 | ndcg: 0.04995 | hit_rate: 0.14429 | map: 0.02847
Mon 23 Sep 2024 19:08:32 INFO Epoch 19, Loss: 3.03073
Mon 23 Sep 2024 19:08:34 INFO Validation Metrics:
Mon 23 Sep 2024 19:08:34 INFO 5: precision: 0.00881 | recall: 0.04229 | ndcg: 0.02701 | hit_rate: 0.04380 | map: 0.02174
Mon 23 Sep 2024 19:08:34 INFO 10: precision: 0.00716 | recall: 0.06871 | ndcg: 0.03557 | hit_rate: 0.07062 | map: 0.02525
Mon 23 Sep 2024 19:08:34 INFO 20: precision: 0.00554 | recall: 0.10557 | ndcg: 0.04500 | hit_rate: 0.10823 | map: 0.02785
Mon 23 Sep 2024 19:08:34 INFO Test Metrics:
Mon 23 Sep 2024 19:08:34 INFO 5: precision: 0.01366 | recall: 0.04068 | ndcg: 0.02935 | hit_rate: 0.06260 | map: 0.02135
Mon 23 Sep 2024 19:08:34 INFO 10: precision: 0.01138 | recall: 0.06739 | ndcg: 0.03922 | hit_rate: 0.09828 | map: 0.02543
Mon 23 Sep 2024 19:08:34 INFO 20: precision: 0.00885 | recall: 0.10489 | ndcg: 0.05009 | hit_rate: 0.14421 | map: 0.02858
Mon 23 Sep 2024 19:08:58 INFO Epoch 20, Loss: 2.99838
Mon 23 Sep 2024 19:09:00 INFO Validation Metrics:
Mon 23 Sep 2024 19:09:00 INFO 5: precision: 0.00903 | recall: 0.04337 | ndcg: 0.02747 | hit_rate: 0.04479 | map: 0.02202
Mon 23 Sep 2024 19:09:00 INFO 10: precision: 0.00728 | recall: 0.06953 | ndcg: 0.03593 | hit_rate: 0.07152 | map: 0.02547
Mon 23 Sep 2024 19:09:00 INFO 20: precision: 0.00558 | recall: 0.10619 | ndcg: 0.04527 | hit_rate: 0.10896 | map: 0.02802
Mon 23 Sep 2024 19:09:00 INFO Test Metrics:
Mon 23 Sep 2024 19:09:00 INFO 5: precision: 0.01377 | recall: 0.04137 | ndcg: 0.02970 | hit_rate: 0.06316 | map: 0.02158
Mon 23 Sep 2024 19:09:00 INFO 10: precision: 0.01137 | recall: 0.06754 | ndcg: 0.03939 | hit_rate: 0.09838 | map: 0.02559
Mon 23 Sep 2024 19:09:00 INFO 20: precision: 0.00883 | recall: 0.10459 | ndcg: 0.05014 | hit_rate: 0.14453 | map: 0.02867
Mon 23 Sep 2024 19:09:24 INFO Epoch 21, Loss: 2.89740
Mon 23 Sep 2024 19:09:27 INFO Validation Metrics:
Mon 23 Sep 2024 19:09:27 INFO 5: precision: 0.00889 | recall: 0.04258 | ndcg: 0.02720 | hit_rate: 0.04414 | map: 0.02188
Mon 23 Sep 2024 19:09:27 INFO 10: precision: 0.00720 | recall: 0.06878 | ndcg: 0.03568 | hit_rate: 0.07092 | map: 0.02534
Mon 23 Sep 2024 19:09:27 INFO 20: precision: 0.00550 | recall: 0.10453 | ndcg: 0.04480 | hit_rate: 0.10726 | map: 0.02784
Mon 23 Sep 2024 19:09:27 INFO Test Metrics:
Mon 23 Sep 2024 19:09:27 INFO 5: precision: 0.01395 | recall: 0.04140 | ndcg: 0.02999 | hit_rate: 0.06389 | map: 0.02185
Mon 23 Sep 2024 19:09:27 INFO 10: precision: 0.01139 | recall: 0.06753 | ndcg: 0.03965 | hit_rate: 0.09826 | map: 0.02588
Mon 23 Sep 2024 19:09:27 INFO 20: precision: 0.00880 | recall: 0.10402 | ndcg: 0.05027 | hit_rate: 0.14429 | map: 0.02892
Mon 23 Sep 2024 19:09:50 INFO Epoch 22, Loss: 2.84973
Mon 23 Sep 2024 19:09:53 INFO Validation Metrics:
Mon 23 Sep 2024 19:09:53 INFO 5: precision: 0.00896 | recall: 0.04275 | ndcg: 0.02729 | hit_rate: 0.04440 | map: 0.02192
Mon 23 Sep 2024 19:09:53 INFO 10: precision: 0.00735 | recall: 0.07000 | ndcg: 0.03611 | hit_rate: 0.07238 | map: 0.02552
Mon 23 Sep 2024 19:09:53 INFO 20: precision: 0.00556 | recall: 0.10583 | ndcg: 0.04524 | hit_rate: 0.10875 | map: 0.02803
Mon 23 Sep 2024 19:09:53 INFO Test Metrics:
Mon 23 Sep 2024 19:09:53 INFO 5: precision: 0.01389 | recall: 0.04137 | ndcg: 0.02978 | hit_rate: 0.06368 | map: 0.02165
Mon 23 Sep 2024 19:09:53 INFO 10: precision: 0.01129 | recall: 0.06718 | ndcg: 0.03929 | hit_rate: 0.09761 | map: 0.02561
Mon 23 Sep 2024 19:09:53 INFO 20: precision: 0.00880 | recall: 0.10414 | ndcg: 0.05006 | hit_rate: 0.14326 | map: 0.02873
Mon 23 Sep 2024 19:10:17 INFO Epoch 23, Loss: 2.83380
Mon 23 Sep 2024 19:10:19 INFO Validation Metrics:
Mon 23 Sep 2024 19:10:19 INFO 5: precision: 0.00879 | recall: 0.04212 | ndcg: 0.02697 | hit_rate: 0.04377 | map: 0.02172
Mon 23 Sep 2024 19:10:19 INFO 10: precision: 0.00726 | recall: 0.06928 | ndcg: 0.03577 | hit_rate: 0.07167 | map: 0.02531
Mon 23 Sep 2024 19:10:19 INFO 20: precision: 0.00555 | recall: 0.10589 | ndcg: 0.04509 | hit_rate: 0.10864 | map: 0.02786
Mon 23 Sep 2024 19:10:19 INFO Test Metrics:
Mon 23 Sep 2024 19:10:19 INFO 5: precision: 0.01391 | recall: 0.04147 | ndcg: 0.03012 | hit_rate: 0.06370 | map: 0.02201
Mon 23 Sep 2024 19:10:19 INFO 10: precision: 0.01148 | recall: 0.06774 | ndcg: 0.03985 | hit_rate: 0.09912 | map: 0.02602
Mon 23 Sep 2024 19:10:19 INFO 20: precision: 0.00885 | recall: 0.10436 | ndcg: 0.05047 | hit_rate: 0.14470 | map: 0.02907
Mon 23 Sep 2024 19:10:54 INFO Epoch 24, Loss: 2.72179
Mon 23 Sep 2024 19:10:59 INFO Validation Metrics:
Mon 23 Sep 2024 19:10:59 INFO 5: precision: 0.00886 | recall: 0.04236 | ndcg: 0.02713 | hit_rate: 0.04399 | map: 0.02182
Mon 23 Sep 2024 19:10:59 INFO 10: precision: 0.00720 | recall: 0.06870 | ndcg: 0.03563 | hit_rate: 0.07100 | map: 0.02528
Mon 23 Sep 2024 19:10:59 INFO 20: precision: 0.00551 | recall: 0.10528 | ndcg: 0.04493 | hit_rate: 0.10804 | map: 0.02782
Mon 23 Sep 2024 19:10:59 INFO Test Metrics:
Mon 23 Sep 2024 19:10:59 INFO 5: precision: 0.01406 | recall: 0.04179 | ndcg: 0.03020 | hit_rate: 0.06465 | map: 0.02198
Mon 23 Sep 2024 19:10:59 INFO 10: precision: 0.01147 | recall: 0.06785 | ndcg: 0.03984 | hit_rate: 0.09884 | map: 0.02600
Mon 23 Sep 2024 19:10:59 INFO 20: precision: 0.00881 | recall: 0.10382 | ndcg: 0.05030 | hit_rate: 0.14371 | map: 0.02901
Mon 23 Sep 2024 19:11:35 INFO Epoch 25, Loss: 2.70272
Mon 23 Sep 2024 19:11:40 INFO Validation Metrics:
Mon 23 Sep 2024 19:11:40 INFO 5: precision: 0.00882 | recall: 0.04236 | ndcg: 0.02703 | hit_rate: 0.04390 | map: 0.02173
Mon 23 Sep 2024 19:11:40 INFO 10: precision: 0.00717 | recall: 0.06866 | ndcg: 0.03554 | hit_rate: 0.07087 | map: 0.02520
Mon 23 Sep 2024 19:11:40 INFO 20: precision: 0.00549 | recall: 0.10461 | ndcg: 0.04469 | hit_rate: 0.10735 | map: 0.02769
Mon 23 Sep 2024 19:11:40 INFO Test Metrics:
Mon 23 Sep 2024 19:11:40 INFO 5: precision: 0.01399 | recall: 0.04191 | ndcg: 0.03039 | hit_rate: 0.06452 | map: 0.02219
Mon 23 Sep 2024 19:11:40 INFO 10: precision: 0.01139 | recall: 0.06761 | ndcg: 0.03991 | hit_rate: 0.09847 | map: 0.02616
Mon 23 Sep 2024 19:11:40 INFO 20: precision: 0.00879 | recall: 0.10355 | ndcg: 0.05041 | hit_rate: 0.14319 | map: 0.02920
Mon 23 Sep 2024 19:12:16 INFO Epoch 26, Loss: 2.71174
Mon 23 Sep 2024 19:12:21 INFO Validation Metrics:
Mon 23 Sep 2024 19:12:21 INFO 5: precision: 0.00885 | recall: 0.04264 | ndcg: 0.02693 | hit_rate: 0.04403 | map: 0.02155
Mon 23 Sep 2024 19:12:21 INFO 10: precision: 0.00727 | recall: 0.06963 | ndcg: 0.03568 | hit_rate: 0.07180 | map: 0.02512
Mon 23 Sep 2024 19:12:21 INFO 20: precision: 0.00548 | recall: 0.10470 | ndcg: 0.04460 | hit_rate: 0.10737 | map: 0.02755
Mon 23 Sep 2024 19:12:21 INFO Test Metrics:
Mon 23 Sep 2024 19:12:21 INFO 5: precision: 0.01401 | recall: 0.04192 | ndcg: 0.03043 | hit_rate: 0.06450 | map: 0.02229
Mon 23 Sep 2024 19:12:21 INFO 10: precision: 0.01147 | recall: 0.06801 | ndcg: 0.04012 | hit_rate: 0.09974 | map: 0.02630
Mon 23 Sep 2024 19:12:21 INFO 20: precision: 0.00885 | recall: 0.10424 | ndcg: 0.05070 | hit_rate: 0.14440 | map: 0.02937
Mon 23 Sep 2024 19:12:57 INFO Epoch 27, Loss: 2.49876
Mon 23 Sep 2024 19:13:02 INFO Validation Metrics:
Mon 23 Sep 2024 19:13:02 INFO 5: precision: 0.00889 | recall: 0.04265 | ndcg: 0.02705 | hit_rate: 0.04410 | map: 0.02166
Mon 23 Sep 2024 19:13:02 INFO 10: precision: 0.00717 | recall: 0.06858 | ndcg: 0.03547 | hit_rate: 0.07066 | map: 0.02511
Mon 23 Sep 2024 19:13:02 INFO 20: precision: 0.00552 | recall: 0.10519 | ndcg: 0.04479 | hit_rate: 0.10776 | map: 0.02766
Mon 23 Sep 2024 19:13:02 INFO Test Metrics:
Mon 23 Sep 2024 19:13:02 INFO 5: precision: 0.01429 | recall: 0.04257 | ndcg: 0.03101 | hit_rate: 0.06592 | map: 0.02266
Mon 23 Sep 2024 19:13:02 INFO 10: precision: 0.01153 | recall: 0.06798 | ndcg: 0.04046 | hit_rate: 0.09985 | map: 0.02661
Mon 23 Sep 2024 19:13:02 INFO 20: precision: 0.00886 | recall: 0.10428 | ndcg: 0.05104 | hit_rate: 0.14405 | map: 0.02970
Mon 23 Sep 2024 19:13:38 INFO Epoch 28, Loss: 2.57435
Mon 23 Sep 2024 19:13:43 INFO Validation Metrics:
Mon 23 Sep 2024 19:13:43 INFO 5: precision: 0.00877 | recall: 0.04204 | ndcg: 0.02660 | hit_rate: 0.04352 | map: 0.02129
Mon 23 Sep 2024 19:13:43 INFO 10: precision: 0.00723 | recall: 0.06893 | ndcg: 0.03531 | hit_rate: 0.07126 | map: 0.02484
Mon 23 Sep 2024 19:13:43 INFO 20: precision: 0.00553 | recall: 0.10509 | ndcg: 0.04453 | hit_rate: 0.10782 | map: 0.02737
Mon 23 Sep 2024 19:13:43 INFO Test Metrics:
Mon 23 Sep 2024 19:13:43 INFO 5: precision: 0.01424 | recall: 0.04260 | ndcg: 0.03086 | hit_rate: 0.06562 | map: 0.02255
Mon 23 Sep 2024 19:13:43 INFO 10: precision: 0.01172 | recall: 0.06938 | ndcg: 0.04080 | hit_rate: 0.10121 | map: 0.02668
Mon 23 Sep 2024 19:13:43 INFO 20: precision: 0.00887 | recall: 0.10418 | ndcg: 0.05097 | hit_rate: 0.14405 | map: 0.02965
Mon 23 Sep 2024 19:14:20 INFO Epoch 29, Loss: 2.47303
Mon 23 Sep 2024 19:14:25 INFO Validation Metrics:
Mon 23 Sep 2024 19:14:25 INFO 5: precision: 0.00896 | recall: 0.04292 | ndcg: 0.02728 | hit_rate: 0.04442 | map: 0.02189
Mon 23 Sep 2024 19:14:25 INFO 10: precision: 0.00723 | recall: 0.06932 | ndcg: 0.03580 | hit_rate: 0.07141 | map: 0.02534
Mon 23 Sep 2024 19:14:25 INFO 20: precision: 0.00553 | recall: 0.10530 | ndcg: 0.04500 | hit_rate: 0.10797 | map: 0.02788
Mon 23 Sep 2024 19:14:25 INFO Test Metrics:
Mon 23 Sep 2024 19:14:25 INFO 5: precision: 0.01429 | recall: 0.04270 | ndcg: 0.03094 | hit_rate: 0.06601 | map: 0.02249
Mon 23 Sep 2024 19:14:25 INFO 10: precision: 0.01162 | recall: 0.06883 | ndcg: 0.04065 | hit_rate: 0.10060 | map: 0.02655
Mon 23 Sep 2024 19:14:25 INFO 20: precision: 0.00888 | recall: 0.10486 | ndcg: 0.05114 | hit_rate: 0.14442 | map: 0.02961
Mon 23 Sep 2024 19:15:00 INFO Epoch 30, Loss: 2.48750
Mon 23 Sep 2024 19:15:06 INFO Validation Metrics:
Mon 23 Sep 2024 19:15:06 INFO 5: precision: 0.00895 | recall: 0.04302 | ndcg: 0.02771 | hit_rate: 0.04442 | map: 0.02243
Mon 23 Sep 2024 19:15:06 INFO 10: precision: 0.00731 | recall: 0.06995 | ndcg: 0.03641 | hit_rate: 0.07199 | map: 0.02598
Mon 23 Sep 2024 19:15:06 INFO 20: precision: 0.00547 | recall: 0.10424 | ndcg: 0.04514 | hit_rate: 0.10694 | map: 0.02836
Mon 23 Sep 2024 19:15:06 INFO Test Metrics:
Mon 23 Sep 2024 19:15:06 INFO 5: precision: 0.01410 | recall: 0.04194 | ndcg: 0.03053 | hit_rate: 0.06497 | map: 0.02227
Mon 23 Sep 2024 19:15:06 INFO 10: precision: 0.01176 | recall: 0.06946 | ndcg: 0.04073 | hit_rate: 0.10159 | map: 0.02651
Mon 23 Sep 2024 19:15:06 INFO 20: precision: 0.00891 | recall: 0.10473 | ndcg: 0.05102 | hit_rate: 0.14494 | map: 0.02951
Mon 23 Sep 2024 19:15:41 INFO Epoch 31, Loss: 2.45102
Mon 23 Sep 2024 19:15:46 INFO Validation Metrics:
Mon 23 Sep 2024 19:15:46 INFO 5: precision: 0.00891 | recall: 0.04278 | ndcg: 0.02729 | hit_rate: 0.04414 | map: 0.02195
Mon 23 Sep 2024 19:15:46 INFO 10: precision: 0.00724 | recall: 0.06925 | ndcg: 0.03590 | hit_rate: 0.07143 | map: 0.02547
Mon 23 Sep 2024 19:15:46 INFO 20: precision: 0.00550 | recall: 0.10484 | ndcg: 0.04498 | hit_rate: 0.10730 | map: 0.02797
Mon 23 Sep 2024 19:15:46 INFO Test Metrics:
Mon 23 Sep 2024 19:15:46 INFO 5: precision: 0.01412 | recall: 0.04240 | ndcg: 0.03069 | hit_rate: 0.06506 | map: 0.02241
Mon 23 Sep 2024 19:15:46 INFO 10: precision: 0.01159 | recall: 0.06888 | ndcg: 0.04047 | hit_rate: 0.10041 | map: 0.02645
Mon 23 Sep 2024 19:15:46 INFO 20: precision: 0.00890 | recall: 0.10501 | ndcg: 0.05099 | hit_rate: 0.14487 | map: 0.02949
Mon 23 Sep 2024 19:16:23 INFO Epoch 32, Loss: 2.40952
Mon 23 Sep 2024 19:16:28 INFO Validation Metrics:
Mon 23 Sep 2024 19:16:28 INFO 5: precision: 0.00894 | recall: 0.04284 | ndcg: 0.02749 | hit_rate: 0.04431 | map: 0.02219
Mon 23 Sep 2024 19:16:28 INFO 10: precision: 0.00721 | recall: 0.06894 | ndcg: 0.03596 | hit_rate: 0.07098 | map: 0.02566
Mon 23 Sep 2024 19:16:28 INFO 20: precision: 0.00559 | recall: 0.10646 | ndcg: 0.04551 | hit_rate: 0.10922 | map: 0.02827
Mon 23 Sep 2024 19:16:28 INFO Test Metrics:
Mon 23 Sep 2024 19:16:28 INFO 5: precision: 0.01439 | recall: 0.04283 | ndcg: 0.03098 | hit_rate: 0.06586 | map: 0.02257
Mon 23 Sep 2024 19:16:28 INFO 10: precision: 0.01160 | recall: 0.06875 | ndcg: 0.04055 | hit_rate: 0.10054 | map: 0.02652
Mon 23 Sep 2024 19:16:28 INFO 20: precision: 0.00891 | recall: 0.10523 | ndcg: 0.05117 | hit_rate: 0.14552 | map: 0.02960
Mon 23 Sep 2024 19:17:03 INFO Epoch 33, Loss: 2.40243
Mon 23 Sep 2024 19:17:08 INFO Validation Metrics:
Mon 23 Sep 2024 19:17:08 INFO 5: precision: 0.00881 | recall: 0.04237 | ndcg: 0.02738 | hit_rate: 0.04380 | map: 0.02220
Mon 23 Sep 2024 19:17:08 INFO 10: precision: 0.00730 | recall: 0.06997 | ndcg: 0.03634 | hit_rate: 0.07202 | map: 0.02587
Mon 23 Sep 2024 19:17:08 INFO 20: precision: 0.00560 | recall: 0.10653 | ndcg: 0.04566 | hit_rate: 0.10926 | map: 0.02843
Mon 23 Sep 2024 19:17:08 INFO Test Metrics:
Mon 23 Sep 2024 19:17:08 INFO 5: precision: 0.01471 | recall: 0.04382 | ndcg: 0.03159 | hit_rate: 0.06743 | map: 0.02298
Mon 23 Sep 2024 19:17:08 INFO 10: precision: 0.01180 | recall: 0.06985 | ndcg: 0.04121 | hit_rate: 0.10146 | map: 0.02701
Mon 23 Sep 2024 19:17:08 INFO 20: precision: 0.00897 | recall: 0.10573 | ndcg: 0.05167 | hit_rate: 0.14589 | map: 0.03005
Mon 23 Sep 2024 19:17:45 INFO Epoch 34, Loss: 2.39070
Mon 23 Sep 2024 19:17:50 INFO Validation Metrics:
Mon 23 Sep 2024 19:17:50 INFO 5: precision: 0.00900 | recall: 0.04321 | ndcg: 0.02760 | hit_rate: 0.04470 | map: 0.02222
Mon 23 Sep 2024 19:17:50 INFO 10: precision: 0.00725 | recall: 0.06935 | ndcg: 0.03606 | hit_rate: 0.07139 | map: 0.02568
Mon 23 Sep 2024 19:17:50 INFO 20: precision: 0.00556 | recall: 0.10608 | ndcg: 0.04541 | hit_rate: 0.10870 | map: 0.02824
Mon 23 Sep 2024 19:17:50 INFO Test Metrics:
Mon 23 Sep 2024 19:17:50 INFO 5: precision: 0.01453 | recall: 0.04318 | ndcg: 0.03114 | hit_rate: 0.06642 | map: 0.02263
Mon 23 Sep 2024 19:17:50 INFO 10: precision: 0.01176 | recall: 0.06944 | ndcg: 0.04088 | hit_rate: 0.10127 | map: 0.02670
Mon 23 Sep 2024 19:17:50 INFO 20: precision: 0.00896 | recall: 0.10532 | ndcg: 0.05136 | hit_rate: 0.14522 | map: 0.02975
Mon 23 Sep 2024 19:18:25 INFO Epoch 35, Loss: 2.34032
Mon 23 Sep 2024 19:18:31 INFO Validation Metrics:
Mon 23 Sep 2024 19:18:31 INFO 5: precision: 0.00882 | recall: 0.04255 | ndcg: 0.02707 | hit_rate: 0.04390 | map: 0.02177
Mon 23 Sep 2024 19:18:31 INFO 10: precision: 0.00732 | recall: 0.07021 | ndcg: 0.03604 | hit_rate: 0.07230 | map: 0.02544
Mon 23 Sep 2024 19:18:31 INFO 20: precision: 0.00563 | recall: 0.10738 | ndcg: 0.04553 | hit_rate: 0.11002 | map: 0.02805
Mon 23 Sep 2024 19:18:31 INFO Test Metrics:
Mon 23 Sep 2024 19:18:31 INFO 5: precision: 0.01472 | recall: 0.04395 | ndcg: 0.03193 | hit_rate: 0.06743 | map: 0.02335
Mon 23 Sep 2024 19:18:31 INFO 10: precision: 0.01172 | recall: 0.06937 | ndcg: 0.04134 | hit_rate: 0.10062 | map: 0.02731
Mon 23 Sep 2024 19:18:31 INFO 20: precision: 0.00892 | recall: 0.10494 | ndcg: 0.05171 | hit_rate: 0.14459 | map: 0.03031
Mon 23 Sep 2024 19:19:06 INFO Epoch 36, Loss: 2.33150
Mon 23 Sep 2024 19:19:11 INFO Validation Metrics:
Mon 23 Sep 2024 19:19:11 INFO 5: precision: 0.00888 | recall: 0.04276 | ndcg: 0.02714 | hit_rate: 0.04425 | map: 0.02177
Mon 23 Sep 2024 19:19:11 INFO 10: precision: 0.00735 | recall: 0.07043 | ndcg: 0.03611 | hit_rate: 0.07251 | map: 0.02544
Mon 23 Sep 2024 19:19:11 INFO 20: precision: 0.00556 | recall: 0.10612 | ndcg: 0.04520 | hit_rate: 0.10870 | map: 0.02793
Mon 23 Sep 2024 19:19:11 INFO Test Metrics:
Mon 23 Sep 2024 19:19:11 INFO 5: precision: 0.01452 | recall: 0.04338 | ndcg: 0.03162 | hit_rate: 0.06637 | map: 0.02316
Mon 23 Sep 2024 19:19:11 INFO 10: precision: 0.01176 | recall: 0.06944 | ndcg: 0.04133 | hit_rate: 0.10106 | map: 0.02724
Mon 23 Sep 2024 19:19:11 INFO 20: precision: 0.00897 | recall: 0.10590 | ndcg: 0.05189 | hit_rate: 0.14612 | map: 0.03028
Mon 23 Sep 2024 19:19:47 INFO Epoch 37, Loss: 2.28101
Mon 23 Sep 2024 19:19:52 INFO Validation Metrics:
Mon 23 Sep 2024 19:19:52 INFO 5: precision: 0.00898 | recall: 0.04321 | ndcg: 0.02720 | hit_rate: 0.04474 | map: 0.02171
Mon 23 Sep 2024 19:19:52 INFO 10: precision: 0.00740 | recall: 0.07072 | ndcg: 0.03612 | hit_rate: 0.07292 | map: 0.02534
Mon 23 Sep 2024 19:19:52 INFO 20: precision: 0.00560 | recall: 0.10674 | ndcg: 0.04530 | hit_rate: 0.10939 | map: 0.02787
Mon 23 Sep 2024 19:19:52 INFO Test Metrics:
Mon 23 Sep 2024 19:19:52 INFO 5: precision: 0.01474 | recall: 0.04389 | ndcg: 0.03169 | hit_rate: 0.06760 | map: 0.02308
Mon 23 Sep 2024 19:19:52 INFO 10: precision: 0.01178 | recall: 0.06960 | ndcg: 0.04123 | hit_rate: 0.10144 | map: 0.02708
Mon 23 Sep 2024 19:19:52 INFO 20: precision: 0.00900 | recall: 0.10611 | ndcg: 0.05185 | hit_rate: 0.14711 | map: 0.03014
Mon 23 Sep 2024 19:20:28 INFO Epoch 38, Loss: 2.30128
Mon 23 Sep 2024 19:20:33 INFO Validation Metrics:
Mon 23 Sep 2024 19:20:33 INFO 5: precision: 0.00876 | recall: 0.04224 | ndcg: 0.02681 | hit_rate: 0.04356 | map: 0.02153
Mon 23 Sep 2024 19:20:33 INFO 10: precision: 0.00728 | recall: 0.06991 | ndcg: 0.03578 | hit_rate: 0.07193 | map: 0.02519
Mon 23 Sep 2024 19:20:33 INFO 20: precision: 0.00558 | recall: 0.10633 | ndcg: 0.04507 | hit_rate: 0.10920 | map: 0.02773
Mon 23 Sep 2024 19:20:33 INFO Test Metrics:
Mon 23 Sep 2024 19:20:33 INFO 5: precision: 0.01462 | recall: 0.04360 | ndcg: 0.03148 | hit_rate: 0.06732 | map: 0.02289
Mon 23 Sep 2024 19:20:33 INFO 10: precision: 0.01186 | recall: 0.07023 | ndcg: 0.04133 | hit_rate: 0.10211 | map: 0.02703
Mon 23 Sep 2024 19:20:33 INFO 20: precision: 0.00894 | recall: 0.10540 | ndcg: 0.05156 | hit_rate: 0.14578 | map: 0.02997
Mon 23 Sep 2024 19:21:09 INFO Epoch 39, Loss: 2.24802
Mon 23 Sep 2024 19:21:15 INFO Validation Metrics:
Mon 23 Sep 2024 19:21:15 INFO 5: precision: 0.00885 | recall: 0.04253 | ndcg: 0.02716 | hit_rate: 0.04395 | map: 0.02188
Mon 23 Sep 2024 19:21:15 INFO 10: precision: 0.00731 | recall: 0.07007 | ndcg: 0.03607 | hit_rate: 0.07195 | map: 0.02553
Mon 23 Sep 2024 19:21:15 INFO 20: precision: 0.00552 | recall: 0.10544 | ndcg: 0.04512 | hit_rate: 0.10806 | map: 0.02802
Mon 23 Sep 2024 19:21:15 INFO Test Metrics:
Mon 23 Sep 2024 19:21:15 INFO 5: precision: 0.01445 | recall: 0.04315 | ndcg: 0.03143 | hit_rate: 0.06624 | map: 0.02300
Mon 23 Sep 2024 19:21:15 INFO 10: precision: 0.01177 | recall: 0.06974 | ndcg: 0.04126 | hit_rate: 0.10125 | map: 0.02710
Mon 23 Sep 2024 19:21:15 INFO 20: precision: 0.00895 | recall: 0.10546 | ndcg: 0.05169 | hit_rate: 0.14545 | map: 0.03012
Mon 23 Sep 2024 19:21:51 INFO Epoch 40, Loss: 2.30425
Mon 23 Sep 2024 19:21:56 INFO Validation Metrics:
Mon 23 Sep 2024 19:21:56 INFO 5: precision: 0.00870 | recall: 0.04188 | ndcg: 0.02674 | hit_rate: 0.04328 | map: 0.02153
Mon 23 Sep 2024 19:21:56 INFO 10: precision: 0.00741 | recall: 0.07080 | ndcg: 0.03616 | hit_rate: 0.07296 | map: 0.02540
Mon 23 Sep 2024 19:21:56 INFO 20: precision: 0.00560 | recall: 0.10664 | ndcg: 0.04531 | hit_rate: 0.10944 | map: 0.02792
Mon 23 Sep 2024 19:21:56 INFO Test Metrics:
Mon 23 Sep 2024 19:21:56 INFO 5: precision: 0.01447 | recall: 0.04318 | ndcg: 0.03097 | hit_rate: 0.06663 | map: 0.02243
Mon 23 Sep 2024 19:21:56 INFO 10: precision: 0.01179 | recall: 0.06978 | ndcg: 0.04082 | hit_rate: 0.10168 | map: 0.02654
Mon 23 Sep 2024 19:21:56 INFO 20: precision: 0.00902 | recall: 0.10630 | ndcg: 0.05145 | hit_rate: 0.14649 | map: 0.02962
Mon 23 Sep 2024 19:22:32 INFO Epoch 41, Loss: 2.22641
Mon 23 Sep 2024 19:22:37 INFO Validation Metrics:
Mon 23 Sep 2024 19:22:37 INFO 5: precision: 0.00899 | recall: 0.04323 | ndcg: 0.02740 | hit_rate: 0.04472 | map: 0.02196
Mon 23 Sep 2024 19:22:37 INFO 10: precision: 0.00735 | recall: 0.07031 | ndcg: 0.03618 | hit_rate: 0.07251 | map: 0.02554
Mon 23 Sep 2024 19:22:37 INFO 20: precision: 0.00558 | recall: 0.10642 | ndcg: 0.04539 | hit_rate: 0.10896 | map: 0.02808
Mon 23 Sep 2024 19:22:37 INFO Test Metrics:
Mon 23 Sep 2024 19:22:37 INFO 5: precision: 0.01445 | recall: 0.04308 | ndcg: 0.03119 | hit_rate: 0.06631 | map: 0.02272
Mon 23 Sep 2024 19:22:37 INFO 10: precision: 0.01166 | recall: 0.06901 | ndcg: 0.04085 | hit_rate: 0.10050 | map: 0.02679
Mon 23 Sep 2024 19:22:37 INFO 20: precision: 0.00897 | recall: 0.10588 | ndcg: 0.05158 | hit_rate: 0.14610 | map: 0.02990
Mon 23 Sep 2024 19:23:13 INFO Epoch 42, Loss: 2.27188
Mon 23 Sep 2024 19:23:18 INFO Validation Metrics:
Mon 23 Sep 2024 19:23:18 INFO 5: precision: 0.00871 | recall: 0.04196 | ndcg: 0.02673 | hit_rate: 0.04334 | map: 0.02151
Mon 23 Sep 2024 19:23:18 INFO 10: precision: 0.00726 | recall: 0.06968 | ndcg: 0.03572 | hit_rate: 0.07171 | map: 0.02519
Mon 23 Sep 2024 19:23:18 INFO 20: precision: 0.00559 | recall: 0.10667 | ndcg: 0.04519 | hit_rate: 0.10954 | map: 0.02779
Mon 23 Sep 2024 19:23:18 INFO Test Metrics:
Mon 23 Sep 2024 19:23:18 INFO 5: precision: 0.01436 | recall: 0.04313 | ndcg: 0.03108 | hit_rate: 0.06605 | map: 0.02262
Mon 23 Sep 2024 19:23:18 INFO 10: precision: 0.01175 | recall: 0.06995 | ndcg: 0.04097 | hit_rate: 0.10099 | map: 0.02675
Mon 23 Sep 2024 19:23:18 INFO 20: precision: 0.00897 | recall: 0.10592 | ndcg: 0.05145 | hit_rate: 0.14584 | map: 0.02977
Mon 23 Sep 2024 19:23:54 INFO Epoch 43, Loss: 2.21509
Mon 23 Sep 2024 19:23:59 INFO Validation Metrics:
Mon 23 Sep 2024 19:23:59 INFO 5: precision: 0.00886 | recall: 0.04279 | ndcg: 0.02692 | hit_rate: 0.04408 | map: 0.02151
Mon 23 Sep 2024 19:23:59 INFO 10: precision: 0.00736 | recall: 0.07055 | ndcg: 0.03594 | hit_rate: 0.07275 | map: 0.02519
Mon 23 Sep 2024 19:23:59 INFO 20: precision: 0.00560 | recall: 0.10692 | ndcg: 0.04521 | hit_rate: 0.10963 | map: 0.02773
Mon 23 Sep 2024 19:23:59 INFO Test Metrics:
Mon 23 Sep 2024 19:23:59 INFO 5: precision: 0.01442 | recall: 0.04315 | ndcg: 0.03107 | hit_rate: 0.06626 | map: 0.02256
Mon 23 Sep 2024 19:23:59 INFO 10: precision: 0.01181 | recall: 0.06999 | ndcg: 0.04100 | hit_rate: 0.10164 | map: 0.02671
Mon 23 Sep 2024 19:23:59 INFO 20: precision: 0.00906 | recall: 0.10685 | ndcg: 0.05174 | hit_rate: 0.14737 | map: 0.02981
Mon 23 Sep 2024 19:24:35 INFO Epoch 44, Loss: 2.15690
Mon 23 Sep 2024 19:24:40 INFO Validation Metrics:
Mon 23 Sep 2024 19:24:40 INFO 5: precision: 0.00900 | recall: 0.04351 | ndcg: 0.02771 | hit_rate: 0.04485 | map: 0.02231
Mon 23 Sep 2024 19:24:40 INFO 10: precision: 0.00731 | recall: 0.07026 | ndcg: 0.03638 | hit_rate: 0.07234 | map: 0.02585
Mon 23 Sep 2024 19:24:40 INFO 20: precision: 0.00559 | recall: 0.10682 | ndcg: 0.04571 | hit_rate: 0.10959 | map: 0.02840
Mon 23 Sep 2024 19:24:40 INFO Test Metrics:
Mon 23 Sep 2024 19:24:40 INFO 5: precision: 0.01461 | recall: 0.04379 | ndcg: 0.03178 | hit_rate: 0.06693 | map: 0.02325
Mon 23 Sep 2024 19:24:40 INFO 10: precision: 0.01183 | recall: 0.07024 | ndcg: 0.04154 | hit_rate: 0.10162 | map: 0.02734
Mon 23 Sep 2024 19:24:40 INFO 20: precision: 0.00899 | recall: 0.10628 | ndcg: 0.05204 | hit_rate: 0.14629 | map: 0.03037
Mon 23 Sep 2024 19:25:16 INFO Epoch 45, Loss: 2.24514
Mon 23 Sep 2024 19:25:21 INFO Validation Metrics:
Mon 23 Sep 2024 19:25:21 INFO 5: precision: 0.00894 | recall: 0.04314 | ndcg: 0.02742 | hit_rate: 0.04451 | map: 0.02205
Mon 23 Sep 2024 19:25:21 INFO 10: precision: 0.00737 | recall: 0.07061 | ndcg: 0.03636 | hit_rate: 0.07275 | map: 0.02571
Mon 23 Sep 2024 19:25:21 INFO 20: precision: 0.00563 | recall: 0.10712 | ndcg: 0.04569 | hit_rate: 0.11000 | map: 0.02827
Mon 23 Sep 2024 19:25:21 INFO Test Metrics:
Mon 23 Sep 2024 19:25:21 INFO 5: precision: 0.01479 | recall: 0.04407 | ndcg: 0.03202 | hit_rate: 0.06751 | map: 0.02344
Mon 23 Sep 2024 19:25:21 INFO 10: precision: 0.01183 | recall: 0.07010 | ndcg: 0.04165 | hit_rate: 0.10164 | map: 0.02747
Mon 23 Sep 2024 19:25:21 INFO 20: precision: 0.00895 | recall: 0.10549 | ndcg: 0.05197 | hit_rate: 0.14608 | map: 0.03044
Mon 23 Sep 2024 19:25:57 INFO Epoch 46, Loss: 2.18347
Mon 23 Sep 2024 19:26:02 INFO Validation Metrics:
Mon 23 Sep 2024 19:26:02 INFO 5: precision: 0.00909 | recall: 0.04380 | ndcg: 0.02805 | hit_rate: 0.04515 | map: 0.02265
Mon 23 Sep 2024 19:26:02 INFO 10: precision: 0.00738 | recall: 0.07069 | ndcg: 0.03679 | hit_rate: 0.07283 | map: 0.02622
Mon 23 Sep 2024 19:26:02 INFO 20: precision: 0.00558 | recall: 0.10647 | ndcg: 0.04592 | hit_rate: 0.10939 | map: 0.02873
Mon 23 Sep 2024 19:26:02 INFO Test Metrics:
Mon 23 Sep 2024 19:26:02 INFO 5: precision: 0.01473 | recall: 0.04379 | ndcg: 0.03187 | hit_rate: 0.06726 | map: 0.02332
Mon 23 Sep 2024 19:26:02 INFO 10: precision: 0.01188 | recall: 0.07047 | ndcg: 0.04171 | hit_rate: 0.10239 | map: 0.02742
Mon 23 Sep 2024 19:26:02 INFO 20: precision: 0.00904 | recall: 0.10667 | ndcg: 0.05226 | hit_rate: 0.14739 | map: 0.03047
Mon 23 Sep 2024 19:26:38 INFO Epoch 47, Loss: 2.16185
Mon 23 Sep 2024 19:26:43 INFO Validation Metrics:
Mon 23 Sep 2024 19:26:43 INFO 5: precision: 0.00932 | recall: 0.04476 | ndcg: 0.02847 | hit_rate: 0.04625 | map: 0.02290
Mon 23 Sep 2024 19:26:43 INFO 10: precision: 0.00747 | recall: 0.07166 | ndcg: 0.03721 | hit_rate: 0.07376 | map: 0.02649
Mon 23 Sep 2024 19:26:43 INFO 20: precision: 0.00560 | recall: 0.10696 | ndcg: 0.04620 | hit_rate: 0.10969 | map: 0.02894
Mon 23 Sep 2024 19:26:43 INFO Test Metrics:
Mon 23 Sep 2024 19:26:43 INFO 5: precision: 0.01489 | recall: 0.04428 | ndcg: 0.03230 | hit_rate: 0.06792 | map: 0.02363
Mon 23 Sep 2024 19:26:43 INFO 10: precision: 0.01199 | recall: 0.07109 | ndcg: 0.04223 | hit_rate: 0.10308 | map: 0.02781
Mon 23 Sep 2024 19:26:43 INFO 20: precision: 0.00901 | recall: 0.10630 | ndcg: 0.05249 | hit_rate: 0.14595 | map: 0.03079
Mon 23 Sep 2024 19:27:19 INFO Epoch 48, Loss: 2.15845
Mon 23 Sep 2024 19:27:24 INFO Validation Metrics:
Mon 23 Sep 2024 19:27:24 INFO 5: precision: 0.00910 | recall: 0.04359 | ndcg: 0.02804 | hit_rate: 0.04515 | map: 0.02268
Mon 23 Sep 2024 19:27:24 INFO 10: precision: 0.00744 | recall: 0.07097 | ndcg: 0.03694 | hit_rate: 0.07320 | map: 0.02632
Mon 23 Sep 2024 19:27:24 INFO 20: precision: 0.00557 | recall: 0.10616 | ndcg: 0.04591 | hit_rate: 0.10892 | map: 0.02878
Mon 23 Sep 2024 19:27:24 INFO Test Metrics:
Mon 23 Sep 2024 19:27:24 INFO 5: precision: 0.01476 | recall: 0.04402 | ndcg: 0.03184 | hit_rate: 0.06708 | map: 0.02327
Mon 23 Sep 2024 19:27:24 INFO 10: precision: 0.01194 | recall: 0.07061 | ndcg: 0.04168 | hit_rate: 0.10263 | map: 0.02736
Mon 23 Sep 2024 19:27:24 INFO 20: precision: 0.00901 | recall: 0.10630 | ndcg: 0.05206 | hit_rate: 0.14664 | map: 0.03036
Mon 23 Sep 2024 19:28:01 INFO Epoch 49, Loss: 2.14780
Mon 23 Sep 2024 19:28:06 INFO Validation Metrics:
Mon 23 Sep 2024 19:28:06 INFO 5: precision: 0.00925 | recall: 0.04433 | ndcg: 0.02837 | hit_rate: 0.04582 | map: 0.02287
Mon 23 Sep 2024 19:28:06 INFO 10: precision: 0.00746 | recall: 0.07132 | ndcg: 0.03713 | hit_rate: 0.07346 | map: 0.02646
Mon 23 Sep 2024 19:28:06 INFO 20: precision: 0.00560 | recall: 0.10686 | ndcg: 0.04620 | hit_rate: 0.10969 | map: 0.02894
Mon 23 Sep 2024 19:28:06 INFO Test Metrics:
Mon 23 Sep 2024 19:28:06 INFO 5: precision: 0.01480 | recall: 0.04433 | ndcg: 0.03204 | hit_rate: 0.06754 | map: 0.02343
Mon 23 Sep 2024 19:28:06 INFO 10: precision: 0.01198 | recall: 0.07101 | ndcg: 0.04193 | hit_rate: 0.10293 | map: 0.02755
Mon 23 Sep 2024 19:28:06 INFO 20: precision: 0.00904 | recall: 0.10661 | ndcg: 0.05232 | hit_rate: 0.14709 | map: 0.03057
Mon 23 Sep 2024 19:28:42 INFO Epoch 50, Loss: 2.11174
Mon 23 Sep 2024 19:28:47 INFO Validation Metrics:
Mon 23 Sep 2024 19:28:47 INFO 5: precision: 0.00905 | recall: 0.04359 | ndcg: 0.02771 | hit_rate: 0.04494 | map: 0.02228
Mon 23 Sep 2024 19:28:47 INFO 10: precision: 0.00746 | recall: 0.07143 | ndcg: 0.03678 | hit_rate: 0.07365 | map: 0.02601
Mon 23 Sep 2024 19:28:47 INFO 20: precision: 0.00558 | recall: 0.10665 | ndcg: 0.04576 | hit_rate: 0.10952 | map: 0.02847
Mon 23 Sep 2024 19:28:47 INFO Test Metrics:
Mon 23 Sep 2024 19:28:47 INFO 5: precision: 0.01478 | recall: 0.04413 | ndcg: 0.03187 | hit_rate: 0.06730 | map: 0.02327
Mon 23 Sep 2024 19:28:47 INFO 10: precision: 0.01184 | recall: 0.07033 | ndcg: 0.04154 | hit_rate: 0.10187 | map: 0.02729
Mon 23 Sep 2024 19:28:47 INFO 20: precision: 0.00899 | recall: 0.10627 | ndcg: 0.05202 | hit_rate: 0.14608 | map: 0.03034
Mon 23 Sep 2024 19:29:22 INFO Epoch 51, Loss: 2.14992
Mon 23 Sep 2024 19:29:28 INFO Validation Metrics:
Mon 23 Sep 2024 19:29:28 INFO 5: precision: 0.00925 | recall: 0.04465 | ndcg: 0.02839 | hit_rate: 0.04597 | map: 0.02286
Mon 23 Sep 2024 19:29:28 INFO 10: precision: 0.00742 | recall: 0.07101 | ndcg: 0.03696 | hit_rate: 0.07316 | map: 0.02636
Mon 23 Sep 2024 19:29:28 INFO 20: precision: 0.00565 | recall: 0.10767 | ndcg: 0.04633 | hit_rate: 0.11073 | map: 0.02893
Mon 23 Sep 2024 19:29:28 INFO Test Metrics:
Mon 23 Sep 2024 19:29:28 INFO 5: precision: 0.01458 | recall: 0.04379 | ndcg: 0.03170 | hit_rate: 0.06663 | map: 0.02319
Mon 23 Sep 2024 19:29:28 INFO 10: precision: 0.01191 | recall: 0.07102 | ndcg: 0.04174 | hit_rate: 0.10228 | map: 0.02738
Mon 23 Sep 2024 19:29:28 INFO 20: precision: 0.00901 | recall: 0.10672 | ndcg: 0.05216 | hit_rate: 0.14692 | map: 0.03038
Mon 23 Sep 2024 19:30:04 INFO Epoch 52, Loss: 2.11277
Mon 23 Sep 2024 19:30:09 INFO Validation Metrics:
Mon 23 Sep 2024 19:30:09 INFO 5: precision: 0.00926 | recall: 0.04476 | ndcg: 0.02840 | hit_rate: 0.04604 | map: 0.02284
Mon 23 Sep 2024 19:30:09 INFO 10: precision: 0.00744 | recall: 0.07153 | ndcg: 0.03710 | hit_rate: 0.07348 | map: 0.02641
Mon 23 Sep 2024 19:30:09 INFO 20: precision: 0.00562 | recall: 0.10736 | ndcg: 0.04624 | hit_rate: 0.11019 | map: 0.02891
Mon 23 Sep 2024 19:30:09 INFO Test Metrics:
Mon 23 Sep 2024 19:30:09 INFO 5: precision: 0.01437 | recall: 0.04311 | ndcg: 0.03145 | hit_rate: 0.06579 | map: 0.02313
Mon 23 Sep 2024 19:30:09 INFO 10: precision: 0.01176 | recall: 0.07021 | ndcg: 0.04145 | hit_rate: 0.10170 | map: 0.02728
Mon 23 Sep 2024 19:30:09 INFO 20: precision: 0.00903 | recall: 0.10689 | ndcg: 0.05215 | hit_rate: 0.14705 | map: 0.03039
Mon 23 Sep 2024 19:30:45 INFO Epoch 53, Loss: 2.05693
Mon 23 Sep 2024 19:30:50 INFO Validation Metrics:
Mon 23 Sep 2024 19:30:50 INFO 5: precision: 0.00908 | recall: 0.04377 | ndcg: 0.02805 | hit_rate: 0.04517 | map: 0.02267
Mon 23 Sep 2024 19:30:50 INFO 10: precision: 0.00752 | recall: 0.07229 | ndcg: 0.03728 | hit_rate: 0.07432 | map: 0.02643
Mon 23 Sep 2024 19:30:50 INFO 20: precision: 0.00562 | recall: 0.10730 | ndcg: 0.04622 | hit_rate: 0.11008 | map: 0.02889
Mon 23 Sep 2024 19:30:50 INFO Test Metrics:
Mon 23 Sep 2024 19:30:50 INFO 5: precision: 0.01452 | recall: 0.04361 | ndcg: 0.03167 | hit_rate: 0.06631 | map: 0.02327
Mon 23 Sep 2024 19:30:50 INFO 10: precision: 0.01181 | recall: 0.07061 | ndcg: 0.04165 | hit_rate: 0.10218 | map: 0.02741
Mon 23 Sep 2024 19:30:50 INFO 20: precision: 0.00900 | recall: 0.10682 | ndcg: 0.05222 | hit_rate: 0.14744 | map: 0.03047
Mon 23 Sep 2024 19:31:27 INFO Epoch 54, Loss: 2.11049
Mon 23 Sep 2024 19:31:32 INFO Validation Metrics:
Mon 23 Sep 2024 19:31:32 INFO 5: precision: 0.00933 | recall: 0.04485 | ndcg: 0.02867 | hit_rate: 0.04629 | map: 0.02313
Mon 23 Sep 2024 19:31:32 INFO 10: precision: 0.00757 | recall: 0.07236 | ndcg: 0.03761 | hit_rate: 0.07458 | map: 0.02679
Mon 23 Sep 2024 19:31:32 INFO 20: precision: 0.00568 | recall: 0.10818 | ndcg: 0.04677 | hit_rate: 0.11094 | map: 0.02932
Mon 23 Sep 2024 19:31:32 INFO Test Metrics:
Mon 23 Sep 2024 19:31:32 INFO 5: precision: 0.01463 | recall: 0.04386 | ndcg: 0.03168 | hit_rate: 0.06685 | map: 0.02317
Mon 23 Sep 2024 19:31:32 INFO 10: precision: 0.01202 | recall: 0.07157 | ndcg: 0.04190 | hit_rate: 0.10340 | map: 0.02741
Mon 23 Sep 2024 19:31:32 INFO 20: precision: 0.00904 | recall: 0.10707 | ndcg: 0.05226 | hit_rate: 0.14750 | map: 0.03042
Mon 23 Sep 2024 19:32:07 INFO Epoch 55, Loss: 2.09802
Mon 23 Sep 2024 19:32:13 INFO Validation Metrics:
Mon 23 Sep 2024 19:32:13 INFO 5: precision: 0.00930 | recall: 0.04464 | ndcg: 0.02848 | hit_rate: 0.04601 | map: 0.02294
Mon 23 Sep 2024 19:32:13 INFO 10: precision: 0.00752 | recall: 0.07192 | ndcg: 0.03733 | hit_rate: 0.07396 | map: 0.02656
Mon 23 Sep 2024 19:32:13 INFO 20: precision: 0.00568 | recall: 0.10839 | ndcg: 0.04662 | hit_rate: 0.11112 | map: 0.02910
Mon 23 Sep 2024 19:32:13 INFO Test Metrics:
Mon 23 Sep 2024 19:32:13 INFO 5: precision: 0.01480 | recall: 0.04420 | ndcg: 0.03196 | hit_rate: 0.06738 | map: 0.02337
Mon 23 Sep 2024 19:32:13 INFO 10: precision: 0.01197 | recall: 0.07122 | ndcg: 0.04193 | hit_rate: 0.10269 | map: 0.02754
Mon 23 Sep 2024 19:32:13 INFO 20: precision: 0.00908 | recall: 0.10745 | ndcg: 0.05248 | hit_rate: 0.14757 | map: 0.03060
Mon 23 Sep 2024 19:32:49 INFO Epoch 56, Loss: 2.11179
Mon 23 Sep 2024 19:32:54 INFO Validation Metrics:
Mon 23 Sep 2024 19:32:54 INFO 5: precision: 0.00919 | recall: 0.04393 | ndcg: 0.02800 | hit_rate: 0.04552 | map: 0.02250
Mon 23 Sep 2024 19:32:54 INFO 10: precision: 0.00752 | recall: 0.07167 | ndcg: 0.03701 | hit_rate: 0.07408 | map: 0.02619
Mon 23 Sep 2024 19:32:54 INFO 20: precision: 0.00563 | recall: 0.10716 | ndcg: 0.04608 | hit_rate: 0.11004 | map: 0.02869
Mon 23 Sep 2024 19:32:54 INFO Test Metrics:
Mon 23 Sep 2024 19:32:54 INFO 5: precision: 0.01458 | recall: 0.04344 | ndcg: 0.03146 | hit_rate: 0.06614 | map: 0.02303
Mon 23 Sep 2024 19:32:54 INFO 10: precision: 0.01187 | recall: 0.07075 | ndcg: 0.04154 | hit_rate: 0.10192 | map: 0.02725
Mon 23 Sep 2024 19:32:54 INFO 20: precision: 0.00901 | recall: 0.10640 | ndcg: 0.05197 | hit_rate: 0.14636 | map: 0.03027
Mon 23 Sep 2024 19:33:30 INFO Epoch 57, Loss: 2.05929
Mon 23 Sep 2024 19:33:35 INFO Validation Metrics:
Mon 23 Sep 2024 19:33:35 INFO 5: precision: 0.00936 | recall: 0.04485 | ndcg: 0.02829 | hit_rate: 0.04634 | map: 0.02264
Mon 23 Sep 2024 19:33:35 INFO 10: precision: 0.00745 | recall: 0.07105 | ndcg: 0.03679 | hit_rate: 0.07337 | map: 0.02610
Mon 23 Sep 2024 19:33:35 INFO 20: precision: 0.00564 | recall: 0.10726 | ndcg: 0.04605 | hit_rate: 0.11028 | map: 0.02866
Mon 23 Sep 2024 19:33:35 INFO Test Metrics:
Mon 23 Sep 2024 19:33:35 INFO 5: precision: 0.01472 | recall: 0.04423 | ndcg: 0.03193 | hit_rate: 0.06743 | map: 0.02334
Mon 23 Sep 2024 19:33:35 INFO 10: precision: 0.01198 | recall: 0.07144 | ndcg: 0.04198 | hit_rate: 0.10323 | map: 0.02753
Mon 23 Sep 2024 19:33:35 INFO 20: precision: 0.00909 | recall: 0.10749 | ndcg: 0.05250 | hit_rate: 0.14785 | map: 0.03057
Mon 23 Sep 2024 19:34:11 INFO Epoch 58, Loss: 2.05280
Mon 23 Sep 2024 19:34:16 INFO Validation Metrics:
Mon 23 Sep 2024 19:34:16 INFO 5: precision: 0.00926 | recall: 0.04435 | ndcg: 0.02818 | hit_rate: 0.04589 | map: 0.02264
Mon 23 Sep 2024 19:34:16 INFO 10: precision: 0.00752 | recall: 0.07182 | ndcg: 0.03711 | hit_rate: 0.07400 | map: 0.02630
Mon 23 Sep 2024 19:34:16 INFO 20: precision: 0.00562 | recall: 0.10729 | ndcg: 0.04617 | hit_rate: 0.11002 | map: 0.02880
Mon 23 Sep 2024 19:34:16 INFO Test Metrics:
Mon 23 Sep 2024 19:34:16 INFO 5: precision: 0.01469 | recall: 0.04406 | ndcg: 0.03206 | hit_rate: 0.06713 | map: 0.02352
Mon 23 Sep 2024 19:34:16 INFO 10: precision: 0.01194 | recall: 0.07100 | ndcg: 0.04203 | hit_rate: 0.10261 | map: 0.02769
Mon 23 Sep 2024 19:34:16 INFO 20: precision: 0.00903 | recall: 0.10661 | ndcg: 0.05241 | hit_rate: 0.14677 | map: 0.03069
Mon 23 Sep 2024 19:34:52 INFO Epoch 59, Loss: 2.02003
Mon 23 Sep 2024 19:34:57 INFO Validation Metrics:
Mon 23 Sep 2024 19:34:57 INFO 5: precision: 0.00932 | recall: 0.04470 | ndcg: 0.02852 | hit_rate: 0.04619 | map: 0.02296
Mon 23 Sep 2024 19:34:57 INFO 10: precision: 0.00758 | recall: 0.07251 | ndcg: 0.03752 | hit_rate: 0.07462 | map: 0.02663
Mon 23 Sep 2024 19:34:57 INFO 20: precision: 0.00566 | recall: 0.10772 | ndcg: 0.04651 | hit_rate: 0.11045 | map: 0.02910
Mon 23 Sep 2024 19:34:57 INFO Test Metrics:
Mon 23 Sep 2024 19:34:57 INFO 5: precision: 0.01507 | recall: 0.04514 | ndcg: 0.03263 | hit_rate: 0.06870 | map: 0.02387
Mon 23 Sep 2024 19:34:57 INFO 10: precision: 0.01196 | recall: 0.07122 | ndcg: 0.04225 | hit_rate: 0.10308 | map: 0.02789
Mon 23 Sep 2024 19:34:57 INFO 20: precision: 0.00903 | recall: 0.10709 | ndcg: 0.05267 | hit_rate: 0.14692 | map: 0.03091
Mon 23 Sep 2024 19:35:34 INFO Epoch 60, Loss: 2.04659
Mon 23 Sep 2024 19:35:39 INFO Validation Metrics:
Mon 23 Sep 2024 19:35:39 INFO 5: precision: 0.00946 | recall: 0.04550 | ndcg: 0.02889 | hit_rate: 0.04692 | map: 0.02321
Mon 23 Sep 2024 19:35:39 INFO 10: precision: 0.00750 | recall: 0.07192 | ndcg: 0.03746 | hit_rate: 0.07389 | map: 0.02672
Mon 23 Sep 2024 19:35:39 INFO 20: precision: 0.00564 | recall: 0.10750 | ndcg: 0.04655 | hit_rate: 0.11019 | map: 0.02922
Mon 23 Sep 2024 19:35:39 INFO Test Metrics:
Mon 23 Sep 2024 19:35:39 INFO 5: precision: 0.01509 | recall: 0.04517 | ndcg: 0.03267 | hit_rate: 0.06863 | map: 0.02391
Mon 23 Sep 2024 19:35:39 INFO 10: precision: 0.01203 | recall: 0.07173 | ndcg: 0.04247 | hit_rate: 0.10353 | map: 0.02801
Mon 23 Sep 2024 19:35:39 INFO 20: precision: 0.00909 | recall: 0.10754 | ndcg: 0.05292 | hit_rate: 0.14750 | map: 0.03105
Mon 23 Sep 2024 19:36:15 INFO Epoch 61, Loss: 2.07124
Mon 23 Sep 2024 19:36:20 INFO Validation Metrics:
Mon 23 Sep 2024 19:36:20 INFO 5: precision: 0.00922 | recall: 0.04429 | ndcg: 0.02828 | hit_rate: 0.04571 | map: 0.02278
Mon 23 Sep 2024 19:36:20 INFO 10: precision: 0.00755 | recall: 0.07235 | ndcg: 0.03741 | hit_rate: 0.07456 | map: 0.02652
Mon 23 Sep 2024 19:36:20 INFO 20: precision: 0.00562 | recall: 0.10717 | ndcg: 0.04631 | hit_rate: 0.10976 | map: 0.02898
Mon 23 Sep 2024 19:36:20 INFO Test Metrics:
Mon 23 Sep 2024 19:36:20 INFO 5: precision: 0.01492 | recall: 0.04458 | ndcg: 0.03242 | hit_rate: 0.06799 | map: 0.02379
Mon 23 Sep 2024 19:36:20 INFO 10: precision: 0.01206 | recall: 0.07155 | ndcg: 0.04238 | hit_rate: 0.10310 | map: 0.02798
Mon 23 Sep 2024 19:36:20 INFO 20: precision: 0.00916 | recall: 0.10844 | ndcg: 0.05309 | hit_rate: 0.14830 | map: 0.03109
Mon 23 Sep 2024 19:36:56 INFO Epoch 62, Loss: 2.01809
Mon 23 Sep 2024 19:37:01 INFO Validation Metrics:
Mon 23 Sep 2024 19:37:01 INFO 5: precision: 0.00937 | recall: 0.04499 | ndcg: 0.02887 | hit_rate: 0.04647 | map: 0.02334
Mon 23 Sep 2024 19:37:01 INFO 10: precision: 0.00771 | recall: 0.07379 | ndcg: 0.03824 | hit_rate: 0.07589 | map: 0.02719
Mon 23 Sep 2024 19:37:01 INFO 20: precision: 0.00571 | recall: 0.10894 | ndcg: 0.04722 | hit_rate: 0.11155 | map: 0.02966
Mon 23 Sep 2024 19:37:01 INFO Test Metrics:
Mon 23 Sep 2024 19:37:01 INFO 5: precision: 0.01490 | recall: 0.04451 | ndcg: 0.03236 | hit_rate: 0.06762 | map: 0.02380
Mon 23 Sep 2024 19:37:01 INFO 10: precision: 0.01219 | recall: 0.07283 | ndcg: 0.04281 | hit_rate: 0.10450 | map: 0.02817
Mon 23 Sep 2024 19:37:01 INFO 20: precision: 0.00913 | recall: 0.10800 | ndcg: 0.05307 | hit_rate: 0.14815 | map: 0.03115
Mon 23 Sep 2024 19:37:37 INFO Epoch 63, Loss: 2.01998
Mon 23 Sep 2024 19:37:42 INFO Validation Metrics:
Mon 23 Sep 2024 19:37:42 INFO 5: precision: 0.00938 | recall: 0.04510 | ndcg: 0.02900 | hit_rate: 0.04645 | map: 0.02350
Mon 23 Sep 2024 19:37:42 INFO 10: precision: 0.00763 | recall: 0.07307 | ndcg: 0.03804 | hit_rate: 0.07518 | map: 0.02718
Mon 23 Sep 2024 19:37:42 INFO 20: precision: 0.00569 | recall: 0.10866 | ndcg: 0.04712 | hit_rate: 0.11142 | map: 0.02967
Mon 23 Sep 2024 19:37:42 INFO Test Metrics:
Mon 23 Sep 2024 19:37:42 INFO 5: precision: 0.01483 | recall: 0.04456 | ndcg: 0.03216 | hit_rate: 0.06754 | map: 0.02355
Mon 23 Sep 2024 19:37:42 INFO 10: precision: 0.01203 | recall: 0.07182 | ndcg: 0.04225 | hit_rate: 0.10355 | map: 0.02778
Mon 23 Sep 2024 19:37:42 INFO 20: precision: 0.00910 | recall: 0.10764 | ndcg: 0.05271 | hit_rate: 0.14832 | map: 0.03079
Mon 23 Sep 2024 19:38:18 INFO Epoch 64, Loss: 2.04079
Mon 23 Sep 2024 19:38:24 INFO Validation Metrics:
Mon 23 Sep 2024 19:38:24 INFO 5: precision: 0.00926 | recall: 0.04466 | ndcg: 0.02839 | hit_rate: 0.04610 | map: 0.02282
Mon 23 Sep 2024 19:38:24 INFO 10: precision: 0.00750 | recall: 0.07193 | ndcg: 0.03726 | hit_rate: 0.07408 | map: 0.02645
Mon 23 Sep 2024 19:38:24 INFO 20: precision: 0.00565 | recall: 0.10785 | ndcg: 0.04645 | hit_rate: 0.11058 | map: 0.02899
Mon 23 Sep 2024 19:38:24 INFO Test Metrics:
Mon 23 Sep 2024 19:38:24 INFO 5: precision: 0.01509 | recall: 0.04532 | ndcg: 0.03276 | hit_rate: 0.06872 | map: 0.02402
Mon 23 Sep 2024 19:38:24 INFO 10: precision: 0.01223 | recall: 0.07271 | ndcg: 0.04290 | hit_rate: 0.10508 | map: 0.02823
Mon 23 Sep 2024 19:38:24 INFO 20: precision: 0.00906 | recall: 0.10696 | ndcg: 0.05291 | hit_rate: 0.14782 | map: 0.03113
Mon 23 Sep 2024 19:38:59 INFO Epoch 65, Loss: 1.97478
Mon 23 Sep 2024 19:39:04 INFO Validation Metrics:
Mon 23 Sep 2024 19:39:04 INFO 5: precision: 0.00940 | recall: 0.04519 | ndcg: 0.02879 | hit_rate: 0.04670 | map: 0.02316
Mon 23 Sep 2024 19:39:04 INFO 10: precision: 0.00759 | recall: 0.07265 | ndcg: 0.03769 | hit_rate: 0.07484 | map: 0.02680
Mon 23 Sep 2024 19:39:04 INFO 20: precision: 0.00574 | recall: 0.10950 | ndcg: 0.04710 | hit_rate: 0.11232 | map: 0.02938
Mon 23 Sep 2024 19:39:04 INFO Test Metrics:
Mon 23 Sep 2024 19:39:04 INFO 5: precision: 0.01512 | recall: 0.04510 | ndcg: 0.03272 | hit_rate: 0.06885 | map: 0.02396
Mon 23 Sep 2024 19:39:04 INFO 10: precision: 0.01226 | recall: 0.07260 | ndcg: 0.04290 | hit_rate: 0.10455 | map: 0.02824
Mon 23 Sep 2024 19:39:04 INFO 20: precision: 0.00916 | recall: 0.10825 | ndcg: 0.05326 | hit_rate: 0.14910 | map: 0.03122
Mon 23 Sep 2024 19:39:41 INFO Epoch 66, Loss: 1.99223
Mon 23 Sep 2024 19:39:46 INFO Validation Metrics:
Mon 23 Sep 2024 19:39:46 INFO 5: precision: 0.00935 | recall: 0.04496 | ndcg: 0.02892 | hit_rate: 0.04640 | map: 0.02341
Mon 23 Sep 2024 19:39:46 INFO 10: precision: 0.00755 | recall: 0.07228 | ndcg: 0.03780 | hit_rate: 0.07434 | map: 0.02704
Mon 23 Sep 2024 19:39:46 INFO 20: precision: 0.00566 | recall: 0.10781 | ndcg: 0.04689 | hit_rate: 0.11051 | map: 0.02956
Mon 23 Sep 2024 19:39:46 INFO Test Metrics:
Mon 23 Sep 2024 19:39:46 INFO 5: precision: 0.01486 | recall: 0.04446 | ndcg: 0.03233 | hit_rate: 0.06779 | map: 0.02372
Mon 23 Sep 2024 19:39:46 INFO 10: precision: 0.01220 | recall: 0.07262 | ndcg: 0.04275 | hit_rate: 0.10433 | map: 0.02811
Mon 23 Sep 2024 19:39:46 INFO 20: precision: 0.00913 | recall: 0.10805 | ndcg: 0.05306 | hit_rate: 0.14854 | map: 0.03107
Mon 23 Sep 2024 19:40:22 INFO Epoch 67, Loss: 2.00125
Mon 23 Sep 2024 19:40:27 INFO Validation Metrics:
Mon 23 Sep 2024 19:40:27 INFO 5: precision: 0.00925 | recall: 0.04466 | ndcg: 0.02838 | hit_rate: 0.04604 | map: 0.02280
Mon 23 Sep 2024 19:40:27 INFO 10: precision: 0.00746 | recall: 0.07175 | ndcg: 0.03715 | hit_rate: 0.07372 | map: 0.02639
Mon 23 Sep 2024 19:40:27 INFO 20: precision: 0.00564 | recall: 0.10782 | ndcg: 0.04635 | hit_rate: 0.11045 | map: 0.02891
Mon 23 Sep 2024 19:40:27 INFO Test Metrics:
Mon 23 Sep 2024 19:40:27 INFO 5: precision: 0.01489 | recall: 0.04464 | ndcg: 0.03238 | hit_rate: 0.06799 | map: 0.02374
Mon 23 Sep 2024 19:40:27 INFO 10: precision: 0.01202 | recall: 0.07164 | ndcg: 0.04237 | hit_rate: 0.10325 | map: 0.02793
Mon 23 Sep 2024 19:40:27 INFO 20: precision: 0.00906 | recall: 0.10700 | ndcg: 0.05268 | hit_rate: 0.14731 | map: 0.03090
Mon 23 Sep 2024 19:41:02 INFO Epoch 68, Loss: 1.96037
Mon 23 Sep 2024 19:41:08 INFO Validation Metrics:
Mon 23 Sep 2024 19:41:08 INFO 5: precision: 0.00931 | recall: 0.04481 | ndcg: 0.02868 | hit_rate: 0.04617 | map: 0.02316
Mon 23 Sep 2024 19:41:08 INFO 10: precision: 0.00759 | recall: 0.07271 | ndcg: 0.03772 | hit_rate: 0.07495 | map: 0.02684
Mon 23 Sep 2024 19:41:08 INFO 20: precision: 0.00566 | recall: 0.10812 | ndcg: 0.04675 | hit_rate: 0.11092 | map: 0.02932
Mon 23 Sep 2024 19:41:08 INFO Test Metrics:
Mon 23 Sep 2024 19:41:08 INFO 5: precision: 0.01492 | recall: 0.04479 | ndcg: 0.03262 | hit_rate: 0.06820 | map: 0.02400
Mon 23 Sep 2024 19:41:08 INFO 10: precision: 0.01209 | recall: 0.07207 | ndcg: 0.04272 | hit_rate: 0.10429 | map: 0.02821
Mon 23 Sep 2024 19:41:08 INFO 20: precision: 0.00916 | recall: 0.10817 | ndcg: 0.05326 | hit_rate: 0.14849 | map: 0.03129
Mon 23 Sep 2024 19:41:43 INFO Epoch 69, Loss: 1.98785
Mon 23 Sep 2024 19:41:48 INFO Validation Metrics:
Mon 23 Sep 2024 19:41:48 INFO 5: precision: 0.00922 | recall: 0.04441 | ndcg: 0.02855 | hit_rate: 0.04580 | map: 0.02309
Mon 23 Sep 2024 19:41:48 INFO 10: precision: 0.00763 | recall: 0.07344 | ndcg: 0.03795 | hit_rate: 0.07546 | map: 0.02693
Mon 23 Sep 2024 19:41:48 INFO 20: precision: 0.00558 | recall: 0.10660 | ndcg: 0.04643 | hit_rate: 0.10928 | map: 0.02926
Mon 23 Sep 2024 19:41:48 INFO Test Metrics:
Mon 23 Sep 2024 19:41:48 INFO 5: precision: 0.01474 | recall: 0.04443 | ndcg: 0.03240 | hit_rate: 0.06745 | map: 0.02388
Mon 23 Sep 2024 19:41:48 INFO 10: precision: 0.01213 | recall: 0.07221 | ndcg: 0.04270 | hit_rate: 0.10414 | map: 0.02818
Mon 23 Sep 2024 19:41:48 INFO 20: precision: 0.00921 | recall: 0.10901 | ndcg: 0.05341 | hit_rate: 0.14959 | map: 0.03127
Mon 23 Sep 2024 19:42:25 INFO Epoch 70, Loss: 1.95603
Mon 23 Sep 2024 19:42:30 INFO Validation Metrics:
Mon 23 Sep 2024 19:42:30 INFO 5: precision: 0.00925 | recall: 0.04465 | ndcg: 0.02837 | hit_rate: 0.04599 | map: 0.02280
Mon 23 Sep 2024 19:42:30 INFO 10: precision: 0.00762 | recall: 0.07330 | ndcg: 0.03768 | hit_rate: 0.07533 | map: 0.02662
Mon 23 Sep 2024 19:42:30 INFO 20: precision: 0.00562 | recall: 0.10735 | ndcg: 0.04638 | hit_rate: 0.11002 | map: 0.02901
Mon 23 Sep 2024 19:42:30 INFO Test Metrics:
Mon 23 Sep 2024 19:42:30 INFO 5: precision: 0.01483 | recall: 0.04450 | ndcg: 0.03227 | hit_rate: 0.06749 | map: 0.02367
Mon 23 Sep 2024 19:42:30 INFO 10: precision: 0.01217 | recall: 0.07237 | ndcg: 0.04257 | hit_rate: 0.10452 | map: 0.02794
Mon 23 Sep 2024 19:42:30 INFO 20: precision: 0.00918 | recall: 0.10839 | ndcg: 0.05306 | hit_rate: 0.14905 | map: 0.03098
Mon 23 Sep 2024 19:43:06 INFO Epoch 71, Loss: 1.99030
Mon 23 Sep 2024 19:43:11 INFO Validation Metrics:
Mon 23 Sep 2024 19:43:11 INFO 5: precision: 0.00934 | recall: 0.04505 | ndcg: 0.02873 | hit_rate: 0.04645 | map: 0.02315
Mon 23 Sep 2024 19:43:11 INFO 10: precision: 0.00755 | recall: 0.07247 | ndcg: 0.03765 | hit_rate: 0.07452 | map: 0.02681
Mon 23 Sep 2024 19:43:11 INFO 20: precision: 0.00562 | recall: 0.10696 | ndcg: 0.04646 | hit_rate: 0.10972 | map: 0.02922
Mon 23 Sep 2024 19:43:11 INFO Test Metrics:
Mon 23 Sep 2024 19:43:11 INFO 5: precision: 0.01470 | recall: 0.04374 | ndcg: 0.03181 | hit_rate: 0.06715 | map: 0.02330
Mon 23 Sep 2024 19:43:11 INFO 10: precision: 0.01204 | recall: 0.07153 | ndcg: 0.04210 | hit_rate: 0.10325 | map: 0.02765
Mon 23 Sep 2024 19:43:11 INFO 20: precision: 0.00911 | recall: 0.10799 | ndcg: 0.05269 | hit_rate: 0.14871 | map: 0.03070
Mon 23 Sep 2024 19:43:47 INFO Epoch 72, Loss: 1.96754
Mon 23 Sep 2024 19:43:52 INFO Validation Metrics:
Mon 23 Sep 2024 19:43:52 INFO 5: precision: 0.00946 | recall: 0.04574 | ndcg: 0.02883 | hit_rate: 0.04718 | map: 0.02307
Mon 23 Sep 2024 19:43:52 INFO 10: precision: 0.00760 | recall: 0.07294 | ndcg: 0.03767 | hit_rate: 0.07503 | map: 0.02669
Mon 23 Sep 2024 19:43:52 INFO 20: precision: 0.00562 | recall: 0.10729 | ndcg: 0.04642 | hit_rate: 0.10987 | map: 0.02909
Mon 23 Sep 2024 19:43:52 INFO Test Metrics:
Mon 23 Sep 2024 19:43:52 INFO 5: precision: 0.01483 | recall: 0.04426 | ndcg: 0.03199 | hit_rate: 0.06756 | map: 0.02335
Mon 23 Sep 2024 19:43:52 INFO 10: precision: 0.01215 | recall: 0.07234 | ndcg: 0.04235 | hit_rate: 0.10422 | map: 0.02769
Mon 23 Sep 2024 19:43:52 INFO 20: precision: 0.00910 | recall: 0.10747 | ndcg: 0.05260 | hit_rate: 0.14759 | map: 0.03068
Mon 23 Sep 2024 19:44:29 INFO Epoch 73, Loss: 1.92278
Mon 23 Sep 2024 19:44:34 INFO Validation Metrics:
Mon 23 Sep 2024 19:44:34 INFO 5: precision: 0.00934 | recall: 0.04501 | ndcg: 0.02852 | hit_rate: 0.04642 | map: 0.02288
Mon 23 Sep 2024 19:44:34 INFO 10: precision: 0.00758 | recall: 0.07252 | ndcg: 0.03748 | hit_rate: 0.07449 | map: 0.02656
Mon 23 Sep 2024 19:44:34 INFO 20: precision: 0.00572 | recall: 0.10891 | ndcg: 0.04677 | hit_rate: 0.11159 | map: 0.02912
Mon 23 Sep 2024 19:44:34 INFO Test Metrics:
Mon 23 Sep 2024 19:44:34 INFO 5: precision: 0.01502 | recall: 0.04458 | ndcg: 0.03244 | hit_rate: 0.06831 | map: 0.02374
Mon 23 Sep 2024 19:44:34 INFO 10: precision: 0.01214 | recall: 0.07199 | ndcg: 0.04258 | hit_rate: 0.10362 | map: 0.02804
Mon 23 Sep 2024 19:44:34 INFO 20: precision: 0.00915 | recall: 0.10818 | ndcg: 0.05314 | hit_rate: 0.14873 | map: 0.03110
Mon 23 Sep 2024 19:45:10 INFO Epoch 74, Loss: 1.92210
Mon 23 Sep 2024 19:45:15 INFO Validation Metrics:
Mon 23 Sep 2024 19:45:15 INFO 5: precision: 0.00937 | recall: 0.04518 | ndcg: 0.02871 | hit_rate: 0.04653 | map: 0.02308
Mon 23 Sep 2024 19:45:15 INFO 10: precision: 0.00755 | recall: 0.07244 | ndcg: 0.03757 | hit_rate: 0.07456 | map: 0.02671
Mon 23 Sep 2024 19:45:15 INFO 20: precision: 0.00567 | recall: 0.10811 | ndcg: 0.04667 | hit_rate: 0.11079 | map: 0.02921
Mon 23 Sep 2024 19:45:15 INFO Test Metrics:
Mon 23 Sep 2024 19:45:15 INFO 5: precision: 0.01508 | recall: 0.04504 | ndcg: 0.03258 | hit_rate: 0.06857 | map: 0.02382
Mon 23 Sep 2024 19:45:15 INFO 10: precision: 0.01218 | recall: 0.07258 | ndcg: 0.04274 | hit_rate: 0.10459 | map: 0.02808
Mon 23 Sep 2024 19:45:15 INFO 20: precision: 0.00918 | recall: 0.10869 | ndcg: 0.05328 | hit_rate: 0.14918 | map: 0.03114
Mon 23 Sep 2024 19:45:51 INFO Epoch 75, Loss: 1.96316
Mon 23 Sep 2024 19:45:56 INFO Validation Metrics:
Mon 23 Sep 2024 19:45:56 INFO 5: precision: 0.00928 | recall: 0.04485 | ndcg: 0.02848 | hit_rate: 0.04614 | map: 0.02289
Mon 23 Sep 2024 19:45:56 INFO 10: precision: 0.00752 | recall: 0.07223 | ndcg: 0.03741 | hit_rate: 0.07434 | map: 0.02656
Mon 23 Sep 2024 19:45:56 INFO 20: precision: 0.00561 | recall: 0.10711 | ndcg: 0.04632 | hit_rate: 0.10969 | map: 0.02901
Mon 23 Sep 2024 19:45:56 INFO Test Metrics:
Mon 23 Sep 2024 19:45:56 INFO 5: precision: 0.01499 | recall: 0.04493 | ndcg: 0.03262 | hit_rate: 0.06822 | map: 0.02390
Mon 23 Sep 2024 19:45:56 INFO 10: precision: 0.01212 | recall: 0.07208 | ndcg: 0.04268 | hit_rate: 0.10401 | map: 0.02812
Mon 23 Sep 2024 19:45:56 INFO 20: precision: 0.00908 | recall: 0.10769 | ndcg: 0.05304 | hit_rate: 0.14813 | map: 0.03111
Mon 23 Sep 2024 19:46:32 INFO Epoch 76, Loss: 1.94428
Mon 23 Sep 2024 19:46:37 INFO Validation Metrics:
Mon 23 Sep 2024 19:46:37 INFO 5: precision: 0.00962 | recall: 0.04631 | ndcg: 0.02910 | hit_rate: 0.04780 | map: 0.02322
Mon 23 Sep 2024 19:46:37 INFO 10: precision: 0.00753 | recall: 0.07224 | ndcg: 0.03751 | hit_rate: 0.07430 | map: 0.02666
Mon 23 Sep 2024 19:46:37 INFO 20: precision: 0.00572 | recall: 0.10891 | ndcg: 0.04689 | hit_rate: 0.11159 | map: 0.02924
Mon 23 Sep 2024 19:46:37 INFO Test Metrics:
Mon 23 Sep 2024 19:46:37 INFO 5: precision: 0.01504 | recall: 0.04481 | ndcg: 0.03265 | hit_rate: 0.06835 | map: 0.02396
Mon 23 Sep 2024 19:46:37 INFO 10: precision: 0.01212 | recall: 0.07225 | ndcg: 0.04278 | hit_rate: 0.10414 | map: 0.02820
Mon 23 Sep 2024 19:46:37 INFO 20: precision: 0.00920 | recall: 0.10877 | ndcg: 0.05342 | hit_rate: 0.14929 | map: 0.03128
Mon 23 Sep 2024 19:47:13 INFO Epoch 77, Loss: 1.91095
Mon 23 Sep 2024 19:47:19 INFO Validation Metrics:
Mon 23 Sep 2024 19:47:19 INFO 5: precision: 0.00953 | recall: 0.04590 | ndcg: 0.02922 | hit_rate: 0.04729 | map: 0.02351
Mon 23 Sep 2024 19:47:19 INFO 10: precision: 0.00765 | recall: 0.07345 | ndcg: 0.03816 | hit_rate: 0.07551 | map: 0.02717
Mon 23 Sep 2024 19:47:19 INFO 20: precision: 0.00568 | recall: 0.10821 | ndcg: 0.04707 | hit_rate: 0.11092 | map: 0.02963
Mon 23 Sep 2024 19:47:19 INFO Test Metrics:
Mon 23 Sep 2024 19:47:19 INFO 5: precision: 0.01519 | recall: 0.04535 | ndcg: 0.03296 | hit_rate: 0.06887 | map: 0.02419
Mon 23 Sep 2024 19:47:19 INFO 10: precision: 0.01217 | recall: 0.07225 | ndcg: 0.04293 | hit_rate: 0.10461 | map: 0.02834
Mon 23 Sep 2024 19:47:19 INFO 20: precision: 0.00917 | recall: 0.10839 | ndcg: 0.05343 | hit_rate: 0.14903 | map: 0.03138
Mon 23 Sep 2024 19:47:55 INFO Epoch 78, Loss: 1.91326
Mon 23 Sep 2024 19:48:00 INFO Validation Metrics:
Mon 23 Sep 2024 19:48:00 INFO 5: precision: 0.00949 | recall: 0.04586 | ndcg: 0.02859 | hit_rate: 0.04713 | map: 0.02271
Mon 23 Sep 2024 19:48:00 INFO 10: precision: 0.00754 | recall: 0.07238 | ndcg: 0.03721 | hit_rate: 0.07452 | map: 0.02623
Mon 23 Sep 2024 19:48:00 INFO 20: precision: 0.00570 | recall: 0.10864 | ndcg: 0.04647 | hit_rate: 0.11133 | map: 0.02878
Mon 23 Sep 2024 19:48:00 INFO Test Metrics:
Mon 23 Sep 2024 19:48:00 INFO 5: precision: 0.01505 | recall: 0.04487 | ndcg: 0.03276 | hit_rate: 0.06812 | map: 0.02411
Mon 23 Sep 2024 19:48:00 INFO 10: precision: 0.01227 | recall: 0.07274 | ndcg: 0.04307 | hit_rate: 0.10474 | map: 0.02842
Mon 23 Sep 2024 19:48:00 INFO 20: precision: 0.00920 | recall: 0.10927 | ndcg: 0.05366 | hit_rate: 0.14987 | map: 0.03148
Mon 23 Sep 2024 19:48:36 INFO Epoch 79, Loss: 1.94253
Mon 23 Sep 2024 19:48:41 INFO Validation Metrics:
Mon 23 Sep 2024 19:48:41 INFO 5: precision: 0.00936 | recall: 0.04531 | ndcg: 0.02856 | hit_rate: 0.04660 | map: 0.02285
Mon 23 Sep 2024 19:48:41 INFO 10: precision: 0.00768 | recall: 0.07389 | ndcg: 0.03787 | hit_rate: 0.07589 | map: 0.02667
Mon 23 Sep 2024 19:48:41 INFO 20: precision: 0.00569 | recall: 0.10862 | ndcg: 0.04674 | hit_rate: 0.11135 | map: 0.02911
Mon 23 Sep 2024 19:48:41 INFO Test Metrics:
Mon 23 Sep 2024 19:48:41 INFO 5: precision: 0.01514 | recall: 0.04519 | ndcg: 0.03260 | hit_rate: 0.06870 | map: 0.02385
Mon 23 Sep 2024 19:48:41 INFO 10: precision: 0.01217 | recall: 0.07217 | ndcg: 0.04258 | hit_rate: 0.10437 | map: 0.02800
Mon 23 Sep 2024 19:48:41 INFO 20: precision: 0.00918 | recall: 0.10841 | ndcg: 0.05312 | hit_rate: 0.14918 | map: 0.03106
Mon 23 Sep 2024 19:49:17 INFO Epoch 80, Loss: 1.93797
Mon 23 Sep 2024 19:49:22 INFO Validation Metrics:
Mon 23 Sep 2024 19:49:22 INFO 5: precision: 0.00950 | recall: 0.04575 | ndcg: 0.02901 | hit_rate: 0.04716 | map: 0.02328
Mon 23 Sep 2024 19:49:22 INFO 10: precision: 0.00759 | recall: 0.07265 | ndcg: 0.03772 | hit_rate: 0.07497 | map: 0.02682
Mon 23 Sep 2024 19:49:22 INFO 20: precision: 0.00573 | recall: 0.10919 | ndcg: 0.04707 | hit_rate: 0.11198 | map: 0.02940
Mon 23 Sep 2024 19:49:22 INFO Test Metrics:
Mon 23 Sep 2024 19:49:22 INFO 5: precision: 0.01515 | recall: 0.04508 | ndcg: 0.03277 | hit_rate: 0.06861 | map: 0.02404
Mon 23 Sep 2024 19:49:22 INFO 10: precision: 0.01219 | recall: 0.07267 | ndcg: 0.04292 | hit_rate: 0.10485 | map: 0.02827
Mon 23 Sep 2024 19:49:22 INFO 20: precision: 0.00917 | recall: 0.10818 | ndcg: 0.05332 | hit_rate: 0.14884 | map: 0.03130
Mon 23 Sep 2024 19:49:59 INFO Epoch 81, Loss: 1.95255
Mon 23 Sep 2024 19:50:04 INFO Validation Metrics:
Mon 23 Sep 2024 19:50:04 INFO 5: precision: 0.00953 | recall: 0.04587 | ndcg: 0.02918 | hit_rate: 0.04724 | map: 0.02347
Mon 23 Sep 2024 19:50:04 INFO 10: precision: 0.00761 | recall: 0.07283 | ndcg: 0.03793 | hit_rate: 0.07492 | map: 0.02704
Mon 23 Sep 2024 19:50:04 INFO 20: precision: 0.00574 | recall: 0.10914 | ndcg: 0.04721 | hit_rate: 0.11198 | map: 0.02959
Mon 23 Sep 2024 19:50:04 INFO Test Metrics:
Mon 23 Sep 2024 19:50:04 INFO 5: precision: 0.01522 | recall: 0.04526 | ndcg: 0.03299 | hit_rate: 0.06907 | map: 0.02424
Mon 23 Sep 2024 19:50:04 INFO 10: precision: 0.01221 | recall: 0.07241 | ndcg: 0.04302 | hit_rate: 0.10452 | map: 0.02843
Mon 23 Sep 2024 19:50:04 INFO 20: precision: 0.00918 | recall: 0.10824 | ndcg: 0.05348 | hit_rate: 0.14875 | map: 0.03148
Mon 23 Sep 2024 19:50:40 INFO Epoch 82, Loss: 1.91788
Mon 23 Sep 2024 19:50:45 INFO Validation Metrics:
Mon 23 Sep 2024 19:50:45 INFO 5: precision: 0.00963 | recall: 0.04623 | ndcg: 0.02931 | hit_rate: 0.04774 | map: 0.02350
Mon 23 Sep 2024 19:50:45 INFO 10: precision: 0.00766 | recall: 0.07337 | ndcg: 0.03807 | hit_rate: 0.07546 | map: 0.02707
Mon 23 Sep 2024 19:50:45 INFO 20: precision: 0.00575 | recall: 0.10945 | ndcg: 0.04731 | hit_rate: 0.11221 | map: 0.02962
Mon 23 Sep 2024 19:50:45 INFO Test Metrics:
Mon 23 Sep 2024 19:50:45 INFO 5: precision: 0.01529 | recall: 0.04516 | ndcg: 0.03303 | hit_rate: 0.06900 | map: 0.02429
Mon 23 Sep 2024 19:50:45 INFO 10: precision: 0.01225 | recall: 0.07242 | ndcg: 0.04311 | hit_rate: 0.10465 | map: 0.02851
Mon 23 Sep 2024 19:50:45 INFO 20: precision: 0.00923 | recall: 0.10903 | ndcg: 0.05376 | hit_rate: 0.15047 | map: 0.03158
Mon 23 Sep 2024 19:51:21 INFO Epoch 83, Loss: 1.93527
Mon 23 Sep 2024 19:51:26 INFO Validation Metrics:
Mon 23 Sep 2024 19:51:26 INFO 5: precision: 0.00938 | recall: 0.04517 | ndcg: 0.02882 | hit_rate: 0.04662 | map: 0.02321
Mon 23 Sep 2024 19:51:26 INFO 10: precision: 0.00766 | recall: 0.07357 | ndcg: 0.03803 | hit_rate: 0.07561 | map: 0.02699
Mon 23 Sep 2024 19:51:26 INFO 20: precision: 0.00571 | recall: 0.10860 | ndcg: 0.04698 | hit_rate: 0.11114 | map: 0.02945
Mon 23 Sep 2024 19:51:26 INFO Test Metrics:
Mon 23 Sep 2024 19:51:26 INFO 5: precision: 0.01517 | recall: 0.04500 | ndcg: 0.03295 | hit_rate: 0.06850 | map: 0.02425
Mon 23 Sep 2024 19:51:26 INFO 10: precision: 0.01234 | recall: 0.07333 | ndcg: 0.04337 | hit_rate: 0.10545 | map: 0.02861
Mon 23 Sep 2024 19:51:26 INFO 20: precision: 0.00921 | recall: 0.10923 | ndcg: 0.05380 | hit_rate: 0.15002 | map: 0.03161
Mon 23 Sep 2024 19:52:02 INFO Epoch 84, Loss: 1.91676
Mon 23 Sep 2024 19:52:07 INFO Validation Metrics:
Mon 23 Sep 2024 19:52:07 INFO 5: precision: 0.00938 | recall: 0.04507 | ndcg: 0.02871 | hit_rate: 0.04649 | map: 0.02310
Mon 23 Sep 2024 19:52:07 INFO 10: precision: 0.00755 | recall: 0.07246 | ndcg: 0.03762 | hit_rate: 0.07452 | map: 0.02677
Mon 23 Sep 2024 19:52:07 INFO 20: precision: 0.00571 | recall: 0.10891 | ndcg: 0.04694 | hit_rate: 0.11168 | map: 0.02933
Mon 23 Sep 2024 19:52:07 INFO Test Metrics:
Mon 23 Sep 2024 19:52:07 INFO 5: precision: 0.01523 | recall: 0.04536 | ndcg: 0.03331 | hit_rate: 0.06902 | map: 0.02459
Mon 23 Sep 2024 19:52:07 INFO 10: precision: 0.01221 | recall: 0.07275 | ndcg: 0.04338 | hit_rate: 0.10474 | map: 0.02879
Mon 23 Sep 2024 19:52:07 INFO 20: precision: 0.00920 | recall: 0.10870 | ndcg: 0.05388 | hit_rate: 0.14985 | map: 0.03182
Mon 23 Sep 2024 19:52:44 INFO Epoch 85, Loss: 1.90195
Mon 23 Sep 2024 19:52:49 INFO Validation Metrics:
Mon 23 Sep 2024 19:52:49 INFO 5: precision: 0.00953 | recall: 0.04572 | ndcg: 0.02905 | hit_rate: 0.04726 | map: 0.02332
Mon 23 Sep 2024 19:52:49 INFO 10: precision: 0.00754 | recall: 0.07229 | ndcg: 0.03766 | hit_rate: 0.07439 | map: 0.02684
Mon 23 Sep 2024 19:52:49 INFO 20: precision: 0.00571 | recall: 0.10908 | ndcg: 0.04704 | hit_rate: 0.11165 | map: 0.02942
Mon 23 Sep 2024 19:52:49 INFO Test Metrics:
Mon 23 Sep 2024 19:52:49 INFO 5: precision: 0.01499 | recall: 0.04480 | ndcg: 0.03286 | hit_rate: 0.06829 | map: 0.02425
Mon 23 Sep 2024 19:52:49 INFO 10: precision: 0.01226 | recall: 0.07269 | ndcg: 0.04320 | hit_rate: 0.10478 | map: 0.02860
Mon 23 Sep 2024 19:52:49 INFO 20: precision: 0.00914 | recall: 0.10798 | ndcg: 0.05347 | hit_rate: 0.14866 | map: 0.03156
Mon 23 Sep 2024 19:53:25 INFO Epoch 86, Loss: 1.88177
Mon 23 Sep 2024 19:53:30 INFO Validation Metrics:
Mon 23 Sep 2024 19:53:30 INFO 5: precision: 0.00955 | recall: 0.04587 | ndcg: 0.02900 | hit_rate: 0.04726 | map: 0.02322
Mon 23 Sep 2024 19:53:30 INFO 10: precision: 0.00763 | recall: 0.07320 | ndcg: 0.03787 | hit_rate: 0.07523 | map: 0.02686
Mon 23 Sep 2024 19:53:30 INFO 20: precision: 0.00572 | recall: 0.10919 | ndcg: 0.04703 | hit_rate: 0.11191 | map: 0.02936
Mon 23 Sep 2024 19:53:30 INFO Test Metrics:
Mon 23 Sep 2024 19:53:30 INFO 5: precision: 0.01531 | recall: 0.04576 | ndcg: 0.03331 | hit_rate: 0.06956 | map: 0.02448
Mon 23 Sep 2024 19:53:30 INFO 10: precision: 0.01233 | recall: 0.07321 | ndcg: 0.04347 | hit_rate: 0.10489 | map: 0.02878
Mon 23 Sep 2024 19:53:30 INFO 20: precision: 0.00918 | recall: 0.10866 | ndcg: 0.05380 | hit_rate: 0.14955 | map: 0.03174
Mon 23 Sep 2024 19:54:06 INFO Epoch 87, Loss: 1.88714
Mon 23 Sep 2024 19:54:11 INFO Validation Metrics:
Mon 23 Sep 2024 19:54:11 INFO 5: precision: 0.00956 | recall: 0.04618 | ndcg: 0.02942 | hit_rate: 0.04750 | map: 0.02370
Mon 23 Sep 2024 19:54:11 INFO 10: precision: 0.00763 | recall: 0.07305 | ndcg: 0.03819 | hit_rate: 0.07516 | map: 0.02732
Mon 23 Sep 2024 19:54:11 INFO 20: precision: 0.00573 | recall: 0.10937 | ndcg: 0.04747 | hit_rate: 0.11196 | map: 0.02987
Mon 23 Sep 2024 19:54:11 INFO Test Metrics:
Mon 23 Sep 2024 19:54:11 INFO 5: precision: 0.01537 | recall: 0.04590 | ndcg: 0.03349 | hit_rate: 0.06991 | map: 0.02460
Mon 23 Sep 2024 19:54:11 INFO 10: precision: 0.01234 | recall: 0.07320 | ndcg: 0.04358 | hit_rate: 0.10489 | map: 0.02887
Mon 23 Sep 2024 19:54:11 INFO 20: precision: 0.00925 | recall: 0.10933 | ndcg: 0.05410 | hit_rate: 0.15026 | map: 0.03189
Mon 23 Sep 2024 19:54:48 INFO Epoch 88, Loss: 1.91717
Mon 23 Sep 2024 19:54:53 INFO Validation Metrics:
Mon 23 Sep 2024 19:54:53 INFO 5: precision: 0.00947 | recall: 0.04582 | ndcg: 0.02947 | hit_rate: 0.04709 | map: 0.02390
Mon 23 Sep 2024 19:54:53 INFO 10: precision: 0.00761 | recall: 0.07319 | ndcg: 0.03838 | hit_rate: 0.07520 | map: 0.02755
Mon 23 Sep 2024 19:54:53 INFO 20: precision: 0.00575 | recall: 0.10974 | ndcg: 0.04769 | hit_rate: 0.11239 | map: 0.03010
Mon 23 Sep 2024 19:54:53 INFO Test Metrics:
Mon 23 Sep 2024 19:54:53 INFO 5: precision: 0.01525 | recall: 0.04552 | ndcg: 0.03307 | hit_rate: 0.06952 | map: 0.02424
Mon 23 Sep 2024 19:54:53 INFO 10: precision: 0.01224 | recall: 0.07289 | ndcg: 0.04317 | hit_rate: 0.10495 | map: 0.02847
Mon 23 Sep 2024 19:54:53 INFO 20: precision: 0.00918 | recall: 0.10892 | ndcg: 0.05365 | hit_rate: 0.14970 | map: 0.03150
Mon 23 Sep 2024 19:55:29 INFO Epoch 89, Loss: 1.89058
Mon 23 Sep 2024 19:55:34 INFO Validation Metrics:
Mon 23 Sep 2024 19:55:34 INFO 5: precision: 0.00962 | recall: 0.04622 | ndcg: 0.02953 | hit_rate: 0.04774 | map: 0.02379
Mon 23 Sep 2024 19:55:34 INFO 10: precision: 0.00767 | recall: 0.07336 | ndcg: 0.03836 | hit_rate: 0.07555 | map: 0.02741
Mon 23 Sep 2024 19:55:34 INFO 20: precision: 0.00578 | recall: 0.11015 | ndcg: 0.04773 | hit_rate: 0.11297 | map: 0.02998
Mon 23 Sep 2024 19:55:34 INFO Test Metrics:
Mon 23 Sep 2024 19:55:34 INFO 5: precision: 0.01540 | recall: 0.04603 | ndcg: 0.03372 | hit_rate: 0.06997 | map: 0.02488
Mon 23 Sep 2024 19:55:34 INFO 10: precision: 0.01227 | recall: 0.07273 | ndcg: 0.04360 | hit_rate: 0.10450 | map: 0.02905
Mon 23 Sep 2024 19:55:34 INFO 20: precision: 0.00923 | recall: 0.10911 | ndcg: 0.05417 | hit_rate: 0.15017 | map: 0.03208
Mon 23 Sep 2024 19:56:10 INFO Epoch 90, Loss: 1.88215
Mon 23 Sep 2024 19:56:15 INFO Validation Metrics:
Mon 23 Sep 2024 19:56:15 INFO 5: precision: 0.00970 | recall: 0.04674 | ndcg: 0.02959 | hit_rate: 0.04826 | map: 0.02371
Mon 23 Sep 2024 19:56:15 INFO 10: precision: 0.00760 | recall: 0.07298 | ndcg: 0.03810 | hit_rate: 0.07514 | map: 0.02720
Mon 23 Sep 2024 19:56:15 INFO 20: precision: 0.00582 | recall: 0.11099 | ndcg: 0.04781 | hit_rate: 0.11374 | map: 0.02987
Mon 23 Sep 2024 19:56:15 INFO Test Metrics:
Mon 23 Sep 2024 19:56:15 INFO 5: precision: 0.01541 | recall: 0.04592 | ndcg: 0.03361 | hit_rate: 0.06999 | map: 0.02475
Mon 23 Sep 2024 19:56:15 INFO 10: precision: 0.01228 | recall: 0.07258 | ndcg: 0.04350 | hit_rate: 0.10504 | map: 0.02889
Mon 23 Sep 2024 19:56:15 INFO 20: precision: 0.00923 | recall: 0.10900 | ndcg: 0.05412 | hit_rate: 0.14985 | map: 0.03199
Mon 23 Sep 2024 19:56:43 INFO Epoch 91, Loss: 1.89591
Mon 23 Sep 2024 19:56:45 INFO Validation Metrics:
Mon 23 Sep 2024 19:56:45 INFO 5: precision: 0.00958 | recall: 0.04593 | ndcg: 0.02938 | hit_rate: 0.04754 | map: 0.02366
Mon 23 Sep 2024 19:56:45 INFO 10: precision: 0.00760 | recall: 0.07267 | ndcg: 0.03806 | hit_rate: 0.07495 | map: 0.02722
Mon 23 Sep 2024 19:56:45 INFO 20: precision: 0.00575 | recall: 0.10956 | ndcg: 0.04748 | hit_rate: 0.11239 | map: 0.02981
Mon 23 Sep 2024 19:56:45 INFO Test Metrics:
Mon 23 Sep 2024 19:56:45 INFO 5: precision: 0.01530 | recall: 0.04555 | ndcg: 0.03322 | hit_rate: 0.06954 | map: 0.02438
Mon 23 Sep 2024 19:56:45 INFO 10: precision: 0.01227 | recall: 0.07274 | ndcg: 0.04327 | hit_rate: 0.10474 | map: 0.02861
Mon 23 Sep 2024 19:56:45 INFO 20: precision: 0.00918 | recall: 0.10834 | ndcg: 0.05364 | hit_rate: 0.14907 | map: 0.03161
Mon 23 Sep 2024 19:57:08 INFO Epoch 92, Loss: 1.82710
Mon 23 Sep 2024 19:57:11 INFO Validation Metrics:
Mon 23 Sep 2024 19:57:11 INFO 5: precision: 0.00953 | recall: 0.04579 | ndcg: 0.02922 | hit_rate: 0.04737 | map: 0.02351
Mon 23 Sep 2024 19:57:11 INFO 10: precision: 0.00771 | recall: 0.07376 | ndcg: 0.03830 | hit_rate: 0.07607 | map: 0.02723
Mon 23 Sep 2024 19:57:11 INFO 20: precision: 0.00583 | recall: 0.11117 | ndcg: 0.04784 | hit_rate: 0.11389 | map: 0.02986
Mon 23 Sep 2024 19:57:11 INFO Test Metrics:
Mon 23 Sep 2024 19:57:11 INFO 5: precision: 0.01536 | recall: 0.04581 | ndcg: 0.03350 | hit_rate: 0.06965 | map: 0.02463
Mon 23 Sep 2024 19:57:11 INFO 10: precision: 0.01243 | recall: 0.07362 | ndcg: 0.04380 | hit_rate: 0.10584 | map: 0.02896
Mon 23 Sep 2024 19:57:11 INFO 20: precision: 0.00928 | recall: 0.10996 | ndcg: 0.05435 | hit_rate: 0.15080 | map: 0.03201
