Mon 08 Jan 2024 17:26:57 INFO ============Arguments==============
Mon 08 Jan 2024 17:26:57 INFO Model: DRAGON
Mon 08 Jan 2024 17:26:57 INFO data_path: clothing
Mon 08 Jan 2024 17:26:57 INFO learning_rate: 0.001
Mon 08 Jan 2024 17:26:57 INFO feature_embed: 64
Mon 08 Jan 2024 17:26:57 INFO batch_size: 1024
Mon 08 Jan 2024 17:26:57 INFO aggr_mode: add
Mon 08 Jan 2024 17:26:57 INFO reg_weight: 0.001
Mon 08 Jan 2024 17:26:57 INFO dim_E: 64
Mon 08 Jan 2024 17:26:57 INFO num_epoch: 1000
Mon 08 Jan 2024 17:26:57 INFO dropout: 0.2
Mon 08 Jan 2024 17:26:57 INFO n_layers: 2
Mon 08 Jan 2024 17:26:57 INFO corDecay: 0.001
Mon 08 Jan 2024 17:26:57 INFO n_factors: 4
Mon 08 Jan 2024 17:26:57 INFO n_iterations: 3
Mon 08 Jan 2024 17:26:57 INFO cl_weight: 2.0
Mon 08 Jan 2024 17:26:57 INFO mm_layers: 2
Mon 08 Jan 2024 17:26:57 INFO ii_topk: 10
Mon 08 Jan 2024 17:26:57 INFO uu_topk: 40
Mon 08 Jan 2024 17:26:57 INFO lambda_coeff: 0.9
Mon 08 Jan 2024 17:26:57 INFO ssl_temp: 0.9
Mon 08 Jan 2024 17:26:57 INFO ssl_alpha: 0.9
Mon 08 Jan 2024 17:26:57 INFO ae_weight: 0.1
Mon 08 Jan 2024 17:26:57 INFO threshold: 0.1
Mon 08 Jan 2024 17:26:57 INFO seed: 42
Mon 08 Jan 2024 17:26:57 INFO num_workers: 1
Mon 08 Jan 2024 17:26:57 INFO topk: [5, 10, 20]
Mon 08 Jan 2024 17:26:57 INFO local time£ºJan-08-2024-17-26-57
Mon 08 Jan 2024 17:26:57 INFO =========1/1: Parameters:{'n_layers': 3, 'learning_rate': 0.001, 'reg_weight': 0.001, 'uu_topk': 40, 'ii_topk': 10, 'lambda_coeff': 0.2}=========
Mon 08 Jan 2024 17:27:03 INFO Epoch 1, Loss: 13.00766
Mon 08 Jan 2024 17:27:04 INFO Validation Metrics:
Mon 08 Jan 2024 17:27:04 INFO 5: precision: 0.00656 | recall: 0.03242 | ndcg: 0.02141 | hit_rate: 0.03276 | map: 0.01775
Mon 08 Jan 2024 17:27:04 INFO 10: precision: 0.00512 | recall: 0.05076 | ndcg: 0.02733 | hit_rate: 0.05118 | map: 0.02018
Mon 08 Jan 2024 17:27:04 INFO 20: precision: 0.00388 | recall: 0.07687 | ndcg: 0.03395 | hit_rate: 0.07752 | map: 0.02200
Mon 08 Jan 2024 17:27:04 INFO Test Metrics:
Mon 08 Jan 2024 17:27:04 INFO 5: precision: 0.01062 | recall: 0.03373 | ndcg: 0.02478 | hit_rate: 0.05118 | map: 0.01841
Mon 08 Jan 2024 17:27:04 INFO 10: precision: 0.00826 | recall: 0.05290 | ndcg: 0.03169 | hit_rate: 0.07830 | map: 0.02108
Mon 08 Jan 2024 17:27:04 INFO 20: precision: 0.00626 | recall: 0.08044 | ndcg: 0.03950 | hit_rate: 0.11570 | map: 0.02316
Mon 08 Jan 2024 17:27:10 INFO Epoch 2, Loss: 5.52910
Mon 08 Jan 2024 17:27:11 INFO Validation Metrics:
Mon 08 Jan 2024 17:27:11 INFO 5: precision: 0.00716 | recall: 0.03532 | ndcg: 0.02303 | hit_rate: 0.03575 | map: 0.01893
Mon 08 Jan 2024 17:27:11 INFO 10: precision: 0.00577 | recall: 0.05702 | ndcg: 0.03003 | hit_rate: 0.05755 | map: 0.02180
Mon 08 Jan 2024 17:27:11 INFO 20: precision: 0.00427 | recall: 0.08439 | ndcg: 0.03694 | hit_rate: 0.08516 | map: 0.02368
Mon 08 Jan 2024 17:27:11 INFO Test Metrics:
Mon 08 Jan 2024 17:27:11 INFO 5: precision: 0.01159 | recall: 0.03726 | ndcg: 0.02719 | hit_rate: 0.05605 | map: 0.02017
Mon 08 Jan 2024 17:27:11 INFO 10: precision: 0.00919 | recall: 0.05906 | ndcg: 0.03509 | hit_rate: 0.08660 | map: 0.02327
Mon 08 Jan 2024 17:27:11 INFO 20: precision: 0.00680 | recall: 0.08718 | ndcg: 0.04303 | hit_rate: 0.12605 | map: 0.02532
Mon 08 Jan 2024 17:27:17 INFO Epoch 3, Loss: 3.90761
Mon 08 Jan 2024 17:27:18 INFO Validation Metrics:
Mon 08 Jan 2024 17:27:18 INFO 5: precision: 0.00785 | recall: 0.03880 | ndcg: 0.02504 | hit_rate: 0.03918 | map: 0.02045
Mon 08 Jan 2024 17:27:18 INFO 10: precision: 0.00606 | recall: 0.05993 | ndcg: 0.03187 | hit_rate: 0.06054 | map: 0.02327
Mon 08 Jan 2024 17:27:18 INFO 20: precision: 0.00443 | recall: 0.08765 | ndcg: 0.03888 | hit_rate: 0.08848 | map: 0.02518
Mon 08 Jan 2024 17:27:18 INFO Test Metrics:
Mon 08 Jan 2024 17:27:18 INFO 5: precision: 0.01208 | recall: 0.03934 | ndcg: 0.02844 | hit_rate: 0.05821 | map: 0.02116
Mon 08 Jan 2024 17:27:18 INFO 10: precision: 0.00939 | recall: 0.06038 | ndcg: 0.03607 | hit_rate: 0.08842 | map: 0.02410
Mon 08 Jan 2024 17:27:18 INFO 20: precision: 0.00697 | recall: 0.08994 | ndcg: 0.04440 | hit_rate: 0.12965 | map: 0.02626
Mon 08 Jan 2024 17:27:24 INFO Epoch 4, Loss: 2.98851
Mon 08 Jan 2024 17:27:25 INFO Validation Metrics:
Mon 08 Jan 2024 17:27:25 INFO 5: precision: 0.00772 | recall: 0.03819 | ndcg: 0.02543 | hit_rate: 0.03857 | map: 0.02118
Mon 08 Jan 2024 17:27:25 INFO 10: precision: 0.00614 | recall: 0.06085 | ndcg: 0.03271 | hit_rate: 0.06137 | map: 0.02414
Mon 08 Jan 2024 17:27:25 INFO 20: precision: 0.00455 | recall: 0.09009 | ndcg: 0.04006 | hit_rate: 0.09091 | map: 0.02612
Mon 08 Jan 2024 17:27:25 INFO Test Metrics:
Mon 08 Jan 2024 17:27:25 INFO 5: precision: 0.01197 | recall: 0.03899 | ndcg: 0.02857 | hit_rate: 0.05793 | map: 0.02137
Mon 08 Jan 2024 17:27:25 INFO 10: precision: 0.00959 | recall: 0.06159 | ndcg: 0.03681 | hit_rate: 0.09008 | map: 0.02459
Mon 08 Jan 2024 17:27:25 INFO 20: precision: 0.00718 | recall: 0.09228 | ndcg: 0.04550 | hit_rate: 0.13286 | map: 0.02685
Mon 08 Jan 2024 17:27:30 INFO Epoch 5, Loss: 2.52520
Mon 08 Jan 2024 17:27:31 INFO Validation Metrics:
Mon 08 Jan 2024 17:27:31 INFO 5: precision: 0.00784 | recall: 0.03878 | ndcg: 0.02509 | hit_rate: 0.03918 | map: 0.02053
Mon 08 Jan 2024 17:27:31 INFO 10: precision: 0.00598 | recall: 0.05917 | ndcg: 0.03162 | hit_rate: 0.05971 | map: 0.02318
Mon 08 Jan 2024 17:27:31 INFO 20: precision: 0.00451 | recall: 0.08927 | ndcg: 0.03922 | hit_rate: 0.09008 | map: 0.02525
Mon 08 Jan 2024 17:27:31 INFO Test Metrics:
Mon 08 Jan 2024 17:27:31 INFO 5: precision: 0.01212 | recall: 0.03865 | ndcg: 0.02881 | hit_rate: 0.05882 | map: 0.02161
Mon 08 Jan 2024 17:27:31 INFO 10: precision: 0.00953 | recall: 0.06057 | ndcg: 0.03679 | hit_rate: 0.09014 | map: 0.02470
Mon 08 Jan 2024 17:27:31 INFO 20: precision: 0.00705 | recall: 0.09023 | ndcg: 0.04512 | hit_rate: 0.13092 | map: 0.02687
Mon 08 Jan 2024 17:27:37 INFO Epoch 6, Loss: 2.25018
Mon 08 Jan 2024 17:27:38 INFO Validation Metrics:
Mon 08 Jan 2024 17:27:38 INFO 5: precision: 0.00803 | recall: 0.03962 | ndcg: 0.02549 | hit_rate: 0.04012 | map: 0.02076
Mon 08 Jan 2024 17:27:38 INFO 10: precision: 0.00617 | recall: 0.06095 | ndcg: 0.03233 | hit_rate: 0.06153 | map: 0.02355
Mon 08 Jan 2024 17:27:38 INFO 20: precision: 0.00458 | recall: 0.09067 | ndcg: 0.03979 | hit_rate: 0.09147 | map: 0.02557
Mon 08 Jan 2024 17:27:38 INFO Test Metrics:
Mon 08 Jan 2024 17:27:38 INFO 5: precision: 0.01218 | recall: 0.03906 | ndcg: 0.02897 | hit_rate: 0.05910 | map: 0.02168
Mon 08 Jan 2024 17:27:38 INFO 10: precision: 0.00968 | recall: 0.06148 | ndcg: 0.03716 | hit_rate: 0.09152 | map: 0.02486
Mon 08 Jan 2024 17:27:38 INFO 20: precision: 0.00721 | recall: 0.09219 | ndcg: 0.04584 | hit_rate: 0.13313 | map: 0.02717
Mon 08 Jan 2024 17:27:44 INFO Epoch 7, Loss: 1.93184
Mon 08 Jan 2024 17:27:45 INFO Validation Metrics:
Mon 08 Jan 2024 17:27:45 INFO 5: precision: 0.00809 | recall: 0.04000 | ndcg: 0.02598 | hit_rate: 0.04045 | map: 0.02131
Mon 08 Jan 2024 17:27:45 INFO 10: precision: 0.00623 | recall: 0.06174 | ndcg: 0.03296 | hit_rate: 0.06225 | map: 0.02416
Mon 08 Jan 2024 17:27:45 INFO 20: precision: 0.00460 | recall: 0.09097 | ndcg: 0.04036 | hit_rate: 0.09180 | map: 0.02618
Mon 08 Jan 2024 17:27:45 INFO Test Metrics:
Mon 08 Jan 2024 17:27:45 INFO 5: precision: 0.01269 | recall: 0.04075 | ndcg: 0.03033 | hit_rate: 0.06164 | map: 0.02275
Mon 08 Jan 2024 17:27:45 INFO 10: precision: 0.00992 | recall: 0.06323 | ndcg: 0.03850 | hit_rate: 0.09351 | map: 0.02593
Mon 08 Jan 2024 17:27:45 INFO 20: precision: 0.00727 | recall: 0.09297 | ndcg: 0.04693 | hit_rate: 0.13441 | map: 0.02816
Mon 08 Jan 2024 17:27:51 INFO Epoch 8, Loss: 1.76411
Mon 08 Jan 2024 17:27:52 INFO Validation Metrics:
Mon 08 Jan 2024 17:27:52 INFO 5: precision: 0.00803 | recall: 0.03967 | ndcg: 0.02592 | hit_rate: 0.04017 | map: 0.02132
Mon 08 Jan 2024 17:27:52 INFO 10: precision: 0.00638 | recall: 0.06312 | ndcg: 0.03343 | hit_rate: 0.06380 | map: 0.02436
Mon 08 Jan 2024 17:27:52 INFO 20: precision: 0.00463 | recall: 0.09150 | ndcg: 0.04058 | hit_rate: 0.09235 | map: 0.02630
Mon 08 Jan 2024 17:27:52 INFO Test Metrics:
Mon 08 Jan 2024 17:27:52 INFO 5: precision: 0.01269 | recall: 0.04129 | ndcg: 0.03048 | hit_rate: 0.06148 | map: 0.02291
Mon 08 Jan 2024 17:27:52 INFO 10: precision: 0.00981 | recall: 0.06253 | ndcg: 0.03825 | hit_rate: 0.09274 | map: 0.02589
Mon 08 Jan 2024 17:27:52 INFO 20: precision: 0.00728 | recall: 0.09263 | ndcg: 0.04684 | hit_rate: 0.13474 | map: 0.02816
Mon 08 Jan 2024 17:27:58 INFO Epoch 9, Loss: 1.60182
Mon 08 Jan 2024 17:27:59 INFO Validation Metrics:
Mon 08 Jan 2024 17:27:59 INFO 5: precision: 0.00829 | recall: 0.04099 | ndcg: 0.02659 | hit_rate: 0.04145 | map: 0.02176
Mon 08 Jan 2024 17:27:59 INFO 10: precision: 0.00634 | recall: 0.06272 | ndcg: 0.03356 | hit_rate: 0.06330 | map: 0.02459
Mon 08 Jan 2024 17:27:59 INFO 20: precision: 0.00475 | recall: 0.09390 | ndcg: 0.04138 | hit_rate: 0.09479 | map: 0.02670
Mon 08 Jan 2024 17:27:59 INFO Test Metrics:
Mon 08 Jan 2024 17:27:59 INFO 5: precision: 0.01275 | recall: 0.04143 | ndcg: 0.03053 | hit_rate: 0.06175 | map: 0.02286
Mon 08 Jan 2024 17:27:59 INFO 10: precision: 0.00995 | recall: 0.06396 | ndcg: 0.03871 | hit_rate: 0.09418 | map: 0.02601
Mon 08 Jan 2024 17:27:59 INFO 20: precision: 0.00724 | recall: 0.09248 | ndcg: 0.04684 | hit_rate: 0.13419 | map: 0.02814
Mon 08 Jan 2024 17:28:05 INFO Epoch 10, Loss: 1.46135
Mon 08 Jan 2024 17:28:06 INFO Validation Metrics:
Mon 08 Jan 2024 17:28:06 INFO 5: precision: 0.00823 | recall: 0.04070 | ndcg: 0.02698 | hit_rate: 0.04117 | map: 0.02238
Mon 08 Jan 2024 17:28:06 INFO 10: precision: 0.00637 | recall: 0.06291 | ndcg: 0.03417 | hit_rate: 0.06352 | map: 0.02534
Mon 08 Jan 2024 17:28:06 INFO 20: precision: 0.00473 | recall: 0.09360 | ndcg: 0.04194 | hit_rate: 0.09446 | map: 0.02746
Mon 08 Jan 2024 17:28:06 INFO Test Metrics:
Mon 08 Jan 2024 17:28:06 INFO 5: precision: 0.01282 | recall: 0.04144 | ndcg: 0.03038 | hit_rate: 0.06214 | map: 0.02261
Mon 08 Jan 2024 17:28:06 INFO 10: precision: 0.00997 | recall: 0.06411 | ndcg: 0.03861 | hit_rate: 0.09434 | map: 0.02581
Mon 08 Jan 2024 17:28:06 INFO 20: precision: 0.00744 | recall: 0.09552 | ndcg: 0.04751 | hit_rate: 0.13762 | map: 0.02815
Mon 08 Jan 2024 17:28:12 INFO Epoch 11, Loss: 1.35516
Mon 08 Jan 2024 17:28:13 INFO Validation Metrics:
Mon 08 Jan 2024 17:28:13 INFO 5: precision: 0.00821 | recall: 0.04064 | ndcg: 0.02701 | hit_rate: 0.04100 | map: 0.02244
Mon 08 Jan 2024 17:28:13 INFO 10: precision: 0.00623 | recall: 0.06168 | ndcg: 0.03377 | hit_rate: 0.06214 | map: 0.02520
Mon 08 Jan 2024 17:28:13 INFO 20: precision: 0.00475 | recall: 0.09396 | ndcg: 0.04189 | hit_rate: 0.09484 | map: 0.02739
Mon 08 Jan 2024 17:28:13 INFO Test Metrics:
Mon 08 Jan 2024 17:28:13 INFO 5: precision: 0.01258 | recall: 0.04097 | ndcg: 0.03001 | hit_rate: 0.06087 | map: 0.02240
Mon 08 Jan 2024 17:28:13 INFO 10: precision: 0.00995 | recall: 0.06402 | ndcg: 0.03838 | hit_rate: 0.09457 | map: 0.02559
Mon 08 Jan 2024 17:28:13 INFO 20: precision: 0.00738 | recall: 0.09457 | ndcg: 0.04704 | hit_rate: 0.13596 | map: 0.02789
Mon 08 Jan 2024 17:28:19 INFO Epoch 12, Loss: 1.25667
Mon 08 Jan 2024 17:28:20 INFO Validation Metrics:
Mon 08 Jan 2024 17:28:20 INFO 5: precision: 0.00841 | recall: 0.04165 | ndcg: 0.02735 | hit_rate: 0.04200 | map: 0.02261
Mon 08 Jan 2024 17:28:20 INFO 10: precision: 0.00632 | recall: 0.06258 | ndcg: 0.03410 | hit_rate: 0.06308 | map: 0.02537
Mon 08 Jan 2024 17:28:20 INFO 20: precision: 0.00480 | recall: 0.09497 | ndcg: 0.04225 | hit_rate: 0.09573 | map: 0.02757
Mon 08 Jan 2024 17:28:20 INFO Test Metrics:
Mon 08 Jan 2024 17:28:20 INFO 5: precision: 0.01301 | recall: 0.04210 | ndcg: 0.03107 | hit_rate: 0.06325 | map: 0.02318
Mon 08 Jan 2024 17:28:20 INFO 10: precision: 0.01012 | recall: 0.06477 | ndcg: 0.03930 | hit_rate: 0.09545 | map: 0.02637
Mon 08 Jan 2024 17:28:20 INFO 20: precision: 0.00755 | recall: 0.09679 | ndcg: 0.04834 | hit_rate: 0.13950 | map: 0.02874
Mon 08 Jan 2024 17:28:26 INFO Epoch 13, Loss: 1.17625
Mon 08 Jan 2024 17:28:27 INFO Validation Metrics:
Mon 08 Jan 2024 17:28:27 INFO 5: precision: 0.00855 | recall: 0.04234 | ndcg: 0.02737 | hit_rate: 0.04277 | map: 0.02240
Mon 08 Jan 2024 17:28:27 INFO 10: precision: 0.00639 | recall: 0.06333 | ndcg: 0.03414 | hit_rate: 0.06391 | map: 0.02518
Mon 08 Jan 2024 17:28:27 INFO 20: precision: 0.00478 | recall: 0.09488 | ndcg: 0.04207 | hit_rate: 0.09562 | map: 0.02732
Mon 08 Jan 2024 17:28:27 INFO Test Metrics:
Mon 08 Jan 2024 17:28:27 INFO 5: precision: 0.01318 | recall: 0.04261 | ndcg: 0.03123 | hit_rate: 0.06391 | map: 0.02327
Mon 08 Jan 2024 17:28:27 INFO 10: precision: 0.01002 | recall: 0.06450 | ndcg: 0.03914 | hit_rate: 0.09506 | map: 0.02632
Mon 08 Jan 2024 17:28:27 INFO 20: precision: 0.00749 | recall: 0.09600 | ndcg: 0.04808 | hit_rate: 0.13822 | map: 0.02868
Mon 08 Jan 2024 17:28:33 INFO Epoch 14, Loss: 1.11389
Mon 08 Jan 2024 17:28:33 INFO Validation Metrics:
Mon 08 Jan 2024 17:28:33 INFO 5: precision: 0.00827 | recall: 0.04095 | ndcg: 0.02663 | hit_rate: 0.04128 | map: 0.02187
Mon 08 Jan 2024 17:28:33 INFO 10: precision: 0.00637 | recall: 0.06313 | ndcg: 0.03378 | hit_rate: 0.06363 | map: 0.02480
Mon 08 Jan 2024 17:28:33 INFO 20: precision: 0.00478 | recall: 0.09464 | ndcg: 0.04170 | hit_rate: 0.09545 | map: 0.02693
Mon 08 Jan 2024 17:28:33 INFO Test Metrics:
Mon 08 Jan 2024 17:28:33 INFO 5: precision: 0.01316 | recall: 0.04237 | ndcg: 0.03065 | hit_rate: 0.06375 | map: 0.02256
Mon 08 Jan 2024 17:28:33 INFO 10: precision: 0.01002 | recall: 0.06395 | ndcg: 0.03853 | hit_rate: 0.09506 | map: 0.02560
Mon 08 Jan 2024 17:28:33 INFO 20: precision: 0.00747 | recall: 0.09533 | ndcg: 0.04743 | hit_rate: 0.13756 | map: 0.02797
Mon 08 Jan 2024 17:28:39 INFO Epoch 15, Loss: 1.06886
Mon 08 Jan 2024 17:28:40 INFO Validation Metrics:
Mon 08 Jan 2024 17:28:40 INFO 5: precision: 0.00857 | recall: 0.04245 | ndcg: 0.02790 | hit_rate: 0.04283 | map: 0.02307
Mon 08 Jan 2024 17:28:40 INFO 10: precision: 0.00632 | recall: 0.06261 | ndcg: 0.03441 | hit_rate: 0.06319 | map: 0.02574
Mon 08 Jan 2024 17:28:40 INFO 20: precision: 0.00473 | recall: 0.09375 | ndcg: 0.04226 | hit_rate: 0.09457 | map: 0.02787
Mon 08 Jan 2024 17:28:40 INFO Test Metrics:
Mon 08 Jan 2024 17:28:40 INFO 5: precision: 0.01326 | recall: 0.04241 | ndcg: 0.03109 | hit_rate: 0.06413 | map: 0.02307
Mon 08 Jan 2024 17:28:40 INFO 10: precision: 0.01008 | recall: 0.06458 | ndcg: 0.03912 | hit_rate: 0.09578 | map: 0.02617
Mon 08 Jan 2024 17:28:40 INFO 20: precision: 0.00756 | recall: 0.09653 | ndcg: 0.04819 | hit_rate: 0.14005 | map: 0.02856
Mon 08 Jan 2024 17:28:46 INFO Epoch 16, Loss: 0.99202
Mon 08 Jan 2024 17:28:47 INFO Validation Metrics:
Mon 08 Jan 2024 17:28:47 INFO 5: precision: 0.00846 | recall: 0.04193 | ndcg: 0.02796 | hit_rate: 0.04228 | map: 0.02331
Mon 08 Jan 2024 17:28:47 INFO 10: precision: 0.00647 | recall: 0.06410 | ndcg: 0.03510 | hit_rate: 0.06463 | map: 0.02623
Mon 08 Jan 2024 17:28:47 INFO 20: precision: 0.00483 | recall: 0.09549 | ndcg: 0.04296 | hit_rate: 0.09639 | map: 0.02833
Mon 08 Jan 2024 17:28:47 INFO Test Metrics:
Mon 08 Jan 2024 17:28:47 INFO 5: precision: 0.01355 | recall: 0.04352 | ndcg: 0.03202 | hit_rate: 0.06541 | map: 0.02383
Mon 08 Jan 2024 17:28:47 INFO 10: precision: 0.01019 | recall: 0.06526 | ndcg: 0.03992 | hit_rate: 0.09656 | map: 0.02689
Mon 08 Jan 2024 17:28:47 INFO 20: precision: 0.00753 | recall: 0.09627 | ndcg: 0.04870 | hit_rate: 0.13894 | map: 0.02920
Mon 08 Jan 2024 17:28:53 INFO Epoch 17, Loss: 0.95860
Mon 08 Jan 2024 17:28:54 INFO Validation Metrics:
Mon 08 Jan 2024 17:28:54 INFO 5: precision: 0.00839 | recall: 0.04156 | ndcg: 0.02779 | hit_rate: 0.04194 | map: 0.02322
Mon 08 Jan 2024 17:28:54 INFO 10: precision: 0.00649 | recall: 0.06427 | ndcg: 0.03511 | hit_rate: 0.06485 | map: 0.02621
Mon 08 Jan 2024 17:28:54 INFO 20: precision: 0.00474 | recall: 0.09394 | ndcg: 0.04255 | hit_rate: 0.09468 | map: 0.02821
Mon 08 Jan 2024 17:28:54 INFO Test Metrics:
Mon 08 Jan 2024 17:28:54 INFO 5: precision: 0.01325 | recall: 0.04277 | ndcg: 0.03140 | hit_rate: 0.06397 | map: 0.02345
Mon 08 Jan 2024 17:28:54 INFO 10: precision: 0.01021 | recall: 0.06549 | ndcg: 0.03968 | hit_rate: 0.09639 | map: 0.02669
Mon 08 Jan 2024 17:28:54 INFO 20: precision: 0.00763 | recall: 0.09764 | ndcg: 0.04878 | hit_rate: 0.14077 | map: 0.02908
Mon 08 Jan 2024 17:29:00 INFO Epoch 18, Loss: 0.89669
Mon 08 Jan 2024 17:29:01 INFO Validation Metrics:
Mon 08 Jan 2024 17:29:01 INFO 5: precision: 0.00841 | recall: 0.04175 | ndcg: 0.02758 | hit_rate: 0.04205 | map: 0.02291
Mon 08 Jan 2024 17:29:01 INFO 10: precision: 0.00635 | recall: 0.06286 | ndcg: 0.03437 | hit_rate: 0.06341 | map: 0.02567
Mon 08 Jan 2024 17:29:01 INFO 20: precision: 0.00481 | recall: 0.09523 | ndcg: 0.04253 | hit_rate: 0.09606 | map: 0.02789
Mon 08 Jan 2024 17:29:01 INFO Test Metrics:
Mon 08 Jan 2024 17:29:01 INFO 5: precision: 0.01331 | recall: 0.04314 | ndcg: 0.03103 | hit_rate: 0.06452 | map: 0.02291
Mon 08 Jan 2024 17:29:01 INFO 10: precision: 0.01019 | recall: 0.06534 | ndcg: 0.03914 | hit_rate: 0.09645 | map: 0.02607
Mon 08 Jan 2024 17:29:01 INFO 20: precision: 0.00755 | recall: 0.09703 | ndcg: 0.04812 | hit_rate: 0.14005 | map: 0.02844
Mon 08 Jan 2024 17:29:07 INFO Epoch 19, Loss: 0.85009
Mon 08 Jan 2024 17:29:08 INFO Validation Metrics:
Mon 08 Jan 2024 17:29:08 INFO 5: precision: 0.00842 | recall: 0.04171 | ndcg: 0.02734 | hit_rate: 0.04211 | map: 0.02257
Mon 08 Jan 2024 17:29:08 INFO 10: precision: 0.00626 | recall: 0.06205 | ndcg: 0.03390 | hit_rate: 0.06264 | map: 0.02525
Mon 08 Jan 2024 17:29:08 INFO 20: precision: 0.00476 | recall: 0.09421 | ndcg: 0.04203 | hit_rate: 0.09501 | map: 0.02748
Mon 08 Jan 2024 17:29:08 INFO Test Metrics:
Mon 08 Jan 2024 17:29:08 INFO 5: precision: 0.01346 | recall: 0.04325 | ndcg: 0.03102 | hit_rate: 0.06496 | map: 0.02282
Mon 08 Jan 2024 17:29:08 INFO 10: precision: 0.01022 | recall: 0.06553 | ndcg: 0.03910 | hit_rate: 0.09695 | map: 0.02594
Mon 08 Jan 2024 17:29:08 INFO 20: precision: 0.00767 | recall: 0.09849 | ndcg: 0.04842 | hit_rate: 0.14193 | map: 0.02840
Mon 08 Jan 2024 17:29:14 INFO Epoch 20, Loss: 0.81772
Mon 08 Jan 2024 17:29:15 INFO Validation Metrics:
Mon 08 Jan 2024 17:29:15 INFO 5: precision: 0.00823 | recall: 0.04080 | ndcg: 0.02675 | hit_rate: 0.04117 | map: 0.02208
Mon 08 Jan 2024 17:29:15 INFO 10: precision: 0.00622 | recall: 0.06162 | ndcg: 0.03348 | hit_rate: 0.06220 | map: 0.02484
Mon 08 Jan 2024 17:29:15 INFO 20: precision: 0.00480 | recall: 0.09502 | ndcg: 0.04192 | hit_rate: 0.09595 | map: 0.02714
Mon 08 Jan 2024 17:29:15 INFO Test Metrics:
Mon 08 Jan 2024 17:29:15 INFO 5: precision: 0.01338 | recall: 0.04300 | ndcg: 0.03156 | hit_rate: 0.06446 | map: 0.02356
Mon 08 Jan 2024 17:29:15 INFO 10: precision: 0.01015 | recall: 0.06504 | ndcg: 0.03951 | hit_rate: 0.09595 | map: 0.02663
Mon 08 Jan 2024 17:29:15 INFO 20: precision: 0.00758 | recall: 0.09692 | ndcg: 0.04860 | hit_rate: 0.14016 | map: 0.02903
Mon 08 Jan 2024 17:29:21 INFO Epoch 21, Loss: 0.78263
Mon 08 Jan 2024 17:29:21 INFO Validation Metrics:
Mon 08 Jan 2024 17:29:21 INFO 5: precision: 0.00802 | recall: 0.03988 | ndcg: 0.02647 | hit_rate: 0.04012 | map: 0.02202
Mon 08 Jan 2024 17:29:21 INFO 10: precision: 0.00634 | recall: 0.06283 | ndcg: 0.03389 | hit_rate: 0.06336 | map: 0.02506
Mon 08 Jan 2024 17:29:21 INFO 20: precision: 0.00479 | recall: 0.09474 | ndcg: 0.04192 | hit_rate: 0.09562 | map: 0.02723
Mon 08 Jan 2024 17:29:21 INFO Test Metrics:
Mon 08 Jan 2024 17:29:21 INFO 5: precision: 0.01356 | recall: 0.04361 | ndcg: 0.03155 | hit_rate: 0.06579 | map: 0.02329
Mon 08 Jan 2024 17:29:21 INFO 10: precision: 0.01009 | recall: 0.06452 | ndcg: 0.03910 | hit_rate: 0.09578 | map: 0.02620
Mon 08 Jan 2024 17:29:21 INFO 20: precision: 0.00764 | recall: 0.09816 | ndcg: 0.04857 | hit_rate: 0.14110 | map: 0.02871
Mon 08 Jan 2024 17:29:27 INFO Epoch 22, Loss: 0.71155
Mon 08 Jan 2024 17:29:28 INFO Validation Metrics:
Mon 08 Jan 2024 17:29:28 INFO 5: precision: 0.00823 | recall: 0.04090 | ndcg: 0.02688 | hit_rate: 0.04117 | map: 0.02223
Mon 08 Jan 2024 17:29:28 INFO 10: precision: 0.00624 | recall: 0.06186 | ndcg: 0.03366 | hit_rate: 0.06236 | map: 0.02500
Mon 08 Jan 2024 17:29:28 INFO 20: precision: 0.00471 | recall: 0.09329 | ndcg: 0.04156 | hit_rate: 0.09418 | map: 0.02713
Mon 08 Jan 2024 17:29:28 INFO Test Metrics:
Mon 08 Jan 2024 17:29:28 INFO 5: precision: 0.01305 | recall: 0.04215 | ndcg: 0.03068 | hit_rate: 0.06319 | map: 0.02277
Mon 08 Jan 2024 17:29:28 INFO 10: precision: 0.01012 | recall: 0.06497 | ndcg: 0.03895 | hit_rate: 0.09600 | map: 0.02596
Mon 08 Jan 2024 17:29:28 INFO 20: precision: 0.00765 | recall: 0.09792 | ndcg: 0.04829 | hit_rate: 0.14121 | map: 0.02843
Mon 08 Jan 2024 17:29:34 INFO Epoch 23, Loss: 0.68510
Mon 08 Jan 2024 17:29:35 INFO Validation Metrics:
Mon 08 Jan 2024 17:29:35 INFO 5: precision: 0.00855 | recall: 0.04239 | ndcg: 0.02824 | hit_rate: 0.04277 | map: 0.02353
Mon 08 Jan 2024 17:29:35 INFO 10: precision: 0.00638 | recall: 0.06333 | ndcg: 0.03497 | hit_rate: 0.06380 | map: 0.02627
Mon 08 Jan 2024 17:29:35 INFO 20: precision: 0.00479 | recall: 0.09490 | ndcg: 0.04290 | hit_rate: 0.09578 | map: 0.02841
Mon 08 Jan 2024 17:29:35 INFO Test Metrics:
Mon 08 Jan 2024 17:29:35 INFO 5: precision: 0.01324 | recall: 0.04243 | ndcg: 0.03100 | hit_rate: 0.06391 | map: 0.02303
Mon 08 Jan 2024 17:29:35 INFO 10: precision: 0.01023 | recall: 0.06528 | ndcg: 0.03929 | hit_rate: 0.09628 | map: 0.02627
Mon 08 Jan 2024 17:29:35 INFO 20: precision: 0.00770 | recall: 0.09881 | ndcg: 0.04874 | hit_rate: 0.14188 | map: 0.02875
Mon 08 Jan 2024 17:29:41 INFO Epoch 24, Loss: 0.70172
Mon 08 Jan 2024 17:29:42 INFO Validation Metrics:
Mon 08 Jan 2024 17:29:42 INFO 5: precision: 0.00850 | recall: 0.04208 | ndcg: 0.02769 | hit_rate: 0.04244 | map: 0.02292
Mon 08 Jan 2024 17:29:42 INFO 10: precision: 0.00633 | recall: 0.06274 | ndcg: 0.03434 | hit_rate: 0.06325 | map: 0.02564
Mon 08 Jan 2024 17:29:42 INFO 20: precision: 0.00475 | recall: 0.09403 | ndcg: 0.04220 | hit_rate: 0.09501 | map: 0.02775
Mon 08 Jan 2024 17:29:42 INFO Test Metrics:
Mon 08 Jan 2024 17:29:42 INFO 5: precision: 0.01320 | recall: 0.04187 | ndcg: 0.03129 | hit_rate: 0.06391 | map: 0.02342
Mon 08 Jan 2024 17:29:42 INFO 10: precision: 0.01031 | recall: 0.06552 | ndcg: 0.03986 | hit_rate: 0.09695 | map: 0.02679
Mon 08 Jan 2024 17:29:42 INFO 20: precision: 0.00772 | recall: 0.09869 | ndcg: 0.04923 | hit_rate: 0.14237 | map: 0.02925
Mon 08 Jan 2024 17:29:48 INFO Epoch 25, Loss: 0.63813
Mon 08 Jan 2024 17:29:49 INFO Validation Metrics:
Mon 08 Jan 2024 17:29:49 INFO 5: precision: 0.00847 | recall: 0.04199 | ndcg: 0.02735 | hit_rate: 0.04228 | map: 0.02251
Mon 08 Jan 2024 17:29:49 INFO 10: precision: 0.00646 | recall: 0.06407 | ndcg: 0.03447 | hit_rate: 0.06452 | map: 0.02542
Mon 08 Jan 2024 17:29:49 INFO 20: precision: 0.00473 | recall: 0.09350 | ndcg: 0.04188 | hit_rate: 0.09434 | map: 0.02742
Mon 08 Jan 2024 17:29:49 INFO Test Metrics:
Mon 08 Jan 2024 17:29:49 INFO 5: precision: 0.01315 | recall: 0.04197 | ndcg: 0.03113 | hit_rate: 0.06352 | map: 0.02326
Mon 08 Jan 2024 17:29:49 INFO 10: precision: 0.01031 | recall: 0.06558 | ndcg: 0.03972 | hit_rate: 0.09750 | map: 0.02659
Mon 08 Jan 2024 17:29:49 INFO 20: precision: 0.00769 | recall: 0.09818 | ndcg: 0.04897 | hit_rate: 0.14171 | map: 0.02905
Mon 08 Jan 2024 17:29:55 INFO Epoch 26, Loss: 0.65124
Mon 08 Jan 2024 17:29:56 INFO Validation Metrics:
Mon 08 Jan 2024 17:29:56 INFO 5: precision: 0.00831 | recall: 0.04124 | ndcg: 0.02732 | hit_rate: 0.04156 | map: 0.02268
Mon 08 Jan 2024 17:29:56 INFO 10: precision: 0.00663 | recall: 0.06574 | ndcg: 0.03524 | hit_rate: 0.06629 | map: 0.02594
Mon 08 Jan 2024 17:29:56 INFO 20: precision: 0.00478 | recall: 0.09451 | ndcg: 0.04251 | hit_rate: 0.09551 | map: 0.02791
Mon 08 Jan 2024 17:29:56 INFO Test Metrics:
Mon 08 Jan 2024 17:29:56 INFO 5: precision: 0.01311 | recall: 0.04189 | ndcg: 0.03112 | hit_rate: 0.06363 | map: 0.02321
Mon 08 Jan 2024 17:29:56 INFO 10: precision: 0.01047 | recall: 0.06641 | ndcg: 0.04009 | hit_rate: 0.09877 | map: 0.02673
Mon 08 Jan 2024 17:29:56 INFO 20: precision: 0.00773 | recall: 0.09886 | ndcg: 0.04926 | hit_rate: 0.14243 | map: 0.02917
Mon 08 Jan 2024 17:30:02 INFO Epoch 27, Loss: 0.62700
Mon 08 Jan 2024 17:30:03 INFO Validation Metrics:
Mon 08 Jan 2024 17:30:03 INFO 5: precision: 0.00834 | recall: 0.04149 | ndcg: 0.02673 | hit_rate: 0.04172 | map: 0.02186
Mon 08 Jan 2024 17:30:03 INFO 10: precision: 0.00630 | recall: 0.06245 | ndcg: 0.03350 | hit_rate: 0.06297 | map: 0.02463
Mon 08 Jan 2024 17:30:03 INFO 20: precision: 0.00462 | recall: 0.09155 | ndcg: 0.04083 | hit_rate: 0.09246 | map: 0.02661
Mon 08 Jan 2024 17:30:03 INFO Test Metrics:
Mon 08 Jan 2024 17:30:03 INFO 5: precision: 0.01288 | recall: 0.04147 | ndcg: 0.03054 | hit_rate: 0.06186 | map: 0.02281
Mon 08 Jan 2024 17:30:03 INFO 10: precision: 0.00992 | recall: 0.06285 | ndcg: 0.03841 | hit_rate: 0.09363 | map: 0.02583
Mon 08 Jan 2024 17:30:03 INFO 20: precision: 0.00759 | recall: 0.09734 | ndcg: 0.04813 | hit_rate: 0.14022 | map: 0.02841
Mon 08 Jan 2024 17:30:09 INFO Epoch 28, Loss: 0.60337
Mon 08 Jan 2024 17:30:10 INFO Validation Metrics:
Mon 08 Jan 2024 17:30:10 INFO 5: precision: 0.00841 | recall: 0.04177 | ndcg: 0.02771 | hit_rate: 0.04205 | map: 0.02306
Mon 08 Jan 2024 17:30:10 INFO 10: precision: 0.00652 | recall: 0.06464 | ndcg: 0.03509 | hit_rate: 0.06524 | map: 0.02607
Mon 08 Jan 2024 17:30:10 INFO 20: precision: 0.00481 | recall: 0.09513 | ndcg: 0.04275 | hit_rate: 0.09617 | map: 0.02813
Mon 08 Jan 2024 17:30:10 INFO Test Metrics:
Mon 08 Jan 2024 17:30:10 INFO 5: precision: 0.01278 | recall: 0.04059 | ndcg: 0.03003 | hit_rate: 0.06175 | map: 0.02237
Mon 08 Jan 2024 17:30:10 INFO 10: precision: 0.01013 | recall: 0.06440 | ndcg: 0.03865 | hit_rate: 0.09534 | map: 0.02573
Mon 08 Jan 2024 17:30:10 INFO 20: precision: 0.00757 | recall: 0.09706 | ndcg: 0.04792 | hit_rate: 0.13983 | map: 0.02820
Mon 08 Jan 2024 17:30:16 INFO Epoch 29, Loss: 0.58240
Mon 08 Jan 2024 17:30:17 INFO Validation Metrics:
Mon 08 Jan 2024 17:30:17 INFO 5: precision: 0.00852 | recall: 0.04222 | ndcg: 0.02770 | hit_rate: 0.04261 | map: 0.02288
Mon 08 Jan 2024 17:30:17 INFO 10: precision: 0.00652 | recall: 0.06463 | ndcg: 0.03493 | hit_rate: 0.06524 | map: 0.02584
Mon 08 Jan 2024 17:30:17 INFO 20: precision: 0.00485 | recall: 0.09590 | ndcg: 0.04282 | hit_rate: 0.09695 | map: 0.02798
Mon 08 Jan 2024 17:30:17 INFO Test Metrics:
Mon 08 Jan 2024 17:30:17 INFO 5: precision: 0.01305 | recall: 0.04202 | ndcg: 0.03098 | hit_rate: 0.06336 | map: 0.02310
Mon 08 Jan 2024 17:30:17 INFO 10: precision: 0.01033 | recall: 0.06589 | ndcg: 0.03963 | hit_rate: 0.09750 | map: 0.02643
Mon 08 Jan 2024 17:30:17 INFO 20: precision: 0.00767 | recall: 0.09842 | ndcg: 0.04884 | hit_rate: 0.14177 | map: 0.02887
Mon 08 Jan 2024 17:30:22 INFO Epoch 30, Loss: 0.55575
Mon 08 Jan 2024 17:30:23 INFO Validation Metrics:
Mon 08 Jan 2024 17:30:23 INFO 5: precision: 0.00830 | recall: 0.04121 | ndcg: 0.02719 | hit_rate: 0.04150 | map: 0.02255
Mon 08 Jan 2024 17:30:23 INFO 10: precision: 0.00640 | recall: 0.06347 | ndcg: 0.03437 | hit_rate: 0.06397 | map: 0.02549
Mon 08 Jan 2024 17:30:23 INFO 20: precision: 0.00472 | recall: 0.09339 | ndcg: 0.04193 | hit_rate: 0.09434 | map: 0.02754
Mon 08 Jan 2024 17:30:23 INFO Test Metrics:
Mon 08 Jan 2024 17:30:23 INFO 5: precision: 0.01265 | recall: 0.04042 | ndcg: 0.03005 | hit_rate: 0.06098 | map: 0.02253
Mon 08 Jan 2024 17:30:23 INFO 10: precision: 0.01003 | recall: 0.06417 | ndcg: 0.03870 | hit_rate: 0.09468 | map: 0.02592
Mon 08 Jan 2024 17:30:23 INFO 20: precision: 0.00763 | recall: 0.09801 | ndcg: 0.04827 | hit_rate: 0.14077 | map: 0.02844
Mon 08 Jan 2024 17:30:29 INFO Epoch 31, Loss: 0.52997
Mon 08 Jan 2024 17:30:30 INFO Validation Metrics:
Mon 08 Jan 2024 17:30:30 INFO 5: precision: 0.00859 | recall: 0.04258 | ndcg: 0.02812 | hit_rate: 0.04294 | map: 0.02329
Mon 08 Jan 2024 17:30:30 INFO 10: precision: 0.00652 | recall: 0.06468 | ndcg: 0.03520 | hit_rate: 0.06518 | map: 0.02616
Mon 08 Jan 2024 17:30:30 INFO 20: precision: 0.00483 | recall: 0.09531 | ndcg: 0.04292 | hit_rate: 0.09634 | map: 0.02824
Mon 08 Jan 2024 17:30:30 INFO Test Metrics:
Mon 08 Jan 2024 17:30:30 INFO 5: precision: 0.01299 | recall: 0.04155 | ndcg: 0.03071 | hit_rate: 0.06286 | map: 0.02290
Mon 08 Jan 2024 17:30:30 INFO 10: precision: 0.01021 | recall: 0.06550 | ndcg: 0.03932 | hit_rate: 0.09628 | map: 0.02625
Mon 08 Jan 2024 17:30:30 INFO 20: precision: 0.00765 | recall: 0.09840 | ndcg: 0.04862 | hit_rate: 0.14088 | map: 0.02871
Mon 08 Jan 2024 17:30:36 INFO Epoch 32, Loss: 0.50917
Mon 08 Jan 2024 17:30:37 INFO Validation Metrics:
Mon 08 Jan 2024 17:30:37 INFO 5: precision: 0.00843 | recall: 0.04174 | ndcg: 0.02756 | hit_rate: 0.04216 | map: 0.02282
Mon 08 Jan 2024 17:30:37 INFO 10: precision: 0.00655 | recall: 0.06471 | ndcg: 0.03497 | hit_rate: 0.06535 | map: 0.02586
Mon 08 Jan 2024 17:30:37 INFO 20: precision: 0.00480 | recall: 0.09484 | ndcg: 0.04260 | hit_rate: 0.09584 | map: 0.02794
Mon 08 Jan 2024 17:30:37 INFO Test Metrics:
Mon 08 Jan 2024 17:30:37 INFO 5: precision: 0.01303 | recall: 0.04145 | ndcg: 0.03063 | hit_rate: 0.06292 | map: 0.02281
Mon 08 Jan 2024 17:30:37 INFO 10: precision: 0.00992 | recall: 0.06344 | ndcg: 0.03860 | hit_rate: 0.09407 | map: 0.02592
Mon 08 Jan 2024 17:30:37 INFO 20: precision: 0.00753 | recall: 0.09641 | ndcg: 0.04794 | hit_rate: 0.13872 | map: 0.02839
Mon 08 Jan 2024 17:30:43 INFO Epoch 33, Loss: 0.50243
Mon 08 Jan 2024 17:30:44 INFO Validation Metrics:
Mon 08 Jan 2024 17:30:44 INFO 5: precision: 0.00844 | recall: 0.04189 | ndcg: 0.02748 | hit_rate: 0.04222 | map: 0.02272
Mon 08 Jan 2024 17:30:44 INFO 10: precision: 0.00644 | recall: 0.06372 | ndcg: 0.03452 | hit_rate: 0.06430 | map: 0.02560
Mon 08 Jan 2024 17:30:44 INFO 20: precision: 0.00478 | recall: 0.09437 | ndcg: 0.04227 | hit_rate: 0.09529 | map: 0.02771
Mon 08 Jan 2024 17:30:44 INFO Test Metrics:
Mon 08 Jan 2024 17:30:44 INFO 5: precision: 0.01245 | recall: 0.03997 | ndcg: 0.02959 | hit_rate: 0.06037 | map: 0.02212
Mon 08 Jan 2024 17:30:44 INFO 10: precision: 0.00999 | recall: 0.06359 | ndcg: 0.03814 | hit_rate: 0.09423 | map: 0.02542
Mon 08 Jan 2024 17:30:44 INFO 20: precision: 0.00751 | recall: 0.09639 | ndcg: 0.04738 | hit_rate: 0.13922 | map: 0.02784
Mon 08 Jan 2024 17:30:50 INFO Epoch 34, Loss: 0.50279
Mon 08 Jan 2024 17:30:51 INFO Validation Metrics:
Mon 08 Jan 2024 17:30:51 INFO 5: precision: 0.00870 | recall: 0.04314 | ndcg: 0.02798 | hit_rate: 0.04344 | map: 0.02297
Mon 08 Jan 2024 17:30:51 INFO 10: precision: 0.00658 | recall: 0.06518 | ndcg: 0.03504 | hit_rate: 0.06574 | map: 0.02583
Mon 08 Jan 2024 17:30:51 INFO 20: precision: 0.00472 | recall: 0.09318 | ndcg: 0.04209 | hit_rate: 0.09423 | map: 0.02773
Mon 08 Jan 2024 17:30:51 INFO Test Metrics:
Mon 08 Jan 2024 17:30:51 INFO 5: precision: 0.01304 | recall: 0.04174 | ndcg: 0.03070 | hit_rate: 0.06292 | map: 0.02285
Mon 08 Jan 2024 17:30:51 INFO 10: precision: 0.01003 | recall: 0.06418 | ndcg: 0.03883 | hit_rate: 0.09523 | map: 0.02599
Mon 08 Jan 2024 17:30:51 INFO 20: precision: 0.00756 | recall: 0.09677 | ndcg: 0.04808 | hit_rate: 0.13966 | map: 0.02845
Mon 08 Jan 2024 17:30:57 INFO Epoch 35, Loss: 0.50234
Mon 08 Jan 2024 17:30:58 INFO Validation Metrics:
Mon 08 Jan 2024 17:30:58 INFO 5: precision: 0.00853 | recall: 0.04240 | ndcg: 0.02775 | hit_rate: 0.04266 | map: 0.02290
Mon 08 Jan 2024 17:30:58 INFO 10: precision: 0.00648 | recall: 0.06419 | ndcg: 0.03475 | hit_rate: 0.06474 | map: 0.02574
Mon 08 Jan 2024 17:30:58 INFO 20: precision: 0.00475 | recall: 0.09401 | ndcg: 0.04225 | hit_rate: 0.09490 | map: 0.02776
Mon 08 Jan 2024 17:30:58 INFO Test Metrics:
Mon 08 Jan 2024 17:30:58 INFO 5: precision: 0.01308 | recall: 0.04178 | ndcg: 0.03087 | hit_rate: 0.06330 | map: 0.02302
Mon 08 Jan 2024 17:30:58 INFO 10: precision: 0.00998 | recall: 0.06398 | ndcg: 0.03886 | hit_rate: 0.09423 | map: 0.02614
Mon 08 Jan 2024 17:30:58 INFO 20: precision: 0.00748 | recall: 0.09635 | ndcg: 0.04799 | hit_rate: 0.13822 | map: 0.02854
Mon 08 Jan 2024 17:31:04 INFO Epoch 36, Loss: 0.44676
Mon 08 Jan 2024 17:31:05 INFO Validation Metrics:
Mon 08 Jan 2024 17:31:05 INFO 5: precision: 0.00867 | recall: 0.04298 | ndcg: 0.02785 | hit_rate: 0.04327 | map: 0.02283
Mon 08 Jan 2024 17:31:05 INFO 10: precision: 0.00643 | recall: 0.06369 | ndcg: 0.03449 | hit_rate: 0.06424 | map: 0.02553
Mon 08 Jan 2024 17:31:05 INFO 20: precision: 0.00478 | recall: 0.09457 | ndcg: 0.04229 | hit_rate: 0.09551 | map: 0.02765
Mon 08 Jan 2024 17:31:05 INFO Test Metrics:
Mon 08 Jan 2024 17:31:05 INFO 5: precision: 0.01287 | recall: 0.04124 | ndcg: 0.03023 | hit_rate: 0.06242 | map: 0.02244
Mon 08 Jan 2024 17:31:05 INFO 10: precision: 0.01014 | recall: 0.06565 | ndcg: 0.03901 | hit_rate: 0.09612 | map: 0.02588
Mon 08 Jan 2024 17:31:05 INFO 20: precision: 0.00759 | recall: 0.09725 | ndcg: 0.04800 | hit_rate: 0.14022 | map: 0.02823
Mon 08 Jan 2024 17:31:11 INFO Epoch 37, Loss: 0.45296
Mon 08 Jan 2024 17:31:12 INFO Validation Metrics:
Mon 08 Jan 2024 17:31:12 INFO 5: precision: 0.00865 | recall: 0.04289 | ndcg: 0.02785 | hit_rate: 0.04322 | map: 0.02285
Mon 08 Jan 2024 17:31:12 INFO 10: precision: 0.00643 | recall: 0.06375 | ndcg: 0.03458 | hit_rate: 0.06424 | map: 0.02560
Mon 08 Jan 2024 17:31:12 INFO 20: precision: 0.00479 | recall: 0.09487 | ndcg: 0.04240 | hit_rate: 0.09562 | map: 0.02771
Mon 08 Jan 2024 17:31:12 INFO Test Metrics:
Mon 08 Jan 2024 17:31:12 INFO 5: precision: 0.01268 | recall: 0.04082 | ndcg: 0.03028 | hit_rate: 0.06164 | map: 0.02266
Mon 08 Jan 2024 17:31:12 INFO 10: precision: 0.00999 | recall: 0.06422 | ndcg: 0.03877 | hit_rate: 0.09462 | map: 0.02598
Mon 08 Jan 2024 17:31:12 INFO 20: precision: 0.00751 | recall: 0.09663 | ndcg: 0.04789 | hit_rate: 0.13950 | map: 0.02835
Mon 08 Jan 2024 17:31:18 INFO Epoch 38, Loss: 0.42768
Mon 08 Jan 2024 17:31:19 INFO Validation Metrics:
Mon 08 Jan 2024 17:31:19 INFO 5: precision: 0.00883 | recall: 0.04377 | ndcg: 0.02835 | hit_rate: 0.04416 | map: 0.02323
Mon 08 Jan 2024 17:31:19 INFO 10: precision: 0.00669 | recall: 0.06611 | ndcg: 0.03553 | hit_rate: 0.06684 | map: 0.02615
Mon 08 Jan 2024 17:31:19 INFO 20: precision: 0.00481 | recall: 0.09521 | ndcg: 0.04283 | hit_rate: 0.09606 | map: 0.02812
Mon 08 Jan 2024 17:31:19 INFO Test Metrics:
Mon 08 Jan 2024 17:31:19 INFO 5: precision: 0.01306 | recall: 0.04208 | ndcg: 0.03087 | hit_rate: 0.06330 | map: 0.02293
Mon 08 Jan 2024 17:31:19 INFO 10: precision: 0.01019 | recall: 0.06553 | ndcg: 0.03931 | hit_rate: 0.09700 | map: 0.02616
Mon 08 Jan 2024 17:31:19 INFO 20: precision: 0.00758 | recall: 0.09753 | ndcg: 0.04833 | hit_rate: 0.14066 | map: 0.02853
Mon 08 Jan 2024 17:31:25 INFO Epoch 39, Loss: 0.42894
Mon 08 Jan 2024 17:31:25 INFO Validation Metrics:
Mon 08 Jan 2024 17:31:25 INFO 5: precision: 0.00876 | recall: 0.04347 | ndcg: 0.02840 | hit_rate: 0.04377 | map: 0.02341
Mon 08 Jan 2024 17:31:25 INFO 10: precision: 0.00642 | recall: 0.06356 | ndcg: 0.03488 | hit_rate: 0.06419 | map: 0.02605
Mon 08 Jan 2024 17:31:25 INFO 20: precision: 0.00473 | recall: 0.09370 | ndcg: 0.04244 | hit_rate: 0.09457 | map: 0.02808
Mon 08 Jan 2024 17:31:25 INFO Test Metrics:
Mon 08 Jan 2024 17:31:25 INFO 5: precision: 0.01287 | recall: 0.04123 | ndcg: 0.03011 | hit_rate: 0.06247 | map: 0.02228
Mon 08 Jan 2024 17:31:25 INFO 10: precision: 0.01003 | recall: 0.06427 | ndcg: 0.03844 | hit_rate: 0.09501 | map: 0.02553
Mon 08 Jan 2024 17:31:25 INFO 20: precision: 0.00744 | recall: 0.09569 | ndcg: 0.04732 | hit_rate: 0.13822 | map: 0.02785
Mon 08 Jan 2024 17:31:31 INFO Epoch 40, Loss: 0.41901
Mon 08 Jan 2024 17:31:32 INFO Validation Metrics:
Mon 08 Jan 2024 17:31:32 INFO 5: precision: 0.00881 | recall: 0.04365 | ndcg: 0.02810 | hit_rate: 0.04399 | map: 0.02296
Mon 08 Jan 2024 17:31:32 INFO 10: precision: 0.00661 | recall: 0.06548 | ndcg: 0.03513 | hit_rate: 0.06607 | map: 0.02583
Mon 08 Jan 2024 17:31:32 INFO 20: precision: 0.00478 | recall: 0.09465 | ndcg: 0.04250 | hit_rate: 0.09551 | map: 0.02783
Mon 08 Jan 2024 17:31:32 INFO Test Metrics:
Mon 08 Jan 2024 17:31:32 INFO 5: precision: 0.01319 | recall: 0.04215 | ndcg: 0.03136 | hit_rate: 0.06386 | map: 0.02345
Mon 08 Jan 2024 17:31:32 INFO 10: precision: 0.01009 | recall: 0.06463 | ndcg: 0.03948 | hit_rate: 0.09551 | map: 0.02663
Mon 08 Jan 2024 17:31:32 INFO 20: precision: 0.00759 | recall: 0.09796 | ndcg: 0.04887 | hit_rate: 0.14121 | map: 0.02909
Mon 08 Jan 2024 17:31:38 INFO Epoch 41, Loss: 0.39654
Mon 08 Jan 2024 17:31:39 INFO Validation Metrics:
Mon 08 Jan 2024 17:31:39 INFO 5: precision: 0.00892 | recall: 0.04422 | ndcg: 0.02848 | hit_rate: 0.04454 | map: 0.02329
Mon 08 Jan 2024 17:31:39 INFO 10: precision: 0.00656 | recall: 0.06489 | ndcg: 0.03513 | hit_rate: 0.06546 | map: 0.02599
Mon 08 Jan 2024 17:31:39 INFO 20: precision: 0.00477 | recall: 0.09420 | ndcg: 0.04253 | hit_rate: 0.09517 | map: 0.02800
Mon 08 Jan 2024 17:31:39 INFO Test Metrics:
Mon 08 Jan 2024 17:31:39 INFO 5: precision: 0.01300 | recall: 0.04186 | ndcg: 0.03084 | hit_rate: 0.06275 | map: 0.02299
Mon 08 Jan 2024 17:31:39 INFO 10: precision: 0.01012 | recall: 0.06502 | ndcg: 0.03922 | hit_rate: 0.09623 | map: 0.02622
Mon 08 Jan 2024 17:31:39 INFO 20: precision: 0.00758 | recall: 0.09760 | ndcg: 0.04846 | hit_rate: 0.14000 | map: 0.02870
Mon 08 Jan 2024 17:31:45 INFO Epoch 42, Loss: 0.39520
Mon 08 Jan 2024 17:31:46 INFO Validation Metrics:
Mon 08 Jan 2024 17:31:46 INFO 5: precision: 0.00872 | recall: 0.04315 | ndcg: 0.02812 | hit_rate: 0.04355 | map: 0.02312
Mon 08 Jan 2024 17:31:46 INFO 10: precision: 0.00663 | recall: 0.06558 | ndcg: 0.03538 | hit_rate: 0.06618 | map: 0.02611
Mon 08 Jan 2024 17:31:46 INFO 20: precision: 0.00477 | recall: 0.09423 | ndcg: 0.04259 | hit_rate: 0.09512 | map: 0.02806
Mon 08 Jan 2024 17:31:46 INFO Test Metrics:
Mon 08 Jan 2024 17:31:46 INFO 5: precision: 0.01308 | recall: 0.04192 | ndcg: 0.03073 | hit_rate: 0.06286 | map: 0.02285
Mon 08 Jan 2024 17:31:46 INFO 10: precision: 0.01010 | recall: 0.06476 | ndcg: 0.03901 | hit_rate: 0.09545 | map: 0.02607
Mon 08 Jan 2024 17:31:46 INFO 20: precision: 0.00756 | recall: 0.09694 | ndcg: 0.04813 | hit_rate: 0.13977 | map: 0.02847
Mon 08 Jan 2024 17:31:52 INFO Epoch 43, Loss: 0.38736
Mon 08 Jan 2024 17:31:53 INFO Validation Metrics:
Mon 08 Jan 2024 17:31:53 INFO 5: precision: 0.00867 | recall: 0.04292 | ndcg: 0.02800 | hit_rate: 0.04333 | map: 0.02303
Mon 08 Jan 2024 17:31:53 INFO 10: precision: 0.00644 | recall: 0.06375 | ndcg: 0.03472 | hit_rate: 0.06435 | map: 0.02578
Mon 08 Jan 2024 17:31:53 INFO 20: precision: 0.00472 | recall: 0.09336 | ndcg: 0.04219 | hit_rate: 0.09429 | map: 0.02781
Mon 08 Jan 2024 17:31:53 INFO Test Metrics:
Mon 08 Jan 2024 17:31:53 INFO 5: precision: 0.01309 | recall: 0.04162 | ndcg: 0.03040 | hit_rate: 0.06297 | map: 0.02250
Mon 08 Jan 2024 17:31:53 INFO 10: precision: 0.01008 | recall: 0.06469 | ndcg: 0.03869 | hit_rate: 0.09578 | map: 0.02570
Mon 08 Jan 2024 17:31:53 INFO 20: precision: 0.00754 | recall: 0.09648 | ndcg: 0.04771 | hit_rate: 0.13900 | map: 0.02809
Mon 08 Jan 2024 17:31:59 INFO Epoch 44, Loss: 0.38183
Mon 08 Jan 2024 17:32:00 INFO Validation Metrics:
Mon 08 Jan 2024 17:32:00 INFO 5: precision: 0.00855 | recall: 0.04238 | ndcg: 0.02758 | hit_rate: 0.04272 | map: 0.02270
Mon 08 Jan 2024 17:32:00 INFO 10: precision: 0.00650 | recall: 0.06445 | ndcg: 0.03467 | hit_rate: 0.06496 | map: 0.02558
Mon 08 Jan 2024 17:32:00 INFO 20: precision: 0.00479 | recall: 0.09468 | ndcg: 0.04226 | hit_rate: 0.09573 | map: 0.02762
Mon 08 Jan 2024 17:32:00 INFO Test Metrics:
Mon 08 Jan 2024 17:32:00 INFO 5: precision: 0.01274 | recall: 0.04131 | ndcg: 0.03008 | hit_rate: 0.06137 | map: 0.02236
Mon 08 Jan 2024 17:32:00 INFO 10: precision: 0.00997 | recall: 0.06364 | ndcg: 0.03823 | hit_rate: 0.09396 | map: 0.02550
Mon 08 Jan 2024 17:32:00 INFO 20: precision: 0.00756 | recall: 0.09684 | ndcg: 0.04763 | hit_rate: 0.13878 | map: 0.02800
Mon 08 Jan 2024 17:32:06 INFO Epoch 45, Loss: 0.36269
Mon 08 Jan 2024 17:32:07 INFO Validation Metrics:
Mon 08 Jan 2024 17:32:07 INFO 5: precision: 0.00858 | recall: 0.04235 | ndcg: 0.02724 | hit_rate: 0.04288 | map: 0.02222
Mon 08 Jan 2024 17:32:07 INFO 10: precision: 0.00658 | recall: 0.06505 | ndcg: 0.03455 | hit_rate: 0.06574 | map: 0.02521
Mon 08 Jan 2024 17:32:07 INFO 20: precision: 0.00477 | recall: 0.09426 | ndcg: 0.04189 | hit_rate: 0.09517 | map: 0.02719
Mon 08 Jan 2024 17:32:07 INFO Test Metrics:
Mon 08 Jan 2024 17:32:07 INFO 5: precision: 0.01290 | recall: 0.04138 | ndcg: 0.03073 | hit_rate: 0.06225 | map: 0.02304
Mon 08 Jan 2024 17:32:07 INFO 10: precision: 0.01016 | recall: 0.06485 | ndcg: 0.03927 | hit_rate: 0.09606 | map: 0.02634
Mon 08 Jan 2024 17:32:07 INFO 20: precision: 0.00760 | recall: 0.09736 | ndcg: 0.04842 | hit_rate: 0.14016 | map: 0.02874
Mon 08 Jan 2024 17:32:13 INFO Epoch 46, Loss: 0.37101
Mon 08 Jan 2024 17:32:14 INFO Validation Metrics:
Mon 08 Jan 2024 17:32:14 INFO 5: precision: 0.00855 | recall: 0.04227 | ndcg: 0.02785 | hit_rate: 0.04272 | map: 0.02304
Mon 08 Jan 2024 17:32:14 INFO 10: precision: 0.00661 | recall: 0.06539 | ndcg: 0.03527 | hit_rate: 0.06601 | map: 0.02606
Mon 08 Jan 2024 17:32:14 INFO 20: precision: 0.00478 | recall: 0.09450 | ndcg: 0.04259 | hit_rate: 0.09540 | map: 0.02804
Mon 08 Jan 2024 17:32:14 INFO Test Metrics:
Mon 08 Jan 2024 17:32:14 INFO 5: precision: 0.01308 | recall: 0.04225 | ndcg: 0.03056 | hit_rate: 0.06297 | map: 0.02262
Mon 08 Jan 2024 17:32:14 INFO 10: precision: 0.01014 | recall: 0.06495 | ndcg: 0.03883 | hit_rate: 0.09628 | map: 0.02579
Mon 08 Jan 2024 17:32:14 INFO 20: precision: 0.00767 | recall: 0.09839 | ndcg: 0.04828 | hit_rate: 0.14171 | map: 0.02829
Mon 08 Jan 2024 17:32:14 INFO Best Test Metrics:
Mon 08 Jan 2024 17:32:14 INFO 5: precision: 0.01311 | recall: 0.04189 | ndcg: 0.03112 | hit_rate: 0.06363 | map: 0.02321
Mon 08 Jan 2024 17:32:14 INFO 10: precision: 0.01047 | recall: 0.06641 | ndcg: 0.04009 | hit_rate: 0.09877 | map: 0.02673
Mon 08 Jan 2024 17:32:14 INFO 20: precision: 0.00773 | recall: 0.09886 | ndcg: 0.04926 | hit_rate: 0.14243 | map: 0.02917
Mon 08 Jan 2024 17:32:14 INFO Best performance: 0.09886
Mon 08 Jan 2024 17:32:14 INFO Best parameters: {'n_layers': 3, 'learning_rate': 0.001, 'reg_weight': 0.001, 'uu_topk': 40, 'ii_topk': 10, 'lambda_coeff': 0.2}
Mon 08 Jan 2024 17:32:14 INFO Best metrics:
Mon 08 Jan 2024 17:32:14 INFO 5: precision: 0.01311 | recall: 0.04189 | ndcg: 0.03112 | hit_rate: 0.06363 | map: 0.02321
Mon 08 Jan 2024 17:32:14 INFO 10: precision: 0.01047 | recall: 0.06641 | ndcg: 0.04009 | hit_rate: 0.09877 | map: 0.02673
Mon 08 Jan 2024 17:32:14 INFO 20: precision: 0.00773 | recall: 0.09886 | ndcg: 0.04926 | hit_rate: 0.14243 | map: 0.02917
