Sun 26 Jan 2025 22:34:20 INFO ============Arguments==============
Sun 26 Jan 2025 22:34:20 INFO Model: DualGNN
Sun 26 Jan 2025 22:34:20 INFO data_path: microlens
Sun 26 Jan 2025 22:34:20 INFO learning_rate: 0.001
Sun 26 Jan 2025 22:34:20 INFO feature_embed: 64
Sun 26 Jan 2025 22:34:20 INFO batch_size: 1024
Sun 26 Jan 2025 22:34:20 INFO aggr_mode: add
Sun 26 Jan 2025 22:34:20 INFO reg_weight: 0.001
Sun 26 Jan 2025 22:34:20 INFO dim_E: 64
Sun 26 Jan 2025 22:34:20 INFO num_epoch: 1000
Sun 26 Jan 2025 22:34:20 INFO dropout: 0.2
Sun 26 Jan 2025 22:34:20 INFO n_layers: 2
Sun 26 Jan 2025 22:34:20 INFO corDecay: 0.001
Sun 26 Jan 2025 22:34:20 INFO n_factors: 4
Sun 26 Jan 2025 22:34:20 INFO n_iterations: 3
Sun 26 Jan 2025 22:34:20 INFO cl_weight: 2.0
Sun 26 Jan 2025 22:34:20 INFO mm_layers: 2
Sun 26 Jan 2025 22:34:20 INFO ii_topk: 10
Sun 26 Jan 2025 22:34:20 INFO uu_topk: 10
Sun 26 Jan 2025 22:34:20 INFO lambda_coeff: 0.9
Sun 26 Jan 2025 22:34:20 INFO ssl_temp: 0.9
Sun 26 Jan 2025 22:34:20 INFO ssl_alpha: 0.9
Sun 26 Jan 2025 22:34:20 INFO ae_weight: 0.1
Sun 26 Jan 2025 22:34:20 INFO threshold: 0.1
Sun 26 Jan 2025 22:34:20 INFO prompt_num: 0.1
Sun 26 Jan 2025 22:34:20 INFO neg_weight: 0.1
Sun 26 Jan 2025 22:34:20 INFO cen_reg: 0.005
Sun 26 Jan 2025 22:34:20 INFO n_intents: 128
Sun 26 Jan 2025 22:34:20 INFO G_rate: 0.0001
Sun 26 Jan 2025 22:34:20 INFO align_weight: 0.1
Sun 26 Jan 2025 22:34:20 INFO mask_weight_f: 1.5
Sun 26 Jan 2025 22:34:20 INFO mask_weight_g: 0.001
Sun 26 Jan 2025 22:34:20 INFO leaky: 0.5
Sun 26 Jan 2025 22:34:20 INFO keepRate: 1.0
Sun 26 Jan 2025 22:34:20 INFO mult: 0.1
Sun 26 Jan 2025 22:34:20 INFO grid_size: 1
Sun 26 Jan 2025 22:34:20 INFO node_dropout: 0.1
Sun 26 Jan 2025 22:34:20 INFO message_dropout: 0.1
Sun 26 Jan 2025 22:34:20 INFO n_mca: 2
Sun 26 Jan 2025 22:34:20 INFO gamma: 0.5
Sun 26 Jan 2025 22:34:20 INFO t: 1.8
Sun 26 Jan 2025 22:34:20 INFO e_loss: 0.1
Sun 26 Jan 2025 22:34:20 INFO ris_lambda: 0.5
Sun 26 Jan 2025 22:34:20 INFO rebuild_k: 1
Sun 26 Jan 2025 22:34:20 INFO pnn_layer: 1
Sun 26 Jan 2025 22:34:20 INFO b2: 1
Sun 26 Jan 2025 22:34:20 INFO ctra: 0.001
Sun 26 Jan 2025 22:34:20 INFO noise_alpha: 0.3
Sun 26 Jan 2025 22:34:20 INFO ssl_temp2: 0.2
Sun 26 Jan 2025 22:34:20 INFO K_s: 1
Sun 26 Jan 2025 22:34:20 INFO T_s: 1
Sun 26 Jan 2025 22:34:20 INFO K_b: 1
Sun 26 Jan 2025 22:34:20 INFO T_b: 1
Sun 26 Jan 2025 22:34:20 INFO idl_beta: 1
Sun 26 Jan 2025 22:34:20 INFO sampling_noise: False
Sun 26 Jan 2025 22:34:20 INFO sampling_steps: 0
Sun 26 Jan 2025 22:34:20 INFO steps: 100
Sun 26 Jan 2025 22:34:20 INFO noise_scale: 0.1
Sun 26 Jan 2025 22:34:20 INFO noise_min: 0.0001
Sun 26 Jan 2025 22:34:20 INFO noise_max: 0.02
Sun 26 Jan 2025 22:34:20 INFO dims: [1000]
Sun 26 Jan 2025 22:34:20 INFO h_layers: 2
Sun 26 Jan 2025 22:34:20 INFO num_hypernodes: 10
Sun 26 Jan 2025 22:34:20 INFO beta1: 0.5
Sun 26 Jan 2025 22:34:20 INFO beta2: 0.5
Sun 26 Jan 2025 22:34:20 INFO seed: 42
Sun 26 Jan 2025 22:34:20 INFO num_workers: 1
Sun 26 Jan 2025 22:34:20 INFO topk: [5, 10, 20]
Sun 26 Jan 2025 22:34:20 INFO local time£ºJan-26-2025-22-34-20
Sun 26 Jan 2025 22:34:20 INFO =========1/1: Parameters:{'reg_weight': 0.01, 'learning_rate': 0.0001}=========
Sun 26 Jan 2025 22:34:27 INFO Epoch 1, Loss: 2.46598
Sun 26 Jan 2025 22:34:29 INFO Validation Metrics:
Sun 26 Jan 2025 22:34:29 INFO 5: precision: 0.00020 | recall: 0.00082 | ndcg: 0.00047 | hit_rate: 0.00099 | map: 0.00033
Sun 26 Jan 2025 22:34:29 INFO 10: precision: 0.00017 | recall: 0.00135 | ndcg: 0.00065 | hit_rate: 0.00168 | map: 0.00040
Sun 26 Jan 2025 22:34:29 INFO 20: precision: 0.00015 | recall: 0.00244 | ndcg: 0.00094 | hit_rate: 0.00297 | map: 0.00047
Sun 26 Jan 2025 22:34:29 INFO Test Metrics:
Sun 26 Jan 2025 22:34:29 INFO 5: precision: 0.00020 | recall: 0.00054 | ndcg: 0.00037 | hit_rate: 0.00099 | map: 0.00024
Sun 26 Jan 2025 22:34:29 INFO 10: precision: 0.00021 | recall: 0.00111 | ndcg: 0.00059 | hit_rate: 0.00207 | map: 0.00032
Sun 26 Jan 2025 22:34:29 INFO 20: precision: 0.00022 | recall: 0.00229 | ndcg: 0.00094 | hit_rate: 0.00411 | map: 0.00040
Sun 26 Jan 2025 22:34:34 INFO Epoch 2, Loss: 1.70067
Sun 26 Jan 2025 22:34:36 INFO Validation Metrics:
Sun 26 Jan 2025 22:34:36 INFO 5: precision: 0.00021 | recall: 0.00083 | ndcg: 0.00049 | hit_rate: 0.00101 | map: 0.00035
Sun 26 Jan 2025 22:34:36 INFO 10: precision: 0.00018 | recall: 0.00145 | ndcg: 0.00070 | hit_rate: 0.00181 | map: 0.00042
Sun 26 Jan 2025 22:34:36 INFO 20: precision: 0.00016 | recall: 0.00263 | ndcg: 0.00101 | hit_rate: 0.00319 | map: 0.00051
Sun 26 Jan 2025 22:34:36 INFO Test Metrics:
Sun 26 Jan 2025 22:34:36 INFO 5: precision: 0.00025 | recall: 0.00066 | ndcg: 0.00045 | hit_rate: 0.00125 | map: 0.00028
Sun 26 Jan 2025 22:34:36 INFO 10: precision: 0.00027 | recall: 0.00144 | ndcg: 0.00074 | hit_rate: 0.00254 | map: 0.00039
Sun 26 Jan 2025 22:34:36 INFO 20: precision: 0.00025 | recall: 0.00267 | ndcg: 0.00110 | hit_rate: 0.00450 | map: 0.00048
Sun 26 Jan 2025 22:34:41 INFO Epoch 3, Loss: 1.52018
Sun 26 Jan 2025 22:34:43 INFO Validation Metrics:
Sun 26 Jan 2025 22:34:43 INFO 5: precision: 0.00020 | recall: 0.00078 | ndcg: 0.00045 | hit_rate: 0.00095 | map: 0.00031
Sun 26 Jan 2025 22:34:43 INFO 10: precision: 0.00020 | recall: 0.00162 | ndcg: 0.00073 | hit_rate: 0.00196 | map: 0.00042
Sun 26 Jan 2025 22:34:43 INFO 20: precision: 0.00017 | recall: 0.00264 | ndcg: 0.00100 | hit_rate: 0.00323 | map: 0.00049
Sun 26 Jan 2025 22:34:43 INFO Test Metrics:
Sun 26 Jan 2025 22:34:43 INFO 5: precision: 0.00027 | recall: 0.00068 | ndcg: 0.00049 | hit_rate: 0.00136 | map: 0.00031
Sun 26 Jan 2025 22:34:43 INFO 10: precision: 0.00029 | recall: 0.00152 | ndcg: 0.00080 | hit_rate: 0.00274 | map: 0.00043
Sun 26 Jan 2025 22:34:43 INFO 20: precision: 0.00026 | recall: 0.00273 | ndcg: 0.00116 | hit_rate: 0.00470 | map: 0.00052
Sun 26 Jan 2025 22:34:48 INFO Epoch 4, Loss: 1.34349
Sun 26 Jan 2025 22:34:50 INFO Validation Metrics:
Sun 26 Jan 2025 22:34:50 INFO 5: precision: 0.00021 | recall: 0.00081 | ndcg: 0.00046 | hit_rate: 0.00099 | map: 0.00032
Sun 26 Jan 2025 22:34:50 INFO 10: precision: 0.00020 | recall: 0.00161 | ndcg: 0.00073 | hit_rate: 0.00200 | map: 0.00042
Sun 26 Jan 2025 22:34:50 INFO 20: precision: 0.00017 | recall: 0.00262 | ndcg: 0.00100 | hit_rate: 0.00321 | map: 0.00050
Sun 26 Jan 2025 22:34:50 INFO Test Metrics:
Sun 26 Jan 2025 22:34:50 INFO 5: precision: 0.00027 | recall: 0.00067 | ndcg: 0.00046 | hit_rate: 0.00134 | map: 0.00029
Sun 26 Jan 2025 22:34:50 INFO 10: precision: 0.00028 | recall: 0.00145 | ndcg: 0.00076 | hit_rate: 0.00265 | map: 0.00040
Sun 26 Jan 2025 22:34:50 INFO 20: precision: 0.00026 | recall: 0.00277 | ndcg: 0.00115 | hit_rate: 0.00476 | map: 0.00050
Sun 26 Jan 2025 22:34:56 INFO Epoch 5, Loss: 1.26036
Sun 26 Jan 2025 22:34:57 INFO Validation Metrics:
Sun 26 Jan 2025 22:34:57 INFO 5: precision: 0.00019 | recall: 0.00072 | ndcg: 0.00045 | hit_rate: 0.00093 | map: 0.00032
Sun 26 Jan 2025 22:34:57 INFO 10: precision: 0.00021 | recall: 0.00167 | ndcg: 0.00076 | hit_rate: 0.00207 | map: 0.00045
Sun 26 Jan 2025 22:34:57 INFO 20: precision: 0.00018 | recall: 0.00294 | ndcg: 0.00110 | hit_rate: 0.00351 | map: 0.00054
Sun 26 Jan 2025 22:34:57 INFO Test Metrics:
Sun 26 Jan 2025 22:34:57 INFO 5: precision: 0.00030 | recall: 0.00075 | ndcg: 0.00052 | hit_rate: 0.00151 | map: 0.00032
Sun 26 Jan 2025 22:34:57 INFO 10: precision: 0.00029 | recall: 0.00152 | ndcg: 0.00081 | hit_rate: 0.00274 | map: 0.00044
Sun 26 Jan 2025 22:34:57 INFO 20: precision: 0.00027 | recall: 0.00277 | ndcg: 0.00118 | hit_rate: 0.00483 | map: 0.00053
Sun 26 Jan 2025 22:35:03 INFO Epoch 6, Loss: 1.16168
Sun 26 Jan 2025 22:35:05 INFO Validation Metrics:
Sun 26 Jan 2025 22:35:05 INFO 5: precision: 0.00023 | recall: 0.00090 | ndcg: 0.00053 | hit_rate: 0.00110 | map: 0.00037
Sun 26 Jan 2025 22:35:05 INFO 10: precision: 0.00022 | recall: 0.00172 | ndcg: 0.00080 | hit_rate: 0.00213 | map: 0.00048
Sun 26 Jan 2025 22:35:05 INFO 20: precision: 0.00018 | recall: 0.00281 | ndcg: 0.00109 | hit_rate: 0.00338 | map: 0.00055
Sun 26 Jan 2025 22:35:05 INFO Test Metrics:
Sun 26 Jan 2025 22:35:05 INFO 5: precision: 0.00033 | recall: 0.00087 | ndcg: 0.00058 | hit_rate: 0.00166 | map: 0.00036
Sun 26 Jan 2025 22:35:05 INFO 10: precision: 0.00030 | recall: 0.00159 | ndcg: 0.00085 | hit_rate: 0.00280 | map: 0.00047
Sun 26 Jan 2025 22:35:05 INFO 20: precision: 0.00025 | recall: 0.00257 | ndcg: 0.00115 | hit_rate: 0.00442 | map: 0.00054
Sun 26 Jan 2025 22:35:10 INFO Epoch 7, Loss: 1.05198
Sun 26 Jan 2025 22:35:12 INFO Validation Metrics:
Sun 26 Jan 2025 22:35:12 INFO 5: precision: 0.00024 | recall: 0.00096 | ndcg: 0.00058 | hit_rate: 0.00116 | map: 0.00042
Sun 26 Jan 2025 22:35:12 INFO 10: precision: 0.00021 | recall: 0.00168 | ndcg: 0.00082 | hit_rate: 0.00209 | map: 0.00052
Sun 26 Jan 2025 22:35:12 INFO 20: precision: 0.00018 | recall: 0.00292 | ndcg: 0.00114 | hit_rate: 0.00349 | map: 0.00060
Sun 26 Jan 2025 22:35:12 INFO Test Metrics:
Sun 26 Jan 2025 22:35:12 INFO 5: precision: 0.00029 | recall: 0.00076 | ndcg: 0.00051 | hit_rate: 0.00146 | map: 0.00032
Sun 26 Jan 2025 22:35:12 INFO 10: precision: 0.00029 | recall: 0.00149 | ndcg: 0.00079 | hit_rate: 0.00278 | map: 0.00042
Sun 26 Jan 2025 22:35:12 INFO 20: precision: 0.00025 | recall: 0.00265 | ndcg: 0.00114 | hit_rate: 0.00465 | map: 0.00051
Sun 26 Jan 2025 22:35:17 INFO Epoch 8, Loss: 0.88706
Sun 26 Jan 2025 22:35:19 INFO Validation Metrics:
Sun 26 Jan 2025 22:35:19 INFO 5: precision: 0.00024 | recall: 0.00089 | ndcg: 0.00058 | hit_rate: 0.00116 | map: 0.00043
Sun 26 Jan 2025 22:35:19 INFO 10: precision: 0.00020 | recall: 0.00158 | ndcg: 0.00080 | hit_rate: 0.00196 | map: 0.00052
Sun 26 Jan 2025 22:35:19 INFO 20: precision: 0.00018 | recall: 0.00296 | ndcg: 0.00116 | hit_rate: 0.00355 | map: 0.00062
Sun 26 Jan 2025 22:35:19 INFO Test Metrics:
Sun 26 Jan 2025 22:35:19 INFO 5: precision: 0.00029 | recall: 0.00075 | ndcg: 0.00052 | hit_rate: 0.00144 | map: 0.00033
Sun 26 Jan 2025 22:35:19 INFO 10: precision: 0.00028 | recall: 0.00143 | ndcg: 0.00078 | hit_rate: 0.00269 | map: 0.00042
Sun 26 Jan 2025 22:35:19 INFO 20: precision: 0.00026 | recall: 0.00265 | ndcg: 0.00115 | hit_rate: 0.00472 | map: 0.00051
Sun 26 Jan 2025 22:35:24 INFO Epoch 9, Loss: 0.88433
Sun 26 Jan 2025 22:35:26 INFO Validation Metrics:
Sun 26 Jan 2025 22:35:26 INFO 5: precision: 0.00025 | recall: 0.00098 | ndcg: 0.00057 | hit_rate: 0.00123 | map: 0.00040
Sun 26 Jan 2025 22:35:26 INFO 10: precision: 0.00021 | recall: 0.00167 | ndcg: 0.00079 | hit_rate: 0.00209 | map: 0.00048
Sun 26 Jan 2025 22:35:26 INFO 20: precision: 0.00018 | recall: 0.00278 | ndcg: 0.00108 | hit_rate: 0.00338 | map: 0.00056
Sun 26 Jan 2025 22:35:26 INFO Test Metrics:
Sun 26 Jan 2025 22:35:26 INFO 5: precision: 0.00032 | recall: 0.00083 | ndcg: 0.00055 | hit_rate: 0.00162 | map: 0.00035
Sun 26 Jan 2025 22:35:26 INFO 10: precision: 0.00030 | recall: 0.00153 | ndcg: 0.00082 | hit_rate: 0.00284 | map: 0.00044
Sun 26 Jan 2025 22:35:26 INFO 20: precision: 0.00027 | recall: 0.00283 | ndcg: 0.00120 | hit_rate: 0.00483 | map: 0.00054
Sun 26 Jan 2025 22:35:32 INFO Epoch 10, Loss: 0.81498
Sun 26 Jan 2025 22:35:33 INFO Validation Metrics:
Sun 26 Jan 2025 22:35:33 INFO 5: precision: 0.00022 | recall: 0.00085 | ndcg: 0.00054 | hit_rate: 0.00106 | map: 0.00041
Sun 26 Jan 2025 22:35:33 INFO 10: precision: 0.00020 | recall: 0.00151 | ndcg: 0.00077 | hit_rate: 0.00192 | map: 0.00050
Sun 26 Jan 2025 22:35:33 INFO 20: precision: 0.00019 | recall: 0.00299 | ndcg: 0.00116 | hit_rate: 0.00360 | map: 0.00060
Sun 26 Jan 2025 22:35:33 INFO Test Metrics:
Sun 26 Jan 2025 22:35:33 INFO 5: precision: 0.00031 | recall: 0.00080 | ndcg: 0.00054 | hit_rate: 0.00153 | map: 0.00033
Sun 26 Jan 2025 22:35:33 INFO 10: precision: 0.00028 | recall: 0.00142 | ndcg: 0.00077 | hit_rate: 0.00269 | map: 0.00042
Sun 26 Jan 2025 22:35:33 INFO 20: precision: 0.00026 | recall: 0.00283 | ndcg: 0.00119 | hit_rate: 0.00487 | map: 0.00052
Sun 26 Jan 2025 22:35:39 INFO Epoch 11, Loss: 0.78209
Sun 26 Jan 2025 22:35:41 INFO Validation Metrics:
Sun 26 Jan 2025 22:35:41 INFO 5: precision: 0.00022 | recall: 0.00085 | ndcg: 0.00056 | hit_rate: 0.00110 | map: 0.00043
Sun 26 Jan 2025 22:35:41 INFO 10: precision: 0.00019 | recall: 0.00148 | ndcg: 0.00077 | hit_rate: 0.00190 | map: 0.00051
Sun 26 Jan 2025 22:35:41 INFO 20: precision: 0.00019 | recall: 0.00300 | ndcg: 0.00117 | hit_rate: 0.00360 | map: 0.00061
Sun 26 Jan 2025 22:35:41 INFO Test Metrics:
Sun 26 Jan 2025 22:35:41 INFO 5: precision: 0.00030 | recall: 0.00075 | ndcg: 0.00052 | hit_rate: 0.00146 | map: 0.00033
Sun 26 Jan 2025 22:35:41 INFO 10: precision: 0.00028 | recall: 0.00142 | ndcg: 0.00077 | hit_rate: 0.00274 | map: 0.00042
Sun 26 Jan 2025 22:35:41 INFO 20: precision: 0.00026 | recall: 0.00274 | ndcg: 0.00117 | hit_rate: 0.00483 | map: 0.00052
Sun 26 Jan 2025 22:35:46 INFO Epoch 12, Loss: 0.73776
Sun 26 Jan 2025 22:35:48 INFO Validation Metrics:
Sun 26 Jan 2025 22:35:48 INFO 5: precision: 0.00022 | recall: 0.00083 | ndcg: 0.00055 | hit_rate: 0.00106 | map: 0.00042
Sun 26 Jan 2025 22:35:48 INFO 10: precision: 0.00019 | recall: 0.00139 | ndcg: 0.00074 | hit_rate: 0.00183 | map: 0.00049
Sun 26 Jan 2025 22:35:48 INFO 20: precision: 0.00018 | recall: 0.00296 | ndcg: 0.00114 | hit_rate: 0.00355 | map: 0.00060
Sun 26 Jan 2025 22:35:48 INFO Test Metrics:
Sun 26 Jan 2025 22:35:48 INFO 5: precision: 0.00029 | recall: 0.00075 | ndcg: 0.00053 | hit_rate: 0.00142 | map: 0.00035
Sun 26 Jan 2025 22:35:48 INFO 10: precision: 0.00028 | recall: 0.00144 | ndcg: 0.00079 | hit_rate: 0.00274 | map: 0.00044
Sun 26 Jan 2025 22:35:48 INFO 20: precision: 0.00027 | recall: 0.00281 | ndcg: 0.00120 | hit_rate: 0.00498 | map: 0.00054
Sun 26 Jan 2025 22:35:53 INFO Epoch 13, Loss: 0.70391
Sun 26 Jan 2025 22:35:55 INFO Validation Metrics:
Sun 26 Jan 2025 22:35:55 INFO 5: precision: 0.00021 | recall: 0.00081 | ndcg: 0.00053 | hit_rate: 0.00101 | map: 0.00041
Sun 26 Jan 2025 22:35:55 INFO 10: precision: 0.00020 | recall: 0.00151 | ndcg: 0.00077 | hit_rate: 0.00194 | map: 0.00050
Sun 26 Jan 2025 22:35:55 INFO 20: precision: 0.00018 | recall: 0.00292 | ndcg: 0.00113 | hit_rate: 0.00349 | map: 0.00059
Sun 26 Jan 2025 22:35:55 INFO Test Metrics:
Sun 26 Jan 2025 22:35:55 INFO 5: precision: 0.00025 | recall: 0.00063 | ndcg: 0.00048 | hit_rate: 0.00123 | map: 0.00033
Sun 26 Jan 2025 22:35:55 INFO 10: precision: 0.00026 | recall: 0.00136 | ndcg: 0.00076 | hit_rate: 0.00263 | map: 0.00042
Sun 26 Jan 2025 22:35:55 INFO 20: precision: 0.00027 | recall: 0.00284 | ndcg: 0.00120 | hit_rate: 0.00511 | map: 0.00053
Sun 26 Jan 2025 22:36:00 INFO Epoch 14, Loss: 0.60564
Sun 26 Jan 2025 22:36:02 INFO Validation Metrics:
Sun 26 Jan 2025 22:36:02 INFO 5: precision: 0.00020 | recall: 0.00076 | ndcg: 0.00051 | hit_rate: 0.00099 | map: 0.00040
Sun 26 Jan 2025 22:36:02 INFO 10: precision: 0.00019 | recall: 0.00143 | ndcg: 0.00074 | hit_rate: 0.00187 | map: 0.00049
Sun 26 Jan 2025 22:36:02 INFO 20: precision: 0.00018 | recall: 0.00293 | ndcg: 0.00113 | hit_rate: 0.00351 | map: 0.00059
Sun 26 Jan 2025 22:36:02 INFO Test Metrics:
Sun 26 Jan 2025 22:36:02 INFO 5: precision: 0.00026 | recall: 0.00067 | ndcg: 0.00048 | hit_rate: 0.00127 | map: 0.00032
Sun 26 Jan 2025 22:36:02 INFO 10: precision: 0.00026 | recall: 0.00139 | ndcg: 0.00075 | hit_rate: 0.00263 | map: 0.00041
Sun 26 Jan 2025 22:36:02 INFO 20: precision: 0.00026 | recall: 0.00273 | ndcg: 0.00116 | hit_rate: 0.00495 | map: 0.00051
Sun 26 Jan 2025 22:36:08 INFO Epoch 15, Loss: 0.60350
Sun 26 Jan 2025 22:36:09 INFO Validation Metrics:
Sun 26 Jan 2025 22:36:09 INFO 5: precision: 0.00022 | recall: 0.00085 | ndcg: 0.00058 | hit_rate: 0.00108 | map: 0.00045
Sun 26 Jan 2025 22:36:09 INFO 10: precision: 0.00020 | recall: 0.00151 | ndcg: 0.00080 | hit_rate: 0.00196 | map: 0.00054
Sun 26 Jan 2025 22:36:09 INFO 20: precision: 0.00018 | recall: 0.00294 | ndcg: 0.00117 | hit_rate: 0.00355 | map: 0.00063
Sun 26 Jan 2025 22:36:09 INFO Test Metrics:
Sun 26 Jan 2025 22:36:09 INFO 5: precision: 0.00027 | recall: 0.00071 | ndcg: 0.00049 | hit_rate: 0.00134 | map: 0.00032
Sun 26 Jan 2025 22:36:09 INFO 10: precision: 0.00027 | recall: 0.00139 | ndcg: 0.00075 | hit_rate: 0.00267 | map: 0.00040
Sun 26 Jan 2025 22:36:09 INFO 20: precision: 0.00027 | recall: 0.00282 | ndcg: 0.00118 | hit_rate: 0.00502 | map: 0.00051
Sun 26 Jan 2025 22:36:15 INFO Epoch 16, Loss: 0.58853
Sun 26 Jan 2025 22:36:16 INFO Validation Metrics:
Sun 26 Jan 2025 22:36:16 INFO 5: precision: 0.00024 | recall: 0.00092 | ndcg: 0.00059 | hit_rate: 0.00116 | map: 0.00045
Sun 26 Jan 2025 22:36:16 INFO 10: precision: 0.00020 | recall: 0.00148 | ndcg: 0.00079 | hit_rate: 0.00192 | map: 0.00052
Sun 26 Jan 2025 22:36:16 INFO 20: precision: 0.00018 | recall: 0.00287 | ndcg: 0.00115 | hit_rate: 0.00351 | map: 0.00062
Sun 26 Jan 2025 22:36:16 INFO Test Metrics:
Sun 26 Jan 2025 22:36:16 INFO 5: precision: 0.00025 | recall: 0.00066 | ndcg: 0.00046 | hit_rate: 0.00123 | map: 0.00030
Sun 26 Jan 2025 22:36:16 INFO 10: precision: 0.00028 | recall: 0.00147 | ndcg: 0.00077 | hit_rate: 0.00280 | map: 0.00041
Sun 26 Jan 2025 22:36:16 INFO 20: precision: 0.00027 | recall: 0.00284 | ndcg: 0.00118 | hit_rate: 0.00511 | map: 0.00051
Sun 26 Jan 2025 22:36:22 INFO Epoch 17, Loss: 0.51973
Sun 26 Jan 2025 22:36:24 INFO Validation Metrics:
Sun 26 Jan 2025 22:36:24 INFO 5: precision: 0.00024 | recall: 0.00092 | ndcg: 0.00057 | hit_rate: 0.00116 | map: 0.00041
Sun 26 Jan 2025 22:36:24 INFO 10: precision: 0.00019 | recall: 0.00141 | ndcg: 0.00074 | hit_rate: 0.00183 | map: 0.00048
Sun 26 Jan 2025 22:36:24 INFO 20: precision: 0.00018 | recall: 0.00285 | ndcg: 0.00112 | hit_rate: 0.00349 | map: 0.00058
Sun 26 Jan 2025 22:36:24 INFO Test Metrics:
Sun 26 Jan 2025 22:36:24 INFO 5: precision: 0.00022 | recall: 0.00059 | ndcg: 0.00043 | hit_rate: 0.00110 | map: 0.00028
Sun 26 Jan 2025 22:36:24 INFO 10: precision: 0.00029 | recall: 0.00149 | ndcg: 0.00077 | hit_rate: 0.00287 | map: 0.00040
Sun 26 Jan 2025 22:36:24 INFO 20: precision: 0.00027 | recall: 0.00284 | ndcg: 0.00117 | hit_rate: 0.00502 | map: 0.00050
Sun 26 Jan 2025 22:36:29 INFO Epoch 18, Loss: 0.51999
Sun 26 Jan 2025 22:36:31 INFO Validation Metrics:
Sun 26 Jan 2025 22:36:31 INFO 5: precision: 0.00020 | recall: 0.00072 | ndcg: 0.00048 | hit_rate: 0.00097 | map: 0.00036
Sun 26 Jan 2025 22:36:31 INFO 10: precision: 0.00021 | recall: 0.00158 | ndcg: 0.00077 | hit_rate: 0.00207 | map: 0.00047
Sun 26 Jan 2025 22:36:31 INFO 20: precision: 0.00018 | recall: 0.00278 | ndcg: 0.00108 | hit_rate: 0.00345 | map: 0.00056
Sun 26 Jan 2025 22:36:31 INFO Test Metrics:
Sun 26 Jan 2025 22:36:31 INFO 5: precision: 0.00026 | recall: 0.00065 | ndcg: 0.00046 | hit_rate: 0.00127 | map: 0.00029
Sun 26 Jan 2025 22:36:31 INFO 10: precision: 0.00028 | recall: 0.00144 | ndcg: 0.00076 | hit_rate: 0.00274 | map: 0.00040
Sun 26 Jan 2025 22:36:31 INFO 20: precision: 0.00028 | recall: 0.00293 | ndcg: 0.00120 | hit_rate: 0.00521 | map: 0.00050
Sun 26 Jan 2025 22:36:36 INFO Epoch 19, Loss: 0.52308
Sun 26 Jan 2025 22:36:38 INFO Validation Metrics:
Sun 26 Jan 2025 22:36:38 INFO 5: precision: 0.00020 | recall: 0.00073 | ndcg: 0.00048 | hit_rate: 0.00097 | map: 0.00036
Sun 26 Jan 2025 22:36:38 INFO 10: precision: 0.00020 | recall: 0.00152 | ndcg: 0.00075 | hit_rate: 0.00194 | map: 0.00046
Sun 26 Jan 2025 22:36:38 INFO 20: precision: 0.00019 | recall: 0.00298 | ndcg: 0.00113 | hit_rate: 0.00364 | map: 0.00056
Sun 26 Jan 2025 22:36:38 INFO Test Metrics:
Sun 26 Jan 2025 22:36:38 INFO 5: precision: 0.00026 | recall: 0.00065 | ndcg: 0.00048 | hit_rate: 0.00129 | map: 0.00031
Sun 26 Jan 2025 22:36:38 INFO 10: precision: 0.00027 | recall: 0.00142 | ndcg: 0.00076 | hit_rate: 0.00265 | map: 0.00041
Sun 26 Jan 2025 22:36:38 INFO 20: precision: 0.00026 | recall: 0.00267 | ndcg: 0.00114 | hit_rate: 0.00491 | map: 0.00050
Sun 26 Jan 2025 22:36:43 INFO Epoch 20, Loss: 0.48449
Sun 26 Jan 2025 22:36:45 INFO Validation Metrics:
Sun 26 Jan 2025 22:36:45 INFO 5: precision: 0.00019 | recall: 0.00069 | ndcg: 0.00045 | hit_rate: 0.00095 | map: 0.00033
Sun 26 Jan 2025 22:36:45 INFO 10: precision: 0.00019 | recall: 0.00145 | ndcg: 0.00071 | hit_rate: 0.00183 | map: 0.00044
Sun 26 Jan 2025 22:36:45 INFO 20: precision: 0.00018 | recall: 0.00292 | ndcg: 0.00110 | hit_rate: 0.00353 | map: 0.00054
Sun 26 Jan 2025 22:36:45 INFO Test Metrics:
Sun 26 Jan 2025 22:36:45 INFO 5: precision: 0.00025 | recall: 0.00062 | ndcg: 0.00046 | hit_rate: 0.00125 | map: 0.00029
Sun 26 Jan 2025 22:36:45 INFO 10: precision: 0.00027 | recall: 0.00140 | ndcg: 0.00075 | hit_rate: 0.00269 | map: 0.00039
Sun 26 Jan 2025 22:36:45 INFO 20: precision: 0.00026 | recall: 0.00270 | ndcg: 0.00114 | hit_rate: 0.00495 | map: 0.00049
Sun 26 Jan 2025 22:36:51 INFO Epoch 21, Loss: 0.47242
Sun 26 Jan 2025 22:36:52 INFO Validation Metrics:
Sun 26 Jan 2025 22:36:52 INFO 5: precision: 0.00021 | recall: 0.00078 | ndcg: 0.00048 | hit_rate: 0.00103 | map: 0.00034
Sun 26 Jan 2025 22:36:52 INFO 10: precision: 0.00020 | recall: 0.00160 | ndcg: 0.00075 | hit_rate: 0.00200 | map: 0.00045
Sun 26 Jan 2025 22:36:52 INFO 20: precision: 0.00019 | recall: 0.00296 | ndcg: 0.00111 | hit_rate: 0.00355 | map: 0.00054
Sun 26 Jan 2025 22:36:52 INFO Test Metrics:
Sun 26 Jan 2025 22:36:52 INFO 5: precision: 0.00027 | recall: 0.00065 | ndcg: 0.00048 | hit_rate: 0.00131 | map: 0.00031
Sun 26 Jan 2025 22:36:52 INFO 10: precision: 0.00028 | recall: 0.00143 | ndcg: 0.00077 | hit_rate: 0.00271 | map: 0.00042
Sun 26 Jan 2025 22:36:52 INFO 20: precision: 0.00027 | recall: 0.00277 | ndcg: 0.00117 | hit_rate: 0.00506 | map: 0.00051
Sun 26 Jan 2025 22:36:58 INFO Epoch 22, Loss: 0.47116
Sun 26 Jan 2025 22:37:00 INFO Validation Metrics:
Sun 26 Jan 2025 22:37:00 INFO 5: precision: 0.00022 | recall: 0.00079 | ndcg: 0.00050 | hit_rate: 0.00108 | map: 0.00036
Sun 26 Jan 2025 22:37:00 INFO 10: precision: 0.00022 | recall: 0.00174 | ndcg: 0.00081 | hit_rate: 0.00215 | map: 0.00049
Sun 26 Jan 2025 22:37:00 INFO 20: precision: 0.00019 | recall: 0.00301 | ndcg: 0.00115 | hit_rate: 0.00366 | map: 0.00057
Sun 26 Jan 2025 22:37:00 INFO Test Metrics:
Sun 26 Jan 2025 22:37:00 INFO 5: precision: 0.00028 | recall: 0.00072 | ndcg: 0.00048 | hit_rate: 0.00138 | map: 0.00030
Sun 26 Jan 2025 22:37:00 INFO 10: precision: 0.00028 | recall: 0.00139 | ndcg: 0.00075 | hit_rate: 0.00276 | map: 0.00039
Sun 26 Jan 2025 22:37:00 INFO 20: precision: 0.00027 | recall: 0.00278 | ndcg: 0.00116 | hit_rate: 0.00519 | map: 0.00049
Sun 26 Jan 2025 22:37:05 INFO Epoch 23, Loss: 0.44377
Sun 26 Jan 2025 22:37:07 INFO Validation Metrics:
Sun 26 Jan 2025 22:37:07 INFO 5: precision: 0.00021 | recall: 0.00078 | ndcg: 0.00051 | hit_rate: 0.00103 | map: 0.00038
Sun 26 Jan 2025 22:37:07 INFO 10: precision: 0.00021 | recall: 0.00163 | ndcg: 0.00079 | hit_rate: 0.00207 | map: 0.00049
Sun 26 Jan 2025 22:37:07 INFO 20: precision: 0.00019 | recall: 0.00303 | ndcg: 0.00116 | hit_rate: 0.00371 | map: 0.00059
Sun 26 Jan 2025 22:37:07 INFO Test Metrics:
Sun 26 Jan 2025 22:37:07 INFO 5: precision: 0.00030 | recall: 0.00073 | ndcg: 0.00050 | hit_rate: 0.00146 | map: 0.00030
Sun 26 Jan 2025 22:37:07 INFO 10: precision: 0.00027 | recall: 0.00139 | ndcg: 0.00074 | hit_rate: 0.00265 | map: 0.00039
Sun 26 Jan 2025 22:37:07 INFO 20: precision: 0.00027 | recall: 0.00276 | ndcg: 0.00116 | hit_rate: 0.00508 | map: 0.00049
Sun 26 Jan 2025 22:37:12 INFO Epoch 24, Loss: 0.42031
Sun 26 Jan 2025 22:37:14 INFO Validation Metrics:
Sun 26 Jan 2025 22:37:14 INFO 5: precision: 0.00021 | recall: 0.00080 | ndcg: 0.00051 | hit_rate: 0.00106 | map: 0.00037
Sun 26 Jan 2025 22:37:14 INFO 10: precision: 0.00021 | recall: 0.00162 | ndcg: 0.00078 | hit_rate: 0.00202 | map: 0.00048
Sun 26 Jan 2025 22:37:14 INFO 20: precision: 0.00019 | recall: 0.00298 | ndcg: 0.00115 | hit_rate: 0.00366 | map: 0.00058
Sun 26 Jan 2025 22:37:14 INFO Test Metrics:
Sun 26 Jan 2025 22:37:14 INFO 5: precision: 0.00028 | recall: 0.00071 | ndcg: 0.00050 | hit_rate: 0.00138 | map: 0.00031
Sun 26 Jan 2025 22:37:14 INFO 10: precision: 0.00027 | recall: 0.00144 | ndcg: 0.00076 | hit_rate: 0.00267 | map: 0.00041
Sun 26 Jan 2025 22:37:14 INFO 20: precision: 0.00026 | recall: 0.00270 | ndcg: 0.00115 | hit_rate: 0.00502 | map: 0.00050
Sun 26 Jan 2025 22:37:19 INFO Epoch 25, Loss: 0.40161
Sun 26 Jan 2025 22:37:21 INFO Validation Metrics:
Sun 26 Jan 2025 22:37:21 INFO 5: precision: 0.00021 | recall: 0.00076 | ndcg: 0.00050 | hit_rate: 0.00103 | map: 0.00037
Sun 26 Jan 2025 22:37:21 INFO 10: precision: 0.00020 | recall: 0.00155 | ndcg: 0.00077 | hit_rate: 0.00200 | map: 0.00048
Sun 26 Jan 2025 22:37:21 INFO 20: precision: 0.00018 | recall: 0.00291 | ndcg: 0.00113 | hit_rate: 0.00353 | map: 0.00058
Sun 26 Jan 2025 22:37:21 INFO Test Metrics:
Sun 26 Jan 2025 22:37:21 INFO 5: precision: 0.00025 | recall: 0.00063 | ndcg: 0.00044 | hit_rate: 0.00125 | map: 0.00027
Sun 26 Jan 2025 22:37:21 INFO 10: precision: 0.00027 | recall: 0.00136 | ndcg: 0.00072 | hit_rate: 0.00263 | map: 0.00037
Sun 26 Jan 2025 22:37:21 INFO 20: precision: 0.00027 | recall: 0.00282 | ndcg: 0.00115 | hit_rate: 0.00517 | map: 0.00047
Sun 26 Jan 2025 22:37:27 INFO Epoch 26, Loss: 0.40458
Sun 26 Jan 2025 22:37:28 INFO Validation Metrics:
Sun 26 Jan 2025 22:37:28 INFO 5: precision: 0.00022 | recall: 0.00085 | ndcg: 0.00053 | hit_rate: 0.00112 | map: 0.00038
Sun 26 Jan 2025 22:37:28 INFO 10: precision: 0.00021 | recall: 0.00157 | ndcg: 0.00077 | hit_rate: 0.00202 | map: 0.00048
Sun 26 Jan 2025 22:37:28 INFO 20: precision: 0.00018 | recall: 0.00285 | ndcg: 0.00110 | hit_rate: 0.00347 | map: 0.00056
Sun 26 Jan 2025 22:37:28 INFO Test Metrics:
Sun 26 Jan 2025 22:37:28 INFO 5: precision: 0.00028 | recall: 0.00066 | ndcg: 0.00048 | hit_rate: 0.00140 | map: 0.00030
Sun 26 Jan 2025 22:37:28 INFO 10: precision: 0.00026 | recall: 0.00136 | ndcg: 0.00073 | hit_rate: 0.00261 | map: 0.00039
Sun 26 Jan 2025 22:37:28 INFO 20: precision: 0.00027 | recall: 0.00279 | ndcg: 0.00116 | hit_rate: 0.00513 | map: 0.00049
Sun 26 Jan 2025 22:37:34 INFO Epoch 27, Loss: 0.37397
Sun 26 Jan 2025 22:37:36 INFO Validation Metrics:
Sun 26 Jan 2025 22:37:36 INFO 5: precision: 0.00024 | recall: 0.00093 | ndcg: 0.00056 | hit_rate: 0.00121 | map: 0.00040
Sun 26 Jan 2025 22:37:36 INFO 10: precision: 0.00019 | recall: 0.00146 | ndcg: 0.00074 | hit_rate: 0.00187 | map: 0.00047
Sun 26 Jan 2025 22:37:36 INFO 20: precision: 0.00018 | recall: 0.00280 | ndcg: 0.00109 | hit_rate: 0.00347 | map: 0.00056
Sun 26 Jan 2025 22:37:36 INFO Test Metrics:
Sun 26 Jan 2025 22:37:36 INFO 5: precision: 0.00026 | recall: 0.00063 | ndcg: 0.00046 | hit_rate: 0.00127 | map: 0.00029
Sun 26 Jan 2025 22:37:36 INFO 10: precision: 0.00027 | recall: 0.00135 | ndcg: 0.00073 | hit_rate: 0.00261 | map: 0.00039
Sun 26 Jan 2025 22:37:36 INFO 20: precision: 0.00026 | recall: 0.00269 | ndcg: 0.00113 | hit_rate: 0.00504 | map: 0.00048
Sun 26 Jan 2025 22:37:41 INFO Epoch 28, Loss: 0.40634
Sun 26 Jan 2025 22:37:43 INFO Validation Metrics:
Sun 26 Jan 2025 22:37:43 INFO 5: precision: 0.00022 | recall: 0.00084 | ndcg: 0.00053 | hit_rate: 0.00110 | map: 0.00038
Sun 26 Jan 2025 22:37:43 INFO 10: precision: 0.00021 | recall: 0.00166 | ndcg: 0.00080 | hit_rate: 0.00209 | map: 0.00049
Sun 26 Jan 2025 22:37:43 INFO 20: precision: 0.00019 | recall: 0.00292 | ndcg: 0.00114 | hit_rate: 0.00362 | map: 0.00058
Sun 26 Jan 2025 22:37:43 INFO Test Metrics:
Sun 26 Jan 2025 22:37:43 INFO 5: precision: 0.00026 | recall: 0.00061 | ndcg: 0.00043 | hit_rate: 0.00129 | map: 0.00027
Sun 26 Jan 2025 22:37:43 INFO 10: precision: 0.00026 | recall: 0.00134 | ndcg: 0.00070 | hit_rate: 0.00259 | map: 0.00035
Sun 26 Jan 2025 22:37:43 INFO 20: precision: 0.00027 | recall: 0.00280 | ndcg: 0.00113 | hit_rate: 0.00517 | map: 0.00046
Sun 26 Jan 2025 22:37:48 INFO Epoch 29, Loss: 0.36102
Sun 26 Jan 2025 22:37:50 INFO Validation Metrics:
Sun 26 Jan 2025 22:37:50 INFO 5: precision: 0.00019 | recall: 0.00069 | ndcg: 0.00047 | hit_rate: 0.00097 | map: 0.00035
Sun 26 Jan 2025 22:37:50 INFO 10: precision: 0.00022 | recall: 0.00176 | ndcg: 0.00082 | hit_rate: 0.00220 | map: 0.00049
Sun 26 Jan 2025 22:37:50 INFO 20: precision: 0.00019 | recall: 0.00285 | ndcg: 0.00111 | hit_rate: 0.00355 | map: 0.00057
Sun 26 Jan 2025 22:37:50 INFO Test Metrics:
Sun 26 Jan 2025 22:37:50 INFO 5: precision: 0.00025 | recall: 0.00061 | ndcg: 0.00044 | hit_rate: 0.00123 | map: 0.00028
Sun 26 Jan 2025 22:37:50 INFO 10: precision: 0.00024 | recall: 0.00123 | ndcg: 0.00067 | hit_rate: 0.00237 | map: 0.00036
Sun 26 Jan 2025 22:37:50 INFO 20: precision: 0.00026 | recall: 0.00266 | ndcg: 0.00110 | hit_rate: 0.00491 | map: 0.00046
Sun 26 Jan 2025 22:37:55 INFO Epoch 30, Loss: 0.38474
Sun 26 Jan 2025 22:37:57 INFO Validation Metrics:
Sun 26 Jan 2025 22:37:57 INFO 5: precision: 0.00022 | recall: 0.00082 | ndcg: 0.00051 | hit_rate: 0.00108 | map: 0.00037
Sun 26 Jan 2025 22:37:57 INFO 10: precision: 0.00021 | recall: 0.00165 | ndcg: 0.00079 | hit_rate: 0.00209 | map: 0.00048
Sun 26 Jan 2025 22:37:57 INFO 20: precision: 0.00018 | recall: 0.00281 | ndcg: 0.00110 | hit_rate: 0.00347 | map: 0.00056
Sun 26 Jan 2025 22:37:57 INFO Test Metrics:
Sun 26 Jan 2025 22:37:57 INFO 5: precision: 0.00025 | recall: 0.00062 | ndcg: 0.00045 | hit_rate: 0.00125 | map: 0.00028
Sun 26 Jan 2025 22:37:57 INFO 10: precision: 0.00024 | recall: 0.00122 | ndcg: 0.00067 | hit_rate: 0.00235 | map: 0.00036
Sun 26 Jan 2025 22:37:57 INFO 20: precision: 0.00025 | recall: 0.00259 | ndcg: 0.00107 | hit_rate: 0.00480 | map: 0.00045
Sun 26 Jan 2025 22:38:03 INFO Epoch 31, Loss: 0.34341
Sun 26 Jan 2025 22:38:04 INFO Validation Metrics:
Sun 26 Jan 2025 22:38:04 INFO 5: precision: 0.00021 | recall: 0.00076 | ndcg: 0.00050 | hit_rate: 0.00103 | map: 0.00037
Sun 26 Jan 2025 22:38:04 INFO 10: precision: 0.00020 | recall: 0.00156 | ndcg: 0.00077 | hit_rate: 0.00200 | map: 0.00048
Sun 26 Jan 2025 22:38:04 INFO 20: precision: 0.00018 | recall: 0.00283 | ndcg: 0.00111 | hit_rate: 0.00349 | map: 0.00057
Sun 26 Jan 2025 22:38:04 INFO Test Metrics:
Sun 26 Jan 2025 22:38:04 INFO 5: precision: 0.00023 | recall: 0.00054 | ndcg: 0.00042 | hit_rate: 0.00114 | map: 0.00028
Sun 26 Jan 2025 22:38:04 INFO 10: precision: 0.00024 | recall: 0.00115 | ndcg: 0.00066 | hit_rate: 0.00235 | map: 0.00036
Sun 26 Jan 2025 22:38:04 INFO 20: precision: 0.00025 | recall: 0.00250 | ndcg: 0.00106 | hit_rate: 0.00472 | map: 0.00045
Sun 26 Jan 2025 22:38:10 INFO Epoch 32, Loss: 0.31072
Sun 26 Jan 2025 22:38:11 INFO Validation Metrics:
Sun 26 Jan 2025 22:38:11 INFO 5: precision: 0.00022 | recall: 0.00077 | ndcg: 0.00051 | hit_rate: 0.00108 | map: 0.00038
Sun 26 Jan 2025 22:38:11 INFO 10: precision: 0.00019 | recall: 0.00147 | ndcg: 0.00075 | hit_rate: 0.00192 | map: 0.00047
Sun 26 Jan 2025 22:38:11 INFO 20: precision: 0.00018 | recall: 0.00274 | ndcg: 0.00109 | hit_rate: 0.00338 | map: 0.00057
Sun 26 Jan 2025 22:38:11 INFO Test Metrics:
Sun 26 Jan 2025 22:38:11 INFO 5: precision: 0.00023 | recall: 0.00056 | ndcg: 0.00042 | hit_rate: 0.00114 | map: 0.00027
Sun 26 Jan 2025 22:38:11 INFO 10: precision: 0.00025 | recall: 0.00124 | ndcg: 0.00068 | hit_rate: 0.00246 | map: 0.00036
Sun 26 Jan 2025 22:38:11 INFO 20: precision: 0.00025 | recall: 0.00257 | ndcg: 0.00108 | hit_rate: 0.00478 | map: 0.00045
Sun 26 Jan 2025 22:38:17 INFO Epoch 33, Loss: 0.33824
Sun 26 Jan 2025 22:38:19 INFO Validation Metrics:
Sun 26 Jan 2025 22:38:19 INFO 5: precision: 0.00023 | recall: 0.00083 | ndcg: 0.00054 | hit_rate: 0.00114 | map: 0.00039
Sun 26 Jan 2025 22:38:19 INFO 10: precision: 0.00019 | recall: 0.00147 | ndcg: 0.00075 | hit_rate: 0.00192 | map: 0.00048
Sun 26 Jan 2025 22:38:19 INFO 20: precision: 0.00018 | recall: 0.00273 | ndcg: 0.00109 | hit_rate: 0.00340 | map: 0.00057
Sun 26 Jan 2025 22:38:19 INFO Test Metrics:
Sun 26 Jan 2025 22:38:19 INFO 5: precision: 0.00025 | recall: 0.00058 | ndcg: 0.00044 | hit_rate: 0.00125 | map: 0.00027
Sun 26 Jan 2025 22:38:19 INFO 10: precision: 0.00026 | recall: 0.00126 | ndcg: 0.00069 | hit_rate: 0.00252 | map: 0.00036
Sun 26 Jan 2025 22:38:19 INFO 20: precision: 0.00025 | recall: 0.00262 | ndcg: 0.00109 | hit_rate: 0.00487 | map: 0.00046
Sun 26 Jan 2025 22:38:24 INFO Epoch 34, Loss: 0.31378
Sun 26 Jan 2025 22:38:26 INFO Validation Metrics:
Sun 26 Jan 2025 22:38:26 INFO 5: precision: 0.00022 | recall: 0.00083 | ndcg: 0.00052 | hit_rate: 0.00112 | map: 0.00038
Sun 26 Jan 2025 22:38:26 INFO 10: precision: 0.00020 | recall: 0.00150 | ndcg: 0.00075 | hit_rate: 0.00200 | map: 0.00046
Sun 26 Jan 2025 22:38:26 INFO 20: precision: 0.00017 | recall: 0.00265 | ndcg: 0.00104 | hit_rate: 0.00332 | map: 0.00054
Sun 26 Jan 2025 22:38:26 INFO Test Metrics:
Sun 26 Jan 2025 22:38:26 INFO 5: precision: 0.00025 | recall: 0.00060 | ndcg: 0.00043 | hit_rate: 0.00121 | map: 0.00027
Sun 26 Jan 2025 22:38:26 INFO 10: precision: 0.00024 | recall: 0.00120 | ndcg: 0.00066 | hit_rate: 0.00239 | map: 0.00035
Sun 26 Jan 2025 22:38:26 INFO 20: precision: 0.00025 | recall: 0.00262 | ndcg: 0.00108 | hit_rate: 0.00489 | map: 0.00045
Sun 26 Jan 2025 22:38:31 INFO Epoch 35, Loss: 0.32494
Sun 26 Jan 2025 22:38:33 INFO Validation Metrics:
Sun 26 Jan 2025 22:38:33 INFO 5: precision: 0.00019 | recall: 0.00070 | ndcg: 0.00045 | hit_rate: 0.00095 | map: 0.00033
Sun 26 Jan 2025 22:38:33 INFO 10: precision: 0.00019 | recall: 0.00145 | ndcg: 0.00071 | hit_rate: 0.00192 | map: 0.00043
Sun 26 Jan 2025 22:38:33 INFO 20: precision: 0.00018 | recall: 0.00270 | ndcg: 0.00104 | hit_rate: 0.00338 | map: 0.00052
Sun 26 Jan 2025 22:38:33 INFO Test Metrics:
Sun 26 Jan 2025 22:38:33 INFO 5: precision: 0.00025 | recall: 0.00062 | ndcg: 0.00045 | hit_rate: 0.00125 | map: 0.00029
Sun 26 Jan 2025 22:38:33 INFO 10: precision: 0.00024 | recall: 0.00113 | ndcg: 0.00065 | hit_rate: 0.00235 | map: 0.00035
Sun 26 Jan 2025 22:38:33 INFO 20: precision: 0.00025 | recall: 0.00261 | ndcg: 0.00108 | hit_rate: 0.00491 | map: 0.00046
Sun 26 Jan 2025 22:38:39 INFO Epoch 36, Loss: 0.31070
Sun 26 Jan 2025 22:38:40 INFO Validation Metrics:
Sun 26 Jan 2025 22:38:40 INFO 5: precision: 0.00019 | recall: 0.00076 | ndcg: 0.00047 | hit_rate: 0.00097 | map: 0.00033
Sun 26 Jan 2025 22:38:40 INFO 10: precision: 0.00020 | recall: 0.00148 | ndcg: 0.00071 | hit_rate: 0.00196 | map: 0.00043
Sun 26 Jan 2025 22:38:40 INFO 20: precision: 0.00019 | recall: 0.00289 | ndcg: 0.00108 | hit_rate: 0.00358 | map: 0.00052
Sun 26 Jan 2025 22:38:40 INFO Test Metrics:
Sun 26 Jan 2025 22:38:40 INFO 5: precision: 0.00024 | recall: 0.00059 | ndcg: 0.00045 | hit_rate: 0.00118 | map: 0.00030
Sun 26 Jan 2025 22:38:40 INFO 10: precision: 0.00022 | recall: 0.00103 | ndcg: 0.00062 | hit_rate: 0.00211 | map: 0.00036
Sun 26 Jan 2025 22:38:40 INFO 20: precision: 0.00024 | recall: 0.00257 | ndcg: 0.00107 | hit_rate: 0.00474 | map: 0.00046
Sun 26 Jan 2025 22:38:46 INFO Epoch 37, Loss: 0.29823
Sun 26 Jan 2025 22:38:47 INFO Validation Metrics:
Sun 26 Jan 2025 22:38:47 INFO 5: precision: 0.00020 | recall: 0.00072 | ndcg: 0.00045 | hit_rate: 0.00099 | map: 0.00032
Sun 26 Jan 2025 22:38:47 INFO 10: precision: 0.00020 | recall: 0.00149 | ndcg: 0.00071 | hit_rate: 0.00194 | map: 0.00042
Sun 26 Jan 2025 22:38:47 INFO 20: precision: 0.00018 | recall: 0.00281 | ndcg: 0.00105 | hit_rate: 0.00349 | map: 0.00051
Sun 26 Jan 2025 22:38:47 INFO Test Metrics:
Sun 26 Jan 2025 22:38:47 INFO 5: precision: 0.00025 | recall: 0.00057 | ndcg: 0.00044 | hit_rate: 0.00123 | map: 0.00028
Sun 26 Jan 2025 22:38:47 INFO 10: precision: 0.00023 | recall: 0.00113 | ndcg: 0.00064 | hit_rate: 0.00224 | map: 0.00036
Sun 26 Jan 2025 22:38:47 INFO 20: precision: 0.00024 | recall: 0.00251 | ndcg: 0.00106 | hit_rate: 0.00474 | map: 0.00046
Sun 26 Jan 2025 22:38:53 INFO Epoch 38, Loss: 0.28978
Sun 26 Jan 2025 22:38:55 INFO Validation Metrics:
Sun 26 Jan 2025 22:38:55 INFO 5: precision: 0.00020 | recall: 0.00074 | ndcg: 0.00046 | hit_rate: 0.00101 | map: 0.00033
Sun 26 Jan 2025 22:38:55 INFO 10: precision: 0.00019 | recall: 0.00145 | ndcg: 0.00070 | hit_rate: 0.00192 | map: 0.00042
Sun 26 Jan 2025 22:38:55 INFO 20: precision: 0.00018 | recall: 0.00274 | ndcg: 0.00104 | hit_rate: 0.00345 | map: 0.00051
Sun 26 Jan 2025 22:38:55 INFO Test Metrics:
Sun 26 Jan 2025 22:38:55 INFO 5: precision: 0.00025 | recall: 0.00058 | ndcg: 0.00045 | hit_rate: 0.00125 | map: 0.00029
Sun 26 Jan 2025 22:38:55 INFO 10: precision: 0.00023 | recall: 0.00116 | ndcg: 0.00067 | hit_rate: 0.00228 | map: 0.00037
Sun 26 Jan 2025 22:38:55 INFO 20: precision: 0.00025 | recall: 0.00253 | ndcg: 0.00107 | hit_rate: 0.00478 | map: 0.00046
Sun 26 Jan 2025 22:38:55 INFO Best Test Metrics:
Sun 26 Jan 2025 22:38:55 INFO 5: precision: 0.00026 | recall: 0.00065 | ndcg: 0.00046 | hit_rate: 0.00127 | map: 0.00029
Sun 26 Jan 2025 22:38:55 INFO 10: precision: 0.00028 | recall: 0.00144 | ndcg: 0.00076 | hit_rate: 0.00274 | map: 0.00040
Sun 26 Jan 2025 22:38:55 INFO 20: precision: 0.00028 | recall: 0.00293 | ndcg: 0.00120 | hit_rate: 0.00521 | map: 0.00050
Sun 26 Jan 2025 22:38:55 INFO Best performance: 0.00293
Sun 26 Jan 2025 22:38:55 INFO Best parameters: {'reg_weight': 0.01, 'learning_rate': 0.0001}
Sun 26 Jan 2025 22:38:55 INFO Best metrics:
Sun 26 Jan 2025 22:38:55 INFO 5: precision: 0.00026 | recall: 0.00065 | ndcg: 0.00046 | hit_rate: 0.00127 | map: 0.00029
Sun 26 Jan 2025 22:38:55 INFO 10: precision: 0.00028 | recall: 0.00144 | ndcg: 0.00076 | hit_rate: 0.00274 | map: 0.00040
Sun 26 Jan 2025 22:38:55 INFO 20: precision: 0.00028 | recall: 0.00293 | ndcg: 0.00120 | hit_rate: 0.00521 | map: 0.00050
