Tue 19 Mar 2024 18:37:40 INFO ============Arguments==============
Tue 19 Mar 2024 18:37:40 INFO Model: DualVAE
Tue 19 Mar 2024 18:37:40 INFO data_path: beauty
Tue 19 Mar 2024 18:37:40 INFO learning_rate: 0.001
Tue 19 Mar 2024 18:37:40 INFO feature_embed: 64
Tue 19 Mar 2024 18:37:40 INFO batch_size: 1024
Tue 19 Mar 2024 18:37:40 INFO aggr_mode: add
Tue 19 Mar 2024 18:37:40 INFO reg_weight: 0.001
Tue 19 Mar 2024 18:37:40 INFO dim_E: 64
Tue 19 Mar 2024 18:37:40 INFO num_epoch: 1000
Tue 19 Mar 2024 18:37:40 INFO dropout: 0.2
Tue 19 Mar 2024 18:37:40 INFO n_layers: 2
Tue 19 Mar 2024 18:37:40 INFO corDecay: 0.001
Tue 19 Mar 2024 18:37:40 INFO n_factors: 4
Tue 19 Mar 2024 18:37:40 INFO n_iterations: 3
Tue 19 Mar 2024 18:37:40 INFO cl_weight: 2.0
Tue 19 Mar 2024 18:37:40 INFO mm_layers: 2
Tue 19 Mar 2024 18:37:40 INFO ii_topk: 10
Tue 19 Mar 2024 18:37:40 INFO uu_topk: 40
Tue 19 Mar 2024 18:37:40 INFO lambda_coeff: 0.9
Tue 19 Mar 2024 18:37:40 INFO ssl_temp: 0.9
Tue 19 Mar 2024 18:37:40 INFO ssl_alpha: 0.9
Tue 19 Mar 2024 18:37:40 INFO ae_weight: 0.1
Tue 19 Mar 2024 18:37:40 INFO threshold: 0.1
Tue 19 Mar 2024 18:37:40 INFO prompt_num: 0.1
Tue 19 Mar 2024 18:37:40 INFO neg_weight: 0.1
Tue 19 Mar 2024 18:37:40 INFO cen_reg: 0.005
Tue 19 Mar 2024 18:37:40 INFO n_intents: 128
Tue 19 Mar 2024 18:37:40 INFO seed: 42
Tue 19 Mar 2024 18:37:40 INFO num_workers: 1
Tue 19 Mar 2024 18:37:40 INFO topk: [5, 10, 20]
Tue 19 Mar 2024 18:37:40 INFO local time£ºMar-19-2024-18-37-40
Tue 19 Mar 2024 18:37:41 INFO =========1/1: Parameters:{'learning_rate': 0.001, 'reg_weight': 0.5, 'ssl_alpha': 0.01}=========
Tue 19 Mar 2024 18:37:53 INFO Epoch 1, Loss: 548299.98242
Tue 19 Mar 2024 18:37:54 INFO Validation Metrics:
Tue 19 Mar 2024 18:37:54 INFO 5: precision: 0.00006 | recall: 0.00032 | ndcg: 0.00019 | hit_rate: 0.00032 | map: 0.00014
Tue 19 Mar 2024 18:37:54 INFO 10: precision: 0.00007 | recall: 0.00068 | ndcg: 0.00030 | hit_rate: 0.00071 | map: 0.00019
Tue 19 Mar 2024 18:37:54 INFO 20: precision: 0.00006 | recall: 0.00122 | ndcg: 0.00043 | hit_rate: 0.00129 | map: 0.00022
Tue 19 Mar 2024 18:37:54 INFO Test Metrics:
Tue 19 Mar 2024 18:37:54 INFO 5: precision: 0.00014 | recall: 0.00042 | ndcg: 0.00025 | hit_rate: 0.00071 | map: 0.00015
Tue 19 Mar 2024 18:37:54 INFO 10: precision: 0.00010 | recall: 0.00055 | ndcg: 0.00030 | hit_rate: 0.00097 | map: 0.00016
Tue 19 Mar 2024 18:37:54 INFO 20: precision: 0.00010 | recall: 0.00114 | ndcg: 0.00048 | hit_rate: 0.00207 | map: 0.00021
Tue 19 Mar 2024 18:38:06 INFO Epoch 2, Loss: 58701.48071
Tue 19 Mar 2024 18:38:08 INFO Validation Metrics:
Tue 19 Mar 2024 18:38:08 INFO 5: precision: 0.00013 | recall: 0.00065 | ndcg: 0.00038 | hit_rate: 0.00065 | map: 0.00029
Tue 19 Mar 2024 18:38:08 INFO 10: precision: 0.00012 | recall: 0.00107 | ndcg: 0.00052 | hit_rate: 0.00116 | map: 0.00035
Tue 19 Mar 2024 18:38:08 INFO 20: precision: 0.00013 | recall: 0.00249 | ndcg: 0.00086 | hit_rate: 0.00258 | map: 0.00043
Tue 19 Mar 2024 18:38:08 INFO Test Metrics:
Tue 19 Mar 2024 18:38:08 INFO 5: precision: 0.00014 | recall: 0.00048 | ndcg: 0.00042 | hit_rate: 0.00071 | map: 0.00035
Tue 19 Mar 2024 18:38:08 INFO 10: precision: 0.00016 | recall: 0.00107 | ndcg: 0.00062 | hit_rate: 0.00155 | map: 0.00043
Tue 19 Mar 2024 18:38:08 INFO 20: precision: 0.00015 | recall: 0.00194 | ndcg: 0.00088 | hit_rate: 0.00304 | map: 0.00049
Tue 19 Mar 2024 18:38:19 INFO Epoch 3, Loss: 46003.94470
Tue 19 Mar 2024 18:38:20 INFO Validation Metrics:
Tue 19 Mar 2024 18:38:20 INFO 5: precision: 0.00221 | recall: 0.01058 | ndcg: 0.00618 | hit_rate: 0.01105 | map: 0.00467
Tue 19 Mar 2024 18:38:20 INFO 10: precision: 0.00172 | recall: 0.01606 | ndcg: 0.00801 | hit_rate: 0.01718 | map: 0.00541
Tue 19 Mar 2024 18:38:20 INFO 20: precision: 0.00103 | recall: 0.01935 | ndcg: 0.00885 | hit_rate: 0.02054 | map: 0.00564
Tue 19 Mar 2024 18:38:20 INFO Test Metrics:
Tue 19 Mar 2024 18:38:20 INFO 5: precision: 0.00348 | recall: 0.01020 | ndcg: 0.00720 | hit_rate: 0.01738 | map: 0.00488
Tue 19 Mar 2024 18:38:20 INFO 10: precision: 0.00279 | recall: 0.01568 | ndcg: 0.00929 | hit_rate: 0.02765 | map: 0.00561
Tue 19 Mar 2024 18:38:20 INFO 20: precision: 0.00168 | recall: 0.01892 | ndcg: 0.01026 | hit_rate: 0.03294 | map: 0.00586
Tue 19 Mar 2024 18:38:31 INFO Epoch 4, Loss: 43234.77338
Tue 19 Mar 2024 18:38:33 INFO Validation Metrics:
Tue 19 Mar 2024 18:38:33 INFO 5: precision: 0.00076 | recall: 0.00363 | ndcg: 0.00253 | hit_rate: 0.00381 | map: 0.00212
Tue 19 Mar 2024 18:38:33 INFO 10: precision: 0.00063 | recall: 0.00608 | ndcg: 0.00332 | hit_rate: 0.00627 | map: 0.00245
Tue 19 Mar 2024 18:38:33 INFO 20: precision: 0.00041 | recall: 0.00808 | ndcg: 0.00383 | hit_rate: 0.00827 | map: 0.00258
Tue 19 Mar 2024 18:38:33 INFO Test Metrics:
Tue 19 Mar 2024 18:38:33 INFO 5: precision: 0.00138 | recall: 0.00370 | ndcg: 0.00296 | hit_rate: 0.00672 | map: 0.00209
Tue 19 Mar 2024 18:38:33 INFO 10: precision: 0.00105 | recall: 0.00590 | ndcg: 0.00377 | hit_rate: 0.01033 | map: 0.00238
Tue 19 Mar 2024 18:38:33 INFO 20: precision: 0.00067 | recall: 0.00753 | ndcg: 0.00426 | hit_rate: 0.01324 | map: 0.00250
Tue 19 Mar 2024 18:38:44 INFO Epoch 5, Loss: 40714.15915
Tue 19 Mar 2024 18:38:46 INFO Validation Metrics:
Tue 19 Mar 2024 18:38:46 INFO 5: precision: 0.00169 | recall: 0.00807 | ndcg: 0.00531 | hit_rate: 0.00846 | map: 0.00435
Tue 19 Mar 2024 18:38:46 INFO 10: precision: 0.00161 | recall: 0.01493 | ndcg: 0.00761 | hit_rate: 0.01602 | map: 0.00529
Tue 19 Mar 2024 18:38:46 INFO 20: precision: 0.00130 | recall: 0.02422 | ndcg: 0.00997 | hit_rate: 0.02584 | map: 0.00592
Tue 19 Mar 2024 18:38:46 INFO Test Metrics:
Tue 19 Mar 2024 18:38:46 INFO 5: precision: 0.00274 | recall: 0.00783 | ndcg: 0.00574 | hit_rate: 0.01356 | map: 0.00407
Tue 19 Mar 2024 18:38:46 INFO 10: precision: 0.00256 | recall: 0.01430 | ndcg: 0.00822 | hit_rate: 0.02538 | map: 0.00495
Tue 19 Mar 2024 18:38:46 INFO 20: precision: 0.00228 | recall: 0.02574 | ndcg: 0.01156 | hit_rate: 0.04418 | map: 0.00577
Tue 19 Mar 2024 18:38:57 INFO Epoch 6, Loss: 38158.71729
Tue 19 Mar 2024 18:38:59 INFO Validation Metrics:
Tue 19 Mar 2024 18:38:59 INFO 5: precision: 0.00177 | recall: 0.00763 | ndcg: 0.00581 | hit_rate: 0.00885 | map: 0.00495
Tue 19 Mar 2024 18:38:59 INFO 10: precision: 0.00132 | recall: 0.01064 | ndcg: 0.00680 | hit_rate: 0.01311 | map: 0.00534
Tue 19 Mar 2024 18:38:59 INFO 20: precision: 0.00106 | recall: 0.01709 | ndcg: 0.00845 | hit_rate: 0.02086 | map: 0.00576
Tue 19 Mar 2024 18:38:59 INFO Test Metrics:
Tue 19 Mar 2024 18:38:59 INFO 5: precision: 0.00287 | recall: 0.00752 | ndcg: 0.00658 | hit_rate: 0.01395 | map: 0.00490
Tue 19 Mar 2024 18:38:59 INFO 10: precision: 0.00222 | recall: 0.01055 | ndcg: 0.00774 | hit_rate: 0.02119 | map: 0.00530
Tue 19 Mar 2024 18:38:59 INFO 20: precision: 0.00180 | recall: 0.01700 | ndcg: 0.00969 | hit_rate: 0.03378 | map: 0.00574
Tue 19 Mar 2024 18:39:10 INFO Epoch 7, Loss: 35275.76630
Tue 19 Mar 2024 18:39:12 INFO Validation Metrics:
Tue 19 Mar 2024 18:39:12 INFO 5: precision: 0.00159 | recall: 0.00588 | ndcg: 0.00392 | hit_rate: 0.00794 | map: 0.00289
Tue 19 Mar 2024 18:39:12 INFO 10: precision: 0.00127 | recall: 0.00915 | ndcg: 0.00503 | hit_rate: 0.01227 | map: 0.00334
Tue 19 Mar 2024 18:39:12 INFO 20: precision: 0.00098 | recall: 0.01437 | ndcg: 0.00641 | hit_rate: 0.01886 | map: 0.00370
Tue 19 Mar 2024 18:39:12 INFO Test Metrics:
Tue 19 Mar 2024 18:39:12 INFO 5: precision: 0.00274 | recall: 0.00562 | ndcg: 0.00458 | hit_rate: 0.01318 | map: 0.00278
Tue 19 Mar 2024 18:39:12 INFO 10: precision: 0.00216 | recall: 0.00880 | ndcg: 0.00576 | hit_rate: 0.02041 | map: 0.00321
Tue 19 Mar 2024 18:39:12 INFO 20: precision: 0.00175 | recall: 0.01536 | ndcg: 0.00776 | hit_rate: 0.03223 | map: 0.00370
Tue 19 Mar 2024 18:39:23 INFO Epoch 8, Loss: 33247.34186
Tue 19 Mar 2024 18:39:24 INFO Validation Metrics:
Tue 19 Mar 2024 18:39:24 INFO 5: precision: 0.00124 | recall: 0.00391 | ndcg: 0.00254 | hit_rate: 0.00594 | map: 0.00171
Tue 19 Mar 2024 18:39:24 INFO 10: precision: 0.00102 | recall: 0.00649 | ndcg: 0.00341 | hit_rate: 0.00969 | map: 0.00205
Tue 19 Mar 2024 18:39:24 INFO 20: precision: 0.00092 | recall: 0.01160 | ndcg: 0.00480 | hit_rate: 0.01660 | map: 0.00240
Tue 19 Mar 2024 18:39:24 INFO Test Metrics:
Tue 19 Mar 2024 18:39:24 INFO 5: precision: 0.00216 | recall: 0.00421 | ndcg: 0.00317 | hit_rate: 0.01027 | map: 0.00174
Tue 19 Mar 2024 18:39:24 INFO 10: precision: 0.00177 | recall: 0.00687 | ndcg: 0.00417 | hit_rate: 0.01615 | map: 0.00212
Tue 19 Mar 2024 18:39:24 INFO 20: precision: 0.00156 | recall: 0.01211 | ndcg: 0.00583 | hit_rate: 0.02732 | map: 0.00250
Tue 19 Mar 2024 18:39:36 INFO Epoch 9, Loss: 32167.12033
Tue 19 Mar 2024 18:39:37 INFO Validation Metrics:
Tue 19 Mar 2024 18:39:37 INFO 5: precision: 0.00103 | recall: 0.00298 | ndcg: 0.00220 | hit_rate: 0.00497 | map: 0.00151
Tue 19 Mar 2024 18:39:37 INFO 10: precision: 0.00091 | recall: 0.00527 | ndcg: 0.00300 | hit_rate: 0.00859 | map: 0.00183
Tue 19 Mar 2024 18:39:37 INFO 20: precision: 0.00098 | recall: 0.01265 | ndcg: 0.00496 | hit_rate: 0.01776 | map: 0.00234
Tue 19 Mar 2024 18:39:37 INFO Test Metrics:
Tue 19 Mar 2024 18:39:37 INFO 5: precision: 0.00195 | recall: 0.00328 | ndcg: 0.00294 | hit_rate: 0.00917 | map: 0.00169
Tue 19 Mar 2024 18:39:37 INFO 10: precision: 0.00164 | recall: 0.00587 | ndcg: 0.00390 | hit_rate: 0.01479 | map: 0.00206
Tue 19 Mar 2024 18:39:37 INFO 20: precision: 0.00155 | recall: 0.01170 | ndcg: 0.00575 | hit_rate: 0.02629 | map: 0.00250
Tue 19 Mar 2024 18:39:49 INFO Epoch 10, Loss: 31482.55096
Tue 19 Mar 2024 18:39:50 INFO Validation Metrics:
Tue 19 Mar 2024 18:39:50 INFO 5: precision: 0.00180 | recall: 0.00649 | ndcg: 0.00484 | hit_rate: 0.00872 | map: 0.00387
Tue 19 Mar 2024 18:39:50 INFO 10: precision: 0.00149 | recall: 0.01094 | ndcg: 0.00631 | hit_rate: 0.01427 | map: 0.00446
Tue 19 Mar 2024 18:39:50 INFO 20: precision: 0.00143 | recall: 0.02168 | ndcg: 0.00911 | hit_rate: 0.02719 | map: 0.00519
Tue 19 Mar 2024 18:39:50 INFO Test Metrics:
Tue 19 Mar 2024 18:39:50 INFO 5: precision: 0.00298 | recall: 0.00651 | ndcg: 0.00555 | hit_rate: 0.01427 | map: 0.00370
Tue 19 Mar 2024 18:39:50 INFO 10: precision: 0.00247 | recall: 0.01063 | ndcg: 0.00710 | hit_rate: 0.02274 | map: 0.00429
Tue 19 Mar 2024 18:39:50 INFO 20: precision: 0.00229 | recall: 0.02068 | ndcg: 0.01015 | hit_rate: 0.04108 | map: 0.00502
Tue 19 Mar 2024 18:40:02 INFO Epoch 11, Loss: 30977.48108
Tue 19 Mar 2024 18:40:04 INFO Validation Metrics:
Tue 19 Mar 2024 18:40:04 INFO 5: precision: 0.00261 | recall: 0.01077 | ndcg: 0.00737 | hit_rate: 0.01285 | map: 0.00585
Tue 19 Mar 2024 18:40:04 INFO 10: precision: 0.00230 | recall: 0.01849 | ndcg: 0.00991 | hit_rate: 0.02215 | map: 0.00685
Tue 19 Mar 2024 18:40:04 INFO 20: precision: 0.00199 | recall: 0.03235 | ndcg: 0.01352 | hit_rate: 0.03798 | map: 0.00781
Tue 19 Mar 2024 18:40:04 INFO Test Metrics:
Tue 19 Mar 2024 18:40:04 INFO 5: precision: 0.00435 | recall: 0.01043 | ndcg: 0.00830 | hit_rate: 0.02093 | map: 0.00556
Tue 19 Mar 2024 18:40:04 INFO 10: precision: 0.00368 | recall: 0.01771 | ndcg: 0.01099 | hit_rate: 0.03430 | map: 0.00656
Tue 19 Mar 2024 18:40:04 INFO 20: precision: 0.00326 | recall: 0.03219 | ndcg: 0.01532 | hit_rate: 0.05904 | map: 0.00762
Tue 19 Mar 2024 18:40:15 INFO Epoch 12, Loss: 30507.86234
Tue 19 Mar 2024 18:40:16 INFO Validation Metrics:
Tue 19 Mar 2024 18:40:16 INFO 5: precision: 0.00297 | recall: 0.01223 | ndcg: 0.00810 | hit_rate: 0.01460 | map: 0.00634
Tue 19 Mar 2024 18:40:16 INFO 10: precision: 0.00287 | recall: 0.02417 | ndcg: 0.01201 | hit_rate: 0.02790 | map: 0.00792
Tue 19 Mar 2024 18:40:16 INFO 20: precision: 0.00239 | recall: 0.03996 | ndcg: 0.01610 | hit_rate: 0.04541 | map: 0.00901
Tue 19 Mar 2024 18:40:16 INFO Test Metrics:
Tue 19 Mar 2024 18:40:16 INFO 5: precision: 0.00499 | recall: 0.01290 | ndcg: 0.00943 | hit_rate: 0.02403 | map: 0.00621
Tue 19 Mar 2024 18:40:16 INFO 10: precision: 0.00443 | recall: 0.02253 | ndcg: 0.01301 | hit_rate: 0.04140 | map: 0.00755
Tue 19 Mar 2024 18:40:16 INFO 20: precision: 0.00373 | recall: 0.03849 | ndcg: 0.01771 | hit_rate: 0.06776 | map: 0.00871
Tue 19 Mar 2024 18:40:28 INFO Epoch 13, Loss: 30101.03058
Tue 19 Mar 2024 18:40:30 INFO Validation Metrics:
Tue 19 Mar 2024 18:40:30 INFO 5: precision: 0.00307 | recall: 0.01264 | ndcg: 0.00836 | hit_rate: 0.01518 | map: 0.00649
Tue 19 Mar 2024 18:40:30 INFO 10: precision: 0.00294 | recall: 0.02412 | ndcg: 0.01209 | hit_rate: 0.02836 | map: 0.00797
Tue 19 Mar 2024 18:40:30 INFO 20: precision: 0.00249 | recall: 0.04142 | ndcg: 0.01657 | hit_rate: 0.04728 | map: 0.00918
Tue 19 Mar 2024 18:40:30 INFO Test Metrics:
Tue 19 Mar 2024 18:40:30 INFO 5: precision: 0.00536 | recall: 0.01358 | ndcg: 0.01033 | hit_rate: 0.02584 | map: 0.00690
Tue 19 Mar 2024 18:40:30 INFO 10: precision: 0.00497 | recall: 0.02582 | ndcg: 0.01474 | hit_rate: 0.04657 | map: 0.00851
Tue 19 Mar 2024 18:40:30 INFO 20: precision: 0.00430 | recall: 0.04392 | ndcg: 0.02019 | hit_rate: 0.07693 | map: 0.00988
Tue 19 Mar 2024 18:40:41 INFO Epoch 14, Loss: 29707.79865
Tue 19 Mar 2024 18:40:43 INFO Validation Metrics:
Tue 19 Mar 2024 18:40:43 INFO 5: precision: 0.00362 | recall: 0.01539 | ndcg: 0.00989 | hit_rate: 0.01796 | map: 0.00762
Tue 19 Mar 2024 18:40:43 INFO 10: precision: 0.00337 | recall: 0.02826 | ndcg: 0.01412 | hit_rate: 0.03255 | map: 0.00934
Tue 19 Mar 2024 18:40:43 INFO 20: precision: 0.00273 | recall: 0.04535 | ndcg: 0.01858 | hit_rate: 0.05174 | map: 0.01052
Tue 19 Mar 2024 18:40:43 INFO Test Metrics:
Tue 19 Mar 2024 18:40:43 INFO 5: precision: 0.00632 | recall: 0.01630 | ndcg: 0.01207 | hit_rate: 0.03016 | map: 0.00805
Tue 19 Mar 2024 18:40:43 INFO 10: precision: 0.00534 | recall: 0.02730 | ndcg: 0.01611 | hit_rate: 0.04890 | map: 0.00959
Tue 19 Mar 2024 18:40:43 INFO 20: precision: 0.00431 | recall: 0.04442 | ndcg: 0.02120 | hit_rate: 0.07667 | map: 0.01088
Tue 19 Mar 2024 18:40:54 INFO Epoch 15, Loss: 29391.74588
Tue 19 Mar 2024 18:40:55 INFO Validation Metrics:
Tue 19 Mar 2024 18:40:55 INFO 5: precision: 0.00385 | recall: 0.01591 | ndcg: 0.00990 | hit_rate: 0.01905 | map: 0.00738
Tue 19 Mar 2024 18:40:55 INFO 10: precision: 0.00356 | recall: 0.02902 | ndcg: 0.01421 | hit_rate: 0.03423 | map: 0.00909
Tue 19 Mar 2024 18:40:55 INFO 20: precision: 0.00289 | recall: 0.04672 | ndcg: 0.01887 | hit_rate: 0.05387 | map: 0.01035
Tue 19 Mar 2024 18:40:55 INFO Test Metrics:
Tue 19 Mar 2024 18:40:55 INFO 5: precision: 0.00624 | recall: 0.01583 | ndcg: 0.01119 | hit_rate: 0.02926 | map: 0.00721
Tue 19 Mar 2024 18:40:55 INFO 10: precision: 0.00559 | recall: 0.02846 | ndcg: 0.01587 | hit_rate: 0.05103 | map: 0.00897
Tue 19 Mar 2024 18:40:55 INFO 20: precision: 0.00458 | recall: 0.04613 | ndcg: 0.02121 | hit_rate: 0.08093 | map: 0.01031
Tue 19 Mar 2024 18:41:06 INFO Epoch 16, Loss: 29027.64517
Tue 19 Mar 2024 18:41:08 INFO Validation Metrics:
Tue 19 Mar 2024 18:41:08 INFO 5: precision: 0.00416 | recall: 0.01639 | ndcg: 0.01057 | hit_rate: 0.02028 | map: 0.00797
Tue 19 Mar 2024 18:41:08 INFO 10: precision: 0.00381 | recall: 0.03065 | ndcg: 0.01527 | hit_rate: 0.03630 | map: 0.00987
Tue 19 Mar 2024 18:41:08 INFO 20: precision: 0.00303 | recall: 0.04906 | ndcg: 0.02009 | hit_rate: 0.05658 | map: 0.01118
Tue 19 Mar 2024 18:41:08 INFO Test Metrics:
Tue 19 Mar 2024 18:41:08 INFO 5: precision: 0.00685 | recall: 0.01633 | ndcg: 0.01258 | hit_rate: 0.03204 | map: 0.00822
Tue 19 Mar 2024 18:41:08 INFO 10: precision: 0.00597 | recall: 0.02945 | ndcg: 0.01743 | hit_rate: 0.05335 | map: 0.01012
Tue 19 Mar 2024 18:41:08 INFO 20: precision: 0.00473 | recall: 0.04703 | ndcg: 0.02275 | hit_rate: 0.08190 | map: 0.01150
Tue 19 Mar 2024 18:41:19 INFO Epoch 17, Loss: 28731.40512
Tue 19 Mar 2024 18:41:21 INFO Validation Metrics:
Tue 19 Mar 2024 18:41:21 INFO 5: precision: 0.00495 | recall: 0.01959 | ndcg: 0.01286 | hit_rate: 0.02383 | map: 0.00986
Tue 19 Mar 2024 18:41:21 INFO 10: precision: 0.00404 | recall: 0.03184 | ndcg: 0.01692 | hit_rate: 0.03785 | map: 0.01153
Tue 19 Mar 2024 18:41:21 INFO 20: precision: 0.00315 | recall: 0.05041 | ndcg: 0.02178 | hit_rate: 0.05800 | map: 0.01284
Tue 19 Mar 2024 18:41:21 INFO Test Metrics:
Tue 19 Mar 2024 18:41:21 INFO 5: precision: 0.00807 | recall: 0.01977 | ndcg: 0.01530 | hit_rate: 0.03643 | map: 0.01048
Tue 19 Mar 2024 18:41:21 INFO 10: precision: 0.00661 | recall: 0.03215 | ndcg: 0.01999 | hit_rate: 0.05697 | map: 0.01236
Tue 19 Mar 2024 18:41:21 INFO 20: precision: 0.00509 | recall: 0.04992 | ndcg: 0.02534 | hit_rate: 0.08584 | map: 0.01374
Tue 19 Mar 2024 18:41:32 INFO Epoch 18, Loss: 28402.37546
Tue 19 Mar 2024 18:41:34 INFO Validation Metrics:
Tue 19 Mar 2024 18:41:34 INFO 5: precision: 0.00473 | recall: 0.01827 | ndcg: 0.01185 | hit_rate: 0.02248 | map: 0.00892
Tue 19 Mar 2024 18:41:34 INFO 10: precision: 0.00424 | recall: 0.03358 | ndcg: 0.01693 | hit_rate: 0.03959 | map: 0.01101
Tue 19 Mar 2024 18:41:34 INFO 20: precision: 0.00338 | recall: 0.05417 | ndcg: 0.02227 | hit_rate: 0.06201 | map: 0.01244
Tue 19 Mar 2024 18:41:34 INFO Test Metrics:
Tue 19 Mar 2024 18:41:34 INFO 5: precision: 0.00788 | recall: 0.01866 | ndcg: 0.01414 | hit_rate: 0.03527 | map: 0.00942
Tue 19 Mar 2024 18:41:34 INFO 10: precision: 0.00679 | recall: 0.03300 | ndcg: 0.01954 | hit_rate: 0.05839 | map: 0.01161
Tue 19 Mar 2024 18:41:34 INFO 20: precision: 0.00533 | recall: 0.05249 | ndcg: 0.02540 | hit_rate: 0.08862 | map: 0.01317
Tue 19 Mar 2024 18:41:45 INFO Epoch 19, Loss: 28096.63828
Tue 19 Mar 2024 18:41:46 INFO Validation Metrics:
Tue 19 Mar 2024 18:41:46 INFO 5: precision: 0.00509 | recall: 0.01960 | ndcg: 0.01293 | hit_rate: 0.02396 | map: 0.00987
Tue 19 Mar 2024 18:41:46 INFO 10: precision: 0.00439 | recall: 0.03429 | ndcg: 0.01785 | hit_rate: 0.04011 | map: 0.01193
Tue 19 Mar 2024 18:41:46 INFO 20: precision: 0.00347 | recall: 0.05508 | ndcg: 0.02327 | hit_rate: 0.06272 | map: 0.01340
Tue 19 Mar 2024 18:41:46 INFO Test Metrics:
Tue 19 Mar 2024 18:41:46 INFO 5: precision: 0.00835 | recall: 0.01954 | ndcg: 0.01503 | hit_rate: 0.03636 | map: 0.01019
Tue 19 Mar 2024 18:41:46 INFO 10: precision: 0.00712 | recall: 0.03406 | ndcg: 0.02053 | hit_rate: 0.05968 | map: 0.01243
Tue 19 Mar 2024 18:41:46 INFO 20: precision: 0.00562 | recall: 0.05479 | ndcg: 0.02679 | hit_rate: 0.09133 | map: 0.01413
Tue 19 Mar 2024 18:41:57 INFO Epoch 20, Loss: 27804.58267
Tue 19 Mar 2024 18:41:59 INFO Validation Metrics:
Tue 19 Mar 2024 18:41:59 INFO 5: precision: 0.00545 | recall: 0.02126 | ndcg: 0.01336 | hit_rate: 0.02551 | map: 0.00991
Tue 19 Mar 2024 18:41:59 INFO 10: precision: 0.00468 | recall: 0.03658 | ndcg: 0.01843 | hit_rate: 0.04231 | map: 0.01201
Tue 19 Mar 2024 18:41:59 INFO 20: precision: 0.00356 | recall: 0.05630 | ndcg: 0.02360 | hit_rate: 0.06356 | map: 0.01343
Tue 19 Mar 2024 18:41:59 INFO Test Metrics:
Tue 19 Mar 2024 18:41:59 INFO 5: precision: 0.00925 | recall: 0.02210 | ndcg: 0.01636 | hit_rate: 0.03985 | map: 0.01102
Tue 19 Mar 2024 18:41:59 INFO 10: precision: 0.00771 | recall: 0.03668 | ndcg: 0.02190 | hit_rate: 0.06285 | map: 0.01331
Tue 19 Mar 2024 18:41:59 INFO 20: precision: 0.00584 | recall: 0.05588 | ndcg: 0.02774 | hit_rate: 0.09198 | map: 0.01492
Tue 19 Mar 2024 18:42:10 INFO Epoch 21, Loss: 27590.52826
Tue 19 Mar 2024 18:42:12 INFO Validation Metrics:
Tue 19 Mar 2024 18:42:12 INFO 5: precision: 0.00563 | recall: 0.02209 | ndcg: 0.01511 | hit_rate: 0.02642 | map: 0.01195
Tue 19 Mar 2024 18:42:12 INFO 10: precision: 0.00477 | recall: 0.03725 | ndcg: 0.02019 | hit_rate: 0.04289 | map: 0.01408
Tue 19 Mar 2024 18:42:12 INFO 20: precision: 0.00371 | recall: 0.05911 | ndcg: 0.02590 | hit_rate: 0.06627 | map: 0.01566
Tue 19 Mar 2024 18:42:12 INFO Test Metrics:
Tue 19 Mar 2024 18:42:12 INFO 5: precision: 0.00962 | recall: 0.02257 | ndcg: 0.01775 | hit_rate: 0.04134 | map: 0.01230
Tue 19 Mar 2024 18:42:12 INFO 10: precision: 0.00789 | recall: 0.03769 | ndcg: 0.02345 | hit_rate: 0.06420 | map: 0.01470
Tue 19 Mar 2024 18:42:12 INFO 20: precision: 0.00608 | recall: 0.05863 | ndcg: 0.02984 | hit_rate: 0.09476 | map: 0.01652
Tue 19 Mar 2024 18:42:23 INFO Epoch 22, Loss: 27365.65744
Tue 19 Mar 2024 18:42:25 INFO Validation Metrics:
Tue 19 Mar 2024 18:42:25 INFO 5: precision: 0.00593 | recall: 0.02339 | ndcg: 0.01495 | hit_rate: 0.02771 | map: 0.01130
Tue 19 Mar 2024 18:42:25 INFO 10: precision: 0.00508 | recall: 0.04005 | ndcg: 0.02051 | hit_rate: 0.04586 | map: 0.01363
Tue 19 Mar 2024 18:42:25 INFO 20: precision: 0.00393 | recall: 0.06278 | ndcg: 0.02646 | hit_rate: 0.07073 | map: 0.01526
Tue 19 Mar 2024 18:42:25 INFO Test Metrics:
Tue 19 Mar 2024 18:42:25 INFO 5: precision: 0.00983 | recall: 0.02362 | ndcg: 0.01784 | hit_rate: 0.04205 | map: 0.01226
Tue 19 Mar 2024 18:42:25 INFO 10: precision: 0.00839 | recall: 0.04057 | ndcg: 0.02428 | hit_rate: 0.06821 | map: 0.01494
Tue 19 Mar 2024 18:42:25 INFO 20: precision: 0.00648 | recall: 0.06249 | ndcg: 0.03099 | hit_rate: 0.10115 | map: 0.01682
Tue 19 Mar 2024 18:42:36 INFO Epoch 23, Loss: 27147.86047
Tue 19 Mar 2024 18:42:38 INFO Validation Metrics:
Tue 19 Mar 2024 18:42:38 INFO 5: precision: 0.00659 | recall: 0.02631 | ndcg: 0.01728 | hit_rate: 0.03120 | map: 0.01340
Tue 19 Mar 2024 18:42:38 INFO 10: precision: 0.00535 | recall: 0.04245 | ndcg: 0.02272 | hit_rate: 0.04857 | map: 0.01571
Tue 19 Mar 2024 18:42:38 INFO 20: precision: 0.00410 | recall: 0.06473 | ndcg: 0.02860 | hit_rate: 0.07260 | map: 0.01734
Tue 19 Mar 2024 18:42:38 INFO Test Metrics:
Tue 19 Mar 2024 18:42:38 INFO 5: precision: 0.01064 | recall: 0.02590 | ndcg: 0.02025 | hit_rate: 0.04644 | map: 0.01420
Tue 19 Mar 2024 18:42:38 INFO 10: precision: 0.00884 | recall: 0.04270 | ndcg: 0.02666 | hit_rate: 0.07215 | map: 0.01692
Tue 19 Mar 2024 18:42:38 INFO 20: precision: 0.00665 | recall: 0.06436 | ndcg: 0.03325 | hit_rate: 0.10373 | map: 0.01879
Tue 19 Mar 2024 18:42:50 INFO Epoch 24, Loss: 26984.59372
Tue 19 Mar 2024 18:42:52 INFO Validation Metrics:
Tue 19 Mar 2024 18:42:52 INFO 5: precision: 0.00661 | recall: 0.02623 | ndcg: 0.01763 | hit_rate: 0.03113 | map: 0.01382
Tue 19 Mar 2024 18:42:52 INFO 10: precision: 0.00538 | recall: 0.04177 | ndcg: 0.02292 | hit_rate: 0.04806 | map: 0.01608
Tue 19 Mar 2024 18:42:52 INFO 20: precision: 0.00412 | recall: 0.06465 | ndcg: 0.02895 | hit_rate: 0.07241 | map: 0.01778
Tue 19 Mar 2024 18:42:52 INFO Test Metrics:
Tue 19 Mar 2024 18:42:52 INFO 5: precision: 0.01098 | recall: 0.02621 | ndcg: 0.02116 | hit_rate: 0.04689 | map: 0.01510
Tue 19 Mar 2024 18:42:52 INFO 10: precision: 0.00890 | recall: 0.04246 | ndcg: 0.02739 | hit_rate: 0.07157 | map: 0.01778
Tue 19 Mar 2024 18:42:52 INFO 20: precision: 0.00687 | recall: 0.06568 | ndcg: 0.03453 | hit_rate: 0.10625 | map: 0.01980
Tue 19 Mar 2024 18:43:03 INFO Epoch 25, Loss: 26821.87231
Tue 19 Mar 2024 18:43:05 INFO Validation Metrics:
Tue 19 Mar 2024 18:43:05 INFO 5: precision: 0.00659 | recall: 0.02629 | ndcg: 0.01747 | hit_rate: 0.03094 | map: 0.01367
Tue 19 Mar 2024 18:43:05 INFO 10: precision: 0.00561 | recall: 0.04390 | ndcg: 0.02333 | hit_rate: 0.05032 | map: 0.01608
Tue 19 Mar 2024 18:43:05 INFO 20: precision: 0.00441 | recall: 0.06940 | ndcg: 0.03002 | hit_rate: 0.07783 | map: 0.01794
Tue 19 Mar 2024 18:43:05 INFO Test Metrics:
Tue 19 Mar 2024 18:43:05 INFO 5: precision: 0.01163 | recall: 0.02808 | ndcg: 0.02153 | hit_rate: 0.04993 | map: 0.01498
Tue 19 Mar 2024 18:43:05 INFO 10: precision: 0.00939 | recall: 0.04478 | ndcg: 0.02792 | hit_rate: 0.07512 | map: 0.01770
Tue 19 Mar 2024 18:43:05 INFO 20: precision: 0.00714 | recall: 0.06910 | ndcg: 0.03532 | hit_rate: 0.11097 | map: 0.01980
Tue 19 Mar 2024 18:43:16 INFO Epoch 26, Loss: 26678.23029
Tue 19 Mar 2024 18:43:18 INFO Validation Metrics:
Tue 19 Mar 2024 18:43:18 INFO 5: precision: 0.00701 | recall: 0.02788 | ndcg: 0.01858 | hit_rate: 0.03314 | map: 0.01446
Tue 19 Mar 2024 18:43:18 INFO 10: precision: 0.00581 | recall: 0.04575 | ndcg: 0.02462 | hit_rate: 0.05284 | map: 0.01703
Tue 19 Mar 2024 18:43:18 INFO 20: precision: 0.00455 | recall: 0.07138 | ndcg: 0.03138 | hit_rate: 0.08016 | map: 0.01892
Tue 19 Mar 2024 18:43:18 INFO Test Metrics:
Tue 19 Mar 2024 18:43:18 INFO 5: precision: 0.01216 | recall: 0.02944 | ndcg: 0.02269 | hit_rate: 0.05284 | map: 0.01571
Tue 19 Mar 2024 18:43:18 INFO 10: precision: 0.00968 | recall: 0.04632 | ndcg: 0.02915 | hit_rate: 0.07790 | map: 0.01849
Tue 19 Mar 2024 18:43:18 INFO 20: precision: 0.00736 | recall: 0.07080 | ndcg: 0.03661 | hit_rate: 0.11329 | map: 0.02062
Tue 19 Mar 2024 18:43:29 INFO Epoch 27, Loss: 26521.05978
Tue 19 Mar 2024 18:43:31 INFO Validation Metrics:
Tue 19 Mar 2024 18:43:31 INFO 5: precision: 0.00708 | recall: 0.02851 | ndcg: 0.01833 | hit_rate: 0.03365 | map: 0.01398
Tue 19 Mar 2024 18:43:31 INFO 10: precision: 0.00588 | recall: 0.04676 | ndcg: 0.02444 | hit_rate: 0.05355 | map: 0.01655
Tue 19 Mar 2024 18:43:31 INFO 20: precision: 0.00455 | recall: 0.07226 | ndcg: 0.03119 | hit_rate: 0.08067 | map: 0.01846
Tue 19 Mar 2024 18:43:31 INFO Test Metrics:
Tue 19 Mar 2024 18:43:31 INFO 5: precision: 0.01205 | recall: 0.02931 | ndcg: 0.02262 | hit_rate: 0.05245 | map: 0.01567
Tue 19 Mar 2024 18:43:31 INFO 10: precision: 0.00986 | recall: 0.04728 | ndcg: 0.02952 | hit_rate: 0.08009 | map: 0.01860
Tue 19 Mar 2024 18:43:31 INFO 20: precision: 0.00752 | recall: 0.07275 | ndcg: 0.03727 | hit_rate: 0.11601 | map: 0.02083
Tue 19 Mar 2024 18:43:42 INFO Epoch 28, Loss: 26410.55164
Tue 19 Mar 2024 18:43:43 INFO Validation Metrics:
Tue 19 Mar 2024 18:43:43 INFO 5: precision: 0.00716 | recall: 0.02878 | ndcg: 0.01820 | hit_rate: 0.03391 | map: 0.01377
Tue 19 Mar 2024 18:43:43 INFO 10: precision: 0.00597 | recall: 0.04801 | ndcg: 0.02467 | hit_rate: 0.05458 | map: 0.01652
Tue 19 Mar 2024 18:43:43 INFO 20: precision: 0.00459 | recall: 0.07260 | ndcg: 0.03124 | hit_rate: 0.08145 | map: 0.01838
Tue 19 Mar 2024 18:43:43 INFO Test Metrics:
Tue 19 Mar 2024 18:43:43 INFO 5: precision: 0.01210 | recall: 0.02939 | ndcg: 0.02204 | hit_rate: 0.05309 | map: 0.01499
Tue 19 Mar 2024 18:43:43 INFO 10: precision: 0.01017 | recall: 0.04899 | ndcg: 0.02958 | hit_rate: 0.08255 | map: 0.01822
Tue 19 Mar 2024 18:43:43 INFO 20: precision: 0.00756 | recall: 0.07275 | ndcg: 0.03685 | hit_rate: 0.11549 | map: 0.02035
Tue 19 Mar 2024 18:43:55 INFO Epoch 29, Loss: 26258.94492
Tue 19 Mar 2024 18:43:56 INFO Validation Metrics:
Tue 19 Mar 2024 18:43:56 INFO 5: precision: 0.00749 | recall: 0.03059 | ndcg: 0.02029 | hit_rate: 0.03565 | map: 0.01597
Tue 19 Mar 2024 18:43:56 INFO 10: precision: 0.00628 | recall: 0.05067 | ndcg: 0.02702 | hit_rate: 0.05762 | map: 0.01879
Tue 19 Mar 2024 18:43:56 INFO 20: precision: 0.00466 | recall: 0.07393 | ndcg: 0.03318 | hit_rate: 0.08287 | map: 0.02051
Tue 19 Mar 2024 18:43:56 INFO Test Metrics:
Tue 19 Mar 2024 18:43:56 INFO 5: precision: 0.01291 | recall: 0.03186 | ndcg: 0.02497 | hit_rate: 0.05600 | map: 0.01770
Tue 19 Mar 2024 18:43:56 INFO 10: precision: 0.01013 | recall: 0.04927 | ndcg: 0.03162 | hit_rate: 0.08248 | map: 0.02054
Tue 19 Mar 2024 18:43:56 INFO 20: precision: 0.00757 | recall: 0.07356 | ndcg: 0.03901 | hit_rate: 0.11710 | map: 0.02265
Tue 19 Mar 2024 18:44:08 INFO Epoch 30, Loss: 26133.67682
Tue 19 Mar 2024 18:44:10 INFO Validation Metrics:
Tue 19 Mar 2024 18:44:10 INFO 5: precision: 0.00749 | recall: 0.03076 | ndcg: 0.02026 | hit_rate: 0.03591 | map: 0.01585
Tue 19 Mar 2024 18:44:10 INFO 10: precision: 0.00623 | recall: 0.05011 | ndcg: 0.02672 | hit_rate: 0.05716 | map: 0.01852
Tue 19 Mar 2024 18:44:10 INFO 20: precision: 0.00474 | recall: 0.07488 | ndcg: 0.03334 | hit_rate: 0.08365 | map: 0.02041
Tue 19 Mar 2024 18:44:10 INFO Test Metrics:
Tue 19 Mar 2024 18:44:10 INFO 5: precision: 0.01250 | recall: 0.03065 | ndcg: 0.02359 | hit_rate: 0.05439 | map: 0.01639
Tue 19 Mar 2024 18:44:10 INFO 10: precision: 0.01014 | recall: 0.04909 | ndcg: 0.03066 | hit_rate: 0.08287 | map: 0.01940
Tue 19 Mar 2024 18:44:10 INFO 20: precision: 0.00763 | recall: 0.07397 | ndcg: 0.03828 | hit_rate: 0.11749 | map: 0.02163
Tue 19 Mar 2024 18:44:21 INFO Epoch 31, Loss: 26054.35284
Tue 19 Mar 2024 18:44:23 INFO Validation Metrics:
Tue 19 Mar 2024 18:44:23 INFO 5: precision: 0.00734 | recall: 0.02978 | ndcg: 0.01945 | hit_rate: 0.03488 | map: 0.01506
Tue 19 Mar 2024 18:44:23 INFO 10: precision: 0.00636 | recall: 0.05100 | ndcg: 0.02652 | hit_rate: 0.05833 | map: 0.01798
Tue 19 Mar 2024 18:44:23 INFO 20: precision: 0.00481 | recall: 0.07613 | ndcg: 0.03317 | hit_rate: 0.08520 | map: 0.01985
Tue 19 Mar 2024 18:44:23 INFO Test Metrics:
Tue 19 Mar 2024 18:44:23 INFO 5: precision: 0.01275 | recall: 0.03104 | ndcg: 0.02387 | hit_rate: 0.05561 | map: 0.01661
Tue 19 Mar 2024 18:44:23 INFO 10: precision: 0.01032 | recall: 0.05005 | ndcg: 0.03116 | hit_rate: 0.08390 | map: 0.01975
Tue 19 Mar 2024 18:44:23 INFO 20: precision: 0.00767 | recall: 0.07399 | ndcg: 0.03852 | hit_rate: 0.11833 | map: 0.02187
Tue 19 Mar 2024 18:44:34 INFO Epoch 32, Loss: 25932.57587
Tue 19 Mar 2024 18:44:36 INFO Validation Metrics:
Tue 19 Mar 2024 18:44:36 INFO 5: precision: 0.00754 | recall: 0.03089 | ndcg: 0.02003 | hit_rate: 0.03611 | map: 0.01544
Tue 19 Mar 2024 18:44:36 INFO 10: precision: 0.00643 | recall: 0.05155 | ndcg: 0.02695 | hit_rate: 0.05923 | map: 0.01830
Tue 19 Mar 2024 18:44:36 INFO 20: precision: 0.00487 | recall: 0.07704 | ndcg: 0.03374 | hit_rate: 0.08629 | map: 0.02023
Tue 19 Mar 2024 18:44:36 INFO Test Metrics:
Tue 19 Mar 2024 18:44:36 INFO 5: precision: 0.01302 | recall: 0.03177 | ndcg: 0.02439 | hit_rate: 0.05665 | map: 0.01696
Tue 19 Mar 2024 18:44:36 INFO 10: precision: 0.01052 | recall: 0.05127 | ndcg: 0.03179 | hit_rate: 0.08629 | map: 0.02008
Tue 19 Mar 2024 18:44:36 INFO 20: precision: 0.00790 | recall: 0.07690 | ndcg: 0.03964 | hit_rate: 0.12311 | map: 0.02233
Tue 19 Mar 2024 18:44:47 INFO Epoch 33, Loss: 25870.09167
Tue 19 Mar 2024 18:44:49 INFO Validation Metrics:
Tue 19 Mar 2024 18:44:49 INFO 5: precision: 0.00767 | recall: 0.03134 | ndcg: 0.02086 | hit_rate: 0.03675 | map: 0.01640
Tue 19 Mar 2024 18:44:49 INFO 10: precision: 0.00628 | recall: 0.05052 | ndcg: 0.02729 | hit_rate: 0.05807 | map: 0.01909
Tue 19 Mar 2024 18:44:49 INFO 20: precision: 0.00487 | recall: 0.07678 | ndcg: 0.03429 | hit_rate: 0.08571 | map: 0.02109
Tue 19 Mar 2024 18:44:49 INFO Test Metrics:
Tue 19 Mar 2024 18:44:49 INFO 5: precision: 0.01341 | recall: 0.03327 | ndcg: 0.02550 | hit_rate: 0.05904 | map: 0.01784
Tue 19 Mar 2024 18:44:49 INFO 10: precision: 0.01065 | recall: 0.05131 | ndcg: 0.03252 | hit_rate: 0.08668 | map: 0.02085
Tue 19 Mar 2024 18:44:49 INFO 20: precision: 0.00792 | recall: 0.07673 | ndcg: 0.04025 | hit_rate: 0.12175 | map: 0.02308
Tue 19 Mar 2024 18:45:00 INFO Epoch 34, Loss: 25770.84290
Tue 19 Mar 2024 18:45:02 INFO Validation Metrics:
Tue 19 Mar 2024 18:45:02 INFO 5: precision: 0.00769 | recall: 0.03134 | ndcg: 0.02108 | hit_rate: 0.03656 | map: 0.01663
Tue 19 Mar 2024 18:45:02 INFO 10: precision: 0.00651 | recall: 0.05232 | ndcg: 0.02810 | hit_rate: 0.06033 | map: 0.01953
Tue 19 Mar 2024 18:45:02 INFO 20: precision: 0.00503 | recall: 0.07935 | ndcg: 0.03532 | hit_rate: 0.08881 | map: 0.02160
Tue 19 Mar 2024 18:45:02 INFO Test Metrics:
Tue 19 Mar 2024 18:45:02 INFO 5: precision: 0.01312 | recall: 0.03221 | ndcg: 0.02508 | hit_rate: 0.05716 | map: 0.01767
Tue 19 Mar 2024 18:45:02 INFO 10: precision: 0.01084 | recall: 0.05341 | ndcg: 0.03313 | hit_rate: 0.08843 | map: 0.02107
Tue 19 Mar 2024 18:45:02 INFO 20: precision: 0.00793 | recall: 0.07748 | ndcg: 0.04051 | hit_rate: 0.12401 | map: 0.02316
Tue 19 Mar 2024 18:45:13 INFO Epoch 35, Loss: 25703.59183
Tue 19 Mar 2024 18:45:14 INFO Validation Metrics:
Tue 19 Mar 2024 18:45:14 INFO 5: precision: 0.00780 | recall: 0.03222 | ndcg: 0.02120 | hit_rate: 0.03753 | map: 0.01654
Tue 19 Mar 2024 18:45:14 INFO 10: precision: 0.00649 | recall: 0.05184 | ndcg: 0.02779 | hit_rate: 0.05988 | map: 0.01925
Tue 19 Mar 2024 18:45:14 INFO 20: precision: 0.00501 | recall: 0.07823 | ndcg: 0.03487 | hit_rate: 0.08784 | map: 0.02129
Tue 19 Mar 2024 18:45:14 INFO Test Metrics:
Tue 19 Mar 2024 18:45:14 INFO 5: precision: 0.01371 | recall: 0.03378 | ndcg: 0.02601 | hit_rate: 0.05968 | map: 0.01823
Tue 19 Mar 2024 18:45:14 INFO 10: precision: 0.01075 | recall: 0.05264 | ndcg: 0.03319 | hit_rate: 0.08843 | map: 0.02122
Tue 19 Mar 2024 18:45:14 INFO 20: precision: 0.00806 | recall: 0.07890 | ndcg: 0.04117 | hit_rate: 0.12595 | map: 0.02349
Tue 19 Mar 2024 18:45:25 INFO Epoch 36, Loss: 25620.70203
Tue 19 Mar 2024 18:45:27 INFO Validation Metrics:
Tue 19 Mar 2024 18:45:27 INFO 5: precision: 0.00787 | recall: 0.03185 | ndcg: 0.02135 | hit_rate: 0.03759 | map: 0.01682
Tue 19 Mar 2024 18:45:27 INFO 10: precision: 0.00662 | recall: 0.05345 | ndcg: 0.02857 | hit_rate: 0.06136 | map: 0.01982
Tue 19 Mar 2024 18:45:27 INFO 20: precision: 0.00504 | recall: 0.07957 | ndcg: 0.03555 | hit_rate: 0.08907 | map: 0.02181
Tue 19 Mar 2024 18:45:27 INFO Test Metrics:
Tue 19 Mar 2024 18:45:27 INFO 5: precision: 0.01382 | recall: 0.03417 | ndcg: 0.02660 | hit_rate: 0.06033 | map: 0.01884
Tue 19 Mar 2024 18:45:27 INFO 10: precision: 0.01097 | recall: 0.05315 | ndcg: 0.03391 | hit_rate: 0.08907 | map: 0.02195
Tue 19 Mar 2024 18:45:27 INFO 20: precision: 0.00822 | recall: 0.07996 | ndcg: 0.04201 | hit_rate: 0.12815 | map: 0.02420
Tue 19 Mar 2024 18:45:38 INFO Epoch 37, Loss: 25501.47247
Tue 19 Mar 2024 18:45:40 INFO Validation Metrics:
Tue 19 Mar 2024 18:45:40 INFO 5: precision: 0.00825 | recall: 0.03336 | ndcg: 0.02214 | hit_rate: 0.03934 | map: 0.01728
Tue 19 Mar 2024 18:45:40 INFO 10: precision: 0.00673 | recall: 0.05399 | ndcg: 0.02902 | hit_rate: 0.06201 | map: 0.02015
Tue 19 Mar 2024 18:45:40 INFO 20: precision: 0.00520 | recall: 0.08228 | ndcg: 0.03652 | hit_rate: 0.09191 | map: 0.02226
Tue 19 Mar 2024 18:45:40 INFO Test Metrics:
Tue 19 Mar 2024 18:45:40 INFO 5: precision: 0.01407 | recall: 0.03500 | ndcg: 0.02720 | hit_rate: 0.06143 | map: 0.01934
Tue 19 Mar 2024 18:45:40 INFO 10: precision: 0.01117 | recall: 0.05467 | ndcg: 0.03474 | hit_rate: 0.09198 | map: 0.02247
Tue 19 Mar 2024 18:45:40 INFO 20: precision: 0.00839 | recall: 0.08151 | ndcg: 0.04294 | hit_rate: 0.13041 | map: 0.02480
Tue 19 Mar 2024 18:45:51 INFO Epoch 38, Loss: 25367.12717
Tue 19 Mar 2024 18:45:53 INFO Validation Metrics:
Tue 19 Mar 2024 18:45:53 INFO 5: precision: 0.00869 | recall: 0.03510 | ndcg: 0.02253 | hit_rate: 0.04114 | map: 0.01722
Tue 19 Mar 2024 18:45:53 INFO 10: precision: 0.00687 | recall: 0.05452 | ndcg: 0.02901 | hit_rate: 0.06304 | map: 0.01989
Tue 19 Mar 2024 18:45:53 INFO 20: precision: 0.00516 | recall: 0.08115 | ndcg: 0.03610 | hit_rate: 0.09088 | map: 0.02193
Tue 19 Mar 2024 18:45:53 INFO Test Metrics:
Tue 19 Mar 2024 18:45:53 INFO 5: precision: 0.01417 | recall: 0.03509 | ndcg: 0.02709 | hit_rate: 0.06246 | map: 0.01905
Tue 19 Mar 2024 18:45:53 INFO 10: precision: 0.01128 | recall: 0.05535 | ndcg: 0.03487 | hit_rate: 0.09282 | map: 0.02236
Tue 19 Mar 2024 18:45:53 INFO 20: precision: 0.00837 | recall: 0.08144 | ndcg: 0.04286 | hit_rate: 0.13093 | map: 0.02461
Tue 19 Mar 2024 18:46:04 INFO Epoch 39, Loss: 25233.64835
Tue 19 Mar 2024 18:46:06 INFO Validation Metrics:
Tue 19 Mar 2024 18:46:06 INFO 5: precision: 0.00858 | recall: 0.03489 | ndcg: 0.02330 | hit_rate: 0.04108 | map: 0.01829
Tue 19 Mar 2024 18:46:06 INFO 10: precision: 0.00698 | recall: 0.05610 | ndcg: 0.03037 | hit_rate: 0.06427 | map: 0.02123
Tue 19 Mar 2024 18:46:06 INFO 20: precision: 0.00532 | recall: 0.08400 | ndcg: 0.03779 | hit_rate: 0.09372 | map: 0.02335
Tue 19 Mar 2024 18:46:06 INFO Test Metrics:
Tue 19 Mar 2024 18:46:06 INFO 5: precision: 0.01425 | recall: 0.03548 | ndcg: 0.02704 | hit_rate: 0.06291 | map: 0.01894
Tue 19 Mar 2024 18:46:06 INFO 10: precision: 0.01154 | recall: 0.05647 | ndcg: 0.03514 | hit_rate: 0.09521 | map: 0.02232
Tue 19 Mar 2024 18:46:06 INFO 20: precision: 0.00866 | recall: 0.08467 | ndcg: 0.04367 | hit_rate: 0.13558 | map: 0.02470
Tue 19 Mar 2024 18:46:17 INFO Epoch 40, Loss: 25130.64035
Tue 19 Mar 2024 18:46:19 INFO Validation Metrics:
Tue 19 Mar 2024 18:46:19 INFO 5: precision: 0.00872 | recall: 0.03546 | ndcg: 0.02351 | hit_rate: 0.04186 | map: 0.01834
Tue 19 Mar 2024 18:46:19 INFO 10: precision: 0.00709 | recall: 0.05720 | ndcg: 0.03073 | hit_rate: 0.06575 | map: 0.02132
Tue 19 Mar 2024 18:46:19 INFO 20: precision: 0.00540 | recall: 0.08498 | ndcg: 0.03817 | hit_rate: 0.09476 | map: 0.02346
Tue 19 Mar 2024 18:46:19 INFO Test Metrics:
Tue 19 Mar 2024 18:46:19 INFO 5: precision: 0.01460 | recall: 0.03662 | ndcg: 0.02811 | hit_rate: 0.06440 | map: 0.01975
Tue 19 Mar 2024 18:46:19 INFO 10: precision: 0.01137 | recall: 0.05578 | ndcg: 0.03550 | hit_rate: 0.09392 | map: 0.02284
Tue 19 Mar 2024 18:46:19 INFO 20: precision: 0.00880 | recall: 0.08588 | ndcg: 0.04472 | hit_rate: 0.13751 | map: 0.02545
Tue 19 Mar 2024 18:46:30 INFO Epoch 41, Loss: 24973.58838
Tue 19 Mar 2024 18:46:32 INFO Validation Metrics:
Tue 19 Mar 2024 18:46:32 INFO 5: precision: 0.00882 | recall: 0.03582 | ndcg: 0.02344 | hit_rate: 0.04211 | map: 0.01818
Tue 19 Mar 2024 18:46:32 INFO 10: precision: 0.00727 | recall: 0.05871 | ndcg: 0.03105 | hit_rate: 0.06698 | map: 0.02132
Tue 19 Mar 2024 18:46:32 INFO 20: precision: 0.00555 | recall: 0.08783 | ndcg: 0.03880 | hit_rate: 0.09798 | map: 0.02352
Tue 19 Mar 2024 18:46:32 INFO Test Metrics:
Tue 19 Mar 2024 18:46:32 INFO 5: precision: 0.01501 | recall: 0.03741 | ndcg: 0.02859 | hit_rate: 0.06614 | map: 0.01998
Tue 19 Mar 2024 18:46:32 INFO 10: precision: 0.01201 | recall: 0.05891 | ndcg: 0.03685 | hit_rate: 0.09915 | map: 0.02343
Tue 19 Mar 2024 18:46:32 INFO 20: precision: 0.00886 | recall: 0.08663 | ndcg: 0.04532 | hit_rate: 0.13881 | map: 0.02583
Tue 19 Mar 2024 18:46:43 INFO Epoch 42, Loss: 24856.00873
Tue 19 Mar 2024 18:46:45 INFO Validation Metrics:
Tue 19 Mar 2024 18:46:45 INFO 5: precision: 0.00904 | recall: 0.03637 | ndcg: 0.02411 | hit_rate: 0.04308 | map: 0.01882
Tue 19 Mar 2024 18:46:45 INFO 10: precision: 0.00737 | recall: 0.05904 | ndcg: 0.03169 | hit_rate: 0.06821 | map: 0.02196
Tue 19 Mar 2024 18:46:45 INFO 20: precision: 0.00567 | recall: 0.08985 | ndcg: 0.03986 | hit_rate: 0.10070 | map: 0.02427
Tue 19 Mar 2024 18:46:45 INFO Test Metrics:
Tue 19 Mar 2024 18:46:45 INFO 5: precision: 0.01502 | recall: 0.03752 | ndcg: 0.02933 | hit_rate: 0.06640 | map: 0.02078
Tue 19 Mar 2024 18:46:45 INFO 10: precision: 0.01196 | recall: 0.05868 | ndcg: 0.03744 | hit_rate: 0.09837 | map: 0.02419
Tue 19 Mar 2024 18:46:45 INFO 20: precision: 0.00911 | recall: 0.08937 | ndcg: 0.04677 | hit_rate: 0.14158 | map: 0.02684
Tue 19 Mar 2024 18:46:57 INFO Epoch 43, Loss: 24714.47316
Tue 19 Mar 2024 18:46:58 INFO Validation Metrics:
Tue 19 Mar 2024 18:46:58 INFO 5: precision: 0.00931 | recall: 0.03832 | ndcg: 0.02504 | hit_rate: 0.04463 | map: 0.01948
Tue 19 Mar 2024 18:46:58 INFO 10: precision: 0.00742 | recall: 0.05995 | ndcg: 0.03223 | hit_rate: 0.06847 | map: 0.02243
Tue 19 Mar 2024 18:46:58 INFO 20: precision: 0.00572 | recall: 0.09124 | ndcg: 0.04055 | hit_rate: 0.10199 | map: 0.02478
Tue 19 Mar 2024 18:46:58 INFO Test Metrics:
Tue 19 Mar 2024 18:46:58 INFO 5: precision: 0.01524 | recall: 0.03860 | ndcg: 0.02947 | hit_rate: 0.06679 | map: 0.02082
Tue 19 Mar 2024 18:46:58 INFO 10: precision: 0.01232 | recall: 0.06074 | ndcg: 0.03801 | hit_rate: 0.10283 | map: 0.02430
Tue 19 Mar 2024 18:46:58 INFO 20: precision: 0.00936 | recall: 0.09189 | ndcg: 0.04751 | hit_rate: 0.14591 | map: 0.02702
Tue 19 Mar 2024 18:47:10 INFO Epoch 44, Loss: 24594.58345
Tue 19 Mar 2024 18:47:12 INFO Validation Metrics:
Tue 19 Mar 2024 18:47:12 INFO 5: precision: 0.00960 | recall: 0.03920 | ndcg: 0.02542 | hit_rate: 0.04567 | map: 0.01963
Tue 19 Mar 2024 18:47:12 INFO 10: precision: 0.00754 | recall: 0.06111 | ndcg: 0.03274 | hit_rate: 0.06969 | map: 0.02267
Tue 19 Mar 2024 18:47:12 INFO 20: precision: 0.00576 | recall: 0.09167 | ndcg: 0.04087 | hit_rate: 0.10218 | map: 0.02499
Tue 19 Mar 2024 18:47:12 INFO Test Metrics:
Tue 19 Mar 2024 18:47:12 INFO 5: precision: 0.01546 | recall: 0.03880 | ndcg: 0.02966 | hit_rate: 0.06801 | map: 0.02083
Tue 19 Mar 2024 18:47:12 INFO 10: precision: 0.01258 | recall: 0.06217 | ndcg: 0.03861 | hit_rate: 0.10477 | map: 0.02451
Tue 19 Mar 2024 18:47:12 INFO 20: precision: 0.00950 | recall: 0.09335 | ndcg: 0.04810 | hit_rate: 0.14869 | map: 0.02721
Tue 19 Mar 2024 18:47:23 INFO Epoch 45, Loss: 24442.14812
Tue 19 Mar 2024 18:47:25 INFO Validation Metrics:
Tue 19 Mar 2024 18:47:25 INFO 5: precision: 0.00940 | recall: 0.03838 | ndcg: 0.02529 | hit_rate: 0.04463 | map: 0.01970
Tue 19 Mar 2024 18:47:25 INFO 10: precision: 0.00759 | recall: 0.06172 | ndcg: 0.03306 | hit_rate: 0.07034 | map: 0.02292
Tue 19 Mar 2024 18:47:25 INFO 20: precision: 0.00589 | recall: 0.09415 | ndcg: 0.04168 | hit_rate: 0.10483 | map: 0.02537
Tue 19 Mar 2024 18:47:25 INFO Test Metrics:
Tue 19 Mar 2024 18:47:25 INFO 5: precision: 0.01544 | recall: 0.03888 | ndcg: 0.03010 | hit_rate: 0.06821 | map: 0.02132
Tue 19 Mar 2024 18:47:25 INFO 10: precision: 0.01276 | recall: 0.06333 | ndcg: 0.03952 | hit_rate: 0.10541 | map: 0.02527
Tue 19 Mar 2024 18:47:25 INFO 20: precision: 0.00963 | recall: 0.09507 | ndcg: 0.04919 | hit_rate: 0.15037 | map: 0.02802
Tue 19 Mar 2024 18:47:36 INFO Epoch 46, Loss: 24306.01361
Tue 19 Mar 2024 18:47:38 INFO Validation Metrics:
Tue 19 Mar 2024 18:47:38 INFO 5: precision: 0.00978 | recall: 0.03991 | ndcg: 0.02687 | hit_rate: 0.04657 | map: 0.02126
Tue 19 Mar 2024 18:47:38 INFO 10: precision: 0.00800 | recall: 0.06513 | ndcg: 0.03527 | hit_rate: 0.07415 | map: 0.02475
Tue 19 Mar 2024 18:47:38 INFO 20: precision: 0.00601 | recall: 0.09627 | ndcg: 0.04353 | hit_rate: 0.10716 | map: 0.02708
Tue 19 Mar 2024 18:47:38 INFO Test Metrics:
Tue 19 Mar 2024 18:47:38 INFO 5: precision: 0.01615 | recall: 0.04067 | ndcg: 0.03143 | hit_rate: 0.07144 | map: 0.02225
Tue 19 Mar 2024 18:47:38 INFO 10: precision: 0.01306 | recall: 0.06514 | ndcg: 0.04078 | hit_rate: 0.10800 | map: 0.02617
Tue 19 Mar 2024 18:47:38 INFO 20: precision: 0.00993 | recall: 0.09853 | ndcg: 0.05093 | hit_rate: 0.15547 | map: 0.02903
Tue 19 Mar 2024 18:47:50 INFO Epoch 47, Loss: 24139.97908
Tue 19 Mar 2024 18:47:51 INFO Validation Metrics:
Tue 19 Mar 2024 18:47:51 INFO 5: precision: 0.01036 | recall: 0.04314 | ndcg: 0.02820 | hit_rate: 0.04974 | map: 0.02204
Tue 19 Mar 2024 18:47:51 INFO 10: precision: 0.00818 | recall: 0.06674 | ndcg: 0.03615 | hit_rate: 0.07583 | map: 0.02537
Tue 19 Mar 2024 18:47:51 INFO 20: precision: 0.00619 | recall: 0.09970 | ndcg: 0.04490 | hit_rate: 0.11026 | map: 0.02786
Tue 19 Mar 2024 18:47:51 INFO Test Metrics:
Tue 19 Mar 2024 18:47:51 INFO 5: precision: 0.01665 | recall: 0.04264 | ndcg: 0.03299 | hit_rate: 0.07357 | map: 0.02353
Tue 19 Mar 2024 18:47:51 INFO 10: precision: 0.01355 | recall: 0.06831 | ndcg: 0.04284 | hit_rate: 0.11303 | map: 0.02761
Tue 19 Mar 2024 18:47:51 INFO 20: precision: 0.01024 | recall: 0.10149 | ndcg: 0.05299 | hit_rate: 0.16044 | map: 0.03049
Tue 19 Mar 2024 18:48:02 INFO Epoch 48, Loss: 23912.73271
Tue 19 Mar 2024 18:48:04 INFO Validation Metrics:
Tue 19 Mar 2024 18:48:04 INFO 5: precision: 0.01090 | recall: 0.04510 | ndcg: 0.02995 | hit_rate: 0.05206 | map: 0.02360
Tue 19 Mar 2024 18:48:04 INFO 10: precision: 0.00845 | recall: 0.06954 | ndcg: 0.03809 | hit_rate: 0.07828 | map: 0.02701
Tue 19 Mar 2024 18:48:04 INFO 20: precision: 0.00637 | recall: 0.10319 | ndcg: 0.04697 | hit_rate: 0.11433 | map: 0.02950
Tue 19 Mar 2024 18:48:04 INFO Test Metrics:
Tue 19 Mar 2024 18:48:04 INFO 5: precision: 0.01712 | recall: 0.04388 | ndcg: 0.03348 | hit_rate: 0.07499 | map: 0.02383
Tue 19 Mar 2024 18:48:04 INFO 10: precision: 0.01378 | recall: 0.06966 | ndcg: 0.04332 | hit_rate: 0.11446 | map: 0.02787
Tue 19 Mar 2024 18:48:04 INFO 20: precision: 0.01040 | recall: 0.10410 | ndcg: 0.05379 | hit_rate: 0.16212 | map: 0.03086
Tue 19 Mar 2024 18:48:15 INFO Epoch 49, Loss: 23743.14745
Tue 19 Mar 2024 18:48:16 INFO Validation Metrics:
Tue 19 Mar 2024 18:48:16 INFO 5: precision: 0.01071 | recall: 0.04446 | ndcg: 0.02887 | hit_rate: 0.05109 | map: 0.02245
Tue 19 Mar 2024 18:48:16 INFO 10: precision: 0.00847 | recall: 0.06953 | ndcg: 0.03722 | hit_rate: 0.07880 | map: 0.02589
Tue 19 Mar 2024 18:48:16 INFO 20: precision: 0.00638 | recall: 0.10315 | ndcg: 0.04610 | hit_rate: 0.11433 | map: 0.02839
Tue 19 Mar 2024 18:48:16 INFO Test Metrics:
Tue 19 Mar 2024 18:48:16 INFO 5: precision: 0.01697 | recall: 0.04328 | ndcg: 0.03344 | hit_rate: 0.07518 | map: 0.02384
Tue 19 Mar 2024 18:48:16 INFO 10: precision: 0.01382 | recall: 0.06958 | ndcg: 0.04351 | hit_rate: 0.11510 | map: 0.02797
Tue 19 Mar 2024 18:48:16 INFO 20: precision: 0.01051 | recall: 0.10537 | ndcg: 0.05438 | hit_rate: 0.16535 | map: 0.03107
Tue 19 Mar 2024 18:48:28 INFO Epoch 50, Loss: 23550.99724
Tue 19 Mar 2024 18:48:30 INFO Validation Metrics:
Tue 19 Mar 2024 18:48:30 INFO 5: precision: 0.01097 | recall: 0.04536 | ndcg: 0.03001 | hit_rate: 0.05251 | map: 0.02359
Tue 19 Mar 2024 18:48:30 INFO 10: precision: 0.00860 | recall: 0.07087 | ndcg: 0.03844 | hit_rate: 0.07964 | map: 0.02710
Tue 19 Mar 2024 18:48:30 INFO 20: precision: 0.00652 | recall: 0.10638 | ndcg: 0.04774 | hit_rate: 0.11723 | map: 0.02967
Tue 19 Mar 2024 18:48:30 INFO Test Metrics:
Tue 19 Mar 2024 18:48:30 INFO 5: precision: 0.01801 | recall: 0.04661 | ndcg: 0.03541 | hit_rate: 0.07983 | map: 0.02510
Tue 19 Mar 2024 18:48:30 INFO 10: precision: 0.01429 | recall: 0.07273 | ndcg: 0.04539 | hit_rate: 0.11949 | map: 0.02925
Tue 19 Mar 2024 18:48:30 INFO 20: precision: 0.01073 | recall: 0.10793 | ndcg: 0.05611 | hit_rate: 0.16871 | map: 0.03231
Tue 19 Mar 2024 18:48:41 INFO Epoch 51, Loss: 23278.57863
Tue 19 Mar 2024 18:48:43 INFO Validation Metrics:
Tue 19 Mar 2024 18:48:43 INFO 5: precision: 0.01125 | recall: 0.04652 | ndcg: 0.03135 | hit_rate: 0.05355 | map: 0.02494
Tue 19 Mar 2024 18:48:43 INFO 10: precision: 0.00879 | recall: 0.07269 | ndcg: 0.03997 | hit_rate: 0.08184 | map: 0.02850
Tue 19 Mar 2024 18:48:43 INFO 20: precision: 0.00656 | recall: 0.10672 | ndcg: 0.04894 | hit_rate: 0.11775 | map: 0.03101
Tue 19 Mar 2024 18:48:43 INFO Test Metrics:
Tue 19 Mar 2024 18:48:43 INFO 5: precision: 0.01798 | recall: 0.04624 | ndcg: 0.03557 | hit_rate: 0.07996 | map: 0.02533
Tue 19 Mar 2024 18:48:43 INFO 10: precision: 0.01469 | recall: 0.07485 | ndcg: 0.04652 | hit_rate: 0.12201 | map: 0.02997
Tue 19 Mar 2024 18:48:43 INFO 20: precision: 0.01092 | recall: 0.11061 | ndcg: 0.05732 | hit_rate: 0.17272 | map: 0.03300
Tue 19 Mar 2024 18:48:54 INFO Epoch 52, Loss: 23048.72133
Tue 19 Mar 2024 18:48:55 INFO Validation Metrics:
Tue 19 Mar 2024 18:48:55 INFO 5: precision: 0.01115 | recall: 0.04659 | ndcg: 0.03085 | hit_rate: 0.05355 | map: 0.02427
Tue 19 Mar 2024 18:48:55 INFO 10: precision: 0.00882 | recall: 0.07294 | ndcg: 0.03957 | hit_rate: 0.08248 | map: 0.02785
Tue 19 Mar 2024 18:48:55 INFO 20: precision: 0.00668 | recall: 0.10862 | ndcg: 0.04901 | hit_rate: 0.11995 | map: 0.03053
Tue 19 Mar 2024 18:48:55 INFO Test Metrics:
Tue 19 Mar 2024 18:48:55 INFO 5: precision: 0.01851 | recall: 0.04759 | ndcg: 0.03601 | hit_rate: 0.08158 | map: 0.02546
Tue 19 Mar 2024 18:48:55 INFO 10: precision: 0.01453 | recall: 0.07416 | ndcg: 0.04609 | hit_rate: 0.12130 | map: 0.02966
Tue 19 Mar 2024 18:48:55 INFO 20: precision: 0.01096 | recall: 0.11076 | ndcg: 0.05722 | hit_rate: 0.17298 | map: 0.03282
Tue 19 Mar 2024 18:49:06 INFO Epoch 53, Loss: 22886.58749
Tue 19 Mar 2024 18:49:08 INFO Validation Metrics:
Tue 19 Mar 2024 18:49:08 INFO 5: precision: 0.01142 | recall: 0.04727 | ndcg: 0.03134 | hit_rate: 0.05439 | map: 0.02470
Tue 19 Mar 2024 18:49:08 INFO 10: precision: 0.00883 | recall: 0.07280 | ndcg: 0.03979 | hit_rate: 0.08210 | map: 0.02819
Tue 19 Mar 2024 18:49:08 INFO 20: precision: 0.00669 | recall: 0.10914 | ndcg: 0.04933 | hit_rate: 0.12053 | map: 0.03085
Tue 19 Mar 2024 18:49:08 INFO Test Metrics:
Tue 19 Mar 2024 18:49:08 INFO 5: precision: 0.01852 | recall: 0.04811 | ndcg: 0.03663 | hit_rate: 0.08222 | map: 0.02603
Tue 19 Mar 2024 18:49:08 INFO 10: precision: 0.01501 | recall: 0.07677 | ndcg: 0.04756 | hit_rate: 0.12582 | map: 0.03055
Tue 19 Mar 2024 18:49:08 INFO 20: precision: 0.01114 | recall: 0.11289 | ndcg: 0.05852 | hit_rate: 0.17575 | map: 0.03369
Tue 19 Mar 2024 18:49:19 INFO Epoch 54, Loss: 22669.34692
Tue 19 Mar 2024 18:49:21 INFO Validation Metrics:
Tue 19 Mar 2024 18:49:21 INFO 5: precision: 0.01160 | recall: 0.04846 | ndcg: 0.03234 | hit_rate: 0.05535 | map: 0.02568
Tue 19 Mar 2024 18:49:21 INFO 10: precision: 0.00902 | recall: 0.07467 | ndcg: 0.04104 | hit_rate: 0.08416 | map: 0.02928
Tue 19 Mar 2024 18:49:21 INFO 20: precision: 0.00681 | recall: 0.11109 | ndcg: 0.05063 | hit_rate: 0.12227 | map: 0.03197
Tue 19 Mar 2024 18:49:21 INFO Test Metrics:
Tue 19 Mar 2024 18:49:21 INFO 5: precision: 0.01854 | recall: 0.04813 | ndcg: 0.03678 | hit_rate: 0.08216 | map: 0.02619
Tue 19 Mar 2024 18:49:21 INFO 10: precision: 0.01504 | recall: 0.07670 | ndcg: 0.04774 | hit_rate: 0.12634 | map: 0.03072
Tue 19 Mar 2024 18:49:21 INFO 20: precision: 0.01114 | recall: 0.11353 | ndcg: 0.05885 | hit_rate: 0.17595 | map: 0.03394
Tue 19 Mar 2024 18:49:33 INFO Epoch 55, Loss: 22496.37010
Tue 19 Mar 2024 18:49:34 INFO Validation Metrics:
Tue 19 Mar 2024 18:49:34 INFO 5: precision: 0.01156 | recall: 0.04852 | ndcg: 0.03268 | hit_rate: 0.05574 | map: 0.02607
Tue 19 Mar 2024 18:49:34 INFO 10: precision: 0.00906 | recall: 0.07493 | ndcg: 0.04145 | hit_rate: 0.08442 | map: 0.02969
Tue 19 Mar 2024 18:49:34 INFO 20: precision: 0.00682 | recall: 0.11116 | ndcg: 0.05102 | hit_rate: 0.12240 | map: 0.03240
Tue 19 Mar 2024 18:49:34 INFO Test Metrics:
Tue 19 Mar 2024 18:49:34 INFO 5: precision: 0.01872 | recall: 0.04893 | ndcg: 0.03688 | hit_rate: 0.08248 | map: 0.02617
Tue 19 Mar 2024 18:49:34 INFO 10: precision: 0.01489 | recall: 0.07627 | ndcg: 0.04729 | hit_rate: 0.12479 | map: 0.03044
Tue 19 Mar 2024 18:49:34 INFO 20: precision: 0.01124 | recall: 0.11467 | ndcg: 0.05890 | hit_rate: 0.17866 | map: 0.03373
Tue 19 Mar 2024 18:49:46 INFO Epoch 56, Loss: 22301.30408
Tue 19 Mar 2024 18:49:48 INFO Validation Metrics:
Tue 19 Mar 2024 18:49:48 INFO 5: precision: 0.01155 | recall: 0.04836 | ndcg: 0.03250 | hit_rate: 0.05542 | map: 0.02586
Tue 19 Mar 2024 18:49:48 INFO 10: precision: 0.00903 | recall: 0.07485 | ndcg: 0.04133 | hit_rate: 0.08429 | map: 0.02953
Tue 19 Mar 2024 18:49:48 INFO 20: precision: 0.00688 | recall: 0.11263 | ndcg: 0.05126 | hit_rate: 0.12363 | map: 0.03232
Tue 19 Mar 2024 18:49:48 INFO Test Metrics:
Tue 19 Mar 2024 18:49:48 INFO 5: precision: 0.01878 | recall: 0.04865 | ndcg: 0.03712 | hit_rate: 0.08352 | map: 0.02644
Tue 19 Mar 2024 18:49:48 INFO 10: precision: 0.01507 | recall: 0.07701 | ndcg: 0.04795 | hit_rate: 0.12699 | map: 0.03091
Tue 19 Mar 2024 18:49:48 INFO 20: precision: 0.01140 | recall: 0.11660 | ndcg: 0.05988 | hit_rate: 0.18079 | map: 0.03434
Tue 19 Mar 2024 18:49:59 INFO Epoch 57, Loss: 22136.86755
Tue 19 Mar 2024 18:50:01 INFO Validation Metrics:
Tue 19 Mar 2024 18:50:01 INFO 5: precision: 0.01179 | recall: 0.04956 | ndcg: 0.03341 | hit_rate: 0.05652 | map: 0.02665
Tue 19 Mar 2024 18:50:01 INFO 10: precision: 0.00906 | recall: 0.07508 | ndcg: 0.04187 | hit_rate: 0.08455 | map: 0.03014
Tue 19 Mar 2024 18:50:01 INFO 20: precision: 0.00691 | recall: 0.11291 | ndcg: 0.05187 | hit_rate: 0.12434 | map: 0.03297
Tue 19 Mar 2024 18:50:01 INFO Test Metrics:
Tue 19 Mar 2024 18:50:01 INFO 5: precision: 0.01874 | recall: 0.04828 | ndcg: 0.03735 | hit_rate: 0.08268 | map: 0.02686
Tue 19 Mar 2024 18:50:01 INFO 10: precision: 0.01515 | recall: 0.07772 | ndcg: 0.04851 | hit_rate: 0.12686 | map: 0.03149
Tue 19 Mar 2024 18:50:01 INFO 20: precision: 0.01132 | recall: 0.11534 | ndcg: 0.05984 | hit_rate: 0.17995 | map: 0.03467
Tue 19 Mar 2024 18:50:12 INFO Epoch 58, Loss: 21988.64862
Tue 19 Mar 2024 18:50:14 INFO Validation Metrics:
Tue 19 Mar 2024 18:50:14 INFO 5: precision: 0.01183 | recall: 0.04963 | ndcg: 0.03281 | hit_rate: 0.05690 | map: 0.02586
Tue 19 Mar 2024 18:50:14 INFO 10: precision: 0.00926 | recall: 0.07688 | ndcg: 0.04184 | hit_rate: 0.08655 | map: 0.02959
Tue 19 Mar 2024 18:50:14 INFO 20: precision: 0.00692 | recall: 0.11298 | ndcg: 0.05135 | hit_rate: 0.12382 | map: 0.03228
Tue 19 Mar 2024 18:50:14 INFO Test Metrics:
Tue 19 Mar 2024 18:50:14 INFO 5: precision: 0.01907 | recall: 0.04925 | ndcg: 0.03825 | hit_rate: 0.08397 | map: 0.02764
Tue 19 Mar 2024 18:50:14 INFO 10: precision: 0.01522 | recall: 0.07782 | ndcg: 0.04911 | hit_rate: 0.12724 | map: 0.03214
Tue 19 Mar 2024 18:50:14 INFO 20: precision: 0.01140 | recall: 0.11648 | ndcg: 0.06077 | hit_rate: 0.18124 | map: 0.03544
Tue 19 Mar 2024 18:50:25 INFO Epoch 59, Loss: 21828.42128
Tue 19 Mar 2024 18:50:27 INFO Validation Metrics:
Tue 19 Mar 2024 18:50:27 INFO 5: precision: 0.01172 | recall: 0.04963 | ndcg: 0.03323 | hit_rate: 0.05665 | map: 0.02648
Tue 19 Mar 2024 18:50:27 INFO 10: precision: 0.00942 | recall: 0.07804 | ndcg: 0.04272 | hit_rate: 0.08778 | map: 0.03040
Tue 19 Mar 2024 18:50:27 INFO 20: precision: 0.00708 | recall: 0.11524 | ndcg: 0.05257 | hit_rate: 0.12653 | map: 0.03320
Tue 19 Mar 2024 18:50:27 INFO Test Metrics:
Tue 19 Mar 2024 18:50:27 INFO 5: precision: 0.01929 | recall: 0.05012 | ndcg: 0.03836 | hit_rate: 0.08513 | map: 0.02745
Tue 19 Mar 2024 18:50:27 INFO 10: precision: 0.01544 | recall: 0.07956 | ndcg: 0.04956 | hit_rate: 0.12976 | map: 0.03210
Tue 19 Mar 2024 18:50:27 INFO 20: precision: 0.01144 | recall: 0.11702 | ndcg: 0.06086 | hit_rate: 0.18163 | map: 0.03531
Tue 19 Mar 2024 18:50:38 INFO Epoch 60, Loss: 21649.96667
Tue 19 Mar 2024 18:50:39 INFO Validation Metrics:
Tue 19 Mar 2024 18:50:39 INFO 5: precision: 0.01192 | recall: 0.05049 | ndcg: 0.03322 | hit_rate: 0.05736 | map: 0.02618
Tue 19 Mar 2024 18:50:39 INFO 10: precision: 0.00923 | recall: 0.07696 | ndcg: 0.04197 | hit_rate: 0.08616 | map: 0.02979
Tue 19 Mar 2024 18:50:39 INFO 20: precision: 0.00701 | recall: 0.11421 | ndcg: 0.05186 | hit_rate: 0.12569 | map: 0.03259
Tue 19 Mar 2024 18:50:39 INFO Test Metrics:
Tue 19 Mar 2024 18:50:39 INFO 5: precision: 0.01973 | recall: 0.05108 | ndcg: 0.03944 | hit_rate: 0.08649 | map: 0.02847
Tue 19 Mar 2024 18:50:39 INFO 10: precision: 0.01543 | recall: 0.07884 | ndcg: 0.05002 | hit_rate: 0.12918 | map: 0.03284
Tue 19 Mar 2024 18:50:39 INFO 20: precision: 0.01150 | recall: 0.11743 | ndcg: 0.06169 | hit_rate: 0.18292 | map: 0.03616
Tue 19 Mar 2024 18:50:50 INFO Epoch 61, Loss: 21527.27602
Tue 19 Mar 2024 18:50:52 INFO Validation Metrics:
Tue 19 Mar 2024 18:50:52 INFO 5: precision: 0.01214 | recall: 0.05136 | ndcg: 0.03388 | hit_rate: 0.05852 | map: 0.02674
Tue 19 Mar 2024 18:50:52 INFO 10: precision: 0.00941 | recall: 0.07828 | ndcg: 0.04278 | hit_rate: 0.08791 | map: 0.03040
Tue 19 Mar 2024 18:50:52 INFO 20: precision: 0.00706 | recall: 0.11582 | ndcg: 0.05265 | hit_rate: 0.12692 | map: 0.03317
Tue 19 Mar 2024 18:50:52 INFO Test Metrics:
Tue 19 Mar 2024 18:50:52 INFO 5: precision: 0.01976 | recall: 0.05141 | ndcg: 0.03936 | hit_rate: 0.08733 | map: 0.02831
Tue 19 Mar 2024 18:50:52 INFO 10: precision: 0.01569 | recall: 0.08075 | ndcg: 0.05049 | hit_rate: 0.13177 | map: 0.03288
Tue 19 Mar 2024 18:50:52 INFO 20: precision: 0.01150 | recall: 0.11736 | ndcg: 0.06162 | hit_rate: 0.18241 | map: 0.03609
Tue 19 Mar 2024 18:51:04 INFO Epoch 62, Loss: 21427.43893
Tue 19 Mar 2024 18:51:05 INFO Validation Metrics:
Tue 19 Mar 2024 18:51:05 INFO 5: precision: 0.01181 | recall: 0.05015 | ndcg: 0.03310 | hit_rate: 0.05697 | map: 0.02613
Tue 19 Mar 2024 18:51:05 INFO 10: precision: 0.00943 | recall: 0.07836 | ndcg: 0.04248 | hit_rate: 0.08810 | map: 0.02998
Tue 19 Mar 2024 18:51:05 INFO 20: precision: 0.00716 | recall: 0.11752 | ndcg: 0.05274 | hit_rate: 0.12879 | map: 0.03285
Tue 19 Mar 2024 18:51:05 INFO Test Metrics:
Tue 19 Mar 2024 18:51:05 INFO 5: precision: 0.01967 | recall: 0.05101 | ndcg: 0.03953 | hit_rate: 0.08675 | map: 0.02852
Tue 19 Mar 2024 18:51:05 INFO 10: precision: 0.01521 | recall: 0.07854 | ndcg: 0.04992 | hit_rate: 0.12796 | map: 0.03281
Tue 19 Mar 2024 18:51:05 INFO 20: precision: 0.01150 | recall: 0.11793 | ndcg: 0.06186 | hit_rate: 0.18241 | map: 0.03623
Tue 19 Mar 2024 18:51:16 INFO Epoch 63, Loss: 21272.27901
Tue 19 Mar 2024 18:51:18 INFO Validation Metrics:
Tue 19 Mar 2024 18:51:18 INFO 5: precision: 0.01203 | recall: 0.05095 | ndcg: 0.03392 | hit_rate: 0.05794 | map: 0.02689
Tue 19 Mar 2024 18:51:18 INFO 10: precision: 0.00940 | recall: 0.07864 | ndcg: 0.04302 | hit_rate: 0.08778 | map: 0.03063
Tue 19 Mar 2024 18:51:18 INFO 20: precision: 0.00714 | recall: 0.11702 | ndcg: 0.05313 | hit_rate: 0.12821 | map: 0.03346
Tue 19 Mar 2024 18:51:18 INFO Test Metrics:
Tue 19 Mar 2024 18:51:18 INFO 5: precision: 0.01965 | recall: 0.05139 | ndcg: 0.03987 | hit_rate: 0.08604 | map: 0.02897
Tue 19 Mar 2024 18:51:18 INFO 10: precision: 0.01545 | recall: 0.07978 | ndcg: 0.05066 | hit_rate: 0.12976 | map: 0.03341
Tue 19 Mar 2024 18:51:18 INFO 20: precision: 0.01144 | recall: 0.11719 | ndcg: 0.06197 | hit_rate: 0.18195 | map: 0.03662
Tue 19 Mar 2024 18:51:29 INFO Epoch 64, Loss: 21152.16904
Tue 19 Mar 2024 18:51:31 INFO Validation Metrics:
Tue 19 Mar 2024 18:51:31 INFO 5: precision: 0.01226 | recall: 0.05170 | ndcg: 0.03467 | hit_rate: 0.05897 | map: 0.02760
Tue 19 Mar 2024 18:51:31 INFO 10: precision: 0.00946 | recall: 0.07931 | ndcg: 0.04376 | hit_rate: 0.08875 | map: 0.03136
Tue 19 Mar 2024 18:51:31 INFO 20: precision: 0.00714 | recall: 0.11762 | ndcg: 0.05385 | hit_rate: 0.12860 | map: 0.03420
Tue 19 Mar 2024 18:51:31 INFO Test Metrics:
Tue 19 Mar 2024 18:51:31 INFO 5: precision: 0.01987 | recall: 0.05200 | ndcg: 0.04028 | hit_rate: 0.08681 | map: 0.02916
Tue 19 Mar 2024 18:51:31 INFO 10: precision: 0.01567 | recall: 0.08025 | ndcg: 0.05109 | hit_rate: 0.13086 | map: 0.03359
Tue 19 Mar 2024 18:51:31 INFO 20: precision: 0.01154 | recall: 0.11841 | ndcg: 0.06259 | hit_rate: 0.18305 | map: 0.03687
Tue 19 Mar 2024 18:51:43 INFO Epoch 65, Loss: 20962.37837
Tue 19 Mar 2024 18:51:44 INFO Validation Metrics:
Tue 19 Mar 2024 18:51:44 INFO 5: precision: 0.01236 | recall: 0.05261 | ndcg: 0.03430 | hit_rate: 0.05936 | map: 0.02687
Tue 19 Mar 2024 18:51:44 INFO 10: precision: 0.00947 | recall: 0.07974 | ndcg: 0.04323 | hit_rate: 0.08888 | map: 0.03057
Tue 19 Mar 2024 18:51:44 INFO 20: precision: 0.00718 | recall: 0.11884 | ndcg: 0.05354 | hit_rate: 0.13002 | map: 0.03347
Tue 19 Mar 2024 18:51:44 INFO Test Metrics:
Tue 19 Mar 2024 18:51:44 INFO 5: precision: 0.02013 | recall: 0.05253 | ndcg: 0.04056 | hit_rate: 0.08810 | map: 0.02936
Tue 19 Mar 2024 18:51:44 INFO 10: precision: 0.01590 | recall: 0.08151 | ndcg: 0.05159 | hit_rate: 0.13325 | map: 0.03388
Tue 19 Mar 2024 18:51:44 INFO 20: precision: 0.01156 | recall: 0.11880 | ndcg: 0.06278 | hit_rate: 0.18344 | map: 0.03709
Tue 19 Mar 2024 18:51:56 INFO Epoch 66, Loss: 20844.25078
Tue 19 Mar 2024 18:51:58 INFO Validation Metrics:
Tue 19 Mar 2024 18:51:58 INFO 5: precision: 0.01214 | recall: 0.05173 | ndcg: 0.03414 | hit_rate: 0.05845 | map: 0.02696
Tue 19 Mar 2024 18:51:58 INFO 10: precision: 0.00956 | recall: 0.08009 | ndcg: 0.04354 | hit_rate: 0.08907 | map: 0.03087
Tue 19 Mar 2024 18:51:58 INFO 20: precision: 0.00727 | recall: 0.12004 | ndcg: 0.05401 | hit_rate: 0.13086 | map: 0.03378
Tue 19 Mar 2024 18:51:58 INFO Test Metrics:
Tue 19 Mar 2024 18:51:58 INFO 5: precision: 0.02033 | recall: 0.05305 | ndcg: 0.04114 | hit_rate: 0.08920 | map: 0.02975
Tue 19 Mar 2024 18:51:58 INFO 10: precision: 0.01584 | recall: 0.08163 | ndcg: 0.05204 | hit_rate: 0.13312 | map: 0.03425
Tue 19 Mar 2024 18:51:58 INFO 20: precision: 0.01154 | recall: 0.11857 | ndcg: 0.06316 | hit_rate: 0.18273 | map: 0.03747
Tue 19 Mar 2024 18:52:09 INFO Epoch 67, Loss: 20727.64406
Tue 19 Mar 2024 18:52:11 INFO Validation Metrics:
Tue 19 Mar 2024 18:52:11 INFO 5: precision: 0.01219 | recall: 0.05196 | ndcg: 0.03427 | hit_rate: 0.05891 | map: 0.02710
Tue 19 Mar 2024 18:52:11 INFO 10: precision: 0.00958 | recall: 0.08077 | ndcg: 0.04379 | hit_rate: 0.09004 | map: 0.03104
Tue 19 Mar 2024 18:52:11 INFO 20: precision: 0.00732 | recall: 0.12113 | ndcg: 0.05442 | hit_rate: 0.13241 | map: 0.03402
Tue 19 Mar 2024 18:52:11 INFO Test Metrics:
Tue 19 Mar 2024 18:52:11 INFO 5: precision: 0.02081 | recall: 0.05430 | ndcg: 0.04210 | hit_rate: 0.09146 | map: 0.03045
Tue 19 Mar 2024 18:52:11 INFO 10: precision: 0.01609 | recall: 0.08312 | ndcg: 0.05302 | hit_rate: 0.13403 | map: 0.03503
Tue 19 Mar 2024 18:52:11 INFO 20: precision: 0.01164 | recall: 0.12051 | ndcg: 0.06415 | hit_rate: 0.18499 | map: 0.03817
Tue 19 Mar 2024 18:52:22 INFO Epoch 68, Loss: 20612.07184
Tue 19 Mar 2024 18:52:24 INFO Validation Metrics:
Tue 19 Mar 2024 18:52:24 INFO 5: precision: 0.01235 | recall: 0.05288 | ndcg: 0.03487 | hit_rate: 0.05968 | map: 0.02756
Tue 19 Mar 2024 18:52:24 INFO 10: precision: 0.00952 | recall: 0.08039 | ndcg: 0.04399 | hit_rate: 0.08933 | map: 0.03137
Tue 19 Mar 2024 18:52:24 INFO 20: precision: 0.00724 | recall: 0.11922 | ndcg: 0.05425 | hit_rate: 0.13054 | map: 0.03424
Tue 19 Mar 2024 18:52:24 INFO Test Metrics:
Tue 19 Mar 2024 18:52:24 INFO 5: precision: 0.02097 | recall: 0.05483 | ndcg: 0.04209 | hit_rate: 0.09204 | map: 0.03030
Tue 19 Mar 2024 18:52:24 INFO 10: precision: 0.01604 | recall: 0.08309 | ndcg: 0.05277 | hit_rate: 0.13441 | map: 0.03474
Tue 19 Mar 2024 18:52:24 INFO 20: precision: 0.01174 | recall: 0.12129 | ndcg: 0.06421 | hit_rate: 0.18589 | map: 0.03802
Tue 19 Mar 2024 18:52:35 INFO Epoch 69, Loss: 20495.67815
Tue 19 Mar 2024 18:52:37 INFO Validation Metrics:
Tue 19 Mar 2024 18:52:37 INFO 5: precision: 0.01227 | recall: 0.05252 | ndcg: 0.03429 | hit_rate: 0.05936 | map: 0.02699
Tue 19 Mar 2024 18:52:37 INFO 10: precision: 0.00955 | recall: 0.08069 | ndcg: 0.04361 | hit_rate: 0.08946 | map: 0.03087
Tue 19 Mar 2024 18:52:37 INFO 20: precision: 0.00731 | recall: 0.12087 | ndcg: 0.05414 | hit_rate: 0.13183 | map: 0.03379
Tue 19 Mar 2024 18:52:37 INFO Test Metrics:
Tue 19 Mar 2024 18:52:37 INFO 5: precision: 0.02107 | recall: 0.05553 | ndcg: 0.04248 | hit_rate: 0.09249 | map: 0.03064
Tue 19 Mar 2024 18:52:37 INFO 10: precision: 0.01610 | recall: 0.08326 | ndcg: 0.05298 | hit_rate: 0.13428 | map: 0.03501
Tue 19 Mar 2024 18:52:37 INFO 20: precision: 0.01167 | recall: 0.12024 | ndcg: 0.06408 | hit_rate: 0.18480 | map: 0.03819
Tue 19 Mar 2024 18:52:48 INFO Epoch 70, Loss: 20409.74953
Tue 19 Mar 2024 18:52:50 INFO Validation Metrics:
Tue 19 Mar 2024 18:52:50 INFO 5: precision: 0.01234 | recall: 0.05247 | ndcg: 0.03475 | hit_rate: 0.05942 | map: 0.02757
Tue 19 Mar 2024 18:52:50 INFO 10: precision: 0.00962 | recall: 0.08081 | ndcg: 0.04420 | hit_rate: 0.08959 | map: 0.03154
Tue 19 Mar 2024 18:52:50 INFO 20: precision: 0.00734 | recall: 0.12126 | ndcg: 0.05484 | hit_rate: 0.13267 | map: 0.03451
Tue 19 Mar 2024 18:52:50 INFO Test Metrics:
Tue 19 Mar 2024 18:52:50 INFO 5: precision: 0.02166 | recall: 0.05708 | ndcg: 0.04330 | hit_rate: 0.09540 | map: 0.03103
Tue 19 Mar 2024 18:52:50 INFO 10: precision: 0.01623 | recall: 0.08429 | ndcg: 0.05360 | hit_rate: 0.13493 | map: 0.03541
Tue 19 Mar 2024 18:52:50 INFO 20: precision: 0.01168 | recall: 0.12086 | ndcg: 0.06458 | hit_rate: 0.18480 | map: 0.03855
Tue 19 Mar 2024 18:53:01 INFO Epoch 71, Loss: 20322.66214
Tue 19 Mar 2024 18:53:03 INFO Validation Metrics:
Tue 19 Mar 2024 18:53:03 INFO 5: precision: 0.01226 | recall: 0.05233 | ndcg: 0.03496 | hit_rate: 0.05897 | map: 0.02792
Tue 19 Mar 2024 18:53:03 INFO 10: precision: 0.00964 | recall: 0.08080 | ndcg: 0.04446 | hit_rate: 0.09010 | map: 0.03188
Tue 19 Mar 2024 18:53:03 INFO 20: precision: 0.00728 | recall: 0.12007 | ndcg: 0.05481 | hit_rate: 0.13099 | map: 0.03479
Tue 19 Mar 2024 18:53:03 INFO Test Metrics:
Tue 19 Mar 2024 18:53:03 INFO 5: precision: 0.02111 | recall: 0.05565 | ndcg: 0.04285 | hit_rate: 0.09178 | map: 0.03112
Tue 19 Mar 2024 18:53:03 INFO 10: precision: 0.01616 | recall: 0.08391 | ndcg: 0.05358 | hit_rate: 0.13500 | map: 0.03556
Tue 19 Mar 2024 18:53:03 INFO 20: precision: 0.01168 | recall: 0.12035 | ndcg: 0.06459 | hit_rate: 0.18531 | map: 0.03871
Tue 19 Mar 2024 18:53:15 INFO Epoch 72, Loss: 20173.10471
Tue 19 Mar 2024 18:53:17 INFO Validation Metrics:
Tue 19 Mar 2024 18:53:17 INFO 5: precision: 0.01227 | recall: 0.05271 | ndcg: 0.03496 | hit_rate: 0.05942 | map: 0.02782
Tue 19 Mar 2024 18:53:17 INFO 10: precision: 0.00957 | recall: 0.08045 | ndcg: 0.04421 | hit_rate: 0.08965 | map: 0.03168
Tue 19 Mar 2024 18:53:17 INFO 20: precision: 0.00731 | recall: 0.12039 | ndcg: 0.05472 | hit_rate: 0.13125 | map: 0.03462
Tue 19 Mar 2024 18:53:17 INFO Test Metrics:
Tue 19 Mar 2024 18:53:17 INFO 5: precision: 0.02137 | recall: 0.05601 | ndcg: 0.04274 | hit_rate: 0.09372 | map: 0.03072
Tue 19 Mar 2024 18:53:17 INFO 10: precision: 0.01612 | recall: 0.08383 | ndcg: 0.05323 | hit_rate: 0.13480 | map: 0.03514
Tue 19 Mar 2024 18:53:17 INFO 20: precision: 0.01174 | recall: 0.12090 | ndcg: 0.06441 | hit_rate: 0.18544 | map: 0.03833
Tue 19 Mar 2024 18:53:28 INFO Epoch 73, Loss: 20031.20441
Tue 19 Mar 2024 18:53:30 INFO Validation Metrics:
Tue 19 Mar 2024 18:53:30 INFO 5: precision: 0.01236 | recall: 0.05290 | ndcg: 0.03469 | hit_rate: 0.06001 | map: 0.02738
Tue 19 Mar 2024 18:53:30 INFO 10: precision: 0.00953 | recall: 0.08048 | ndcg: 0.04383 | hit_rate: 0.08939 | map: 0.03118
Tue 19 Mar 2024 18:53:30 INFO 20: precision: 0.00719 | recall: 0.11863 | ndcg: 0.05390 | hit_rate: 0.12925 | map: 0.03401
Tue 19 Mar 2024 18:53:30 INFO Test Metrics:
Tue 19 Mar 2024 18:53:30 INFO 5: precision: 0.02139 | recall: 0.05643 | ndcg: 0.04361 | hit_rate: 0.09340 | map: 0.03164
Tue 19 Mar 2024 18:53:30 INFO 10: precision: 0.01614 | recall: 0.08394 | ndcg: 0.05404 | hit_rate: 0.13428 | map: 0.03605
Tue 19 Mar 2024 18:53:30 INFO 20: precision: 0.01165 | recall: 0.12017 | ndcg: 0.06496 | hit_rate: 0.18441 | map: 0.03914
Tue 19 Mar 2024 18:53:42 INFO Epoch 74, Loss: 19907.61061
Tue 19 Mar 2024 18:53:43 INFO Validation Metrics:
Tue 19 Mar 2024 18:53:43 INFO 5: precision: 0.01234 | recall: 0.05247 | ndcg: 0.03523 | hit_rate: 0.05955 | map: 0.02817
Tue 19 Mar 2024 18:53:43 INFO 10: precision: 0.00970 | recall: 0.08135 | ndcg: 0.04479 | hit_rate: 0.09049 | map: 0.03215
Tue 19 Mar 2024 18:53:43 INFO 20: precision: 0.00724 | recall: 0.11895 | ndcg: 0.05469 | hit_rate: 0.12989 | map: 0.03491
Tue 19 Mar 2024 18:53:43 INFO Test Metrics:
Tue 19 Mar 2024 18:53:43 INFO 5: precision: 0.02144 | recall: 0.05663 | ndcg: 0.04343 | hit_rate: 0.09308 | map: 0.03152
Tue 19 Mar 2024 18:53:43 INFO 10: precision: 0.01613 | recall: 0.08360 | ndcg: 0.05370 | hit_rate: 0.13332 | map: 0.03588
Tue 19 Mar 2024 18:53:43 INFO 20: precision: 0.01156 | recall: 0.11881 | ndcg: 0.06435 | hit_rate: 0.18169 | map: 0.03893
Tue 19 Mar 2024 18:53:54 INFO Epoch 75, Loss: 19777.16219
Tue 19 Mar 2024 18:53:56 INFO Validation Metrics:
Tue 19 Mar 2024 18:53:56 INFO 5: precision: 0.01208 | recall: 0.05152 | ndcg: 0.03446 | hit_rate: 0.05852 | map: 0.02751
Tue 19 Mar 2024 18:53:56 INFO 10: precision: 0.00957 | recall: 0.08018 | ndcg: 0.04402 | hit_rate: 0.08985 | map: 0.03148
Tue 19 Mar 2024 18:53:56 INFO 20: precision: 0.00715 | recall: 0.11738 | ndcg: 0.05383 | hit_rate: 0.12847 | map: 0.03425
Tue 19 Mar 2024 18:53:56 INFO Test Metrics:
Tue 19 Mar 2024 18:53:56 INFO 5: precision: 0.02146 | recall: 0.05652 | ndcg: 0.04364 | hit_rate: 0.09327 | map: 0.03168
Tue 19 Mar 2024 18:53:56 INFO 10: precision: 0.01633 | recall: 0.08430 | ndcg: 0.05427 | hit_rate: 0.13454 | map: 0.03620
Tue 19 Mar 2024 18:53:56 INFO 20: precision: 0.01149 | recall: 0.11803 | ndcg: 0.06447 | hit_rate: 0.18118 | map: 0.03912
Tue 19 Mar 2024 18:54:08 INFO Epoch 76, Loss: 19682.99049
Tue 19 Mar 2024 18:54:09 INFO Validation Metrics:
Tue 19 Mar 2024 18:54:09 INFO 5: precision: 0.01218 | recall: 0.05188 | ndcg: 0.03479 | hit_rate: 0.05884 | map: 0.02786
Tue 19 Mar 2024 18:54:09 INFO 10: precision: 0.00943 | recall: 0.07812 | ndcg: 0.04360 | hit_rate: 0.08752 | map: 0.03155
Tue 19 Mar 2024 18:54:09 INFO 20: precision: 0.00720 | recall: 0.11857 | ndcg: 0.05419 | hit_rate: 0.12925 | map: 0.03452
Tue 19 Mar 2024 18:54:09 INFO Test Metrics:
Tue 19 Mar 2024 18:54:09 INFO 5: precision: 0.02111 | recall: 0.05556 | ndcg: 0.04373 | hit_rate: 0.09198 | map: 0.03222
Tue 19 Mar 2024 18:54:09 INFO 10: precision: 0.01607 | recall: 0.08340 | ndcg: 0.05430 | hit_rate: 0.13312 | map: 0.03669
Tue 19 Mar 2024 18:54:09 INFO 20: precision: 0.01152 | recall: 0.11798 | ndcg: 0.06481 | hit_rate: 0.18137 | map: 0.03969
Tue 19 Mar 2024 18:54:20 INFO Epoch 77, Loss: 19548.99690
Tue 19 Mar 2024 18:54:22 INFO Validation Metrics:
Tue 19 Mar 2024 18:54:22 INFO 5: precision: 0.01243 | recall: 0.05283 | ndcg: 0.03530 | hit_rate: 0.05994 | map: 0.02817
Tue 19 Mar 2024 18:54:22 INFO 10: precision: 0.00957 | recall: 0.07974 | ndcg: 0.04425 | hit_rate: 0.08920 | map: 0.03187
Tue 19 Mar 2024 18:54:22 INFO 20: precision: 0.00707 | recall: 0.11606 | ndcg: 0.05382 | hit_rate: 0.12718 | map: 0.03457
Tue 19 Mar 2024 18:54:22 INFO Test Metrics:
Tue 19 Mar 2024 18:54:22 INFO 5: precision: 0.02146 | recall: 0.05642 | ndcg: 0.04387 | hit_rate: 0.09385 | map: 0.03210
Tue 19 Mar 2024 18:54:22 INFO 10: precision: 0.01604 | recall: 0.08307 | ndcg: 0.05399 | hit_rate: 0.13261 | map: 0.03643
Tue 19 Mar 2024 18:54:22 INFO 20: precision: 0.01152 | recall: 0.11807 | ndcg: 0.06458 | hit_rate: 0.18111 | map: 0.03944
Tue 19 Mar 2024 18:54:33 INFO Epoch 78, Loss: 19448.48465
Tue 19 Mar 2024 18:54:35 INFO Validation Metrics:
Tue 19 Mar 2024 18:54:35 INFO 5: precision: 0.01229 | recall: 0.05212 | ndcg: 0.03470 | hit_rate: 0.05955 | map: 0.02756
Tue 19 Mar 2024 18:54:35 INFO 10: precision: 0.00948 | recall: 0.07869 | ndcg: 0.04359 | hit_rate: 0.08836 | map: 0.03128
Tue 19 Mar 2024 18:54:35 INFO 20: precision: 0.00717 | recall: 0.11749 | ndcg: 0.05378 | hit_rate: 0.12867 | map: 0.03415
Tue 19 Mar 2024 18:54:35 INFO Test Metrics:
Tue 19 Mar 2024 18:54:35 INFO 5: precision: 0.02134 | recall: 0.05625 | ndcg: 0.04393 | hit_rate: 0.09288 | map: 0.03223
Tue 19 Mar 2024 18:54:35 INFO 10: precision: 0.01609 | recall: 0.08309 | ndcg: 0.05417 | hit_rate: 0.13228 | map: 0.03661
Tue 19 Mar 2024 18:54:35 INFO 20: precision: 0.01146 | recall: 0.11748 | ndcg: 0.06459 | hit_rate: 0.17930 | map: 0.03960
Tue 19 Mar 2024 18:54:46 INFO Epoch 79, Loss: 19277.45401
Tue 19 Mar 2024 18:54:48 INFO Validation Metrics:
Tue 19 Mar 2024 18:54:48 INFO 5: precision: 0.01219 | recall: 0.05202 | ndcg: 0.03478 | hit_rate: 0.05865 | map: 0.02777
Tue 19 Mar 2024 18:54:48 INFO 10: precision: 0.00951 | recall: 0.07923 | ndcg: 0.04391 | hit_rate: 0.08849 | map: 0.03158
Tue 19 Mar 2024 18:54:48 INFO 20: precision: 0.00704 | recall: 0.11498 | ndcg: 0.05331 | hit_rate: 0.12628 | map: 0.03421
Tue 19 Mar 2024 18:54:48 INFO Test Metrics:
Tue 19 Mar 2024 18:54:48 INFO 5: precision: 0.02128 | recall: 0.05587 | ndcg: 0.04375 | hit_rate: 0.09295 | map: 0.03204
Tue 19 Mar 2024 18:54:48 INFO 10: precision: 0.01603 | recall: 0.08270 | ndcg: 0.05396 | hit_rate: 0.13267 | map: 0.03641
Tue 19 Mar 2024 18:54:48 INFO 20: precision: 0.01150 | recall: 0.11778 | ndcg: 0.06452 | hit_rate: 0.18073 | map: 0.03941
Tue 19 Mar 2024 18:54:59 INFO Epoch 80, Loss: 19184.35558
Tue 19 Mar 2024 18:55:00 INFO Validation Metrics:
Tue 19 Mar 2024 18:55:00 INFO 5: precision: 0.01209 | recall: 0.05108 | ndcg: 0.03394 | hit_rate: 0.05813 | map: 0.02692
Tue 19 Mar 2024 18:55:00 INFO 10: precision: 0.00937 | recall: 0.07798 | ndcg: 0.04292 | hit_rate: 0.08713 | map: 0.03068
Tue 19 Mar 2024 18:55:00 INFO 20: precision: 0.00695 | recall: 0.11295 | ndcg: 0.05217 | hit_rate: 0.12414 | map: 0.03328
Tue 19 Mar 2024 18:55:00 INFO Test Metrics:
Tue 19 Mar 2024 18:55:00 INFO 5: precision: 0.02073 | recall: 0.05456 | ndcg: 0.04241 | hit_rate: 0.09088 | map: 0.03093
Tue 19 Mar 2024 18:55:00 INFO 10: precision: 0.01588 | recall: 0.08213 | ndcg: 0.05291 | hit_rate: 0.13196 | map: 0.03544
Tue 19 Mar 2024 18:55:00 INFO 20: precision: 0.01138 | recall: 0.11639 | ndcg: 0.06330 | hit_rate: 0.17821 | map: 0.03845
Tue 19 Mar 2024 18:55:12 INFO Epoch 81, Loss: 19079.30721
Tue 19 Mar 2024 18:55:14 INFO Validation Metrics:
Tue 19 Mar 2024 18:55:14 INFO 5: precision: 0.01222 | recall: 0.05160 | ndcg: 0.03440 | hit_rate: 0.05845 | map: 0.02734
Tue 19 Mar 2024 18:55:14 INFO 10: precision: 0.00937 | recall: 0.07792 | ndcg: 0.04317 | hit_rate: 0.08720 | map: 0.03098
Tue 19 Mar 2024 18:55:14 INFO 20: precision: 0.00690 | recall: 0.11230 | ndcg: 0.05229 | hit_rate: 0.12376 | map: 0.03357
Tue 19 Mar 2024 18:55:14 INFO Test Metrics:
Tue 19 Mar 2024 18:55:14 INFO 5: precision: 0.02089 | recall: 0.05457 | ndcg: 0.04326 | hit_rate: 0.09082 | map: 0.03188
Tue 19 Mar 2024 18:55:14 INFO 10: precision: 0.01579 | recall: 0.08189 | ndcg: 0.05355 | hit_rate: 0.13022 | map: 0.03630
Tue 19 Mar 2024 18:55:14 INFO 20: precision: 0.01121 | recall: 0.11420 | ndcg: 0.06340 | hit_rate: 0.17536 | map: 0.03911
Tue 19 Mar 2024 18:55:25 INFO Epoch 82, Loss: 18956.94418
Tue 19 Mar 2024 18:55:27 INFO Validation Metrics:
Tue 19 Mar 2024 18:55:27 INFO 5: precision: 0.01170 | recall: 0.04952 | ndcg: 0.03313 | hit_rate: 0.05619 | map: 0.02639
Tue 19 Mar 2024 18:55:27 INFO 10: precision: 0.00942 | recall: 0.07753 | ndcg: 0.04259 | hit_rate: 0.08707 | map: 0.03036
Tue 19 Mar 2024 18:55:27 INFO 20: precision: 0.00687 | recall: 0.11207 | ndcg: 0.05165 | hit_rate: 0.12337 | map: 0.03290
Tue 19 Mar 2024 18:55:27 INFO Test Metrics:
Tue 19 Mar 2024 18:55:27 INFO 5: precision: 0.02063 | recall: 0.05368 | ndcg: 0.04234 | hit_rate: 0.09010 | map: 0.03102
Tue 19 Mar 2024 18:55:27 INFO 10: precision: 0.01555 | recall: 0.08022 | ndcg: 0.05230 | hit_rate: 0.12892 | map: 0.03526
Tue 19 Mar 2024 18:55:27 INFO 20: precision: 0.01106 | recall: 0.11235 | ndcg: 0.06210 | hit_rate: 0.17175 | map: 0.03813
Tue 19 Mar 2024 18:55:39 INFO Epoch 83, Loss: 18852.50017
Tue 19 Mar 2024 18:55:41 INFO Validation Metrics:
Tue 19 Mar 2024 18:55:41 INFO 5: precision: 0.01195 | recall: 0.05017 | ndcg: 0.03354 | hit_rate: 0.05729 | map: 0.02665
Tue 19 Mar 2024 18:55:41 INFO 10: precision: 0.00931 | recall: 0.07668 | ndcg: 0.04247 | hit_rate: 0.08558 | map: 0.03044
Tue 19 Mar 2024 18:55:41 INFO 20: precision: 0.00688 | recall: 0.11153 | ndcg: 0.05169 | hit_rate: 0.12259 | map: 0.03304
Tue 19 Mar 2024 18:55:41 INFO Test Metrics:
Tue 19 Mar 2024 18:55:41 INFO 5: precision: 0.02049 | recall: 0.05347 | ndcg: 0.04203 | hit_rate: 0.08914 | map: 0.03079
Tue 19 Mar 2024 18:55:41 INFO 10: precision: 0.01559 | recall: 0.08025 | ndcg: 0.05218 | hit_rate: 0.12828 | map: 0.03512
Tue 19 Mar 2024 18:55:41 INFO 20: precision: 0.01115 | recall: 0.11338 | ndcg: 0.06224 | hit_rate: 0.17336 | map: 0.03802
Tue 19 Mar 2024 18:55:52 INFO Epoch 84, Loss: 18750.78146
Tue 19 Mar 2024 18:55:54 INFO Validation Metrics:
Tue 19 Mar 2024 18:55:54 INFO 5: precision: 0.01230 | recall: 0.05147 | ndcg: 0.03369 | hit_rate: 0.05878 | map: 0.02645
Tue 19 Mar 2024 18:55:54 INFO 10: precision: 0.00933 | recall: 0.07679 | ndcg: 0.04219 | hit_rate: 0.08591 | map: 0.03005
Tue 19 Mar 2024 18:55:54 INFO 20: precision: 0.00690 | recall: 0.11170 | ndcg: 0.05139 | hit_rate: 0.12253 | map: 0.03264
Tue 19 Mar 2024 18:55:54 INFO Test Metrics:
Tue 19 Mar 2024 18:55:54 INFO 5: precision: 0.02028 | recall: 0.05239 | ndcg: 0.04101 | hit_rate: 0.08823 | map: 0.02984
Tue 19 Mar 2024 18:55:54 INFO 10: precision: 0.01556 | recall: 0.07969 | ndcg: 0.05135 | hit_rate: 0.12763 | map: 0.03430
Tue 19 Mar 2024 18:55:54 INFO 20: precision: 0.01098 | recall: 0.11128 | ndcg: 0.06098 | hit_rate: 0.17033 | map: 0.03713
Tue 19 Mar 2024 18:56:06 INFO Epoch 85, Loss: 18662.43748
Tue 19 Mar 2024 18:56:07 INFO Validation Metrics:
Tue 19 Mar 2024 18:56:07 INFO 5: precision: 0.01204 | recall: 0.05021 | ndcg: 0.03345 | hit_rate: 0.05768 | map: 0.02646
Tue 19 Mar 2024 18:56:07 INFO 10: precision: 0.00913 | recall: 0.07481 | ndcg: 0.04170 | hit_rate: 0.08377 | map: 0.02997
Tue 19 Mar 2024 18:56:07 INFO 20: precision: 0.00671 | recall: 0.10839 | ndcg: 0.05059 | hit_rate: 0.11917 | map: 0.03250
Tue 19 Mar 2024 18:56:07 INFO Test Metrics:
Tue 19 Mar 2024 18:56:07 INFO 5: precision: 0.02035 | recall: 0.05273 | ndcg: 0.04115 | hit_rate: 0.08823 | map: 0.03002
Tue 19 Mar 2024 18:56:07 INFO 10: precision: 0.01533 | recall: 0.07851 | ndcg: 0.05093 | hit_rate: 0.12550 | map: 0.03425
Tue 19 Mar 2024 18:56:07 INFO 20: precision: 0.01094 | recall: 0.11056 | ndcg: 0.06073 | hit_rate: 0.16975 | map: 0.03708
Tue 19 Mar 2024 18:56:18 INFO Epoch 86, Loss: 18586.91216
Tue 19 Mar 2024 18:56:20 INFO Validation Metrics:
Tue 19 Mar 2024 18:56:20 INFO 5: precision: 0.01165 | recall: 0.04845 | ndcg: 0.03215 | hit_rate: 0.05581 | map: 0.02533
Tue 19 Mar 2024 18:56:20 INFO 10: precision: 0.00920 | recall: 0.07540 | ndcg: 0.04116 | hit_rate: 0.08442 | map: 0.02915
Tue 19 Mar 2024 18:56:20 INFO 20: precision: 0.00667 | recall: 0.10733 | ndcg: 0.04965 | hit_rate: 0.11807 | map: 0.03157
Tue 19 Mar 2024 18:56:20 INFO Test Metrics:
Tue 19 Mar 2024 18:56:20 INFO 5: precision: 0.02009 | recall: 0.05187 | ndcg: 0.04074 | hit_rate: 0.08733 | map: 0.02981
Tue 19 Mar 2024 18:56:20 INFO 10: precision: 0.01522 | recall: 0.07713 | ndcg: 0.05037 | hit_rate: 0.12337 | map: 0.03401
Tue 19 Mar 2024 18:56:20 INFO 20: precision: 0.01085 | recall: 0.10938 | ndcg: 0.06018 | hit_rate: 0.16768 | map: 0.03684
Tue 19 Mar 2024 18:56:31 INFO Epoch 87, Loss: 18481.33253
Tue 19 Mar 2024 18:56:33 INFO Validation Metrics:
Tue 19 Mar 2024 18:56:33 INFO 5: precision: 0.01164 | recall: 0.04843 | ndcg: 0.03290 | hit_rate: 0.05574 | map: 0.02630
Tue 19 Mar 2024 18:56:33 INFO 10: precision: 0.00913 | recall: 0.07502 | ndcg: 0.04176 | hit_rate: 0.08416 | map: 0.03001
Tue 19 Mar 2024 18:56:33 INFO 20: precision: 0.00666 | recall: 0.10721 | ndcg: 0.05034 | hit_rate: 0.11788 | map: 0.03247
Tue 19 Mar 2024 18:56:33 INFO Test Metrics:
Tue 19 Mar 2024 18:56:33 INFO 5: precision: 0.02001 | recall: 0.05169 | ndcg: 0.04075 | hit_rate: 0.08668 | map: 0.02990
Tue 19 Mar 2024 18:56:33 INFO 10: precision: 0.01514 | recall: 0.07703 | ndcg: 0.05038 | hit_rate: 0.12305 | map: 0.03406
Tue 19 Mar 2024 18:56:33 INFO 20: precision: 0.01085 | recall: 0.10885 | ndcg: 0.06015 | hit_rate: 0.16774 | map: 0.03687
Tue 19 Mar 2024 18:56:45 INFO Epoch 88, Loss: 18427.96954
Tue 19 Mar 2024 18:56:46 INFO Validation Metrics:
Tue 19 Mar 2024 18:56:46 INFO 5: precision: 0.01160 | recall: 0.04828 | ndcg: 0.03229 | hit_rate: 0.05561 | map: 0.02558
Tue 19 Mar 2024 18:56:46 INFO 10: precision: 0.00911 | recall: 0.07520 | ndcg: 0.04124 | hit_rate: 0.08397 | map: 0.02936
Tue 19 Mar 2024 18:56:46 INFO 20: precision: 0.00661 | recall: 0.10708 | ndcg: 0.04972 | hit_rate: 0.11756 | map: 0.03178
Tue 19 Mar 2024 18:56:46 INFO Test Metrics:
Tue 19 Mar 2024 18:56:46 INFO 5: precision: 0.01986 | recall: 0.05145 | ndcg: 0.04019 | hit_rate: 0.08649 | map: 0.02932
Tue 19 Mar 2024 18:56:46 INFO 10: precision: 0.01502 | recall: 0.07662 | ndcg: 0.04978 | hit_rate: 0.12330 | map: 0.03344
Tue 19 Mar 2024 18:56:46 INFO 20: precision: 0.01064 | recall: 0.10704 | ndcg: 0.05911 | hit_rate: 0.16471 | map: 0.03618
Tue 19 Mar 2024 18:56:46 INFO Best Test Metrics:
Tue 19 Mar 2024 18:56:46 INFO 5: precision: 0.02097 | recall: 0.05483 | ndcg: 0.04209 | hit_rate: 0.09204 | map: 0.03030
Tue 19 Mar 2024 18:56:46 INFO 10: precision: 0.01604 | recall: 0.08309 | ndcg: 0.05277 | hit_rate: 0.13441 | map: 0.03474
Tue 19 Mar 2024 18:56:46 INFO 20: precision: 0.01174 | recall: 0.12129 | ndcg: 0.06421 | hit_rate: 0.18589 | map: 0.03802
Tue 19 Mar 2024 18:56:46 INFO Best performance: 0.12129
Tue 19 Mar 2024 18:56:46 INFO Best parameters: {'learning_rate': 0.001, 'reg_weight': 0.5, 'ssl_alpha': 0.01}
Tue 19 Mar 2024 18:56:46 INFO Best metrics:
Tue 19 Mar 2024 18:56:46 INFO 5: precision: 0.02097 | recall: 0.05483 | ndcg: 0.04209 | hit_rate: 0.09204 | map: 0.03030
Tue 19 Mar 2024 18:56:46 INFO 10: precision: 0.01604 | recall: 0.08309 | ndcg: 0.05277 | hit_rate: 0.13441 | map: 0.03474
Tue 19 Mar 2024 18:56:46 INFO 20: precision: 0.01174 | recall: 0.12129 | ndcg: 0.06421 | hit_rate: 0.18589 | map: 0.03802
