Tue 11 Feb 2025 19:08:00 INFO ============Arguments==============
Tue 11 Feb 2025 19:08:00 INFO Model: FREEDOM
Tue 11 Feb 2025 19:08:00 INFO data_path: sports
Tue 11 Feb 2025 19:08:00 INFO learning_rate: 0.001
Tue 11 Feb 2025 19:08:00 INFO feature_embed: 64
Tue 11 Feb 2025 19:08:00 INFO batch_size: 1024
Tue 11 Feb 2025 19:08:00 INFO aggr_mode: add
Tue 11 Feb 2025 19:08:00 INFO reg_weight: 0.001
Tue 11 Feb 2025 19:08:00 INFO dim_E: 64
Tue 11 Feb 2025 19:08:00 INFO num_epoch: 1000
Tue 11 Feb 2025 19:08:00 INFO dropout: 0.2
Tue 11 Feb 2025 19:08:00 INFO n_layers: 2
Tue 11 Feb 2025 19:08:00 INFO corDecay: 0.001
Tue 11 Feb 2025 19:08:00 INFO n_factors: 4
Tue 11 Feb 2025 19:08:00 INFO n_iterations: 3
Tue 11 Feb 2025 19:08:00 INFO cl_weight: 2.0
Tue 11 Feb 2025 19:08:00 INFO mm_layers: 2
Tue 11 Feb 2025 19:08:00 INFO ii_topk: 10
Tue 11 Feb 2025 19:08:00 INFO uu_topk: 10
Tue 11 Feb 2025 19:08:00 INFO lambda_coeff: 0.9
Tue 11 Feb 2025 19:08:00 INFO ssl_temp: 0.9
Tue 11 Feb 2025 19:08:00 INFO ssl_alpha: 0.9
Tue 11 Feb 2025 19:08:00 INFO ae_weight: 0.1
Tue 11 Feb 2025 19:08:00 INFO threshold: 0.1
Tue 11 Feb 2025 19:08:00 INFO prompt_num: 0.1
Tue 11 Feb 2025 19:08:00 INFO neg_weight: 0.1
Tue 11 Feb 2025 19:08:00 INFO cen_reg: 0.005
Tue 11 Feb 2025 19:08:00 INFO n_intents: 128
Tue 11 Feb 2025 19:08:00 INFO G_rate: 0.0001
Tue 11 Feb 2025 19:08:00 INFO align_weight: 0.1
Tue 11 Feb 2025 19:08:00 INFO mask_weight_f: 1.5
Tue 11 Feb 2025 19:08:00 INFO mask_weight_g: 0.001
Tue 11 Feb 2025 19:08:00 INFO leaky: 0.5
Tue 11 Feb 2025 19:08:00 INFO keepRate: 1.0
Tue 11 Feb 2025 19:08:00 INFO mult: 0.1
Tue 11 Feb 2025 19:08:00 INFO grid_size: 1
Tue 11 Feb 2025 19:08:00 INFO node_dropout: 0.1
Tue 11 Feb 2025 19:08:00 INFO message_dropout: 0.1
Tue 11 Feb 2025 19:08:00 INFO n_mca: 2
Tue 11 Feb 2025 19:08:00 INFO gamma: 0.5
Tue 11 Feb 2025 19:08:00 INFO t: 1.8
Tue 11 Feb 2025 19:08:00 INFO e_loss: 0.1
Tue 11 Feb 2025 19:08:00 INFO ris_lambda: 0.5
Tue 11 Feb 2025 19:08:00 INFO rebuild_k: 1
Tue 11 Feb 2025 19:08:00 INFO pnn_layer: 1
Tue 11 Feb 2025 19:08:00 INFO b2: 1
Tue 11 Feb 2025 19:08:00 INFO ctra: 0.001
Tue 11 Feb 2025 19:08:00 INFO noise_alpha: 0.3
Tue 11 Feb 2025 19:08:00 INFO ssl_temp2: 0.2
Tue 11 Feb 2025 19:08:00 INFO K_s: 1
Tue 11 Feb 2025 19:08:00 INFO T_s: 1
Tue 11 Feb 2025 19:08:00 INFO K_b: 1
Tue 11 Feb 2025 19:08:00 INFO T_b: 1
Tue 11 Feb 2025 19:08:00 INFO idl_beta: 1
Tue 11 Feb 2025 19:08:00 INFO sampling_noise: False
Tue 11 Feb 2025 19:08:00 INFO sampling_steps: 0
Tue 11 Feb 2025 19:08:00 INFO steps: 100
Tue 11 Feb 2025 19:08:00 INFO noise_scale: 0.1
Tue 11 Feb 2025 19:08:00 INFO noise_min: 0.0001
Tue 11 Feb 2025 19:08:00 INFO noise_max: 0.02
Tue 11 Feb 2025 19:08:00 INFO dims: [1000]
Tue 11 Feb 2025 19:08:00 INFO h_layers: 2
Tue 11 Feb 2025 19:08:00 INFO num_hypernodes: 10
Tue 11 Feb 2025 19:08:00 INFO beta1: 0.5
Tue 11 Feb 2025 19:08:00 INFO beta2: 0.5
Tue 11 Feb 2025 19:08:00 INFO seed: 42
Tue 11 Feb 2025 19:08:00 INFO num_workers: 1
Tue 11 Feb 2025 19:08:00 INFO topk: [5, 10, 20]
Tue 11 Feb 2025 19:08:00 INFO local time£ºFeb-11-2025-19-08-00
Tue 11 Feb 2025 19:08:00 INFO =========1/1: Parameters:{'mm_layers': 1, 'ii_topk': 10, 'lambda_coeff': 0.8, 'dropout': 0.1, 'n_layers': 2, 'learning_rate': 0.001, 'reg_weight': 0.001}=========
Tue 11 Feb 2025 19:08:04 INFO Epoch 1, Loss: 12.48909
Tue 11 Feb 2025 19:08:05 INFO Validation Metrics:
Tue 11 Feb 2025 19:08:05 INFO 5: precision: 0.00018 | recall: 0.00075 | ndcg: 0.00041 | hit_rate: 0.00090 | map: 0.00027
Tue 11 Feb 2025 19:08:05 INFO 10: precision: 0.00016 | recall: 0.00132 | ndcg: 0.00060 | hit_rate: 0.00155 | map: 0.00035
Tue 11 Feb 2025 19:08:05 INFO 20: precision: 0.00013 | recall: 0.00210 | ndcg: 0.00080 | hit_rate: 0.00252 | map: 0.00040
Tue 11 Feb 2025 19:08:05 INFO Test Metrics:
Tue 11 Feb 2025 19:08:05 INFO 5: precision: 0.00026 | recall: 0.00068 | ndcg: 0.00052 | hit_rate: 0.00128 | map: 0.00036
Tue 11 Feb 2025 19:08:05 INFO 10: precision: 0.00024 | recall: 0.00128 | ndcg: 0.00075 | hit_rate: 0.00235 | map: 0.00045
Tue 11 Feb 2025 19:08:05 INFO 20: precision: 0.00023 | recall: 0.00256 | ndcg: 0.00112 | hit_rate: 0.00449 | map: 0.00053
Tue 11 Feb 2025 19:08:08 INFO Epoch 2, Loss: 12.40526
Tue 11 Feb 2025 19:08:10 INFO Validation Metrics:
Tue 11 Feb 2025 19:08:10 INFO 5: precision: 0.00028 | recall: 0.00112 | ndcg: 0.00077 | hit_rate: 0.00138 | map: 0.00061
Tue 11 Feb 2025 19:08:10 INFO 10: precision: 0.00024 | recall: 0.00190 | ndcg: 0.00103 | hit_rate: 0.00235 | map: 0.00071
Tue 11 Feb 2025 19:08:10 INFO 20: precision: 0.00020 | recall: 0.00313 | ndcg: 0.00136 | hit_rate: 0.00387 | map: 0.00080
Tue 11 Feb 2025 19:08:10 INFO Test Metrics:
Tue 11 Feb 2025 19:08:10 INFO 5: precision: 0.00041 | recall: 0.00117 | ndcg: 0.00085 | hit_rate: 0.00200 | map: 0.00060
Tue 11 Feb 2025 19:08:10 INFO 10: precision: 0.00037 | recall: 0.00215 | ndcg: 0.00120 | hit_rate: 0.00359 | map: 0.00072
Tue 11 Feb 2025 19:08:10 INFO 20: precision: 0.00032 | recall: 0.00366 | ndcg: 0.00165 | hit_rate: 0.00636 | map: 0.00082
Tue 11 Feb 2025 19:08:13 INFO Epoch 3, Loss: 12.12639
Tue 11 Feb 2025 19:08:15 INFO Validation Metrics:
Tue 11 Feb 2025 19:08:15 INFO 5: precision: 0.00035 | recall: 0.00143 | ndcg: 0.00101 | hit_rate: 0.00173 | map: 0.00082
Tue 11 Feb 2025 19:08:15 INFO 10: precision: 0.00029 | recall: 0.00243 | ndcg: 0.00135 | hit_rate: 0.00294 | map: 0.00096
Tue 11 Feb 2025 19:08:15 INFO 20: precision: 0.00027 | recall: 0.00444 | ndcg: 0.00186 | hit_rate: 0.00522 | map: 0.00109
Tue 11 Feb 2025 19:08:15 INFO Test Metrics:
Tue 11 Feb 2025 19:08:15 INFO 5: precision: 0.00055 | recall: 0.00153 | ndcg: 0.00112 | hit_rate: 0.00266 | map: 0.00077
Tue 11 Feb 2025 19:08:15 INFO 10: precision: 0.00047 | recall: 0.00260 | ndcg: 0.00151 | hit_rate: 0.00456 | map: 0.00090
Tue 11 Feb 2025 19:08:15 INFO 20: precision: 0.00038 | recall: 0.00428 | ndcg: 0.00200 | hit_rate: 0.00746 | map: 0.00102
Tue 11 Feb 2025 19:08:18 INFO Epoch 4, Loss: 11.50392
Tue 11 Feb 2025 19:08:20 INFO Validation Metrics:
Tue 11 Feb 2025 19:08:20 INFO 5: precision: 0.00050 | recall: 0.00209 | ndcg: 0.00133 | hit_rate: 0.00249 | map: 0.00102
Tue 11 Feb 2025 19:08:20 INFO 10: precision: 0.00038 | recall: 0.00324 | ndcg: 0.00170 | hit_rate: 0.00384 | map: 0.00116
Tue 11 Feb 2025 19:08:20 INFO 20: precision: 0.00031 | recall: 0.00529 | ndcg: 0.00222 | hit_rate: 0.00612 | map: 0.00130
Tue 11 Feb 2025 19:08:20 INFO Test Metrics:
Tue 11 Feb 2025 19:08:20 INFO 5: precision: 0.00067 | recall: 0.00184 | ndcg: 0.00136 | hit_rate: 0.00332 | map: 0.00093
Tue 11 Feb 2025 19:08:20 INFO 10: precision: 0.00053 | recall: 0.00297 | ndcg: 0.00177 | hit_rate: 0.00515 | map: 0.00108
Tue 11 Feb 2025 19:08:20 INFO 20: precision: 0.00042 | recall: 0.00478 | ndcg: 0.00231 | hit_rate: 0.00822 | map: 0.00121
Tue 11 Feb 2025 19:08:23 INFO Epoch 5, Loss: 10.47132
Tue 11 Feb 2025 19:08:25 INFO Validation Metrics:
Tue 11 Feb 2025 19:08:25 INFO 5: precision: 0.00052 | recall: 0.00222 | ndcg: 0.00153 | hit_rate: 0.00259 | map: 0.00125
Tue 11 Feb 2025 19:08:25 INFO 10: precision: 0.00041 | recall: 0.00345 | ndcg: 0.00195 | hit_rate: 0.00404 | map: 0.00142
Tue 11 Feb 2025 19:08:25 INFO 20: precision: 0.00035 | recall: 0.00623 | ndcg: 0.00265 | hit_rate: 0.00705 | map: 0.00160
Tue 11 Feb 2025 19:08:25 INFO Test Metrics:
Tue 11 Feb 2025 19:08:25 INFO 5: precision: 0.00066 | recall: 0.00184 | ndcg: 0.00144 | hit_rate: 0.00328 | map: 0.00103
Tue 11 Feb 2025 19:08:25 INFO 10: precision: 0.00054 | recall: 0.00307 | ndcg: 0.00189 | hit_rate: 0.00539 | map: 0.00119
Tue 11 Feb 2025 19:08:25 INFO 20: precision: 0.00048 | recall: 0.00536 | ndcg: 0.00257 | hit_rate: 0.00930 | map: 0.00135
Tue 11 Feb 2025 19:08:28 INFO Epoch 6, Loss: 9.22865
Tue 11 Feb 2025 19:08:30 INFO Validation Metrics:
Tue 11 Feb 2025 19:08:30 INFO 5: precision: 0.00046 | recall: 0.00201 | ndcg: 0.00142 | hit_rate: 0.00228 | map: 0.00117
Tue 11 Feb 2025 19:08:30 INFO 10: precision: 0.00040 | recall: 0.00354 | ndcg: 0.00192 | hit_rate: 0.00397 | map: 0.00137
Tue 11 Feb 2025 19:08:30 INFO 20: precision: 0.00036 | recall: 0.00627 | ndcg: 0.00263 | hit_rate: 0.00708 | map: 0.00156
Tue 11 Feb 2025 19:08:30 INFO Test Metrics:
Tue 11 Feb 2025 19:08:30 INFO 5: precision: 0.00062 | recall: 0.00169 | ndcg: 0.00123 | hit_rate: 0.00304 | map: 0.00084
Tue 11 Feb 2025 19:08:30 INFO 10: precision: 0.00059 | recall: 0.00322 | ndcg: 0.00181 | hit_rate: 0.00587 | map: 0.00104
Tue 11 Feb 2025 19:08:30 INFO 20: precision: 0.00048 | recall: 0.00541 | ndcg: 0.00244 | hit_rate: 0.00930 | map: 0.00119
Tue 11 Feb 2025 19:08:33 INFO Epoch 7, Loss: 7.98316
Tue 11 Feb 2025 19:08:35 INFO Validation Metrics:
Tue 11 Feb 2025 19:08:35 INFO 5: precision: 0.00048 | recall: 0.00216 | ndcg: 0.00147 | hit_rate: 0.00242 | map: 0.00120
Tue 11 Feb 2025 19:08:35 INFO 10: precision: 0.00045 | recall: 0.00404 | ndcg: 0.00208 | hit_rate: 0.00449 | map: 0.00144
Tue 11 Feb 2025 19:08:35 INFO 20: precision: 0.00038 | recall: 0.00672 | ndcg: 0.00277 | hit_rate: 0.00757 | map: 0.00162
Tue 11 Feb 2025 19:08:35 INFO Test Metrics:
Tue 11 Feb 2025 19:08:35 INFO 5: precision: 0.00065 | recall: 0.00180 | ndcg: 0.00138 | hit_rate: 0.00321 | map: 0.00098
Tue 11 Feb 2025 19:08:35 INFO 10: precision: 0.00061 | recall: 0.00337 | ndcg: 0.00197 | hit_rate: 0.00601 | map: 0.00119
Tue 11 Feb 2025 19:08:35 INFO 20: precision: 0.00051 | recall: 0.00570 | ndcg: 0.00264 | hit_rate: 0.00985 | map: 0.00135
Tue 11 Feb 2025 19:08:38 INFO Epoch 8, Loss: 6.97732
Tue 11 Feb 2025 19:08:41 INFO Validation Metrics:
Tue 11 Feb 2025 19:08:41 INFO 5: precision: 0.00056 | recall: 0.00252 | ndcg: 0.00168 | hit_rate: 0.00280 | map: 0.00136
Tue 11 Feb 2025 19:08:41 INFO 10: precision: 0.00045 | recall: 0.00395 | ndcg: 0.00215 | hit_rate: 0.00442 | map: 0.00154
Tue 11 Feb 2025 19:08:41 INFO 20: precision: 0.00037 | recall: 0.00659 | ndcg: 0.00283 | hit_rate: 0.00733 | map: 0.00172
Tue 11 Feb 2025 19:08:41 INFO Test Metrics:
Tue 11 Feb 2025 19:08:41 INFO 5: precision: 0.00066 | recall: 0.00174 | ndcg: 0.00139 | hit_rate: 0.00325 | map: 0.00098
Tue 11 Feb 2025 19:08:41 INFO 10: precision: 0.00058 | recall: 0.00323 | ndcg: 0.00193 | hit_rate: 0.00570 | map: 0.00118
Tue 11 Feb 2025 19:08:41 INFO 20: precision: 0.00050 | recall: 0.00565 | ndcg: 0.00263 | hit_rate: 0.00978 | map: 0.00134
Tue 11 Feb 2025 19:08:43 INFO Epoch 9, Loss: 6.09154
Tue 11 Feb 2025 19:08:46 INFO Validation Metrics:
Tue 11 Feb 2025 19:08:46 INFO 5: precision: 0.00054 | recall: 0.00244 | ndcg: 0.00164 | hit_rate: 0.00270 | map: 0.00134
Tue 11 Feb 2025 19:08:46 INFO 10: precision: 0.00045 | recall: 0.00403 | ndcg: 0.00216 | hit_rate: 0.00446 | map: 0.00155
Tue 11 Feb 2025 19:08:46 INFO 20: precision: 0.00036 | recall: 0.00635 | ndcg: 0.00276 | hit_rate: 0.00712 | map: 0.00170
Tue 11 Feb 2025 19:08:46 INFO Test Metrics:
Tue 11 Feb 2025 19:08:46 INFO 5: precision: 0.00068 | recall: 0.00185 | ndcg: 0.00138 | hit_rate: 0.00335 | map: 0.00096
Tue 11 Feb 2025 19:08:46 INFO 10: precision: 0.00062 | recall: 0.00345 | ndcg: 0.00197 | hit_rate: 0.00608 | map: 0.00117
Tue 11 Feb 2025 19:08:46 INFO 20: precision: 0.00052 | recall: 0.00581 | ndcg: 0.00266 | hit_rate: 0.01012 | map: 0.00133
Tue 11 Feb 2025 19:08:48 INFO Epoch 10, Loss: 5.43178
Tue 11 Feb 2025 19:08:51 INFO Validation Metrics:
Tue 11 Feb 2025 19:08:51 INFO 5: precision: 0.00049 | recall: 0.00222 | ndcg: 0.00152 | hit_rate: 0.00245 | map: 0.00125
Tue 11 Feb 2025 19:08:51 INFO 10: precision: 0.00042 | recall: 0.00373 | ndcg: 0.00203 | hit_rate: 0.00415 | map: 0.00146
Tue 11 Feb 2025 19:08:51 INFO 20: precision: 0.00036 | recall: 0.00641 | ndcg: 0.00272 | hit_rate: 0.00715 | map: 0.00164
Tue 11 Feb 2025 19:08:51 INFO Test Metrics:
Tue 11 Feb 2025 19:08:51 INFO 5: precision: 0.00062 | recall: 0.00167 | ndcg: 0.00119 | hit_rate: 0.00308 | map: 0.00078
Tue 11 Feb 2025 19:08:51 INFO 10: precision: 0.00054 | recall: 0.00292 | ndcg: 0.00165 | hit_rate: 0.00525 | map: 0.00095
Tue 11 Feb 2025 19:08:51 INFO 20: precision: 0.00047 | recall: 0.00527 | ndcg: 0.00234 | hit_rate: 0.00919 | map: 0.00111
Tue 11 Feb 2025 19:08:53 INFO Epoch 11, Loss: 4.92662
Tue 11 Feb 2025 19:08:56 INFO Validation Metrics:
Tue 11 Feb 2025 19:08:56 INFO 5: precision: 0.00055 | recall: 0.00249 | ndcg: 0.00169 | hit_rate: 0.00276 | map: 0.00138
Tue 11 Feb 2025 19:08:56 INFO 10: precision: 0.00046 | recall: 0.00406 | ndcg: 0.00221 | hit_rate: 0.00460 | map: 0.00159
Tue 11 Feb 2025 19:08:56 INFO 20: precision: 0.00038 | recall: 0.00665 | ndcg: 0.00288 | hit_rate: 0.00750 | map: 0.00177
Tue 11 Feb 2025 19:08:56 INFO Test Metrics:
Tue 11 Feb 2025 19:08:56 INFO 5: precision: 0.00073 | recall: 0.00204 | ndcg: 0.00152 | hit_rate: 0.00359 | map: 0.00106
Tue 11 Feb 2025 19:08:56 INFO 10: precision: 0.00063 | recall: 0.00343 | ndcg: 0.00204 | hit_rate: 0.00615 | map: 0.00125
Tue 11 Feb 2025 19:08:56 INFO 20: precision: 0.00053 | recall: 0.00596 | ndcg: 0.00277 | hit_rate: 0.01030 | map: 0.00142
Tue 11 Feb 2025 19:08:58 INFO Epoch 12, Loss: 4.55360
Tue 11 Feb 2025 19:09:01 INFO Validation Metrics:
Tue 11 Feb 2025 19:09:01 INFO 5: precision: 0.00056 | recall: 0.00255 | ndcg: 0.00167 | hit_rate: 0.00280 | map: 0.00135
Tue 11 Feb 2025 19:09:01 INFO 10: precision: 0.00044 | recall: 0.00402 | ndcg: 0.00215 | hit_rate: 0.00439 | map: 0.00154
Tue 11 Feb 2025 19:09:01 INFO 20: precision: 0.00035 | recall: 0.00616 | ndcg: 0.00271 | hit_rate: 0.00698 | map: 0.00169
Tue 11 Feb 2025 19:09:01 INFO Test Metrics:
Tue 11 Feb 2025 19:09:01 INFO 5: precision: 0.00072 | recall: 0.00194 | ndcg: 0.00146 | hit_rate: 0.00359 | map: 0.00100
Tue 11 Feb 2025 19:09:01 INFO 10: precision: 0.00057 | recall: 0.00314 | ndcg: 0.00191 | hit_rate: 0.00567 | map: 0.00116
Tue 11 Feb 2025 19:09:01 INFO 20: precision: 0.00050 | recall: 0.00552 | ndcg: 0.00261 | hit_rate: 0.00964 | map: 0.00134
Tue 11 Feb 2025 19:09:04 INFO Epoch 13, Loss: 4.22248
Tue 11 Feb 2025 19:09:06 INFO Validation Metrics:
Tue 11 Feb 2025 19:09:06 INFO 5: precision: 0.00059 | recall: 0.00261 | ndcg: 0.00170 | hit_rate: 0.00294 | map: 0.00134
Tue 11 Feb 2025 19:09:06 INFO 10: precision: 0.00047 | recall: 0.00416 | ndcg: 0.00221 | hit_rate: 0.00466 | map: 0.00155
Tue 11 Feb 2025 19:09:06 INFO 20: precision: 0.00036 | recall: 0.00644 | ndcg: 0.00279 | hit_rate: 0.00719 | map: 0.00170
Tue 11 Feb 2025 19:09:06 INFO Test Metrics:
Tue 11 Feb 2025 19:09:06 INFO 5: precision: 0.00077 | recall: 0.00210 | ndcg: 0.00162 | hit_rate: 0.00384 | map: 0.00113
Tue 11 Feb 2025 19:09:06 INFO 10: precision: 0.00060 | recall: 0.00320 | ndcg: 0.00204 | hit_rate: 0.00587 | map: 0.00128
Tue 11 Feb 2025 19:09:06 INFO 20: precision: 0.00049 | recall: 0.00550 | ndcg: 0.00270 | hit_rate: 0.00954 | map: 0.00144
Tue 11 Feb 2025 19:09:09 INFO Epoch 14, Loss: 3.95708
Tue 11 Feb 2025 19:09:11 INFO Validation Metrics:
Tue 11 Feb 2025 19:09:11 INFO 5: precision: 0.00055 | recall: 0.00245 | ndcg: 0.00165 | hit_rate: 0.00273 | map: 0.00134
Tue 11 Feb 2025 19:09:11 INFO 10: precision: 0.00043 | recall: 0.00376 | ndcg: 0.00208 | hit_rate: 0.00432 | map: 0.00151
Tue 11 Feb 2025 19:09:11 INFO 20: precision: 0.00037 | recall: 0.00638 | ndcg: 0.00275 | hit_rate: 0.00729 | map: 0.00168
Tue 11 Feb 2025 19:09:11 INFO Test Metrics:
Tue 11 Feb 2025 19:09:11 INFO 5: precision: 0.00070 | recall: 0.00194 | ndcg: 0.00138 | hit_rate: 0.00349 | map: 0.00092
Tue 11 Feb 2025 19:09:11 INFO 10: precision: 0.00060 | recall: 0.00332 | ndcg: 0.00190 | hit_rate: 0.00594 | map: 0.00111
Tue 11 Feb 2025 19:09:11 INFO 20: precision: 0.00050 | recall: 0.00564 | ndcg: 0.00257 | hit_rate: 0.00971 | map: 0.00127
Tue 11 Feb 2025 19:09:14 INFO Epoch 15, Loss: 3.62909
Tue 11 Feb 2025 19:09:16 INFO Validation Metrics:
Tue 11 Feb 2025 19:09:16 INFO 5: precision: 0.00059 | recall: 0.00256 | ndcg: 0.00172 | hit_rate: 0.00297 | map: 0.00138
Tue 11 Feb 2025 19:09:16 INFO 10: precision: 0.00040 | recall: 0.00356 | ndcg: 0.00205 | hit_rate: 0.00404 | map: 0.00152
Tue 11 Feb 2025 19:09:16 INFO 20: precision: 0.00034 | recall: 0.00612 | ndcg: 0.00270 | hit_rate: 0.00684 | map: 0.00169
Tue 11 Feb 2025 19:09:16 INFO Test Metrics:
Tue 11 Feb 2025 19:09:16 INFO 5: precision: 0.00071 | recall: 0.00194 | ndcg: 0.00145 | hit_rate: 0.00349 | map: 0.00102
Tue 11 Feb 2025 19:09:16 INFO 10: precision: 0.00059 | recall: 0.00321 | ndcg: 0.00193 | hit_rate: 0.00587 | map: 0.00118
Tue 11 Feb 2025 19:09:16 INFO 20: precision: 0.00051 | recall: 0.00573 | ndcg: 0.00265 | hit_rate: 0.00995 | map: 0.00136
Tue 11 Feb 2025 19:09:19 INFO Epoch 16, Loss: 3.32678
Tue 11 Feb 2025 19:09:21 INFO Validation Metrics:
Tue 11 Feb 2025 19:09:21 INFO 5: precision: 0.00059 | recall: 0.00252 | ndcg: 0.00165 | hit_rate: 0.00294 | map: 0.00131
Tue 11 Feb 2025 19:09:21 INFO 10: precision: 0.00040 | recall: 0.00353 | ndcg: 0.00198 | hit_rate: 0.00404 | map: 0.00144
Tue 11 Feb 2025 19:09:21 INFO 20: precision: 0.00035 | recall: 0.00608 | ndcg: 0.00264 | hit_rate: 0.00691 | map: 0.00161
Tue 11 Feb 2025 19:09:21 INFO Test Metrics:
Tue 11 Feb 2025 19:09:21 INFO 5: precision: 0.00070 | recall: 0.00195 | ndcg: 0.00147 | hit_rate: 0.00349 | map: 0.00103
Tue 11 Feb 2025 19:09:21 INFO 10: precision: 0.00057 | recall: 0.00312 | ndcg: 0.00191 | hit_rate: 0.00560 | map: 0.00119
Tue 11 Feb 2025 19:09:21 INFO 20: precision: 0.00049 | recall: 0.00543 | ndcg: 0.00259 | hit_rate: 0.00964 | map: 0.00135
Tue 11 Feb 2025 19:09:24 INFO Epoch 17, Loss: 3.22085
Tue 11 Feb 2025 19:09:26 INFO Validation Metrics:
Tue 11 Feb 2025 19:09:26 INFO 5: precision: 0.00053 | recall: 0.00236 | ndcg: 0.00159 | hit_rate: 0.00266 | map: 0.00128
Tue 11 Feb 2025 19:09:26 INFO 10: precision: 0.00043 | recall: 0.00380 | ndcg: 0.00206 | hit_rate: 0.00428 | map: 0.00147
Tue 11 Feb 2025 19:09:26 INFO 20: precision: 0.00034 | recall: 0.00599 | ndcg: 0.00262 | hit_rate: 0.00677 | map: 0.00162
Tue 11 Feb 2025 19:09:26 INFO Test Metrics:
Tue 11 Feb 2025 19:09:26 INFO 5: precision: 0.00074 | recall: 0.00201 | ndcg: 0.00145 | hit_rate: 0.00363 | map: 0.00099
Tue 11 Feb 2025 19:09:26 INFO 10: precision: 0.00057 | recall: 0.00314 | ndcg: 0.00186 | hit_rate: 0.00563 | map: 0.00113
Tue 11 Feb 2025 19:09:26 INFO 20: precision: 0.00047 | recall: 0.00522 | ndcg: 0.00247 | hit_rate: 0.00923 | map: 0.00127
Tue 11 Feb 2025 19:09:29 INFO Epoch 18, Loss: 3.02545
Tue 11 Feb 2025 19:09:31 INFO Validation Metrics:
Tue 11 Feb 2025 19:09:31 INFO 5: precision: 0.00049 | recall: 0.00210 | ndcg: 0.00132 | hit_rate: 0.00245 | map: 0.00101
Tue 11 Feb 2025 19:09:31 INFO 10: precision: 0.00039 | recall: 0.00337 | ndcg: 0.00174 | hit_rate: 0.00387 | map: 0.00118
Tue 11 Feb 2025 19:09:31 INFO 20: precision: 0.00034 | recall: 0.00602 | ndcg: 0.00242 | hit_rate: 0.00684 | map: 0.00136
Tue 11 Feb 2025 19:09:31 INFO Test Metrics:
Tue 11 Feb 2025 19:09:31 INFO 5: precision: 0.00072 | recall: 0.00198 | ndcg: 0.00142 | hit_rate: 0.00356 | map: 0.00097
Tue 11 Feb 2025 19:09:31 INFO 10: precision: 0.00055 | recall: 0.00302 | ndcg: 0.00182 | hit_rate: 0.00543 | map: 0.00110
Tue 11 Feb 2025 19:09:31 INFO 20: precision: 0.00046 | recall: 0.00522 | ndcg: 0.00246 | hit_rate: 0.00912 | map: 0.00126
Tue 11 Feb 2025 19:09:34 INFO Epoch 19, Loss: 2.87155
Tue 11 Feb 2025 19:09:37 INFO Validation Metrics:
Tue 11 Feb 2025 19:09:37 INFO 5: precision: 0.00048 | recall: 0.00205 | ndcg: 0.00139 | hit_rate: 0.00242 | map: 0.00112
Tue 11 Feb 2025 19:09:37 INFO 10: precision: 0.00038 | recall: 0.00329 | ndcg: 0.00179 | hit_rate: 0.00380 | map: 0.00128
Tue 11 Feb 2025 19:09:37 INFO 20: precision: 0.00032 | recall: 0.00564 | ndcg: 0.00240 | hit_rate: 0.00639 | map: 0.00144
Tue 11 Feb 2025 19:09:37 INFO Test Metrics:
Tue 11 Feb 2025 19:09:37 INFO 5: precision: 0.00068 | recall: 0.00186 | ndcg: 0.00137 | hit_rate: 0.00332 | map: 0.00095
Tue 11 Feb 2025 19:09:37 INFO 10: precision: 0.00058 | recall: 0.00320 | ndcg: 0.00187 | hit_rate: 0.00567 | map: 0.00113
Tue 11 Feb 2025 19:09:37 INFO 20: precision: 0.00048 | recall: 0.00540 | ndcg: 0.00251 | hit_rate: 0.00933 | map: 0.00128
Tue 11 Feb 2025 19:09:39 INFO Epoch 20, Loss: 2.72677
Tue 11 Feb 2025 19:09:42 INFO Validation Metrics:
Tue 11 Feb 2025 19:09:42 INFO 5: precision: 0.00050 | recall: 0.00217 | ndcg: 0.00144 | hit_rate: 0.00252 | map: 0.00115
Tue 11 Feb 2025 19:09:42 INFO 10: precision: 0.00038 | recall: 0.00321 | ndcg: 0.00179 | hit_rate: 0.00377 | map: 0.00129
Tue 11 Feb 2025 19:09:42 INFO 20: precision: 0.00033 | recall: 0.00567 | ndcg: 0.00243 | hit_rate: 0.00653 | map: 0.00146
Tue 11 Feb 2025 19:09:42 INFO Test Metrics:
Tue 11 Feb 2025 19:09:42 INFO 5: precision: 0.00070 | recall: 0.00189 | ndcg: 0.00139 | hit_rate: 0.00349 | map: 0.00096
Tue 11 Feb 2025 19:09:42 INFO 10: precision: 0.00058 | recall: 0.00320 | ndcg: 0.00188 | hit_rate: 0.00577 | map: 0.00113
Tue 11 Feb 2025 19:09:42 INFO 20: precision: 0.00046 | recall: 0.00509 | ndcg: 0.00243 | hit_rate: 0.00902 | map: 0.00126
Tue 11 Feb 2025 19:09:45 INFO Epoch 21, Loss: 2.54443
Tue 11 Feb 2025 19:09:47 INFO Validation Metrics:
Tue 11 Feb 2025 19:09:47 INFO 5: precision: 0.00053 | recall: 0.00236 | ndcg: 0.00148 | hit_rate: 0.00266 | map: 0.00116
Tue 11 Feb 2025 19:09:47 INFO 10: precision: 0.00040 | recall: 0.00351 | ndcg: 0.00186 | hit_rate: 0.00401 | map: 0.00131
Tue 11 Feb 2025 19:09:47 INFO 20: precision: 0.00032 | recall: 0.00562 | ndcg: 0.00240 | hit_rate: 0.00636 | map: 0.00145
Tue 11 Feb 2025 19:09:47 INFO Test Metrics:
Tue 11 Feb 2025 19:09:47 INFO 5: precision: 0.00070 | recall: 0.00189 | ndcg: 0.00138 | hit_rate: 0.00346 | map: 0.00094
Tue 11 Feb 2025 19:09:47 INFO 10: precision: 0.00058 | recall: 0.00315 | ndcg: 0.00184 | hit_rate: 0.00570 | map: 0.00110
Tue 11 Feb 2025 19:09:47 INFO 20: precision: 0.00046 | recall: 0.00518 | ndcg: 0.00242 | hit_rate: 0.00895 | map: 0.00124
Tue 11 Feb 2025 19:09:50 INFO Epoch 22, Loss: 2.41251
Tue 11 Feb 2025 19:09:52 INFO Validation Metrics:
Tue 11 Feb 2025 19:09:52 INFO 5: precision: 0.00059 | recall: 0.00261 | ndcg: 0.00169 | hit_rate: 0.00297 | map: 0.00133
Tue 11 Feb 2025 19:09:52 INFO 10: precision: 0.00040 | recall: 0.00350 | ndcg: 0.00198 | hit_rate: 0.00401 | map: 0.00145
Tue 11 Feb 2025 19:09:52 INFO 20: precision: 0.00034 | recall: 0.00592 | ndcg: 0.00261 | hit_rate: 0.00670 | map: 0.00161
Tue 11 Feb 2025 19:09:52 INFO Test Metrics:
Tue 11 Feb 2025 19:09:52 INFO 5: precision: 0.00074 | recall: 0.00203 | ndcg: 0.00145 | hit_rate: 0.00363 | map: 0.00099
Tue 11 Feb 2025 19:09:52 INFO 10: precision: 0.00063 | recall: 0.00349 | ndcg: 0.00198 | hit_rate: 0.00619 | map: 0.00117
Tue 11 Feb 2025 19:09:52 INFO 20: precision: 0.00050 | recall: 0.00578 | ndcg: 0.00264 | hit_rate: 0.00985 | map: 0.00133
Tue 11 Feb 2025 19:09:55 INFO Epoch 23, Loss: 2.29520
Tue 11 Feb 2025 19:09:57 INFO Validation Metrics:
Tue 11 Feb 2025 19:09:57 INFO 5: precision: 0.00053 | recall: 0.00238 | ndcg: 0.00148 | hit_rate: 0.00266 | map: 0.00115
Tue 11 Feb 2025 19:09:57 INFO 10: precision: 0.00040 | recall: 0.00351 | ndcg: 0.00185 | hit_rate: 0.00404 | map: 0.00128
Tue 11 Feb 2025 19:09:57 INFO 20: precision: 0.00034 | recall: 0.00592 | ndcg: 0.00246 | hit_rate: 0.00667 | map: 0.00144
Tue 11 Feb 2025 19:09:57 INFO Test Metrics:
Tue 11 Feb 2025 19:09:57 INFO 5: precision: 0.00070 | recall: 0.00187 | ndcg: 0.00131 | hit_rate: 0.00342 | map: 0.00086
Tue 11 Feb 2025 19:09:57 INFO 10: precision: 0.00057 | recall: 0.00309 | ndcg: 0.00176 | hit_rate: 0.00560 | map: 0.00102
Tue 11 Feb 2025 19:09:57 INFO 20: precision: 0.00045 | recall: 0.00505 | ndcg: 0.00233 | hit_rate: 0.00888 | map: 0.00115
Tue 11 Feb 2025 19:10:00 INFO Epoch 24, Loss: 2.23771
Tue 11 Feb 2025 19:10:02 INFO Validation Metrics:
Tue 11 Feb 2025 19:10:02 INFO 5: precision: 0.00052 | recall: 0.00224 | ndcg: 0.00146 | hit_rate: 0.00259 | map: 0.00116
Tue 11 Feb 2025 19:10:02 INFO 10: precision: 0.00040 | recall: 0.00350 | ndcg: 0.00188 | hit_rate: 0.00404 | map: 0.00132
Tue 11 Feb 2025 19:10:02 INFO 20: precision: 0.00031 | recall: 0.00537 | ndcg: 0.00236 | hit_rate: 0.00619 | map: 0.00145
Tue 11 Feb 2025 19:10:02 INFO Test Metrics:
Tue 11 Feb 2025 19:10:02 INFO 5: precision: 0.00067 | recall: 0.00178 | ndcg: 0.00134 | hit_rate: 0.00332 | map: 0.00091
Tue 11 Feb 2025 19:10:02 INFO 10: precision: 0.00056 | recall: 0.00301 | ndcg: 0.00179 | hit_rate: 0.00549 | map: 0.00108
Tue 11 Feb 2025 19:10:02 INFO 20: precision: 0.00046 | recall: 0.00520 | ndcg: 0.00242 | hit_rate: 0.00902 | map: 0.00123
Tue 11 Feb 2025 19:10:05 INFO Epoch 25, Loss: 2.08132
Tue 11 Feb 2025 19:10:07 INFO Validation Metrics:
Tue 11 Feb 2025 19:10:07 INFO 5: precision: 0.00052 | recall: 0.00224 | ndcg: 0.00147 | hit_rate: 0.00259 | map: 0.00117
Tue 11 Feb 2025 19:10:07 INFO 10: precision: 0.00041 | recall: 0.00359 | ndcg: 0.00192 | hit_rate: 0.00415 | map: 0.00134
Tue 11 Feb 2025 19:10:07 INFO 20: precision: 0.00032 | recall: 0.00560 | ndcg: 0.00243 | hit_rate: 0.00639 | map: 0.00148
Tue 11 Feb 2025 19:10:07 INFO Test Metrics:
Tue 11 Feb 2025 19:10:07 INFO 5: precision: 0.00070 | recall: 0.00188 | ndcg: 0.00138 | hit_rate: 0.00342 | map: 0.00093
Tue 11 Feb 2025 19:10:07 INFO 10: precision: 0.00057 | recall: 0.00317 | ndcg: 0.00184 | hit_rate: 0.00560 | map: 0.00109
Tue 11 Feb 2025 19:10:07 INFO 20: precision: 0.00045 | recall: 0.00508 | ndcg: 0.00239 | hit_rate: 0.00885 | map: 0.00122
Tue 11 Feb 2025 19:10:10 INFO Epoch 26, Loss: 2.02992
Tue 11 Feb 2025 19:10:12 INFO Validation Metrics:
Tue 11 Feb 2025 19:10:12 INFO 5: precision: 0.00053 | recall: 0.00226 | ndcg: 0.00148 | hit_rate: 0.00263 | map: 0.00118
Tue 11 Feb 2025 19:10:12 INFO 10: precision: 0.00040 | recall: 0.00349 | ndcg: 0.00188 | hit_rate: 0.00404 | map: 0.00133
Tue 11 Feb 2025 19:10:12 INFO 20: precision: 0.00032 | recall: 0.00569 | ndcg: 0.00244 | hit_rate: 0.00646 | map: 0.00148
Tue 11 Feb 2025 19:10:12 INFO Test Metrics:
Tue 11 Feb 2025 19:10:12 INFO 5: precision: 0.00068 | recall: 0.00181 | ndcg: 0.00135 | hit_rate: 0.00335 | map: 0.00091
Tue 11 Feb 2025 19:10:12 INFO 10: precision: 0.00056 | recall: 0.00309 | ndcg: 0.00182 | hit_rate: 0.00556 | map: 0.00108
Tue 11 Feb 2025 19:10:12 INFO 20: precision: 0.00045 | recall: 0.00507 | ndcg: 0.00239 | hit_rate: 0.00888 | map: 0.00121
Tue 11 Feb 2025 19:10:15 INFO Epoch 27, Loss: 1.92432
Tue 11 Feb 2025 19:10:17 INFO Validation Metrics:
Tue 11 Feb 2025 19:10:17 INFO 5: precision: 0.00046 | recall: 0.00198 | ndcg: 0.00127 | hit_rate: 0.00228 | map: 0.00100
Tue 11 Feb 2025 19:10:17 INFO 10: precision: 0.00039 | recall: 0.00340 | ndcg: 0.00175 | hit_rate: 0.00394 | map: 0.00119
Tue 11 Feb 2025 19:10:17 INFO 20: precision: 0.00032 | recall: 0.00557 | ndcg: 0.00231 | hit_rate: 0.00636 | map: 0.00134
Tue 11 Feb 2025 19:10:17 INFO Test Metrics:
Tue 11 Feb 2025 19:10:17 INFO 5: precision: 0.00060 | recall: 0.00167 | ndcg: 0.00123 | hit_rate: 0.00297 | map: 0.00085
Tue 11 Feb 2025 19:10:17 INFO 10: precision: 0.00054 | recall: 0.00306 | ndcg: 0.00174 | hit_rate: 0.00536 | map: 0.00103
Tue 11 Feb 2025 19:10:17 INFO 20: precision: 0.00045 | recall: 0.00501 | ndcg: 0.00232 | hit_rate: 0.00881 | map: 0.00117
Tue 11 Feb 2025 19:10:20 INFO Epoch 28, Loss: 1.82925
Tue 11 Feb 2025 19:10:23 INFO Validation Metrics:
Tue 11 Feb 2025 19:10:23 INFO 5: precision: 0.00054 | recall: 0.00231 | ndcg: 0.00149 | hit_rate: 0.00270 | map: 0.00117
Tue 11 Feb 2025 19:10:23 INFO 10: precision: 0.00039 | recall: 0.00335 | ndcg: 0.00183 | hit_rate: 0.00394 | map: 0.00130
Tue 11 Feb 2025 19:10:23 INFO 20: precision: 0.00032 | recall: 0.00549 | ndcg: 0.00238 | hit_rate: 0.00632 | map: 0.00144
Tue 11 Feb 2025 19:10:23 INFO Test Metrics:
Tue 11 Feb 2025 19:10:23 INFO 5: precision: 0.00064 | recall: 0.00174 | ndcg: 0.00130 | hit_rate: 0.00321 | map: 0.00088
Tue 11 Feb 2025 19:10:23 INFO 10: precision: 0.00054 | recall: 0.00300 | ndcg: 0.00176 | hit_rate: 0.00532 | map: 0.00104
Tue 11 Feb 2025 19:10:23 INFO 20: precision: 0.00046 | recall: 0.00508 | ndcg: 0.00237 | hit_rate: 0.00898 | map: 0.00118
Tue 11 Feb 2025 19:10:25 INFO Epoch 29, Loss: 1.79972
Tue 11 Feb 2025 19:10:28 INFO Validation Metrics:
Tue 11 Feb 2025 19:10:28 INFO 5: precision: 0.00048 | recall: 0.00204 | ndcg: 0.00135 | hit_rate: 0.00242 | map: 0.00107
Tue 11 Feb 2025 19:10:28 INFO 10: precision: 0.00035 | recall: 0.00296 | ndcg: 0.00165 | hit_rate: 0.00352 | map: 0.00118
Tue 11 Feb 2025 19:10:28 INFO 20: precision: 0.00032 | recall: 0.00546 | ndcg: 0.00228 | hit_rate: 0.00632 | map: 0.00134
Tue 11 Feb 2025 19:10:28 INFO Test Metrics:
Tue 11 Feb 2025 19:10:28 INFO 5: precision: 0.00059 | recall: 0.00163 | ndcg: 0.00125 | hit_rate: 0.00294 | map: 0.00088
Tue 11 Feb 2025 19:10:28 INFO 10: precision: 0.00050 | recall: 0.00277 | ndcg: 0.00168 | hit_rate: 0.00498 | map: 0.00104
Tue 11 Feb 2025 19:10:28 INFO 20: precision: 0.00045 | recall: 0.00518 | ndcg: 0.00237 | hit_rate: 0.00891 | map: 0.00120
Tue 11 Feb 2025 19:10:30 INFO Epoch 30, Loss: 1.71067
Tue 11 Feb 2025 19:10:33 INFO Validation Metrics:
Tue 11 Feb 2025 19:10:33 INFO 5: precision: 0.00046 | recall: 0.00189 | ndcg: 0.00122 | hit_rate: 0.00228 | map: 0.00095
Tue 11 Feb 2025 19:10:33 INFO 10: precision: 0.00037 | recall: 0.00318 | ndcg: 0.00165 | hit_rate: 0.00373 | map: 0.00112
Tue 11 Feb 2025 19:10:33 INFO 20: precision: 0.00031 | recall: 0.00531 | ndcg: 0.00219 | hit_rate: 0.00612 | map: 0.00126
Tue 11 Feb 2025 19:10:33 INFO Test Metrics:
Tue 11 Feb 2025 19:10:33 INFO 5: precision: 0.00062 | recall: 0.00170 | ndcg: 0.00119 | hit_rate: 0.00304 | map: 0.00079
Tue 11 Feb 2025 19:10:33 INFO 10: precision: 0.00052 | recall: 0.00292 | ndcg: 0.00165 | hit_rate: 0.00515 | map: 0.00095
Tue 11 Feb 2025 19:10:33 INFO 20: precision: 0.00044 | recall: 0.00500 | ndcg: 0.00225 | hit_rate: 0.00881 | map: 0.00109
Tue 11 Feb 2025 19:10:36 INFO Epoch 31, Loss: 1.62233
Tue 11 Feb 2025 19:10:38 INFO Validation Metrics:
Tue 11 Feb 2025 19:10:38 INFO 5: precision: 0.00048 | recall: 0.00206 | ndcg: 0.00141 | hit_rate: 0.00242 | map: 0.00115
Tue 11 Feb 2025 19:10:38 INFO 10: precision: 0.00038 | recall: 0.00331 | ndcg: 0.00182 | hit_rate: 0.00380 | map: 0.00131
Tue 11 Feb 2025 19:10:38 INFO 20: precision: 0.00030 | recall: 0.00526 | ndcg: 0.00231 | hit_rate: 0.00605 | map: 0.00144
Tue 11 Feb 2025 19:10:38 INFO Test Metrics:
Tue 11 Feb 2025 19:10:38 INFO 5: precision: 0.00061 | recall: 0.00168 | ndcg: 0.00117 | hit_rate: 0.00301 | map: 0.00078
Tue 11 Feb 2025 19:10:38 INFO 10: precision: 0.00055 | recall: 0.00308 | ndcg: 0.00169 | hit_rate: 0.00539 | map: 0.00096
Tue 11 Feb 2025 19:10:38 INFO 20: precision: 0.00048 | recall: 0.00538 | ndcg: 0.00236 | hit_rate: 0.00936 | map: 0.00112
Tue 11 Feb 2025 19:10:38 INFO Best Test Metrics:
Tue 11 Feb 2025 19:10:38 INFO 5: precision: 0.00073 | recall: 0.00204 | ndcg: 0.00152 | hit_rate: 0.00359 | map: 0.00106
Tue 11 Feb 2025 19:10:38 INFO 10: precision: 0.00063 | recall: 0.00343 | ndcg: 0.00204 | hit_rate: 0.00615 | map: 0.00125
Tue 11 Feb 2025 19:10:38 INFO 20: precision: 0.00053 | recall: 0.00596 | ndcg: 0.00277 | hit_rate: 0.01030 | map: 0.00142
Tue 11 Feb 2025 19:10:38 INFO Best performance: 0.00596
Tue 11 Feb 2025 19:10:38 INFO Best parameters: {'mm_layers': 1, 'ii_topk': 10, 'lambda_coeff': 0.8, 'dropout': 0.1, 'n_layers': 2, 'learning_rate': 0.001, 'reg_weight': 0.001}
Tue 11 Feb 2025 19:10:38 INFO Best metrics:
Tue 11 Feb 2025 19:10:38 INFO 5: precision: 0.00073 | recall: 0.00204 | ndcg: 0.00152 | hit_rate: 0.00359 | map: 0.00106
Tue 11 Feb 2025 19:10:38 INFO 10: precision: 0.00063 | recall: 0.00343 | ndcg: 0.00204 | hit_rate: 0.00615 | map: 0.00125
Tue 11 Feb 2025 19:10:38 INFO 20: precision: 0.00053 | recall: 0.00596 | ndcg: 0.00277 | hit_rate: 0.01030 | map: 0.00142
