Sun 26 Jan 2025 23:12:27 INFO ============Arguments==============
Sun 26 Jan 2025 23:12:27 INFO Model: FREEDOM
Sun 26 Jan 2025 23:12:27 INFO data_path: microlens
Sun 26 Jan 2025 23:12:27 INFO learning_rate: 0.001
Sun 26 Jan 2025 23:12:27 INFO feature_embed: 64
Sun 26 Jan 2025 23:12:27 INFO batch_size: 1024
Sun 26 Jan 2025 23:12:27 INFO aggr_mode: add
Sun 26 Jan 2025 23:12:27 INFO reg_weight: 0.001
Sun 26 Jan 2025 23:12:27 INFO dim_E: 64
Sun 26 Jan 2025 23:12:27 INFO num_epoch: 1000
Sun 26 Jan 2025 23:12:27 INFO dropout: 0.2
Sun 26 Jan 2025 23:12:27 INFO n_layers: 2
Sun 26 Jan 2025 23:12:27 INFO corDecay: 0.001
Sun 26 Jan 2025 23:12:27 INFO n_factors: 4
Sun 26 Jan 2025 23:12:27 INFO n_iterations: 3
Sun 26 Jan 2025 23:12:27 INFO cl_weight: 2.0
Sun 26 Jan 2025 23:12:27 INFO mm_layers: 2
Sun 26 Jan 2025 23:12:27 INFO ii_topk: 10
Sun 26 Jan 2025 23:12:27 INFO uu_topk: 10
Sun 26 Jan 2025 23:12:27 INFO lambda_coeff: 0.9
Sun 26 Jan 2025 23:12:27 INFO ssl_temp: 0.9
Sun 26 Jan 2025 23:12:27 INFO ssl_alpha: 0.9
Sun 26 Jan 2025 23:12:27 INFO ae_weight: 0.1
Sun 26 Jan 2025 23:12:27 INFO threshold: 0.1
Sun 26 Jan 2025 23:12:27 INFO prompt_num: 0.1
Sun 26 Jan 2025 23:12:27 INFO neg_weight: 0.1
Sun 26 Jan 2025 23:12:27 INFO cen_reg: 0.005
Sun 26 Jan 2025 23:12:27 INFO n_intents: 128
Sun 26 Jan 2025 23:12:27 INFO G_rate: 0.0001
Sun 26 Jan 2025 23:12:27 INFO align_weight: 0.1
Sun 26 Jan 2025 23:12:27 INFO mask_weight_f: 1.5
Sun 26 Jan 2025 23:12:27 INFO mask_weight_g: 0.001
Sun 26 Jan 2025 23:12:27 INFO leaky: 0.5
Sun 26 Jan 2025 23:12:27 INFO keepRate: 1.0
Sun 26 Jan 2025 23:12:27 INFO mult: 0.1
Sun 26 Jan 2025 23:12:27 INFO grid_size: 1
Sun 26 Jan 2025 23:12:27 INFO node_dropout: 0.1
Sun 26 Jan 2025 23:12:27 INFO message_dropout: 0.1
Sun 26 Jan 2025 23:12:27 INFO n_mca: 2
Sun 26 Jan 2025 23:12:27 INFO gamma: 0.5
Sun 26 Jan 2025 23:12:27 INFO t: 1.8
Sun 26 Jan 2025 23:12:27 INFO e_loss: 0.1
Sun 26 Jan 2025 23:12:27 INFO ris_lambda: 0.5
Sun 26 Jan 2025 23:12:27 INFO rebuild_k: 1
Sun 26 Jan 2025 23:12:27 INFO pnn_layer: 1
Sun 26 Jan 2025 23:12:27 INFO b2: 1
Sun 26 Jan 2025 23:12:27 INFO ctra: 0.001
Sun 26 Jan 2025 23:12:27 INFO noise_alpha: 0.3
Sun 26 Jan 2025 23:12:27 INFO ssl_temp2: 0.2
Sun 26 Jan 2025 23:12:27 INFO K_s: 1
Sun 26 Jan 2025 23:12:27 INFO T_s: 1
Sun 26 Jan 2025 23:12:27 INFO K_b: 1
Sun 26 Jan 2025 23:12:27 INFO T_b: 1
Sun 26 Jan 2025 23:12:27 INFO idl_beta: 1
Sun 26 Jan 2025 23:12:27 INFO sampling_noise: False
Sun 26 Jan 2025 23:12:27 INFO sampling_steps: 0
Sun 26 Jan 2025 23:12:27 INFO steps: 100
Sun 26 Jan 2025 23:12:27 INFO noise_scale: 0.1
Sun 26 Jan 2025 23:12:27 INFO noise_min: 0.0001
Sun 26 Jan 2025 23:12:27 INFO noise_max: 0.02
Sun 26 Jan 2025 23:12:27 INFO dims: [1000]
Sun 26 Jan 2025 23:12:27 INFO h_layers: 2
Sun 26 Jan 2025 23:12:27 INFO num_hypernodes: 10
Sun 26 Jan 2025 23:12:27 INFO beta1: 0.5
Sun 26 Jan 2025 23:12:27 INFO beta2: 0.5
Sun 26 Jan 2025 23:12:27 INFO seed: 42
Sun 26 Jan 2025 23:12:27 INFO num_workers: 1
Sun 26 Jan 2025 23:12:27 INFO topk: [5, 10, 20]
Sun 26 Jan 2025 23:12:27 INFO local time£ºJan-26-2025-23-12-27
Sun 26 Jan 2025 23:12:27 INFO =========1/1: Parameters:{'mm_layers': 1, 'ii_topk': 10, 'lambda_coeff': 0.1, 'dropout': 0.1, 'n_layers': 2, 'learning_rate': 0.001, 'reg_weight': 0.001}=========
Sun 26 Jan 2025 23:12:31 INFO Epoch 1, Loss: 9.01485
Sun 26 Jan 2025 23:12:32 INFO Validation Metrics:
Sun 26 Jan 2025 23:12:32 INFO 5: precision: 0.00013 | recall: 0.00047 | ndcg: 0.00031 | hit_rate: 0.00065 | map: 0.00024
Sun 26 Jan 2025 23:12:32 INFO 10: precision: 0.00014 | recall: 0.00104 | ndcg: 0.00050 | hit_rate: 0.00134 | map: 0.00031
Sun 26 Jan 2025 23:12:32 INFO 20: precision: 0.00015 | recall: 0.00231 | ndcg: 0.00084 | hit_rate: 0.00289 | map: 0.00040
Sun 26 Jan 2025 23:12:32 INFO Test Metrics:
Sun 26 Jan 2025 23:12:32 INFO 5: precision: 0.00029 | recall: 0.00071 | ndcg: 0.00051 | hit_rate: 0.00142 | map: 0.00032
Sun 26 Jan 2025 23:12:32 INFO 10: precision: 0.00024 | recall: 0.00120 | ndcg: 0.00070 | hit_rate: 0.00237 | map: 0.00039
Sun 26 Jan 2025 23:12:32 INFO 20: precision: 0.00022 | recall: 0.00214 | ndcg: 0.00098 | hit_rate: 0.00416 | map: 0.00045
Sun 26 Jan 2025 23:12:34 INFO Epoch 2, Loss: 8.92299
Sun 26 Jan 2025 23:12:36 INFO Validation Metrics:
Sun 26 Jan 2025 23:12:36 INFO 5: precision: 0.00018 | recall: 0.00073 | ndcg: 0.00044 | hit_rate: 0.00088 | map: 0.00033
Sun 26 Jan 2025 23:12:36 INFO 10: precision: 0.00018 | recall: 0.00139 | ndcg: 0.00067 | hit_rate: 0.00172 | map: 0.00042
Sun 26 Jan 2025 23:12:36 INFO 20: precision: 0.00018 | recall: 0.00288 | ndcg: 0.00106 | hit_rate: 0.00349 | map: 0.00052
Sun 26 Jan 2025 23:12:36 INFO Test Metrics:
Sun 26 Jan 2025 23:12:36 INFO 5: precision: 0.00031 | recall: 0.00079 | ndcg: 0.00058 | hit_rate: 0.00151 | map: 0.00038
Sun 26 Jan 2025 23:12:36 INFO 10: precision: 0.00026 | recall: 0.00130 | ndcg: 0.00078 | hit_rate: 0.00250 | map: 0.00045
Sun 26 Jan 2025 23:12:36 INFO 20: precision: 0.00025 | recall: 0.00245 | ndcg: 0.00113 | hit_rate: 0.00461 | map: 0.00054
Sun 26 Jan 2025 23:12:38 INFO Epoch 3, Loss: 8.67508
Sun 26 Jan 2025 23:12:40 INFO Validation Metrics:
Sun 26 Jan 2025 23:12:40 INFO 5: precision: 0.00022 | recall: 0.00090 | ndcg: 0.00056 | hit_rate: 0.00112 | map: 0.00041
Sun 26 Jan 2025 23:12:40 INFO 10: precision: 0.00020 | recall: 0.00159 | ndcg: 0.00079 | hit_rate: 0.00192 | map: 0.00050
Sun 26 Jan 2025 23:12:40 INFO 20: precision: 0.00019 | recall: 0.00315 | ndcg: 0.00119 | hit_rate: 0.00379 | map: 0.00061
Sun 26 Jan 2025 23:12:40 INFO Test Metrics:
Sun 26 Jan 2025 23:12:40 INFO 5: precision: 0.00030 | recall: 0.00078 | ndcg: 0.00064 | hit_rate: 0.00146 | map: 0.00046
Sun 26 Jan 2025 23:12:40 INFO 10: precision: 0.00026 | recall: 0.00130 | ndcg: 0.00084 | hit_rate: 0.00250 | map: 0.00053
Sun 26 Jan 2025 23:12:40 INFO 20: precision: 0.00025 | recall: 0.00255 | ndcg: 0.00122 | hit_rate: 0.00467 | map: 0.00062
Sun 26 Jan 2025 23:12:42 INFO Epoch 4, Loss: 8.21092
Sun 26 Jan 2025 23:12:44 INFO Validation Metrics:
Sun 26 Jan 2025 23:12:44 INFO 5: precision: 0.00019 | recall: 0.00075 | ndcg: 0.00048 | hit_rate: 0.00093 | map: 0.00036
Sun 26 Jan 2025 23:12:44 INFO 10: precision: 0.00020 | recall: 0.00168 | ndcg: 0.00079 | hit_rate: 0.00200 | map: 0.00049
Sun 26 Jan 2025 23:12:44 INFO 20: precision: 0.00020 | recall: 0.00323 | ndcg: 0.00120 | hit_rate: 0.00383 | map: 0.00059
Sun 26 Jan 2025 23:12:44 INFO Test Metrics:
Sun 26 Jan 2025 23:12:44 INFO 5: precision: 0.00030 | recall: 0.00074 | ndcg: 0.00059 | hit_rate: 0.00146 | map: 0.00041
Sun 26 Jan 2025 23:12:44 INFO 10: precision: 0.00029 | recall: 0.00143 | ndcg: 0.00085 | hit_rate: 0.00280 | map: 0.00050
Sun 26 Jan 2025 23:12:44 INFO 20: precision: 0.00027 | recall: 0.00268 | ndcg: 0.00123 | hit_rate: 0.00500 | map: 0.00060
Sun 26 Jan 2025 23:12:46 INFO Epoch 5, Loss: 7.52062
Sun 26 Jan 2025 23:12:48 INFO Validation Metrics:
Sun 26 Jan 2025 23:12:48 INFO 5: precision: 0.00024 | recall: 0.00095 | ndcg: 0.00057 | hit_rate: 0.00114 | map: 0.00041
Sun 26 Jan 2025 23:12:48 INFO 10: precision: 0.00022 | recall: 0.00169 | ndcg: 0.00082 | hit_rate: 0.00211 | map: 0.00050
Sun 26 Jan 2025 23:12:48 INFO 20: precision: 0.00020 | recall: 0.00336 | ndcg: 0.00125 | hit_rate: 0.00399 | map: 0.00062
Sun 26 Jan 2025 23:12:48 INFO Test Metrics:
Sun 26 Jan 2025 23:12:48 INFO 5: precision: 0.00031 | recall: 0.00079 | ndcg: 0.00065 | hit_rate: 0.00153 | map: 0.00046
Sun 26 Jan 2025 23:12:48 INFO 10: precision: 0.00028 | recall: 0.00134 | ndcg: 0.00087 | hit_rate: 0.00269 | map: 0.00054
Sun 26 Jan 2025 23:12:48 INFO 20: precision: 0.00027 | recall: 0.00268 | ndcg: 0.00127 | hit_rate: 0.00489 | map: 0.00064
Sun 26 Jan 2025 23:12:50 INFO Epoch 6, Loss: 6.70387
Sun 26 Jan 2025 23:12:52 INFO Validation Metrics:
Sun 26 Jan 2025 23:12:52 INFO 5: precision: 0.00021 | recall: 0.00079 | ndcg: 0.00053 | hit_rate: 0.00101 | map: 0.00041
Sun 26 Jan 2025 23:12:52 INFO 10: precision: 0.00021 | recall: 0.00165 | ndcg: 0.00081 | hit_rate: 0.00202 | map: 0.00052
Sun 26 Jan 2025 23:12:52 INFO 20: precision: 0.00019 | recall: 0.00316 | ndcg: 0.00120 | hit_rate: 0.00368 | map: 0.00062
Sun 26 Jan 2025 23:12:52 INFO Test Metrics:
Sun 26 Jan 2025 23:12:52 INFO 5: precision: 0.00029 | recall: 0.00071 | ndcg: 0.00054 | hit_rate: 0.00142 | map: 0.00036
Sun 26 Jan 2025 23:12:52 INFO 10: precision: 0.00027 | recall: 0.00132 | ndcg: 0.00078 | hit_rate: 0.00261 | map: 0.00045
Sun 26 Jan 2025 23:12:52 INFO 20: precision: 0.00026 | recall: 0.00261 | ndcg: 0.00117 | hit_rate: 0.00483 | map: 0.00054
Sun 26 Jan 2025 23:12:54 INFO Epoch 7, Loss: 5.84312
Sun 26 Jan 2025 23:12:56 INFO Validation Metrics:
Sun 26 Jan 2025 23:12:56 INFO 5: precision: 0.00020 | recall: 0.00084 | ndcg: 0.00050 | hit_rate: 0.00101 | map: 0.00037
Sun 26 Jan 2025 23:12:56 INFO 10: precision: 0.00021 | recall: 0.00175 | ndcg: 0.00080 | hit_rate: 0.00211 | map: 0.00048
Sun 26 Jan 2025 23:12:56 INFO 20: precision: 0.00020 | recall: 0.00335 | ndcg: 0.00121 | hit_rate: 0.00394 | map: 0.00059
Sun 26 Jan 2025 23:12:56 INFO Test Metrics:
Sun 26 Jan 2025 23:12:56 INFO 5: precision: 0.00030 | recall: 0.00072 | ndcg: 0.00057 | hit_rate: 0.00149 | map: 0.00039
Sun 26 Jan 2025 23:12:56 INFO 10: precision: 0.00024 | recall: 0.00112 | ndcg: 0.00073 | hit_rate: 0.00237 | map: 0.00044
Sun 26 Jan 2025 23:12:56 INFO 20: precision: 0.00027 | recall: 0.00271 | ndcg: 0.00120 | hit_rate: 0.00493 | map: 0.00056
Sun 26 Jan 2025 23:12:58 INFO Epoch 8, Loss: 5.03761
Sun 26 Jan 2025 23:12:59 INFO Validation Metrics:
Sun 26 Jan 2025 23:12:59 INFO 5: precision: 0.00020 | recall: 0.00081 | ndcg: 0.00048 | hit_rate: 0.00101 | map: 0.00034
Sun 26 Jan 2025 23:12:59 INFO 10: precision: 0.00020 | recall: 0.00164 | ndcg: 0.00076 | hit_rate: 0.00200 | map: 0.00045
Sun 26 Jan 2025 23:12:59 INFO 20: precision: 0.00019 | recall: 0.00310 | ndcg: 0.00114 | hit_rate: 0.00368 | map: 0.00055
Sun 26 Jan 2025 23:12:59 INFO Test Metrics:
Sun 26 Jan 2025 23:12:59 INFO 5: precision: 0.00032 | recall: 0.00076 | ndcg: 0.00062 | hit_rate: 0.00157 | map: 0.00043
Sun 26 Jan 2025 23:12:59 INFO 10: precision: 0.00027 | recall: 0.00127 | ndcg: 0.00082 | hit_rate: 0.00259 | map: 0.00050
Sun 26 Jan 2025 23:12:59 INFO 20: precision: 0.00028 | recall: 0.00288 | ndcg: 0.00129 | hit_rate: 0.00511 | map: 0.00062
Sun 26 Jan 2025 23:13:01 INFO Epoch 9, Loss: 4.33505
Sun 26 Jan 2025 23:13:03 INFO Validation Metrics:
Sun 26 Jan 2025 23:13:03 INFO 5: precision: 0.00025 | recall: 0.00100 | ndcg: 0.00062 | hit_rate: 0.00123 | map: 0.00046
Sun 26 Jan 2025 23:13:03 INFO 10: precision: 0.00022 | recall: 0.00171 | ndcg: 0.00086 | hit_rate: 0.00213 | map: 0.00055
Sun 26 Jan 2025 23:13:03 INFO 20: precision: 0.00019 | recall: 0.00316 | ndcg: 0.00123 | hit_rate: 0.00373 | map: 0.00065
Sun 26 Jan 2025 23:13:03 INFO Test Metrics:
Sun 26 Jan 2025 23:13:03 INFO 5: precision: 0.00031 | recall: 0.00076 | ndcg: 0.00065 | hit_rate: 0.00149 | map: 0.00048
Sun 26 Jan 2025 23:13:03 INFO 10: precision: 0.00027 | recall: 0.00131 | ndcg: 0.00087 | hit_rate: 0.00265 | map: 0.00055
Sun 26 Jan 2025 23:13:03 INFO 20: precision: 0.00029 | recall: 0.00291 | ndcg: 0.00134 | hit_rate: 0.00530 | map: 0.00067
Sun 26 Jan 2025 23:13:05 INFO Epoch 10, Loss: 3.79770
Sun 26 Jan 2025 23:13:07 INFO Validation Metrics:
Sun 26 Jan 2025 23:13:07 INFO 5: precision: 0.00018 | recall: 0.00076 | ndcg: 0.00046 | hit_rate: 0.00090 | map: 0.00034
Sun 26 Jan 2025 23:13:07 INFO 10: precision: 0.00019 | recall: 0.00148 | ndcg: 0.00071 | hit_rate: 0.00187 | map: 0.00044
Sun 26 Jan 2025 23:13:07 INFO 20: precision: 0.00019 | recall: 0.00317 | ndcg: 0.00114 | hit_rate: 0.00373 | map: 0.00055
Sun 26 Jan 2025 23:13:07 INFO Test Metrics:
Sun 26 Jan 2025 23:13:07 INFO 5: precision: 0.00029 | recall: 0.00072 | ndcg: 0.00062 | hit_rate: 0.00144 | map: 0.00045
Sun 26 Jan 2025 23:13:07 INFO 10: precision: 0.00028 | recall: 0.00133 | ndcg: 0.00087 | hit_rate: 0.00276 | map: 0.00053
Sun 26 Jan 2025 23:13:07 INFO 20: precision: 0.00028 | recall: 0.00291 | ndcg: 0.00132 | hit_rate: 0.00526 | map: 0.00064
Sun 26 Jan 2025 23:13:09 INFO Epoch 11, Loss: 3.29756
Sun 26 Jan 2025 23:13:11 INFO Validation Metrics:
Sun 26 Jan 2025 23:13:11 INFO 5: precision: 0.00022 | recall: 0.00092 | ndcg: 0.00051 | hit_rate: 0.00108 | map: 0.00036
Sun 26 Jan 2025 23:13:11 INFO 10: precision: 0.00021 | recall: 0.00176 | ndcg: 0.00079 | hit_rate: 0.00209 | map: 0.00046
Sun 26 Jan 2025 23:13:11 INFO 20: precision: 0.00020 | recall: 0.00327 | ndcg: 0.00119 | hit_rate: 0.00386 | map: 0.00057
Sun 26 Jan 2025 23:13:11 INFO Test Metrics:
Sun 26 Jan 2025 23:13:11 INFO 5: precision: 0.00029 | recall: 0.00072 | ndcg: 0.00059 | hit_rate: 0.00142 | map: 0.00041
Sun 26 Jan 2025 23:13:11 INFO 10: precision: 0.00028 | recall: 0.00137 | ndcg: 0.00085 | hit_rate: 0.00271 | map: 0.00051
Sun 26 Jan 2025 23:13:11 INFO 20: precision: 0.00027 | recall: 0.00279 | ndcg: 0.00126 | hit_rate: 0.00500 | map: 0.00060
Sun 26 Jan 2025 23:13:13 INFO Epoch 12, Loss: 2.90959
Sun 26 Jan 2025 23:13:15 INFO Validation Metrics:
Sun 26 Jan 2025 23:13:15 INFO 5: precision: 0.00023 | recall: 0.00096 | ndcg: 0.00058 | hit_rate: 0.00116 | map: 0.00042
Sun 26 Jan 2025 23:13:15 INFO 10: precision: 0.00023 | recall: 0.00187 | ndcg: 0.00089 | hit_rate: 0.00228 | map: 0.00055
Sun 26 Jan 2025 23:13:15 INFO 20: precision: 0.00021 | recall: 0.00335 | ndcg: 0.00127 | hit_rate: 0.00403 | map: 0.00064
Sun 26 Jan 2025 23:13:15 INFO Test Metrics:
Sun 26 Jan 2025 23:13:15 INFO 5: precision: 0.00030 | recall: 0.00074 | ndcg: 0.00062 | hit_rate: 0.00149 | map: 0.00044
Sun 26 Jan 2025 23:13:15 INFO 10: precision: 0.00030 | recall: 0.00147 | ndcg: 0.00090 | hit_rate: 0.00284 | map: 0.00054
Sun 26 Jan 2025 23:13:15 INFO 20: precision: 0.00028 | recall: 0.00299 | ndcg: 0.00135 | hit_rate: 0.00526 | map: 0.00065
Sun 26 Jan 2025 23:13:17 INFO Epoch 13, Loss: 2.57037
Sun 26 Jan 2025 23:13:19 INFO Validation Metrics:
Sun 26 Jan 2025 23:13:19 INFO 5: precision: 0.00021 | recall: 0.00086 | ndcg: 0.00055 | hit_rate: 0.00106 | map: 0.00042
Sun 26 Jan 2025 23:13:19 INFO 10: precision: 0.00021 | recall: 0.00172 | ndcg: 0.00084 | hit_rate: 0.00209 | map: 0.00053
Sun 26 Jan 2025 23:13:19 INFO 20: precision: 0.00020 | recall: 0.00330 | ndcg: 0.00125 | hit_rate: 0.00390 | map: 0.00064
Sun 26 Jan 2025 23:13:19 INFO Test Metrics:
Sun 26 Jan 2025 23:13:19 INFO 5: precision: 0.00029 | recall: 0.00073 | ndcg: 0.00063 | hit_rate: 0.00142 | map: 0.00046
Sun 26 Jan 2025 23:13:19 INFO 10: precision: 0.00030 | recall: 0.00147 | ndcg: 0.00092 | hit_rate: 0.00287 | map: 0.00056
Sun 26 Jan 2025 23:13:19 INFO 20: precision: 0.00029 | recall: 0.00304 | ndcg: 0.00138 | hit_rate: 0.00549 | map: 0.00067
Sun 26 Jan 2025 23:13:21 INFO Epoch 14, Loss: 2.32674
Sun 26 Jan 2025 23:13:22 INFO Validation Metrics:
Sun 26 Jan 2025 23:13:22 INFO 5: precision: 0.00021 | recall: 0.00090 | ndcg: 0.00057 | hit_rate: 0.00106 | map: 0.00044
Sun 26 Jan 2025 23:13:22 INFO 10: precision: 0.00022 | recall: 0.00174 | ndcg: 0.00086 | hit_rate: 0.00211 | map: 0.00055
Sun 26 Jan 2025 23:13:22 INFO 20: precision: 0.00021 | recall: 0.00337 | ndcg: 0.00128 | hit_rate: 0.00396 | map: 0.00066
Sun 26 Jan 2025 23:13:22 INFO Test Metrics:
Sun 26 Jan 2025 23:13:22 INFO 5: precision: 0.00030 | recall: 0.00077 | ndcg: 0.00060 | hit_rate: 0.00149 | map: 0.00041
Sun 26 Jan 2025 23:13:22 INFO 10: precision: 0.00027 | recall: 0.00138 | ndcg: 0.00084 | hit_rate: 0.00269 | map: 0.00050
Sun 26 Jan 2025 23:13:22 INFO 20: precision: 0.00028 | recall: 0.00292 | ndcg: 0.00129 | hit_rate: 0.00523 | map: 0.00061
Sun 26 Jan 2025 23:13:24 INFO Epoch 15, Loss: 2.04937
Sun 26 Jan 2025 23:13:26 INFO Validation Metrics:
Sun 26 Jan 2025 23:13:26 INFO 5: precision: 0.00022 | recall: 0.00088 | ndcg: 0.00057 | hit_rate: 0.00110 | map: 0.00043
Sun 26 Jan 2025 23:13:26 INFO 10: precision: 0.00023 | recall: 0.00183 | ndcg: 0.00089 | hit_rate: 0.00226 | map: 0.00056
Sun 26 Jan 2025 23:13:26 INFO 20: precision: 0.00019 | recall: 0.00315 | ndcg: 0.00124 | hit_rate: 0.00375 | map: 0.00065
Sun 26 Jan 2025 23:13:26 INFO Test Metrics:
Sun 26 Jan 2025 23:13:26 INFO 5: precision: 0.00026 | recall: 0.00067 | ndcg: 0.00054 | hit_rate: 0.00129 | map: 0.00038
Sun 26 Jan 2025 23:13:26 INFO 10: precision: 0.00025 | recall: 0.00127 | ndcg: 0.00077 | hit_rate: 0.00248 | map: 0.00046
Sun 26 Jan 2025 23:13:26 INFO 20: precision: 0.00028 | recall: 0.00284 | ndcg: 0.00124 | hit_rate: 0.00521 | map: 0.00057
Sun 26 Jan 2025 23:13:28 INFO Epoch 16, Loss: 1.91452
Sun 26 Jan 2025 23:13:30 INFO Validation Metrics:
Sun 26 Jan 2025 23:13:30 INFO 5: precision: 0.00024 | recall: 0.00099 | ndcg: 0.00062 | hit_rate: 0.00118 | map: 0.00047
Sun 26 Jan 2025 23:13:30 INFO 10: precision: 0.00022 | recall: 0.00182 | ndcg: 0.00090 | hit_rate: 0.00215 | map: 0.00058
Sun 26 Jan 2025 23:13:30 INFO 20: precision: 0.00020 | recall: 0.00323 | ndcg: 0.00126 | hit_rate: 0.00386 | map: 0.00067
Sun 26 Jan 2025 23:13:30 INFO Test Metrics:
Sun 26 Jan 2025 23:13:30 INFO 5: precision: 0.00029 | recall: 0.00073 | ndcg: 0.00060 | hit_rate: 0.00140 | map: 0.00042
Sun 26 Jan 2025 23:13:30 INFO 10: precision: 0.00027 | recall: 0.00139 | ndcg: 0.00085 | hit_rate: 0.00259 | map: 0.00051
Sun 26 Jan 2025 23:13:30 INFO 20: precision: 0.00027 | recall: 0.00282 | ndcg: 0.00128 | hit_rate: 0.00517 | map: 0.00061
Sun 26 Jan 2025 23:13:32 INFO Epoch 17, Loss: 1.72251
Sun 26 Jan 2025 23:13:34 INFO Validation Metrics:
Sun 26 Jan 2025 23:13:34 INFO 5: precision: 0.00021 | recall: 0.00082 | ndcg: 0.00057 | hit_rate: 0.00106 | map: 0.00045
Sun 26 Jan 2025 23:13:34 INFO 10: precision: 0.00022 | recall: 0.00169 | ndcg: 0.00087 | hit_rate: 0.00213 | map: 0.00057
Sun 26 Jan 2025 23:13:34 INFO 20: precision: 0.00020 | recall: 0.00329 | ndcg: 0.00127 | hit_rate: 0.00386 | map: 0.00067
Sun 26 Jan 2025 23:13:34 INFO Test Metrics:
Sun 26 Jan 2025 23:13:34 INFO 5: precision: 0.00027 | recall: 0.00067 | ndcg: 0.00058 | hit_rate: 0.00136 | map: 0.00041
Sun 26 Jan 2025 23:13:34 INFO 10: precision: 0.00029 | recall: 0.00150 | ndcg: 0.00089 | hit_rate: 0.00278 | map: 0.00053
Sun 26 Jan 2025 23:13:34 INFO 20: precision: 0.00028 | recall: 0.00286 | ndcg: 0.00130 | hit_rate: 0.00517 | map: 0.00063
Sun 26 Jan 2025 23:13:36 INFO Epoch 18, Loss: 1.54653
Sun 26 Jan 2025 23:13:38 INFO Validation Metrics:
Sun 26 Jan 2025 23:13:38 INFO 5: precision: 0.00021 | recall: 0.00082 | ndcg: 0.00062 | hit_rate: 0.00101 | map: 0.00053
Sun 26 Jan 2025 23:13:38 INFO 10: precision: 0.00022 | recall: 0.00170 | ndcg: 0.00093 | hit_rate: 0.00215 | map: 0.00064
Sun 26 Jan 2025 23:13:38 INFO 20: precision: 0.00020 | recall: 0.00322 | ndcg: 0.00132 | hit_rate: 0.00386 | map: 0.00074
Sun 26 Jan 2025 23:13:38 INFO Test Metrics:
Sun 26 Jan 2025 23:13:38 INFO 5: precision: 0.00026 | recall: 0.00072 | ndcg: 0.00054 | hit_rate: 0.00131 | map: 0.00037
Sun 26 Jan 2025 23:13:38 INFO 10: precision: 0.00027 | recall: 0.00138 | ndcg: 0.00079 | hit_rate: 0.00265 | map: 0.00046
Sun 26 Jan 2025 23:13:38 INFO 20: precision: 0.00028 | recall: 0.00293 | ndcg: 0.00126 | hit_rate: 0.00532 | map: 0.00057
Sun 26 Jan 2025 23:13:40 INFO Epoch 19, Loss: 1.41515
Sun 26 Jan 2025 23:13:42 INFO Validation Metrics:
Sun 26 Jan 2025 23:13:42 INFO 5: precision: 0.00023 | recall: 0.00090 | ndcg: 0.00064 | hit_rate: 0.00112 | map: 0.00052
Sun 26 Jan 2025 23:13:42 INFO 10: precision: 0.00022 | recall: 0.00166 | ndcg: 0.00091 | hit_rate: 0.00211 | map: 0.00062
Sun 26 Jan 2025 23:13:42 INFO 20: precision: 0.00020 | recall: 0.00315 | ndcg: 0.00129 | hit_rate: 0.00377 | map: 0.00072
Sun 26 Jan 2025 23:13:42 INFO Test Metrics:
Sun 26 Jan 2025 23:13:42 INFO 5: precision: 0.00026 | recall: 0.00069 | ndcg: 0.00056 | hit_rate: 0.00127 | map: 0.00040
Sun 26 Jan 2025 23:13:42 INFO 10: precision: 0.00025 | recall: 0.00133 | ndcg: 0.00081 | hit_rate: 0.00252 | map: 0.00049
Sun 26 Jan 2025 23:13:42 INFO 20: precision: 0.00027 | recall: 0.00279 | ndcg: 0.00125 | hit_rate: 0.00515 | map: 0.00059
Sun 26 Jan 2025 23:13:44 INFO Epoch 20, Loss: 1.30906
Sun 26 Jan 2025 23:13:45 INFO Validation Metrics:
Sun 26 Jan 2025 23:13:45 INFO 5: precision: 0.00025 | recall: 0.00099 | ndcg: 0.00064 | hit_rate: 0.00121 | map: 0.00050
Sun 26 Jan 2025 23:13:45 INFO 10: precision: 0.00023 | recall: 0.00190 | ndcg: 0.00094 | hit_rate: 0.00228 | map: 0.00061
Sun 26 Jan 2025 23:13:45 INFO 20: precision: 0.00020 | recall: 0.00321 | ndcg: 0.00128 | hit_rate: 0.00375 | map: 0.00070
Sun 26 Jan 2025 23:13:45 INFO Test Metrics:
Sun 26 Jan 2025 23:13:45 INFO 5: precision: 0.00029 | recall: 0.00076 | ndcg: 0.00063 | hit_rate: 0.00146 | map: 0.00045
Sun 26 Jan 2025 23:13:45 INFO 10: precision: 0.00029 | recall: 0.00148 | ndcg: 0.00090 | hit_rate: 0.00284 | map: 0.00054
Sun 26 Jan 2025 23:13:45 INFO 20: precision: 0.00027 | recall: 0.00276 | ndcg: 0.00128 | hit_rate: 0.00502 | map: 0.00063
Sun 26 Jan 2025 23:13:47 INFO Epoch 21, Loss: 1.22265
Sun 26 Jan 2025 23:13:49 INFO Validation Metrics:
Sun 26 Jan 2025 23:13:49 INFO 5: precision: 0.00021 | recall: 0.00087 | ndcg: 0.00056 | hit_rate: 0.00103 | map: 0.00043
Sun 26 Jan 2025 23:13:49 INFO 10: precision: 0.00023 | recall: 0.00177 | ndcg: 0.00087 | hit_rate: 0.00222 | map: 0.00055
Sun 26 Jan 2025 23:13:49 INFO 20: precision: 0.00019 | recall: 0.00310 | ndcg: 0.00122 | hit_rate: 0.00371 | map: 0.00064
Sun 26 Jan 2025 23:13:49 INFO Test Metrics:
Sun 26 Jan 2025 23:13:49 INFO 5: precision: 0.00028 | recall: 0.00073 | ndcg: 0.00054 | hit_rate: 0.00140 | map: 0.00036
Sun 26 Jan 2025 23:13:49 INFO 10: precision: 0.00028 | recall: 0.00151 | ndcg: 0.00083 | hit_rate: 0.00274 | map: 0.00046
Sun 26 Jan 2025 23:13:49 INFO 20: precision: 0.00027 | recall: 0.00277 | ndcg: 0.00121 | hit_rate: 0.00508 | map: 0.00055
Sun 26 Jan 2025 23:13:51 INFO Epoch 22, Loss: 1.11104
Sun 26 Jan 2025 23:13:53 INFO Validation Metrics:
Sun 26 Jan 2025 23:13:53 INFO 5: precision: 0.00022 | recall: 0.00086 | ndcg: 0.00062 | hit_rate: 0.00110 | map: 0.00050
Sun 26 Jan 2025 23:13:53 INFO 10: precision: 0.00021 | recall: 0.00170 | ndcg: 0.00090 | hit_rate: 0.00209 | map: 0.00061
Sun 26 Jan 2025 23:13:53 INFO 20: precision: 0.00020 | recall: 0.00319 | ndcg: 0.00128 | hit_rate: 0.00377 | map: 0.00071
Sun 26 Jan 2025 23:13:53 INFO Test Metrics:
Sun 26 Jan 2025 23:13:53 INFO 5: precision: 0.00026 | recall: 0.00066 | ndcg: 0.00054 | hit_rate: 0.00127 | map: 0.00038
Sun 26 Jan 2025 23:13:53 INFO 10: precision: 0.00025 | recall: 0.00130 | ndcg: 0.00078 | hit_rate: 0.00248 | map: 0.00046
Sun 26 Jan 2025 23:13:53 INFO 20: precision: 0.00027 | recall: 0.00274 | ndcg: 0.00121 | hit_rate: 0.00502 | map: 0.00057
Sun 26 Jan 2025 23:13:55 INFO Epoch 23, Loss: 1.04691
Sun 26 Jan 2025 23:13:57 INFO Validation Metrics:
Sun 26 Jan 2025 23:13:57 INFO 5: precision: 0.00023 | recall: 0.00092 | ndcg: 0.00058 | hit_rate: 0.00110 | map: 0.00044
Sun 26 Jan 2025 23:13:57 INFO 10: precision: 0.00023 | recall: 0.00188 | ndcg: 0.00089 | hit_rate: 0.00224 | map: 0.00056
Sun 26 Jan 2025 23:13:57 INFO 20: precision: 0.00020 | recall: 0.00328 | ndcg: 0.00125 | hit_rate: 0.00388 | map: 0.00065
Sun 26 Jan 2025 23:13:57 INFO Test Metrics:
Sun 26 Jan 2025 23:13:57 INFO 5: precision: 0.00027 | recall: 0.00072 | ndcg: 0.00055 | hit_rate: 0.00136 | map: 0.00038
Sun 26 Jan 2025 23:13:57 INFO 10: precision: 0.00027 | recall: 0.00137 | ndcg: 0.00080 | hit_rate: 0.00263 | map: 0.00047
Sun 26 Jan 2025 23:13:57 INFO 20: precision: 0.00026 | recall: 0.00273 | ndcg: 0.00121 | hit_rate: 0.00498 | map: 0.00057
Sun 26 Jan 2025 23:13:59 INFO Epoch 24, Loss: 0.99387
Sun 26 Jan 2025 23:14:01 INFO Validation Metrics:
Sun 26 Jan 2025 23:14:01 INFO 5: precision: 0.00021 | recall: 0.00083 | ndcg: 0.00056 | hit_rate: 0.00101 | map: 0.00045
Sun 26 Jan 2025 23:14:01 INFO 10: precision: 0.00022 | recall: 0.00178 | ndcg: 0.00088 | hit_rate: 0.00215 | map: 0.00057
Sun 26 Jan 2025 23:14:01 INFO 20: precision: 0.00021 | recall: 0.00339 | ndcg: 0.00130 | hit_rate: 0.00403 | map: 0.00068
Sun 26 Jan 2025 23:14:01 INFO Test Metrics:
Sun 26 Jan 2025 23:14:01 INFO 5: precision: 0.00027 | recall: 0.00069 | ndcg: 0.00052 | hit_rate: 0.00136 | map: 0.00035
Sun 26 Jan 2025 23:14:01 INFO 10: precision: 0.00026 | recall: 0.00138 | ndcg: 0.00078 | hit_rate: 0.00259 | map: 0.00044
Sun 26 Jan 2025 23:14:01 INFO 20: precision: 0.00027 | recall: 0.00276 | ndcg: 0.00120 | hit_rate: 0.00506 | map: 0.00054
Sun 26 Jan 2025 23:14:03 INFO Epoch 25, Loss: 0.96268
Sun 26 Jan 2025 23:14:05 INFO Validation Metrics:
Sun 26 Jan 2025 23:14:05 INFO 5: precision: 0.00026 | recall: 0.00107 | ndcg: 0.00069 | hit_rate: 0.00131 | map: 0.00054
Sun 26 Jan 2025 23:14:05 INFO 10: precision: 0.00023 | recall: 0.00186 | ndcg: 0.00096 | hit_rate: 0.00231 | map: 0.00064
Sun 26 Jan 2025 23:14:05 INFO 20: precision: 0.00021 | recall: 0.00332 | ndcg: 0.00134 | hit_rate: 0.00396 | map: 0.00074
Sun 26 Jan 2025 23:14:05 INFO Test Metrics:
Sun 26 Jan 2025 23:14:05 INFO 5: precision: 0.00029 | recall: 0.00077 | ndcg: 0.00061 | hit_rate: 0.00146 | map: 0.00043
Sun 26 Jan 2025 23:14:05 INFO 10: precision: 0.00027 | recall: 0.00142 | ndcg: 0.00085 | hit_rate: 0.00267 | map: 0.00051
Sun 26 Jan 2025 23:14:05 INFO 20: precision: 0.00027 | recall: 0.00271 | ndcg: 0.00124 | hit_rate: 0.00508 | map: 0.00060
Sun 26 Jan 2025 23:14:07 INFO Epoch 26, Loss: 0.89978
Sun 26 Jan 2025 23:14:08 INFO Validation Metrics:
Sun 26 Jan 2025 23:14:08 INFO 5: precision: 0.00025 | recall: 0.00097 | ndcg: 0.00059 | hit_rate: 0.00123 | map: 0.00042
Sun 26 Jan 2025 23:14:08 INFO 10: precision: 0.00023 | recall: 0.00187 | ndcg: 0.00089 | hit_rate: 0.00226 | map: 0.00054
Sun 26 Jan 2025 23:14:08 INFO 20: precision: 0.00021 | recall: 0.00327 | ndcg: 0.00126 | hit_rate: 0.00396 | map: 0.00064
Sun 26 Jan 2025 23:14:08 INFO Test Metrics:
Sun 26 Jan 2025 23:14:08 INFO 5: precision: 0.00027 | recall: 0.00068 | ndcg: 0.00057 | hit_rate: 0.00136 | map: 0.00040
Sun 26 Jan 2025 23:14:08 INFO 10: precision: 0.00025 | recall: 0.00131 | ndcg: 0.00080 | hit_rate: 0.00243 | map: 0.00049
Sun 26 Jan 2025 23:14:08 INFO 20: precision: 0.00026 | recall: 0.00278 | ndcg: 0.00124 | hit_rate: 0.00504 | map: 0.00059
Sun 26 Jan 2025 23:14:10 INFO Epoch 27, Loss: 0.85039
Sun 26 Jan 2025 23:14:12 INFO Validation Metrics:
Sun 26 Jan 2025 23:14:12 INFO 5: precision: 0.00025 | recall: 0.00102 | ndcg: 0.00063 | hit_rate: 0.00125 | map: 0.00046
Sun 26 Jan 2025 23:14:12 INFO 10: precision: 0.00022 | recall: 0.00182 | ndcg: 0.00088 | hit_rate: 0.00220 | map: 0.00056
Sun 26 Jan 2025 23:14:12 INFO 20: precision: 0.00020 | recall: 0.00313 | ndcg: 0.00123 | hit_rate: 0.00381 | map: 0.00065
Sun 26 Jan 2025 23:14:12 INFO Test Metrics:
Sun 26 Jan 2025 23:14:12 INFO 5: precision: 0.00025 | recall: 0.00070 | ndcg: 0.00052 | hit_rate: 0.00127 | map: 0.00035
Sun 26 Jan 2025 23:14:12 INFO 10: precision: 0.00027 | recall: 0.00138 | ndcg: 0.00078 | hit_rate: 0.00269 | map: 0.00044
Sun 26 Jan 2025 23:14:12 INFO 20: precision: 0.00027 | recall: 0.00274 | ndcg: 0.00120 | hit_rate: 0.00517 | map: 0.00054
Sun 26 Jan 2025 23:14:14 INFO Epoch 28, Loss: 0.79826
Sun 26 Jan 2025 23:14:16 INFO Validation Metrics:
Sun 26 Jan 2025 23:14:16 INFO 5: precision: 0.00025 | recall: 0.00096 | ndcg: 0.00060 | hit_rate: 0.00121 | map: 0.00045
Sun 26 Jan 2025 23:14:16 INFO 10: precision: 0.00024 | recall: 0.00193 | ndcg: 0.00093 | hit_rate: 0.00241 | map: 0.00058
Sun 26 Jan 2025 23:14:16 INFO 20: precision: 0.00021 | recall: 0.00334 | ndcg: 0.00130 | hit_rate: 0.00399 | map: 0.00067
Sun 26 Jan 2025 23:14:16 INFO Test Metrics:
Sun 26 Jan 2025 23:14:16 INFO 5: precision: 0.00027 | recall: 0.00070 | ndcg: 0.00051 | hit_rate: 0.00131 | map: 0.00034
Sun 26 Jan 2025 23:14:16 INFO 10: precision: 0.00025 | recall: 0.00134 | ndcg: 0.00075 | hit_rate: 0.00246 | map: 0.00042
Sun 26 Jan 2025 23:14:16 INFO 20: precision: 0.00026 | recall: 0.00277 | ndcg: 0.00117 | hit_rate: 0.00515 | map: 0.00052
Sun 26 Jan 2025 23:14:18 INFO Epoch 29, Loss: 0.74515
Sun 26 Jan 2025 23:14:20 INFO Validation Metrics:
Sun 26 Jan 2025 23:14:20 INFO 5: precision: 0.00023 | recall: 0.00095 | ndcg: 0.00060 | hit_rate: 0.00114 | map: 0.00045
Sun 26 Jan 2025 23:14:20 INFO 10: precision: 0.00023 | recall: 0.00189 | ndcg: 0.00091 | hit_rate: 0.00226 | map: 0.00058
Sun 26 Jan 2025 23:14:20 INFO 20: precision: 0.00021 | recall: 0.00341 | ndcg: 0.00131 | hit_rate: 0.00405 | map: 0.00069
Sun 26 Jan 2025 23:14:20 INFO Test Metrics:
Sun 26 Jan 2025 23:14:20 INFO 5: precision: 0.00028 | recall: 0.00073 | ndcg: 0.00055 | hit_rate: 0.00138 | map: 0.00038
Sun 26 Jan 2025 23:14:20 INFO 10: precision: 0.00025 | recall: 0.00137 | ndcg: 0.00079 | hit_rate: 0.00250 | map: 0.00047
Sun 26 Jan 2025 23:14:20 INFO 20: precision: 0.00026 | recall: 0.00275 | ndcg: 0.00120 | hit_rate: 0.00508 | map: 0.00056
Sun 26 Jan 2025 23:14:22 INFO Epoch 30, Loss: 0.71483
Sun 26 Jan 2025 23:14:24 INFO Validation Metrics:
Sun 26 Jan 2025 23:14:24 INFO 5: precision: 0.00025 | recall: 0.00098 | ndcg: 0.00063 | hit_rate: 0.00123 | map: 0.00048
Sun 26 Jan 2025 23:14:24 INFO 10: precision: 0.00023 | recall: 0.00187 | ndcg: 0.00092 | hit_rate: 0.00228 | map: 0.00059
Sun 26 Jan 2025 23:14:24 INFO 20: precision: 0.00021 | recall: 0.00341 | ndcg: 0.00132 | hit_rate: 0.00405 | map: 0.00069
Sun 26 Jan 2025 23:14:24 INFO Test Metrics:
Sun 26 Jan 2025 23:14:24 INFO 5: precision: 0.00026 | recall: 0.00067 | ndcg: 0.00051 | hit_rate: 0.00129 | map: 0.00035
Sun 26 Jan 2025 23:14:24 INFO 10: precision: 0.00026 | recall: 0.00132 | ndcg: 0.00077 | hit_rate: 0.00256 | map: 0.00044
Sun 26 Jan 2025 23:14:24 INFO 20: precision: 0.00027 | recall: 0.00279 | ndcg: 0.00119 | hit_rate: 0.00506 | map: 0.00054
Sun 26 Jan 2025 23:14:26 INFO Epoch 31, Loss: 0.68407
Sun 26 Jan 2025 23:14:28 INFO Validation Metrics:
Sun 26 Jan 2025 23:14:28 INFO 5: precision: 0.00027 | recall: 0.00107 | ndcg: 0.00065 | hit_rate: 0.00131 | map: 0.00047
Sun 26 Jan 2025 23:14:28 INFO 10: precision: 0.00024 | recall: 0.00186 | ndcg: 0.00092 | hit_rate: 0.00233 | map: 0.00058
Sun 26 Jan 2025 23:14:28 INFO 20: precision: 0.00021 | recall: 0.00338 | ndcg: 0.00131 | hit_rate: 0.00403 | map: 0.00068
Sun 26 Jan 2025 23:14:28 INFO Test Metrics:
Sun 26 Jan 2025 23:14:28 INFO 5: precision: 0.00024 | recall: 0.00065 | ndcg: 0.00051 | hit_rate: 0.00121 | map: 0.00036
Sun 26 Jan 2025 23:14:28 INFO 10: precision: 0.00028 | recall: 0.00142 | ndcg: 0.00081 | hit_rate: 0.00274 | map: 0.00046
Sun 26 Jan 2025 23:14:28 INFO 20: precision: 0.00027 | recall: 0.00284 | ndcg: 0.00123 | hit_rate: 0.00521 | map: 0.00056
Sun 26 Jan 2025 23:14:30 INFO Epoch 32, Loss: 0.64068
Sun 26 Jan 2025 23:14:31 INFO Validation Metrics:
Sun 26 Jan 2025 23:14:31 INFO 5: precision: 0.00026 | recall: 0.00102 | ndcg: 0.00066 | hit_rate: 0.00129 | map: 0.00050
Sun 26 Jan 2025 23:14:31 INFO 10: precision: 0.00022 | recall: 0.00170 | ndcg: 0.00089 | hit_rate: 0.00213 | map: 0.00059
Sun 26 Jan 2025 23:14:31 INFO 20: precision: 0.00020 | recall: 0.00319 | ndcg: 0.00128 | hit_rate: 0.00381 | map: 0.00069
Sun 26 Jan 2025 23:14:31 INFO Test Metrics:
Sun 26 Jan 2025 23:14:31 INFO 5: precision: 0.00028 | recall: 0.00076 | ndcg: 0.00059 | hit_rate: 0.00140 | map: 0.00041
Sun 26 Jan 2025 23:14:31 INFO 10: precision: 0.00027 | recall: 0.00139 | ndcg: 0.00083 | hit_rate: 0.00263 | map: 0.00049
Sun 26 Jan 2025 23:14:31 INFO 20: precision: 0.00026 | recall: 0.00266 | ndcg: 0.00121 | hit_rate: 0.00491 | map: 0.00058
Sun 26 Jan 2025 23:14:34 INFO Epoch 33, Loss: 0.61262
Sun 26 Jan 2025 23:14:35 INFO Validation Metrics:
Sun 26 Jan 2025 23:14:35 INFO 5: precision: 0.00026 | recall: 0.00102 | ndcg: 0.00069 | hit_rate: 0.00127 | map: 0.00054
Sun 26 Jan 2025 23:14:35 INFO 10: precision: 0.00023 | recall: 0.00178 | ndcg: 0.00094 | hit_rate: 0.00222 | map: 0.00063
Sun 26 Jan 2025 23:14:35 INFO 20: precision: 0.00020 | recall: 0.00327 | ndcg: 0.00133 | hit_rate: 0.00390 | map: 0.00074
Sun 26 Jan 2025 23:14:35 INFO Test Metrics:
Sun 26 Jan 2025 23:14:35 INFO 5: precision: 0.00028 | recall: 0.00075 | ndcg: 0.00059 | hit_rate: 0.00140 | map: 0.00040
Sun 26 Jan 2025 23:14:35 INFO 10: precision: 0.00026 | recall: 0.00135 | ndcg: 0.00082 | hit_rate: 0.00256 | map: 0.00048
Sun 26 Jan 2025 23:14:35 INFO 20: precision: 0.00026 | recall: 0.00268 | ndcg: 0.00122 | hit_rate: 0.00498 | map: 0.00058
Sun 26 Jan 2025 23:14:35 INFO Best Test Metrics:
Sun 26 Jan 2025 23:14:35 INFO 5: precision: 0.00029 | recall: 0.00073 | ndcg: 0.00063 | hit_rate: 0.00142 | map: 0.00046
Sun 26 Jan 2025 23:14:35 INFO 10: precision: 0.00030 | recall: 0.00147 | ndcg: 0.00092 | hit_rate: 0.00287 | map: 0.00056
Sun 26 Jan 2025 23:14:35 INFO 20: precision: 0.00029 | recall: 0.00304 | ndcg: 0.00138 | hit_rate: 0.00549 | map: 0.00067
Sun 26 Jan 2025 23:14:35 INFO Best performance: 0.00304
Sun 26 Jan 2025 23:14:35 INFO Best parameters: {'mm_layers': 1, 'ii_topk': 10, 'lambda_coeff': 0.1, 'dropout': 0.1, 'n_layers': 2, 'learning_rate': 0.001, 'reg_weight': 0.001}
Sun 26 Jan 2025 23:14:35 INFO Best metrics:
Sun 26 Jan 2025 23:14:35 INFO 5: precision: 0.00029 | recall: 0.00073 | ndcg: 0.00063 | hit_rate: 0.00142 | map: 0.00046
Sun 26 Jan 2025 23:14:35 INFO 10: precision: 0.00030 | recall: 0.00147 | ndcg: 0.00092 | hit_rate: 0.00287 | map: 0.00056
Sun 26 Jan 2025 23:14:35 INFO 20: precision: 0.00029 | recall: 0.00304 | ndcg: 0.00138 | hit_rate: 0.00549 | map: 0.00067
