Wed 12 Feb 2025 21:28:02 INFO ============Arguments==============
Wed 12 Feb 2025 21:28:02 INFO Model: FREEDOM
Wed 12 Feb 2025 21:28:02 INFO data_path: beauty
Wed 12 Feb 2025 21:28:02 INFO learning_rate: 0.001
Wed 12 Feb 2025 21:28:02 INFO feature_embed: 64
Wed 12 Feb 2025 21:28:02 INFO batch_size: 1024
Wed 12 Feb 2025 21:28:02 INFO aggr_mode: add
Wed 12 Feb 2025 21:28:02 INFO reg_weight: 0.001
Wed 12 Feb 2025 21:28:02 INFO dim_E: 64
Wed 12 Feb 2025 21:28:02 INFO num_epoch: 1000
Wed 12 Feb 2025 21:28:02 INFO dropout: 0.2
Wed 12 Feb 2025 21:28:02 INFO n_layers: 2
Wed 12 Feb 2025 21:28:02 INFO corDecay: 0.001
Wed 12 Feb 2025 21:28:02 INFO n_factors: 4
Wed 12 Feb 2025 21:28:02 INFO n_iterations: 3
Wed 12 Feb 2025 21:28:02 INFO cl_weight: 2.0
Wed 12 Feb 2025 21:28:02 INFO mm_layers: 2
Wed 12 Feb 2025 21:28:02 INFO ii_topk: 10
Wed 12 Feb 2025 21:28:02 INFO uu_topk: 10
Wed 12 Feb 2025 21:28:02 INFO lambda_coeff: 0.9
Wed 12 Feb 2025 21:28:02 INFO ssl_temp: 0.9
Wed 12 Feb 2025 21:28:02 INFO ssl_alpha: 0.9
Wed 12 Feb 2025 21:28:02 INFO ae_weight: 0.1
Wed 12 Feb 2025 21:28:02 INFO threshold: 0.1
Wed 12 Feb 2025 21:28:02 INFO prompt_num: 0.1
Wed 12 Feb 2025 21:28:02 INFO neg_weight: 0.1
Wed 12 Feb 2025 21:28:02 INFO cen_reg: 0.005
Wed 12 Feb 2025 21:28:02 INFO n_intents: 128
Wed 12 Feb 2025 21:28:02 INFO G_rate: 0.0001
Wed 12 Feb 2025 21:28:02 INFO align_weight: 0.1
Wed 12 Feb 2025 21:28:02 INFO mask_weight_f: 1.5
Wed 12 Feb 2025 21:28:02 INFO mask_weight_g: 0.001
Wed 12 Feb 2025 21:28:02 INFO leaky: 0.5
Wed 12 Feb 2025 21:28:02 INFO keepRate: 1.0
Wed 12 Feb 2025 21:28:02 INFO mult: 0.1
Wed 12 Feb 2025 21:28:02 INFO grid_size: 1
Wed 12 Feb 2025 21:28:02 INFO node_dropout: 0.1
Wed 12 Feb 2025 21:28:02 INFO message_dropout: 0.1
Wed 12 Feb 2025 21:28:02 INFO n_mca: 2
Wed 12 Feb 2025 21:28:02 INFO gamma: 0.5
Wed 12 Feb 2025 21:28:02 INFO t: 1.8
Wed 12 Feb 2025 21:28:02 INFO e_loss: 0.1
Wed 12 Feb 2025 21:28:02 INFO ris_lambda: 0.5
Wed 12 Feb 2025 21:28:02 INFO rebuild_k: 1
Wed 12 Feb 2025 21:28:02 INFO pnn_layer: 1
Wed 12 Feb 2025 21:28:02 INFO b2: 1
Wed 12 Feb 2025 21:28:02 INFO ctra: 0.001
Wed 12 Feb 2025 21:28:02 INFO noise_alpha: 0.3
Wed 12 Feb 2025 21:28:02 INFO ssl_temp2: 0.2
Wed 12 Feb 2025 21:28:02 INFO K_s: 1
Wed 12 Feb 2025 21:28:02 INFO T_s: 1
Wed 12 Feb 2025 21:28:02 INFO K_b: 1
Wed 12 Feb 2025 21:28:02 INFO T_b: 1
Wed 12 Feb 2025 21:28:02 INFO idl_beta: 1
Wed 12 Feb 2025 21:28:02 INFO sampling_noise: False
Wed 12 Feb 2025 21:28:02 INFO sampling_steps: 0
Wed 12 Feb 2025 21:28:02 INFO steps: 100
Wed 12 Feb 2025 21:28:02 INFO noise_scale: 0.1
Wed 12 Feb 2025 21:28:02 INFO noise_min: 0.0001
Wed 12 Feb 2025 21:28:02 INFO noise_max: 0.02
Wed 12 Feb 2025 21:28:02 INFO dims: [1000]
Wed 12 Feb 2025 21:28:02 INFO h_layers: 2
Wed 12 Feb 2025 21:28:02 INFO num_hypernodes: 10
Wed 12 Feb 2025 21:28:02 INFO beta1: 0.5
Wed 12 Feb 2025 21:28:02 INFO beta2: 0.5
Wed 12 Feb 2025 21:28:02 INFO seed: 42
Wed 12 Feb 2025 21:28:02 INFO num_workers: 1
Wed 12 Feb 2025 21:28:02 INFO topk: [5, 10, 20]
Wed 12 Feb 2025 21:28:02 INFO local time£ºFeb-12-2025-21-28-02
Wed 12 Feb 2025 21:28:02 INFO =========1/1: Parameters:{'mm_layers': 1, 'ii_topk': 10, 'lambda_coeff': 0.8, 'dropout': 0.1, 'n_layers': 2, 'learning_rate': 0.001, 'reg_weight': 0.001}=========
Wed 12 Feb 2025 21:28:06 INFO Epoch 1, Loss: 5.55053
Wed 12 Feb 2025 21:28:06 INFO Validation Metrics:
Wed 12 Feb 2025 21:28:06 INFO 5: precision: 0.00022 | recall: 0.00095 | ndcg: 0.00064 | hit_rate: 0.00110 | map: 0.00050
Wed 12 Feb 2025 21:28:06 INFO 10: precision: 0.00021 | recall: 0.00174 | ndcg: 0.00090 | hit_rate: 0.00213 | map: 0.00059
Wed 12 Feb 2025 21:28:06 INFO 20: precision: 0.00023 | recall: 0.00362 | ndcg: 0.00140 | hit_rate: 0.00452 | map: 0.00073
Wed 12 Feb 2025 21:28:06 INFO Test Metrics:
Wed 12 Feb 2025 21:28:06 INFO 5: precision: 0.00063 | recall: 0.00130 | ndcg: 0.00100 | hit_rate: 0.00310 | map: 0.00060
Wed 12 Feb 2025 21:28:06 INFO 10: precision: 0.00046 | recall: 0.00197 | ndcg: 0.00126 | hit_rate: 0.00439 | map: 0.00070
Wed 12 Feb 2025 21:28:06 INFO 20: precision: 0.00041 | recall: 0.00387 | ndcg: 0.00182 | hit_rate: 0.00782 | map: 0.00083
Wed 12 Feb 2025 21:28:08 INFO Epoch 2, Loss: 5.53330
Wed 12 Feb 2025 21:28:09 INFO Validation Metrics:
Wed 12 Feb 2025 21:28:09 INFO 5: precision: 0.00035 | recall: 0.00128 | ndcg: 0.00089 | hit_rate: 0.00174 | map: 0.00067
Wed 12 Feb 2025 21:28:09 INFO 10: precision: 0.00029 | recall: 0.00221 | ndcg: 0.00119 | hit_rate: 0.00284 | map: 0.00078
Wed 12 Feb 2025 21:28:09 INFO 20: precision: 0.00031 | recall: 0.00490 | ndcg: 0.00189 | hit_rate: 0.00601 | map: 0.00097
Wed 12 Feb 2025 21:28:09 INFO Test Metrics:
Wed 12 Feb 2025 21:28:09 INFO 5: precision: 0.00071 | recall: 0.00149 | ndcg: 0.00118 | hit_rate: 0.00336 | map: 0.00072
Wed 12 Feb 2025 21:28:09 INFO 10: precision: 0.00053 | recall: 0.00236 | ndcg: 0.00149 | hit_rate: 0.00510 | map: 0.00082
Wed 12 Feb 2025 21:28:09 INFO 20: precision: 0.00049 | recall: 0.00445 | ndcg: 0.00214 | hit_rate: 0.00924 | map: 0.00097
Wed 12 Feb 2025 21:28:11 INFO Epoch 3, Loss: 5.49585
Wed 12 Feb 2025 21:28:11 INFO Validation Metrics:
Wed 12 Feb 2025 21:28:11 INFO 5: precision: 0.00040 | recall: 0.00151 | ndcg: 0.00104 | hit_rate: 0.00200 | map: 0.00079
Wed 12 Feb 2025 21:28:11 INFO 10: precision: 0.00038 | recall: 0.00300 | ndcg: 0.00151 | hit_rate: 0.00375 | map: 0.00097
Wed 12 Feb 2025 21:28:11 INFO 20: precision: 0.00036 | recall: 0.00578 | ndcg: 0.00223 | hit_rate: 0.00691 | map: 0.00116
Wed 12 Feb 2025 21:28:11 INFO Test Metrics:
Wed 12 Feb 2025 21:28:11 INFO 5: precision: 0.00071 | recall: 0.00150 | ndcg: 0.00111 | hit_rate: 0.00342 | map: 0.00066
Wed 12 Feb 2025 21:28:11 INFO 10: precision: 0.00063 | recall: 0.00269 | ndcg: 0.00158 | hit_rate: 0.00594 | map: 0.00082
Wed 12 Feb 2025 21:28:11 INFO 20: precision: 0.00061 | recall: 0.00585 | ndcg: 0.00253 | hit_rate: 0.01150 | map: 0.00105
Wed 12 Feb 2025 21:28:13 INFO Epoch 4, Loss: 5.42537
Wed 12 Feb 2025 21:28:14 INFO Validation Metrics:
Wed 12 Feb 2025 21:28:14 INFO 5: precision: 0.00039 | recall: 0.00152 | ndcg: 0.00103 | hit_rate: 0.00194 | map: 0.00079
Wed 12 Feb 2025 21:28:14 INFO 10: precision: 0.00040 | recall: 0.00316 | ndcg: 0.00158 | hit_rate: 0.00394 | map: 0.00101
Wed 12 Feb 2025 21:28:14 INFO 20: precision: 0.00039 | recall: 0.00633 | ndcg: 0.00240 | hit_rate: 0.00756 | map: 0.00122
Wed 12 Feb 2025 21:28:14 INFO Test Metrics:
Wed 12 Feb 2025 21:28:14 INFO 5: precision: 0.00067 | recall: 0.00142 | ndcg: 0.00104 | hit_rate: 0.00323 | map: 0.00061
Wed 12 Feb 2025 21:28:14 INFO 10: precision: 0.00067 | recall: 0.00299 | ndcg: 0.00165 | hit_rate: 0.00639 | map: 0.00082
Wed 12 Feb 2025 21:28:14 INFO 20: precision: 0.00064 | recall: 0.00592 | ndcg: 0.00255 | hit_rate: 0.01182 | map: 0.00104
Wed 12 Feb 2025 21:28:15 INFO Epoch 5, Loss: 5.30989
Wed 12 Feb 2025 21:28:16 INFO Validation Metrics:
Wed 12 Feb 2025 21:28:16 INFO 5: precision: 0.00044 | recall: 0.00168 | ndcg: 0.00115 | hit_rate: 0.00213 | map: 0.00088
Wed 12 Feb 2025 21:28:16 INFO 10: precision: 0.00043 | recall: 0.00341 | ndcg: 0.00172 | hit_rate: 0.00426 | map: 0.00109
Wed 12 Feb 2025 21:28:16 INFO 20: precision: 0.00042 | recall: 0.00673 | ndcg: 0.00260 | hit_rate: 0.00807 | map: 0.00133
Wed 12 Feb 2025 21:28:16 INFO Test Metrics:
Wed 12 Feb 2025 21:28:16 INFO 5: precision: 0.00076 | recall: 0.00164 | ndcg: 0.00117 | hit_rate: 0.00355 | map: 0.00070
Wed 12 Feb 2025 21:28:16 INFO 10: precision: 0.00076 | recall: 0.00349 | ndcg: 0.00186 | hit_rate: 0.00711 | map: 0.00094
Wed 12 Feb 2025 21:28:16 INFO 20: precision: 0.00066 | recall: 0.00616 | ndcg: 0.00269 | hit_rate: 0.01214 | map: 0.00114
Wed 12 Feb 2025 21:28:18 INFO Epoch 6, Loss: 5.13850
Wed 12 Feb 2025 21:28:18 INFO Validation Metrics:
Wed 12 Feb 2025 21:28:18 INFO 5: precision: 0.00040 | recall: 0.00158 | ndcg: 0.00108 | hit_rate: 0.00194 | map: 0.00084
Wed 12 Feb 2025 21:28:18 INFO 10: precision: 0.00049 | recall: 0.00396 | ndcg: 0.00186 | hit_rate: 0.00484 | map: 0.00114
Wed 12 Feb 2025 21:28:18 INFO 20: precision: 0.00043 | recall: 0.00696 | ndcg: 0.00264 | hit_rate: 0.00827 | map: 0.00134
Wed 12 Feb 2025 21:28:18 INFO Test Metrics:
Wed 12 Feb 2025 21:28:18 INFO 5: precision: 0.00092 | recall: 0.00214 | ndcg: 0.00143 | hit_rate: 0.00433 | map: 0.00085
Wed 12 Feb 2025 21:28:18 INFO 10: precision: 0.00080 | recall: 0.00366 | ndcg: 0.00202 | hit_rate: 0.00749 | map: 0.00105
Wed 12 Feb 2025 21:28:18 INFO 20: precision: 0.00070 | recall: 0.00666 | ndcg: 0.00293 | hit_rate: 0.01266 | map: 0.00128
Wed 12 Feb 2025 21:28:20 INFO Epoch 7, Loss: 4.91189
Wed 12 Feb 2025 21:28:21 INFO Validation Metrics:
Wed 12 Feb 2025 21:28:21 INFO 5: precision: 0.00045 | recall: 0.00177 | ndcg: 0.00125 | hit_rate: 0.00220 | map: 0.00100
Wed 12 Feb 2025 21:28:21 INFO 10: precision: 0.00047 | recall: 0.00386 | ndcg: 0.00193 | hit_rate: 0.00452 | map: 0.00126
Wed 12 Feb 2025 21:28:21 INFO 20: precision: 0.00046 | recall: 0.00738 | ndcg: 0.00286 | hit_rate: 0.00885 | map: 0.00151
Wed 12 Feb 2025 21:28:21 INFO Test Metrics:
Wed 12 Feb 2025 21:28:21 INFO 5: precision: 0.00080 | recall: 0.00175 | ndcg: 0.00123 | hit_rate: 0.00381 | map: 0.00072
Wed 12 Feb 2025 21:28:21 INFO 10: precision: 0.00084 | recall: 0.00387 | ndcg: 0.00204 | hit_rate: 0.00762 | map: 0.00102
Wed 12 Feb 2025 21:28:21 INFO 20: precision: 0.00071 | recall: 0.00663 | ndcg: 0.00290 | hit_rate: 0.01266 | map: 0.00123
Wed 12 Feb 2025 21:28:23 INFO Epoch 8, Loss: 4.63608
Wed 12 Feb 2025 21:28:23 INFO Validation Metrics:
Wed 12 Feb 2025 21:28:23 INFO 5: precision: 0.00047 | recall: 0.00176 | ndcg: 0.00130 | hit_rate: 0.00226 | map: 0.00106
Wed 12 Feb 2025 21:28:23 INFO 10: precision: 0.00047 | recall: 0.00370 | ndcg: 0.00194 | hit_rate: 0.00452 | map: 0.00131
Wed 12 Feb 2025 21:28:23 INFO 20: precision: 0.00045 | recall: 0.00720 | ndcg: 0.00285 | hit_rate: 0.00866 | map: 0.00155
Wed 12 Feb 2025 21:28:23 INFO Test Metrics:
Wed 12 Feb 2025 21:28:23 INFO 5: precision: 0.00093 | recall: 0.00220 | ndcg: 0.00146 | hit_rate: 0.00452 | map: 0.00085
Wed 12 Feb 2025 21:28:23 INFO 10: precision: 0.00087 | recall: 0.00405 | ndcg: 0.00217 | hit_rate: 0.00807 | map: 0.00111
Wed 12 Feb 2025 21:28:23 INFO 20: precision: 0.00073 | recall: 0.00687 | ndcg: 0.00304 | hit_rate: 0.01292 | map: 0.00133
Wed 12 Feb 2025 21:28:25 INFO Epoch 9, Loss: 4.31415
Wed 12 Feb 2025 21:28:26 INFO Validation Metrics:
Wed 12 Feb 2025 21:28:26 INFO 5: precision: 0.00044 | recall: 0.00165 | ndcg: 0.00110 | hit_rate: 0.00220 | map: 0.00083
Wed 12 Feb 2025 21:28:26 INFO 10: precision: 0.00043 | recall: 0.00338 | ndcg: 0.00169 | hit_rate: 0.00420 | map: 0.00107
Wed 12 Feb 2025 21:28:26 INFO 20: precision: 0.00048 | recall: 0.00761 | ndcg: 0.00279 | hit_rate: 0.00924 | map: 0.00136
Wed 12 Feb 2025 21:28:26 INFO Test Metrics:
Wed 12 Feb 2025 21:28:26 INFO 5: precision: 0.00084 | recall: 0.00196 | ndcg: 0.00134 | hit_rate: 0.00388 | map: 0.00082
Wed 12 Feb 2025 21:28:26 INFO 10: precision: 0.00092 | recall: 0.00448 | ndcg: 0.00228 | hit_rate: 0.00853 | map: 0.00115
Wed 12 Feb 2025 21:28:26 INFO 20: precision: 0.00071 | recall: 0.00675 | ndcg: 0.00299 | hit_rate: 0.01292 | map: 0.00132
Wed 12 Feb 2025 21:28:27 INFO Epoch 10, Loss: 3.98383
Wed 12 Feb 2025 21:28:28 INFO Validation Metrics:
Wed 12 Feb 2025 21:28:28 INFO 5: precision: 0.00057 | recall: 0.00223 | ndcg: 0.00134 | hit_rate: 0.00284 | map: 0.00094
Wed 12 Feb 2025 21:28:28 INFO 10: precision: 0.00047 | recall: 0.00372 | ndcg: 0.00184 | hit_rate: 0.00465 | map: 0.00114
Wed 12 Feb 2025 21:28:28 INFO 20: precision: 0.00043 | recall: 0.00683 | ndcg: 0.00266 | hit_rate: 0.00833 | map: 0.00136
Wed 12 Feb 2025 21:28:28 INFO Test Metrics:
Wed 12 Feb 2025 21:28:28 INFO 5: precision: 0.00098 | recall: 0.00231 | ndcg: 0.00161 | hit_rate: 0.00452 | map: 0.00101
Wed 12 Feb 2025 21:28:28 INFO 10: precision: 0.00086 | recall: 0.00418 | ndcg: 0.00232 | hit_rate: 0.00788 | map: 0.00127
Wed 12 Feb 2025 21:28:28 INFO 20: precision: 0.00076 | recall: 0.00714 | ndcg: 0.00324 | hit_rate: 0.01331 | map: 0.00149
Wed 12 Feb 2025 21:28:30 INFO Epoch 11, Loss: 3.63529
Wed 12 Feb 2025 21:28:30 INFO Validation Metrics:
Wed 12 Feb 2025 21:28:30 INFO 5: precision: 0.00058 | recall: 0.00229 | ndcg: 0.00137 | hit_rate: 0.00291 | map: 0.00094
Wed 12 Feb 2025 21:28:30 INFO 10: precision: 0.00045 | recall: 0.00361 | ndcg: 0.00180 | hit_rate: 0.00446 | map: 0.00112
Wed 12 Feb 2025 21:28:30 INFO 20: precision: 0.00047 | recall: 0.00760 | ndcg: 0.00284 | hit_rate: 0.00904 | map: 0.00139
Wed 12 Feb 2025 21:28:30 INFO Test Metrics:
Wed 12 Feb 2025 21:28:30 INFO 5: precision: 0.00093 | recall: 0.00220 | ndcg: 0.00153 | hit_rate: 0.00446 | map: 0.00093
Wed 12 Feb 2025 21:28:30 INFO 10: precision: 0.00087 | recall: 0.00423 | ndcg: 0.00228 | hit_rate: 0.00801 | map: 0.00121
Wed 12 Feb 2025 21:28:30 INFO 20: precision: 0.00077 | recall: 0.00722 | ndcg: 0.00322 | hit_rate: 0.01350 | map: 0.00144
Wed 12 Feb 2025 21:28:32 INFO Epoch 12, Loss: 3.31940
Wed 12 Feb 2025 21:28:33 INFO Validation Metrics:
Wed 12 Feb 2025 21:28:33 INFO 5: precision: 0.00052 | recall: 0.00209 | ndcg: 0.00130 | hit_rate: 0.00258 | map: 0.00094
Wed 12 Feb 2025 21:28:33 INFO 10: precision: 0.00048 | recall: 0.00384 | ndcg: 0.00188 | hit_rate: 0.00478 | map: 0.00117
Wed 12 Feb 2025 21:28:33 INFO 20: precision: 0.00046 | recall: 0.00744 | ndcg: 0.00282 | hit_rate: 0.00885 | map: 0.00142
Wed 12 Feb 2025 21:28:33 INFO Test Metrics:
Wed 12 Feb 2025 21:28:33 INFO 5: precision: 0.00107 | recall: 0.00256 | ndcg: 0.00177 | hit_rate: 0.00517 | map: 0.00109
Wed 12 Feb 2025 21:28:33 INFO 10: precision: 0.00095 | recall: 0.00447 | ndcg: 0.00252 | hit_rate: 0.00853 | map: 0.00138
Wed 12 Feb 2025 21:28:33 INFO 20: precision: 0.00077 | recall: 0.00745 | ndcg: 0.00342 | hit_rate: 0.01408 | map: 0.00159
Wed 12 Feb 2025 21:28:35 INFO Epoch 13, Loss: 3.02038
Wed 12 Feb 2025 21:28:35 INFO Validation Metrics:
Wed 12 Feb 2025 21:28:35 INFO 5: precision: 0.00056 | recall: 0.00220 | ndcg: 0.00138 | hit_rate: 0.00278 | map: 0.00100
Wed 12 Feb 2025 21:28:35 INFO 10: precision: 0.00048 | recall: 0.00384 | ndcg: 0.00192 | hit_rate: 0.00478 | map: 0.00121
Wed 12 Feb 2025 21:28:35 INFO 20: precision: 0.00049 | recall: 0.00780 | ndcg: 0.00295 | hit_rate: 0.00937 | map: 0.00148
Wed 12 Feb 2025 21:28:35 INFO Test Metrics:
Wed 12 Feb 2025 21:28:35 INFO 5: precision: 0.00094 | recall: 0.00221 | ndcg: 0.00155 | hit_rate: 0.00459 | map: 0.00095
Wed 12 Feb 2025 21:28:35 INFO 10: precision: 0.00088 | recall: 0.00422 | ndcg: 0.00233 | hit_rate: 0.00833 | map: 0.00123
Wed 12 Feb 2025 21:28:35 INFO 20: precision: 0.00078 | recall: 0.00753 | ndcg: 0.00334 | hit_rate: 0.01395 | map: 0.00149
Wed 12 Feb 2025 21:28:37 INFO Epoch 14, Loss: 2.75969
Wed 12 Feb 2025 21:28:38 INFO Validation Metrics:
Wed 12 Feb 2025 21:28:38 INFO 5: precision: 0.00052 | recall: 0.00200 | ndcg: 0.00137 | hit_rate: 0.00258 | map: 0.00104
Wed 12 Feb 2025 21:28:38 INFO 10: precision: 0.00045 | recall: 0.00357 | ndcg: 0.00187 | hit_rate: 0.00446 | map: 0.00124
Wed 12 Feb 2025 21:28:38 INFO 20: precision: 0.00048 | recall: 0.00771 | ndcg: 0.00295 | hit_rate: 0.00930 | map: 0.00152
Wed 12 Feb 2025 21:28:38 INFO Test Metrics:
Wed 12 Feb 2025 21:28:38 INFO 5: precision: 0.00093 | recall: 0.00218 | ndcg: 0.00151 | hit_rate: 0.00452 | map: 0.00091
Wed 12 Feb 2025 21:28:38 INFO 10: precision: 0.00087 | recall: 0.00416 | ndcg: 0.00226 | hit_rate: 0.00814 | map: 0.00117
Wed 12 Feb 2025 21:28:38 INFO 20: precision: 0.00079 | recall: 0.00761 | ndcg: 0.00331 | hit_rate: 0.01447 | map: 0.00142
Wed 12 Feb 2025 21:28:40 INFO Epoch 15, Loss: 2.50820
Wed 12 Feb 2025 21:28:40 INFO Validation Metrics:
Wed 12 Feb 2025 21:28:40 INFO 5: precision: 0.00054 | recall: 0.00207 | ndcg: 0.00140 | hit_rate: 0.00271 | map: 0.00104
Wed 12 Feb 2025 21:28:40 INFO 10: precision: 0.00050 | recall: 0.00388 | ndcg: 0.00198 | hit_rate: 0.00478 | map: 0.00127
Wed 12 Feb 2025 21:28:40 INFO 20: precision: 0.00047 | recall: 0.00738 | ndcg: 0.00290 | hit_rate: 0.00885 | map: 0.00151
Wed 12 Feb 2025 21:28:40 INFO Test Metrics:
Wed 12 Feb 2025 21:28:40 INFO 5: precision: 0.00092 | recall: 0.00218 | ndcg: 0.00151 | hit_rate: 0.00446 | map: 0.00091
Wed 12 Feb 2025 21:28:40 INFO 10: precision: 0.00090 | recall: 0.00413 | ndcg: 0.00228 | hit_rate: 0.00846 | map: 0.00117
Wed 12 Feb 2025 21:28:40 INFO 20: precision: 0.00081 | recall: 0.00782 | ndcg: 0.00339 | hit_rate: 0.01447 | map: 0.00145
Wed 12 Feb 2025 21:28:42 INFO Epoch 16, Loss: 2.30812
Wed 12 Feb 2025 21:28:43 INFO Validation Metrics:
Wed 12 Feb 2025 21:28:43 INFO 5: precision: 0.00047 | recall: 0.00190 | ndcg: 0.00123 | hit_rate: 0.00233 | map: 0.00093
Wed 12 Feb 2025 21:28:43 INFO 10: precision: 0.00047 | recall: 0.00382 | ndcg: 0.00187 | hit_rate: 0.00459 | map: 0.00118
Wed 12 Feb 2025 21:28:43 INFO 20: precision: 0.00046 | recall: 0.00747 | ndcg: 0.00283 | hit_rate: 0.00898 | map: 0.00143
Wed 12 Feb 2025 21:28:43 INFO Test Metrics:
Wed 12 Feb 2025 21:28:43 INFO 5: precision: 0.00098 | recall: 0.00230 | ndcg: 0.00163 | hit_rate: 0.00478 | map: 0.00099
Wed 12 Feb 2025 21:28:43 INFO 10: precision: 0.00094 | recall: 0.00434 | ndcg: 0.00242 | hit_rate: 0.00859 | map: 0.00128
Wed 12 Feb 2025 21:28:43 INFO 20: precision: 0.00083 | recall: 0.00798 | ndcg: 0.00354 | hit_rate: 0.01466 | map: 0.00156
Wed 12 Feb 2025 21:28:44 INFO Epoch 17, Loss: 2.09492
Wed 12 Feb 2025 21:28:45 INFO Validation Metrics:
Wed 12 Feb 2025 21:28:45 INFO 5: precision: 0.00052 | recall: 0.00204 | ndcg: 0.00135 | hit_rate: 0.00258 | map: 0.00101
Wed 12 Feb 2025 21:28:45 INFO 10: precision: 0.00052 | recall: 0.00403 | ndcg: 0.00203 | hit_rate: 0.00504 | map: 0.00129
Wed 12 Feb 2025 21:28:45 INFO 20: precision: 0.00045 | recall: 0.00731 | ndcg: 0.00288 | hit_rate: 0.00872 | map: 0.00152
Wed 12 Feb 2025 21:28:45 INFO Test Metrics:
Wed 12 Feb 2025 21:28:45 INFO 5: precision: 0.00106 | recall: 0.00246 | ndcg: 0.00183 | hit_rate: 0.00497 | map: 0.00116
Wed 12 Feb 2025 21:28:45 INFO 10: precision: 0.00093 | recall: 0.00426 | ndcg: 0.00253 | hit_rate: 0.00833 | map: 0.00142
Wed 12 Feb 2025 21:28:45 INFO 20: precision: 0.00081 | recall: 0.00784 | ndcg: 0.00359 | hit_rate: 0.01440 | map: 0.00167
Wed 12 Feb 2025 21:28:47 INFO Epoch 18, Loss: 1.94581
Wed 12 Feb 2025 21:28:48 INFO Validation Metrics:
Wed 12 Feb 2025 21:28:48 INFO 5: precision: 0.00054 | recall: 0.00228 | ndcg: 0.00152 | hit_rate: 0.00271 | map: 0.00119
Wed 12 Feb 2025 21:28:48 INFO 10: precision: 0.00045 | recall: 0.00375 | ndcg: 0.00202 | hit_rate: 0.00452 | map: 0.00139
Wed 12 Feb 2025 21:28:48 INFO 20: precision: 0.00047 | recall: 0.00764 | ndcg: 0.00304 | hit_rate: 0.00904 | map: 0.00166
Wed 12 Feb 2025 21:28:48 INFO Test Metrics:
Wed 12 Feb 2025 21:28:48 INFO 5: precision: 0.00088 | recall: 0.00208 | ndcg: 0.00146 | hit_rate: 0.00433 | map: 0.00088
Wed 12 Feb 2025 21:28:48 INFO 10: precision: 0.00089 | recall: 0.00406 | ndcg: 0.00225 | hit_rate: 0.00840 | map: 0.00116
Wed 12 Feb 2025 21:28:48 INFO 20: precision: 0.00082 | recall: 0.00794 | ndcg: 0.00341 | hit_rate: 0.01505 | map: 0.00144
Wed 12 Feb 2025 21:28:49 INFO Epoch 19, Loss: 1.81204
Wed 12 Feb 2025 21:28:50 INFO Validation Metrics:
Wed 12 Feb 2025 21:28:50 INFO 5: precision: 0.00052 | recall: 0.00210 | ndcg: 0.00139 | hit_rate: 0.00258 | map: 0.00106
Wed 12 Feb 2025 21:28:50 INFO 10: precision: 0.00047 | recall: 0.00386 | ndcg: 0.00197 | hit_rate: 0.00459 | map: 0.00129
Wed 12 Feb 2025 21:28:50 INFO 20: precision: 0.00047 | recall: 0.00762 | ndcg: 0.00295 | hit_rate: 0.00911 | map: 0.00154
Wed 12 Feb 2025 21:28:50 INFO Test Metrics:
Wed 12 Feb 2025 21:28:50 INFO 5: precision: 0.00083 | recall: 0.00199 | ndcg: 0.00140 | hit_rate: 0.00413 | map: 0.00084
Wed 12 Feb 2025 21:28:50 INFO 10: precision: 0.00090 | recall: 0.00424 | ndcg: 0.00228 | hit_rate: 0.00866 | map: 0.00115
Wed 12 Feb 2025 21:28:50 INFO 20: precision: 0.00080 | recall: 0.00775 | ndcg: 0.00334 | hit_rate: 0.01460 | map: 0.00141
Wed 12 Feb 2025 21:28:52 INFO Epoch 20, Loss: 1.66986
Wed 12 Feb 2025 21:28:52 INFO Validation Metrics:
Wed 12 Feb 2025 21:28:52 INFO 5: precision: 0.00062 | recall: 0.00243 | ndcg: 0.00146 | hit_rate: 0.00310 | map: 0.00103
Wed 12 Feb 2025 21:28:52 INFO 10: precision: 0.00048 | recall: 0.00399 | ndcg: 0.00196 | hit_rate: 0.00478 | map: 0.00123
Wed 12 Feb 2025 21:28:52 INFO 20: precision: 0.00043 | recall: 0.00701 | ndcg: 0.00276 | hit_rate: 0.00840 | map: 0.00145
Wed 12 Feb 2025 21:28:52 INFO Test Metrics:
Wed 12 Feb 2025 21:28:52 INFO 5: precision: 0.00089 | recall: 0.00209 | ndcg: 0.00154 | hit_rate: 0.00439 | map: 0.00097
Wed 12 Feb 2025 21:28:52 INFO 10: precision: 0.00087 | recall: 0.00405 | ndcg: 0.00231 | hit_rate: 0.00814 | map: 0.00125
Wed 12 Feb 2025 21:28:52 INFO 20: precision: 0.00081 | recall: 0.00784 | ndcg: 0.00345 | hit_rate: 0.01460 | map: 0.00153
Wed 12 Feb 2025 21:28:54 INFO Epoch 21, Loss: 1.55836
Wed 12 Feb 2025 21:28:55 INFO Validation Metrics:
Wed 12 Feb 2025 21:28:55 INFO 5: precision: 0.00052 | recall: 0.00204 | ndcg: 0.00136 | hit_rate: 0.00258 | map: 0.00103
Wed 12 Feb 2025 21:28:55 INFO 10: precision: 0.00047 | recall: 0.00385 | ndcg: 0.00195 | hit_rate: 0.00459 | map: 0.00127
Wed 12 Feb 2025 21:28:55 INFO 20: precision: 0.00043 | recall: 0.00720 | ndcg: 0.00281 | hit_rate: 0.00846 | map: 0.00150
Wed 12 Feb 2025 21:28:55 INFO Test Metrics:
Wed 12 Feb 2025 21:28:55 INFO 5: precision: 0.00096 | recall: 0.00226 | ndcg: 0.00163 | hit_rate: 0.00452 | map: 0.00101
Wed 12 Feb 2025 21:28:55 INFO 10: precision: 0.00083 | recall: 0.00382 | ndcg: 0.00223 | hit_rate: 0.00788 | map: 0.00122
Wed 12 Feb 2025 21:28:55 INFO 20: precision: 0.00077 | recall: 0.00744 | ndcg: 0.00333 | hit_rate: 0.01395 | map: 0.00149
Wed 12 Feb 2025 21:28:57 INFO Epoch 22, Loss: 1.45479
Wed 12 Feb 2025 21:28:57 INFO Validation Metrics:
Wed 12 Feb 2025 21:28:57 INFO 5: precision: 0.00052 | recall: 0.00208 | ndcg: 0.00130 | hit_rate: 0.00258 | map: 0.00094
Wed 12 Feb 2025 21:28:57 INFO 10: precision: 0.00046 | recall: 0.00374 | ndcg: 0.00187 | hit_rate: 0.00452 | map: 0.00118
Wed 12 Feb 2025 21:28:57 INFO 20: precision: 0.00044 | recall: 0.00724 | ndcg: 0.00279 | hit_rate: 0.00859 | map: 0.00143
Wed 12 Feb 2025 21:28:57 INFO Test Metrics:
Wed 12 Feb 2025 21:28:57 INFO 5: precision: 0.00090 | recall: 0.00217 | ndcg: 0.00157 | hit_rate: 0.00446 | map: 0.00098
Wed 12 Feb 2025 21:28:57 INFO 10: precision: 0.00081 | recall: 0.00379 | ndcg: 0.00220 | hit_rate: 0.00749 | map: 0.00121
Wed 12 Feb 2025 21:28:57 INFO 20: precision: 0.00078 | recall: 0.00744 | ndcg: 0.00332 | hit_rate: 0.01382 | map: 0.00149
Wed 12 Feb 2025 21:28:59 INFO Epoch 23, Loss: 1.35200
Wed 12 Feb 2025 21:29:00 INFO Validation Metrics:
Wed 12 Feb 2025 21:29:00 INFO 5: precision: 0.00052 | recall: 0.00228 | ndcg: 0.00138 | hit_rate: 0.00258 | map: 0.00103
Wed 12 Feb 2025 21:29:00 INFO 10: precision: 0.00046 | recall: 0.00372 | ndcg: 0.00188 | hit_rate: 0.00452 | map: 0.00122
Wed 12 Feb 2025 21:29:00 INFO 20: precision: 0.00044 | recall: 0.00715 | ndcg: 0.00278 | hit_rate: 0.00846 | map: 0.00146
Wed 12 Feb 2025 21:29:00 INFO Test Metrics:
Wed 12 Feb 2025 21:29:00 INFO 5: precision: 0.00093 | recall: 0.00221 | ndcg: 0.00154 | hit_rate: 0.00459 | map: 0.00094
Wed 12 Feb 2025 21:29:00 INFO 10: precision: 0.00090 | recall: 0.00419 | ndcg: 0.00231 | hit_rate: 0.00846 | map: 0.00121
Wed 12 Feb 2025 21:29:00 INFO 20: precision: 0.00078 | recall: 0.00737 | ndcg: 0.00328 | hit_rate: 0.01415 | map: 0.00145
Wed 12 Feb 2025 21:29:01 INFO Epoch 24, Loss: 1.26485
Wed 12 Feb 2025 21:29:02 INFO Validation Metrics:
Wed 12 Feb 2025 21:29:02 INFO 5: precision: 0.00057 | recall: 0.00238 | ndcg: 0.00130 | hit_rate: 0.00284 | map: 0.00086
Wed 12 Feb 2025 21:29:02 INFO 10: precision: 0.00053 | recall: 0.00443 | ndcg: 0.00197 | hit_rate: 0.00523 | map: 0.00112
Wed 12 Feb 2025 21:29:02 INFO 20: precision: 0.00046 | recall: 0.00757 | ndcg: 0.00281 | hit_rate: 0.00911 | map: 0.00134
Wed 12 Feb 2025 21:29:02 INFO Test Metrics:
Wed 12 Feb 2025 21:29:02 INFO 5: precision: 0.00084 | recall: 0.00189 | ndcg: 0.00143 | hit_rate: 0.00407 | map: 0.00088
Wed 12 Feb 2025 21:29:02 INFO 10: precision: 0.00085 | recall: 0.00394 | ndcg: 0.00221 | hit_rate: 0.00788 | map: 0.00117
Wed 12 Feb 2025 21:29:02 INFO 20: precision: 0.00076 | recall: 0.00725 | ndcg: 0.00323 | hit_rate: 0.01376 | map: 0.00142
Wed 12 Feb 2025 21:29:04 INFO Epoch 25, Loss: 1.19533
Wed 12 Feb 2025 21:29:04 INFO Validation Metrics:
Wed 12 Feb 2025 21:29:04 INFO 5: precision: 0.00062 | recall: 0.00273 | ndcg: 0.00153 | hit_rate: 0.00310 | map: 0.00107
Wed 12 Feb 2025 21:29:04 INFO 10: precision: 0.00050 | recall: 0.00418 | ndcg: 0.00202 | hit_rate: 0.00484 | map: 0.00126
Wed 12 Feb 2025 21:29:04 INFO 20: precision: 0.00042 | recall: 0.00695 | ndcg: 0.00275 | hit_rate: 0.00820 | map: 0.00146
Wed 12 Feb 2025 21:29:04 INFO Test Metrics:
Wed 12 Feb 2025 21:29:04 INFO 5: precision: 0.00096 | recall: 0.00210 | ndcg: 0.00155 | hit_rate: 0.00472 | map: 0.00094
Wed 12 Feb 2025 21:29:04 INFO 10: precision: 0.00089 | recall: 0.00401 | ndcg: 0.00228 | hit_rate: 0.00833 | map: 0.00120
Wed 12 Feb 2025 21:29:04 INFO 20: precision: 0.00077 | recall: 0.00729 | ndcg: 0.00328 | hit_rate: 0.01408 | map: 0.00145
Wed 12 Feb 2025 21:29:06 INFO Epoch 26, Loss: 1.10823
Wed 12 Feb 2025 21:29:07 INFO Validation Metrics:
Wed 12 Feb 2025 21:29:07 INFO 5: precision: 0.00061 | recall: 0.00256 | ndcg: 0.00146 | hit_rate: 0.00304 | map: 0.00102
Wed 12 Feb 2025 21:29:07 INFO 10: precision: 0.00052 | recall: 0.00435 | ndcg: 0.00205 | hit_rate: 0.00504 | map: 0.00125
Wed 12 Feb 2025 21:29:07 INFO 20: precision: 0.00046 | recall: 0.00751 | ndcg: 0.00288 | hit_rate: 0.00891 | map: 0.00147
Wed 12 Feb 2025 21:29:07 INFO Test Metrics:
Wed 12 Feb 2025 21:29:07 INFO 5: precision: 0.00084 | recall: 0.00191 | ndcg: 0.00145 | hit_rate: 0.00407 | map: 0.00091
Wed 12 Feb 2025 21:29:07 INFO 10: precision: 0.00082 | recall: 0.00380 | ndcg: 0.00218 | hit_rate: 0.00762 | map: 0.00118
Wed 12 Feb 2025 21:29:07 INFO 20: precision: 0.00076 | recall: 0.00723 | ndcg: 0.00323 | hit_rate: 0.01369 | map: 0.00143
Wed 12 Feb 2025 21:29:09 INFO Epoch 27, Loss: 1.04418
Wed 12 Feb 2025 21:29:09 INFO Validation Metrics:
Wed 12 Feb 2025 21:29:09 INFO 5: precision: 0.00050 | recall: 0.00208 | ndcg: 0.00119 | hit_rate: 0.00252 | map: 0.00083
Wed 12 Feb 2025 21:29:09 INFO 10: precision: 0.00048 | recall: 0.00406 | ndcg: 0.00184 | hit_rate: 0.00478 | map: 0.00108
Wed 12 Feb 2025 21:29:09 INFO 20: precision: 0.00045 | recall: 0.00746 | ndcg: 0.00272 | hit_rate: 0.00878 | map: 0.00131
Wed 12 Feb 2025 21:29:09 INFO Test Metrics:
Wed 12 Feb 2025 21:29:09 INFO 5: precision: 0.00096 | recall: 0.00223 | ndcg: 0.00159 | hit_rate: 0.00465 | map: 0.00097
Wed 12 Feb 2025 21:29:09 INFO 10: precision: 0.00086 | recall: 0.00390 | ndcg: 0.00226 | hit_rate: 0.00801 | map: 0.00121
Wed 12 Feb 2025 21:29:09 INFO 20: precision: 0.00078 | recall: 0.00744 | ndcg: 0.00332 | hit_rate: 0.01389 | map: 0.00147
Wed 12 Feb 2025 21:29:11 INFO Epoch 28, Loss: 1.02635
Wed 12 Feb 2025 21:29:12 INFO Validation Metrics:
Wed 12 Feb 2025 21:29:12 INFO 5: precision: 0.00056 | recall: 0.00249 | ndcg: 0.00139 | hit_rate: 0.00278 | map: 0.00099
Wed 12 Feb 2025 21:29:12 INFO 10: precision: 0.00054 | recall: 0.00464 | ndcg: 0.00210 | hit_rate: 0.00536 | map: 0.00125
Wed 12 Feb 2025 21:29:12 INFO 20: precision: 0.00044 | recall: 0.00731 | ndcg: 0.00279 | hit_rate: 0.00859 | map: 0.00143
Wed 12 Feb 2025 21:29:12 INFO Test Metrics:
Wed 12 Feb 2025 21:29:12 INFO 5: precision: 0.00085 | recall: 0.00189 | ndcg: 0.00136 | hit_rate: 0.00394 | map: 0.00082
Wed 12 Feb 2025 21:29:12 INFO 10: precision: 0.00083 | recall: 0.00377 | ndcg: 0.00210 | hit_rate: 0.00769 | map: 0.00109
Wed 12 Feb 2025 21:29:12 INFO 20: precision: 0.00075 | recall: 0.00730 | ndcg: 0.00316 | hit_rate: 0.01389 | map: 0.00135
Wed 12 Feb 2025 21:29:14 INFO Epoch 29, Loss: 0.97245
Wed 12 Feb 2025 21:29:14 INFO Validation Metrics:
Wed 12 Feb 2025 21:29:14 INFO 5: precision: 0.00056 | recall: 0.00234 | ndcg: 0.00140 | hit_rate: 0.00278 | map: 0.00101
Wed 12 Feb 2025 21:29:14 INFO 10: precision: 0.00045 | recall: 0.00372 | ndcg: 0.00185 | hit_rate: 0.00439 | map: 0.00119
Wed 12 Feb 2025 21:29:14 INFO 20: precision: 0.00044 | recall: 0.00728 | ndcg: 0.00278 | hit_rate: 0.00846 | map: 0.00143
Wed 12 Feb 2025 21:29:14 INFO Test Metrics:
Wed 12 Feb 2025 21:29:14 INFO 5: precision: 0.00083 | recall: 0.00202 | ndcg: 0.00146 | hit_rate: 0.00407 | map: 0.00090
Wed 12 Feb 2025 21:29:14 INFO 10: precision: 0.00081 | recall: 0.00385 | ndcg: 0.00217 | hit_rate: 0.00762 | map: 0.00115
Wed 12 Feb 2025 21:29:14 INFO 20: precision: 0.00071 | recall: 0.00688 | ndcg: 0.00310 | hit_rate: 0.01279 | map: 0.00138
Wed 12 Feb 2025 21:29:16 INFO Epoch 30, Loss: 0.87110
Wed 12 Feb 2025 21:29:17 INFO Validation Metrics:
Wed 12 Feb 2025 21:29:17 INFO 5: precision: 0.00050 | recall: 0.00222 | ndcg: 0.00133 | hit_rate: 0.00252 | map: 0.00098
Wed 12 Feb 2025 21:29:17 INFO 10: precision: 0.00050 | recall: 0.00438 | ndcg: 0.00203 | hit_rate: 0.00491 | map: 0.00126
Wed 12 Feb 2025 21:29:17 INFO 20: precision: 0.00044 | recall: 0.00736 | ndcg: 0.00281 | hit_rate: 0.00859 | map: 0.00145
Wed 12 Feb 2025 21:29:17 INFO Test Metrics:
Wed 12 Feb 2025 21:29:17 INFO 5: precision: 0.00089 | recall: 0.00201 | ndcg: 0.00152 | hit_rate: 0.00439 | map: 0.00098
Wed 12 Feb 2025 21:29:17 INFO 10: precision: 0.00079 | recall: 0.00367 | ndcg: 0.00218 | hit_rate: 0.00749 | map: 0.00122
Wed 12 Feb 2025 21:29:17 INFO 20: precision: 0.00076 | recall: 0.00716 | ndcg: 0.00324 | hit_rate: 0.01389 | map: 0.00147
Wed 12 Feb 2025 21:29:18 INFO Epoch 31, Loss: 0.87834
Wed 12 Feb 2025 21:29:19 INFO Validation Metrics:
Wed 12 Feb 2025 21:29:19 INFO 5: precision: 0.00054 | recall: 0.00236 | ndcg: 0.00152 | hit_rate: 0.00271 | map: 0.00118
Wed 12 Feb 2025 21:29:19 INFO 10: precision: 0.00053 | recall: 0.00453 | ndcg: 0.00224 | hit_rate: 0.00523 | map: 0.00146
Wed 12 Feb 2025 21:29:19 INFO 20: precision: 0.00041 | recall: 0.00680 | ndcg: 0.00284 | hit_rate: 0.00794 | map: 0.00162
Wed 12 Feb 2025 21:29:19 INFO Test Metrics:
Wed 12 Feb 2025 21:29:19 INFO 5: precision: 0.00085 | recall: 0.00196 | ndcg: 0.00143 | hit_rate: 0.00407 | map: 0.00091
Wed 12 Feb 2025 21:29:19 INFO 10: precision: 0.00079 | recall: 0.00371 | ndcg: 0.00211 | hit_rate: 0.00756 | map: 0.00114
Wed 12 Feb 2025 21:29:19 INFO 20: precision: 0.00078 | recall: 0.00750 | ndcg: 0.00325 | hit_rate: 0.01395 | map: 0.00143
Wed 12 Feb 2025 21:29:21 INFO Epoch 32, Loss: 0.81660
Wed 12 Feb 2025 21:29:21 INFO Validation Metrics:
Wed 12 Feb 2025 21:29:21 INFO 5: precision: 0.00058 | recall: 0.00247 | ndcg: 0.00153 | hit_rate: 0.00291 | map: 0.00116
Wed 12 Feb 2025 21:29:21 INFO 10: precision: 0.00049 | recall: 0.00427 | ndcg: 0.00212 | hit_rate: 0.00478 | map: 0.00140
Wed 12 Feb 2025 21:29:21 INFO 20: precision: 0.00044 | recall: 0.00741 | ndcg: 0.00295 | hit_rate: 0.00866 | map: 0.00161
Wed 12 Feb 2025 21:29:21 INFO Test Metrics:
Wed 12 Feb 2025 21:29:21 INFO 5: precision: 0.00102 | recall: 0.00230 | ndcg: 0.00174 | hit_rate: 0.00504 | map: 0.00109
Wed 12 Feb 2025 21:29:21 INFO 10: precision: 0.00081 | recall: 0.00380 | ndcg: 0.00231 | hit_rate: 0.00769 | map: 0.00130
Wed 12 Feb 2025 21:29:21 INFO 20: precision: 0.00077 | recall: 0.00751 | ndcg: 0.00343 | hit_rate: 0.01376 | map: 0.00158
Wed 12 Feb 2025 21:29:23 INFO Epoch 33, Loss: 0.76996
Wed 12 Feb 2025 21:29:24 INFO Validation Metrics:
Wed 12 Feb 2025 21:29:24 INFO 5: precision: 0.00059 | recall: 0.00254 | ndcg: 0.00141 | hit_rate: 0.00297 | map: 0.00098
Wed 12 Feb 2025 21:29:24 INFO 10: precision: 0.00050 | recall: 0.00427 | ndcg: 0.00198 | hit_rate: 0.00484 | map: 0.00121
Wed 12 Feb 2025 21:29:24 INFO 20: precision: 0.00046 | recall: 0.00764 | ndcg: 0.00288 | hit_rate: 0.00898 | map: 0.00144
Wed 12 Feb 2025 21:29:24 INFO Test Metrics:
Wed 12 Feb 2025 21:29:24 INFO 5: precision: 0.00094 | recall: 0.00218 | ndcg: 0.00160 | hit_rate: 0.00459 | map: 0.00098
Wed 12 Feb 2025 21:29:24 INFO 10: precision: 0.00080 | recall: 0.00376 | ndcg: 0.00221 | hit_rate: 0.00743 | map: 0.00121
Wed 12 Feb 2025 21:29:24 INFO 20: precision: 0.00074 | recall: 0.00716 | ndcg: 0.00323 | hit_rate: 0.01356 | map: 0.00145
Wed 12 Feb 2025 21:29:26 INFO Epoch 34, Loss: 0.72772
Wed 12 Feb 2025 21:29:26 INFO Validation Metrics:
Wed 12 Feb 2025 21:29:26 INFO 5: precision: 0.00044 | recall: 0.00188 | ndcg: 0.00118 | hit_rate: 0.00220 | map: 0.00089
Wed 12 Feb 2025 21:29:26 INFO 10: precision: 0.00048 | recall: 0.00419 | ndcg: 0.00194 | hit_rate: 0.00478 | map: 0.00119
Wed 12 Feb 2025 21:29:26 INFO 20: precision: 0.00042 | recall: 0.00709 | ndcg: 0.00270 | hit_rate: 0.00833 | map: 0.00139
Wed 12 Feb 2025 21:29:26 INFO Test Metrics:
Wed 12 Feb 2025 21:29:26 INFO 5: precision: 0.00094 | recall: 0.00222 | ndcg: 0.00169 | hit_rate: 0.00465 | map: 0.00108
Wed 12 Feb 2025 21:29:26 INFO 10: precision: 0.00085 | recall: 0.00392 | ndcg: 0.00236 | hit_rate: 0.00794 | map: 0.00133
Wed 12 Feb 2025 21:29:26 INFO 20: precision: 0.00077 | recall: 0.00746 | ndcg: 0.00342 | hit_rate: 0.01402 | map: 0.00158
Wed 12 Feb 2025 21:29:28 INFO Epoch 35, Loss: 0.70748
Wed 12 Feb 2025 21:29:29 INFO Validation Metrics:
Wed 12 Feb 2025 21:29:29 INFO 5: precision: 0.00050 | recall: 0.00222 | ndcg: 0.00137 | hit_rate: 0.00252 | map: 0.00104
Wed 12 Feb 2025 21:29:29 INFO 10: precision: 0.00048 | recall: 0.00421 | ndcg: 0.00203 | hit_rate: 0.00472 | map: 0.00130
Wed 12 Feb 2025 21:29:29 INFO 20: precision: 0.00043 | recall: 0.00738 | ndcg: 0.00286 | hit_rate: 0.00853 | map: 0.00152
Wed 12 Feb 2025 21:29:29 INFO Test Metrics:
Wed 12 Feb 2025 21:29:29 INFO 5: precision: 0.00087 | recall: 0.00202 | ndcg: 0.00152 | hit_rate: 0.00433 | map: 0.00096
Wed 12 Feb 2025 21:29:29 INFO 10: precision: 0.00081 | recall: 0.00394 | ndcg: 0.00225 | hit_rate: 0.00775 | map: 0.00123
Wed 12 Feb 2025 21:29:29 INFO 20: precision: 0.00075 | recall: 0.00715 | ndcg: 0.00325 | hit_rate: 0.01369 | map: 0.00147
Wed 12 Feb 2025 21:29:31 INFO Epoch 36, Loss: 0.68809
Wed 12 Feb 2025 21:29:31 INFO Validation Metrics:
Wed 12 Feb 2025 21:29:31 INFO 5: precision: 0.00048 | recall: 0.00214 | ndcg: 0.00137 | hit_rate: 0.00239 | map: 0.00107
Wed 12 Feb 2025 21:29:31 INFO 10: precision: 0.00047 | recall: 0.00400 | ndcg: 0.00199 | hit_rate: 0.00452 | map: 0.00131
Wed 12 Feb 2025 21:29:31 INFO 20: precision: 0.00042 | recall: 0.00731 | ndcg: 0.00286 | hit_rate: 0.00833 | map: 0.00154
Wed 12 Feb 2025 21:29:31 INFO Test Metrics:
Wed 12 Feb 2025 21:29:31 INFO 5: precision: 0.00081 | recall: 0.00210 | ndcg: 0.00144 | hit_rate: 0.00394 | map: 0.00090
Wed 12 Feb 2025 21:29:31 INFO 10: precision: 0.00078 | recall: 0.00378 | ndcg: 0.00210 | hit_rate: 0.00736 | map: 0.00113
Wed 12 Feb 2025 21:29:31 INFO 20: precision: 0.00073 | recall: 0.00708 | ndcg: 0.00310 | hit_rate: 0.01318 | map: 0.00137
Wed 12 Feb 2025 21:29:31 INFO Best Test Metrics:
Wed 12 Feb 2025 21:29:31 INFO 5: precision: 0.00098 | recall: 0.00230 | ndcg: 0.00163 | hit_rate: 0.00478 | map: 0.00099
Wed 12 Feb 2025 21:29:31 INFO 10: precision: 0.00094 | recall: 0.00434 | ndcg: 0.00242 | hit_rate: 0.00859 | map: 0.00128
Wed 12 Feb 2025 21:29:31 INFO 20: precision: 0.00083 | recall: 0.00798 | ndcg: 0.00354 | hit_rate: 0.01466 | map: 0.00156
Wed 12 Feb 2025 21:29:31 INFO Best performance: 0.00798
Wed 12 Feb 2025 21:29:31 INFO Best parameters: {'mm_layers': 1, 'ii_topk': 10, 'lambda_coeff': 0.8, 'dropout': 0.1, 'n_layers': 2, 'learning_rate': 0.001, 'reg_weight': 0.001}
Wed 12 Feb 2025 21:29:31 INFO Best metrics:
Wed 12 Feb 2025 21:29:31 INFO 5: precision: 0.00098 | recall: 0.00230 | ndcg: 0.00163 | hit_rate: 0.00478 | map: 0.00099
Wed 12 Feb 2025 21:29:31 INFO 10: precision: 0.00094 | recall: 0.00434 | ndcg: 0.00242 | hit_rate: 0.00859 | map: 0.00128
Wed 12 Feb 2025 21:29:31 INFO 20: precision: 0.00083 | recall: 0.00798 | ndcg: 0.00354 | hit_rate: 0.01466 | map: 0.00156
