Tue 08 Oct 2024 09:01:13 INFO ============Arguments==============
Tue 08 Oct 2024 09:01:13 INFO Model: Grade
Tue 08 Oct 2024 09:01:13 INFO data_path: beauty
Tue 08 Oct 2024 09:01:13 INFO learning_rate: 0.001
Tue 08 Oct 2024 09:01:13 INFO feature_embed: 64
Tue 08 Oct 2024 09:01:13 INFO batch_size: 1024
Tue 08 Oct 2024 09:01:13 INFO aggr_mode: add
Tue 08 Oct 2024 09:01:13 INFO reg_weight: 0.001
Tue 08 Oct 2024 09:01:13 INFO dim_E: 64
Tue 08 Oct 2024 09:01:13 INFO num_epoch: 1000
Tue 08 Oct 2024 09:01:13 INFO dropout: 0.2
Tue 08 Oct 2024 09:01:13 INFO n_layers: 2
Tue 08 Oct 2024 09:01:13 INFO corDecay: 0.001
Tue 08 Oct 2024 09:01:13 INFO n_factors: 4
Tue 08 Oct 2024 09:01:13 INFO n_iterations: 3
Tue 08 Oct 2024 09:01:13 INFO cl_weight: 2.0
Tue 08 Oct 2024 09:01:13 INFO mm_layers: 2
Tue 08 Oct 2024 09:01:13 INFO ii_topk: 10
Tue 08 Oct 2024 09:01:13 INFO uu_topk: 40
Tue 08 Oct 2024 09:01:13 INFO lambda_coeff: 0.9
Tue 08 Oct 2024 09:01:13 INFO ssl_temp: 0.9
Tue 08 Oct 2024 09:01:13 INFO ssl_alpha: 0.9
Tue 08 Oct 2024 09:01:13 INFO ae_weight: 0.1
Tue 08 Oct 2024 09:01:13 INFO threshold: 0.1
Tue 08 Oct 2024 09:01:13 INFO prompt_num: 0.1
Tue 08 Oct 2024 09:01:13 INFO neg_weight: 0.1
Tue 08 Oct 2024 09:01:13 INFO cen_reg: 0.005
Tue 08 Oct 2024 09:01:13 INFO n_intents: 128
Tue 08 Oct 2024 09:01:13 INFO G_rate: 0.0001
Tue 08 Oct 2024 09:01:13 INFO align_weight: 0.1
Tue 08 Oct 2024 09:01:13 INFO mask_weight_f: 1.5
Tue 08 Oct 2024 09:01:13 INFO mask_weight_g: 0.001
Tue 08 Oct 2024 09:01:13 INFO leaky: 0.5
Tue 08 Oct 2024 09:01:13 INFO keepRate: 1.0
Tue 08 Oct 2024 09:01:13 INFO mult: 0.1
Tue 08 Oct 2024 09:01:13 INFO grid_size: 1
Tue 08 Oct 2024 09:01:13 INFO node_dropout: 0.1
Tue 08 Oct 2024 09:01:13 INFO message_dropout: 0.1
Tue 08 Oct 2024 09:01:13 INFO n_mca: 2
Tue 08 Oct 2024 09:01:13 INFO gamma: 0.5
Tue 08 Oct 2024 09:01:13 INFO t: 1.8
Tue 08 Oct 2024 09:01:13 INFO e_loss: 0.1
Tue 08 Oct 2024 09:01:13 INFO ris_lambda: 0.5
Tue 08 Oct 2024 09:01:13 INFO rebuild_k: 1
Tue 08 Oct 2024 09:01:13 INFO pnn_layer: 1
Tue 08 Oct 2024 09:01:13 INFO b2: 1
Tue 08 Oct 2024 09:01:13 INFO ctra: 0.001
Tue 08 Oct 2024 09:01:13 INFO noise_alpha: 0.3
Tue 08 Oct 2024 09:01:13 INFO ssl_temp2: 0.2
Tue 08 Oct 2024 09:01:13 INFO seed: 42
Tue 08 Oct 2024 09:01:13 INFO num_workers: 1
Tue 08 Oct 2024 09:01:13 INFO topk: [5, 10, 20]
Tue 08 Oct 2024 09:01:13 INFO local time£ºOct-08-2024-09-01-13
Tue 08 Oct 2024 09:01:14 INFO =========1/1: Parameters:{'n_layers': 4, 'learning_rate': 0.001, 'reg_weight': 0.1, 'ssl_alpha': 0.1, 'ssl_temp': 0.3, 'ssl_temp2': 0.3, 'noise_alpha': 0.2}=========
Tue 08 Oct 2024 09:01:56 INFO Epoch 1, Loss: 2147.73511
Tue 08 Oct 2024 09:01:57 INFO Validation Metrics:
Tue 08 Oct 2024 09:01:57 INFO 5: precision: 0.01040 | recall: 0.04502 | ndcg: 0.02946 | hit_rate: 0.05019 | map: 0.02338
Tue 08 Oct 2024 09:01:57 INFO 10: precision: 0.00808 | recall: 0.06982 | ndcg: 0.03765 | hit_rate: 0.07673 | map: 0.02677
Tue 08 Oct 2024 09:01:57 INFO 20: precision: 0.00609 | recall: 0.10472 | ndcg: 0.04672 | hit_rate: 0.11342 | map: 0.02928
Tue 08 Oct 2024 09:01:57 INFO Test Metrics:
Tue 08 Oct 2024 09:01:57 INFO 5: precision: 0.01752 | recall: 0.04631 | ndcg: 0.03594 | hit_rate: 0.07725 | map: 0.02630
Tue 08 Oct 2024 09:01:57 INFO 10: precision: 0.01369 | recall: 0.07172 | ndcg: 0.04554 | hit_rate: 0.11549 | map: 0.03025
Tue 08 Oct 2024 09:01:57 INFO 20: precision: 0.01020 | recall: 0.10680 | ndcg: 0.05604 | hit_rate: 0.16665 | map: 0.03313
