Sat 26 Apr 2025 22:23:50 INFO ============Arguments==============
Sat 26 Apr 2025 22:23:50 INFO Model: Grade
Sat 26 Apr 2025 22:23:50 INFO data_path: clothing
Sat 26 Apr 2025 22:23:50 INFO learning_rate: 0.001
Sat 26 Apr 2025 22:23:50 INFO feature_embed: 64
Sat 26 Apr 2025 22:23:50 INFO batch_size: 1024
Sat 26 Apr 2025 22:23:50 INFO aggr_mode: add
Sat 26 Apr 2025 22:23:50 INFO reg_weight: 0.001
Sat 26 Apr 2025 22:23:50 INFO dim_E: 64
Sat 26 Apr 2025 22:23:50 INFO num_epoch: 1000
Sat 26 Apr 2025 22:23:50 INFO dropout: 0.2
Sat 26 Apr 2025 22:23:50 INFO n_layers: 2
Sat 26 Apr 2025 22:23:50 INFO corDecay: 0.001
Sat 26 Apr 2025 22:23:50 INFO n_factors: 4
Sat 26 Apr 2025 22:23:50 INFO n_iterations: 3
Sat 26 Apr 2025 22:23:50 INFO cl_weight: 2.0
Sat 26 Apr 2025 22:23:50 INFO mm_layers: 2
Sat 26 Apr 2025 22:23:50 INFO ii_topk: 10
Sat 26 Apr 2025 22:23:50 INFO uu_topk: 10
Sat 26 Apr 2025 22:23:50 INFO lambda_coeff: 0.9
Sat 26 Apr 2025 22:23:50 INFO ssl_temp: 0.9
Sat 26 Apr 2025 22:23:50 INFO ssl_alpha: 0.9
Sat 26 Apr 2025 22:23:50 INFO ae_weight: 0.1
Sat 26 Apr 2025 22:23:50 INFO threshold: 0.1
Sat 26 Apr 2025 22:23:50 INFO prompt_num: 0.1
Sat 26 Apr 2025 22:23:50 INFO neg_weight: 0.1
Sat 26 Apr 2025 22:23:50 INFO cen_reg: 0.005
Sat 26 Apr 2025 22:23:50 INFO n_intents: 128
Sat 26 Apr 2025 22:23:50 INFO G_rate: 0.0001
Sat 26 Apr 2025 22:23:50 INFO align_weight: 0.1
Sat 26 Apr 2025 22:23:50 INFO mask_weight_f: 1.5
Sat 26 Apr 2025 22:23:50 INFO mask_weight_g: 0.001
Sat 26 Apr 2025 22:23:50 INFO leaky: 0.5
Sat 26 Apr 2025 22:23:50 INFO keepRate: 1.0
Sat 26 Apr 2025 22:23:50 INFO mult: 0.1
Sat 26 Apr 2025 22:23:50 INFO grid_size: 1
Sat 26 Apr 2025 22:23:50 INFO node_dropout: 0.1
Sat 26 Apr 2025 22:23:50 INFO message_dropout: 0.1
Sat 26 Apr 2025 22:23:50 INFO n_mca: 2
Sat 26 Apr 2025 22:23:50 INFO gamma: 0.5
Sat 26 Apr 2025 22:23:50 INFO t: 1.8
Sat 26 Apr 2025 22:23:50 INFO e_loss: 0.1
Sat 26 Apr 2025 22:23:50 INFO ris_lambda: 0.5
Sat 26 Apr 2025 22:23:50 INFO rebuild_k: 1
Sat 26 Apr 2025 22:23:50 INFO pnn_layer: 1
Sat 26 Apr 2025 22:23:50 INFO b2: 1
Sat 26 Apr 2025 22:23:50 INFO ctra: 0.001
Sat 26 Apr 2025 22:23:50 INFO noise_alpha: 0.3
Sat 26 Apr 2025 22:23:50 INFO ssl_temp2: 0.2
Sat 26 Apr 2025 22:23:50 INFO K_s: 1
Sat 26 Apr 2025 22:23:50 INFO T_s: 1
Sat 26 Apr 2025 22:23:50 INFO K_b: 1
Sat 26 Apr 2025 22:23:50 INFO T_b: 1
Sat 26 Apr 2025 22:23:50 INFO idl_beta: 1
Sat 26 Apr 2025 22:23:50 INFO sampling_noise: False
Sat 26 Apr 2025 22:23:50 INFO sampling_steps: 0
Sat 26 Apr 2025 22:23:50 INFO steps: 100
Sat 26 Apr 2025 22:23:50 INFO noise_scale: 0.1
Sat 26 Apr 2025 22:23:50 INFO noise_min: 0.0001
Sat 26 Apr 2025 22:23:50 INFO noise_max: 0.02
Sat 26 Apr 2025 22:23:50 INFO dims: [1000]
Sat 26 Apr 2025 22:23:50 INFO h_layers: 2
Sat 26 Apr 2025 22:23:50 INFO num_hypernodes: 10
Sat 26 Apr 2025 22:23:50 INFO beta1: 0.5
Sat 26 Apr 2025 22:23:50 INFO beta2: 0.5
Sat 26 Apr 2025 22:23:50 INFO seed: 42
Sat 26 Apr 2025 22:23:50 INFO num_workers: 1
Sat 26 Apr 2025 22:23:50 INFO topk: [5, 10, 20]
Sat 26 Apr 2025 22:23:50 INFO local time£ºApr-26-2025-22-23-50
Sat 26 Apr 2025 22:23:50 INFO =========1/1: Parameters:{'n_layers': 5, 'learning_rate': 0.001, 'reg_weight': 0.1, 'ssl_alpha': 0.2, 'ssl_temp': 0.3, 'ssl_temp2': 0.3, 'noise_alpha': 0.2}=========
Sat 26 Apr 2025 22:24:11 INFO Epoch 1, Loss: 1317.00499
Sat 26 Apr 2025 22:24:12 INFO Validation Metrics:
Sat 26 Apr 2025 22:24:12 INFO 5: precision: 0.00294 | recall: 0.01446 | ndcg: 0.00907 | hit_rate: 0.01466 | map: 0.00727
Sat 26 Apr 2025 22:24:12 INFO 10: precision: 0.00230 | recall: 0.02268 | ndcg: 0.01170 | hit_rate: 0.02291 | map: 0.00833
Sat 26 Apr 2025 22:24:12 INFO 20: precision: 0.00182 | recall: 0.03586 | ndcg: 0.01503 | hit_rate: 0.03630 | map: 0.00924
Sat 26 Apr 2025 22:24:12 INFO Test Metrics:
Sat 26 Apr 2025 22:24:12 INFO 5: precision: 0.00447 | recall: 0.01364 | ndcg: 0.00989 | hit_rate: 0.02158 | map: 0.00715
Sat 26 Apr 2025 22:24:12 INFO 10: precision: 0.00352 | recall: 0.02150 | ndcg: 0.01275 | hit_rate: 0.03348 | map: 0.00822
Sat 26 Apr 2025 22:24:12 INFO 20: precision: 0.00284 | recall: 0.03494 | ndcg: 0.01659 | hit_rate: 0.05257 | map: 0.00922
Sat 26 Apr 2025 22:24:32 INFO Epoch 2, Loss: 533.81942
Sat 26 Apr 2025 22:24:33 INFO Validation Metrics:
Sat 26 Apr 2025 22:24:33 INFO 5: precision: 0.00354 | recall: 0.01749 | ndcg: 0.01135 | hit_rate: 0.01765 | map: 0.00933
Sat 26 Apr 2025 22:24:33 INFO 10: precision: 0.00293 | recall: 0.02899 | ndcg: 0.01505 | hit_rate: 0.02927 | map: 0.01083
Sat 26 Apr 2025 22:24:33 INFO 20: precision: 0.00223 | recall: 0.04414 | ndcg: 0.01887 | hit_rate: 0.04460 | map: 0.01187
Sat 26 Apr 2025 22:24:33 INFO Test Metrics:
Sat 26 Apr 2025 22:24:33 INFO 5: precision: 0.00552 | recall: 0.01701 | ndcg: 0.01220 | hit_rate: 0.02678 | map: 0.00875
Sat 26 Apr 2025 22:24:33 INFO 10: precision: 0.00449 | recall: 0.02788 | ndcg: 0.01612 | hit_rate: 0.04266 | map: 0.01024
Sat 26 Apr 2025 22:24:33 INFO 20: precision: 0.00361 | recall: 0.04486 | ndcg: 0.02099 | hit_rate: 0.06734 | map: 0.01150
Sat 26 Apr 2025 22:24:55 INFO Epoch 3, Loss: 501.01496
Sat 26 Apr 2025 22:24:56 INFO Validation Metrics:
Sat 26 Apr 2025 22:24:56 INFO 5: precision: 0.00388 | recall: 0.01917 | ndcg: 0.01240 | hit_rate: 0.01937 | map: 0.01015
Sat 26 Apr 2025 22:24:56 INFO 10: precision: 0.00321 | recall: 0.03175 | ndcg: 0.01647 | hit_rate: 0.03204 | map: 0.01182
Sat 26 Apr 2025 22:24:56 INFO 20: precision: 0.00252 | recall: 0.04984 | ndcg: 0.02104 | hit_rate: 0.05041 | map: 0.01307
Sat 26 Apr 2025 22:24:56 INFO Test Metrics:
Sat 26 Apr 2025 22:24:56 INFO 5: precision: 0.00620 | recall: 0.01919 | ndcg: 0.01391 | hit_rate: 0.03021 | map: 0.01004
Sat 26 Apr 2025 22:24:56 INFO 10: precision: 0.00504 | recall: 0.03106 | ndcg: 0.01826 | hit_rate: 0.04842 | map: 0.01169
Sat 26 Apr 2025 22:24:56 INFO 20: precision: 0.00392 | recall: 0.04869 | ndcg: 0.02330 | hit_rate: 0.07332 | map: 0.01302
Sat 26 Apr 2025 22:25:17 INFO Epoch 4, Loss: 487.45202
Sat 26 Apr 2025 22:25:18 INFO Validation Metrics:
Sat 26 Apr 2025 22:25:18 INFO 5: precision: 0.00407 | recall: 0.02009 | ndcg: 0.01301 | hit_rate: 0.02031 | map: 0.01066
Sat 26 Apr 2025 22:25:18 INFO 10: precision: 0.00335 | recall: 0.03312 | ndcg: 0.01721 | hit_rate: 0.03342 | map: 0.01238
Sat 26 Apr 2025 22:25:18 INFO 20: precision: 0.00258 | recall: 0.05093 | ndcg: 0.02174 | hit_rate: 0.05146 | map: 0.01363
Sat 26 Apr 2025 22:25:18 INFO Test Metrics:
Sat 26 Apr 2025 22:25:18 INFO 5: precision: 0.00637 | recall: 0.01965 | ndcg: 0.01415 | hit_rate: 0.03099 | map: 0.01018
Sat 26 Apr 2025 22:25:18 INFO 10: precision: 0.00519 | recall: 0.03215 | ndcg: 0.01869 | hit_rate: 0.04952 | map: 0.01191
Sat 26 Apr 2025 22:25:18 INFO 20: precision: 0.00417 | recall: 0.05182 | ndcg: 0.02427 | hit_rate: 0.07813 | map: 0.01333
Sat 26 Apr 2025 22:25:39 INFO Epoch 5, Loss: 478.05509
Sat 26 Apr 2025 22:25:40 INFO Validation Metrics:
Sat 26 Apr 2025 22:25:40 INFO 5: precision: 0.00416 | recall: 0.02056 | ndcg: 0.01341 | hit_rate: 0.02075 | map: 0.01104
Sat 26 Apr 2025 22:25:40 INFO 10: precision: 0.00346 | recall: 0.03428 | ndcg: 0.01784 | hit_rate: 0.03458 | map: 0.01286
Sat 26 Apr 2025 22:25:40 INFO 20: precision: 0.00264 | recall: 0.05214 | ndcg: 0.02234 | hit_rate: 0.05273 | map: 0.01407
Sat 26 Apr 2025 22:25:40 INFO Test Metrics:
Sat 26 Apr 2025 22:25:40 INFO 5: precision: 0.00660 | recall: 0.02042 | ndcg: 0.01477 | hit_rate: 0.03193 | map: 0.01068
Sat 26 Apr 2025 22:25:40 INFO 10: precision: 0.00527 | recall: 0.03257 | ndcg: 0.01921 | hit_rate: 0.05030 | map: 0.01236
Sat 26 Apr 2025 22:25:40 INFO 20: precision: 0.00419 | recall: 0.05206 | ndcg: 0.02473 | hit_rate: 0.07813 | map: 0.01378
Sat 26 Apr 2025 22:26:01 INFO Epoch 6, Loss: 471.37963
Sat 26 Apr 2025 22:26:02 INFO Validation Metrics:
Sat 26 Apr 2025 22:26:02 INFO 5: precision: 0.00409 | recall: 0.02017 | ndcg: 0.01311 | hit_rate: 0.02042 | map: 0.01076
Sat 26 Apr 2025 22:26:02 INFO 10: precision: 0.00341 | recall: 0.03373 | ndcg: 0.01752 | hit_rate: 0.03403 | map: 0.01258
Sat 26 Apr 2025 22:26:02 INFO 20: precision: 0.00267 | recall: 0.05279 | ndcg: 0.02231 | hit_rate: 0.05334 | map: 0.01387
Sat 26 Apr 2025 22:26:02 INFO Test Metrics:
Sat 26 Apr 2025 22:26:02 INFO 5: precision: 0.00682 | recall: 0.02141 | ndcg: 0.01523 | hit_rate: 0.03320 | map: 0.01093
Sat 26 Apr 2025 22:26:02 INFO 10: precision: 0.00545 | recall: 0.03358 | ndcg: 0.01971 | hit_rate: 0.05207 | map: 0.01261
Sat 26 Apr 2025 22:26:02 INFO 20: precision: 0.00422 | recall: 0.05230 | ndcg: 0.02505 | hit_rate: 0.07896 | map: 0.01399
Sat 26 Apr 2025 22:26:22 INFO Epoch 7, Loss: 465.43311
Sat 26 Apr 2025 22:26:23 INFO Validation Metrics:
Sat 26 Apr 2025 22:26:23 INFO 5: precision: 0.00442 | recall: 0.02177 | ndcg: 0.01384 | hit_rate: 0.02202 | map: 0.01120
Sat 26 Apr 2025 22:26:23 INFO 10: precision: 0.00351 | recall: 0.03468 | ndcg: 0.01800 | hit_rate: 0.03508 | map: 0.01291
Sat 26 Apr 2025 22:26:23 INFO 20: precision: 0.00271 | recall: 0.05346 | ndcg: 0.02274 | hit_rate: 0.05401 | map: 0.01419
Sat 26 Apr 2025 22:26:23 INFO Test Metrics:
Sat 26 Apr 2025 22:26:23 INFO 5: precision: 0.00681 | recall: 0.02121 | ndcg: 0.01548 | hit_rate: 0.03287 | map: 0.01131
Sat 26 Apr 2025 22:26:23 INFO 10: precision: 0.00540 | recall: 0.03324 | ndcg: 0.01991 | hit_rate: 0.05146 | map: 0.01297
Sat 26 Apr 2025 22:26:23 INFO 20: precision: 0.00431 | recall: 0.05335 | ndcg: 0.02565 | hit_rate: 0.08051 | map: 0.01445
Sat 26 Apr 2025 22:26:45 INFO Epoch 8, Loss: 461.78316
Sat 26 Apr 2025 22:26:46 INFO Validation Metrics:
Sat 26 Apr 2025 22:26:46 INFO 5: precision: 0.00455 | recall: 0.02244 | ndcg: 0.01428 | hit_rate: 0.02269 | map: 0.01157
Sat 26 Apr 2025 22:26:46 INFO 10: precision: 0.00352 | recall: 0.03476 | ndcg: 0.01827 | hit_rate: 0.03519 | map: 0.01321
Sat 26 Apr 2025 22:26:46 INFO 20: precision: 0.00274 | recall: 0.05416 | ndcg: 0.02315 | hit_rate: 0.05467 | map: 0.01453
Sat 26 Apr 2025 22:26:46 INFO Test Metrics:
Sat 26 Apr 2025 22:26:46 INFO 5: precision: 0.00687 | recall: 0.02144 | ndcg: 0.01554 | hit_rate: 0.03331 | map: 0.01130
Sat 26 Apr 2025 22:26:46 INFO 10: precision: 0.00554 | recall: 0.03435 | ndcg: 0.02028 | hit_rate: 0.05284 | map: 0.01310
Sat 26 Apr 2025 22:26:46 INFO 20: precision: 0.00440 | recall: 0.05442 | ndcg: 0.02605 | hit_rate: 0.08206 | map: 0.01459
Sat 26 Apr 2025 22:27:06 INFO Epoch 9, Loss: 457.77760
Sat 26 Apr 2025 22:27:07 INFO Validation Metrics:
Sat 26 Apr 2025 22:27:07 INFO 5: precision: 0.00459 | recall: 0.02266 | ndcg: 0.01430 | hit_rate: 0.02291 | map: 0.01154
Sat 26 Apr 2025 22:27:07 INFO 10: precision: 0.00361 | recall: 0.03562 | ndcg: 0.01850 | hit_rate: 0.03602 | map: 0.01327
Sat 26 Apr 2025 22:27:07 INFO 20: precision: 0.00277 | recall: 0.05472 | ndcg: 0.02330 | hit_rate: 0.05522 | map: 0.01456
Sat 26 Apr 2025 22:27:07 INFO Test Metrics:
Sat 26 Apr 2025 22:27:07 INFO 5: precision: 0.00691 | recall: 0.02194 | ndcg: 0.01561 | hit_rate: 0.03348 | map: 0.01132
Sat 26 Apr 2025 22:27:07 INFO 10: precision: 0.00567 | recall: 0.03553 | ndcg: 0.02056 | hit_rate: 0.05406 | map: 0.01317
Sat 26 Apr 2025 22:27:07 INFO 20: precision: 0.00445 | recall: 0.05506 | ndcg: 0.02619 | hit_rate: 0.08284 | map: 0.01462
Sat 26 Apr 2025 22:27:28 INFO Epoch 10, Loss: 454.48014
Sat 26 Apr 2025 22:27:29 INFO Validation Metrics:
Sat 26 Apr 2025 22:27:29 INFO 5: precision: 0.00450 | recall: 0.02216 | ndcg: 0.01418 | hit_rate: 0.02247 | map: 0.01151
Sat 26 Apr 2025 22:27:29 INFO 10: precision: 0.00364 | recall: 0.03595 | ndcg: 0.01862 | hit_rate: 0.03635 | map: 0.01333
Sat 26 Apr 2025 22:27:29 INFO 20: precision: 0.00279 | recall: 0.05527 | ndcg: 0.02349 | hit_rate: 0.05578 | map: 0.01466
Sat 26 Apr 2025 22:27:29 INFO Test Metrics:
Sat 26 Apr 2025 22:27:29 INFO 5: precision: 0.00701 | recall: 0.02210 | ndcg: 0.01589 | hit_rate: 0.03381 | map: 0.01160
Sat 26 Apr 2025 22:27:29 INFO 10: precision: 0.00567 | recall: 0.03542 | ndcg: 0.02075 | hit_rate: 0.05390 | map: 0.01343
Sat 26 Apr 2025 22:27:29 INFO 20: precision: 0.00448 | recall: 0.05554 | ndcg: 0.02652 | hit_rate: 0.08339 | map: 0.01492
Sat 26 Apr 2025 22:27:51 INFO Epoch 11, Loss: 452.29436
Sat 26 Apr 2025 22:27:52 INFO Validation Metrics:
Sat 26 Apr 2025 22:27:52 INFO 5: precision: 0.00448 | recall: 0.02205 | ndcg: 0.01399 | hit_rate: 0.02236 | map: 0.01131
Sat 26 Apr 2025 22:27:52 INFO 10: precision: 0.00364 | recall: 0.03581 | ndcg: 0.01840 | hit_rate: 0.03630 | map: 0.01309
Sat 26 Apr 2025 22:27:52 INFO 20: precision: 0.00286 | recall: 0.05651 | ndcg: 0.02362 | hit_rate: 0.05705 | map: 0.01451
Sat 26 Apr 2025 22:27:52 INFO Test Metrics:
Sat 26 Apr 2025 22:27:52 INFO 5: precision: 0.00709 | recall: 0.02252 | ndcg: 0.01610 | hit_rate: 0.03442 | map: 0.01172
Sat 26 Apr 2025 22:27:52 INFO 10: precision: 0.00570 | recall: 0.03583 | ndcg: 0.02097 | hit_rate: 0.05417 | map: 0.01359
Sat 26 Apr 2025 22:27:52 INFO 20: precision: 0.00446 | recall: 0.05558 | ndcg: 0.02663 | hit_rate: 0.08295 | map: 0.01505
Sat 26 Apr 2025 22:28:14 INFO Epoch 12, Loss: 450.58539
Sat 26 Apr 2025 22:28:15 INFO Validation Metrics:
Sat 26 Apr 2025 22:28:15 INFO 5: precision: 0.00444 | recall: 0.02186 | ndcg: 0.01409 | hit_rate: 0.02213 | map: 0.01151
Sat 26 Apr 2025 22:28:15 INFO 10: precision: 0.00371 | recall: 0.03653 | ndcg: 0.01884 | hit_rate: 0.03702 | map: 0.01345
Sat 26 Apr 2025 22:28:15 INFO 20: precision: 0.00285 | recall: 0.05635 | ndcg: 0.02383 | hit_rate: 0.05688 | map: 0.01480
Sat 26 Apr 2025 22:28:15 INFO Test Metrics:
Sat 26 Apr 2025 22:28:15 INFO 5: precision: 0.00709 | recall: 0.02243 | ndcg: 0.01600 | hit_rate: 0.03420 | map: 0.01163
Sat 26 Apr 2025 22:28:15 INFO 10: precision: 0.00569 | recall: 0.03562 | ndcg: 0.02086 | hit_rate: 0.05401 | map: 0.01348
Sat 26 Apr 2025 22:28:15 INFO 20: precision: 0.00450 | recall: 0.05638 | ndcg: 0.02679 | hit_rate: 0.08367 | map: 0.01503
Sat 26 Apr 2025 22:28:37 INFO Epoch 13, Loss: 448.93755
Sat 26 Apr 2025 22:28:38 INFO Validation Metrics:
Sat 26 Apr 2025 22:28:38 INFO 5: precision: 0.00446 | recall: 0.02197 | ndcg: 0.01420 | hit_rate: 0.02224 | map: 0.01161
Sat 26 Apr 2025 22:28:38 INFO 10: precision: 0.00360 | recall: 0.03551 | ndcg: 0.01858 | hit_rate: 0.03597 | map: 0.01341
Sat 26 Apr 2025 22:28:38 INFO 20: precision: 0.00286 | recall: 0.05647 | ndcg: 0.02388 | hit_rate: 0.05705 | map: 0.01486
Sat 26 Apr 2025 22:28:38 INFO Test Metrics:
Sat 26 Apr 2025 22:28:38 INFO 5: precision: 0.00722 | recall: 0.02279 | ndcg: 0.01614 | hit_rate: 0.03481 | map: 0.01167
Sat 26 Apr 2025 22:28:38 INFO 10: precision: 0.00587 | recall: 0.03672 | ndcg: 0.02121 | hit_rate: 0.05572 | map: 0.01358
Sat 26 Apr 2025 22:28:38 INFO 20: precision: 0.00448 | recall: 0.05588 | ndcg: 0.02668 | hit_rate: 0.08333 | map: 0.01498
Sat 26 Apr 2025 22:28:59 INFO Epoch 14, Loss: 447.04985
Sat 26 Apr 2025 22:29:00 INFO Validation Metrics:
Sat 26 Apr 2025 22:29:00 INFO 5: precision: 0.00449 | recall: 0.02216 | ndcg: 0.01424 | hit_rate: 0.02241 | map: 0.01162
Sat 26 Apr 2025 22:29:00 INFO 10: precision: 0.00367 | recall: 0.03617 | ndcg: 0.01877 | hit_rate: 0.03663 | map: 0.01347
Sat 26 Apr 2025 22:29:00 INFO 20: precision: 0.00292 | recall: 0.05772 | ndcg: 0.02421 | hit_rate: 0.05832 | map: 0.01495
Sat 26 Apr 2025 22:29:00 INFO Test Metrics:
Sat 26 Apr 2025 22:29:00 INFO 5: precision: 0.00704 | recall: 0.02214 | ndcg: 0.01599 | hit_rate: 0.03386 | map: 0.01169
Sat 26 Apr 2025 22:29:00 INFO 10: precision: 0.00583 | recall: 0.03655 | ndcg: 0.02127 | hit_rate: 0.05522 | map: 0.01371
Sat 26 Apr 2025 22:29:00 INFO 20: precision: 0.00448 | recall: 0.05589 | ndcg: 0.02680 | hit_rate: 0.08322 | map: 0.01513
Sat 26 Apr 2025 22:29:22 INFO Epoch 15, Loss: 444.99046
Sat 26 Apr 2025 22:29:23 INFO Validation Metrics:
Sat 26 Apr 2025 22:29:23 INFO 5: precision: 0.00444 | recall: 0.02188 | ndcg: 0.01404 | hit_rate: 0.02213 | map: 0.01142
Sat 26 Apr 2025 22:29:23 INFO 10: precision: 0.00372 | recall: 0.03678 | ndcg: 0.01883 | hit_rate: 0.03718 | map: 0.01337
Sat 26 Apr 2025 22:29:23 INFO 20: precision: 0.00289 | recall: 0.05721 | ndcg: 0.02398 | hit_rate: 0.05777 | map: 0.01477
Sat 26 Apr 2025 22:29:23 INFO Test Metrics:
Sat 26 Apr 2025 22:29:23 INFO 5: precision: 0.00716 | recall: 0.02268 | ndcg: 0.01604 | hit_rate: 0.03436 | map: 0.01162
Sat 26 Apr 2025 22:29:23 INFO 10: precision: 0.00585 | recall: 0.03686 | ndcg: 0.02120 | hit_rate: 0.05550 | map: 0.01358
Sat 26 Apr 2025 22:29:23 INFO 20: precision: 0.00448 | recall: 0.05595 | ndcg: 0.02669 | hit_rate: 0.08328 | map: 0.01500
Sat 26 Apr 2025 22:29:45 INFO Epoch 16, Loss: 444.88872
Sat 26 Apr 2025 22:29:46 INFO Validation Metrics:
Sat 26 Apr 2025 22:29:46 INFO 5: precision: 0.00438 | recall: 0.02156 | ndcg: 0.01394 | hit_rate: 0.02186 | map: 0.01140
Sat 26 Apr 2025 22:29:46 INFO 10: precision: 0.00380 | recall: 0.03747 | ndcg: 0.01906 | hit_rate: 0.03790 | map: 0.01348
Sat 26 Apr 2025 22:29:46 INFO 20: precision: 0.00292 | recall: 0.05779 | ndcg: 0.02416 | hit_rate: 0.05832 | map: 0.01486
Sat 26 Apr 2025 22:29:46 INFO Test Metrics:
Sat 26 Apr 2025 22:29:46 INFO 5: precision: 0.00712 | recall: 0.02246 | ndcg: 0.01615 | hit_rate: 0.03436 | map: 0.01175
Sat 26 Apr 2025 22:29:46 INFO 10: precision: 0.00582 | recall: 0.03655 | ndcg: 0.02130 | hit_rate: 0.05528 | map: 0.01371
Sat 26 Apr 2025 22:29:46 INFO 20: precision: 0.00448 | recall: 0.05592 | ndcg: 0.02685 | hit_rate: 0.08317 | map: 0.01516
Sat 26 Apr 2025 22:30:07 INFO Epoch 17, Loss: 443.17636
Sat 26 Apr 2025 22:30:08 INFO Validation Metrics:
Sat 26 Apr 2025 22:30:08 INFO 5: precision: 0.00463 | recall: 0.02277 | ndcg: 0.01447 | hit_rate: 0.02307 | map: 0.01173
Sat 26 Apr 2025 22:30:08 INFO 10: precision: 0.00371 | recall: 0.03664 | ndcg: 0.01891 | hit_rate: 0.03707 | map: 0.01352
Sat 26 Apr 2025 22:30:08 INFO 20: precision: 0.00294 | recall: 0.05801 | ndcg: 0.02429 | hit_rate: 0.05860 | map: 0.01498
Sat 26 Apr 2025 22:30:08 INFO Test Metrics:
Sat 26 Apr 2025 22:30:08 INFO 5: precision: 0.00723 | recall: 0.02264 | ndcg: 0.01632 | hit_rate: 0.03497 | map: 0.01190
Sat 26 Apr 2025 22:30:08 INFO 10: precision: 0.00594 | recall: 0.03733 | ndcg: 0.02169 | hit_rate: 0.05639 | map: 0.01397
Sat 26 Apr 2025 22:30:08 INFO 20: precision: 0.00454 | recall: 0.05714 | ndcg: 0.02727 | hit_rate: 0.08411 | map: 0.01541
Sat 26 Apr 2025 22:30:31 INFO Epoch 18, Loss: 442.15894
Sat 26 Apr 2025 22:30:32 INFO Validation Metrics:
Sat 26 Apr 2025 22:30:32 INFO 5: precision: 0.00450 | recall: 0.02219 | ndcg: 0.01419 | hit_rate: 0.02247 | map: 0.01154
Sat 26 Apr 2025 22:30:32 INFO 10: precision: 0.00369 | recall: 0.03642 | ndcg: 0.01877 | hit_rate: 0.03685 | map: 0.01341
Sat 26 Apr 2025 22:30:32 INFO 20: precision: 0.00291 | recall: 0.05746 | ndcg: 0.02405 | hit_rate: 0.05799 | map: 0.01483
Sat 26 Apr 2025 22:30:32 INFO Test Metrics:
Sat 26 Apr 2025 22:30:32 INFO 5: precision: 0.00733 | recall: 0.02324 | ndcg: 0.01661 | hit_rate: 0.03558 | map: 0.01209
Sat 26 Apr 2025 22:30:32 INFO 10: precision: 0.00583 | recall: 0.03673 | ndcg: 0.02153 | hit_rate: 0.05522 | map: 0.01399
Sat 26 Apr 2025 22:30:32 INFO 20: precision: 0.00450 | recall: 0.05649 | ndcg: 0.02717 | hit_rate: 0.08339 | map: 0.01545
Sat 26 Apr 2025 22:30:58 INFO Epoch 19, Loss: 441.48622
Sat 26 Apr 2025 22:31:00 INFO Validation Metrics:
Sat 26 Apr 2025 22:31:00 INFO 5: precision: 0.00453 | recall: 0.02233 | ndcg: 0.01421 | hit_rate: 0.02258 | map: 0.01152
Sat 26 Apr 2025 22:31:00 INFO 10: precision: 0.00374 | recall: 0.03686 | ndcg: 0.01889 | hit_rate: 0.03730 | map: 0.01343
Sat 26 Apr 2025 22:31:00 INFO 20: precision: 0.00291 | recall: 0.05748 | ndcg: 0.02410 | hit_rate: 0.05805 | map: 0.01485
Sat 26 Apr 2025 22:31:00 INFO Test Metrics:
Sat 26 Apr 2025 22:31:00 INFO 5: precision: 0.00704 | recall: 0.02241 | ndcg: 0.01629 | hit_rate: 0.03398 | map: 0.01204
Sat 26 Apr 2025 22:31:00 INFO 10: precision: 0.00574 | recall: 0.03618 | ndcg: 0.02135 | hit_rate: 0.05428 | map: 0.01399
Sat 26 Apr 2025 22:31:00 INFO 20: precision: 0.00450 | recall: 0.05639 | ndcg: 0.02712 | hit_rate: 0.08333 | map: 0.01548
Sat 26 Apr 2025 22:31:32 INFO Epoch 20, Loss: 441.08973
Sat 26 Apr 2025 22:31:35 INFO Validation Metrics:
Sat 26 Apr 2025 22:31:35 INFO 5: precision: 0.00467 | recall: 0.02302 | ndcg: 0.01456 | hit_rate: 0.02330 | map: 0.01175
Sat 26 Apr 2025 22:31:35 INFO 10: precision: 0.00378 | recall: 0.03733 | ndcg: 0.01918 | hit_rate: 0.03779 | map: 0.01364
Sat 26 Apr 2025 22:31:35 INFO 20: precision: 0.00289 | recall: 0.05715 | ndcg: 0.02418 | hit_rate: 0.05771 | map: 0.01500
Sat 26 Apr 2025 22:31:35 INFO Test Metrics:
Sat 26 Apr 2025 22:31:35 INFO 5: precision: 0.00724 | recall: 0.02283 | ndcg: 0.01662 | hit_rate: 0.03503 | map: 0.01223
Sat 26 Apr 2025 22:31:35 INFO 10: precision: 0.00586 | recall: 0.03665 | ndcg: 0.02171 | hit_rate: 0.05539 | map: 0.01421
Sat 26 Apr 2025 22:31:35 INFO 20: precision: 0.00454 | recall: 0.05693 | ndcg: 0.02746 | hit_rate: 0.08444 | map: 0.01568
Sat 26 Apr 2025 22:32:06 INFO Epoch 21, Loss: 440.26351
Sat 26 Apr 2025 22:32:09 INFO Validation Metrics:
Sat 26 Apr 2025 22:32:09 INFO 5: precision: 0.00475 | recall: 0.02341 | ndcg: 0.01467 | hit_rate: 0.02368 | map: 0.01177
Sat 26 Apr 2025 22:32:09 INFO 10: precision: 0.00377 | recall: 0.03717 | ndcg: 0.01910 | hit_rate: 0.03763 | map: 0.01357
Sat 26 Apr 2025 22:32:09 INFO 20: precision: 0.00295 | recall: 0.05845 | ndcg: 0.02446 | hit_rate: 0.05899 | map: 0.01503
Sat 26 Apr 2025 22:32:09 INFO Test Metrics:
Sat 26 Apr 2025 22:32:09 INFO 5: precision: 0.00732 | recall: 0.02303 | ndcg: 0.01678 | hit_rate: 0.03536 | map: 0.01236
Sat 26 Apr 2025 22:32:09 INFO 10: precision: 0.00590 | recall: 0.03703 | ndcg: 0.02194 | hit_rate: 0.05567 | map: 0.01439
Sat 26 Apr 2025 22:32:09 INFO 20: precision: 0.00455 | recall: 0.05689 | ndcg: 0.02759 | hit_rate: 0.08466 | map: 0.01583
Sat 26 Apr 2025 22:32:41 INFO Epoch 22, Loss: 438.30296
Sat 26 Apr 2025 22:32:43 INFO Validation Metrics:
Sat 26 Apr 2025 22:32:43 INFO 5: precision: 0.00476 | recall: 0.02342 | ndcg: 0.01473 | hit_rate: 0.02374 | map: 0.01185
Sat 26 Apr 2025 22:32:43 INFO 10: precision: 0.00375 | recall: 0.03694 | ndcg: 0.01908 | hit_rate: 0.03741 | map: 0.01362
Sat 26 Apr 2025 22:32:43 INFO 20: precision: 0.00294 | recall: 0.05806 | ndcg: 0.02440 | hit_rate: 0.05860 | map: 0.01506
Sat 26 Apr 2025 22:32:43 INFO Test Metrics:
Sat 26 Apr 2025 22:32:43 INFO 5: precision: 0.00724 | recall: 0.02266 | ndcg: 0.01637 | hit_rate: 0.03503 | map: 0.01197
Sat 26 Apr 2025 22:32:43 INFO 10: precision: 0.00587 | recall: 0.03686 | ndcg: 0.02152 | hit_rate: 0.05550 | map: 0.01395
Sat 26 Apr 2025 22:32:43 INFO 20: precision: 0.00453 | recall: 0.05657 | ndcg: 0.02716 | hit_rate: 0.08383 | map: 0.01542
Sat 26 Apr 2025 22:33:14 INFO Epoch 23, Loss: 436.57436
Sat 26 Apr 2025 22:33:17 INFO Validation Metrics:
Sat 26 Apr 2025 22:33:17 INFO 5: precision: 0.00463 | recall: 0.02275 | ndcg: 0.01443 | hit_rate: 0.02307 | map: 0.01164
Sat 26 Apr 2025 22:33:17 INFO 10: precision: 0.00374 | recall: 0.03689 | ndcg: 0.01897 | hit_rate: 0.03735 | map: 0.01349
Sat 26 Apr 2025 22:33:17 INFO 20: precision: 0.00292 | recall: 0.05768 | ndcg: 0.02421 | hit_rate: 0.05821 | map: 0.01491
Sat 26 Apr 2025 22:33:17 INFO Test Metrics:
Sat 26 Apr 2025 22:33:17 INFO 5: precision: 0.00733 | recall: 0.02296 | ndcg: 0.01640 | hit_rate: 0.03519 | map: 0.01192
Sat 26 Apr 2025 22:33:17 INFO 10: precision: 0.00582 | recall: 0.03630 | ndcg: 0.02129 | hit_rate: 0.05511 | map: 0.01379
Sat 26 Apr 2025 22:33:17 INFO 20: precision: 0.00447 | recall: 0.05611 | ndcg: 0.02693 | hit_rate: 0.08311 | map: 0.01526
Sat 26 Apr 2025 22:33:50 INFO Epoch 24, Loss: 436.30078
Sat 26 Apr 2025 22:33:52 INFO Validation Metrics:
Sat 26 Apr 2025 22:33:52 INFO 5: precision: 0.00475 | recall: 0.02339 | ndcg: 0.01470 | hit_rate: 0.02368 | map: 0.01180
Sat 26 Apr 2025 22:33:52 INFO 10: precision: 0.00372 | recall: 0.03672 | ndcg: 0.01900 | hit_rate: 0.03718 | map: 0.01356
Sat 26 Apr 2025 22:33:52 INFO 20: precision: 0.00291 | recall: 0.05751 | ndcg: 0.02424 | hit_rate: 0.05810 | map: 0.01498
Sat 26 Apr 2025 22:33:52 INFO Test Metrics:
Sat 26 Apr 2025 22:33:52 INFO 5: precision: 0.00724 | recall: 0.02268 | ndcg: 0.01629 | hit_rate: 0.03497 | map: 0.01186
Sat 26 Apr 2025 22:33:52 INFO 10: precision: 0.00584 | recall: 0.03639 | ndcg: 0.02131 | hit_rate: 0.05522 | map: 0.01379
Sat 26 Apr 2025 22:33:52 INFO 20: precision: 0.00449 | recall: 0.05611 | ndcg: 0.02691 | hit_rate: 0.08333 | map: 0.01523
Sat 26 Apr 2025 22:34:25 INFO Epoch 25, Loss: 435.32917
Sat 26 Apr 2025 22:34:27 INFO Validation Metrics:
Sat 26 Apr 2025 22:34:27 INFO 5: precision: 0.00456 | recall: 0.02245 | ndcg: 0.01443 | hit_rate: 0.02274 | map: 0.01175
Sat 26 Apr 2025 22:34:27 INFO 10: precision: 0.00376 | recall: 0.03706 | ndcg: 0.01912 | hit_rate: 0.03752 | map: 0.01365
Sat 26 Apr 2025 22:34:27 INFO 20: precision: 0.00291 | recall: 0.05754 | ndcg: 0.02426 | hit_rate: 0.05810 | map: 0.01504
Sat 26 Apr 2025 22:34:27 INFO Test Metrics:
Sat 26 Apr 2025 22:34:27 INFO 5: precision: 0.00730 | recall: 0.02282 | ndcg: 0.01634 | hit_rate: 0.03536 | map: 0.01186
Sat 26 Apr 2025 22:34:27 INFO 10: precision: 0.00595 | recall: 0.03728 | ndcg: 0.02158 | hit_rate: 0.05633 | map: 0.01387
Sat 26 Apr 2025 22:34:27 INFO 20: precision: 0.00459 | recall: 0.05754 | ndcg: 0.02734 | hit_rate: 0.08527 | map: 0.01535
Sat 26 Apr 2025 22:34:58 INFO Epoch 26, Loss: 434.03830
Sat 26 Apr 2025 22:34:59 INFO Validation Metrics:
Sat 26 Apr 2025 22:34:59 INFO 5: precision: 0.00455 | recall: 0.02242 | ndcg: 0.01433 | hit_rate: 0.02269 | map: 0.01162
Sat 26 Apr 2025 22:34:59 INFO 10: precision: 0.00371 | recall: 0.03648 | ndcg: 0.01888 | hit_rate: 0.03696 | map: 0.01349
Sat 26 Apr 2025 22:34:59 INFO 20: precision: 0.00288 | recall: 0.05687 | ndcg: 0.02401 | hit_rate: 0.05744 | map: 0.01488
Sat 26 Apr 2025 22:34:59 INFO Test Metrics:
Sat 26 Apr 2025 22:34:59 INFO 5: precision: 0.00737 | recall: 0.02312 | ndcg: 0.01655 | hit_rate: 0.03575 | map: 0.01202
Sat 26 Apr 2025 22:34:59 INFO 10: precision: 0.00587 | recall: 0.03669 | ndcg: 0.02150 | hit_rate: 0.05544 | map: 0.01394
Sat 26 Apr 2025 22:34:59 INFO 20: precision: 0.00461 | recall: 0.05786 | ndcg: 0.02751 | hit_rate: 0.08544 | map: 0.01549
Sat 26 Apr 2025 22:35:21 INFO Epoch 27, Loss: 433.32565
Sat 26 Apr 2025 22:35:22 INFO Validation Metrics:
Sat 26 Apr 2025 22:35:22 INFO 5: precision: 0.00460 | recall: 0.02270 | ndcg: 0.01455 | hit_rate: 0.02296 | map: 0.01185
Sat 26 Apr 2025 22:35:22 INFO 10: precision: 0.00367 | recall: 0.03623 | ndcg: 0.01894 | hit_rate: 0.03663 | map: 0.01365
Sat 26 Apr 2025 22:35:22 INFO 20: precision: 0.00291 | recall: 0.05759 | ndcg: 0.02431 | hit_rate: 0.05816 | map: 0.01510
Sat 26 Apr 2025 22:35:22 INFO Test Metrics:
Sat 26 Apr 2025 22:35:22 INFO 5: precision: 0.00725 | recall: 0.02295 | ndcg: 0.01658 | hit_rate: 0.03514 | map: 0.01213
Sat 26 Apr 2025 22:35:22 INFO 10: precision: 0.00588 | recall: 0.03669 | ndcg: 0.02163 | hit_rate: 0.05583 | map: 0.01405
Sat 26 Apr 2025 22:35:22 INFO 20: precision: 0.00462 | recall: 0.05792 | ndcg: 0.02764 | hit_rate: 0.08577 | map: 0.01561
Sat 26 Apr 2025 22:35:45 INFO Epoch 28, Loss: 434.38243
Sat 26 Apr 2025 22:35:46 INFO Validation Metrics:
Sat 26 Apr 2025 22:35:46 INFO 5: precision: 0.00463 | recall: 0.02278 | ndcg: 0.01451 | hit_rate: 0.02307 | map: 0.01175
Sat 26 Apr 2025 22:35:46 INFO 10: precision: 0.00375 | recall: 0.03692 | ndcg: 0.01903 | hit_rate: 0.03741 | map: 0.01358
Sat 26 Apr 2025 22:35:46 INFO 20: precision: 0.00296 | recall: 0.05856 | ndcg: 0.02448 | hit_rate: 0.05915 | map: 0.01505
Sat 26 Apr 2025 22:35:46 INFO Test Metrics:
Sat 26 Apr 2025 22:35:46 INFO 5: precision: 0.00720 | recall: 0.02261 | ndcg: 0.01626 | hit_rate: 0.03481 | map: 0.01183
Sat 26 Apr 2025 22:35:46 INFO 10: precision: 0.00589 | recall: 0.03676 | ndcg: 0.02145 | hit_rate: 0.05600 | map: 0.01381
Sat 26 Apr 2025 22:35:46 INFO 20: precision: 0.00459 | recall: 0.05763 | ndcg: 0.02734 | hit_rate: 0.08538 | map: 0.01532
Sat 26 Apr 2025 22:36:09 INFO Epoch 29, Loss: 435.05665
Sat 26 Apr 2025 22:36:10 INFO Validation Metrics:
Sat 26 Apr 2025 22:36:10 INFO 5: precision: 0.00477 | recall: 0.02347 | ndcg: 0.01491 | hit_rate: 0.02379 | map: 0.01207
Sat 26 Apr 2025 22:36:10 INFO 10: precision: 0.00378 | recall: 0.03730 | ndcg: 0.01936 | hit_rate: 0.03779 | map: 0.01388
Sat 26 Apr 2025 22:36:10 INFO 20: precision: 0.00297 | recall: 0.05870 | ndcg: 0.02476 | hit_rate: 0.05926 | map: 0.01535
Sat 26 Apr 2025 22:36:10 INFO Test Metrics:
Sat 26 Apr 2025 22:36:10 INFO 5: precision: 0.00709 | recall: 0.02226 | ndcg: 0.01589 | hit_rate: 0.03431 | map: 0.01152
Sat 26 Apr 2025 22:36:10 INFO 10: precision: 0.00590 | recall: 0.03681 | ndcg: 0.02125 | hit_rate: 0.05578 | map: 0.01360
Sat 26 Apr 2025 22:36:10 INFO 20: precision: 0.00466 | recall: 0.05817 | ndcg: 0.02733 | hit_rate: 0.08665 | map: 0.01514
Sat 26 Apr 2025 22:36:32 INFO Epoch 30, Loss: 436.16365
Sat 26 Apr 2025 22:36:33 INFO Validation Metrics:
Sat 26 Apr 2025 22:36:33 INFO 5: precision: 0.00469 | recall: 0.02311 | ndcg: 0.01473 | hit_rate: 0.02341 | map: 0.01195
Sat 26 Apr 2025 22:36:33 INFO 10: precision: 0.00371 | recall: 0.03661 | ndcg: 0.01909 | hit_rate: 0.03707 | map: 0.01373
Sat 26 Apr 2025 22:36:33 INFO 20: precision: 0.00298 | recall: 0.05894 | ndcg: 0.02472 | hit_rate: 0.05954 | map: 0.01526
Sat 26 Apr 2025 22:36:33 INFO Test Metrics:
Sat 26 Apr 2025 22:36:33 INFO 5: precision: 0.00732 | recall: 0.02297 | ndcg: 0.01610 | hit_rate: 0.03519 | map: 0.01154
Sat 26 Apr 2025 22:36:33 INFO 10: precision: 0.00588 | recall: 0.03689 | ndcg: 0.02115 | hit_rate: 0.05578 | map: 0.01345
Sat 26 Apr 2025 22:36:33 INFO 20: precision: 0.00466 | recall: 0.05849 | ndcg: 0.02730 | hit_rate: 0.08638 | map: 0.01505
Sat 26 Apr 2025 22:36:56 INFO Epoch 31, Loss: 434.72357
Sat 26 Apr 2025 22:36:57 INFO Validation Metrics:
Sat 26 Apr 2025 22:36:57 INFO 5: precision: 0.00459 | recall: 0.02259 | ndcg: 0.01458 | hit_rate: 0.02291 | map: 0.01192
Sat 26 Apr 2025 22:36:57 INFO 10: precision: 0.00372 | recall: 0.03675 | ndcg: 0.01914 | hit_rate: 0.03718 | map: 0.01379
Sat 26 Apr 2025 22:36:57 INFO 20: precision: 0.00290 | recall: 0.05724 | ndcg: 0.02431 | hit_rate: 0.05788 | map: 0.01518
Sat 26 Apr 2025 22:36:57 INFO Test Metrics:
Sat 26 Apr 2025 22:36:57 INFO 5: precision: 0.00724 | recall: 0.02285 | ndcg: 0.01621 | hit_rate: 0.03497 | map: 0.01173
Sat 26 Apr 2025 22:36:57 INFO 10: precision: 0.00583 | recall: 0.03643 | ndcg: 0.02118 | hit_rate: 0.05517 | map: 0.01364
Sat 26 Apr 2025 22:36:57 INFO 20: precision: 0.00463 | recall: 0.05805 | ndcg: 0.02734 | hit_rate: 0.08621 | map: 0.01522
Sat 26 Apr 2025 22:37:20 INFO Epoch 32, Loss: 434.14515
Sat 26 Apr 2025 22:37:21 INFO Validation Metrics:
Sat 26 Apr 2025 22:37:21 INFO 5: precision: 0.00464 | recall: 0.02285 | ndcg: 0.01465 | hit_rate: 0.02313 | map: 0.01193
Sat 26 Apr 2025 22:37:21 INFO 10: precision: 0.00375 | recall: 0.03694 | ndcg: 0.01922 | hit_rate: 0.03741 | map: 0.01381
Sat 26 Apr 2025 22:37:21 INFO 20: precision: 0.00295 | recall: 0.05841 | ndcg: 0.02464 | hit_rate: 0.05899 | map: 0.01528
Sat 26 Apr 2025 22:37:21 INFO Test Metrics:
Sat 26 Apr 2025 22:37:21 INFO 5: precision: 0.00727 | recall: 0.02284 | ndcg: 0.01634 | hit_rate: 0.03514 | map: 0.01188
Sat 26 Apr 2025 22:37:21 INFO 10: precision: 0.00589 | recall: 0.03657 | ndcg: 0.02139 | hit_rate: 0.05561 | map: 0.01381
Sat 26 Apr 2025 22:37:21 INFO 20: precision: 0.00466 | recall: 0.05828 | ndcg: 0.02755 | hit_rate: 0.08671 | map: 0.01540
Sat 26 Apr 2025 22:37:43 INFO Epoch 33, Loss: 433.42095
Sat 26 Apr 2025 22:37:44 INFO Validation Metrics:
Sat 26 Apr 2025 22:37:44 INFO 5: precision: 0.00480 | recall: 0.02361 | ndcg: 0.01521 | hit_rate: 0.02396 | map: 0.01241
Sat 26 Apr 2025 22:37:44 INFO 10: precision: 0.00383 | recall: 0.03775 | ndcg: 0.01976 | hit_rate: 0.03824 | map: 0.01427
Sat 26 Apr 2025 22:37:44 INFO 20: precision: 0.00295 | recall: 0.05844 | ndcg: 0.02496 | hit_rate: 0.05904 | map: 0.01567
Sat 26 Apr 2025 22:37:44 INFO Test Metrics:
Sat 26 Apr 2025 22:37:44 INFO 5: precision: 0.00719 | recall: 0.02263 | ndcg: 0.01622 | hit_rate: 0.03453 | map: 0.01184
Sat 26 Apr 2025 22:37:44 INFO 10: precision: 0.00588 | recall: 0.03662 | ndcg: 0.02134 | hit_rate: 0.05550 | map: 0.01378
Sat 26 Apr 2025 22:37:44 INFO 20: precision: 0.00468 | recall: 0.05856 | ndcg: 0.02762 | hit_rate: 0.08671 | map: 0.01543
Sat 26 Apr 2025 22:38:06 INFO Epoch 34, Loss: 432.10578
Sat 26 Apr 2025 22:38:07 INFO Validation Metrics:
Sat 26 Apr 2025 22:38:07 INFO 5: precision: 0.00476 | recall: 0.02342 | ndcg: 0.01513 | hit_rate: 0.02374 | map: 0.01239
Sat 26 Apr 2025 22:38:07 INFO 10: precision: 0.00376 | recall: 0.03708 | ndcg: 0.01957 | hit_rate: 0.03757 | map: 0.01422
Sat 26 Apr 2025 22:38:07 INFO 20: precision: 0.00295 | recall: 0.05833 | ndcg: 0.02492 | hit_rate: 0.05888 | map: 0.01567
Sat 26 Apr 2025 22:38:07 INFO Test Metrics:
Sat 26 Apr 2025 22:38:07 INFO 5: precision: 0.00718 | recall: 0.02267 | ndcg: 0.01602 | hit_rate: 0.03447 | map: 0.01158
Sat 26 Apr 2025 22:38:07 INFO 10: precision: 0.00595 | recall: 0.03703 | ndcg: 0.02129 | hit_rate: 0.05622 | map: 0.01358
Sat 26 Apr 2025 22:38:07 INFO 20: precision: 0.00470 | recall: 0.05898 | ndcg: 0.02752 | hit_rate: 0.08726 | map: 0.01519
Sat 26 Apr 2025 22:38:29 INFO Epoch 35, Loss: 431.01208
Sat 26 Apr 2025 22:38:30 INFO Validation Metrics:
Sat 26 Apr 2025 22:38:30 INFO 5: precision: 0.00478 | recall: 0.02355 | ndcg: 0.01496 | hit_rate: 0.02385 | map: 0.01210
Sat 26 Apr 2025 22:38:30 INFO 10: precision: 0.00374 | recall: 0.03683 | ndcg: 0.01920 | hit_rate: 0.03730 | map: 0.01381
Sat 26 Apr 2025 22:38:30 INFO 20: precision: 0.00293 | recall: 0.05805 | ndcg: 0.02454 | hit_rate: 0.05860 | map: 0.01526
Sat 26 Apr 2025 22:38:30 INFO Test Metrics:
Sat 26 Apr 2025 22:38:30 INFO 5: precision: 0.00726 | recall: 0.02293 | ndcg: 0.01628 | hit_rate: 0.03519 | map: 0.01177
Sat 26 Apr 2025 22:38:30 INFO 10: precision: 0.00593 | recall: 0.03708 | ndcg: 0.02145 | hit_rate: 0.05600 | map: 0.01376
Sat 26 Apr 2025 22:38:30 INFO 20: precision: 0.00468 | recall: 0.05895 | ndcg: 0.02767 | hit_rate: 0.08699 | map: 0.01538
Sat 26 Apr 2025 22:38:53 INFO Epoch 36, Loss: 430.29426
Sat 26 Apr 2025 22:38:54 INFO Validation Metrics:
Sat 26 Apr 2025 22:38:54 INFO 5: precision: 0.00468 | recall: 0.02306 | ndcg: 0.01464 | hit_rate: 0.02335 | map: 0.01184
Sat 26 Apr 2025 22:38:54 INFO 10: precision: 0.00373 | recall: 0.03681 | ndcg: 0.01906 | hit_rate: 0.03724 | map: 0.01363
Sat 26 Apr 2025 22:38:54 INFO 20: precision: 0.00298 | recall: 0.05902 | ndcg: 0.02462 | hit_rate: 0.05959 | map: 0.01513
Sat 26 Apr 2025 22:38:54 INFO Test Metrics:
Sat 26 Apr 2025 22:38:54 INFO 5: precision: 0.00715 | recall: 0.02262 | ndcg: 0.01606 | hit_rate: 0.03453 | map: 0.01164
Sat 26 Apr 2025 22:38:54 INFO 10: precision: 0.00589 | recall: 0.03681 | ndcg: 0.02127 | hit_rate: 0.05572 | map: 0.01363
Sat 26 Apr 2025 22:38:54 INFO 20: precision: 0.00469 | recall: 0.05926 | ndcg: 0.02761 | hit_rate: 0.08726 | map: 0.01527
Sat 26 Apr 2025 22:39:17 INFO Epoch 37, Loss: 428.15120
Sat 26 Apr 2025 22:39:18 INFO Validation Metrics:
Sat 26 Apr 2025 22:39:18 INFO 5: precision: 0.00464 | recall: 0.02283 | ndcg: 0.01470 | hit_rate: 0.02313 | map: 0.01199
Sat 26 Apr 2025 22:39:18 INFO 10: precision: 0.00372 | recall: 0.03672 | ndcg: 0.01918 | hit_rate: 0.03718 | map: 0.01382
Sat 26 Apr 2025 22:39:18 INFO 20: precision: 0.00295 | recall: 0.05833 | ndcg: 0.02460 | hit_rate: 0.05888 | map: 0.01528
Sat 26 Apr 2025 22:39:18 INFO Test Metrics:
Sat 26 Apr 2025 22:39:18 INFO 5: precision: 0.00702 | recall: 0.02208 | ndcg: 0.01581 | hit_rate: 0.03403 | map: 0.01151
Sat 26 Apr 2025 22:39:18 INFO 10: precision: 0.00582 | recall: 0.03633 | ndcg: 0.02101 | hit_rate: 0.05495 | map: 0.01350
Sat 26 Apr 2025 22:39:18 INFO 20: precision: 0.00463 | recall: 0.05817 | ndcg: 0.02722 | hit_rate: 0.08632 | map: 0.01510
Sat 26 Apr 2025 22:39:41 INFO Epoch 38, Loss: 428.35267
Sat 26 Apr 2025 22:39:42 INFO Validation Metrics:
Sat 26 Apr 2025 22:39:42 INFO 5: precision: 0.00463 | recall: 0.02281 | ndcg: 0.01500 | hit_rate: 0.02307 | map: 0.01239
Sat 26 Apr 2025 22:39:42 INFO 10: precision: 0.00377 | recall: 0.03722 | ndcg: 0.01967 | hit_rate: 0.03763 | map: 0.01431
Sat 26 Apr 2025 22:39:42 INFO 20: precision: 0.00297 | recall: 0.05877 | ndcg: 0.02510 | hit_rate: 0.05937 | map: 0.01579
Sat 26 Apr 2025 22:39:42 INFO Test Metrics:
Sat 26 Apr 2025 22:39:42 INFO 5: precision: 0.00698 | recall: 0.02210 | ndcg: 0.01593 | hit_rate: 0.03381 | map: 0.01165
Sat 26 Apr 2025 22:39:42 INFO 10: precision: 0.00583 | recall: 0.03629 | ndcg: 0.02113 | hit_rate: 0.05500 | map: 0.01364
Sat 26 Apr 2025 22:39:42 INFO 20: precision: 0.00468 | recall: 0.05901 | ndcg: 0.02757 | hit_rate: 0.08732 | map: 0.01530
Sat 26 Apr 2025 22:40:06 INFO Epoch 39, Loss: 426.43222
Sat 26 Apr 2025 22:40:07 INFO Validation Metrics:
Sat 26 Apr 2025 22:40:07 INFO 5: precision: 0.00476 | recall: 0.02347 | ndcg: 0.01494 | hit_rate: 0.02374 | map: 0.01210
Sat 26 Apr 2025 22:40:07 INFO 10: precision: 0.00375 | recall: 0.03700 | ndcg: 0.01925 | hit_rate: 0.03741 | map: 0.01383
Sat 26 Apr 2025 22:40:07 INFO 20: precision: 0.00294 | recall: 0.05811 | ndcg: 0.02459 | hit_rate: 0.05871 | map: 0.01529
Sat 26 Apr 2025 22:40:07 INFO Test Metrics:
Sat 26 Apr 2025 22:40:07 INFO 5: precision: 0.00687 | recall: 0.02152 | ndcg: 0.01575 | hit_rate: 0.03331 | map: 0.01159
Sat 26 Apr 2025 22:40:07 INFO 10: precision: 0.00588 | recall: 0.03687 | ndcg: 0.02131 | hit_rate: 0.05583 | map: 0.01370
Sat 26 Apr 2025 22:40:07 INFO 20: precision: 0.00461 | recall: 0.05796 | ndcg: 0.02732 | hit_rate: 0.08588 | map: 0.01527
Sat 26 Apr 2025 22:40:29 INFO Epoch 40, Loss: 427.42492
Sat 26 Apr 2025 22:40:30 INFO Validation Metrics:
Sat 26 Apr 2025 22:40:30 INFO 5: precision: 0.00464 | recall: 0.02286 | ndcg: 0.01452 | hit_rate: 0.02313 | map: 0.01176
Sat 26 Apr 2025 22:40:30 INFO 10: precision: 0.00371 | recall: 0.03661 | ndcg: 0.01895 | hit_rate: 0.03702 | map: 0.01356
Sat 26 Apr 2025 22:40:30 INFO 20: precision: 0.00295 | recall: 0.05837 | ndcg: 0.02444 | hit_rate: 0.05893 | map: 0.01506
Sat 26 Apr 2025 22:40:30 INFO Test Metrics:
Sat 26 Apr 2025 22:40:30 INFO 5: precision: 0.00689 | recall: 0.02156 | ndcg: 0.01578 | hit_rate: 0.03331 | map: 0.01161
Sat 26 Apr 2025 22:40:30 INFO 10: precision: 0.00578 | recall: 0.03635 | ndcg: 0.02112 | hit_rate: 0.05506 | map: 0.01363
Sat 26 Apr 2025 22:40:30 INFO 20: precision: 0.00463 | recall: 0.05818 | ndcg: 0.02735 | hit_rate: 0.08610 | map: 0.01526
Sat 26 Apr 2025 22:40:51 INFO Epoch 41, Loss: 426.39746
Sat 26 Apr 2025 22:40:52 INFO Validation Metrics:
Sat 26 Apr 2025 22:40:52 INFO 5: precision: 0.00474 | recall: 0.02338 | ndcg: 0.01479 | hit_rate: 0.02363 | map: 0.01195
Sat 26 Apr 2025 22:40:52 INFO 10: precision: 0.00374 | recall: 0.03683 | ndcg: 0.01911 | hit_rate: 0.03730 | map: 0.01369
Sat 26 Apr 2025 22:40:52 INFO 20: precision: 0.00293 | recall: 0.05778 | ndcg: 0.02440 | hit_rate: 0.05849 | map: 0.01514
Sat 26 Apr 2025 22:40:52 INFO Test Metrics:
Sat 26 Apr 2025 22:40:52 INFO 5: precision: 0.00692 | recall: 0.02185 | ndcg: 0.01608 | hit_rate: 0.03342 | map: 0.01190
Sat 26 Apr 2025 22:40:52 INFO 10: precision: 0.00579 | recall: 0.03637 | ndcg: 0.02134 | hit_rate: 0.05522 | map: 0.01387
Sat 26 Apr 2025 22:40:52 INFO 20: precision: 0.00467 | recall: 0.05836 | ndcg: 0.02765 | hit_rate: 0.08693 | map: 0.01551
Sat 26 Apr 2025 22:41:15 INFO Epoch 42, Loss: 428.09481
Sat 26 Apr 2025 22:41:16 INFO Validation Metrics:
Sat 26 Apr 2025 22:41:16 INFO 5: precision: 0.00471 | recall: 0.02330 | ndcg: 0.01473 | hit_rate: 0.02352 | map: 0.01190
Sat 26 Apr 2025 22:41:16 INFO 10: precision: 0.00370 | recall: 0.03653 | ndcg: 0.01901 | hit_rate: 0.03696 | map: 0.01365
Sat 26 Apr 2025 22:41:16 INFO 20: precision: 0.00297 | recall: 0.05866 | ndcg: 0.02459 | hit_rate: 0.05926 | map: 0.01516
Sat 26 Apr 2025 22:41:16 INFO Test Metrics:
Sat 26 Apr 2025 22:41:16 INFO 5: precision: 0.00719 | recall: 0.02277 | ndcg: 0.01620 | hit_rate: 0.03464 | map: 0.01182
Sat 26 Apr 2025 22:41:16 INFO 10: precision: 0.00571 | recall: 0.03600 | ndcg: 0.02097 | hit_rate: 0.05406 | map: 0.01362
Sat 26 Apr 2025 22:41:16 INFO 20: precision: 0.00464 | recall: 0.05826 | ndcg: 0.02734 | hit_rate: 0.08649 | map: 0.01525
Sat 26 Apr 2025 22:41:38 INFO Epoch 43, Loss: 430.91365
Sat 26 Apr 2025 22:41:39 INFO Validation Metrics:
Sat 26 Apr 2025 22:41:39 INFO 5: precision: 0.00474 | recall: 0.02341 | ndcg: 0.01499 | hit_rate: 0.02363 | map: 0.01219
Sat 26 Apr 2025 22:41:39 INFO 10: precision: 0.00368 | recall: 0.03634 | ndcg: 0.01916 | hit_rate: 0.03674 | map: 0.01390
Sat 26 Apr 2025 22:41:39 INFO 20: precision: 0.00295 | recall: 0.05825 | ndcg: 0.02469 | hit_rate: 0.05888 | map: 0.01540
Sat 26 Apr 2025 22:41:39 INFO Test Metrics:
Sat 26 Apr 2025 22:41:39 INFO 5: precision: 0.00704 | recall: 0.02200 | ndcg: 0.01594 | hit_rate: 0.03392 | map: 0.01166
Sat 26 Apr 2025 22:41:39 INFO 10: precision: 0.00575 | recall: 0.03610 | ndcg: 0.02105 | hit_rate: 0.05467 | map: 0.01361
Sat 26 Apr 2025 22:41:39 INFO 20: precision: 0.00473 | recall: 0.05933 | ndcg: 0.02766 | hit_rate: 0.08793 | map: 0.01531
Sat 26 Apr 2025 22:42:01 INFO Epoch 44, Loss: 427.61511
Sat 26 Apr 2025 22:42:02 INFO Validation Metrics:
Sat 26 Apr 2025 22:42:02 INFO 5: precision: 0.00474 | recall: 0.02341 | ndcg: 0.01484 | hit_rate: 0.02363 | map: 0.01200
Sat 26 Apr 2025 22:42:02 INFO 10: precision: 0.00373 | recall: 0.03681 | ndcg: 0.01911 | hit_rate: 0.03724 | map: 0.01371
Sat 26 Apr 2025 22:42:02 INFO 20: precision: 0.00294 | recall: 0.05825 | ndcg: 0.02449 | hit_rate: 0.05876 | map: 0.01516
Sat 26 Apr 2025 22:42:02 INFO Test Metrics:
Sat 26 Apr 2025 22:42:02 INFO 5: precision: 0.00715 | recall: 0.02252 | ndcg: 0.01608 | hit_rate: 0.03447 | map: 0.01170
Sat 26 Apr 2025 22:42:02 INFO 10: precision: 0.00580 | recall: 0.03630 | ndcg: 0.02110 | hit_rate: 0.05528 | map: 0.01358
Sat 26 Apr 2025 22:42:02 INFO 20: precision: 0.00466 | recall: 0.05828 | ndcg: 0.02740 | hit_rate: 0.08654 | map: 0.01524
Sat 26 Apr 2025 22:42:24 INFO Epoch 45, Loss: 427.18213
Sat 26 Apr 2025 22:42:25 INFO Validation Metrics:
Sat 26 Apr 2025 22:42:25 INFO 5: precision: 0.00452 | recall: 0.02225 | ndcg: 0.01438 | hit_rate: 0.02252 | map: 0.01176
Sat 26 Apr 2025 22:42:25 INFO 10: precision: 0.00371 | recall: 0.03667 | ndcg: 0.01903 | hit_rate: 0.03707 | map: 0.01366
Sat 26 Apr 2025 22:42:25 INFO 20: precision: 0.00292 | recall: 0.05775 | ndcg: 0.02432 | hit_rate: 0.05832 | map: 0.01508
Sat 26 Apr 2025 22:42:25 INFO Test Metrics:
Sat 26 Apr 2025 22:42:25 INFO 5: precision: 0.00714 | recall: 0.02234 | ndcg: 0.01611 | hit_rate: 0.03469 | map: 0.01175
Sat 26 Apr 2025 22:42:25 INFO 10: precision: 0.00588 | recall: 0.03684 | ndcg: 0.02137 | hit_rate: 0.05600 | map: 0.01376
Sat 26 Apr 2025 22:42:25 INFO 20: precision: 0.00466 | recall: 0.05825 | ndcg: 0.02747 | hit_rate: 0.08654 | map: 0.01534
Sat 26 Apr 2025 22:42:48 INFO Epoch 46, Loss: 427.71983
Sat 26 Apr 2025 22:42:49 INFO Validation Metrics:
Sat 26 Apr 2025 22:42:49 INFO 5: precision: 0.00466 | recall: 0.02297 | ndcg: 0.01455 | hit_rate: 0.02324 | map: 0.01174
Sat 26 Apr 2025 22:42:49 INFO 10: precision: 0.00366 | recall: 0.03617 | ndcg: 0.01879 | hit_rate: 0.03658 | map: 0.01347
Sat 26 Apr 2025 22:42:49 INFO 20: precision: 0.00296 | recall: 0.05864 | ndcg: 0.02445 | hit_rate: 0.05921 | map: 0.01500
Sat 26 Apr 2025 22:42:49 INFO Test Metrics:
Sat 26 Apr 2025 22:42:49 INFO 5: precision: 0.00698 | recall: 0.02209 | ndcg: 0.01609 | hit_rate: 0.03386 | map: 0.01184
Sat 26 Apr 2025 22:42:49 INFO 10: precision: 0.00587 | recall: 0.03673 | ndcg: 0.02143 | hit_rate: 0.05578 | map: 0.01387
Sat 26 Apr 2025 22:42:49 INFO 20: precision: 0.00466 | recall: 0.05818 | ndcg: 0.02758 | hit_rate: 0.08643 | map: 0.01547
Sat 26 Apr 2025 22:43:12 INFO Epoch 47, Loss: 429.44619
Sat 26 Apr 2025 22:43:13 INFO Validation Metrics:
Sat 26 Apr 2025 22:43:13 INFO 5: precision: 0.00471 | recall: 0.02330 | ndcg: 0.01492 | hit_rate: 0.02352 | map: 0.01213
Sat 26 Apr 2025 22:43:13 INFO 10: precision: 0.00378 | recall: 0.03733 | ndcg: 0.01941 | hit_rate: 0.03779 | map: 0.01395
Sat 26 Apr 2025 22:43:13 INFO 20: precision: 0.00291 | recall: 0.05747 | ndcg: 0.02448 | hit_rate: 0.05805 | map: 0.01532
Sat 26 Apr 2025 22:43:13 INFO Test Metrics:
Sat 26 Apr 2025 22:43:13 INFO 5: precision: 0.00698 | recall: 0.02185 | ndcg: 0.01589 | hit_rate: 0.03392 | map: 0.01165
Sat 26 Apr 2025 22:43:13 INFO 10: precision: 0.00586 | recall: 0.03659 | ndcg: 0.02127 | hit_rate: 0.05561 | map: 0.01371
Sat 26 Apr 2025 22:43:13 INFO 20: precision: 0.00471 | recall: 0.05888 | ndcg: 0.02763 | hit_rate: 0.08765 | map: 0.01535
Sat 26 Apr 2025 22:43:36 INFO Epoch 48, Loss: 425.93896
Sat 26 Apr 2025 22:43:37 INFO Validation Metrics:
Sat 26 Apr 2025 22:43:37 INFO 5: precision: 0.00465 | recall: 0.02292 | ndcg: 0.01462 | hit_rate: 0.02319 | map: 0.01185
Sat 26 Apr 2025 22:43:37 INFO 10: precision: 0.00381 | recall: 0.03766 | ndcg: 0.01935 | hit_rate: 0.03801 | map: 0.01377
Sat 26 Apr 2025 22:43:37 INFO 20: precision: 0.00295 | recall: 0.05830 | ndcg: 0.02454 | hit_rate: 0.05888 | map: 0.01517
Sat 26 Apr 2025 22:43:37 INFO Test Metrics:
Sat 26 Apr 2025 22:43:37 INFO 5: precision: 0.00709 | recall: 0.02237 | ndcg: 0.01613 | hit_rate: 0.03447 | map: 0.01180
Sat 26 Apr 2025 22:43:37 INFO 10: precision: 0.00578 | recall: 0.03608 | ndcg: 0.02114 | hit_rate: 0.05506 | map: 0.01370
Sat 26 Apr 2025 22:43:37 INFO 20: precision: 0.00469 | recall: 0.05878 | ndcg: 0.02761 | hit_rate: 0.08721 | map: 0.01539
Sat 26 Apr 2025 22:44:00 INFO Epoch 49, Loss: 424.93710
Sat 26 Apr 2025 22:44:01 INFO Validation Metrics:
Sat 26 Apr 2025 22:44:01 INFO 5: precision: 0.00470 | recall: 0.02319 | ndcg: 0.01461 | hit_rate: 0.02346 | map: 0.01175
Sat 26 Apr 2025 22:44:01 INFO 10: precision: 0.00384 | recall: 0.03794 | ndcg: 0.01935 | hit_rate: 0.03835 | map: 0.01369
Sat 26 Apr 2025 22:44:01 INFO 20: precision: 0.00294 | recall: 0.05811 | ndcg: 0.02441 | hit_rate: 0.05871 | map: 0.01505
Sat 26 Apr 2025 22:44:01 INFO Test Metrics:
Sat 26 Apr 2025 22:44:01 INFO 5: precision: 0.00725 | recall: 0.02267 | ndcg: 0.01639 | hit_rate: 0.03503 | map: 0.01202
Sat 26 Apr 2025 22:44:01 INFO 10: precision: 0.00583 | recall: 0.03641 | ndcg: 0.02140 | hit_rate: 0.05561 | map: 0.01391
Sat 26 Apr 2025 22:44:01 INFO 20: precision: 0.00467 | recall: 0.05859 | ndcg: 0.02771 | hit_rate: 0.08676 | map: 0.01557
Sat 26 Apr 2025 22:44:24 INFO Epoch 50, Loss: 423.32365
Sat 26 Apr 2025 22:44:25 INFO Validation Metrics:
Sat 26 Apr 2025 22:44:25 INFO 5: precision: 0.00465 | recall: 0.02292 | ndcg: 0.01461 | hit_rate: 0.02319 | map: 0.01184
Sat 26 Apr 2025 22:44:25 INFO 10: precision: 0.00378 | recall: 0.03739 | ndcg: 0.01925 | hit_rate: 0.03779 | map: 0.01372
Sat 26 Apr 2025 22:44:25 INFO 20: precision: 0.00294 | recall: 0.05822 | ndcg: 0.02451 | hit_rate: 0.05876 | map: 0.01516
Sat 26 Apr 2025 22:44:25 INFO Test Metrics:
Sat 26 Apr 2025 22:44:25 INFO 5: precision: 0.00715 | recall: 0.02252 | ndcg: 0.01636 | hit_rate: 0.03464 | map: 0.01201
Sat 26 Apr 2025 22:44:25 INFO 10: precision: 0.00592 | recall: 0.03705 | ndcg: 0.02163 | hit_rate: 0.05611 | map: 0.01401
Sat 26 Apr 2025 22:44:25 INFO 20: precision: 0.00468 | recall: 0.05876 | ndcg: 0.02781 | hit_rate: 0.08682 | map: 0.01561
Sat 26 Apr 2025 22:44:48 INFO Epoch 51, Loss: 423.97714
Sat 26 Apr 2025 22:44:49 INFO Validation Metrics:
Sat 26 Apr 2025 22:44:49 INFO 5: precision: 0.00470 | recall: 0.02319 | ndcg: 0.01465 | hit_rate: 0.02346 | map: 0.01179
Sat 26 Apr 2025 22:44:49 INFO 10: precision: 0.00379 | recall: 0.03747 | ndcg: 0.01923 | hit_rate: 0.03785 | map: 0.01365
Sat 26 Apr 2025 22:44:49 INFO 20: precision: 0.00293 | recall: 0.05800 | ndcg: 0.02443 | hit_rate: 0.05854 | map: 0.01507
Sat 26 Apr 2025 22:44:49 INFO Test Metrics:
Sat 26 Apr 2025 22:44:49 INFO 5: precision: 0.00712 | recall: 0.02261 | ndcg: 0.01634 | hit_rate: 0.03447 | map: 0.01201
Sat 26 Apr 2025 22:44:49 INFO 10: precision: 0.00593 | recall: 0.03717 | ndcg: 0.02166 | hit_rate: 0.05650 | map: 0.01401
Sat 26 Apr 2025 22:44:49 INFO 20: precision: 0.00473 | recall: 0.05943 | ndcg: 0.02796 | hit_rate: 0.08765 | map: 0.01565
Sat 26 Apr 2025 22:45:12 INFO Epoch 52, Loss: 423.09906
Sat 26 Apr 2025 22:45:12 INFO Validation Metrics:
Sat 26 Apr 2025 22:45:12 INFO 5: precision: 0.00471 | recall: 0.02322 | ndcg: 0.01445 | hit_rate: 0.02352 | map: 0.01151
Sat 26 Apr 2025 22:45:12 INFO 10: precision: 0.00373 | recall: 0.03682 | ndcg: 0.01883 | hit_rate: 0.03718 | map: 0.01331
Sat 26 Apr 2025 22:45:12 INFO 20: precision: 0.00294 | recall: 0.05804 | ndcg: 0.02417 | hit_rate: 0.05860 | map: 0.01475
Sat 26 Apr 2025 22:45:12 INFO Test Metrics:
Sat 26 Apr 2025 22:45:12 INFO 5: precision: 0.00717 | recall: 0.02245 | ndcg: 0.01614 | hit_rate: 0.03469 | map: 0.01177
Sat 26 Apr 2025 22:45:12 INFO 10: precision: 0.00586 | recall: 0.03663 | ndcg: 0.02131 | hit_rate: 0.05589 | map: 0.01373
Sat 26 Apr 2025 22:45:12 INFO 20: precision: 0.00470 | recall: 0.05890 | ndcg: 0.02765 | hit_rate: 0.08710 | map: 0.01539
Sat 26 Apr 2025 22:45:36 INFO Epoch 53, Loss: 421.79844
Sat 26 Apr 2025 22:45:37 INFO Validation Metrics:
Sat 26 Apr 2025 22:45:37 INFO 5: precision: 0.00477 | recall: 0.02350 | ndcg: 0.01477 | hit_rate: 0.02379 | map: 0.01185
Sat 26 Apr 2025 22:45:37 INFO 10: precision: 0.00382 | recall: 0.03775 | ndcg: 0.01931 | hit_rate: 0.03813 | map: 0.01369
Sat 26 Apr 2025 22:45:37 INFO 20: precision: 0.00296 | recall: 0.05847 | ndcg: 0.02453 | hit_rate: 0.05910 | map: 0.01510
Sat 26 Apr 2025 22:45:37 INFO Test Metrics:
Sat 26 Apr 2025 22:45:37 INFO 5: precision: 0.00713 | recall: 0.02263 | ndcg: 0.01606 | hit_rate: 0.03436 | map: 0.01167
Sat 26 Apr 2025 22:45:37 INFO 10: precision: 0.00585 | recall: 0.03677 | ndcg: 0.02125 | hit_rate: 0.05561 | map: 0.01364
Sat 26 Apr 2025 22:45:37 INFO 20: precision: 0.00465 | recall: 0.05824 | ndcg: 0.02738 | hit_rate: 0.08627 | map: 0.01523
Sat 26 Apr 2025 22:46:01 INFO Epoch 54, Loss: 421.53480
Sat 26 Apr 2025 22:46:02 INFO Validation Metrics:
Sat 26 Apr 2025 22:46:02 INFO 5: precision: 0.00470 | recall: 0.02319 | ndcg: 0.01464 | hit_rate: 0.02346 | map: 0.01180
Sat 26 Apr 2025 22:46:02 INFO 10: precision: 0.00376 | recall: 0.03714 | ndcg: 0.01912 | hit_rate: 0.03752 | map: 0.01362
Sat 26 Apr 2025 22:46:02 INFO 20: precision: 0.00292 | recall: 0.05761 | ndcg: 0.02430 | hit_rate: 0.05821 | map: 0.01503
Sat 26 Apr 2025 22:46:02 INFO Test Metrics:
Sat 26 Apr 2025 22:46:02 INFO 5: precision: 0.00710 | recall: 0.02240 | ndcg: 0.01608 | hit_rate: 0.03431 | map: 0.01173
Sat 26 Apr 2025 22:46:02 INFO 10: precision: 0.00585 | recall: 0.03649 | ndcg: 0.02120 | hit_rate: 0.05567 | map: 0.01364
Sat 26 Apr 2025 22:46:02 INFO 20: precision: 0.00468 | recall: 0.05839 | ndcg: 0.02745 | hit_rate: 0.08671 | map: 0.01526
Sat 26 Apr 2025 22:46:25 INFO Epoch 55, Loss: 420.93439
Sat 26 Apr 2025 22:46:26 INFO Validation Metrics:
Sat 26 Apr 2025 22:46:26 INFO 5: precision: 0.00476 | recall: 0.02347 | ndcg: 0.01478 | hit_rate: 0.02374 | map: 0.01189
Sat 26 Apr 2025 22:46:26 INFO 10: precision: 0.00378 | recall: 0.03736 | ndcg: 0.01923 | hit_rate: 0.03774 | map: 0.01370
Sat 26 Apr 2025 22:46:26 INFO 20: precision: 0.00292 | recall: 0.05786 | ndcg: 0.02440 | hit_rate: 0.05838 | map: 0.01511
Sat 26 Apr 2025 22:46:26 INFO Test Metrics:
Sat 26 Apr 2025 22:46:26 INFO 5: precision: 0.00702 | recall: 0.02230 | ndcg: 0.01595 | hit_rate: 0.03386 | map: 0.01167
Sat 26 Apr 2025 22:46:26 INFO 10: precision: 0.00582 | recall: 0.03629 | ndcg: 0.02109 | hit_rate: 0.05511 | map: 0.01362
Sat 26 Apr 2025 22:46:26 INFO 20: precision: 0.00469 | recall: 0.05871 | ndcg: 0.02745 | hit_rate: 0.08710 | map: 0.01525
Sat 26 Apr 2025 22:46:49 INFO Epoch 56, Loss: 421.27168
Sat 26 Apr 2025 22:46:50 INFO Validation Metrics:
Sat 26 Apr 2025 22:46:50 INFO 5: precision: 0.00484 | recall: 0.02386 | ndcg: 0.01494 | hit_rate: 0.02413 | map: 0.01198
Sat 26 Apr 2025 22:46:50 INFO 10: precision: 0.00372 | recall: 0.03672 | ndcg: 0.01908 | hit_rate: 0.03713 | map: 0.01367
Sat 26 Apr 2025 22:46:50 INFO 20: precision: 0.00291 | recall: 0.05752 | ndcg: 0.02435 | hit_rate: 0.05810 | map: 0.01511
Sat 26 Apr 2025 22:46:50 INFO Test Metrics:
Sat 26 Apr 2025 22:46:50 INFO 5: precision: 0.00713 | recall: 0.02250 | ndcg: 0.01593 | hit_rate: 0.03442 | map: 0.01154
Sat 26 Apr 2025 22:46:50 INFO 10: precision: 0.00578 | recall: 0.03626 | ndcg: 0.02095 | hit_rate: 0.05473 | map: 0.01346
Sat 26 Apr 2025 22:46:50 INFO 20: precision: 0.00471 | recall: 0.05912 | ndcg: 0.02744 | hit_rate: 0.08776 | map: 0.01511
Sat 26 Apr 2025 22:47:13 INFO Epoch 57, Loss: 420.86416
Sat 26 Apr 2025 22:47:14 INFO Validation Metrics:
Sat 26 Apr 2025 22:47:14 INFO 5: precision: 0.00461 | recall: 0.02275 | ndcg: 0.01460 | hit_rate: 0.02302 | map: 0.01189
Sat 26 Apr 2025 22:47:14 INFO 10: precision: 0.00371 | recall: 0.03670 | ndcg: 0.01908 | hit_rate: 0.03707 | map: 0.01371
Sat 26 Apr 2025 22:47:14 INFO 20: precision: 0.00295 | recall: 0.05832 | ndcg: 0.02456 | hit_rate: 0.05893 | map: 0.01521
Sat 26 Apr 2025 22:47:14 INFO Test Metrics:
Sat 26 Apr 2025 22:47:14 INFO 5: precision: 0.00706 | recall: 0.02229 | ndcg: 0.01581 | hit_rate: 0.03403 | map: 0.01146
Sat 26 Apr 2025 22:47:14 INFO 10: precision: 0.00581 | recall: 0.03656 | ndcg: 0.02099 | hit_rate: 0.05533 | map: 0.01342
Sat 26 Apr 2025 22:47:14 INFO 20: precision: 0.00468 | recall: 0.05849 | ndcg: 0.02725 | hit_rate: 0.08715 | map: 0.01502
Sat 26 Apr 2025 22:47:37 INFO Epoch 58, Loss: 421.71230
Sat 26 Apr 2025 22:47:38 INFO Validation Metrics:
Sat 26 Apr 2025 22:47:38 INFO 5: precision: 0.00469 | recall: 0.02317 | ndcg: 0.01469 | hit_rate: 0.02341 | map: 0.01188
Sat 26 Apr 2025 22:47:38 INFO 10: precision: 0.00375 | recall: 0.03703 | ndcg: 0.01913 | hit_rate: 0.03741 | map: 0.01367
Sat 26 Apr 2025 22:47:38 INFO 20: precision: 0.00293 | recall: 0.05785 | ndcg: 0.02438 | hit_rate: 0.05849 | map: 0.01509
Sat 26 Apr 2025 22:47:38 INFO Test Metrics:
Sat 26 Apr 2025 22:47:38 INFO 5: precision: 0.00708 | recall: 0.02237 | ndcg: 0.01586 | hit_rate: 0.03420 | map: 0.01148
Sat 26 Apr 2025 22:47:38 INFO 10: precision: 0.00584 | recall: 0.03672 | ndcg: 0.02109 | hit_rate: 0.05556 | map: 0.01347
Sat 26 Apr 2025 22:47:38 INFO 20: precision: 0.00466 | recall: 0.05814 | ndcg: 0.02722 | hit_rate: 0.08627 | map: 0.01505
Sat 26 Apr 2025 22:48:01 INFO Epoch 59, Loss: 422.25593
Sat 26 Apr 2025 22:48:02 INFO Validation Metrics:
Sat 26 Apr 2025 22:48:02 INFO 5: precision: 0.00467 | recall: 0.02303 | ndcg: 0.01455 | hit_rate: 0.02330 | map: 0.01173
Sat 26 Apr 2025 22:48:02 INFO 10: precision: 0.00369 | recall: 0.03645 | ndcg: 0.01886 | hit_rate: 0.03685 | map: 0.01348
Sat 26 Apr 2025 22:48:02 INFO 20: precision: 0.00291 | recall: 0.05753 | ndcg: 0.02418 | hit_rate: 0.05805 | map: 0.01493
Sat 26 Apr 2025 22:48:02 INFO Test Metrics:
Sat 26 Apr 2025 22:48:02 INFO 5: precision: 0.00713 | recall: 0.02262 | ndcg: 0.01609 | hit_rate: 0.03436 | map: 0.01170
Sat 26 Apr 2025 22:48:02 INFO 10: precision: 0.00585 | recall: 0.03697 | ndcg: 0.02129 | hit_rate: 0.05572 | map: 0.01366
Sat 26 Apr 2025 22:48:02 INFO 20: precision: 0.00468 | recall: 0.05841 | ndcg: 0.02747 | hit_rate: 0.08682 | map: 0.01526
Sat 26 Apr 2025 22:48:25 INFO Epoch 60, Loss: 424.99153
Sat 26 Apr 2025 22:48:26 INFO Validation Metrics:
Sat 26 Apr 2025 22:48:26 INFO 5: precision: 0.00469 | recall: 0.02314 | ndcg: 0.01490 | hit_rate: 0.02341 | map: 0.01216
Sat 26 Apr 2025 22:48:26 INFO 10: precision: 0.00378 | recall: 0.03736 | ndcg: 0.01947 | hit_rate: 0.03774 | map: 0.01402
Sat 26 Apr 2025 22:48:26 INFO 20: precision: 0.00291 | recall: 0.05750 | ndcg: 0.02454 | hit_rate: 0.05805 | map: 0.01540
Sat 26 Apr 2025 22:48:26 INFO Test Metrics:
Sat 26 Apr 2025 22:48:26 INFO 5: precision: 0.00719 | recall: 0.02258 | ndcg: 0.01607 | hit_rate: 0.03469 | map: 0.01163
Sat 26 Apr 2025 22:48:26 INFO 10: precision: 0.00594 | recall: 0.03733 | ndcg: 0.02141 | hit_rate: 0.05644 | map: 0.01367
Sat 26 Apr 2025 22:48:26 INFO 20: precision: 0.00473 | recall: 0.05926 | ndcg: 0.02766 | hit_rate: 0.08782 | map: 0.01528
Sat 26 Apr 2025 22:48:49 INFO Epoch 61, Loss: 425.92242
Sat 26 Apr 2025 22:48:50 INFO Validation Metrics:
Sat 26 Apr 2025 22:48:50 INFO 5: precision: 0.00485 | recall: 0.02391 | ndcg: 0.01512 | hit_rate: 0.02418 | map: 0.01219
Sat 26 Apr 2025 22:48:50 INFO 10: precision: 0.00377 | recall: 0.03730 | ndcg: 0.01942 | hit_rate: 0.03763 | map: 0.01394
Sat 26 Apr 2025 22:48:50 INFO 20: precision: 0.00292 | recall: 0.05775 | ndcg: 0.02459 | hit_rate: 0.05827 | map: 0.01535
Sat 26 Apr 2025 22:48:50 INFO Test Metrics:
Sat 26 Apr 2025 22:48:50 INFO 5: precision: 0.00722 | recall: 0.02276 | ndcg: 0.01618 | hit_rate: 0.03492 | map: 0.01170
Sat 26 Apr 2025 22:48:50 INFO 10: precision: 0.00606 | recall: 0.03822 | ndcg: 0.02179 | hit_rate: 0.05799 | map: 0.01382
Sat 26 Apr 2025 22:48:50 INFO 20: precision: 0.00472 | recall: 0.05924 | ndcg: 0.02777 | hit_rate: 0.08776 | map: 0.01537
Sat 26 Apr 2025 22:49:13 INFO Epoch 62, Loss: 424.98593
Sat 26 Apr 2025 22:49:14 INFO Validation Metrics:
Sat 26 Apr 2025 22:49:14 INFO 5: precision: 0.00484 | recall: 0.02386 | ndcg: 0.01508 | hit_rate: 0.02413 | map: 0.01216
Sat 26 Apr 2025 22:49:14 INFO 10: precision: 0.00371 | recall: 0.03675 | ndcg: 0.01922 | hit_rate: 0.03707 | map: 0.01385
Sat 26 Apr 2025 22:49:14 INFO 20: precision: 0.00294 | recall: 0.05808 | ndcg: 0.02461 | hit_rate: 0.05865 | map: 0.01532
Sat 26 Apr 2025 22:49:14 INFO Test Metrics:
Sat 26 Apr 2025 22:49:14 INFO 5: precision: 0.00736 | recall: 0.02339 | ndcg: 0.01670 | hit_rate: 0.03552 | map: 0.01220
Sat 26 Apr 2025 22:49:14 INFO 10: precision: 0.00598 | recall: 0.03745 | ndcg: 0.02184 | hit_rate: 0.05710 | map: 0.01412
Sat 26 Apr 2025 22:49:14 INFO 20: precision: 0.00468 | recall: 0.05905 | ndcg: 0.02797 | hit_rate: 0.08743 | map: 0.01572
Sat 26 Apr 2025 22:49:37 INFO Epoch 63, Loss: 425.84068
Sat 26 Apr 2025 22:49:38 INFO Validation Metrics:
Sat 26 Apr 2025 22:49:38 INFO 5: precision: 0.00501 | recall: 0.02474 | ndcg: 0.01556 | hit_rate: 0.02501 | map: 0.01253
Sat 26 Apr 2025 22:49:38 INFO 10: precision: 0.00384 | recall: 0.03797 | ndcg: 0.01978 | hit_rate: 0.03835 | map: 0.01423
Sat 26 Apr 2025 22:49:38 INFO 20: precision: 0.00300 | recall: 0.05949 | ndcg: 0.02520 | hit_rate: 0.05998 | map: 0.01570
Sat 26 Apr 2025 22:49:38 INFO Test Metrics:
Sat 26 Apr 2025 22:49:38 INFO 5: precision: 0.00739 | recall: 0.02362 | ndcg: 0.01690 | hit_rate: 0.03575 | map: 0.01236
Sat 26 Apr 2025 22:49:38 INFO 10: precision: 0.00603 | recall: 0.03782 | ndcg: 0.02210 | hit_rate: 0.05733 | map: 0.01432
Sat 26 Apr 2025 22:49:38 INFO 20: precision: 0.00472 | recall: 0.05922 | ndcg: 0.02821 | hit_rate: 0.08759 | map: 0.01592
Sat 26 Apr 2025 22:50:01 INFO Epoch 64, Loss: 421.89069
Sat 26 Apr 2025 22:50:02 INFO Validation Metrics:
Sat 26 Apr 2025 22:50:02 INFO 5: precision: 0.00497 | recall: 0.02452 | ndcg: 0.01568 | hit_rate: 0.02479 | map: 0.01274
Sat 26 Apr 2025 22:50:02 INFO 10: precision: 0.00377 | recall: 0.03728 | ndcg: 0.01976 | hit_rate: 0.03768 | map: 0.01439
Sat 26 Apr 2025 22:50:02 INFO 20: precision: 0.00302 | recall: 0.05977 | ndcg: 0.02540 | hit_rate: 0.06031 | map: 0.01591
Sat 26 Apr 2025 22:50:02 INFO Test Metrics:
Sat 26 Apr 2025 22:50:02 INFO 5: precision: 0.00751 | recall: 0.02404 | ndcg: 0.01694 | hit_rate: 0.03630 | map: 0.01229
Sat 26 Apr 2025 22:50:02 INFO 10: precision: 0.00606 | recall: 0.03820 | ndcg: 0.02209 | hit_rate: 0.05788 | map: 0.01421
Sat 26 Apr 2025 22:50:02 INFO 20: precision: 0.00471 | recall: 0.05903 | ndcg: 0.02802 | hit_rate: 0.08748 | map: 0.01574
Sat 26 Apr 2025 22:50:25 INFO Epoch 65, Loss: 421.22405
Sat 26 Apr 2025 22:50:26 INFO Validation Metrics:
Sat 26 Apr 2025 22:50:26 INFO 5: precision: 0.00490 | recall: 0.02419 | ndcg: 0.01534 | hit_rate: 0.02446 | map: 0.01241
Sat 26 Apr 2025 22:50:26 INFO 10: precision: 0.00382 | recall: 0.03772 | ndcg: 0.01968 | hit_rate: 0.03813 | map: 0.01417
Sat 26 Apr 2025 22:50:26 INFO 20: precision: 0.00302 | recall: 0.05971 | ndcg: 0.02521 | hit_rate: 0.06026 | map: 0.01567
Sat 26 Apr 2025 22:50:26 INFO Test Metrics:
Sat 26 Apr 2025 22:50:26 INFO 5: precision: 0.00740 | recall: 0.02357 | ndcg: 0.01663 | hit_rate: 0.03591 | map: 0.01205
Sat 26 Apr 2025 22:50:26 INFO 10: precision: 0.00600 | recall: 0.03784 | ndcg: 0.02185 | hit_rate: 0.05744 | map: 0.01401
Sat 26 Apr 2025 22:50:26 INFO 20: precision: 0.00472 | recall: 0.05922 | ndcg: 0.02793 | hit_rate: 0.08765 | map: 0.01559
Sat 26 Apr 2025 22:50:49 INFO Epoch 66, Loss: 426.13268
Sat 26 Apr 2025 22:50:50 INFO Validation Metrics:
Sat 26 Apr 2025 22:50:50 INFO 5: precision: 0.00492 | recall: 0.02432 | ndcg: 0.01551 | hit_rate: 0.02457 | map: 0.01259
Sat 26 Apr 2025 22:50:50 INFO 10: precision: 0.00381 | recall: 0.03769 | ndcg: 0.01981 | hit_rate: 0.03807 | map: 0.01434
Sat 26 Apr 2025 22:50:50 INFO 20: precision: 0.00297 | recall: 0.05880 | ndcg: 0.02516 | hit_rate: 0.05937 | map: 0.01580
Sat 26 Apr 2025 22:50:50 INFO Test Metrics:
Sat 26 Apr 2025 22:50:50 INFO 5: precision: 0.00758 | recall: 0.02426 | ndcg: 0.01723 | hit_rate: 0.03674 | map: 0.01255
Sat 26 Apr 2025 22:50:50 INFO 10: precision: 0.00597 | recall: 0.03760 | ndcg: 0.02210 | hit_rate: 0.05699 | map: 0.01438
Sat 26 Apr 2025 22:50:50 INFO 20: precision: 0.00468 | recall: 0.05877 | ndcg: 0.02812 | hit_rate: 0.08710 | map: 0.01593
Sat 26 Apr 2025 22:51:13 INFO Epoch 67, Loss: 425.90549
Sat 26 Apr 2025 22:51:14 INFO Validation Metrics:
Sat 26 Apr 2025 22:51:14 INFO 5: precision: 0.00480 | recall: 0.02366 | ndcg: 0.01506 | hit_rate: 0.02396 | map: 0.01220
Sat 26 Apr 2025 22:51:14 INFO 10: precision: 0.00386 | recall: 0.03816 | ndcg: 0.01975 | hit_rate: 0.03857 | map: 0.01412
Sat 26 Apr 2025 22:51:14 INFO 20: precision: 0.00298 | recall: 0.05886 | ndcg: 0.02499 | hit_rate: 0.05943 | map: 0.01556
Sat 26 Apr 2025 22:51:14 INFO Test Metrics:
Sat 26 Apr 2025 22:51:14 INFO 5: precision: 0.00751 | recall: 0.02396 | ndcg: 0.01709 | hit_rate: 0.03647 | map: 0.01249
Sat 26 Apr 2025 22:51:14 INFO 10: precision: 0.00605 | recall: 0.03838 | ndcg: 0.02232 | hit_rate: 0.05766 | map: 0.01448
Sat 26 Apr 2025 22:51:14 INFO 20: precision: 0.00474 | recall: 0.05935 | ndcg: 0.02833 | hit_rate: 0.08776 | map: 0.01604
Sat 26 Apr 2025 22:51:37 INFO Epoch 68, Loss: 425.47771
Sat 26 Apr 2025 22:51:38 INFO Validation Metrics:
Sat 26 Apr 2025 22:51:38 INFO 5: precision: 0.00488 | recall: 0.02413 | ndcg: 0.01520 | hit_rate: 0.02435 | map: 0.01225
Sat 26 Apr 2025 22:51:38 INFO 10: precision: 0.00393 | recall: 0.03885 | ndcg: 0.01995 | hit_rate: 0.03929 | map: 0.01418
Sat 26 Apr 2025 22:51:38 INFO 20: precision: 0.00296 | recall: 0.05844 | ndcg: 0.02490 | hit_rate: 0.05904 | map: 0.01553
Sat 26 Apr 2025 22:51:38 INFO Test Metrics:
Sat 26 Apr 2025 22:51:38 INFO 5: precision: 0.00737 | recall: 0.02349 | ndcg: 0.01697 | hit_rate: 0.03586 | map: 0.01247
Sat 26 Apr 2025 22:51:38 INFO 10: precision: 0.00605 | recall: 0.03805 | ndcg: 0.02231 | hit_rate: 0.05777 | map: 0.01450
Sat 26 Apr 2025 22:51:38 INFO 20: precision: 0.00472 | recall: 0.05937 | ndcg: 0.02839 | hit_rate: 0.08770 | map: 0.01610
Sat 26 Apr 2025 22:52:01 INFO Epoch 69, Loss: 418.70283
Sat 26 Apr 2025 22:52:02 INFO Validation Metrics:
Sat 26 Apr 2025 22:52:02 INFO 5: precision: 0.00476 | recall: 0.02346 | ndcg: 0.01485 | hit_rate: 0.02374 | map: 0.01198
Sat 26 Apr 2025 22:52:02 INFO 10: precision: 0.00380 | recall: 0.03752 | ndcg: 0.01935 | hit_rate: 0.03790 | map: 0.01381
Sat 26 Apr 2025 22:52:02 INFO 20: precision: 0.00296 | recall: 0.05839 | ndcg: 0.02463 | hit_rate: 0.05904 | map: 0.01525
Sat 26 Apr 2025 22:52:02 INFO Test Metrics:
Sat 26 Apr 2025 22:52:02 INFO 5: precision: 0.00732 | recall: 0.02323 | ndcg: 0.01671 | hit_rate: 0.03541 | map: 0.01223
Sat 26 Apr 2025 22:52:02 INFO 10: precision: 0.00589 | recall: 0.03701 | ndcg: 0.02176 | hit_rate: 0.05616 | map: 0.01414
Sat 26 Apr 2025 22:52:02 INFO 20: precision: 0.00468 | recall: 0.05876 | ndcg: 0.02799 | hit_rate: 0.08699 | map: 0.01578
Sat 26 Apr 2025 22:52:25 INFO Epoch 70, Loss: 420.01854
Sat 26 Apr 2025 22:52:26 INFO Validation Metrics:
Sat 26 Apr 2025 22:52:26 INFO 5: precision: 0.00460 | recall: 0.02264 | ndcg: 0.01455 | hit_rate: 0.02296 | map: 0.01184
Sat 26 Apr 2025 22:52:26 INFO 10: precision: 0.00381 | recall: 0.03766 | ndcg: 0.01937 | hit_rate: 0.03807 | map: 0.01381
Sat 26 Apr 2025 22:52:26 INFO 20: precision: 0.00300 | recall: 0.05922 | ndcg: 0.02482 | hit_rate: 0.05987 | map: 0.01529
Sat 26 Apr 2025 22:52:26 INFO Test Metrics:
Sat 26 Apr 2025 22:52:26 INFO 5: precision: 0.00741 | recall: 0.02340 | ndcg: 0.01685 | hit_rate: 0.03597 | map: 0.01232
Sat 26 Apr 2025 22:52:26 INFO 10: precision: 0.00594 | recall: 0.03731 | ndcg: 0.02188 | hit_rate: 0.05661 | map: 0.01421
Sat 26 Apr 2025 22:52:26 INFO 20: precision: 0.00468 | recall: 0.05889 | ndcg: 0.02804 | hit_rate: 0.08726 | map: 0.01581
Sat 26 Apr 2025 22:52:50 INFO Epoch 71, Loss: 418.26164
Sat 26 Apr 2025 22:52:51 INFO Validation Metrics:
Sat 26 Apr 2025 22:52:51 INFO 5: precision: 0.00453 | recall: 0.02225 | ndcg: 0.01442 | hit_rate: 0.02258 | map: 0.01179
Sat 26 Apr 2025 22:52:51 INFO 10: precision: 0.00378 | recall: 0.03733 | ndcg: 0.01925 | hit_rate: 0.03774 | map: 0.01376
Sat 26 Apr 2025 22:52:51 INFO 20: precision: 0.00296 | recall: 0.05853 | ndcg: 0.02459 | hit_rate: 0.05915 | map: 0.01521
Sat 26 Apr 2025 22:52:51 INFO Test Metrics:
Sat 26 Apr 2025 22:52:51 INFO 5: precision: 0.00724 | recall: 0.02302 | ndcg: 0.01637 | hit_rate: 0.03514 | map: 0.01193
Sat 26 Apr 2025 22:52:51 INFO 10: precision: 0.00588 | recall: 0.03694 | ndcg: 0.02146 | hit_rate: 0.05600 | map: 0.01386
Sat 26 Apr 2025 22:52:51 INFO 20: precision: 0.00468 | recall: 0.05889 | ndcg: 0.02771 | hit_rate: 0.08682 | map: 0.01549
Sat 26 Apr 2025 22:52:51 INFO Best Test Metrics:
Sat 26 Apr 2025 22:52:51 INFO 5: precision: 0.00712 | recall: 0.02261 | ndcg: 0.01634 | hit_rate: 0.03447 | map: 0.01201
Sat 26 Apr 2025 22:52:51 INFO 10: precision: 0.00593 | recall: 0.03717 | ndcg: 0.02166 | hit_rate: 0.05650 | map: 0.01401
Sat 26 Apr 2025 22:52:51 INFO 20: precision: 0.00473 | recall: 0.05943 | ndcg: 0.02796 | hit_rate: 0.08765 | map: 0.01565
Sat 26 Apr 2025 22:52:51 INFO Best performance: 0.05943
Sat 26 Apr 2025 22:52:51 INFO Best parameters: {'n_layers': 5, 'learning_rate': 0.001, 'reg_weight': 0.1, 'ssl_alpha': 0.2, 'ssl_temp': 0.3, 'ssl_temp2': 0.3, 'noise_alpha': 0.2}
Sat 26 Apr 2025 22:52:51 INFO Best metrics:
Sat 26 Apr 2025 22:52:51 INFO 5: precision: 0.00712 | recall: 0.02261 | ndcg: 0.01634 | hit_rate: 0.03447 | map: 0.01201
Sat 26 Apr 2025 22:52:51 INFO 10: precision: 0.00593 | recall: 0.03717 | ndcg: 0.02166 | hit_rate: 0.05650 | map: 0.01401
Sat 26 Apr 2025 22:52:51 INFO 20: precision: 0.00473 | recall: 0.05943 | ndcg: 0.02796 | hit_rate: 0.08765 | map: 0.01565
