Thu 04 Apr 2024 18:43:53 INFO ============Arguments==============
Thu 04 Apr 2024 18:43:53 INFO Model: GraphAug
Thu 04 Apr 2024 18:43:53 INFO data_path: beauty
Thu 04 Apr 2024 18:43:53 INFO learning_rate: 0.001
Thu 04 Apr 2024 18:43:53 INFO feature_embed: 64
Thu 04 Apr 2024 18:43:53 INFO batch_size: 1024
Thu 04 Apr 2024 18:43:53 INFO aggr_mode: add
Thu 04 Apr 2024 18:43:53 INFO reg_weight: 0.001
Thu 04 Apr 2024 18:43:53 INFO dim_E: 64
Thu 04 Apr 2024 18:43:53 INFO num_epoch: 1000
Thu 04 Apr 2024 18:43:53 INFO dropout: 0.2
Thu 04 Apr 2024 18:43:53 INFO n_layers: 2
Thu 04 Apr 2024 18:43:53 INFO corDecay: 0.001
Thu 04 Apr 2024 18:43:53 INFO n_factors: 4
Thu 04 Apr 2024 18:43:53 INFO n_iterations: 3
Thu 04 Apr 2024 18:43:53 INFO cl_weight: 2.0
Thu 04 Apr 2024 18:43:53 INFO mm_layers: 2
Thu 04 Apr 2024 18:43:53 INFO ii_topk: 10
Thu 04 Apr 2024 18:43:53 INFO uu_topk: 40
Thu 04 Apr 2024 18:43:53 INFO lambda_coeff: 0.9
Thu 04 Apr 2024 18:43:53 INFO ssl_temp: 0.9
Thu 04 Apr 2024 18:43:53 INFO ssl_alpha: 0.9
Thu 04 Apr 2024 18:43:53 INFO ae_weight: 0.1
Thu 04 Apr 2024 18:43:53 INFO threshold: 0.1
Thu 04 Apr 2024 18:43:53 INFO prompt_num: 0.1
Thu 04 Apr 2024 18:43:53 INFO neg_weight: 0.1
Thu 04 Apr 2024 18:43:53 INFO cen_reg: 0.005
Thu 04 Apr 2024 18:43:53 INFO n_intents: 128
Thu 04 Apr 2024 18:43:53 INFO G_rate: 0.0001
Thu 04 Apr 2024 18:43:53 INFO seed: 42
Thu 04 Apr 2024 18:43:53 INFO num_workers: 1
Thu 04 Apr 2024 18:43:53 INFO topk: [5, 10, 20]
Thu 04 Apr 2024 18:43:53 INFO local time£ºApr-04-2024-18-43-53
Thu 04 Apr 2024 18:43:53 INFO =========1/1: Parameters:{'n_layers': 3, 'learning_rate': 0.001, 'reg_weight': 0.001, 'ssl_alpha': 0.01, 'ssl_temp': 0.2}=========
Thu 04 Apr 2024 18:44:05 INFO Epoch 1, Loss: 75.29798
Thu 04 Apr 2024 18:44:06 INFO Validation Metrics:
Thu 04 Apr 2024 18:44:06 INFO 5: precision: 0.01019 | recall: 0.04476 | ndcg: 0.02990 | hit_rate: 0.04954 | map: 0.02410
Thu 04 Apr 2024 18:44:06 INFO 10: precision: 0.00796 | recall: 0.06926 | ndcg: 0.03804 | hit_rate: 0.07570 | map: 0.02749
Thu 04 Apr 2024 18:44:06 INFO 20: precision: 0.00595 | recall: 0.10265 | ndcg: 0.04670 | hit_rate: 0.11103 | map: 0.02986
Thu 04 Apr 2024 18:44:06 INFO Test Metrics:
Thu 04 Apr 2024 18:44:06 INFO 5: precision: 0.01739 | recall: 0.04618 | ndcg: 0.03572 | hit_rate: 0.07641 | map: 0.02615
Thu 04 Apr 2024 18:44:06 INFO 10: precision: 0.01361 | recall: 0.07203 | ndcg: 0.04556 | hit_rate: 0.11374 | map: 0.03026
Thu 04 Apr 2024 18:44:06 INFO 20: precision: 0.00981 | recall: 0.10390 | ndcg: 0.05504 | hit_rate: 0.15780 | map: 0.03293
Thu 04 Apr 2024 18:44:17 INFO Epoch 2, Loss: 64.69273
Thu 04 Apr 2024 18:44:18 INFO Validation Metrics:
Thu 04 Apr 2024 18:44:18 INFO 5: precision: 0.01107 | recall: 0.04873 | ndcg: 0.03129 | hit_rate: 0.05368 | map: 0.02466
Thu 04 Apr 2024 18:44:18 INFO 10: precision: 0.00847 | recall: 0.07338 | ndcg: 0.03944 | hit_rate: 0.08016 | map: 0.02803
Thu 04 Apr 2024 18:44:18 INFO 20: precision: 0.00631 | recall: 0.10830 | ndcg: 0.04854 | hit_rate: 0.11730 | map: 0.03055
Thu 04 Apr 2024 18:44:18 INFO Test Metrics:
Thu 04 Apr 2024 18:44:18 INFO 5: precision: 0.01846 | recall: 0.04913 | ndcg: 0.03753 | hit_rate: 0.08042 | map: 0.02745
Thu 04 Apr 2024 18:44:18 INFO 10: precision: 0.01409 | recall: 0.07393 | ndcg: 0.04699 | hit_rate: 0.11678 | map: 0.03140
Thu 04 Apr 2024 18:44:18 INFO 20: precision: 0.01062 | recall: 0.11152 | ndcg: 0.05823 | hit_rate: 0.17052 | map: 0.03453
Thu 04 Apr 2024 18:44:29 INFO Epoch 3, Loss: 44.62673
Thu 04 Apr 2024 18:44:29 INFO Validation Metrics:
Thu 04 Apr 2024 18:44:29 INFO 5: precision: 0.01186 | recall: 0.05248 | ndcg: 0.03421 | hit_rate: 0.05742 | map: 0.02725
Thu 04 Apr 2024 18:44:29 INFO 10: precision: 0.00937 | recall: 0.08218 | ndcg: 0.04403 | hit_rate: 0.08920 | map: 0.03130
Thu 04 Apr 2024 18:44:29 INFO 20: precision: 0.00682 | recall: 0.11863 | ndcg: 0.05350 | hit_rate: 0.12718 | map: 0.03394
Thu 04 Apr 2024 18:44:29 INFO Test Metrics:
Thu 04 Apr 2024 18:44:29 INFO 5: precision: 0.02011 | recall: 0.05442 | ndcg: 0.04165 | hit_rate: 0.08823 | map: 0.03063
Thu 04 Apr 2024 18:44:29 INFO 10: precision: 0.01516 | recall: 0.08101 | ndcg: 0.05172 | hit_rate: 0.12802 | map: 0.03473
Thu 04 Apr 2024 18:44:29 INFO 20: precision: 0.01124 | recall: 0.11941 | ndcg: 0.06329 | hit_rate: 0.18350 | map: 0.03799
Thu 04 Apr 2024 18:44:40 INFO Epoch 4, Loss: 32.01494
Thu 04 Apr 2024 18:44:41 INFO Validation Metrics:
Thu 04 Apr 2024 18:44:41 INFO 5: precision: 0.01247 | recall: 0.05580 | ndcg: 0.03676 | hit_rate: 0.06046 | map: 0.02955
Thu 04 Apr 2024 18:44:41 INFO 10: precision: 0.00972 | recall: 0.08542 | ndcg: 0.04659 | hit_rate: 0.09249 | map: 0.03360
Thu 04 Apr 2024 18:44:41 INFO 20: precision: 0.00714 | recall: 0.12474 | ndcg: 0.05675 | hit_rate: 0.13345 | map: 0.03641
Thu 04 Apr 2024 18:44:41 INFO Test Metrics:
Thu 04 Apr 2024 18:44:41 INFO 5: precision: 0.02088 | recall: 0.05689 | ndcg: 0.04365 | hit_rate: 0.09153 | map: 0.03228
Thu 04 Apr 2024 18:44:41 INFO 10: precision: 0.01614 | recall: 0.08659 | ndcg: 0.05490 | hit_rate: 0.13648 | map: 0.03680
Thu 04 Apr 2024 18:44:41 INFO 20: precision: 0.01170 | recall: 0.12550 | ndcg: 0.06649 | hit_rate: 0.19184 | map: 0.04005
Thu 04 Apr 2024 18:44:51 INFO Epoch 5, Loss: 25.03567
Thu 04 Apr 2024 18:44:52 INFO Validation Metrics:
Thu 04 Apr 2024 18:44:52 INFO 5: precision: 0.01288 | recall: 0.05745 | ndcg: 0.03809 | hit_rate: 0.06233 | map: 0.03074
Thu 04 Apr 2024 18:44:52 INFO 10: precision: 0.00990 | recall: 0.08683 | ndcg: 0.04783 | hit_rate: 0.09398 | map: 0.03476
Thu 04 Apr 2024 18:44:52 INFO 20: precision: 0.00729 | recall: 0.12749 | ndcg: 0.05838 | hit_rate: 0.13603 | map: 0.03772
Thu 04 Apr 2024 18:44:52 INFO Test Metrics:
Thu 04 Apr 2024 18:44:52 INFO 5: precision: 0.02122 | recall: 0.05801 | ndcg: 0.04470 | hit_rate: 0.09340 | map: 0.03312
Thu 04 Apr 2024 18:44:52 INFO 10: precision: 0.01638 | recall: 0.08795 | ndcg: 0.05608 | hit_rate: 0.13926 | map: 0.03772
Thu 04 Apr 2024 18:44:52 INFO 20: precision: 0.01200 | recall: 0.12840 | ndcg: 0.06821 | hit_rate: 0.19655 | map: 0.04115
Thu 04 Apr 2024 18:45:02 INFO Epoch 6, Loss: 21.00802
Thu 04 Apr 2024 18:45:03 INFO Validation Metrics:
Thu 04 Apr 2024 18:45:03 INFO 5: precision: 0.01314 | recall: 0.05845 | ndcg: 0.03870 | hit_rate: 0.06362 | map: 0.03118
Thu 04 Apr 2024 18:45:03 INFO 10: precision: 0.01019 | recall: 0.08972 | ndcg: 0.04901 | hit_rate: 0.09676 | map: 0.03544
Thu 04 Apr 2024 18:45:03 INFO 20: precision: 0.00746 | recall: 0.13036 | ndcg: 0.05954 | hit_rate: 0.13971 | map: 0.03836
Thu 04 Apr 2024 18:45:03 INFO Test Metrics:
Thu 04 Apr 2024 18:45:03 INFO 5: precision: 0.02175 | recall: 0.05926 | ndcg: 0.04527 | hit_rate: 0.09618 | map: 0.03334
Thu 04 Apr 2024 18:45:03 INFO 10: precision: 0.01678 | recall: 0.09033 | ndcg: 0.05700 | hit_rate: 0.14255 | map: 0.03810
Thu 04 Apr 2024 18:45:03 INFO 20: precision: 0.01225 | recall: 0.13143 | ndcg: 0.06925 | hit_rate: 0.20081 | map: 0.04153
Thu 04 Apr 2024 18:45:13 INFO Epoch 7, Loss: 18.35744
Thu 04 Apr 2024 18:45:14 INFO Validation Metrics:
Thu 04 Apr 2024 18:45:14 INFO 5: precision: 0.01343 | recall: 0.06009 | ndcg: 0.03939 | hit_rate: 0.06517 | map: 0.03160
Thu 04 Apr 2024 18:45:14 INFO 10: precision: 0.01032 | recall: 0.09105 | ndcg: 0.04962 | hit_rate: 0.09811 | map: 0.03583
Thu 04 Apr 2024 18:45:14 INFO 20: precision: 0.00758 | recall: 0.13240 | ndcg: 0.06034 | hit_rate: 0.14191 | map: 0.03879
Thu 04 Apr 2024 18:45:14 INFO Test Metrics:
Thu 04 Apr 2024 18:45:14 INFO 5: precision: 0.02235 | recall: 0.06107 | ndcg: 0.04653 | hit_rate: 0.09889 | map: 0.03424
Thu 04 Apr 2024 18:45:14 INFO 10: precision: 0.01701 | recall: 0.09182 | ndcg: 0.05815 | hit_rate: 0.14430 | map: 0.03903
Thu 04 Apr 2024 18:45:14 INFO 20: precision: 0.01245 | recall: 0.13311 | ndcg: 0.07054 | hit_rate: 0.20320 | map: 0.04249
Thu 04 Apr 2024 18:45:24 INFO Epoch 8, Loss: 16.48696
Thu 04 Apr 2024 18:45:25 INFO Validation Metrics:
Thu 04 Apr 2024 18:45:25 INFO 5: precision: 0.01356 | recall: 0.06060 | ndcg: 0.03989 | hit_rate: 0.06582 | map: 0.03206
Thu 04 Apr 2024 18:45:25 INFO 10: precision: 0.01057 | recall: 0.09311 | ndcg: 0.05065 | hit_rate: 0.10057 | map: 0.03651
Thu 04 Apr 2024 18:45:25 INFO 20: precision: 0.00769 | recall: 0.13382 | ndcg: 0.06122 | hit_rate: 0.14365 | map: 0.03944
Thu 04 Apr 2024 18:45:25 INFO Test Metrics:
Thu 04 Apr 2024 18:45:25 INFO 5: precision: 0.02246 | recall: 0.06140 | ndcg: 0.04704 | hit_rate: 0.09934 | map: 0.03468
Thu 04 Apr 2024 18:45:25 INFO 10: precision: 0.01729 | recall: 0.09336 | ndcg: 0.05913 | hit_rate: 0.14688 | map: 0.03964
Thu 04 Apr 2024 18:45:25 INFO 20: precision: 0.01267 | recall: 0.13523 | ndcg: 0.07171 | hit_rate: 0.20669 | map: 0.04316
Thu 04 Apr 2024 18:45:36 INFO Epoch 9, Loss: 15.26111
Thu 04 Apr 2024 18:45:36 INFO Validation Metrics:
Thu 04 Apr 2024 18:45:36 INFO 5: precision: 0.01399 | recall: 0.06242 | ndcg: 0.04106 | hit_rate: 0.06782 | map: 0.03304
Thu 04 Apr 2024 18:45:36 INFO 10: precision: 0.01067 | recall: 0.09365 | ndcg: 0.05139 | hit_rate: 0.10154 | map: 0.03729
Thu 04 Apr 2024 18:45:36 INFO 20: precision: 0.00780 | recall: 0.13553 | ndcg: 0.06230 | hit_rate: 0.14565 | map: 0.04033
Thu 04 Apr 2024 18:45:36 INFO Test Metrics:
Thu 04 Apr 2024 18:45:36 INFO 5: precision: 0.02306 | recall: 0.06320 | ndcg: 0.04822 | hit_rate: 0.10186 | map: 0.03548
Thu 04 Apr 2024 18:45:36 INFO 10: precision: 0.01749 | recall: 0.09452 | ndcg: 0.06007 | hit_rate: 0.14856 | map: 0.04033
Thu 04 Apr 2024 18:45:36 INFO 20: precision: 0.01279 | recall: 0.13685 | ndcg: 0.07274 | hit_rate: 0.20934 | map: 0.04387
Thu 04 Apr 2024 18:45:47 INFO Epoch 10, Loss: 14.28841
Thu 04 Apr 2024 18:45:47 INFO Validation Metrics:
Thu 04 Apr 2024 18:45:47 INFO 5: precision: 0.01418 | recall: 0.06306 | ndcg: 0.04158 | hit_rate: 0.06892 | map: 0.03344
Thu 04 Apr 2024 18:45:47 INFO 10: precision: 0.01081 | recall: 0.09473 | ndcg: 0.05208 | hit_rate: 0.10283 | map: 0.03779
Thu 04 Apr 2024 18:45:47 INFO 20: precision: 0.00791 | recall: 0.13727 | ndcg: 0.06316 | hit_rate: 0.14746 | map: 0.04088
Thu 04 Apr 2024 18:45:47 INFO Test Metrics:
Thu 04 Apr 2024 18:45:47 INFO 5: precision: 0.02321 | recall: 0.06375 | ndcg: 0.04840 | hit_rate: 0.10231 | map: 0.03550
Thu 04 Apr 2024 18:45:47 INFO 10: precision: 0.01765 | recall: 0.09559 | ndcg: 0.06046 | hit_rate: 0.14966 | map: 0.04048
Thu 04 Apr 2024 18:45:47 INFO 20: precision: 0.01304 | recall: 0.13904 | ndcg: 0.07351 | hit_rate: 0.21309 | map: 0.04409
Thu 04 Apr 2024 18:45:58 INFO Epoch 11, Loss: 13.40880
Thu 04 Apr 2024 18:45:58 INFO Validation Metrics:
Thu 04 Apr 2024 18:45:58 INFO 5: precision: 0.01430 | recall: 0.06330 | ndcg: 0.04177 | hit_rate: 0.06918 | map: 0.03357
Thu 04 Apr 2024 18:45:58 INFO 10: precision: 0.01090 | recall: 0.09551 | ndcg: 0.05237 | hit_rate: 0.10373 | map: 0.03792
Thu 04 Apr 2024 18:45:58 INFO 20: precision: 0.00805 | recall: 0.13922 | ndcg: 0.06375 | hit_rate: 0.14985 | map: 0.04108
Thu 04 Apr 2024 18:45:58 INFO Test Metrics:
Thu 04 Apr 2024 18:45:58 INFO 5: precision: 0.02364 | recall: 0.06465 | ndcg: 0.04909 | hit_rate: 0.10386 | map: 0.03602
Thu 04 Apr 2024 18:45:58 INFO 10: precision: 0.01792 | recall: 0.09707 | ndcg: 0.06132 | hit_rate: 0.15224 | map: 0.04104
Thu 04 Apr 2024 18:45:58 INFO 20: precision: 0.01310 | recall: 0.13993 | ndcg: 0.07417 | hit_rate: 0.21386 | map: 0.04462
Thu 04 Apr 2024 18:46:09 INFO Epoch 12, Loss: 12.88204
Thu 04 Apr 2024 18:46:09 INFO Validation Metrics:
Thu 04 Apr 2024 18:46:09 INFO 5: precision: 0.01438 | recall: 0.06341 | ndcg: 0.04223 | hit_rate: 0.06931 | map: 0.03412
Thu 04 Apr 2024 18:46:09 INFO 10: precision: 0.01100 | recall: 0.09602 | ndcg: 0.05301 | hit_rate: 0.10451 | map: 0.03857
Thu 04 Apr 2024 18:46:09 INFO 20: precision: 0.00812 | recall: 0.14021 | ndcg: 0.06452 | hit_rate: 0.15134 | map: 0.04176
Thu 04 Apr 2024 18:46:09 INFO Test Metrics:
Thu 04 Apr 2024 18:46:09 INFO 5: precision: 0.02389 | recall: 0.06537 | ndcg: 0.04979 | hit_rate: 0.10548 | map: 0.03653
Thu 04 Apr 2024 18:46:09 INFO 10: precision: 0.01803 | recall: 0.09743 | ndcg: 0.06190 | hit_rate: 0.15302 | map: 0.04152
Thu 04 Apr 2024 18:46:09 INFO 20: precision: 0.01323 | recall: 0.14112 | ndcg: 0.07502 | hit_rate: 0.21548 | map: 0.04519
Thu 04 Apr 2024 18:46:20 INFO Epoch 13, Loss: 12.43736
Thu 04 Apr 2024 18:46:20 INFO Validation Metrics:
Thu 04 Apr 2024 18:46:20 INFO 5: precision: 0.01430 | recall: 0.06320 | ndcg: 0.04221 | hit_rate: 0.06931 | map: 0.03413
Thu 04 Apr 2024 18:46:20 INFO 10: precision: 0.01107 | recall: 0.09660 | ndcg: 0.05331 | hit_rate: 0.10503 | map: 0.03876
Thu 04 Apr 2024 18:46:20 INFO 20: precision: 0.00813 | recall: 0.14075 | ndcg: 0.06475 | hit_rate: 0.15166 | map: 0.04191
Thu 04 Apr 2024 18:46:20 INFO Test Metrics:
Thu 04 Apr 2024 18:46:20 INFO 5: precision: 0.02418 | recall: 0.06587 | ndcg: 0.05006 | hit_rate: 0.10670 | map: 0.03660
Thu 04 Apr 2024 18:46:20 INFO 10: precision: 0.01814 | recall: 0.09825 | ndcg: 0.06222 | hit_rate: 0.15437 | map: 0.04160
Thu 04 Apr 2024 18:46:20 INFO 20: precision: 0.01332 | recall: 0.14242 | ndcg: 0.07546 | hit_rate: 0.21683 | map: 0.04532
Thu 04 Apr 2024 18:46:31 INFO Epoch 14, Loss: 12.01627
Thu 04 Apr 2024 18:46:32 INFO Validation Metrics:
Thu 04 Apr 2024 18:46:32 INFO 5: precision: 0.01462 | recall: 0.06455 | ndcg: 0.04283 | hit_rate: 0.07086 | map: 0.03446
Thu 04 Apr 2024 18:46:32 INFO 10: precision: 0.01108 | recall: 0.09673 | ndcg: 0.05348 | hit_rate: 0.10503 | map: 0.03889
Thu 04 Apr 2024 18:46:32 INFO 20: precision: 0.00818 | recall: 0.14122 | ndcg: 0.06506 | hit_rate: 0.15192 | map: 0.04210
Thu 04 Apr 2024 18:46:32 INFO Test Metrics:
Thu 04 Apr 2024 18:46:32 INFO 5: precision: 0.02431 | recall: 0.06628 | ndcg: 0.05058 | hit_rate: 0.10748 | map: 0.03701
Thu 04 Apr 2024 18:46:32 INFO 10: precision: 0.01830 | recall: 0.09873 | ndcg: 0.06280 | hit_rate: 0.15547 | map: 0.04205
Thu 04 Apr 2024 18:46:32 INFO 20: precision: 0.01337 | recall: 0.14291 | ndcg: 0.07600 | hit_rate: 0.21748 | map: 0.04576
Thu 04 Apr 2024 18:46:42 INFO Epoch 15, Loss: 11.76940
Thu 04 Apr 2024 18:46:43 INFO Validation Metrics:
Thu 04 Apr 2024 18:46:43 INFO 5: precision: 0.01480 | recall: 0.06521 | ndcg: 0.04327 | hit_rate: 0.07157 | map: 0.03481
Thu 04 Apr 2024 18:46:43 INFO 10: precision: 0.01115 | recall: 0.09731 | ndcg: 0.05389 | hit_rate: 0.10561 | map: 0.03924
Thu 04 Apr 2024 18:46:43 INFO 20: precision: 0.00818 | recall: 0.14077 | ndcg: 0.06527 | hit_rate: 0.15185 | map: 0.04240
Thu 04 Apr 2024 18:46:43 INFO Test Metrics:
Thu 04 Apr 2024 18:46:43 INFO 5: precision: 0.02445 | recall: 0.06643 | ndcg: 0.05065 | hit_rate: 0.10774 | map: 0.03700
Thu 04 Apr 2024 18:46:43 INFO 10: precision: 0.01847 | recall: 0.09977 | ndcg: 0.06311 | hit_rate: 0.15670 | map: 0.04213
Thu 04 Apr 2024 18:46:43 INFO 20: precision: 0.01343 | recall: 0.14403 | ndcg: 0.07631 | hit_rate: 0.21825 | map: 0.04584
Thu 04 Apr 2024 18:46:53 INFO Epoch 16, Loss: 11.42992
Thu 04 Apr 2024 18:46:54 INFO Validation Metrics:
Thu 04 Apr 2024 18:46:54 INFO 5: precision: 0.01483 | recall: 0.06557 | ndcg: 0.04364 | hit_rate: 0.07202 | map: 0.03517
Thu 04 Apr 2024 18:46:54 INFO 10: precision: 0.01126 | recall: 0.09829 | ndcg: 0.05451 | hit_rate: 0.10683 | map: 0.03972
Thu 04 Apr 2024 18:46:54 INFO 20: precision: 0.00825 | recall: 0.14165 | ndcg: 0.06588 | hit_rate: 0.15282 | map: 0.04289
Thu 04 Apr 2024 18:46:54 INFO Test Metrics:
Thu 04 Apr 2024 18:46:54 INFO 5: precision: 0.02435 | recall: 0.06606 | ndcg: 0.05074 | hit_rate: 0.10729 | map: 0.03725
Thu 04 Apr 2024 18:46:54 INFO 10: precision: 0.01862 | recall: 0.10051 | ndcg: 0.06364 | hit_rate: 0.15754 | map: 0.04257
Thu 04 Apr 2024 18:46:54 INFO 20: precision: 0.01349 | recall: 0.14455 | ndcg: 0.07674 | hit_rate: 0.21845 | map: 0.04624
Thu 04 Apr 2024 18:47:04 INFO Epoch 17, Loss: 11.21854
Thu 04 Apr 2024 18:47:05 INFO Validation Metrics:
Thu 04 Apr 2024 18:47:05 INFO 5: precision: 0.01487 | recall: 0.06568 | ndcg: 0.04369 | hit_rate: 0.07215 | map: 0.03519
Thu 04 Apr 2024 18:47:05 INFO 10: precision: 0.01132 | recall: 0.09914 | ndcg: 0.05477 | hit_rate: 0.10748 | map: 0.03982
Thu 04 Apr 2024 18:47:05 INFO 20: precision: 0.00825 | recall: 0.14162 | ndcg: 0.06593 | hit_rate: 0.15308 | map: 0.04292
Thu 04 Apr 2024 18:47:05 INFO Test Metrics:
Thu 04 Apr 2024 18:47:05 INFO 5: precision: 0.02470 | recall: 0.06696 | ndcg: 0.05123 | hit_rate: 0.10890 | map: 0.03749
Thu 04 Apr 2024 18:47:05 INFO 10: precision: 0.01854 | recall: 0.10023 | ndcg: 0.06366 | hit_rate: 0.15709 | map: 0.04264
Thu 04 Apr 2024 18:47:05 INFO 20: precision: 0.01351 | recall: 0.14445 | ndcg: 0.07691 | hit_rate: 0.21877 | map: 0.04638
Thu 04 Apr 2024 18:47:15 INFO Epoch 18, Loss: 10.98665
Thu 04 Apr 2024 18:47:16 INFO Validation Metrics:
Thu 04 Apr 2024 18:47:16 INFO 5: precision: 0.01517 | recall: 0.06701 | ndcg: 0.04445 | hit_rate: 0.07363 | map: 0.03574
Thu 04 Apr 2024 18:47:16 INFO 10: precision: 0.01143 | recall: 0.09970 | ndcg: 0.05523 | hit_rate: 0.10832 | map: 0.04021
Thu 04 Apr 2024 18:47:16 INFO 20: precision: 0.00834 | recall: 0.14264 | ndcg: 0.06648 | hit_rate: 0.15386 | map: 0.04335
Thu 04 Apr 2024 18:47:16 INFO Test Metrics:
Thu 04 Apr 2024 18:47:16 INFO 5: precision: 0.02465 | recall: 0.06685 | ndcg: 0.05110 | hit_rate: 0.10884 | map: 0.03740
Thu 04 Apr 2024 18:47:16 INFO 10: precision: 0.01867 | recall: 0.10055 | ndcg: 0.06372 | hit_rate: 0.15754 | map: 0.04262
Thu 04 Apr 2024 18:47:16 INFO 20: precision: 0.01354 | recall: 0.14489 | ndcg: 0.07695 | hit_rate: 0.21858 | map: 0.04636
Thu 04 Apr 2024 18:47:26 INFO Epoch 19, Loss: 10.85234
Thu 04 Apr 2024 18:47:27 INFO Validation Metrics:
Thu 04 Apr 2024 18:47:27 INFO 5: precision: 0.01492 | recall: 0.06578 | ndcg: 0.04399 | hit_rate: 0.07247 | map: 0.03553
Thu 04 Apr 2024 18:47:27 INFO 10: precision: 0.01144 | recall: 0.09981 | ndcg: 0.05524 | hit_rate: 0.10825 | map: 0.04022
Thu 04 Apr 2024 18:47:27 INFO 20: precision: 0.00840 | recall: 0.14363 | ndcg: 0.06669 | hit_rate: 0.15495 | map: 0.04338
Thu 04 Apr 2024 18:47:27 INFO Test Metrics:
Thu 04 Apr 2024 18:47:27 INFO 5: precision: 0.02462 | recall: 0.06673 | ndcg: 0.05104 | hit_rate: 0.10858 | map: 0.03739
Thu 04 Apr 2024 18:47:27 INFO 10: precision: 0.01857 | recall: 0.10009 | ndcg: 0.06357 | hit_rate: 0.15702 | map: 0.04258
Thu 04 Apr 2024 18:47:27 INFO 20: precision: 0.01354 | recall: 0.14462 | ndcg: 0.07692 | hit_rate: 0.21858 | map: 0.04637
Thu 04 Apr 2024 18:47:37 INFO Epoch 20, Loss: 10.75474
Thu 04 Apr 2024 18:47:38 INFO Validation Metrics:
Thu 04 Apr 2024 18:47:38 INFO 5: precision: 0.01513 | recall: 0.06684 | ndcg: 0.04463 | hit_rate: 0.07357 | map: 0.03603
Thu 04 Apr 2024 18:47:38 INFO 10: precision: 0.01143 | recall: 0.09945 | ndcg: 0.05542 | hit_rate: 0.10819 | map: 0.04051
Thu 04 Apr 2024 18:47:38 INFO 20: precision: 0.00839 | recall: 0.14295 | ndcg: 0.06682 | hit_rate: 0.15482 | map: 0.04367
Thu 04 Apr 2024 18:47:38 INFO Test Metrics:
Thu 04 Apr 2024 18:47:38 INFO 5: precision: 0.02464 | recall: 0.06663 | ndcg: 0.05113 | hit_rate: 0.10851 | map: 0.03746
Thu 04 Apr 2024 18:47:38 INFO 10: precision: 0.01874 | recall: 0.10086 | ndcg: 0.06400 | hit_rate: 0.15864 | map: 0.04278
Thu 04 Apr 2024 18:47:38 INFO 20: precision: 0.01363 | recall: 0.14556 | ndcg: 0.07733 | hit_rate: 0.22038 | map: 0.04654
Thu 04 Apr 2024 18:47:48 INFO Epoch 21, Loss: 10.54992
Thu 04 Apr 2024 18:47:49 INFO Validation Metrics:
Thu 04 Apr 2024 18:47:49 INFO 5: precision: 0.01518 | recall: 0.06677 | ndcg: 0.04462 | hit_rate: 0.07376 | map: 0.03600
Thu 04 Apr 2024 18:47:49 INFO 10: precision: 0.01148 | recall: 0.09993 | ndcg: 0.05555 | hit_rate: 0.10903 | map: 0.04052
Thu 04 Apr 2024 18:47:49 INFO 20: precision: 0.00839 | recall: 0.14295 | ndcg: 0.06681 | hit_rate: 0.15470 | map: 0.04364
Thu 04 Apr 2024 18:47:49 INFO Test Metrics:
Thu 04 Apr 2024 18:47:49 INFO 5: precision: 0.02478 | recall: 0.06720 | ndcg: 0.05173 | hit_rate: 0.10961 | map: 0.03799
Thu 04 Apr 2024 18:47:49 INFO 10: precision: 0.01871 | recall: 0.10043 | ndcg: 0.06424 | hit_rate: 0.15780 | map: 0.04320
Thu 04 Apr 2024 18:47:49 INFO 20: precision: 0.01354 | recall: 0.14441 | ndcg: 0.07741 | hit_rate: 0.21871 | map: 0.04692
Thu 04 Apr 2024 18:47:59 INFO Epoch 22, Loss: 10.41249
Thu 04 Apr 2024 18:48:00 INFO Validation Metrics:
Thu 04 Apr 2024 18:48:00 INFO 5: precision: 0.01523 | recall: 0.06709 | ndcg: 0.04477 | hit_rate: 0.07396 | map: 0.03610
Thu 04 Apr 2024 18:48:00 INFO 10: precision: 0.01150 | recall: 0.09957 | ndcg: 0.05554 | hit_rate: 0.10877 | map: 0.04058
Thu 04 Apr 2024 18:48:00 INFO 20: precision: 0.00844 | recall: 0.14415 | ndcg: 0.06714 | hit_rate: 0.15586 | map: 0.04378
Thu 04 Apr 2024 18:48:00 INFO Test Metrics:
Thu 04 Apr 2024 18:48:00 INFO 5: precision: 0.02492 | recall: 0.06738 | ndcg: 0.05165 | hit_rate: 0.11013 | map: 0.03776
Thu 04 Apr 2024 18:48:00 INFO 10: precision: 0.01878 | recall: 0.10109 | ndcg: 0.06428 | hit_rate: 0.15786 | map: 0.04306
Thu 04 Apr 2024 18:48:00 INFO 20: precision: 0.01351 | recall: 0.14410 | ndcg: 0.07716 | hit_rate: 0.21767 | map: 0.04669
Thu 04 Apr 2024 18:48:10 INFO Epoch 23, Loss: 10.35335
Thu 04 Apr 2024 18:48:11 INFO Validation Metrics:
Thu 04 Apr 2024 18:48:11 INFO 5: precision: 0.01501 | recall: 0.06632 | ndcg: 0.04457 | hit_rate: 0.07299 | map: 0.03610
Thu 04 Apr 2024 18:48:11 INFO 10: precision: 0.01142 | recall: 0.09881 | ndcg: 0.05543 | hit_rate: 0.10813 | map: 0.04065
Thu 04 Apr 2024 18:48:11 INFO 20: precision: 0.00840 | recall: 0.14346 | ndcg: 0.06708 | hit_rate: 0.15521 | map: 0.04388
Thu 04 Apr 2024 18:48:11 INFO Test Metrics:
Thu 04 Apr 2024 18:48:11 INFO 5: precision: 0.02474 | recall: 0.06701 | ndcg: 0.05106 | hit_rate: 0.10942 | map: 0.03724
Thu 04 Apr 2024 18:48:11 INFO 10: precision: 0.01880 | recall: 0.10084 | ndcg: 0.06384 | hit_rate: 0.15870 | map: 0.04257
Thu 04 Apr 2024 18:48:11 INFO 20: precision: 0.01348 | recall: 0.14418 | ndcg: 0.07673 | hit_rate: 0.21806 | map: 0.04621
Thu 04 Apr 2024 18:48:22 INFO Epoch 24, Loss: 10.19194
Thu 04 Apr 2024 18:48:22 INFO Validation Metrics:
Thu 04 Apr 2024 18:48:22 INFO 5: precision: 0.01505 | recall: 0.06590 | ndcg: 0.04446 | hit_rate: 0.07299 | map: 0.03599
Thu 04 Apr 2024 18:48:22 INFO 10: precision: 0.01143 | recall: 0.09870 | ndcg: 0.05538 | hit_rate: 0.10825 | map: 0.04056
Thu 04 Apr 2024 18:48:22 INFO 20: precision: 0.00838 | recall: 0.14307 | ndcg: 0.06693 | hit_rate: 0.15495 | map: 0.04376
Thu 04 Apr 2024 18:48:22 INFO Test Metrics:
Thu 04 Apr 2024 18:48:22 INFO 5: precision: 0.02484 | recall: 0.06722 | ndcg: 0.05137 | hit_rate: 0.10987 | map: 0.03748
Thu 04 Apr 2024 18:48:22 INFO 10: precision: 0.01878 | recall: 0.10079 | ndcg: 0.06404 | hit_rate: 0.15818 | map: 0.04282
Thu 04 Apr 2024 18:48:22 INFO 20: precision: 0.01350 | recall: 0.14398 | ndcg: 0.07693 | hit_rate: 0.21761 | map: 0.04646
Thu 04 Apr 2024 18:48:33 INFO Epoch 25, Loss: 10.11730
Thu 04 Apr 2024 18:48:33 INFO Validation Metrics:
Thu 04 Apr 2024 18:48:33 INFO 5: precision: 0.01504 | recall: 0.06582 | ndcg: 0.04437 | hit_rate: 0.07286 | map: 0.03590
Thu 04 Apr 2024 18:48:33 INFO 10: precision: 0.01145 | recall: 0.09892 | ndcg: 0.05537 | hit_rate: 0.10838 | map: 0.04049
Thu 04 Apr 2024 18:48:33 INFO 20: precision: 0.00839 | recall: 0.14331 | ndcg: 0.06689 | hit_rate: 0.15521 | map: 0.04366
Thu 04 Apr 2024 18:48:33 INFO Test Metrics:
Thu 04 Apr 2024 18:48:33 INFO 5: precision: 0.02471 | recall: 0.06709 | ndcg: 0.05156 | hit_rate: 0.10916 | map: 0.03779
Thu 04 Apr 2024 18:48:33 INFO 10: precision: 0.01898 | recall: 0.10162 | ndcg: 0.06465 | hit_rate: 0.15980 | map: 0.04324
Thu 04 Apr 2024 18:48:33 INFO 20: precision: 0.01351 | recall: 0.14403 | ndcg: 0.07723 | hit_rate: 0.21754 | map: 0.04679
Thu 04 Apr 2024 18:48:44 INFO Epoch 26, Loss: 10.12259
Thu 04 Apr 2024 18:48:45 INFO Validation Metrics:
Thu 04 Apr 2024 18:48:45 INFO 5: precision: 0.01515 | recall: 0.06645 | ndcg: 0.04465 | hit_rate: 0.07370 | map: 0.03606
Thu 04 Apr 2024 18:48:45 INFO 10: precision: 0.01140 | recall: 0.09904 | ndcg: 0.05542 | hit_rate: 0.10832 | map: 0.04055
Thu 04 Apr 2024 18:48:45 INFO 20: precision: 0.00839 | recall: 0.14293 | ndcg: 0.06689 | hit_rate: 0.15482 | map: 0.04372
Thu 04 Apr 2024 18:48:45 INFO Test Metrics:
Thu 04 Apr 2024 18:48:45 INFO 5: precision: 0.02493 | recall: 0.06750 | ndcg: 0.05145 | hit_rate: 0.11026 | map: 0.03748
Thu 04 Apr 2024 18:48:45 INFO 10: precision: 0.01890 | recall: 0.10090 | ndcg: 0.06413 | hit_rate: 0.15838 | map: 0.04283
Thu 04 Apr 2024 18:48:45 INFO 20: precision: 0.01348 | recall: 0.14384 | ndcg: 0.07688 | hit_rate: 0.21741 | map: 0.04642
Thu 04 Apr 2024 18:48:55 INFO Epoch 27, Loss: 10.05202
Thu 04 Apr 2024 18:48:56 INFO Validation Metrics:
Thu 04 Apr 2024 18:48:56 INFO 5: precision: 0.01520 | recall: 0.06657 | ndcg: 0.04450 | hit_rate: 0.07389 | map: 0.03581
Thu 04 Apr 2024 18:48:56 INFO 10: precision: 0.01147 | recall: 0.09954 | ndcg: 0.05539 | hit_rate: 0.10890 | map: 0.04034
Thu 04 Apr 2024 18:48:56 INFO 20: precision: 0.00834 | recall: 0.14216 | ndcg: 0.06652 | hit_rate: 0.15431 | map: 0.04342
Thu 04 Apr 2024 18:48:56 INFO Test Metrics:
Thu 04 Apr 2024 18:48:56 INFO 5: precision: 0.02476 | recall: 0.06731 | ndcg: 0.05112 | hit_rate: 0.10948 | map: 0.03719
Thu 04 Apr 2024 18:48:56 INFO 10: precision: 0.01896 | recall: 0.10124 | ndcg: 0.06401 | hit_rate: 0.15877 | map: 0.04259
Thu 04 Apr 2024 18:48:56 INFO 20: precision: 0.01352 | recall: 0.14425 | ndcg: 0.07677 | hit_rate: 0.21696 | map: 0.04620
Thu 04 Apr 2024 18:49:06 INFO Epoch 28, Loss: 9.94187
Thu 04 Apr 2024 18:49:07 INFO Validation Metrics:
Thu 04 Apr 2024 18:49:07 INFO 5: precision: 0.01510 | recall: 0.06631 | ndcg: 0.04442 | hit_rate: 0.07344 | map: 0.03582
Thu 04 Apr 2024 18:49:07 INFO 10: precision: 0.01146 | recall: 0.09907 | ndcg: 0.05535 | hit_rate: 0.10845 | map: 0.04040
Thu 04 Apr 2024 18:49:07 INFO 20: precision: 0.00834 | recall: 0.14148 | ndcg: 0.06644 | hit_rate: 0.15353 | map: 0.04347
Thu 04 Apr 2024 18:49:07 INFO Test Metrics:
Thu 04 Apr 2024 18:49:07 INFO 5: precision: 0.02453 | recall: 0.06662 | ndcg: 0.05036 | hit_rate: 0.10871 | map: 0.03647
Thu 04 Apr 2024 18:49:07 INFO 10: precision: 0.01888 | recall: 0.10064 | ndcg: 0.06332 | hit_rate: 0.15831 | map: 0.04193
Thu 04 Apr 2024 18:49:07 INFO 20: precision: 0.01360 | recall: 0.14488 | ndcg: 0.07642 | hit_rate: 0.21774 | map: 0.04563
Thu 04 Apr 2024 18:49:17 INFO Epoch 29, Loss: 9.88335
Thu 04 Apr 2024 18:49:18 INFO Validation Metrics:
Thu 04 Apr 2024 18:49:18 INFO 5: precision: 0.01541 | recall: 0.06751 | ndcg: 0.04495 | hit_rate: 0.07486 | map: 0.03610
Thu 04 Apr 2024 18:49:18 INFO 10: precision: 0.01152 | recall: 0.09939 | ndcg: 0.05552 | hit_rate: 0.10884 | map: 0.04051
Thu 04 Apr 2024 18:49:18 INFO 20: precision: 0.00832 | recall: 0.14133 | ndcg: 0.06647 | hit_rate: 0.15302 | map: 0.04354
Thu 04 Apr 2024 18:49:18 INFO Test Metrics:
Thu 04 Apr 2024 18:49:18 INFO 5: precision: 0.02485 | recall: 0.06747 | ndcg: 0.05111 | hit_rate: 0.10987 | map: 0.03711
Thu 04 Apr 2024 18:49:18 INFO 10: precision: 0.01877 | recall: 0.10002 | ndcg: 0.06351 | hit_rate: 0.15754 | map: 0.04232
Thu 04 Apr 2024 18:49:18 INFO 20: precision: 0.01349 | recall: 0.14359 | ndcg: 0.07646 | hit_rate: 0.21619 | map: 0.04601
Thu 04 Apr 2024 18:49:28 INFO Epoch 30, Loss: 9.88352
Thu 04 Apr 2024 18:49:29 INFO Validation Metrics:
Thu 04 Apr 2024 18:49:29 INFO 5: precision: 0.01535 | recall: 0.06748 | ndcg: 0.04497 | hit_rate: 0.07447 | map: 0.03616
Thu 04 Apr 2024 18:49:29 INFO 10: precision: 0.01144 | recall: 0.09860 | ndcg: 0.05537 | hit_rate: 0.10800 | map: 0.04052
Thu 04 Apr 2024 18:49:29 INFO 20: precision: 0.00829 | recall: 0.14060 | ndcg: 0.06635 | hit_rate: 0.15244 | map: 0.04356
Thu 04 Apr 2024 18:49:29 INFO Test Metrics:
Thu 04 Apr 2024 18:49:29 INFO 5: precision: 0.02482 | recall: 0.06734 | ndcg: 0.05110 | hit_rate: 0.10922 | map: 0.03717
Thu 04 Apr 2024 18:49:29 INFO 10: precision: 0.01880 | recall: 0.10035 | ndcg: 0.06359 | hit_rate: 0.15805 | map: 0.04238
Thu 04 Apr 2024 18:49:29 INFO 20: precision: 0.01349 | recall: 0.14271 | ndcg: 0.07629 | hit_rate: 0.21586 | map: 0.04600
Thu 04 Apr 2024 18:49:39 INFO Epoch 31, Loss: 9.77746
Thu 04 Apr 2024 18:49:40 INFO Validation Metrics:
Thu 04 Apr 2024 18:49:40 INFO 5: precision: 0.01524 | recall: 0.06691 | ndcg: 0.04489 | hit_rate: 0.07409 | map: 0.03623
Thu 04 Apr 2024 18:49:40 INFO 10: precision: 0.01145 | recall: 0.09899 | ndcg: 0.05557 | hit_rate: 0.10838 | map: 0.04071
Thu 04 Apr 2024 18:49:40 INFO 20: precision: 0.00830 | recall: 0.14081 | ndcg: 0.06650 | hit_rate: 0.15269 | map: 0.04373
Thu 04 Apr 2024 18:49:40 INFO Test Metrics:
Thu 04 Apr 2024 18:49:40 INFO 5: precision: 0.02497 | recall: 0.06765 | ndcg: 0.05129 | hit_rate: 0.10942 | map: 0.03733
Thu 04 Apr 2024 18:49:40 INFO 10: precision: 0.01889 | recall: 0.10077 | ndcg: 0.06381 | hit_rate: 0.15831 | map: 0.04254
Thu 04 Apr 2024 18:49:40 INFO 20: precision: 0.01346 | recall: 0.14229 | ndcg: 0.07627 | hit_rate: 0.21541 | map: 0.04608
Thu 04 Apr 2024 18:49:51 INFO Epoch 32, Loss: 9.75103
Thu 04 Apr 2024 18:49:51 INFO Validation Metrics:
Thu 04 Apr 2024 18:49:51 INFO 5: precision: 0.01514 | recall: 0.06627 | ndcg: 0.04448 | hit_rate: 0.07344 | map: 0.03589
Thu 04 Apr 2024 18:49:51 INFO 10: precision: 0.01146 | recall: 0.09847 | ndcg: 0.05524 | hit_rate: 0.10800 | map: 0.04042
Thu 04 Apr 2024 18:49:51 INFO 20: precision: 0.00830 | recall: 0.14066 | ndcg: 0.06626 | hit_rate: 0.15250 | map: 0.04347
Thu 04 Apr 2024 18:49:51 INFO Test Metrics:
Thu 04 Apr 2024 18:49:51 INFO 5: precision: 0.02505 | recall: 0.06787 | ndcg: 0.05146 | hit_rate: 0.10961 | map: 0.03748
Thu 04 Apr 2024 18:49:51 INFO 10: precision: 0.01887 | recall: 0.10066 | ndcg: 0.06388 | hit_rate: 0.15831 | map: 0.04263
Thu 04 Apr 2024 18:49:51 INFO 20: precision: 0.01348 | recall: 0.14236 | ndcg: 0.07638 | hit_rate: 0.21483 | map: 0.04620
Thu 04 Apr 2024 18:50:02 INFO Epoch 33, Loss: 9.70285
Thu 04 Apr 2024 18:50:03 INFO Validation Metrics:
Thu 04 Apr 2024 18:50:03 INFO 5: precision: 0.01510 | recall: 0.06595 | ndcg: 0.04438 | hit_rate: 0.07331 | map: 0.03586
Thu 04 Apr 2024 18:50:03 INFO 10: precision: 0.01144 | recall: 0.09864 | ndcg: 0.05529 | hit_rate: 0.10819 | map: 0.04045
Thu 04 Apr 2024 18:50:03 INFO 20: precision: 0.00829 | recall: 0.14040 | ndcg: 0.06623 | hit_rate: 0.15205 | map: 0.04350
Thu 04 Apr 2024 18:50:03 INFO Test Metrics:
Thu 04 Apr 2024 18:50:03 INFO 5: precision: 0.02497 | recall: 0.06765 | ndcg: 0.05149 | hit_rate: 0.10948 | map: 0.03762
Thu 04 Apr 2024 18:50:03 INFO 10: precision: 0.01884 | recall: 0.10038 | ndcg: 0.06390 | hit_rate: 0.15741 | map: 0.04281
Thu 04 Apr 2024 18:50:03 INFO 20: precision: 0.01345 | recall: 0.14173 | ndcg: 0.07633 | hit_rate: 0.21451 | map: 0.04633
Thu 04 Apr 2024 18:50:14 INFO Epoch 34, Loss: 9.67881
Thu 04 Apr 2024 18:50:14 INFO Validation Metrics:
Thu 04 Apr 2024 18:50:14 INFO 5: precision: 0.01510 | recall: 0.06615 | ndcg: 0.04425 | hit_rate: 0.07325 | map: 0.03566
Thu 04 Apr 2024 18:50:14 INFO 10: precision: 0.01147 | recall: 0.09901 | ndcg: 0.05520 | hit_rate: 0.10864 | map: 0.04024
Thu 04 Apr 2024 18:50:14 INFO 20: precision: 0.00832 | recall: 0.14067 | ndcg: 0.06609 | hit_rate: 0.15256 | map: 0.04325
Thu 04 Apr 2024 18:50:14 INFO Test Metrics:
Thu 04 Apr 2024 18:50:14 INFO 5: precision: 0.02478 | recall: 0.06731 | ndcg: 0.05124 | hit_rate: 0.10832 | map: 0.03744
Thu 04 Apr 2024 18:50:14 INFO 10: precision: 0.01876 | recall: 0.09981 | ndcg: 0.06362 | hit_rate: 0.15721 | map: 0.04256
Thu 04 Apr 2024 18:50:14 INFO 20: precision: 0.01344 | recall: 0.14147 | ndcg: 0.07614 | hit_rate: 0.21373 | map: 0.04615
Thu 04 Apr 2024 18:50:25 INFO Epoch 35, Loss: 9.63242
Thu 04 Apr 2024 18:50:26 INFO Validation Metrics:
Thu 04 Apr 2024 18:50:26 INFO 5: precision: 0.01524 | recall: 0.06685 | ndcg: 0.04441 | hit_rate: 0.07389 | map: 0.03563
Thu 04 Apr 2024 18:50:26 INFO 10: precision: 0.01146 | recall: 0.09895 | ndcg: 0.05503 | hit_rate: 0.10851 | map: 0.04004
Thu 04 Apr 2024 18:50:26 INFO 20: precision: 0.00825 | recall: 0.13987 | ndcg: 0.06573 | hit_rate: 0.15166 | map: 0.04301
Thu 04 Apr 2024 18:50:26 INFO Test Metrics:
Thu 04 Apr 2024 18:50:26 INFO 5: precision: 0.02480 | recall: 0.06711 | ndcg: 0.05105 | hit_rate: 0.10838 | map: 0.03722
Thu 04 Apr 2024 18:50:26 INFO 10: precision: 0.01871 | recall: 0.09955 | ndcg: 0.06336 | hit_rate: 0.15599 | map: 0.04238
Thu 04 Apr 2024 18:50:26 INFO 20: precision: 0.01342 | recall: 0.14120 | ndcg: 0.07591 | hit_rate: 0.21328 | map: 0.04596
Thu 04 Apr 2024 18:50:37 INFO Epoch 36, Loss: 9.61836
Thu 04 Apr 2024 18:50:37 INFO Validation Metrics:
Thu 04 Apr 2024 18:50:37 INFO 5: precision: 0.01518 | recall: 0.06661 | ndcg: 0.04434 | hit_rate: 0.07363 | map: 0.03560
Thu 04 Apr 2024 18:50:37 INFO 10: precision: 0.01134 | recall: 0.09798 | ndcg: 0.05476 | hit_rate: 0.10735 | map: 0.03996
Thu 04 Apr 2024 18:50:37 INFO 20: precision: 0.00825 | recall: 0.13979 | ndcg: 0.06573 | hit_rate: 0.15153 | map: 0.04301
Thu 04 Apr 2024 18:50:37 INFO Test Metrics:
Thu 04 Apr 2024 18:50:37 INFO 5: precision: 0.02489 | recall: 0.06749 | ndcg: 0.05113 | hit_rate: 0.10858 | map: 0.03728
Thu 04 Apr 2024 18:50:37 INFO 10: precision: 0.01878 | recall: 0.09998 | ndcg: 0.06343 | hit_rate: 0.15644 | map: 0.04241
Thu 04 Apr 2024 18:50:37 INFO 20: precision: 0.01347 | recall: 0.14147 | ndcg: 0.07595 | hit_rate: 0.21341 | map: 0.04600
Thu 04 Apr 2024 18:50:48 INFO Epoch 37, Loss: 9.57079
Thu 04 Apr 2024 18:50:49 INFO Validation Metrics:
Thu 04 Apr 2024 18:50:49 INFO 5: precision: 0.01539 | recall: 0.06741 | ndcg: 0.04452 | hit_rate: 0.07467 | map: 0.03557
Thu 04 Apr 2024 18:50:49 INFO 10: precision: 0.01126 | recall: 0.09719 | ndcg: 0.05441 | hit_rate: 0.10664 | map: 0.03971
Thu 04 Apr 2024 18:50:49 INFO 20: precision: 0.00831 | recall: 0.14103 | ndcg: 0.06589 | hit_rate: 0.15282 | map: 0.04290
Thu 04 Apr 2024 18:50:49 INFO Test Metrics:
Thu 04 Apr 2024 18:50:49 INFO 5: precision: 0.02483 | recall: 0.06726 | ndcg: 0.05138 | hit_rate: 0.10851 | map: 0.03764
Thu 04 Apr 2024 18:50:49 INFO 10: precision: 0.01871 | recall: 0.09961 | ndcg: 0.06364 | hit_rate: 0.15612 | map: 0.04277
Thu 04 Apr 2024 18:50:49 INFO 20: precision: 0.01336 | recall: 0.14060 | ndcg: 0.07600 | hit_rate: 0.21238 | map: 0.04633
Thu 04 Apr 2024 18:51:00 INFO Epoch 38, Loss: 9.52240
Thu 04 Apr 2024 18:51:01 INFO Validation Metrics:
Thu 04 Apr 2024 18:51:01 INFO 5: precision: 0.01511 | recall: 0.06600 | ndcg: 0.04399 | hit_rate: 0.07344 | map: 0.03530
Thu 04 Apr 2024 18:51:01 INFO 10: precision: 0.01139 | recall: 0.09801 | ndcg: 0.05465 | hit_rate: 0.10780 | map: 0.03977
Thu 04 Apr 2024 18:51:01 INFO 20: precision: 0.00829 | recall: 0.14069 | ndcg: 0.06580 | hit_rate: 0.15263 | map: 0.04287
Thu 04 Apr 2024 18:51:01 INFO Test Metrics:
Thu 04 Apr 2024 18:51:01 INFO 5: precision: 0.02497 | recall: 0.06754 | ndcg: 0.05165 | hit_rate: 0.10903 | map: 0.03782
Thu 04 Apr 2024 18:51:01 INFO 10: precision: 0.01884 | recall: 0.10005 | ndcg: 0.06395 | hit_rate: 0.15689 | map: 0.04297
Thu 04 Apr 2024 18:51:01 INFO 20: precision: 0.01331 | recall: 0.14002 | ndcg: 0.07598 | hit_rate: 0.21154 | map: 0.04645
Thu 04 Apr 2024 18:51:11 INFO Epoch 39, Loss: 9.55243
Thu 04 Apr 2024 18:51:12 INFO Validation Metrics:
Thu 04 Apr 2024 18:51:12 INFO 5: precision: 0.01520 | recall: 0.06624 | ndcg: 0.04373 | hit_rate: 0.07370 | map: 0.03490
Thu 04 Apr 2024 18:51:12 INFO 10: precision: 0.01137 | recall: 0.09789 | ndcg: 0.05422 | hit_rate: 0.10735 | map: 0.03929
Thu 04 Apr 2024 18:51:12 INFO 20: precision: 0.00834 | recall: 0.14163 | ndcg: 0.06562 | hit_rate: 0.15340 | map: 0.04244
Thu 04 Apr 2024 18:51:12 INFO Test Metrics:
Thu 04 Apr 2024 18:51:12 INFO 5: precision: 0.02482 | recall: 0.06719 | ndcg: 0.05130 | hit_rate: 0.10884 | map: 0.03750
Thu 04 Apr 2024 18:51:12 INFO 10: precision: 0.01891 | recall: 0.10053 | ndcg: 0.06394 | hit_rate: 0.15721 | map: 0.04282
Thu 04 Apr 2024 18:51:12 INFO 20: precision: 0.01336 | recall: 0.14058 | ndcg: 0.07596 | hit_rate: 0.21212 | map: 0.04626
Thu 04 Apr 2024 18:51:22 INFO Epoch 40, Loss: 9.48824
Thu 04 Apr 2024 18:51:23 INFO Validation Metrics:
Thu 04 Apr 2024 18:51:23 INFO 5: precision: 0.01515 | recall: 0.06620 | ndcg: 0.04381 | hit_rate: 0.07363 | map: 0.03504
Thu 04 Apr 2024 18:51:23 INFO 10: precision: 0.01134 | recall: 0.09757 | ndcg: 0.05423 | hit_rate: 0.10703 | map: 0.03940
Thu 04 Apr 2024 18:51:23 INFO 20: precision: 0.00824 | recall: 0.14013 | ndcg: 0.06531 | hit_rate: 0.15166 | map: 0.04247
Thu 04 Apr 2024 18:51:23 INFO Test Metrics:
Thu 04 Apr 2024 18:51:23 INFO 5: precision: 0.02478 | recall: 0.06722 | ndcg: 0.05130 | hit_rate: 0.10858 | map: 0.03750
Thu 04 Apr 2024 18:51:23 INFO 10: precision: 0.01887 | recall: 0.10017 | ndcg: 0.06382 | hit_rate: 0.15754 | map: 0.04273
Thu 04 Apr 2024 18:51:23 INFO 20: precision: 0.01331 | recall: 0.14014 | ndcg: 0.07579 | hit_rate: 0.21212 | map: 0.04616
Thu 04 Apr 2024 18:51:23 INFO Best Test Metrics:
Thu 04 Apr 2024 18:51:23 INFO 5: precision: 0.02464 | recall: 0.06663 | ndcg: 0.05113 | hit_rate: 0.10851 | map: 0.03746
Thu 04 Apr 2024 18:51:23 INFO 10: precision: 0.01874 | recall: 0.10086 | ndcg: 0.06400 | hit_rate: 0.15864 | map: 0.04278
Thu 04 Apr 2024 18:51:23 INFO 20: precision: 0.01363 | recall: 0.14556 | ndcg: 0.07733 | hit_rate: 0.22038 | map: 0.04654
Thu 04 Apr 2024 18:51:23 INFO Best performance: 0.14556
Thu 04 Apr 2024 18:51:23 INFO Best parameters: {'n_layers': 3, 'learning_rate': 0.001, 'reg_weight': 0.001, 'ssl_alpha': 0.01, 'ssl_temp': 0.2}
Thu 04 Apr 2024 18:51:23 INFO Best metrics:
Thu 04 Apr 2024 18:51:23 INFO 5: precision: 0.02464 | recall: 0.06663 | ndcg: 0.05113 | hit_rate: 0.10851 | map: 0.03746
Thu 04 Apr 2024 18:51:23 INFO 10: precision: 0.01874 | recall: 0.10086 | ndcg: 0.06400 | hit_rate: 0.15864 | map: 0.04278
Thu 04 Apr 2024 18:51:23 INFO 20: precision: 0.01363 | recall: 0.14556 | ndcg: 0.07733 | hit_rate: 0.22038 | map: 0.04654
