Sat 09 Mar 2024 18:18:10 INFO ============Arguments==============
Sat 09 Mar 2024 18:18:10 INFO Model: HCCF
Sat 09 Mar 2024 18:18:10 INFO data_path: beauty
Sat 09 Mar 2024 18:18:10 INFO learning_rate: 0.001
Sat 09 Mar 2024 18:18:10 INFO feature_embed: 64
Sat 09 Mar 2024 18:18:10 INFO batch_size: 1024
Sat 09 Mar 2024 18:18:10 INFO aggr_mode: add
Sat 09 Mar 2024 18:18:10 INFO reg_weight: 0.001
Sat 09 Mar 2024 18:18:10 INFO dim_E: 64
Sat 09 Mar 2024 18:18:10 INFO num_epoch: 1000
Sat 09 Mar 2024 18:18:10 INFO dropout: 0.2
Sat 09 Mar 2024 18:18:10 INFO n_layers: 2
Sat 09 Mar 2024 18:18:10 INFO corDecay: 0.001
Sat 09 Mar 2024 18:18:10 INFO n_factors: 4
Sat 09 Mar 2024 18:18:10 INFO n_iterations: 3
Sat 09 Mar 2024 18:18:10 INFO cl_weight: 2.0
Sat 09 Mar 2024 18:18:10 INFO mm_layers: 2
Sat 09 Mar 2024 18:18:10 INFO ii_topk: 10
Sat 09 Mar 2024 18:18:10 INFO uu_topk: 40
Sat 09 Mar 2024 18:18:10 INFO lambda_coeff: 0.9
Sat 09 Mar 2024 18:18:10 INFO ssl_temp: 0.9
Sat 09 Mar 2024 18:18:10 INFO ssl_alpha: 0.9
Sat 09 Mar 2024 18:18:10 INFO ae_weight: 0.1
Sat 09 Mar 2024 18:18:10 INFO threshold: 0.1
Sat 09 Mar 2024 18:18:10 INFO seed: 42
Sat 09 Mar 2024 18:18:10 INFO num_workers: 1
Sat 09 Mar 2024 18:18:10 INFO topk: [5, 10, 20]
Sat 09 Mar 2024 18:18:10 INFO local time£ºMar-09-2024-18-18-10
Sat 09 Mar 2024 18:18:10 INFO =========1/1: Parameters:{'n_layers': 2, 'learning_rate': 0.001, 'reg_weight': 1, 'ssl_alpha': 0.01, 'ssl_temp': 0.1}=========
Sat 09 Mar 2024 18:18:15 INFO Epoch 1, Loss: 67.65997
Sat 09 Mar 2024 18:18:16 INFO Validation Metrics:
Sat 09 Mar 2024 18:18:16 INFO 5: precision: 0.00831 | recall: 0.03412 | ndcg: 0.02249 | hit_rate: 0.03927 | map: 0.01759
Sat 09 Mar 2024 18:18:16 INFO 10: precision: 0.00648 | recall: 0.05236 | ndcg: 0.02859 | hit_rate: 0.05942 | map: 0.02012
Sat 09 Mar 2024 18:18:16 INFO 20: precision: 0.00482 | recall: 0.07611 | ndcg: 0.03493 | hit_rate: 0.08539 | map: 0.02192
Sat 09 Mar 2024 18:18:16 INFO Test Metrics:
Sat 09 Mar 2024 18:18:16 INFO 5: precision: 0.01497 | recall: 0.03793 | ndcg: 0.02922 | hit_rate: 0.06369 | map: 0.02107
Sat 09 Mar 2024 18:18:16 INFO 10: precision: 0.01128 | recall: 0.05571 | ndcg: 0.03608 | hit_rate: 0.08946 | map: 0.02405
Sat 09 Mar 2024 18:18:16 INFO 20: precision: 0.00806 | recall: 0.07802 | ndcg: 0.04301 | hit_rate: 0.11917 | map: 0.02614
Sat 09 Mar 2024 18:18:20 INFO Epoch 2, Loss: 55.76002
Sat 09 Mar 2024 18:18:20 INFO Validation Metrics:
Sat 09 Mar 2024 18:18:20 INFO 5: precision: 0.00835 | recall: 0.03472 | ndcg: 0.02243 | hit_rate: 0.03947 | map: 0.01748
Sat 09 Mar 2024 18:18:20 INFO 10: precision: 0.00670 | recall: 0.05537 | ndcg: 0.02928 | hit_rate: 0.06194 | map: 0.02031
Sat 09 Mar 2024 18:18:20 INFO 20: precision: 0.00478 | recall: 0.07852 | ndcg: 0.03540 | hit_rate: 0.08655 | map: 0.02205
Sat 09 Mar 2024 18:18:20 INFO Test Metrics:
Sat 09 Mar 2024 18:18:20 INFO 5: precision: 0.01446 | recall: 0.03704 | ndcg: 0.02837 | hit_rate: 0.06149 | map: 0.02062
Sat 09 Mar 2024 18:18:20 INFO 10: precision: 0.01115 | recall: 0.05570 | ndcg: 0.03558 | hit_rate: 0.09101 | map: 0.02358
Sat 09 Mar 2024 18:18:20 INFO 20: precision: 0.00808 | recall: 0.08046 | ndcg: 0.04314 | hit_rate: 0.12557 | map: 0.02579
Sat 09 Mar 2024 18:18:24 INFO Epoch 3, Loss: 40.37822
Sat 09 Mar 2024 18:18:25 INFO Validation Metrics:
Sat 09 Mar 2024 18:18:25 INFO 5: precision: 0.01134 | recall: 0.04909 | ndcg: 0.03278 | hit_rate: 0.05490 | map: 0.02629
Sat 09 Mar 2024 18:18:25 INFO 10: precision: 0.00877 | recall: 0.07536 | ndcg: 0.04146 | hit_rate: 0.08294 | map: 0.02990
Sat 09 Mar 2024 18:18:25 INFO 20: precision: 0.00649 | recall: 0.10895 | ndcg: 0.05031 | hit_rate: 0.11904 | map: 0.03237
Sat 09 Mar 2024 18:18:25 INFO Test Metrics:
Sat 09 Mar 2024 18:18:25 INFO 5: precision: 0.01832 | recall: 0.04857 | ndcg: 0.03755 | hit_rate: 0.08106 | map: 0.02741
Sat 09 Mar 2024 18:18:25 INFO 10: precision: 0.01475 | recall: 0.07692 | ndcg: 0.04840 | hit_rate: 0.12305 | map: 0.03193
Sat 09 Mar 2024 18:18:25 INFO 20: precision: 0.01087 | recall: 0.11254 | ndcg: 0.05916 | hit_rate: 0.17381 | map: 0.03498
Sat 09 Mar 2024 18:18:28 INFO Epoch 4, Loss: 32.20687
Sat 09 Mar 2024 18:18:29 INFO Validation Metrics:
Sat 09 Mar 2024 18:18:29 INFO 5: precision: 0.01187 | recall: 0.05117 | ndcg: 0.03403 | hit_rate: 0.05742 | map: 0.02716
Sat 09 Mar 2024 18:18:29 INFO 10: precision: 0.00905 | recall: 0.07717 | ndcg: 0.04261 | hit_rate: 0.08507 | map: 0.03075
Sat 09 Mar 2024 18:18:29 INFO 20: precision: 0.00665 | recall: 0.11182 | ndcg: 0.05170 | hit_rate: 0.12169 | map: 0.03329
Sat 09 Mar 2024 18:18:29 INFO Test Metrics:
Sat 09 Mar 2024 18:18:29 INFO 5: precision: 0.01966 | recall: 0.05217 | ndcg: 0.03981 | hit_rate: 0.08720 | map: 0.02883
Sat 09 Mar 2024 18:18:29 INFO 10: precision: 0.01525 | recall: 0.07990 | ndcg: 0.05032 | hit_rate: 0.12705 | map: 0.03325
Sat 09 Mar 2024 18:18:29 INFO 20: precision: 0.01117 | recall: 0.11609 | ndcg: 0.06125 | hit_rate: 0.17672 | map: 0.03639
Sat 09 Mar 2024 18:18:33 INFO Epoch 5, Loss: 29.38047
Sat 09 Mar 2024 18:18:34 INFO Validation Metrics:
Sat 09 Mar 2024 18:18:34 INFO 5: precision: 0.01185 | recall: 0.05111 | ndcg: 0.03393 | hit_rate: 0.05716 | map: 0.02704
Sat 09 Mar 2024 18:18:34 INFO 10: precision: 0.00926 | recall: 0.07873 | ndcg: 0.04311 | hit_rate: 0.08694 | map: 0.03087
Sat 09 Mar 2024 18:18:34 INFO 20: precision: 0.00678 | recall: 0.11377 | ndcg: 0.05226 | hit_rate: 0.12401 | map: 0.03342
Sat 09 Mar 2024 18:18:34 INFO Test Metrics:
Sat 09 Mar 2024 18:18:34 INFO 5: precision: 0.01996 | recall: 0.05322 | ndcg: 0.04057 | hit_rate: 0.08778 | map: 0.02954
Sat 09 Mar 2024 18:18:34 INFO 10: precision: 0.01556 | recall: 0.08168 | ndcg: 0.05141 | hit_rate: 0.12925 | map: 0.03410
Sat 09 Mar 2024 18:18:34 INFO 20: precision: 0.01121 | recall: 0.11620 | ndcg: 0.06184 | hit_rate: 0.17756 | map: 0.03707
Sat 09 Mar 2024 18:18:37 INFO Epoch 6, Loss: 28.32372
Sat 09 Mar 2024 18:18:38 INFO Validation Metrics:
Sat 09 Mar 2024 18:18:38 INFO 5: precision: 0.01196 | recall: 0.05149 | ndcg: 0.03433 | hit_rate: 0.05742 | map: 0.02750
Sat 09 Mar 2024 18:18:38 INFO 10: precision: 0.00922 | recall: 0.07833 | ndcg: 0.04327 | hit_rate: 0.08623 | map: 0.03126
Sat 09 Mar 2024 18:18:38 INFO 20: precision: 0.00674 | recall: 0.11259 | ndcg: 0.05230 | hit_rate: 0.12285 | map: 0.03379
Sat 09 Mar 2024 18:18:38 INFO Test Metrics:
Sat 09 Mar 2024 18:18:38 INFO 5: precision: 0.01960 | recall: 0.05306 | ndcg: 0.04046 | hit_rate: 0.08571 | map: 0.02971
Sat 09 Mar 2024 18:18:38 INFO 10: precision: 0.01537 | recall: 0.08113 | ndcg: 0.05122 | hit_rate: 0.12712 | map: 0.03424
Sat 09 Mar 2024 18:18:38 INFO 20: precision: 0.01118 | recall: 0.11632 | ndcg: 0.06191 | hit_rate: 0.17724 | map: 0.03726
Sat 09 Mar 2024 18:18:42 INFO Epoch 7, Loss: 27.68892
Sat 09 Mar 2024 18:18:43 INFO Validation Metrics:
Sat 09 Mar 2024 18:18:43 INFO 5: precision: 0.01204 | recall: 0.05214 | ndcg: 0.03425 | hit_rate: 0.05787 | map: 0.02717
Sat 09 Mar 2024 18:18:43 INFO 10: precision: 0.00919 | recall: 0.07867 | ndcg: 0.04304 | hit_rate: 0.08636 | map: 0.03084
Sat 09 Mar 2024 18:18:43 INFO 20: precision: 0.00680 | recall: 0.11350 | ndcg: 0.05222 | hit_rate: 0.12395 | map: 0.03339
Sat 09 Mar 2024 18:18:43 INFO Test Metrics:
Sat 09 Mar 2024 18:18:43 INFO 5: precision: 0.02006 | recall: 0.05369 | ndcg: 0.04104 | hit_rate: 0.08726 | map: 0.03011
Sat 09 Mar 2024 18:18:43 INFO 10: precision: 0.01560 | recall: 0.08233 | ndcg: 0.05192 | hit_rate: 0.12970 | map: 0.03462
Sat 09 Mar 2024 18:18:43 INFO 20: precision: 0.01117 | recall: 0.11572 | ndcg: 0.06212 | hit_rate: 0.17698 | map: 0.03756
Sat 09 Mar 2024 18:18:46 INFO Epoch 8, Loss: 27.25892
Sat 09 Mar 2024 18:18:47 INFO Validation Metrics:
Sat 09 Mar 2024 18:18:47 INFO 5: precision: 0.01178 | recall: 0.05093 | ndcg: 0.03366 | hit_rate: 0.05645 | map: 0.02687
Sat 09 Mar 2024 18:18:47 INFO 10: precision: 0.00929 | recall: 0.07933 | ndcg: 0.04314 | hit_rate: 0.08713 | map: 0.03084
Sat 09 Mar 2024 18:18:47 INFO 20: precision: 0.00687 | recall: 0.11497 | ndcg: 0.05250 | hit_rate: 0.12479 | map: 0.03344
Sat 09 Mar 2024 18:18:47 INFO Test Metrics:
Sat 09 Mar 2024 18:18:47 INFO 5: precision: 0.01975 | recall: 0.05292 | ndcg: 0.04052 | hit_rate: 0.08642 | map: 0.02975
Sat 09 Mar 2024 18:18:47 INFO 10: precision: 0.01559 | recall: 0.08247 | ndcg: 0.05175 | hit_rate: 0.12938 | map: 0.03446
Sat 09 Mar 2024 18:18:47 INFO 20: precision: 0.01138 | recall: 0.11809 | ndcg: 0.06259 | hit_rate: 0.18021 | map: 0.03753
Sat 09 Mar 2024 18:18:51 INFO Epoch 9, Loss: 26.93867
Sat 09 Mar 2024 18:18:52 INFO Validation Metrics:
Sat 09 Mar 2024 18:18:52 INFO 5: precision: 0.01218 | recall: 0.05246 | ndcg: 0.03467 | hit_rate: 0.05807 | map: 0.02771
Sat 09 Mar 2024 18:18:52 INFO 10: precision: 0.00941 | recall: 0.08064 | ndcg: 0.04399 | hit_rate: 0.08830 | map: 0.03159
Sat 09 Mar 2024 18:18:52 INFO 20: precision: 0.00699 | recall: 0.11756 | ndcg: 0.05366 | hit_rate: 0.12750 | map: 0.03427
Sat 09 Mar 2024 18:18:52 INFO Test Metrics:
Sat 09 Mar 2024 18:18:52 INFO 5: precision: 0.01979 | recall: 0.05300 | ndcg: 0.04076 | hit_rate: 0.08629 | map: 0.03000
Sat 09 Mar 2024 18:18:52 INFO 10: precision: 0.01568 | recall: 0.08268 | ndcg: 0.05206 | hit_rate: 0.12970 | map: 0.03470
Sat 09 Mar 2024 18:18:52 INFO 20: precision: 0.01131 | recall: 0.11723 | ndcg: 0.06255 | hit_rate: 0.17963 | map: 0.03767
Sat 09 Mar 2024 18:18:55 INFO Epoch 10, Loss: 26.77115
Sat 09 Mar 2024 18:18:56 INFO Validation Metrics:
Sat 09 Mar 2024 18:18:56 INFO 5: precision: 0.01194 | recall: 0.05170 | ndcg: 0.03418 | hit_rate: 0.05729 | map: 0.02730
Sat 09 Mar 2024 18:18:56 INFO 10: precision: 0.00928 | recall: 0.07961 | ndcg: 0.04342 | hit_rate: 0.08733 | map: 0.03113
Sat 09 Mar 2024 18:18:56 INFO 20: precision: 0.00700 | recall: 0.11809 | ndcg: 0.05351 | hit_rate: 0.12828 | map: 0.03393
Sat 09 Mar 2024 18:18:56 INFO Test Metrics:
Sat 09 Mar 2024 18:18:56 INFO 5: precision: 0.02009 | recall: 0.05432 | ndcg: 0.04100 | hit_rate: 0.08752 | map: 0.02991
Sat 09 Mar 2024 18:18:56 INFO 10: precision: 0.01559 | recall: 0.08257 | ndcg: 0.05177 | hit_rate: 0.12918 | map: 0.03440
Sat 09 Mar 2024 18:18:56 INFO 20: precision: 0.01145 | recall: 0.11861 | ndcg: 0.06275 | hit_rate: 0.18092 | map: 0.03753
Sat 09 Mar 2024 18:19:00 INFO Epoch 11, Loss: 26.46212
Sat 09 Mar 2024 18:19:00 INFO Validation Metrics:
Sat 09 Mar 2024 18:19:00 INFO 5: precision: 0.01229 | recall: 0.05305 | ndcg: 0.03502 | hit_rate: 0.05891 | map: 0.02795
Sat 09 Mar 2024 18:19:00 INFO 10: precision: 0.00946 | recall: 0.08072 | ndcg: 0.04421 | hit_rate: 0.08881 | map: 0.03176
Sat 09 Mar 2024 18:19:00 INFO 20: precision: 0.00700 | recall: 0.11754 | ndcg: 0.05386 | hit_rate: 0.12789 | map: 0.03446
Sat 09 Mar 2024 18:19:00 INFO Test Metrics:
Sat 09 Mar 2024 18:19:00 INFO 5: precision: 0.02007 | recall: 0.05434 | ndcg: 0.04153 | hit_rate: 0.08784 | map: 0.03055
Sat 09 Mar 2024 18:19:00 INFO 10: precision: 0.01580 | recall: 0.08333 | ndcg: 0.05263 | hit_rate: 0.13073 | map: 0.03519
Sat 09 Mar 2024 18:19:00 INFO 20: precision: 0.01144 | recall: 0.11888 | ndcg: 0.06340 | hit_rate: 0.18086 | map: 0.03826
Sat 09 Mar 2024 18:19:04 INFO Epoch 12, Loss: 26.34492
Sat 09 Mar 2024 18:19:05 INFO Validation Metrics:
Sat 09 Mar 2024 18:19:05 INFO 5: precision: 0.01221 | recall: 0.05284 | ndcg: 0.03525 | hit_rate: 0.05878 | map: 0.02835
Sat 09 Mar 2024 18:19:05 INFO 10: precision: 0.00923 | recall: 0.07897 | ndcg: 0.04395 | hit_rate: 0.08681 | map: 0.03200
Sat 09 Mar 2024 18:19:05 INFO 20: precision: 0.00700 | recall: 0.11797 | ndcg: 0.05418 | hit_rate: 0.12802 | map: 0.03487
Sat 09 Mar 2024 18:19:05 INFO Test Metrics:
Sat 09 Mar 2024 18:19:05 INFO 5: precision: 0.01996 | recall: 0.05388 | ndcg: 0.04117 | hit_rate: 0.08739 | map: 0.03026
Sat 09 Mar 2024 18:19:05 INFO 10: precision: 0.01556 | recall: 0.08251 | ndcg: 0.05206 | hit_rate: 0.12899 | map: 0.03484
Sat 09 Mar 2024 18:19:05 INFO 20: precision: 0.01140 | recall: 0.11854 | ndcg: 0.06304 | hit_rate: 0.18021 | map: 0.03799
Sat 09 Mar 2024 18:19:09 INFO Epoch 13, Loss: 26.22053
Sat 09 Mar 2024 18:19:09 INFO Validation Metrics:
Sat 09 Mar 2024 18:19:09 INFO 5: precision: 0.01230 | recall: 0.05353 | ndcg: 0.03562 | hit_rate: 0.05904 | map: 0.02865
Sat 09 Mar 2024 18:19:09 INFO 10: precision: 0.00942 | recall: 0.08069 | ndcg: 0.04461 | hit_rate: 0.08855 | map: 0.03236
Sat 09 Mar 2024 18:19:09 INFO 20: precision: 0.00700 | recall: 0.11803 | ndcg: 0.05441 | hit_rate: 0.12828 | map: 0.03509
Sat 09 Mar 2024 18:19:09 INFO Test Metrics:
Sat 09 Mar 2024 18:19:09 INFO 5: precision: 0.02049 | recall: 0.05511 | ndcg: 0.04201 | hit_rate: 0.08881 | map: 0.03082
Sat 09 Mar 2024 18:19:09 INFO 10: precision: 0.01590 | recall: 0.08367 | ndcg: 0.05292 | hit_rate: 0.13144 | map: 0.03537
Sat 09 Mar 2024 18:19:09 INFO 20: precision: 0.01150 | recall: 0.12047 | ndcg: 0.06398 | hit_rate: 0.18241 | map: 0.03853
Sat 09 Mar 2024 18:19:13 INFO Epoch 14, Loss: 26.06214
Sat 09 Mar 2024 18:19:14 INFO Validation Metrics:
Sat 09 Mar 2024 18:19:14 INFO 5: precision: 0.01217 | recall: 0.05273 | ndcg: 0.03543 | hit_rate: 0.05852 | map: 0.02860
Sat 09 Mar 2024 18:19:14 INFO 10: precision: 0.00957 | recall: 0.08193 | ndcg: 0.04512 | hit_rate: 0.09030 | map: 0.03262
Sat 09 Mar 2024 18:19:14 INFO 20: precision: 0.00712 | recall: 0.11994 | ndcg: 0.05509 | hit_rate: 0.13015 | map: 0.03541
Sat 09 Mar 2024 18:19:14 INFO Test Metrics:
Sat 09 Mar 2024 18:19:14 INFO 5: precision: 0.02054 | recall: 0.05545 | ndcg: 0.04234 | hit_rate: 0.08926 | map: 0.03118
Sat 09 Mar 2024 18:19:14 INFO 10: precision: 0.01586 | recall: 0.08431 | ndcg: 0.05329 | hit_rate: 0.13267 | map: 0.03569
Sat 09 Mar 2024 18:19:14 INFO 20: precision: 0.01169 | recall: 0.12229 | ndcg: 0.06480 | hit_rate: 0.18635 | map: 0.03898
Sat 09 Mar 2024 18:19:18 INFO Epoch 15, Loss: 25.98988
Sat 09 Mar 2024 18:19:18 INFO Validation Metrics:
Sat 09 Mar 2024 18:19:18 INFO 5: precision: 0.01230 | recall: 0.05348 | ndcg: 0.03576 | hit_rate: 0.05917 | map: 0.02880
Sat 09 Mar 2024 18:19:18 INFO 10: precision: 0.00951 | recall: 0.08210 | ndcg: 0.04523 | hit_rate: 0.08972 | map: 0.03275
Sat 09 Mar 2024 18:19:18 INFO 20: precision: 0.00716 | recall: 0.12203 | ndcg: 0.05562 | hit_rate: 0.13196 | map: 0.03562
Sat 09 Mar 2024 18:19:18 INFO Test Metrics:
Sat 09 Mar 2024 18:19:18 INFO 5: precision: 0.02057 | recall: 0.05579 | ndcg: 0.04219 | hit_rate: 0.08926 | map: 0.03095
Sat 09 Mar 2024 18:19:18 INFO 10: precision: 0.01585 | recall: 0.08464 | ndcg: 0.05320 | hit_rate: 0.13131 | map: 0.03558
Sat 09 Mar 2024 18:19:18 INFO 20: precision: 0.01172 | recall: 0.12276 | ndcg: 0.06478 | hit_rate: 0.18725 | map: 0.03883
Sat 09 Mar 2024 18:19:22 INFO Epoch 16, Loss: 25.88810
Sat 09 Mar 2024 18:19:23 INFO Validation Metrics:
Sat 09 Mar 2024 18:19:23 INFO 5: precision: 0.01236 | recall: 0.05382 | ndcg: 0.03591 | hit_rate: 0.05955 | map: 0.02888
Sat 09 Mar 2024 18:19:23 INFO 10: precision: 0.00953 | recall: 0.08235 | ndcg: 0.04536 | hit_rate: 0.09023 | map: 0.03283
Sat 09 Mar 2024 18:19:23 INFO 20: precision: 0.00712 | recall: 0.12050 | ndcg: 0.05538 | hit_rate: 0.13054 | map: 0.03563
Sat 09 Mar 2024 18:19:23 INFO Test Metrics:
Sat 09 Mar 2024 18:19:23 INFO 5: precision: 0.02075 | recall: 0.05592 | ndcg: 0.04285 | hit_rate: 0.09056 | map: 0.03149
Sat 09 Mar 2024 18:19:23 INFO 10: precision: 0.01610 | recall: 0.08542 | ndcg: 0.05405 | hit_rate: 0.13332 | map: 0.03621
Sat 09 Mar 2024 18:19:23 INFO 20: precision: 0.01162 | recall: 0.12229 | ndcg: 0.06517 | hit_rate: 0.18628 | map: 0.03934
Sat 09 Mar 2024 18:19:27 INFO Epoch 17, Loss: 25.81230
Sat 09 Mar 2024 18:19:27 INFO Validation Metrics:
Sat 09 Mar 2024 18:19:27 INFO 5: precision: 0.01252 | recall: 0.05451 | ndcg: 0.03649 | hit_rate: 0.06007 | map: 0.02946
Sat 09 Mar 2024 18:19:27 INFO 10: precision: 0.00972 | recall: 0.08394 | ndcg: 0.04623 | hit_rate: 0.09140 | map: 0.03352
Sat 09 Mar 2024 18:19:27 INFO 20: precision: 0.00719 | recall: 0.12171 | ndcg: 0.05616 | hit_rate: 0.13183 | map: 0.03628
Sat 09 Mar 2024 18:19:27 INFO Test Metrics:
Sat 09 Mar 2024 18:19:27 INFO 5: precision: 0.02094 | recall: 0.05640 | ndcg: 0.04298 | hit_rate: 0.09153 | map: 0.03153
Sat 09 Mar 2024 18:19:27 INFO 10: precision: 0.01637 | recall: 0.08713 | ndcg: 0.05458 | hit_rate: 0.13629 | map: 0.03638
Sat 09 Mar 2024 18:19:27 INFO 20: precision: 0.01177 | recall: 0.12378 | ndcg: 0.06565 | hit_rate: 0.18841 | map: 0.03951
Sat 09 Mar 2024 18:19:31 INFO Epoch 18, Loss: 25.73404
Sat 09 Mar 2024 18:19:32 INFO Validation Metrics:
Sat 09 Mar 2024 18:19:32 INFO 5: precision: 0.01260 | recall: 0.05477 | ndcg: 0.03655 | hit_rate: 0.06052 | map: 0.02944
Sat 09 Mar 2024 18:19:32 INFO 10: precision: 0.00980 | recall: 0.08482 | ndcg: 0.04643 | hit_rate: 0.09249 | map: 0.03353
Sat 09 Mar 2024 18:19:32 INFO 20: precision: 0.00721 | recall: 0.12208 | ndcg: 0.05624 | hit_rate: 0.13228 | map: 0.03627
Sat 09 Mar 2024 18:19:32 INFO Test Metrics:
Sat 09 Mar 2024 18:19:32 INFO 5: precision: 0.02122 | recall: 0.05740 | ndcg: 0.04394 | hit_rate: 0.09249 | map: 0.03243
Sat 09 Mar 2024 18:19:32 INFO 10: precision: 0.01617 | recall: 0.08643 | ndcg: 0.05492 | hit_rate: 0.13428 | map: 0.03707
Sat 09 Mar 2024 18:19:32 INFO 20: precision: 0.01175 | recall: 0.12327 | ndcg: 0.06609 | hit_rate: 0.18777 | map: 0.04021
Sat 09 Mar 2024 18:19:36 INFO Epoch 19, Loss: 25.65132
Sat 09 Mar 2024 18:19:36 INFO Validation Metrics:
Sat 09 Mar 2024 18:19:36 INFO 5: precision: 0.01270 | recall: 0.05533 | ndcg: 0.03661 | hit_rate: 0.06110 | map: 0.02933
Sat 09 Mar 2024 18:19:36 INFO 10: precision: 0.00979 | recall: 0.08440 | ndcg: 0.04623 | hit_rate: 0.09230 | map: 0.03332
Sat 09 Mar 2024 18:19:36 INFO 20: precision: 0.00719 | recall: 0.12175 | ndcg: 0.05605 | hit_rate: 0.13190 | map: 0.03608
Sat 09 Mar 2024 18:19:36 INFO Test Metrics:
Sat 09 Mar 2024 18:19:36 INFO 5: precision: 0.02113 | recall: 0.05688 | ndcg: 0.04377 | hit_rate: 0.09224 | map: 0.03232
Sat 09 Mar 2024 18:19:36 INFO 10: precision: 0.01619 | recall: 0.08579 | ndcg: 0.05476 | hit_rate: 0.13416 | map: 0.03697
Sat 09 Mar 2024 18:19:36 INFO 20: precision: 0.01192 | recall: 0.12498 | ndcg: 0.06655 | hit_rate: 0.19035 | map: 0.04026
Sat 09 Mar 2024 18:19:40 INFO Epoch 20, Loss: 25.59989
Sat 09 Mar 2024 18:19:41 INFO Validation Metrics:
Sat 09 Mar 2024 18:19:41 INFO 5: precision: 0.01283 | recall: 0.05588 | ndcg: 0.03742 | hit_rate: 0.06181 | map: 0.03021
Sat 09 Mar 2024 18:19:41 INFO 10: precision: 0.00990 | recall: 0.08597 | ndcg: 0.04731 | hit_rate: 0.09411 | map: 0.03428
Sat 09 Mar 2024 18:19:41 INFO 20: precision: 0.00716 | recall: 0.12185 | ndcg: 0.05672 | hit_rate: 0.13164 | map: 0.03693
Sat 09 Mar 2024 18:19:41 INFO Test Metrics:
Sat 09 Mar 2024 18:19:41 INFO 5: precision: 0.02125 | recall: 0.05728 | ndcg: 0.04377 | hit_rate: 0.09243 | map: 0.03224
Sat 09 Mar 2024 18:19:41 INFO 10: precision: 0.01618 | recall: 0.08579 | ndcg: 0.05467 | hit_rate: 0.13441 | map: 0.03686
Sat 09 Mar 2024 18:19:41 INFO 20: precision: 0.01181 | recall: 0.12425 | ndcg: 0.06624 | hit_rate: 0.18906 | map: 0.04011
Sat 09 Mar 2024 18:19:45 INFO Epoch 21, Loss: 25.54202
Sat 09 Mar 2024 18:19:45 INFO Validation Metrics:
Sat 09 Mar 2024 18:19:45 INFO 5: precision: 0.01280 | recall: 0.05595 | ndcg: 0.03743 | hit_rate: 0.06181 | map: 0.03020
Sat 09 Mar 2024 18:19:45 INFO 10: precision: 0.00986 | recall: 0.08516 | ndcg: 0.04710 | hit_rate: 0.09327 | map: 0.03423
Sat 09 Mar 2024 18:19:45 INFO 20: precision: 0.00729 | recall: 0.12411 | ndcg: 0.05730 | hit_rate: 0.13396 | map: 0.03708
Sat 09 Mar 2024 18:19:45 INFO Test Metrics:
Sat 09 Mar 2024 18:19:45 INFO 5: precision: 0.02108 | recall: 0.05724 | ndcg: 0.04382 | hit_rate: 0.09185 | map: 0.03229
Sat 09 Mar 2024 18:19:45 INFO 10: precision: 0.01636 | recall: 0.08654 | ndcg: 0.05505 | hit_rate: 0.13577 | map: 0.03700
Sat 09 Mar 2024 18:19:45 INFO 20: precision: 0.01194 | recall: 0.12496 | ndcg: 0.06667 | hit_rate: 0.19093 | map: 0.04028
Sat 09 Mar 2024 18:19:49 INFO Epoch 22, Loss: 25.45734
Sat 09 Mar 2024 18:19:50 INFO Validation Metrics:
Sat 09 Mar 2024 18:19:50 INFO 5: precision: 0.01270 | recall: 0.05539 | ndcg: 0.03682 | hit_rate: 0.06110 | map: 0.02956
Sat 09 Mar 2024 18:19:50 INFO 10: precision: 0.00995 | recall: 0.08608 | ndcg: 0.04697 | hit_rate: 0.09404 | map: 0.03377
Sat 09 Mar 2024 18:19:50 INFO 20: precision: 0.00735 | recall: 0.12515 | ndcg: 0.05719 | hit_rate: 0.13571 | map: 0.03661
Sat 09 Mar 2024 18:19:50 INFO Test Metrics:
Sat 09 Mar 2024 18:19:50 INFO 5: precision: 0.02102 | recall: 0.05680 | ndcg: 0.04378 | hit_rate: 0.09133 | map: 0.03247
Sat 09 Mar 2024 18:19:50 INFO 10: precision: 0.01643 | recall: 0.08679 | ndcg: 0.05525 | hit_rate: 0.13661 | map: 0.03723
Sat 09 Mar 2024 18:19:50 INFO 20: precision: 0.01188 | recall: 0.12484 | ndcg: 0.06671 | hit_rate: 0.18990 | map: 0.04049
Sat 09 Mar 2024 18:19:54 INFO Epoch 23, Loss: 25.49732
Sat 09 Mar 2024 18:19:54 INFO Validation Metrics:
Sat 09 Mar 2024 18:19:54 INFO 5: precision: 0.01275 | recall: 0.05563 | ndcg: 0.03691 | hit_rate: 0.06123 | map: 0.02965
Sat 09 Mar 2024 18:19:54 INFO 10: precision: 0.00984 | recall: 0.08527 | ndcg: 0.04674 | hit_rate: 0.09275 | map: 0.03376
Sat 09 Mar 2024 18:19:54 INFO 20: precision: 0.00743 | recall: 0.12622 | ndcg: 0.05746 | hit_rate: 0.13622 | map: 0.03674
Sat 09 Mar 2024 18:19:54 INFO Test Metrics:
Sat 09 Mar 2024 18:19:54 INFO 5: precision: 0.02125 | recall: 0.05746 | ndcg: 0.04393 | hit_rate: 0.09308 | map: 0.03241
Sat 09 Mar 2024 18:19:54 INFO 10: precision: 0.01646 | recall: 0.08721 | ndcg: 0.05532 | hit_rate: 0.13706 | map: 0.03719
Sat 09 Mar 2024 18:19:54 INFO 20: precision: 0.01198 | recall: 0.12556 | ndcg: 0.06689 | hit_rate: 0.19113 | map: 0.04048
Sat 09 Mar 2024 18:19:58 INFO Epoch 24, Loss: 25.39608
Sat 09 Mar 2024 18:19:59 INFO Validation Metrics:
Sat 09 Mar 2024 18:19:59 INFO 5: precision: 0.01307 | recall: 0.05671 | ndcg: 0.03804 | hit_rate: 0.06278 | map: 0.03075
Sat 09 Mar 2024 18:19:59 INFO 10: precision: 0.00989 | recall: 0.08499 | ndcg: 0.04740 | hit_rate: 0.09314 | map: 0.03463
Sat 09 Mar 2024 18:19:59 INFO 20: precision: 0.00735 | recall: 0.12525 | ndcg: 0.05784 | hit_rate: 0.13564 | map: 0.03752
Sat 09 Mar 2024 18:19:59 INFO Test Metrics:
Sat 09 Mar 2024 18:19:59 INFO 5: precision: 0.02157 | recall: 0.05856 | ndcg: 0.04480 | hit_rate: 0.09417 | map: 0.03309
Sat 09 Mar 2024 18:19:59 INFO 10: precision: 0.01657 | recall: 0.08810 | ndcg: 0.05601 | hit_rate: 0.13771 | map: 0.03777
Sat 09 Mar 2024 18:19:59 INFO 20: precision: 0.01207 | recall: 0.12657 | ndcg: 0.06765 | hit_rate: 0.19203 | map: 0.04110
Sat 09 Mar 2024 18:20:03 INFO Epoch 25, Loss: 25.40036
Sat 09 Mar 2024 18:20:04 INFO Validation Metrics:
Sat 09 Mar 2024 18:20:04 INFO 5: precision: 0.01298 | recall: 0.05678 | ndcg: 0.03822 | hit_rate: 0.06246 | map: 0.03099
Sat 09 Mar 2024 18:20:04 INFO 10: precision: 0.00979 | recall: 0.08512 | ndcg: 0.04759 | hit_rate: 0.09262 | map: 0.03489
Sat 09 Mar 2024 18:20:04 INFO 20: precision: 0.00741 | recall: 0.12666 | ndcg: 0.05842 | hit_rate: 0.13667 | map: 0.03788
Sat 09 Mar 2024 18:20:04 INFO Test Metrics:
Sat 09 Mar 2024 18:20:04 INFO 5: precision: 0.02159 | recall: 0.05897 | ndcg: 0.04480 | hit_rate: 0.09443 | map: 0.03296
Sat 09 Mar 2024 18:20:04 INFO 10: precision: 0.01651 | recall: 0.08781 | ndcg: 0.05587 | hit_rate: 0.13706 | map: 0.03762
Sat 09 Mar 2024 18:20:04 INFO 20: precision: 0.01209 | recall: 0.12741 | ndcg: 0.06781 | hit_rate: 0.19313 | map: 0.04101
Sat 09 Mar 2024 18:20:07 INFO Epoch 26, Loss: 25.35001
Sat 09 Mar 2024 18:20:08 INFO Validation Metrics:
Sat 09 Mar 2024 18:20:08 INFO 5: precision: 0.01303 | recall: 0.05691 | ndcg: 0.03792 | hit_rate: 0.06304 | map: 0.03052
Sat 09 Mar 2024 18:20:08 INFO 10: precision: 0.00983 | recall: 0.08513 | ndcg: 0.04729 | hit_rate: 0.09314 | map: 0.03444
Sat 09 Mar 2024 18:20:08 INFO 20: precision: 0.00735 | recall: 0.12569 | ndcg: 0.05789 | hit_rate: 0.13584 | map: 0.03741
Sat 09 Mar 2024 18:20:08 INFO Test Metrics:
Sat 09 Mar 2024 18:20:08 INFO 5: precision: 0.02174 | recall: 0.05907 | ndcg: 0.04508 | hit_rate: 0.09495 | map: 0.03327
Sat 09 Mar 2024 18:20:08 INFO 10: precision: 0.01652 | recall: 0.08760 | ndcg: 0.05599 | hit_rate: 0.13719 | map: 0.03786
Sat 09 Mar 2024 18:20:08 INFO 20: precision: 0.01207 | recall: 0.12728 | ndcg: 0.06790 | hit_rate: 0.19293 | map: 0.04123
Sat 09 Mar 2024 18:20:12 INFO Epoch 27, Loss: 25.30408
Sat 09 Mar 2024 18:20:12 INFO Validation Metrics:
Sat 09 Mar 2024 18:20:12 INFO 5: precision: 0.01319 | recall: 0.05724 | ndcg: 0.03817 | hit_rate: 0.06336 | map: 0.03073
Sat 09 Mar 2024 18:20:12 INFO 10: precision: 0.00998 | recall: 0.08641 | ndcg: 0.04777 | hit_rate: 0.09443 | map: 0.03469
Sat 09 Mar 2024 18:20:12 INFO 20: precision: 0.00740 | recall: 0.12640 | ndcg: 0.05819 | hit_rate: 0.13655 | map: 0.03760
Sat 09 Mar 2024 18:20:12 INFO Test Metrics:
Sat 09 Mar 2024 18:20:12 INFO 5: precision: 0.02160 | recall: 0.05851 | ndcg: 0.04464 | hit_rate: 0.09424 | map: 0.03286
Sat 09 Mar 2024 18:20:12 INFO 10: precision: 0.01671 | recall: 0.08881 | ndcg: 0.05622 | hit_rate: 0.13913 | map: 0.03773
Sat 09 Mar 2024 18:20:12 INFO 20: precision: 0.01210 | recall: 0.12787 | ndcg: 0.06792 | hit_rate: 0.19403 | map: 0.04105
Sat 09 Mar 2024 18:20:16 INFO Epoch 28, Loss: 25.22267
Sat 09 Mar 2024 18:20:17 INFO Validation Metrics:
Sat 09 Mar 2024 18:20:17 INFO 5: precision: 0.01327 | recall: 0.05773 | ndcg: 0.03850 | hit_rate: 0.06369 | map: 0.03097
Sat 09 Mar 2024 18:20:17 INFO 10: precision: 0.01015 | recall: 0.08766 | ndcg: 0.04839 | hit_rate: 0.09566 | map: 0.03508
Sat 09 Mar 2024 18:20:17 INFO 20: precision: 0.00751 | recall: 0.12788 | ndcg: 0.05888 | hit_rate: 0.13835 | map: 0.03799
Sat 09 Mar 2024 18:20:17 INFO Test Metrics:
Sat 09 Mar 2024 18:20:17 INFO 5: precision: 0.02170 | recall: 0.05906 | ndcg: 0.04505 | hit_rate: 0.09501 | map: 0.03317
Sat 09 Mar 2024 18:20:17 INFO 10: precision: 0.01673 | recall: 0.08916 | ndcg: 0.05652 | hit_rate: 0.13900 | map: 0.03800
Sat 09 Mar 2024 18:20:17 INFO 20: precision: 0.01227 | recall: 0.12928 | ndcg: 0.06861 | hit_rate: 0.19584 | map: 0.04142
Sat 09 Mar 2024 18:20:21 INFO Epoch 29, Loss: 25.19538
Sat 09 Mar 2024 18:20:21 INFO Validation Metrics:
Sat 09 Mar 2024 18:20:21 INFO 5: precision: 0.01329 | recall: 0.05794 | ndcg: 0.03881 | hit_rate: 0.06356 | map: 0.03136
Sat 09 Mar 2024 18:20:21 INFO 10: precision: 0.01010 | recall: 0.08739 | ndcg: 0.04855 | hit_rate: 0.09521 | map: 0.03541
Sat 09 Mar 2024 18:20:21 INFO 20: precision: 0.00746 | recall: 0.12742 | ndcg: 0.05897 | hit_rate: 0.13739 | map: 0.03829
Sat 09 Mar 2024 18:20:21 INFO Test Metrics:
Sat 09 Mar 2024 18:20:21 INFO 5: precision: 0.02184 | recall: 0.05918 | ndcg: 0.04505 | hit_rate: 0.09547 | map: 0.03314
Sat 09 Mar 2024 18:20:21 INFO 10: precision: 0.01668 | recall: 0.08870 | ndcg: 0.05629 | hit_rate: 0.13848 | map: 0.03786
Sat 09 Mar 2024 18:20:21 INFO 20: precision: 0.01224 | recall: 0.12888 | ndcg: 0.06838 | hit_rate: 0.19565 | map: 0.04128
Sat 09 Mar 2024 18:20:25 INFO Epoch 30, Loss: 25.21155
Sat 09 Mar 2024 18:20:26 INFO Validation Metrics:
Sat 09 Mar 2024 18:20:26 INFO 5: precision: 0.01341 | recall: 0.05855 | ndcg: 0.03880 | hit_rate: 0.06433 | map: 0.03121
Sat 09 Mar 2024 18:20:26 INFO 10: precision: 0.01002 | recall: 0.08681 | ndcg: 0.04814 | hit_rate: 0.09456 | map: 0.03507
Sat 09 Mar 2024 18:20:26 INFO 20: precision: 0.00749 | recall: 0.12752 | ndcg: 0.05879 | hit_rate: 0.13803 | map: 0.03803
Sat 09 Mar 2024 18:20:26 INFO Test Metrics:
Sat 09 Mar 2024 18:20:26 INFO 5: precision: 0.02194 | recall: 0.05943 | ndcg: 0.04517 | hit_rate: 0.09585 | map: 0.03318
Sat 09 Mar 2024 18:20:26 INFO 10: precision: 0.01681 | recall: 0.08915 | ndcg: 0.05652 | hit_rate: 0.13965 | map: 0.03795
Sat 09 Mar 2024 18:20:26 INFO 20: precision: 0.01244 | recall: 0.13110 | ndcg: 0.06912 | hit_rate: 0.19849 | map: 0.04151
Sat 09 Mar 2024 18:20:30 INFO Epoch 31, Loss: 25.16237
Sat 09 Mar 2024 18:20:30 INFO Validation Metrics:
Sat 09 Mar 2024 18:20:30 INFO 5: precision: 0.01338 | recall: 0.05831 | ndcg: 0.03862 | hit_rate: 0.06414 | map: 0.03101
Sat 09 Mar 2024 18:20:30 INFO 10: precision: 0.01011 | recall: 0.08779 | ndcg: 0.04835 | hit_rate: 0.09559 | map: 0.03504
Sat 09 Mar 2024 18:20:30 INFO 20: precision: 0.00747 | recall: 0.12742 | ndcg: 0.05870 | hit_rate: 0.13771 | map: 0.03791
Sat 09 Mar 2024 18:20:30 INFO Test Metrics:
Sat 09 Mar 2024 18:20:30 INFO 5: precision: 0.02172 | recall: 0.05913 | ndcg: 0.04492 | hit_rate: 0.09495 | map: 0.03306
Sat 09 Mar 2024 18:20:30 INFO 10: precision: 0.01708 | recall: 0.09080 | ndcg: 0.05701 | hit_rate: 0.14229 | map: 0.03809
Sat 09 Mar 2024 18:20:30 INFO 20: precision: 0.01237 | recall: 0.13072 | ndcg: 0.06897 | hit_rate: 0.19784 | map: 0.04148
Sat 09 Mar 2024 18:20:34 INFO Epoch 32, Loss: 25.14131
Sat 09 Mar 2024 18:20:35 INFO Validation Metrics:
Sat 09 Mar 2024 18:20:35 INFO 5: precision: 0.01340 | recall: 0.05896 | ndcg: 0.03870 | hit_rate: 0.06466 | map: 0.03094
Sat 09 Mar 2024 18:20:35 INFO 10: precision: 0.01017 | recall: 0.08799 | ndcg: 0.04836 | hit_rate: 0.09618 | map: 0.03494
Sat 09 Mar 2024 18:20:35 INFO 20: precision: 0.00760 | recall: 0.12934 | ndcg: 0.05914 | hit_rate: 0.13997 | map: 0.03791
Sat 09 Mar 2024 18:20:35 INFO Test Metrics:
Sat 09 Mar 2024 18:20:35 INFO 5: precision: 0.02184 | recall: 0.05873 | ndcg: 0.04493 | hit_rate: 0.09514 | map: 0.03305
Sat 09 Mar 2024 18:20:35 INFO 10: precision: 0.01697 | recall: 0.08994 | ndcg: 0.05686 | hit_rate: 0.14113 | map: 0.03806
Sat 09 Mar 2024 18:20:35 INFO 20: precision: 0.01232 | recall: 0.13006 | ndcg: 0.06886 | hit_rate: 0.19662 | map: 0.04146
Sat 09 Mar 2024 18:20:39 INFO Epoch 33, Loss: 25.14481
Sat 09 Mar 2024 18:20:40 INFO Validation Metrics:
Sat 09 Mar 2024 18:20:40 INFO 5: precision: 0.01345 | recall: 0.05876 | ndcg: 0.03929 | hit_rate: 0.06504 | map: 0.03172
Sat 09 Mar 2024 18:20:40 INFO 10: precision: 0.01013 | recall: 0.08795 | ndcg: 0.04897 | hit_rate: 0.09572 | map: 0.03577
Sat 09 Mar 2024 18:20:40 INFO 20: precision: 0.00754 | recall: 0.12861 | ndcg: 0.05959 | hit_rate: 0.13900 | map: 0.03871
Sat 09 Mar 2024 18:20:40 INFO Test Metrics:
Sat 09 Mar 2024 18:20:40 INFO 5: precision: 0.02208 | recall: 0.05940 | ndcg: 0.04561 | hit_rate: 0.09618 | map: 0.03361
Sat 09 Mar 2024 18:20:40 INFO 10: precision: 0.01699 | recall: 0.09001 | ndcg: 0.05723 | hit_rate: 0.14165 | map: 0.03846
Sat 09 Mar 2024 18:20:40 INFO 20: precision: 0.01244 | recall: 0.13092 | ndcg: 0.06952 | hit_rate: 0.19836 | map: 0.04196
Sat 09 Mar 2024 18:20:43 INFO Epoch 34, Loss: 25.11634
Sat 09 Mar 2024 18:20:44 INFO Validation Metrics:
Sat 09 Mar 2024 18:20:44 INFO 5: precision: 0.01340 | recall: 0.05844 | ndcg: 0.03910 | hit_rate: 0.06446 | map: 0.03154
Sat 09 Mar 2024 18:20:44 INFO 10: precision: 0.01002 | recall: 0.08682 | ndcg: 0.04853 | hit_rate: 0.09501 | map: 0.03547
Sat 09 Mar 2024 18:20:44 INFO 20: precision: 0.00751 | recall: 0.12815 | ndcg: 0.05934 | hit_rate: 0.13823 | map: 0.03850
Sat 09 Mar 2024 18:20:44 INFO Test Metrics:
Sat 09 Mar 2024 18:20:44 INFO 5: precision: 0.02204 | recall: 0.05970 | ndcg: 0.04550 | hit_rate: 0.09585 | map: 0.03348
Sat 09 Mar 2024 18:20:44 INFO 10: precision: 0.01687 | recall: 0.08951 | ndcg: 0.05689 | hit_rate: 0.14016 | map: 0.03824
Sat 09 Mar 2024 18:20:44 INFO 20: precision: 0.01239 | recall: 0.13052 | ndcg: 0.06921 | hit_rate: 0.19791 | map: 0.04171
Sat 09 Mar 2024 18:20:48 INFO Epoch 35, Loss: 25.03916
Sat 09 Mar 2024 18:20:49 INFO Validation Metrics:
Sat 09 Mar 2024 18:20:49 INFO 5: precision: 0.01347 | recall: 0.05887 | ndcg: 0.03926 | hit_rate: 0.06485 | map: 0.03164
Sat 09 Mar 2024 18:20:49 INFO 10: precision: 0.01024 | recall: 0.08913 | ndcg: 0.04926 | hit_rate: 0.09695 | map: 0.03579
Sat 09 Mar 2024 18:20:49 INFO 20: precision: 0.00760 | recall: 0.12959 | ndcg: 0.05981 | hit_rate: 0.14010 | map: 0.03872
Sat 09 Mar 2024 18:20:49 INFO Test Metrics:
Sat 09 Mar 2024 18:20:49 INFO 5: precision: 0.02186 | recall: 0.05898 | ndcg: 0.04508 | hit_rate: 0.09508 | map: 0.03316
Sat 09 Mar 2024 18:20:49 INFO 10: precision: 0.01685 | recall: 0.08960 | ndcg: 0.05669 | hit_rate: 0.13997 | map: 0.03802
Sat 09 Mar 2024 18:20:49 INFO 20: precision: 0.01230 | recall: 0.12980 | ndcg: 0.06880 | hit_rate: 0.19662 | map: 0.04147
Sat 09 Mar 2024 18:20:52 INFO Epoch 36, Loss: 25.03852
Sat 09 Mar 2024 18:20:53 INFO Validation Metrics:
Sat 09 Mar 2024 18:20:53 INFO 5: precision: 0.01359 | recall: 0.05945 | ndcg: 0.03944 | hit_rate: 0.06530 | map: 0.03173
Sat 09 Mar 2024 18:20:53 INFO 10: precision: 0.01014 | recall: 0.08782 | ndcg: 0.04888 | hit_rate: 0.09547 | map: 0.03569
Sat 09 Mar 2024 18:20:53 INFO 20: precision: 0.00762 | recall: 0.13020 | ndcg: 0.05996 | hit_rate: 0.14061 | map: 0.03877
Sat 09 Mar 2024 18:20:53 INFO Test Metrics:
Sat 09 Mar 2024 18:20:53 INFO 5: precision: 0.02173 | recall: 0.05886 | ndcg: 0.04499 | hit_rate: 0.09514 | map: 0.03310
Sat 09 Mar 2024 18:20:53 INFO 10: precision: 0.01703 | recall: 0.09018 | ndcg: 0.05697 | hit_rate: 0.14087 | map: 0.03815
Sat 09 Mar 2024 18:20:53 INFO 20: precision: 0.01260 | recall: 0.13332 | ndcg: 0.06985 | hit_rate: 0.20152 | map: 0.04176
Sat 09 Mar 2024 18:20:57 INFO Epoch 37, Loss: 25.02585
Sat 09 Mar 2024 18:20:57 INFO Validation Metrics:
Sat 09 Mar 2024 18:20:57 INFO 5: precision: 0.01329 | recall: 0.05849 | ndcg: 0.03884 | hit_rate: 0.06407 | map: 0.03127
Sat 09 Mar 2024 18:20:57 INFO 10: precision: 0.01024 | recall: 0.08861 | ndcg: 0.04893 | hit_rate: 0.09650 | map: 0.03552
Sat 09 Mar 2024 18:20:57 INFO 20: precision: 0.00758 | recall: 0.12988 | ndcg: 0.05968 | hit_rate: 0.13997 | map: 0.03851
Sat 09 Mar 2024 18:20:57 INFO Test Metrics:
Sat 09 Mar 2024 18:20:57 INFO 5: precision: 0.02178 | recall: 0.05884 | ndcg: 0.04468 | hit_rate: 0.09508 | map: 0.03271
Sat 09 Mar 2024 18:20:57 INFO 10: precision: 0.01689 | recall: 0.08919 | ndcg: 0.05632 | hit_rate: 0.13971 | map: 0.03761
Sat 09 Mar 2024 18:20:57 INFO 20: precision: 0.01250 | recall: 0.13234 | ndcg: 0.06919 | hit_rate: 0.19959 | map: 0.04124
Sat 09 Mar 2024 18:21:01 INFO Epoch 38, Loss: 25.04799
Sat 09 Mar 2024 18:21:02 INFO Validation Metrics:
Sat 09 Mar 2024 18:21:02 INFO 5: precision: 0.01318 | recall: 0.05804 | ndcg: 0.03842 | hit_rate: 0.06356 | map: 0.03083
Sat 09 Mar 2024 18:21:02 INFO 10: precision: 0.01027 | recall: 0.08949 | ndcg: 0.04884 | hit_rate: 0.09727 | map: 0.03516
Sat 09 Mar 2024 18:21:02 INFO 20: precision: 0.00756 | recall: 0.12923 | ndcg: 0.05930 | hit_rate: 0.13965 | map: 0.03809
Sat 09 Mar 2024 18:21:02 INFO Test Metrics:
Sat 09 Mar 2024 18:21:02 INFO 5: precision: 0.02182 | recall: 0.05868 | ndcg: 0.04523 | hit_rate: 0.09527 | map: 0.03341
Sat 09 Mar 2024 18:21:02 INFO 10: precision: 0.01699 | recall: 0.09049 | ndcg: 0.05726 | hit_rate: 0.14100 | map: 0.03846
Sat 09 Mar 2024 18:21:02 INFO 20: precision: 0.01255 | recall: 0.13284 | ndcg: 0.06995 | hit_rate: 0.20101 | map: 0.04202
Sat 09 Mar 2024 18:21:06 INFO Epoch 39, Loss: 24.97261
Sat 09 Mar 2024 18:21:06 INFO Validation Metrics:
Sat 09 Mar 2024 18:21:06 INFO 5: precision: 0.01314 | recall: 0.05743 | ndcg: 0.03879 | hit_rate: 0.06317 | map: 0.03153
Sat 09 Mar 2024 18:21:06 INFO 10: precision: 0.01020 | recall: 0.08851 | ndcg: 0.04913 | hit_rate: 0.09631 | map: 0.03587
Sat 09 Mar 2024 18:21:06 INFO 20: precision: 0.00758 | recall: 0.12931 | ndcg: 0.05982 | hit_rate: 0.13939 | map: 0.03885
Sat 09 Mar 2024 18:21:06 INFO Test Metrics:
Sat 09 Mar 2024 18:21:06 INFO 5: precision: 0.02186 | recall: 0.05900 | ndcg: 0.04536 | hit_rate: 0.09572 | map: 0.03343
Sat 09 Mar 2024 18:21:06 INFO 10: precision: 0.01689 | recall: 0.09010 | ndcg: 0.05714 | hit_rate: 0.14049 | map: 0.03840
Sat 09 Mar 2024 18:21:06 INFO 20: precision: 0.01254 | recall: 0.13268 | ndcg: 0.06993 | hit_rate: 0.20030 | map: 0.04201
Sat 09 Mar 2024 18:21:10 INFO Epoch 40, Loss: 24.93210
Sat 09 Mar 2024 18:21:11 INFO Validation Metrics:
Sat 09 Mar 2024 18:21:11 INFO 5: precision: 0.01353 | recall: 0.05957 | ndcg: 0.03981 | hit_rate: 0.06504 | map: 0.03223
Sat 09 Mar 2024 18:21:11 INFO 10: precision: 0.01029 | recall: 0.08963 | ndcg: 0.04978 | hit_rate: 0.09721 | map: 0.03638
Sat 09 Mar 2024 18:21:11 INFO 20: precision: 0.00762 | recall: 0.13013 | ndcg: 0.06043 | hit_rate: 0.14049 | map: 0.03936
Sat 09 Mar 2024 18:21:11 INFO Test Metrics:
Sat 09 Mar 2024 18:21:11 INFO 5: precision: 0.02208 | recall: 0.05937 | ndcg: 0.04532 | hit_rate: 0.09676 | map: 0.03318
Sat 09 Mar 2024 18:21:11 INFO 10: precision: 0.01717 | recall: 0.09128 | ndcg: 0.05739 | hit_rate: 0.14210 | map: 0.03830
Sat 09 Mar 2024 18:21:11 INFO 20: precision: 0.01263 | recall: 0.13331 | ndcg: 0.07004 | hit_rate: 0.20146 | map: 0.04188
Sat 09 Mar 2024 18:21:14 INFO Epoch 41, Loss: 24.92386
Sat 09 Mar 2024 18:21:15 INFO Validation Metrics:
Sat 09 Mar 2024 18:21:15 INFO 5: precision: 0.01369 | recall: 0.06016 | ndcg: 0.03982 | hit_rate: 0.06588 | map: 0.03200
Sat 09 Mar 2024 18:21:15 INFO 10: precision: 0.01036 | recall: 0.09017 | ndcg: 0.04977 | hit_rate: 0.09811 | map: 0.03614
Sat 09 Mar 2024 18:21:15 INFO 20: precision: 0.00768 | recall: 0.13139 | ndcg: 0.06057 | hit_rate: 0.14184 | map: 0.03916
Sat 09 Mar 2024 18:21:15 INFO Test Metrics:
Sat 09 Mar 2024 18:21:15 INFO 5: precision: 0.02205 | recall: 0.05968 | ndcg: 0.04594 | hit_rate: 0.09643 | map: 0.03396
Sat 09 Mar 2024 18:21:15 INFO 10: precision: 0.01726 | recall: 0.09194 | ndcg: 0.05819 | hit_rate: 0.14326 | map: 0.03911
Sat 09 Mar 2024 18:21:15 INFO 20: precision: 0.01256 | recall: 0.13275 | ndcg: 0.07043 | hit_rate: 0.20030 | map: 0.04256
Sat 09 Mar 2024 18:21:19 INFO Epoch 42, Loss: 24.89511
Sat 09 Mar 2024 18:21:20 INFO Validation Metrics:
Sat 09 Mar 2024 18:21:20 INFO 5: precision: 0.01355 | recall: 0.05936 | ndcg: 0.03980 | hit_rate: 0.06511 | map: 0.03222
Sat 09 Mar 2024 18:21:20 INFO 10: precision: 0.01021 | recall: 0.08924 | ndcg: 0.04966 | hit_rate: 0.09682 | map: 0.03632
Sat 09 Mar 2024 18:21:20 INFO 20: precision: 0.00764 | recall: 0.13088 | ndcg: 0.06055 | hit_rate: 0.14074 | map: 0.03936
Sat 09 Mar 2024 18:21:20 INFO Test Metrics:
Sat 09 Mar 2024 18:21:20 INFO 5: precision: 0.02215 | recall: 0.05986 | ndcg: 0.04551 | hit_rate: 0.09682 | map: 0.03333
Sat 09 Mar 2024 18:21:20 INFO 10: precision: 0.01721 | recall: 0.09119 | ndcg: 0.05747 | hit_rate: 0.14275 | map: 0.03838
Sat 09 Mar 2024 18:21:20 INFO 20: precision: 0.01258 | recall: 0.13306 | ndcg: 0.06999 | hit_rate: 0.20146 | map: 0.04188
Sat 09 Mar 2024 18:21:23 INFO Epoch 43, Loss: 24.89929
Sat 09 Mar 2024 18:21:24 INFO Validation Metrics:
Sat 09 Mar 2024 18:21:24 INFO 5: precision: 0.01346 | recall: 0.05906 | ndcg: 0.03918 | hit_rate: 0.06466 | map: 0.03151
Sat 09 Mar 2024 18:21:24 INFO 10: precision: 0.01026 | recall: 0.08936 | ndcg: 0.04923 | hit_rate: 0.09721 | map: 0.03569
Sat 09 Mar 2024 18:21:24 INFO 20: precision: 0.00758 | recall: 0.12976 | ndcg: 0.05980 | hit_rate: 0.14003 | map: 0.03864
Sat 09 Mar 2024 18:21:24 INFO Test Metrics:
Sat 09 Mar 2024 18:21:24 INFO 5: precision: 0.02212 | recall: 0.05995 | ndcg: 0.04621 | hit_rate: 0.09708 | map: 0.03420
Sat 09 Mar 2024 18:21:24 INFO 10: precision: 0.01721 | recall: 0.09121 | ndcg: 0.05821 | hit_rate: 0.14249 | map: 0.03930
Sat 09 Mar 2024 18:21:24 INFO 20: precision: 0.01249 | recall: 0.13201 | ndcg: 0.07044 | hit_rate: 0.19952 | map: 0.04276
Sat 09 Mar 2024 18:21:28 INFO Epoch 44, Loss: 24.92499
Sat 09 Mar 2024 18:21:29 INFO Validation Metrics:
Sat 09 Mar 2024 18:21:29 INFO 5: precision: 0.01337 | recall: 0.05883 | ndcg: 0.03898 | hit_rate: 0.06446 | map: 0.03133
Sat 09 Mar 2024 18:21:29 INFO 10: precision: 0.01027 | recall: 0.08938 | ndcg: 0.04911 | hit_rate: 0.09721 | map: 0.03554
Sat 09 Mar 2024 18:21:29 INFO 20: precision: 0.00766 | recall: 0.13114 | ndcg: 0.06008 | hit_rate: 0.14165 | map: 0.03861
Sat 09 Mar 2024 18:21:29 INFO Test Metrics:
Sat 09 Mar 2024 18:21:29 INFO 5: precision: 0.02234 | recall: 0.06046 | ndcg: 0.04611 | hit_rate: 0.09779 | map: 0.03390
Sat 09 Mar 2024 18:21:29 INFO 10: precision: 0.01723 | recall: 0.09171 | ndcg: 0.05804 | hit_rate: 0.14320 | map: 0.03896
Sat 09 Mar 2024 18:21:29 INFO 20: precision: 0.01252 | recall: 0.13278 | ndcg: 0.07036 | hit_rate: 0.20036 | map: 0.04245
Sat 09 Mar 2024 18:21:32 INFO Epoch 45, Loss: 24.87802
Sat 09 Mar 2024 18:21:33 INFO Validation Metrics:
Sat 09 Mar 2024 18:21:33 INFO 5: precision: 0.01329 | recall: 0.05866 | ndcg: 0.03894 | hit_rate: 0.06446 | map: 0.03128
Sat 09 Mar 2024 18:21:33 INFO 10: precision: 0.01037 | recall: 0.09050 | ndcg: 0.04953 | hit_rate: 0.09837 | map: 0.03573
Sat 09 Mar 2024 18:21:33 INFO 20: precision: 0.00774 | recall: 0.13231 | ndcg: 0.06049 | hit_rate: 0.14313 | map: 0.03878
Sat 09 Mar 2024 18:21:33 INFO Test Metrics:
Sat 09 Mar 2024 18:21:33 INFO 5: precision: 0.02215 | recall: 0.06000 | ndcg: 0.04628 | hit_rate: 0.09663 | map: 0.03417
Sat 09 Mar 2024 18:21:33 INFO 10: precision: 0.01740 | recall: 0.09260 | ndcg: 0.05866 | hit_rate: 0.14455 | map: 0.03932
Sat 09 Mar 2024 18:21:33 INFO 20: precision: 0.01251 | recall: 0.13263 | ndcg: 0.07066 | hit_rate: 0.20056 | map: 0.04272
Sat 09 Mar 2024 18:21:37 INFO Epoch 46, Loss: 24.91883
Sat 09 Mar 2024 18:21:38 INFO Validation Metrics:
Sat 09 Mar 2024 18:21:38 INFO 5: precision: 0.01349 | recall: 0.05904 | ndcg: 0.03907 | hit_rate: 0.06498 | map: 0.03133
Sat 09 Mar 2024 18:21:38 INFO 10: precision: 0.01039 | recall: 0.09053 | ndcg: 0.04949 | hit_rate: 0.09824 | map: 0.03567
Sat 09 Mar 2024 18:21:38 INFO 20: precision: 0.00775 | recall: 0.13251 | ndcg: 0.06047 | hit_rate: 0.14307 | map: 0.03873
Sat 09 Mar 2024 18:21:38 INFO Test Metrics:
Sat 09 Mar 2024 18:21:38 INFO 5: precision: 0.02253 | recall: 0.06049 | ndcg: 0.04635 | hit_rate: 0.09824 | map: 0.03400
Sat 09 Mar 2024 18:21:38 INFO 10: precision: 0.01735 | recall: 0.09198 | ndcg: 0.05828 | hit_rate: 0.14410 | map: 0.03902
Sat 09 Mar 2024 18:21:38 INFO 20: precision: 0.01268 | recall: 0.13406 | ndcg: 0.07087 | hit_rate: 0.20262 | map: 0.04258
Sat 09 Mar 2024 18:21:41 INFO Epoch 47, Loss: 24.86286
Sat 09 Mar 2024 18:21:42 INFO Validation Metrics:
Sat 09 Mar 2024 18:21:42 INFO 5: precision: 0.01343 | recall: 0.05910 | ndcg: 0.03968 | hit_rate: 0.06485 | map: 0.03214
Sat 09 Mar 2024 18:21:42 INFO 10: precision: 0.01026 | recall: 0.08943 | ndcg: 0.04977 | hit_rate: 0.09760 | map: 0.03634
Sat 09 Mar 2024 18:21:42 INFO 20: precision: 0.00772 | recall: 0.13206 | ndcg: 0.06092 | hit_rate: 0.14268 | map: 0.03945
Sat 09 Mar 2024 18:21:42 INFO Test Metrics:
Sat 09 Mar 2024 18:21:42 INFO 5: precision: 0.02212 | recall: 0.05976 | ndcg: 0.04572 | hit_rate: 0.09682 | map: 0.03359
Sat 09 Mar 2024 18:21:42 INFO 10: precision: 0.01729 | recall: 0.09160 | ndcg: 0.05784 | hit_rate: 0.14410 | map: 0.03864
Sat 09 Mar 2024 18:21:42 INFO 20: precision: 0.01276 | recall: 0.13544 | ndcg: 0.07090 | hit_rate: 0.20417 | map: 0.04234
Sat 09 Mar 2024 18:21:46 INFO Epoch 48, Loss: 24.79706
Sat 09 Mar 2024 18:21:47 INFO Validation Metrics:
Sat 09 Mar 2024 18:21:47 INFO 5: precision: 0.01331 | recall: 0.05849 | ndcg: 0.03915 | hit_rate: 0.06401 | map: 0.03170
Sat 09 Mar 2024 18:21:47 INFO 10: precision: 0.01032 | recall: 0.08947 | ndcg: 0.04942 | hit_rate: 0.09760 | map: 0.03594
Sat 09 Mar 2024 18:21:47 INFO 20: precision: 0.00765 | recall: 0.13060 | ndcg: 0.06026 | hit_rate: 0.14126 | map: 0.03900
Sat 09 Mar 2024 18:21:47 INFO Test Metrics:
Sat 09 Mar 2024 18:21:47 INFO 5: precision: 0.02252 | recall: 0.06080 | ndcg: 0.04640 | hit_rate: 0.09831 | map: 0.03408
Sat 09 Mar 2024 18:21:47 INFO 10: precision: 0.01731 | recall: 0.09181 | ndcg: 0.05819 | hit_rate: 0.14430 | map: 0.03901
Sat 09 Mar 2024 18:21:47 INFO 20: precision: 0.01275 | recall: 0.13479 | ndcg: 0.07104 | hit_rate: 0.20417 | map: 0.04264
Sat 09 Mar 2024 18:21:50 INFO Epoch 49, Loss: 24.79646
Sat 09 Mar 2024 18:21:51 INFO Validation Metrics:
Sat 09 Mar 2024 18:21:51 INFO 5: precision: 0.01355 | recall: 0.05972 | ndcg: 0.03947 | hit_rate: 0.06524 | map: 0.03167
Sat 09 Mar 2024 18:21:51 INFO 10: precision: 0.01037 | recall: 0.09009 | ndcg: 0.04959 | hit_rate: 0.09805 | map: 0.03589
Sat 09 Mar 2024 18:21:51 INFO 20: precision: 0.00780 | recall: 0.13284 | ndcg: 0.06080 | hit_rate: 0.14391 | map: 0.03901
Sat 09 Mar 2024 18:21:51 INFO Test Metrics:
Sat 09 Mar 2024 18:21:51 INFO 5: precision: 0.02226 | recall: 0.06050 | ndcg: 0.04614 | hit_rate: 0.09753 | map: 0.03393
Sat 09 Mar 2024 18:21:51 INFO 10: precision: 0.01733 | recall: 0.09241 | ndcg: 0.05824 | hit_rate: 0.14436 | map: 0.03898
Sat 09 Mar 2024 18:21:51 INFO 20: precision: 0.01283 | recall: 0.13557 | ndcg: 0.07123 | hit_rate: 0.20462 | map: 0.04268
Sat 09 Mar 2024 18:21:55 INFO Epoch 50, Loss: 24.86872
Sat 09 Mar 2024 18:21:56 INFO Validation Metrics:
Sat 09 Mar 2024 18:21:56 INFO 5: precision: 0.01378 | recall: 0.06061 | ndcg: 0.03991 | hit_rate: 0.06640 | map: 0.03203
Sat 09 Mar 2024 18:21:56 INFO 10: precision: 0.01041 | recall: 0.09051 | ndcg: 0.04982 | hit_rate: 0.09870 | map: 0.03613
Sat 09 Mar 2024 18:21:56 INFO 20: precision: 0.00782 | recall: 0.13379 | ndcg: 0.06112 | hit_rate: 0.14423 | map: 0.03928
Sat 09 Mar 2024 18:21:56 INFO Test Metrics:
Sat 09 Mar 2024 18:21:56 INFO 5: precision: 0.02232 | recall: 0.06027 | ndcg: 0.04600 | hit_rate: 0.09753 | map: 0.03381
Sat 09 Mar 2024 18:21:56 INFO 10: precision: 0.01736 | recall: 0.09304 | ndcg: 0.05839 | hit_rate: 0.14527 | map: 0.03898
Sat 09 Mar 2024 18:21:56 INFO 20: precision: 0.01262 | recall: 0.13438 | ndcg: 0.07071 | hit_rate: 0.20185 | map: 0.04248
Sat 09 Mar 2024 18:22:00 INFO Epoch 51, Loss: 24.77795
Sat 09 Mar 2024 18:22:00 INFO Validation Metrics:
Sat 09 Mar 2024 18:22:00 INFO 5: precision: 0.01368 | recall: 0.05998 | ndcg: 0.03962 | hit_rate: 0.06569 | map: 0.03181
Sat 09 Mar 2024 18:22:00 INFO 10: precision: 0.01046 | recall: 0.09078 | ndcg: 0.04984 | hit_rate: 0.09876 | map: 0.03604
Sat 09 Mar 2024 18:22:00 INFO 20: precision: 0.00778 | recall: 0.13260 | ndcg: 0.06080 | hit_rate: 0.14346 | map: 0.03909
Sat 09 Mar 2024 18:22:00 INFO Test Metrics:
Sat 09 Mar 2024 18:22:00 INFO 5: precision: 0.02241 | recall: 0.06075 | ndcg: 0.04643 | hit_rate: 0.09811 | map: 0.03423
Sat 09 Mar 2024 18:22:00 INFO 10: precision: 0.01721 | recall: 0.09185 | ndcg: 0.05821 | hit_rate: 0.14384 | map: 0.03911
Sat 09 Mar 2024 18:22:00 INFO 20: precision: 0.01270 | recall: 0.13444 | ndcg: 0.07098 | hit_rate: 0.20359 | map: 0.04273
Sat 09 Mar 2024 18:22:04 INFO Epoch 52, Loss: 24.76432
Sat 09 Mar 2024 18:22:05 INFO Validation Metrics:
Sat 09 Mar 2024 18:22:05 INFO 5: precision: 0.01359 | recall: 0.05969 | ndcg: 0.03964 | hit_rate: 0.06537 | map: 0.03192
Sat 09 Mar 2024 18:22:05 INFO 10: precision: 0.01041 | recall: 0.09056 | ndcg: 0.04988 | hit_rate: 0.09831 | map: 0.03619
Sat 09 Mar 2024 18:22:05 INFO 20: precision: 0.00785 | recall: 0.13355 | ndcg: 0.06113 | hit_rate: 0.14455 | map: 0.03930
Sat 09 Mar 2024 18:22:05 INFO Test Metrics:
Sat 09 Mar 2024 18:22:05 INFO 5: precision: 0.02265 | recall: 0.06144 | ndcg: 0.04659 | hit_rate: 0.09941 | map: 0.03409
Sat 09 Mar 2024 18:22:05 INFO 10: precision: 0.01738 | recall: 0.09276 | ndcg: 0.05844 | hit_rate: 0.14539 | map: 0.03903
Sat 09 Mar 2024 18:22:05 INFO 20: precision: 0.01268 | recall: 0.13425 | ndcg: 0.07087 | hit_rate: 0.20327 | map: 0.04255
Sat 09 Mar 2024 18:22:08 INFO Epoch 53, Loss: 24.79533
Sat 09 Mar 2024 18:22:09 INFO Validation Metrics:
Sat 09 Mar 2024 18:22:09 INFO 5: precision: 0.01351 | recall: 0.05941 | ndcg: 0.03943 | hit_rate: 0.06491 | map: 0.03174
Sat 09 Mar 2024 18:22:09 INFO 10: precision: 0.01035 | recall: 0.09012 | ndcg: 0.04966 | hit_rate: 0.09811 | map: 0.03601
Sat 09 Mar 2024 18:22:09 INFO 20: precision: 0.00784 | recall: 0.13366 | ndcg: 0.06105 | hit_rate: 0.14436 | map: 0.03918
Sat 09 Mar 2024 18:22:09 INFO Test Metrics:
Sat 09 Mar 2024 18:22:09 INFO 5: precision: 0.02223 | recall: 0.06045 | ndcg: 0.04614 | hit_rate: 0.09760 | map: 0.03384
Sat 09 Mar 2024 18:22:09 INFO 10: precision: 0.01722 | recall: 0.09197 | ndcg: 0.05810 | hit_rate: 0.14326 | map: 0.03886
Sat 09 Mar 2024 18:22:09 INFO 20: precision: 0.01265 | recall: 0.13412 | ndcg: 0.07077 | hit_rate: 0.20275 | map: 0.04244
Sat 09 Mar 2024 18:22:13 INFO Epoch 54, Loss: 24.73955
Sat 09 Mar 2024 18:22:13 INFO Validation Metrics:
Sat 09 Mar 2024 18:22:13 INFO 5: precision: 0.01369 | recall: 0.06041 | ndcg: 0.03982 | hit_rate: 0.06588 | map: 0.03194
Sat 09 Mar 2024 18:22:13 INFO 10: precision: 0.01045 | recall: 0.09082 | ndcg: 0.04994 | hit_rate: 0.09908 | map: 0.03615
Sat 09 Mar 2024 18:22:13 INFO 20: precision: 0.00792 | recall: 0.13544 | ndcg: 0.06155 | hit_rate: 0.14649 | map: 0.03935
Sat 09 Mar 2024 18:22:13 INFO Test Metrics:
Sat 09 Mar 2024 18:22:13 INFO 5: precision: 0.02219 | recall: 0.06023 | ndcg: 0.04608 | hit_rate: 0.09747 | map: 0.03387
Sat 09 Mar 2024 18:22:13 INFO 10: precision: 0.01719 | recall: 0.09153 | ndcg: 0.05801 | hit_rate: 0.14320 | map: 0.03889
Sat 09 Mar 2024 18:22:13 INFO 20: precision: 0.01261 | recall: 0.13400 | ndcg: 0.07074 | hit_rate: 0.20249 | map: 0.04250
Sat 09 Mar 2024 18:22:17 INFO Epoch 55, Loss: 24.78611
Sat 09 Mar 2024 18:22:18 INFO Validation Metrics:
Sat 09 Mar 2024 18:22:18 INFO 5: precision: 0.01374 | recall: 0.06052 | ndcg: 0.03983 | hit_rate: 0.06627 | map: 0.03192
Sat 09 Mar 2024 18:22:18 INFO 10: precision: 0.01069 | recall: 0.09267 | ndcg: 0.05050 | hit_rate: 0.10109 | map: 0.03635
Sat 09 Mar 2024 18:22:18 INFO 20: precision: 0.00784 | recall: 0.13511 | ndcg: 0.06152 | hit_rate: 0.14552 | map: 0.03941
Sat 09 Mar 2024 18:22:18 INFO Test Metrics:
Sat 09 Mar 2024 18:22:18 INFO 5: precision: 0.02241 | recall: 0.06071 | ndcg: 0.04598 | hit_rate: 0.09811 | map: 0.03363
Sat 09 Mar 2024 18:22:18 INFO 10: precision: 0.01733 | recall: 0.09264 | ndcg: 0.05808 | hit_rate: 0.14475 | map: 0.03871
Sat 09 Mar 2024 18:22:18 INFO 20: precision: 0.01272 | recall: 0.13476 | ndcg: 0.07072 | hit_rate: 0.20346 | map: 0.04229
Sat 09 Mar 2024 18:22:22 INFO Epoch 56, Loss: 24.76530
Sat 09 Mar 2024 18:22:22 INFO Validation Metrics:
Sat 09 Mar 2024 18:22:22 INFO 5: precision: 0.01382 | recall: 0.06089 | ndcg: 0.03998 | hit_rate: 0.06666 | map: 0.03197
Sat 09 Mar 2024 18:22:22 INFO 10: precision: 0.01055 | recall: 0.09252 | ndcg: 0.05036 | hit_rate: 0.10025 | map: 0.03624
Sat 09 Mar 2024 18:22:22 INFO 20: precision: 0.00778 | recall: 0.13386 | ndcg: 0.06119 | hit_rate: 0.14417 | map: 0.03927
Sat 09 Mar 2024 18:22:22 INFO Test Metrics:
Sat 09 Mar 2024 18:22:22 INFO 5: precision: 0.02249 | recall: 0.06087 | ndcg: 0.04624 | hit_rate: 0.09831 | map: 0.03394
Sat 09 Mar 2024 18:22:22 INFO 10: precision: 0.01720 | recall: 0.09181 | ndcg: 0.05794 | hit_rate: 0.14384 | map: 0.03881
Sat 09 Mar 2024 18:22:22 INFO 20: precision: 0.01276 | recall: 0.13623 | ndcg: 0.07117 | hit_rate: 0.20443 | map: 0.04258
Sat 09 Mar 2024 18:22:26 INFO Epoch 57, Loss: 24.75692
Sat 09 Mar 2024 18:22:27 INFO Validation Metrics:
Sat 09 Mar 2024 18:22:27 INFO 5: precision: 0.01416 | recall: 0.06220 | ndcg: 0.04043 | hit_rate: 0.06821 | map: 0.03215
Sat 09 Mar 2024 18:22:27 INFO 10: precision: 0.01058 | recall: 0.09228 | ndcg: 0.05041 | hit_rate: 0.10018 | map: 0.03631
Sat 09 Mar 2024 18:22:27 INFO 20: precision: 0.00798 | recall: 0.13609 | ndcg: 0.06192 | hit_rate: 0.14727 | map: 0.03952
Sat 09 Mar 2024 18:22:27 INFO Test Metrics:
Sat 09 Mar 2024 18:22:27 INFO 5: precision: 0.02250 | recall: 0.06103 | ndcg: 0.04657 | hit_rate: 0.09863 | map: 0.03427
Sat 09 Mar 2024 18:22:27 INFO 10: precision: 0.01728 | recall: 0.09173 | ndcg: 0.05830 | hit_rate: 0.14326 | map: 0.03924
Sat 09 Mar 2024 18:22:27 INFO 20: precision: 0.01286 | recall: 0.13672 | ndcg: 0.07168 | hit_rate: 0.20617 | map: 0.04299
Sat 09 Mar 2024 18:22:30 INFO Epoch 58, Loss: 24.79355
Sat 09 Mar 2024 18:22:31 INFO Validation Metrics:
Sat 09 Mar 2024 18:22:31 INFO 5: precision: 0.01386 | recall: 0.06075 | ndcg: 0.04014 | hit_rate: 0.06679 | map: 0.03219
Sat 09 Mar 2024 18:22:31 INFO 10: precision: 0.01067 | recall: 0.09290 | ndcg: 0.05077 | hit_rate: 0.10115 | map: 0.03659
Sat 09 Mar 2024 18:22:31 INFO 20: precision: 0.00793 | recall: 0.13570 | ndcg: 0.06203 | hit_rate: 0.14656 | map: 0.03977
Sat 09 Mar 2024 18:22:31 INFO Test Metrics:
Sat 09 Mar 2024 18:22:31 INFO 5: precision: 0.02271 | recall: 0.06159 | ndcg: 0.04672 | hit_rate: 0.09947 | map: 0.03424
Sat 09 Mar 2024 18:22:31 INFO 10: precision: 0.01751 | recall: 0.09302 | ndcg: 0.05871 | hit_rate: 0.14559 | map: 0.03929
Sat 09 Mar 2024 18:22:31 INFO 20: precision: 0.01283 | recall: 0.13592 | ndcg: 0.07152 | hit_rate: 0.20514 | map: 0.04289
Sat 09 Mar 2024 18:22:35 INFO Epoch 59, Loss: 24.71743
Sat 09 Mar 2024 18:22:36 INFO Validation Metrics:
Sat 09 Mar 2024 18:22:36 INFO 5: precision: 0.01386 | recall: 0.06128 | ndcg: 0.04003 | hit_rate: 0.06705 | map: 0.03189
Sat 09 Mar 2024 18:22:36 INFO 10: precision: 0.01065 | recall: 0.09297 | ndcg: 0.05053 | hit_rate: 0.10134 | map: 0.03623
Sat 09 Mar 2024 18:22:36 INFO 20: precision: 0.00796 | recall: 0.13639 | ndcg: 0.06192 | hit_rate: 0.14707 | map: 0.03942
Sat 09 Mar 2024 18:22:36 INFO Test Metrics:
Sat 09 Mar 2024 18:22:36 INFO 5: precision: 0.02256 | recall: 0.06099 | ndcg: 0.04681 | hit_rate: 0.09889 | map: 0.03448
Sat 09 Mar 2024 18:22:36 INFO 10: precision: 0.01741 | recall: 0.09207 | ndcg: 0.05870 | hit_rate: 0.14443 | map: 0.03949
Sat 09 Mar 2024 18:22:36 INFO 20: precision: 0.01281 | recall: 0.13588 | ndcg: 0.07175 | hit_rate: 0.20391 | map: 0.04321
Sat 09 Mar 2024 18:22:39 INFO Epoch 60, Loss: 24.73763
Sat 09 Mar 2024 18:22:40 INFO Validation Metrics:
Sat 09 Mar 2024 18:22:40 INFO 5: precision: 0.01365 | recall: 0.06029 | ndcg: 0.03954 | hit_rate: 0.06582 | map: 0.03159
Sat 09 Mar 2024 18:22:40 INFO 10: precision: 0.01059 | recall: 0.09255 | ndcg: 0.05023 | hit_rate: 0.10057 | map: 0.03603
Sat 09 Mar 2024 18:22:40 INFO 20: precision: 0.00783 | recall: 0.13435 | ndcg: 0.06123 | hit_rate: 0.14501 | map: 0.03912
Sat 09 Mar 2024 18:22:40 INFO Test Metrics:
Sat 09 Mar 2024 18:22:40 INFO 5: precision: 0.02272 | recall: 0.06149 | ndcg: 0.04688 | hit_rate: 0.09908 | map: 0.03450
Sat 09 Mar 2024 18:22:40 INFO 10: precision: 0.01743 | recall: 0.09242 | ndcg: 0.05870 | hit_rate: 0.14539 | map: 0.03943
Sat 09 Mar 2024 18:22:40 INFO 20: precision: 0.01270 | recall: 0.13454 | ndcg: 0.07129 | hit_rate: 0.20262 | map: 0.04305
Sat 09 Mar 2024 18:22:44 INFO Epoch 61, Loss: 24.70562
Sat 09 Mar 2024 18:22:44 INFO Validation Metrics:
Sat 09 Mar 2024 18:22:44 INFO 5: precision: 0.01400 | recall: 0.06127 | ndcg: 0.04021 | hit_rate: 0.06756 | map: 0.03208
Sat 09 Mar 2024 18:22:44 INFO 10: precision: 0.01055 | recall: 0.09235 | ndcg: 0.05045 | hit_rate: 0.10018 | map: 0.03635
Sat 09 Mar 2024 18:22:44 INFO 20: precision: 0.00788 | recall: 0.13510 | ndcg: 0.06165 | hit_rate: 0.14572 | map: 0.03946
Sat 09 Mar 2024 18:22:44 INFO Test Metrics:
Sat 09 Mar 2024 18:22:44 INFO 5: precision: 0.02246 | recall: 0.06057 | ndcg: 0.04705 | hit_rate: 0.09811 | map: 0.03495
Sat 09 Mar 2024 18:22:44 INFO 10: precision: 0.01734 | recall: 0.09251 | ndcg: 0.05911 | hit_rate: 0.14475 | map: 0.03999
Sat 09 Mar 2024 18:22:44 INFO 20: precision: 0.01285 | recall: 0.13641 | ndcg: 0.07223 | hit_rate: 0.20611 | map: 0.04369
Sat 09 Mar 2024 18:22:48 INFO Epoch 62, Loss: 24.68712
Sat 09 Mar 2024 18:22:49 INFO Validation Metrics:
Sat 09 Mar 2024 18:22:49 INFO 5: precision: 0.01376 | recall: 0.06063 | ndcg: 0.04017 | hit_rate: 0.06640 | map: 0.03229
Sat 09 Mar 2024 18:22:49 INFO 10: precision: 0.01057 | recall: 0.09274 | ndcg: 0.05078 | hit_rate: 0.10050 | map: 0.03670
Sat 09 Mar 2024 18:22:49 INFO 20: precision: 0.00794 | recall: 0.13608 | ndcg: 0.06213 | hit_rate: 0.14669 | map: 0.03985
Sat 09 Mar 2024 18:22:49 INFO Test Metrics:
Sat 09 Mar 2024 18:22:49 INFO 5: precision: 0.02267 | recall: 0.06141 | ndcg: 0.04710 | hit_rate: 0.09915 | map: 0.03476
Sat 09 Mar 2024 18:22:49 INFO 10: precision: 0.01728 | recall: 0.09191 | ndcg: 0.05868 | hit_rate: 0.14352 | map: 0.03962
Sat 09 Mar 2024 18:22:49 INFO 20: precision: 0.01284 | recall: 0.13617 | ndcg: 0.07193 | hit_rate: 0.20566 | map: 0.04337
Sat 09 Mar 2024 18:22:53 INFO Epoch 63, Loss: 24.72111
Sat 09 Mar 2024 18:22:53 INFO Validation Metrics:
Sat 09 Mar 2024 18:22:53 INFO 5: precision: 0.01384 | recall: 0.06077 | ndcg: 0.03934 | hit_rate: 0.06672 | map: 0.03113
Sat 09 Mar 2024 18:22:53 INFO 10: precision: 0.01063 | recall: 0.09242 | ndcg: 0.04981 | hit_rate: 0.10089 | map: 0.03548
Sat 09 Mar 2024 18:22:53 INFO 20: precision: 0.00778 | recall: 0.13320 | ndcg: 0.06052 | hit_rate: 0.14391 | map: 0.03849
Sat 09 Mar 2024 18:22:53 INFO Test Metrics:
Sat 09 Mar 2024 18:22:53 INFO 5: precision: 0.02241 | recall: 0.06055 | ndcg: 0.04653 | hit_rate: 0.09831 | map: 0.03435
Sat 09 Mar 2024 18:22:53 INFO 10: precision: 0.01736 | recall: 0.09310 | ndcg: 0.05882 | hit_rate: 0.14417 | map: 0.03955
Sat 09 Mar 2024 18:22:53 INFO 20: precision: 0.01272 | recall: 0.13526 | ndcg: 0.07146 | hit_rate: 0.20437 | map: 0.04308
Sat 09 Mar 2024 18:22:57 INFO Epoch 64, Loss: 24.69820
Sat 09 Mar 2024 18:22:58 INFO Validation Metrics:
Sat 09 Mar 2024 18:22:58 INFO 5: precision: 0.01374 | recall: 0.06063 | ndcg: 0.03999 | hit_rate: 0.06634 | map: 0.03206
Sat 09 Mar 2024 18:22:58 INFO 10: precision: 0.01064 | recall: 0.09317 | ndcg: 0.05080 | hit_rate: 0.10115 | map: 0.03658
Sat 09 Mar 2024 18:22:58 INFO 20: precision: 0.00786 | recall: 0.13470 | ndcg: 0.06168 | hit_rate: 0.14559 | map: 0.03961
Sat 09 Mar 2024 18:22:58 INFO Test Metrics:
Sat 09 Mar 2024 18:22:58 INFO 5: precision: 0.02230 | recall: 0.06028 | ndcg: 0.04660 | hit_rate: 0.09734 | map: 0.03447
Sat 09 Mar 2024 18:22:58 INFO 10: precision: 0.01739 | recall: 0.09315 | ndcg: 0.05903 | hit_rate: 0.14455 | map: 0.03971
Sat 09 Mar 2024 18:22:58 INFO 20: precision: 0.01275 | recall: 0.13577 | ndcg: 0.07175 | hit_rate: 0.20430 | map: 0.04328
Sat 09 Mar 2024 18:23:02 INFO Epoch 65, Loss: 24.67598
Sat 09 Mar 2024 18:23:02 INFO Validation Metrics:
Sat 09 Mar 2024 18:23:02 INFO 5: precision: 0.01380 | recall: 0.06089 | ndcg: 0.03979 | hit_rate: 0.06646 | map: 0.03176
Sat 09 Mar 2024 18:23:02 INFO 10: precision: 0.01066 | recall: 0.09331 | ndcg: 0.05052 | hit_rate: 0.10096 | map: 0.03622
Sat 09 Mar 2024 18:23:02 INFO 20: precision: 0.00785 | recall: 0.13445 | ndcg: 0.06128 | hit_rate: 0.14494 | map: 0.03920
Sat 09 Mar 2024 18:23:02 INFO Test Metrics:
Sat 09 Mar 2024 18:23:02 INFO 5: precision: 0.02256 | recall: 0.06106 | ndcg: 0.04731 | hit_rate: 0.09870 | map: 0.03504
Sat 09 Mar 2024 18:23:02 INFO 10: precision: 0.01740 | recall: 0.09250 | ndcg: 0.05925 | hit_rate: 0.14443 | map: 0.04005
Sat 09 Mar 2024 18:23:02 INFO 20: precision: 0.01271 | recall: 0.13504 | ndcg: 0.07195 | hit_rate: 0.20243 | map: 0.04367
Sat 09 Mar 2024 18:23:06 INFO Epoch 66, Loss: 24.74151
Sat 09 Mar 2024 18:23:07 INFO Validation Metrics:
Sat 09 Mar 2024 18:23:07 INFO 5: precision: 0.01385 | recall: 0.06093 | ndcg: 0.03988 | hit_rate: 0.06659 | map: 0.03181
Sat 09 Mar 2024 18:23:07 INFO 10: precision: 0.01057 | recall: 0.09170 | ndcg: 0.05010 | hit_rate: 0.09973 | map: 0.03607
Sat 09 Mar 2024 18:23:07 INFO 20: precision: 0.00783 | recall: 0.13401 | ndcg: 0.06116 | hit_rate: 0.14481 | map: 0.03915
Sat 09 Mar 2024 18:23:07 INFO Test Metrics:
Sat 09 Mar 2024 18:23:07 INFO 5: precision: 0.02245 | recall: 0.06094 | ndcg: 0.04664 | hit_rate: 0.09844 | map: 0.03440
Sat 09 Mar 2024 18:23:07 INFO 10: precision: 0.01735 | recall: 0.09257 | ndcg: 0.05868 | hit_rate: 0.14339 | map: 0.03953
Sat 09 Mar 2024 18:23:07 INFO 20: precision: 0.01283 | recall: 0.13639 | ndcg: 0.07179 | hit_rate: 0.20404 | map: 0.04324
Sat 09 Mar 2024 18:23:11 INFO Epoch 67, Loss: 24.65836
Sat 09 Mar 2024 18:23:11 INFO Validation Metrics:
Sat 09 Mar 2024 18:23:11 INFO 5: precision: 0.01389 | recall: 0.06130 | ndcg: 0.03988 | hit_rate: 0.06711 | map: 0.03170
Sat 09 Mar 2024 18:23:11 INFO 10: precision: 0.01053 | recall: 0.09216 | ndcg: 0.05011 | hit_rate: 0.09986 | map: 0.03597
Sat 09 Mar 2024 18:23:11 INFO 20: precision: 0.00786 | recall: 0.13485 | ndcg: 0.06127 | hit_rate: 0.14546 | map: 0.03906
Sat 09 Mar 2024 18:23:11 INFO Test Metrics:
Sat 09 Mar 2024 18:23:11 INFO 5: precision: 0.02246 | recall: 0.06112 | ndcg: 0.04672 | hit_rate: 0.09889 | map: 0.03437
Sat 09 Mar 2024 18:23:11 INFO 10: precision: 0.01745 | recall: 0.09289 | ndcg: 0.05883 | hit_rate: 0.14546 | map: 0.03946
Sat 09 Mar 2024 18:23:11 INFO 20: precision: 0.01290 | recall: 0.13729 | ndcg: 0.07206 | hit_rate: 0.20624 | map: 0.04321
Sat 09 Mar 2024 18:23:15 INFO Epoch 68, Loss: 24.62638
Sat 09 Mar 2024 18:23:16 INFO Validation Metrics:
Sat 09 Mar 2024 18:23:16 INFO 5: precision: 0.01415 | recall: 0.06197 | ndcg: 0.04050 | hit_rate: 0.06808 | map: 0.03225
Sat 09 Mar 2024 18:23:16 INFO 10: precision: 0.01064 | recall: 0.09309 | ndcg: 0.05078 | hit_rate: 0.10115 | map: 0.03654
Sat 09 Mar 2024 18:23:16 INFO 20: precision: 0.00781 | recall: 0.13394 | ndcg: 0.06145 | hit_rate: 0.14455 | map: 0.03949
Sat 09 Mar 2024 18:23:16 INFO Test Metrics:
Sat 09 Mar 2024 18:23:16 INFO 5: precision: 0.02256 | recall: 0.06118 | ndcg: 0.04730 | hit_rate: 0.09934 | map: 0.03499
Sat 09 Mar 2024 18:23:16 INFO 10: precision: 0.01733 | recall: 0.09196 | ndcg: 0.05904 | hit_rate: 0.14378 | map: 0.03996
Sat 09 Mar 2024 18:23:16 INFO 20: precision: 0.01289 | recall: 0.13652 | ndcg: 0.07236 | hit_rate: 0.20637 | map: 0.04374
Sat 09 Mar 2024 18:23:19 INFO Epoch 69, Loss: 24.64435
Sat 09 Mar 2024 18:23:20 INFO Validation Metrics:
Sat 09 Mar 2024 18:23:20 INFO 5: precision: 0.01390 | recall: 0.06144 | ndcg: 0.03959 | hit_rate: 0.06705 | map: 0.03132
Sat 09 Mar 2024 18:23:20 INFO 10: precision: 0.01064 | recall: 0.09278 | ndcg: 0.05002 | hit_rate: 0.10076 | map: 0.03566
Sat 09 Mar 2024 18:23:20 INFO 20: precision: 0.00791 | recall: 0.13551 | ndcg: 0.06117 | hit_rate: 0.14649 | map: 0.03874
Sat 09 Mar 2024 18:23:20 INFO Test Metrics:
Sat 09 Mar 2024 18:23:20 INFO 5: precision: 0.02257 | recall: 0.06143 | ndcg: 0.04738 | hit_rate: 0.09941 | map: 0.03509
Sat 09 Mar 2024 18:23:20 INFO 10: precision: 0.01738 | recall: 0.09241 | ndcg: 0.05921 | hit_rate: 0.14397 | map: 0.04011
Sat 09 Mar 2024 18:23:20 INFO 20: precision: 0.01286 | recall: 0.13635 | ndcg: 0.07236 | hit_rate: 0.20611 | map: 0.04381
Sat 09 Mar 2024 18:23:24 INFO Epoch 70, Loss: 24.61523
Sat 09 Mar 2024 18:23:25 INFO Validation Metrics:
Sat 09 Mar 2024 18:23:25 INFO 5: precision: 0.01409 | recall: 0.06202 | ndcg: 0.04033 | hit_rate: 0.06821 | map: 0.03205
Sat 09 Mar 2024 18:23:25 INFO 10: precision: 0.01071 | recall: 0.09335 | ndcg: 0.05070 | hit_rate: 0.10147 | map: 0.03637
Sat 09 Mar 2024 18:23:25 INFO 20: precision: 0.00794 | recall: 0.13587 | ndcg: 0.06179 | hit_rate: 0.14649 | map: 0.03944
Sat 09 Mar 2024 18:23:25 INFO Test Metrics:
Sat 09 Mar 2024 18:23:25 INFO 5: precision: 0.02284 | recall: 0.06199 | ndcg: 0.04788 | hit_rate: 0.10037 | map: 0.03546
Sat 09 Mar 2024 18:23:25 INFO 10: precision: 0.01759 | recall: 0.09360 | ndcg: 0.05990 | hit_rate: 0.14636 | map: 0.04054
Sat 09 Mar 2024 18:23:25 INFO 20: precision: 0.01288 | recall: 0.13620 | ndcg: 0.07265 | hit_rate: 0.20630 | map: 0.04413
Sat 09 Mar 2024 18:23:28 INFO Epoch 71, Loss: 24.65496
Sat 09 Mar 2024 18:23:29 INFO Validation Metrics:
Sat 09 Mar 2024 18:23:29 INFO 5: precision: 0.01406 | recall: 0.06208 | ndcg: 0.04093 | hit_rate: 0.06795 | map: 0.03281
Sat 09 Mar 2024 18:23:29 INFO 10: precision: 0.01072 | recall: 0.09352 | ndcg: 0.05137 | hit_rate: 0.10160 | map: 0.03717
Sat 09 Mar 2024 18:23:29 INFO 20: precision: 0.00793 | recall: 0.13646 | ndcg: 0.06251 | hit_rate: 0.14682 | map: 0.04024
Sat 09 Mar 2024 18:23:29 INFO Test Metrics:
Sat 09 Mar 2024 18:23:29 INFO 5: precision: 0.02267 | recall: 0.06150 | ndcg: 0.04721 | hit_rate: 0.09921 | map: 0.03485
Sat 09 Mar 2024 18:23:29 INFO 10: precision: 0.01763 | recall: 0.09413 | ndcg: 0.05962 | hit_rate: 0.14611 | map: 0.04010
Sat 09 Mar 2024 18:23:29 INFO 20: precision: 0.01285 | recall: 0.13639 | ndcg: 0.07228 | hit_rate: 0.20566 | map: 0.04366
Sat 09 Mar 2024 18:23:33 INFO Epoch 72, Loss: 24.62718
Sat 09 Mar 2024 18:23:33 INFO Validation Metrics:
Sat 09 Mar 2024 18:23:33 INFO 5: precision: 0.01400 | recall: 0.06153 | ndcg: 0.04027 | hit_rate: 0.06763 | map: 0.03213
Sat 09 Mar 2024 18:23:33 INFO 10: precision: 0.01064 | recall: 0.09229 | ndcg: 0.05047 | hit_rate: 0.10031 | map: 0.03638
Sat 09 Mar 2024 18:23:33 INFO 20: precision: 0.00779 | recall: 0.13385 | ndcg: 0.06130 | hit_rate: 0.14430 | map: 0.03939
Sat 09 Mar 2024 18:23:33 INFO Test Metrics:
Sat 09 Mar 2024 18:23:33 INFO 5: precision: 0.02270 | recall: 0.06152 | ndcg: 0.04715 | hit_rate: 0.09921 | map: 0.03482
Sat 09 Mar 2024 18:23:33 INFO 10: precision: 0.01753 | recall: 0.09361 | ndcg: 0.05927 | hit_rate: 0.14552 | map: 0.03990
Sat 09 Mar 2024 18:23:33 INFO 20: precision: 0.01283 | recall: 0.13642 | ndcg: 0.07208 | hit_rate: 0.20514 | map: 0.04352
Sat 09 Mar 2024 18:23:37 INFO Epoch 73, Loss: 24.61286
Sat 09 Mar 2024 18:23:38 INFO Validation Metrics:
Sat 09 Mar 2024 18:23:38 INFO 5: precision: 0.01384 | recall: 0.06156 | ndcg: 0.04052 | hit_rate: 0.06698 | map: 0.03255
Sat 09 Mar 2024 18:23:38 INFO 10: precision: 0.01067 | recall: 0.09306 | ndcg: 0.05096 | hit_rate: 0.10128 | map: 0.03684
Sat 09 Mar 2024 18:23:38 INFO 20: precision: 0.00784 | recall: 0.13473 | ndcg: 0.06181 | hit_rate: 0.14507 | map: 0.03986
Sat 09 Mar 2024 18:23:38 INFO Test Metrics:
Sat 09 Mar 2024 18:23:38 INFO 5: precision: 0.02279 | recall: 0.06197 | ndcg: 0.04756 | hit_rate: 0.10018 | map: 0.03505
Sat 09 Mar 2024 18:23:38 INFO 10: precision: 0.01764 | recall: 0.09429 | ndcg: 0.05985 | hit_rate: 0.14720 | map: 0.04025
Sat 09 Mar 2024 18:23:38 INFO 20: precision: 0.01298 | recall: 0.13808 | ndcg: 0.07294 | hit_rate: 0.20811 | map: 0.04395
Sat 09 Mar 2024 18:23:41 INFO Epoch 74, Loss: 24.64290
Sat 09 Mar 2024 18:23:42 INFO Validation Metrics:
Sat 09 Mar 2024 18:23:42 INFO 5: precision: 0.01400 | recall: 0.06212 | ndcg: 0.04083 | hit_rate: 0.06776 | map: 0.03272
Sat 09 Mar 2024 18:23:42 INFO 10: precision: 0.01064 | recall: 0.09268 | ndcg: 0.05100 | hit_rate: 0.10083 | map: 0.03694
Sat 09 Mar 2024 18:23:42 INFO 20: precision: 0.00792 | recall: 0.13570 | ndcg: 0.06221 | hit_rate: 0.14675 | map: 0.04002
Sat 09 Mar 2024 18:23:42 INFO Test Metrics:
Sat 09 Mar 2024 18:23:42 INFO 5: precision: 0.02258 | recall: 0.06166 | ndcg: 0.04728 | hit_rate: 0.09921 | map: 0.03486
Sat 09 Mar 2024 18:23:42 INFO 10: precision: 0.01753 | recall: 0.09421 | ndcg: 0.05960 | hit_rate: 0.14617 | map: 0.04004
Sat 09 Mar 2024 18:23:42 INFO 20: precision: 0.01289 | recall: 0.13721 | ndcg: 0.07246 | hit_rate: 0.20779 | map: 0.04361
Sat 09 Mar 2024 18:23:46 INFO Epoch 75, Loss: 24.60181
Sat 09 Mar 2024 18:23:47 INFO Validation Metrics:
Sat 09 Mar 2024 18:23:47 INFO 5: precision: 0.01376 | recall: 0.06081 | ndcg: 0.04013 | hit_rate: 0.06653 | map: 0.03219
Sat 09 Mar 2024 18:23:47 INFO 10: precision: 0.01068 | recall: 0.09295 | ndcg: 0.05082 | hit_rate: 0.10128 | map: 0.03664
Sat 09 Mar 2024 18:23:47 INFO 20: precision: 0.00787 | recall: 0.13538 | ndcg: 0.06189 | hit_rate: 0.14572 | map: 0.03973
Sat 09 Mar 2024 18:23:47 INFO Test Metrics:
Sat 09 Mar 2024 18:23:47 INFO 5: precision: 0.02263 | recall: 0.06193 | ndcg: 0.04768 | hit_rate: 0.09947 | map: 0.03532
Sat 09 Mar 2024 18:23:47 INFO 10: precision: 0.01755 | recall: 0.09390 | ndcg: 0.05984 | hit_rate: 0.14604 | map: 0.04041
Sat 09 Mar 2024 18:23:47 INFO 20: precision: 0.01293 | recall: 0.13724 | ndcg: 0.07283 | hit_rate: 0.20643 | map: 0.04408
Sat 09 Mar 2024 18:23:50 INFO Epoch 76, Loss: 24.62019
Sat 09 Mar 2024 18:23:51 INFO Validation Metrics:
Sat 09 Mar 2024 18:23:51 INFO 5: precision: 0.01418 | recall: 0.06248 | ndcg: 0.04086 | hit_rate: 0.06853 | map: 0.03255
Sat 09 Mar 2024 18:23:51 INFO 10: precision: 0.01069 | recall: 0.09337 | ndcg: 0.05107 | hit_rate: 0.10180 | map: 0.03679
Sat 09 Mar 2024 18:23:51 INFO 20: precision: 0.00792 | recall: 0.13601 | ndcg: 0.06225 | hit_rate: 0.14617 | map: 0.03993
Sat 09 Mar 2024 18:23:51 INFO Test Metrics:
Sat 09 Mar 2024 18:23:51 INFO 5: precision: 0.02312 | recall: 0.06324 | ndcg: 0.04812 | hit_rate: 0.10147 | map: 0.03540
Sat 09 Mar 2024 18:23:51 INFO 10: precision: 0.01763 | recall: 0.09469 | ndcg: 0.06000 | hit_rate: 0.14727 | map: 0.04033
Sat 09 Mar 2024 18:23:51 INFO 20: precision: 0.01288 | recall: 0.13666 | ndcg: 0.07257 | hit_rate: 0.20598 | map: 0.04389
Sat 09 Mar 2024 18:23:55 INFO Epoch 77, Loss: 24.62658
Sat 09 Mar 2024 18:23:55 INFO Validation Metrics:
Sat 09 Mar 2024 18:23:55 INFO 5: precision: 0.01411 | recall: 0.06208 | ndcg: 0.04046 | hit_rate: 0.06801 | map: 0.03218
Sat 09 Mar 2024 18:23:55 INFO 10: precision: 0.01083 | recall: 0.09417 | ndcg: 0.05107 | hit_rate: 0.10264 | map: 0.03657
Sat 09 Mar 2024 18:23:55 INFO 20: precision: 0.00800 | recall: 0.13686 | ndcg: 0.06224 | hit_rate: 0.14759 | map: 0.03969
Sat 09 Mar 2024 18:23:55 INFO Test Metrics:
Sat 09 Mar 2024 18:23:55 INFO 5: precision: 0.02271 | recall: 0.06172 | ndcg: 0.04803 | hit_rate: 0.09953 | map: 0.03574
Sat 09 Mar 2024 18:23:55 INFO 10: precision: 0.01769 | recall: 0.09429 | ndcg: 0.06042 | hit_rate: 0.14720 | map: 0.04094
Sat 09 Mar 2024 18:23:55 INFO 20: precision: 0.01285 | recall: 0.13650 | ndcg: 0.07304 | hit_rate: 0.20566 | map: 0.04451
Sat 09 Mar 2024 18:23:59 INFO Epoch 78, Loss: 24.60700
Sat 09 Mar 2024 18:24:00 INFO Validation Metrics:
Sat 09 Mar 2024 18:24:00 INFO 5: precision: 0.01398 | recall: 0.06131 | ndcg: 0.04062 | hit_rate: 0.06705 | map: 0.03269
Sat 09 Mar 2024 18:24:00 INFO 10: precision: 0.01079 | recall: 0.09398 | ndcg: 0.05141 | hit_rate: 0.10238 | map: 0.03714
Sat 09 Mar 2024 18:24:00 INFO 20: precision: 0.00783 | recall: 0.13488 | ndcg: 0.06208 | hit_rate: 0.14494 | map: 0.04013
Sat 09 Mar 2024 18:24:00 INFO Test Metrics:
Sat 09 Mar 2024 18:24:00 INFO 5: precision: 0.02294 | recall: 0.06250 | ndcg: 0.04784 | hit_rate: 0.10063 | map: 0.03524
Sat 09 Mar 2024 18:24:00 INFO 10: precision: 0.01760 | recall: 0.09418 | ndcg: 0.05989 | hit_rate: 0.14636 | map: 0.04033
Sat 09 Mar 2024 18:24:00 INFO 20: precision: 0.01284 | recall: 0.13638 | ndcg: 0.07255 | hit_rate: 0.20689 | map: 0.04388
Sat 09 Mar 2024 18:24:04 INFO Epoch 79, Loss: 24.54861
Sat 09 Mar 2024 18:24:04 INFO Validation Metrics:
Sat 09 Mar 2024 18:24:04 INFO 5: precision: 0.01431 | recall: 0.06283 | ndcg: 0.04090 | hit_rate: 0.06892 | map: 0.03251
Sat 09 Mar 2024 18:24:04 INFO 10: precision: 0.01072 | recall: 0.09342 | ndcg: 0.05097 | hit_rate: 0.10180 | map: 0.03666
Sat 09 Mar 2024 18:24:04 INFO 20: precision: 0.00789 | recall: 0.13515 | ndcg: 0.06188 | hit_rate: 0.14539 | map: 0.03972
Sat 09 Mar 2024 18:24:04 INFO Test Metrics:
Sat 09 Mar 2024 18:24:04 INFO 5: precision: 0.02297 | recall: 0.06273 | ndcg: 0.04807 | hit_rate: 0.10083 | map: 0.03545
Sat 09 Mar 2024 18:24:04 INFO 10: precision: 0.01748 | recall: 0.09376 | ndcg: 0.05982 | hit_rate: 0.14578 | map: 0.04040
Sat 09 Mar 2024 18:24:04 INFO 20: precision: 0.01288 | recall: 0.13681 | ndcg: 0.07274 | hit_rate: 0.20695 | map: 0.04405
Sat 09 Mar 2024 18:24:08 INFO Epoch 80, Loss: 24.59398
Sat 09 Mar 2024 18:24:09 INFO Validation Metrics:
Sat 09 Mar 2024 18:24:09 INFO 5: precision: 0.01421 | recall: 0.06206 | ndcg: 0.04035 | hit_rate: 0.06827 | map: 0.03204
Sat 09 Mar 2024 18:24:09 INFO 10: precision: 0.01091 | recall: 0.09475 | ndcg: 0.05116 | hit_rate: 0.10322 | map: 0.03651
Sat 09 Mar 2024 18:24:09 INFO 20: precision: 0.00788 | recall: 0.13497 | ndcg: 0.06169 | hit_rate: 0.14533 | map: 0.03947
Sat 09 Mar 2024 18:24:09 INFO Test Metrics:
Sat 09 Mar 2024 18:24:09 INFO 5: precision: 0.02324 | recall: 0.06339 | ndcg: 0.04820 | hit_rate: 0.10205 | map: 0.03549
Sat 09 Mar 2024 18:24:09 INFO 10: precision: 0.01759 | recall: 0.09410 | ndcg: 0.05987 | hit_rate: 0.14643 | map: 0.04042
Sat 09 Mar 2024 18:24:09 INFO 20: precision: 0.01289 | recall: 0.13650 | ndcg: 0.07266 | hit_rate: 0.20566 | map: 0.04407
Sat 09 Mar 2024 18:24:13 INFO Epoch 81, Loss: 24.55677
Sat 09 Mar 2024 18:24:13 INFO Validation Metrics:
Sat 09 Mar 2024 18:24:13 INFO 5: precision: 0.01398 | recall: 0.06159 | ndcg: 0.04049 | hit_rate: 0.06763 | map: 0.03238
Sat 09 Mar 2024 18:24:13 INFO 10: precision: 0.01072 | recall: 0.09301 | ndcg: 0.05093 | hit_rate: 0.10121 | map: 0.03674
Sat 09 Mar 2024 18:24:13 INFO 20: precision: 0.00794 | recall: 0.13624 | ndcg: 0.06221 | hit_rate: 0.14656 | map: 0.03989
Sat 09 Mar 2024 18:24:13 INFO Test Metrics:
Sat 09 Mar 2024 18:24:13 INFO 5: precision: 0.02285 | recall: 0.06206 | ndcg: 0.04771 | hit_rate: 0.09999 | map: 0.03530
Sat 09 Mar 2024 18:24:13 INFO 10: precision: 0.01751 | recall: 0.09340 | ndcg: 0.05964 | hit_rate: 0.14494 | map: 0.04038
Sat 09 Mar 2024 18:24:13 INFO 20: precision: 0.01282 | recall: 0.13607 | ndcg: 0.07244 | hit_rate: 0.20462 | map: 0.04400
Sat 09 Mar 2024 18:24:17 INFO Epoch 82, Loss: 24.57965
Sat 09 Mar 2024 18:24:18 INFO Validation Metrics:
Sat 09 Mar 2024 18:24:18 INFO 5: precision: 0.01400 | recall: 0.06166 | ndcg: 0.04020 | hit_rate: 0.06737 | map: 0.03200
Sat 09 Mar 2024 18:24:18 INFO 10: precision: 0.01077 | recall: 0.09349 | ndcg: 0.05073 | hit_rate: 0.10141 | map: 0.03638
Sat 09 Mar 2024 18:24:18 INFO 20: precision: 0.00787 | recall: 0.13502 | ndcg: 0.06157 | hit_rate: 0.14514 | map: 0.03939
Sat 09 Mar 2024 18:24:18 INFO Test Metrics:
Sat 09 Mar 2024 18:24:18 INFO 5: precision: 0.02283 | recall: 0.06218 | ndcg: 0.04818 | hit_rate: 0.10031 | map: 0.03580
Sat 09 Mar 2024 18:24:18 INFO 10: precision: 0.01769 | recall: 0.09425 | ndcg: 0.06041 | hit_rate: 0.14714 | map: 0.04095
Sat 09 Mar 2024 18:24:18 INFO 20: precision: 0.01286 | recall: 0.13683 | ndcg: 0.07310 | hit_rate: 0.20630 | map: 0.04454
Sat 09 Mar 2024 18:24:22 INFO Epoch 83, Loss: 24.59813
Sat 09 Mar 2024 18:24:22 INFO Validation Metrics:
Sat 09 Mar 2024 18:24:22 INFO 5: precision: 0.01386 | recall: 0.06105 | ndcg: 0.04036 | hit_rate: 0.06692 | map: 0.03242
Sat 09 Mar 2024 18:24:22 INFO 10: precision: 0.01073 | recall: 0.09373 | ndcg: 0.05113 | hit_rate: 0.10173 | map: 0.03687
Sat 09 Mar 2024 18:24:22 INFO 20: precision: 0.00786 | recall: 0.13539 | ndcg: 0.06197 | hit_rate: 0.14578 | map: 0.03988
Sat 09 Mar 2024 18:24:22 INFO Test Metrics:
Sat 09 Mar 2024 18:24:22 INFO 5: precision: 0.02299 | recall: 0.06295 | ndcg: 0.04815 | hit_rate: 0.10083 | map: 0.03564
Sat 09 Mar 2024 18:24:22 INFO 10: precision: 0.01765 | recall: 0.09487 | ndcg: 0.06023 | hit_rate: 0.14753 | map: 0.04065
Sat 09 Mar 2024 18:24:22 INFO 20: precision: 0.01284 | recall: 0.13644 | ndcg: 0.07273 | hit_rate: 0.20508 | map: 0.04423
Sat 09 Mar 2024 18:24:26 INFO Epoch 84, Loss: 24.58275
Sat 09 Mar 2024 18:24:27 INFO Validation Metrics:
Sat 09 Mar 2024 18:24:27 INFO 5: precision: 0.01382 | recall: 0.06094 | ndcg: 0.04010 | hit_rate: 0.06685 | map: 0.03210
Sat 09 Mar 2024 18:24:27 INFO 10: precision: 0.01070 | recall: 0.09343 | ndcg: 0.05084 | hit_rate: 0.10167 | map: 0.03655
Sat 09 Mar 2024 18:24:27 INFO 20: precision: 0.00778 | recall: 0.13377 | ndcg: 0.06140 | hit_rate: 0.14443 | map: 0.03950
Sat 09 Mar 2024 18:24:27 INFO Test Metrics:
Sat 09 Mar 2024 18:24:27 INFO 5: precision: 0.02285 | recall: 0.06213 | ndcg: 0.04804 | hit_rate: 0.10025 | map: 0.03561
Sat 09 Mar 2024 18:24:27 INFO 10: precision: 0.01747 | recall: 0.09399 | ndcg: 0.06006 | hit_rate: 0.14585 | map: 0.04065
Sat 09 Mar 2024 18:24:27 INFO 20: precision: 0.01283 | recall: 0.13661 | ndcg: 0.07286 | hit_rate: 0.20630 | map: 0.04427
Sat 09 Mar 2024 18:24:31 INFO Epoch 85, Loss: 24.54046
Sat 09 Mar 2024 18:24:31 INFO Validation Metrics:
Sat 09 Mar 2024 18:24:31 INFO 5: precision: 0.01394 | recall: 0.06160 | ndcg: 0.04085 | hit_rate: 0.06717 | map: 0.03286
Sat 09 Mar 2024 18:24:31 INFO 10: precision: 0.01057 | recall: 0.09190 | ndcg: 0.05094 | hit_rate: 0.10037 | map: 0.03706
Sat 09 Mar 2024 18:24:31 INFO 20: precision: 0.00788 | recall: 0.13557 | ndcg: 0.06230 | hit_rate: 0.14636 | map: 0.04021
Sat 09 Mar 2024 18:24:31 INFO Test Metrics:
Sat 09 Mar 2024 18:24:31 INFO 5: precision: 0.02272 | recall: 0.06198 | ndcg: 0.04712 | hit_rate: 0.10025 | map: 0.03454
Sat 09 Mar 2024 18:24:31 INFO 10: precision: 0.01761 | recall: 0.09409 | ndcg: 0.05930 | hit_rate: 0.14682 | map: 0.03966
Sat 09 Mar 2024 18:24:31 INFO 20: precision: 0.01289 | recall: 0.13650 | ndcg: 0.07204 | hit_rate: 0.20637 | map: 0.04326
Sat 09 Mar 2024 18:24:35 INFO Epoch 86, Loss: 24.53551
Sat 09 Mar 2024 18:24:36 INFO Validation Metrics:
Sat 09 Mar 2024 18:24:36 INFO 5: precision: 0.01363 | recall: 0.05997 | ndcg: 0.04026 | hit_rate: 0.06582 | map: 0.03258
Sat 09 Mar 2024 18:24:36 INFO 10: precision: 0.01064 | recall: 0.09288 | ndcg: 0.05116 | hit_rate: 0.10089 | map: 0.03713
Sat 09 Mar 2024 18:24:36 INFO 20: precision: 0.00784 | recall: 0.13522 | ndcg: 0.06221 | hit_rate: 0.14578 | map: 0.04020
Sat 09 Mar 2024 18:24:36 INFO Test Metrics:
Sat 09 Mar 2024 18:24:36 INFO 5: precision: 0.02285 | recall: 0.06195 | ndcg: 0.04755 | hit_rate: 0.10083 | map: 0.03498
Sat 09 Mar 2024 18:24:36 INFO 10: precision: 0.01760 | recall: 0.09422 | ndcg: 0.05976 | hit_rate: 0.14682 | map: 0.04016
Sat 09 Mar 2024 18:24:36 INFO 20: precision: 0.01286 | recall: 0.13618 | ndcg: 0.07235 | hit_rate: 0.20624 | map: 0.04370
Sat 09 Mar 2024 18:24:39 INFO Epoch 87, Loss: 24.51870
Sat 09 Mar 2024 18:24:40 INFO Validation Metrics:
Sat 09 Mar 2024 18:24:40 INFO 5: precision: 0.01382 | recall: 0.06105 | ndcg: 0.04040 | hit_rate: 0.06679 | map: 0.03248
Sat 09 Mar 2024 18:24:40 INFO 10: precision: 0.01070 | recall: 0.09372 | ndcg: 0.05120 | hit_rate: 0.10134 | map: 0.03699
Sat 09 Mar 2024 18:24:40 INFO 20: precision: 0.00789 | recall: 0.13603 | ndcg: 0.06228 | hit_rate: 0.14636 | map: 0.04008
Sat 09 Mar 2024 18:24:40 INFO Test Metrics:
Sat 09 Mar 2024 18:24:40 INFO 5: precision: 0.02290 | recall: 0.06174 | ndcg: 0.04736 | hit_rate: 0.09973 | map: 0.03498
Sat 09 Mar 2024 18:24:40 INFO 10: precision: 0.01753 | recall: 0.09404 | ndcg: 0.05951 | hit_rate: 0.14572 | map: 0.04011
Sat 09 Mar 2024 18:24:40 INFO 20: precision: 0.01290 | recall: 0.13643 | ndcg: 0.07227 | hit_rate: 0.20572 | map: 0.04371
Sat 09 Mar 2024 18:24:44 INFO Epoch 88, Loss: 24.57290
Sat 09 Mar 2024 18:24:45 INFO Validation Metrics:
Sat 09 Mar 2024 18:24:45 INFO 5: precision: 0.01381 | recall: 0.06099 | ndcg: 0.04030 | hit_rate: 0.06672 | map: 0.03236
Sat 09 Mar 2024 18:24:45 INFO 10: precision: 0.01082 | recall: 0.09430 | ndcg: 0.05140 | hit_rate: 0.10251 | map: 0.03700
Sat 09 Mar 2024 18:24:45 INFO 20: precision: 0.00796 | recall: 0.13707 | ndcg: 0.06253 | hit_rate: 0.14759 | map: 0.04009
Sat 09 Mar 2024 18:24:45 INFO Test Metrics:
Sat 09 Mar 2024 18:24:45 INFO 5: precision: 0.02307 | recall: 0.06271 | ndcg: 0.04781 | hit_rate: 0.10070 | map: 0.03524
Sat 09 Mar 2024 18:24:45 INFO 10: precision: 0.01741 | recall: 0.09327 | ndcg: 0.05941 | hit_rate: 0.14559 | map: 0.04008
Sat 09 Mar 2024 18:24:45 INFO 20: precision: 0.01291 | recall: 0.13675 | ndcg: 0.07248 | hit_rate: 0.20734 | map: 0.04376
Sat 09 Mar 2024 18:24:48 INFO Epoch 89, Loss: 24.54736
Sat 09 Mar 2024 18:24:49 INFO Validation Metrics:
Sat 09 Mar 2024 18:24:49 INFO 5: precision: 0.01413 | recall: 0.06213 | ndcg: 0.04079 | hit_rate: 0.06789 | map: 0.03263
Sat 09 Mar 2024 18:24:49 INFO 10: precision: 0.01079 | recall: 0.09439 | ndcg: 0.05148 | hit_rate: 0.10244 | map: 0.03707
Sat 09 Mar 2024 18:24:49 INFO 20: precision: 0.00795 | recall: 0.13686 | ndcg: 0.06254 | hit_rate: 0.14753 | map: 0.04014
Sat 09 Mar 2024 18:24:49 INFO Test Metrics:
Sat 09 Mar 2024 18:24:49 INFO 5: precision: 0.02294 | recall: 0.06240 | ndcg: 0.04802 | hit_rate: 0.10102 | map: 0.03549
Sat 09 Mar 2024 18:24:49 INFO 10: precision: 0.01763 | recall: 0.09472 | ndcg: 0.06028 | hit_rate: 0.14727 | map: 0.04066
Sat 09 Mar 2024 18:24:49 INFO 20: precision: 0.01285 | recall: 0.13576 | ndcg: 0.07269 | hit_rate: 0.20462 | map: 0.04422
Sat 09 Mar 2024 18:24:53 INFO Epoch 90, Loss: 24.55578
Sat 09 Mar 2024 18:24:54 INFO Validation Metrics:
Sat 09 Mar 2024 18:24:54 INFO 5: precision: 0.01404 | recall: 0.06174 | ndcg: 0.04086 | hit_rate: 0.06750 | map: 0.03285
Sat 09 Mar 2024 18:24:54 INFO 10: precision: 0.01075 | recall: 0.09370 | ndcg: 0.05144 | hit_rate: 0.10167 | map: 0.03725
Sat 09 Mar 2024 18:24:54 INFO 20: precision: 0.00789 | recall: 0.13582 | ndcg: 0.06245 | hit_rate: 0.14578 | map: 0.04033
Sat 09 Mar 2024 18:24:54 INFO Test Metrics:
Sat 09 Mar 2024 18:24:54 INFO 5: precision: 0.02316 | recall: 0.06308 | ndcg: 0.04808 | hit_rate: 0.10160 | map: 0.03543
Sat 09 Mar 2024 18:24:54 INFO 10: precision: 0.01764 | recall: 0.09419 | ndcg: 0.05996 | hit_rate: 0.14694 | map: 0.04044
Sat 09 Mar 2024 18:24:54 INFO 20: precision: 0.01289 | recall: 0.13633 | ndcg: 0.07266 | hit_rate: 0.20611 | map: 0.04406
Sat 09 Mar 2024 18:24:57 INFO Epoch 91, Loss: 24.55993
Sat 09 Mar 2024 18:24:58 INFO Validation Metrics:
Sat 09 Mar 2024 18:24:58 INFO 5: precision: 0.01404 | recall: 0.06184 | ndcg: 0.04102 | hit_rate: 0.06782 | map: 0.03300
Sat 09 Mar 2024 18:24:58 INFO 10: precision: 0.01069 | recall: 0.09378 | ndcg: 0.05151 | hit_rate: 0.10154 | map: 0.03735
Sat 09 Mar 2024 18:24:58 INFO 20: precision: 0.00791 | recall: 0.13591 | ndcg: 0.06259 | hit_rate: 0.14669 | map: 0.04045
Sat 09 Mar 2024 18:24:58 INFO Test Metrics:
Sat 09 Mar 2024 18:24:58 INFO 5: precision: 0.02310 | recall: 0.06296 | ndcg: 0.04802 | hit_rate: 0.10115 | map: 0.03536
Sat 09 Mar 2024 18:24:58 INFO 10: precision: 0.01777 | recall: 0.09491 | ndcg: 0.06022 | hit_rate: 0.14824 | map: 0.04048
Sat 09 Mar 2024 18:24:58 INFO 20: precision: 0.01287 | recall: 0.13607 | ndcg: 0.07261 | hit_rate: 0.20553 | map: 0.04403
Sat 09 Mar 2024 18:25:02 INFO Epoch 92, Loss: 24.51491
Sat 09 Mar 2024 18:25:02 INFO Validation Metrics:
Sat 09 Mar 2024 18:25:02 INFO 5: precision: 0.01374 | recall: 0.06086 | ndcg: 0.03981 | hit_rate: 0.06634 | map: 0.03180
Sat 09 Mar 2024 18:25:02 INFO 10: precision: 0.01067 | recall: 0.09314 | ndcg: 0.05052 | hit_rate: 0.10115 | map: 0.03625
Sat 09 Mar 2024 18:25:02 INFO 20: precision: 0.00792 | recall: 0.13645 | ndcg: 0.06185 | hit_rate: 0.14688 | map: 0.03941
Sat 09 Mar 2024 18:25:02 INFO Test Metrics:
Sat 09 Mar 2024 18:25:02 INFO 5: precision: 0.02318 | recall: 0.06304 | ndcg: 0.04850 | hit_rate: 0.10121 | map: 0.03596
Sat 09 Mar 2024 18:25:02 INFO 10: precision: 0.01771 | recall: 0.09475 | ndcg: 0.06058 | hit_rate: 0.14688 | map: 0.04108
Sat 09 Mar 2024 18:25:02 INFO 20: precision: 0.01290 | recall: 0.13705 | ndcg: 0.07326 | hit_rate: 0.20637 | map: 0.04466
Sat 09 Mar 2024 18:25:06 INFO Epoch 93, Loss: 24.51306
Sat 09 Mar 2024 18:25:07 INFO Validation Metrics:
Sat 09 Mar 2024 18:25:07 INFO 5: precision: 0.01387 | recall: 0.06118 | ndcg: 0.04008 | hit_rate: 0.06666 | map: 0.03205
Sat 09 Mar 2024 18:25:07 INFO 10: precision: 0.01083 | recall: 0.09427 | ndcg: 0.05105 | hit_rate: 0.10212 | map: 0.03661
Sat 09 Mar 2024 18:25:07 INFO 20: precision: 0.00792 | recall: 0.13550 | ndcg: 0.06183 | hit_rate: 0.14662 | map: 0.03958
Sat 09 Mar 2024 18:25:07 INFO Test Metrics:
Sat 09 Mar 2024 18:25:07 INFO 5: precision: 0.02320 | recall: 0.06311 | ndcg: 0.04844 | hit_rate: 0.10141 | map: 0.03585
Sat 09 Mar 2024 18:25:07 INFO 10: precision: 0.01764 | recall: 0.09442 | ndcg: 0.06034 | hit_rate: 0.14643 | map: 0.04090
Sat 09 Mar 2024 18:25:07 INFO 20: precision: 0.01297 | recall: 0.13726 | ndcg: 0.07325 | hit_rate: 0.20701 | map: 0.04455
Sat 09 Mar 2024 18:25:07 INFO Best Test Metrics:
Sat 09 Mar 2024 18:25:07 INFO 5: precision: 0.02279 | recall: 0.06197 | ndcg: 0.04756 | hit_rate: 0.10018 | map: 0.03505
Sat 09 Mar 2024 18:25:07 INFO 10: precision: 0.01764 | recall: 0.09429 | ndcg: 0.05985 | hit_rate: 0.14720 | map: 0.04025
Sat 09 Mar 2024 18:25:07 INFO 20: precision: 0.01298 | recall: 0.13808 | ndcg: 0.07294 | hit_rate: 0.20811 | map: 0.04395
Sat 09 Mar 2024 18:25:07 INFO Best performance: 0.13808
Sat 09 Mar 2024 18:25:07 INFO Best parameters: {'n_layers': 2, 'learning_rate': 0.001, 'reg_weight': 1, 'ssl_alpha': 0.01, 'ssl_temp': 0.1}
Sat 09 Mar 2024 18:25:07 INFO Best metrics:
Sat 09 Mar 2024 18:25:07 INFO 5: precision: 0.02279 | recall: 0.06197 | ndcg: 0.04756 | hit_rate: 0.10018 | map: 0.03505
Sat 09 Mar 2024 18:25:07 INFO 10: precision: 0.01764 | recall: 0.09429 | ndcg: 0.05985 | hit_rate: 0.14720 | map: 0.04025
Sat 09 Mar 2024 18:25:07 INFO 20: precision: 0.01298 | recall: 0.13808 | ndcg: 0.07294 | hit_rate: 0.20811 | map: 0.04395
