Sun 24 Mar 2024 19:34:32 INFO ============Arguments==============
Sun 24 Mar 2024 19:34:32 INFO Model: LATTICE
Sun 24 Mar 2024 19:34:32 INFO data_path: beauty
Sun 24 Mar 2024 19:34:32 INFO learning_rate: 0.001
Sun 24 Mar 2024 19:34:32 INFO feature_embed: 64
Sun 24 Mar 2024 19:34:32 INFO batch_size: 1024
Sun 24 Mar 2024 19:34:32 INFO aggr_mode: add
Sun 24 Mar 2024 19:34:32 INFO reg_weight: 0.001
Sun 24 Mar 2024 19:34:32 INFO dim_E: 64
Sun 24 Mar 2024 19:34:32 INFO num_epoch: 1000
Sun 24 Mar 2024 19:34:32 INFO dropout: 0.2
Sun 24 Mar 2024 19:34:32 INFO n_layers: 2
Sun 24 Mar 2024 19:34:32 INFO corDecay: 0.001
Sun 24 Mar 2024 19:34:32 INFO n_factors: 4
Sun 24 Mar 2024 19:34:32 INFO n_iterations: 3
Sun 24 Mar 2024 19:34:32 INFO cl_weight: 2.0
Sun 24 Mar 2024 19:34:32 INFO mm_layers: 2
Sun 24 Mar 2024 19:34:32 INFO ii_topk: 10
Sun 24 Mar 2024 19:34:32 INFO uu_topk: 40
Sun 24 Mar 2024 19:34:32 INFO lambda_coeff: 0.9
Sun 24 Mar 2024 19:34:32 INFO ssl_temp: 0.9
Sun 24 Mar 2024 19:34:32 INFO ssl_alpha: 0.9
Sun 24 Mar 2024 19:34:32 INFO ae_weight: 0.1
Sun 24 Mar 2024 19:34:32 INFO threshold: 0.1
Sun 24 Mar 2024 19:34:32 INFO prompt_num: 0.1
Sun 24 Mar 2024 19:34:32 INFO neg_weight: 0.1
Sun 24 Mar 2024 19:34:32 INFO cen_reg: 0.005
Sun 24 Mar 2024 19:34:32 INFO n_intents: 128
Sun 24 Mar 2024 19:34:32 INFO G_rate: 0.0001
Sun 24 Mar 2024 19:34:32 INFO seed: 42
Sun 24 Mar 2024 19:34:32 INFO num_workers: 1
Sun 24 Mar 2024 19:34:32 INFO topk: [5, 10, 20]
Sun 24 Mar 2024 19:34:32 INFO local time£ºMar-24-2024-19-34-32
Sun 24 Mar 2024 19:34:32 INFO =========1/36: Parameters:{'n_layers': 2, 'learning_rate': 0.01, 'reg_weight': 0.01, 'mm_layers': 1, 'ii_topk': 10, 'lambda_coeff': 0.1}=========
Sun 24 Mar 2024 19:34:37 INFO Epoch 1, Loss: 37.70452
Sun 24 Mar 2024 19:34:37 INFO Validation Metrics:
Sun 24 Mar 2024 19:34:37 INFO 5: precision: 0.01128 | recall: 0.04947 | ndcg: 0.03226 | hit_rate: 0.05477 | map: 0.02564
Sun 24 Mar 2024 19:34:37 INFO 10: precision: 0.00851 | recall: 0.07487 | ndcg: 0.04057 | hit_rate: 0.08158 | map: 0.02907
Sun 24 Mar 2024 19:34:37 INFO 20: precision: 0.00630 | recall: 0.11025 | ndcg: 0.04972 | hit_rate: 0.11852 | map: 0.03158
Sun 24 Mar 2024 19:34:37 INFO Test Metrics:
Sun 24 Mar 2024 19:34:37 INFO 5: precision: 0.01814 | recall: 0.04932 | ndcg: 0.03779 | hit_rate: 0.08119 | map: 0.02767
Sun 24 Mar 2024 19:34:37 INFO 10: precision: 0.01436 | recall: 0.07720 | ndcg: 0.04833 | hit_rate: 0.12234 | map: 0.03197
Sun 24 Mar 2024 19:34:37 INFO 20: precision: 0.01051 | recall: 0.11272 | ndcg: 0.05891 | hit_rate: 0.17272 | map: 0.03490
Sun 24 Mar 2024 19:34:41 INFO Epoch 2, Loss: 18.24086
Sun 24 Mar 2024 19:34:42 INFO Validation Metrics:
Sun 24 Mar 2024 19:34:42 INFO 5: precision: 0.01219 | recall: 0.05352 | ndcg: 0.03529 | hit_rate: 0.05878 | map: 0.02828
Sun 24 Mar 2024 19:34:42 INFO 10: precision: 0.00957 | recall: 0.08389 | ndcg: 0.04526 | hit_rate: 0.09120 | map: 0.03237
Sun 24 Mar 2024 19:34:42 INFO 20: precision: 0.00700 | recall: 0.12257 | ndcg: 0.05522 | hit_rate: 0.13170 | map: 0.03510
Sun 24 Mar 2024 19:34:42 INFO Test Metrics:
Sun 24 Mar 2024 19:34:42 INFO 5: precision: 0.02024 | recall: 0.05528 | ndcg: 0.04197 | hit_rate: 0.09088 | map: 0.03064
Sun 24 Mar 2024 19:34:42 INFO 10: precision: 0.01601 | recall: 0.08623 | ndcg: 0.05370 | hit_rate: 0.13777 | map: 0.03541
Sun 24 Mar 2024 19:34:42 INFO 20: precision: 0.01139 | recall: 0.12308 | ndcg: 0.06459 | hit_rate: 0.18822 | map: 0.03847
