Sun 26 Jan 2025 22:27:16 INFO ============Arguments==============
Sun 26 Jan 2025 22:27:16 INFO Model: LATTICE
Sun 26 Jan 2025 22:27:16 INFO data_path: microlens
Sun 26 Jan 2025 22:27:16 INFO learning_rate: 0.001
Sun 26 Jan 2025 22:27:16 INFO feature_embed: 64
Sun 26 Jan 2025 22:27:16 INFO batch_size: 1024
Sun 26 Jan 2025 22:27:16 INFO aggr_mode: add
Sun 26 Jan 2025 22:27:16 INFO reg_weight: 0.001
Sun 26 Jan 2025 22:27:16 INFO dim_E: 64
Sun 26 Jan 2025 22:27:16 INFO num_epoch: 1000
Sun 26 Jan 2025 22:27:16 INFO dropout: 0.2
Sun 26 Jan 2025 22:27:16 INFO n_layers: 2
Sun 26 Jan 2025 22:27:16 INFO corDecay: 0.001
Sun 26 Jan 2025 22:27:16 INFO n_factors: 4
Sun 26 Jan 2025 22:27:16 INFO n_iterations: 3
Sun 26 Jan 2025 22:27:16 INFO cl_weight: 2.0
Sun 26 Jan 2025 22:27:16 INFO mm_layers: 2
Sun 26 Jan 2025 22:27:16 INFO ii_topk: 10
Sun 26 Jan 2025 22:27:16 INFO uu_topk: 10
Sun 26 Jan 2025 22:27:16 INFO lambda_coeff: 0.9
Sun 26 Jan 2025 22:27:16 INFO ssl_temp: 0.9
Sun 26 Jan 2025 22:27:16 INFO ssl_alpha: 0.9
Sun 26 Jan 2025 22:27:16 INFO ae_weight: 0.1
Sun 26 Jan 2025 22:27:16 INFO threshold: 0.1
Sun 26 Jan 2025 22:27:16 INFO prompt_num: 0.1
Sun 26 Jan 2025 22:27:16 INFO neg_weight: 0.1
Sun 26 Jan 2025 22:27:16 INFO cen_reg: 0.005
Sun 26 Jan 2025 22:27:16 INFO n_intents: 128
Sun 26 Jan 2025 22:27:16 INFO G_rate: 0.0001
Sun 26 Jan 2025 22:27:16 INFO align_weight: 0.1
Sun 26 Jan 2025 22:27:16 INFO mask_weight_f: 1.5
Sun 26 Jan 2025 22:27:16 INFO mask_weight_g: 0.001
Sun 26 Jan 2025 22:27:16 INFO leaky: 0.5
Sun 26 Jan 2025 22:27:16 INFO keepRate: 1.0
Sun 26 Jan 2025 22:27:16 INFO mult: 0.1
Sun 26 Jan 2025 22:27:16 INFO grid_size: 1
Sun 26 Jan 2025 22:27:16 INFO node_dropout: 0.1
Sun 26 Jan 2025 22:27:16 INFO message_dropout: 0.1
Sun 26 Jan 2025 22:27:16 INFO n_mca: 2
Sun 26 Jan 2025 22:27:16 INFO gamma: 0.5
Sun 26 Jan 2025 22:27:16 INFO t: 1.8
Sun 26 Jan 2025 22:27:16 INFO e_loss: 0.1
Sun 26 Jan 2025 22:27:16 INFO ris_lambda: 0.5
Sun 26 Jan 2025 22:27:16 INFO rebuild_k: 1
Sun 26 Jan 2025 22:27:16 INFO pnn_layer: 1
Sun 26 Jan 2025 22:27:16 INFO b2: 1
Sun 26 Jan 2025 22:27:16 INFO ctra: 0.001
Sun 26 Jan 2025 22:27:16 INFO noise_alpha: 0.3
Sun 26 Jan 2025 22:27:16 INFO ssl_temp2: 0.2
Sun 26 Jan 2025 22:27:16 INFO K_s: 1
Sun 26 Jan 2025 22:27:16 INFO T_s: 1
Sun 26 Jan 2025 22:27:16 INFO K_b: 1
Sun 26 Jan 2025 22:27:16 INFO T_b: 1
Sun 26 Jan 2025 22:27:16 INFO idl_beta: 1
Sun 26 Jan 2025 22:27:16 INFO sampling_noise: False
Sun 26 Jan 2025 22:27:16 INFO sampling_steps: 0
Sun 26 Jan 2025 22:27:16 INFO steps: 100
Sun 26 Jan 2025 22:27:16 INFO noise_scale: 0.1
Sun 26 Jan 2025 22:27:16 INFO noise_min: 0.0001
Sun 26 Jan 2025 22:27:16 INFO noise_max: 0.02
Sun 26 Jan 2025 22:27:16 INFO dims: [1000]
Sun 26 Jan 2025 22:27:16 INFO h_layers: 2
Sun 26 Jan 2025 22:27:16 INFO num_hypernodes: 10
Sun 26 Jan 2025 22:27:16 INFO beta1: 0.5
Sun 26 Jan 2025 22:27:16 INFO beta2: 0.5
Sun 26 Jan 2025 22:27:16 INFO seed: 42
Sun 26 Jan 2025 22:27:16 INFO num_workers: 1
Sun 26 Jan 2025 22:27:16 INFO topk: [5, 10, 20]
Sun 26 Jan 2025 22:27:16 INFO local time£ºJan-26-2025-22-27-16
Sun 26 Jan 2025 22:27:16 INFO =========1/1: Parameters:{'n_layers': 2, 'learning_rate': 0.001, 'reg_weight': 0.01, 'mm_layers': 1, 'ii_topk': 10, 'lambda_coeff': 0.1}=========
Sun 26 Jan 2025 22:27:21 INFO Epoch 1, Loss: 8.92919
Sun 26 Jan 2025 22:27:22 INFO Validation Metrics:
Sun 26 Jan 2025 22:27:22 INFO 5: precision: 0.00012 | recall: 0.00042 | ndcg: 0.00028 | hit_rate: 0.00060 | map: 0.00019
Sun 26 Jan 2025 22:27:22 INFO 10: precision: 0.00013 | recall: 0.00094 | ndcg: 0.00045 | hit_rate: 0.00127 | map: 0.00026
Sun 26 Jan 2025 22:27:22 INFO 20: precision: 0.00012 | recall: 0.00180 | ndcg: 0.00068 | hit_rate: 0.00235 | map: 0.00032
Sun 26 Jan 2025 22:27:22 INFO Test Metrics:
Sun 26 Jan 2025 22:27:22 INFO 5: precision: 0.00019 | recall: 0.00044 | ndcg: 0.00030 | hit_rate: 0.00093 | map: 0.00017
Sun 26 Jan 2025 22:27:22 INFO 10: precision: 0.00017 | recall: 0.00090 | ndcg: 0.00047 | hit_rate: 0.00168 | map: 0.00024
Sun 26 Jan 2025 22:27:22 INFO 20: precision: 0.00017 | recall: 0.00167 | ndcg: 0.00070 | hit_rate: 0.00319 | map: 0.00029
Sun 26 Jan 2025 22:27:25 INFO Epoch 2, Loss: 8.56606
Sun 26 Jan 2025 22:27:27 INFO Validation Metrics:
Sun 26 Jan 2025 22:27:27 INFO 5: precision: 0.00014 | recall: 0.00049 | ndcg: 0.00033 | hit_rate: 0.00069 | map: 0.00024
Sun 26 Jan 2025 22:27:27 INFO 10: precision: 0.00014 | recall: 0.00104 | ndcg: 0.00052 | hit_rate: 0.00140 | map: 0.00032
Sun 26 Jan 2025 22:27:27 INFO 20: precision: 0.00014 | recall: 0.00209 | ndcg: 0.00080 | hit_rate: 0.00269 | map: 0.00039
Sun 26 Jan 2025 22:27:27 INFO Test Metrics:
Sun 26 Jan 2025 22:27:27 INFO 5: precision: 0.00017 | recall: 0.00039 | ndcg: 0.00029 | hit_rate: 0.00084 | map: 0.00019
Sun 26 Jan 2025 22:27:27 INFO 10: precision: 0.00020 | recall: 0.00094 | ndcg: 0.00050 | hit_rate: 0.00190 | map: 0.00026
Sun 26 Jan 2025 22:27:27 INFO 20: precision: 0.00017 | recall: 0.00174 | ndcg: 0.00073 | hit_rate: 0.00338 | map: 0.00032
Sun 26 Jan 2025 22:27:30 INFO Epoch 3, Loss: 8.02717
Sun 26 Jan 2025 22:27:32 INFO Validation Metrics:
Sun 26 Jan 2025 22:27:32 INFO 5: precision: 0.00019 | recall: 0.00066 | ndcg: 0.00042 | hit_rate: 0.00090 | map: 0.00030
Sun 26 Jan 2025 22:27:32 INFO 10: precision: 0.00015 | recall: 0.00110 | ndcg: 0.00057 | hit_rate: 0.00149 | map: 0.00036
Sun 26 Jan 2025 22:27:32 INFO 20: precision: 0.00015 | recall: 0.00226 | ndcg: 0.00087 | hit_rate: 0.00284 | map: 0.00044
Sun 26 Jan 2025 22:27:32 INFO Test Metrics:
Sun 26 Jan 2025 22:27:32 INFO 5: precision: 0.00018 | recall: 0.00044 | ndcg: 0.00033 | hit_rate: 0.00090 | map: 0.00022
Sun 26 Jan 2025 22:27:32 INFO 10: precision: 0.00019 | recall: 0.00095 | ndcg: 0.00052 | hit_rate: 0.00192 | map: 0.00028
Sun 26 Jan 2025 22:27:32 INFO 20: precision: 0.00018 | recall: 0.00169 | ndcg: 0.00075 | hit_rate: 0.00336 | map: 0.00033
Sun 26 Jan 2025 22:27:35 INFO Epoch 4, Loss: 7.45159
Sun 26 Jan 2025 22:27:37 INFO Validation Metrics:
Sun 26 Jan 2025 22:27:37 INFO 5: precision: 0.00018 | recall: 0.00061 | ndcg: 0.00042 | hit_rate: 0.00088 | map: 0.00031
Sun 26 Jan 2025 22:27:37 INFO 10: precision: 0.00016 | recall: 0.00114 | ndcg: 0.00060 | hit_rate: 0.00153 | map: 0.00038
Sun 26 Jan 2025 22:27:37 INFO 20: precision: 0.00014 | recall: 0.00208 | ndcg: 0.00084 | hit_rate: 0.00274 | map: 0.00044
Sun 26 Jan 2025 22:27:37 INFO Test Metrics:
Sun 26 Jan 2025 22:27:37 INFO 5: precision: 0.00025 | recall: 0.00065 | ndcg: 0.00041 | hit_rate: 0.00123 | map: 0.00024
Sun 26 Jan 2025 22:27:37 INFO 10: precision: 0.00021 | recall: 0.00110 | ndcg: 0.00058 | hit_rate: 0.00211 | map: 0.00030
Sun 26 Jan 2025 22:27:37 INFO 20: precision: 0.00020 | recall: 0.00199 | ndcg: 0.00084 | hit_rate: 0.00373 | map: 0.00036
Sun 26 Jan 2025 22:27:40 INFO Epoch 5, Loss: 6.81912
Sun 26 Jan 2025 22:27:42 INFO Validation Metrics:
Sun 26 Jan 2025 22:27:42 INFO 5: precision: 0.00018 | recall: 0.00064 | ndcg: 0.00046 | hit_rate: 0.00088 | map: 0.00035
Sun 26 Jan 2025 22:27:42 INFO 10: precision: 0.00017 | recall: 0.00118 | ndcg: 0.00065 | hit_rate: 0.00162 | map: 0.00042
Sun 26 Jan 2025 22:27:42 INFO 20: precision: 0.00015 | recall: 0.00229 | ndcg: 0.00093 | hit_rate: 0.00291 | map: 0.00050
Sun 26 Jan 2025 22:27:42 INFO Test Metrics:
Sun 26 Jan 2025 22:27:42 INFO 5: precision: 0.00019 | recall: 0.00049 | ndcg: 0.00031 | hit_rate: 0.00097 | map: 0.00019
Sun 26 Jan 2025 22:27:42 INFO 10: precision: 0.00019 | recall: 0.00092 | ndcg: 0.00049 | hit_rate: 0.00183 | map: 0.00025
Sun 26 Jan 2025 22:27:42 INFO 20: precision: 0.00020 | recall: 0.00209 | ndcg: 0.00083 | hit_rate: 0.00375 | map: 0.00033
Sun 26 Jan 2025 22:27:45 INFO Epoch 6, Loss: 6.28944
Sun 26 Jan 2025 22:27:47 INFO Validation Metrics:
Sun 26 Jan 2025 22:27:47 INFO 5: precision: 0.00017 | recall: 0.00060 | ndcg: 0.00036 | hit_rate: 0.00082 | map: 0.00025
Sun 26 Jan 2025 22:27:47 INFO 10: precision: 0.00017 | recall: 0.00129 | ndcg: 0.00060 | hit_rate: 0.00168 | map: 0.00033
Sun 26 Jan 2025 22:27:47 INFO 20: precision: 0.00015 | recall: 0.00232 | ndcg: 0.00087 | hit_rate: 0.00297 | map: 0.00041
Sun 26 Jan 2025 22:27:47 INFO Test Metrics:
Sun 26 Jan 2025 22:27:47 INFO 5: precision: 0.00018 | recall: 0.00049 | ndcg: 0.00032 | hit_rate: 0.00090 | map: 0.00020
Sun 26 Jan 2025 22:27:47 INFO 10: precision: 0.00020 | recall: 0.00103 | ndcg: 0.00053 | hit_rate: 0.00198 | map: 0.00027
Sun 26 Jan 2025 22:27:47 INFO 20: precision: 0.00021 | recall: 0.00219 | ndcg: 0.00087 | hit_rate: 0.00399 | map: 0.00035
Sun 26 Jan 2025 22:27:50 INFO Epoch 7, Loss: 5.74940
Sun 26 Jan 2025 22:27:52 INFO Validation Metrics:
Sun 26 Jan 2025 22:27:52 INFO 5: precision: 0.00019 | recall: 0.00069 | ndcg: 0.00047 | hit_rate: 0.00090 | map: 0.00036
Sun 26 Jan 2025 22:27:52 INFO 10: precision: 0.00017 | recall: 0.00120 | ndcg: 0.00065 | hit_rate: 0.00157 | map: 0.00043
Sun 26 Jan 2025 22:27:52 INFO 20: precision: 0.00017 | recall: 0.00266 | ndcg: 0.00103 | hit_rate: 0.00332 | map: 0.00052
Sun 26 Jan 2025 22:27:52 INFO Test Metrics:
Sun 26 Jan 2025 22:27:52 INFO 5: precision: 0.00021 | recall: 0.00058 | ndcg: 0.00038 | hit_rate: 0.00103 | map: 0.00024
Sun 26 Jan 2025 22:27:52 INFO 10: precision: 0.00018 | recall: 0.00100 | ndcg: 0.00054 | hit_rate: 0.00179 | map: 0.00030
Sun 26 Jan 2025 22:27:52 INFO 20: precision: 0.00022 | recall: 0.00236 | ndcg: 0.00094 | hit_rate: 0.00401 | map: 0.00040
Sun 26 Jan 2025 22:27:55 INFO Epoch 8, Loss: 5.26649
Sun 26 Jan 2025 22:27:57 INFO Validation Metrics:
Sun 26 Jan 2025 22:27:57 INFO 5: precision: 0.00021 | recall: 0.00079 | ndcg: 0.00054 | hit_rate: 0.00103 | map: 0.00042
Sun 26 Jan 2025 22:27:57 INFO 10: precision: 0.00018 | recall: 0.00135 | ndcg: 0.00073 | hit_rate: 0.00172 | map: 0.00049
Sun 26 Jan 2025 22:27:57 INFO 20: precision: 0.00016 | recall: 0.00260 | ndcg: 0.00106 | hit_rate: 0.00319 | map: 0.00058
Sun 26 Jan 2025 22:27:57 INFO Test Metrics:
Sun 26 Jan 2025 22:27:57 INFO 5: precision: 0.00021 | recall: 0.00054 | ndcg: 0.00039 | hit_rate: 0.00103 | map: 0.00026
Sun 26 Jan 2025 22:27:57 INFO 10: precision: 0.00022 | recall: 0.00114 | ndcg: 0.00062 | hit_rate: 0.00209 | map: 0.00034
Sun 26 Jan 2025 22:27:57 INFO 20: precision: 0.00023 | recall: 0.00235 | ndcg: 0.00097 | hit_rate: 0.00422 | map: 0.00043
Sun 26 Jan 2025 22:28:00 INFO Epoch 9, Loss: 4.85063
Sun 26 Jan 2025 22:28:02 INFO Validation Metrics:
Sun 26 Jan 2025 22:28:02 INFO 5: precision: 0.00017 | recall: 0.00062 | ndcg: 0.00044 | hit_rate: 0.00084 | map: 0.00034
Sun 26 Jan 2025 22:28:02 INFO 10: precision: 0.00017 | recall: 0.00127 | ndcg: 0.00067 | hit_rate: 0.00164 | map: 0.00043
Sun 26 Jan 2025 22:28:02 INFO 20: precision: 0.00015 | recall: 0.00242 | ndcg: 0.00096 | hit_rate: 0.00299 | map: 0.00051
Sun 26 Jan 2025 22:28:02 INFO Test Metrics:
Sun 26 Jan 2025 22:28:02 INFO 5: precision: 0.00024 | recall: 0.00057 | ndcg: 0.00036 | hit_rate: 0.00116 | map: 0.00021
Sun 26 Jan 2025 22:28:02 INFO 10: precision: 0.00021 | recall: 0.00103 | ndcg: 0.00054 | hit_rate: 0.00202 | map: 0.00027
Sun 26 Jan 2025 22:28:02 INFO 20: precision: 0.00022 | recall: 0.00231 | ndcg: 0.00092 | hit_rate: 0.00401 | map: 0.00037
Sun 26 Jan 2025 22:28:05 INFO Epoch 10, Loss: 4.47622
Sun 26 Jan 2025 22:28:07 INFO Validation Metrics:
Sun 26 Jan 2025 22:28:07 INFO 5: precision: 0.00019 | recall: 0.00067 | ndcg: 0.00044 | hit_rate: 0.00090 | map: 0.00032
Sun 26 Jan 2025 22:28:07 INFO 10: precision: 0.00017 | recall: 0.00127 | ndcg: 0.00064 | hit_rate: 0.00164 | map: 0.00040
Sun 26 Jan 2025 22:28:07 INFO 20: precision: 0.00016 | recall: 0.00243 | ndcg: 0.00094 | hit_rate: 0.00304 | map: 0.00047
Sun 26 Jan 2025 22:28:07 INFO Test Metrics:
Sun 26 Jan 2025 22:28:07 INFO 5: precision: 0.00022 | recall: 0.00059 | ndcg: 0.00040 | hit_rate: 0.00112 | map: 0.00026
Sun 26 Jan 2025 22:28:07 INFO 10: precision: 0.00020 | recall: 0.00100 | ndcg: 0.00056 | hit_rate: 0.00198 | map: 0.00031
Sun 26 Jan 2025 22:28:07 INFO 20: precision: 0.00021 | recall: 0.00218 | ndcg: 0.00091 | hit_rate: 0.00386 | map: 0.00040
Sun 26 Jan 2025 22:28:10 INFO Epoch 11, Loss: 4.12662
Sun 26 Jan 2025 22:28:11 INFO Validation Metrics:
Sun 26 Jan 2025 22:28:11 INFO 5: precision: 0.00020 | recall: 0.00079 | ndcg: 0.00050 | hit_rate: 0.00099 | map: 0.00036
Sun 26 Jan 2025 22:28:11 INFO 10: precision: 0.00020 | recall: 0.00157 | ndcg: 0.00076 | hit_rate: 0.00194 | map: 0.00047
Sun 26 Jan 2025 22:28:11 INFO 20: precision: 0.00016 | recall: 0.00259 | ndcg: 0.00103 | hit_rate: 0.00319 | map: 0.00054
Sun 26 Jan 2025 22:28:11 INFO Test Metrics:
Sun 26 Jan 2025 22:28:11 INFO 5: precision: 0.00023 | recall: 0.00058 | ndcg: 0.00041 | hit_rate: 0.00114 | map: 0.00026
Sun 26 Jan 2025 22:28:11 INFO 10: precision: 0.00025 | recall: 0.00128 | ndcg: 0.00068 | hit_rate: 0.00246 | map: 0.00036
Sun 26 Jan 2025 22:28:11 INFO 20: precision: 0.00024 | recall: 0.00256 | ndcg: 0.00105 | hit_rate: 0.00442 | map: 0.00045
Sun 26 Jan 2025 22:28:14 INFO Epoch 12, Loss: 3.80040
Sun 26 Jan 2025 22:28:16 INFO Validation Metrics:
Sun 26 Jan 2025 22:28:16 INFO 5: precision: 0.00016 | recall: 0.00056 | ndcg: 0.00044 | hit_rate: 0.00078 | map: 0.00036
Sun 26 Jan 2025 22:28:16 INFO 10: precision: 0.00017 | recall: 0.00129 | ndcg: 0.00069 | hit_rate: 0.00166 | map: 0.00046
Sun 26 Jan 2025 22:28:16 INFO 20: precision: 0.00017 | recall: 0.00270 | ndcg: 0.00106 | hit_rate: 0.00330 | map: 0.00055
Sun 26 Jan 2025 22:28:16 INFO Test Metrics:
Sun 26 Jan 2025 22:28:16 INFO 5: precision: 0.00022 | recall: 0.00056 | ndcg: 0.00040 | hit_rate: 0.00108 | map: 0.00026
Sun 26 Jan 2025 22:28:16 INFO 10: precision: 0.00023 | recall: 0.00123 | ndcg: 0.00065 | hit_rate: 0.00226 | map: 0.00035
Sun 26 Jan 2025 22:28:16 INFO 20: precision: 0.00025 | recall: 0.00265 | ndcg: 0.00107 | hit_rate: 0.00452 | map: 0.00045
Sun 26 Jan 2025 22:28:19 INFO Epoch 13, Loss: 3.51849
Sun 26 Jan 2025 22:28:21 INFO Validation Metrics:
Sun 26 Jan 2025 22:28:21 INFO 5: precision: 0.00017 | recall: 0.00061 | ndcg: 0.00046 | hit_rate: 0.00082 | map: 0.00037
Sun 26 Jan 2025 22:28:21 INFO 10: precision: 0.00017 | recall: 0.00127 | ndcg: 0.00069 | hit_rate: 0.00166 | map: 0.00046
Sun 26 Jan 2025 22:28:21 INFO 20: precision: 0.00016 | recall: 0.00253 | ndcg: 0.00102 | hit_rate: 0.00312 | map: 0.00055
Sun 26 Jan 2025 22:28:21 INFO Test Metrics:
Sun 26 Jan 2025 22:28:21 INFO 5: precision: 0.00021 | recall: 0.00055 | ndcg: 0.00042 | hit_rate: 0.00101 | map: 0.00029
Sun 26 Jan 2025 22:28:21 INFO 10: precision: 0.00023 | recall: 0.00127 | ndcg: 0.00068 | hit_rate: 0.00222 | map: 0.00039
Sun 26 Jan 2025 22:28:21 INFO 20: precision: 0.00024 | recall: 0.00263 | ndcg: 0.00109 | hit_rate: 0.00446 | map: 0.00049
Sun 26 Jan 2025 22:28:24 INFO Epoch 14, Loss: 3.27071
Sun 26 Jan 2025 22:28:26 INFO Validation Metrics:
Sun 26 Jan 2025 22:28:26 INFO 5: precision: 0.00022 | recall: 0.00083 | ndcg: 0.00057 | hit_rate: 0.00108 | map: 0.00044
Sun 26 Jan 2025 22:28:26 INFO 10: precision: 0.00019 | recall: 0.00146 | ndcg: 0.00078 | hit_rate: 0.00185 | map: 0.00052
Sun 26 Jan 2025 22:28:26 INFO 20: precision: 0.00017 | recall: 0.00275 | ndcg: 0.00112 | hit_rate: 0.00336 | map: 0.00061
Sun 26 Jan 2025 22:28:26 INFO Test Metrics:
Sun 26 Jan 2025 22:28:26 INFO 5: precision: 0.00023 | recall: 0.00063 | ndcg: 0.00044 | hit_rate: 0.00114 | map: 0.00029
Sun 26 Jan 2025 22:28:26 INFO 10: precision: 0.00023 | recall: 0.00123 | ndcg: 0.00066 | hit_rate: 0.00220 | map: 0.00037
Sun 26 Jan 2025 22:28:26 INFO 20: precision: 0.00023 | recall: 0.00239 | ndcg: 0.00101 | hit_rate: 0.00411 | map: 0.00046
Sun 26 Jan 2025 22:28:29 INFO Epoch 15, Loss: 3.03056
Sun 26 Jan 2025 22:28:31 INFO Validation Metrics:
Sun 26 Jan 2025 22:28:31 INFO 5: precision: 0.00025 | recall: 0.00095 | ndcg: 0.00059 | hit_rate: 0.00118 | map: 0.00042
Sun 26 Jan 2025 22:28:31 INFO 10: precision: 0.00022 | recall: 0.00178 | ndcg: 0.00086 | hit_rate: 0.00215 | map: 0.00053
Sun 26 Jan 2025 22:28:31 INFO 20: precision: 0.00018 | recall: 0.00292 | ndcg: 0.00116 | hit_rate: 0.00353 | map: 0.00061
Sun 26 Jan 2025 22:28:31 INFO Test Metrics:
Sun 26 Jan 2025 22:28:31 INFO 5: precision: 0.00022 | recall: 0.00058 | ndcg: 0.00039 | hit_rate: 0.00110 | map: 0.00025
Sun 26 Jan 2025 22:28:31 INFO 10: precision: 0.00024 | recall: 0.00121 | ndcg: 0.00064 | hit_rate: 0.00233 | map: 0.00034
Sun 26 Jan 2025 22:28:31 INFO 20: precision: 0.00022 | recall: 0.00229 | ndcg: 0.00096 | hit_rate: 0.00407 | map: 0.00041
Sun 26 Jan 2025 22:28:34 INFO Epoch 16, Loss: 2.86827
Sun 26 Jan 2025 22:28:35 INFO Validation Metrics:
Sun 26 Jan 2025 22:28:35 INFO 5: precision: 0.00022 | recall: 0.00083 | ndcg: 0.00057 | hit_rate: 0.00108 | map: 0.00043
Sun 26 Jan 2025 22:28:35 INFO 10: precision: 0.00022 | recall: 0.00168 | ndcg: 0.00086 | hit_rate: 0.00211 | map: 0.00055
Sun 26 Jan 2025 22:28:35 INFO 20: precision: 0.00018 | recall: 0.00281 | ndcg: 0.00115 | hit_rate: 0.00345 | map: 0.00062
Sun 26 Jan 2025 22:28:35 INFO Test Metrics:
Sun 26 Jan 2025 22:28:35 INFO 5: precision: 0.00027 | recall: 0.00069 | ndcg: 0.00049 | hit_rate: 0.00136 | map: 0.00032
Sun 26 Jan 2025 22:28:35 INFO 10: precision: 0.00023 | recall: 0.00115 | ndcg: 0.00067 | hit_rate: 0.00222 | map: 0.00038
Sun 26 Jan 2025 22:28:35 INFO 20: precision: 0.00024 | recall: 0.00251 | ndcg: 0.00107 | hit_rate: 0.00442 | map: 0.00048
Sun 26 Jan 2025 22:28:39 INFO Epoch 17, Loss: 2.65796
Sun 26 Jan 2025 22:28:40 INFO Validation Metrics:
Sun 26 Jan 2025 22:28:40 INFO 5: precision: 0.00020 | recall: 0.00077 | ndcg: 0.00052 | hit_rate: 0.00099 | map: 0.00039
Sun 26 Jan 2025 22:28:40 INFO 10: precision: 0.00020 | recall: 0.00149 | ndcg: 0.00076 | hit_rate: 0.00187 | map: 0.00049
Sun 26 Jan 2025 22:28:40 INFO 20: precision: 0.00017 | recall: 0.00262 | ndcg: 0.00105 | hit_rate: 0.00323 | map: 0.00056
Sun 26 Jan 2025 22:28:40 INFO Test Metrics:
Sun 26 Jan 2025 22:28:40 INFO 5: precision: 0.00025 | recall: 0.00061 | ndcg: 0.00042 | hit_rate: 0.00125 | map: 0.00026
Sun 26 Jan 2025 22:28:40 INFO 10: precision: 0.00024 | recall: 0.00120 | ndcg: 0.00065 | hit_rate: 0.00233 | map: 0.00034
Sun 26 Jan 2025 22:28:40 INFO 20: precision: 0.00023 | recall: 0.00237 | ndcg: 0.00099 | hit_rate: 0.00416 | map: 0.00043
Sun 26 Jan 2025 22:28:43 INFO Epoch 18, Loss: 2.45192
Sun 26 Jan 2025 22:28:45 INFO Validation Metrics:
Sun 26 Jan 2025 22:28:45 INFO 5: precision: 0.00021 | recall: 0.00078 | ndcg: 0.00057 | hit_rate: 0.00101 | map: 0.00045
Sun 26 Jan 2025 22:28:45 INFO 10: precision: 0.00020 | recall: 0.00156 | ndcg: 0.00083 | hit_rate: 0.00194 | map: 0.00055
Sun 26 Jan 2025 22:28:45 INFO 20: precision: 0.00018 | recall: 0.00291 | ndcg: 0.00119 | hit_rate: 0.00355 | map: 0.00065
Sun 26 Jan 2025 22:28:45 INFO Test Metrics:
Sun 26 Jan 2025 22:28:45 INFO 5: precision: 0.00028 | recall: 0.00075 | ndcg: 0.00054 | hit_rate: 0.00140 | map: 0.00036
Sun 26 Jan 2025 22:28:45 INFO 10: precision: 0.00027 | recall: 0.00139 | ndcg: 0.00078 | hit_rate: 0.00263 | map: 0.00044
Sun 26 Jan 2025 22:28:45 INFO 20: precision: 0.00024 | recall: 0.00251 | ndcg: 0.00112 | hit_rate: 0.00457 | map: 0.00052
Sun 26 Jan 2025 22:28:48 INFO Epoch 19, Loss: 2.33023
Sun 26 Jan 2025 22:28:50 INFO Validation Metrics:
Sun 26 Jan 2025 22:28:50 INFO 5: precision: 0.00024 | recall: 0.00094 | ndcg: 0.00063 | hit_rate: 0.00116 | map: 0.00049
Sun 26 Jan 2025 22:28:50 INFO 10: precision: 0.00020 | recall: 0.00158 | ndcg: 0.00085 | hit_rate: 0.00196 | map: 0.00057
Sun 26 Jan 2025 22:28:50 INFO 20: precision: 0.00018 | recall: 0.00291 | ndcg: 0.00120 | hit_rate: 0.00353 | map: 0.00066
Sun 26 Jan 2025 22:28:50 INFO Test Metrics:
Sun 26 Jan 2025 22:28:50 INFO 5: precision: 0.00025 | recall: 0.00066 | ndcg: 0.00048 | hit_rate: 0.00125 | map: 0.00031
Sun 26 Jan 2025 22:28:50 INFO 10: precision: 0.00026 | recall: 0.00134 | ndcg: 0.00074 | hit_rate: 0.00250 | map: 0.00041
Sun 26 Jan 2025 22:28:50 INFO 20: precision: 0.00024 | recall: 0.00252 | ndcg: 0.00109 | hit_rate: 0.00450 | map: 0.00049
Sun 26 Jan 2025 22:28:53 INFO Epoch 20, Loss: 2.15412
Sun 26 Jan 2025 22:28:55 INFO Validation Metrics:
Sun 26 Jan 2025 22:28:55 INFO 5: precision: 0.00023 | recall: 0.00087 | ndcg: 0.00062 | hit_rate: 0.00110 | map: 0.00049
Sun 26 Jan 2025 22:28:55 INFO 10: precision: 0.00020 | recall: 0.00152 | ndcg: 0.00084 | hit_rate: 0.00192 | map: 0.00058
Sun 26 Jan 2025 22:28:55 INFO 20: precision: 0.00017 | recall: 0.00275 | ndcg: 0.00116 | hit_rate: 0.00338 | map: 0.00066
Sun 26 Jan 2025 22:28:55 INFO Test Metrics:
Sun 26 Jan 2025 22:28:55 INFO 5: precision: 0.00023 | recall: 0.00058 | ndcg: 0.00040 | hit_rate: 0.00112 | map: 0.00025
Sun 26 Jan 2025 22:28:55 INFO 10: precision: 0.00024 | recall: 0.00131 | ndcg: 0.00067 | hit_rate: 0.00231 | map: 0.00035
Sun 26 Jan 2025 22:28:55 INFO 20: precision: 0.00023 | recall: 0.00242 | ndcg: 0.00100 | hit_rate: 0.00422 | map: 0.00043
Sun 26 Jan 2025 22:28:58 INFO Epoch 21, Loss: 2.02289
Sun 26 Jan 2025 22:29:00 INFO Validation Metrics:
Sun 26 Jan 2025 22:29:00 INFO 5: precision: 0.00022 | recall: 0.00084 | ndcg: 0.00061 | hit_rate: 0.00108 | map: 0.00048
Sun 26 Jan 2025 22:29:00 INFO 10: precision: 0.00020 | recall: 0.00160 | ndcg: 0.00086 | hit_rate: 0.00198 | map: 0.00058
Sun 26 Jan 2025 22:29:00 INFO 20: precision: 0.00017 | recall: 0.00269 | ndcg: 0.00115 | hit_rate: 0.00334 | map: 0.00066
Sun 26 Jan 2025 22:29:00 INFO Test Metrics:
Sun 26 Jan 2025 22:29:00 INFO 5: precision: 0.00023 | recall: 0.00061 | ndcg: 0.00045 | hit_rate: 0.00114 | map: 0.00031
Sun 26 Jan 2025 22:29:00 INFO 10: precision: 0.00023 | recall: 0.00115 | ndcg: 0.00067 | hit_rate: 0.00222 | map: 0.00038
Sun 26 Jan 2025 22:29:00 INFO 20: precision: 0.00023 | recall: 0.00240 | ndcg: 0.00103 | hit_rate: 0.00424 | map: 0.00047
Sun 26 Jan 2025 22:29:03 INFO Epoch 22, Loss: 1.91966
Sun 26 Jan 2025 22:29:04 INFO Validation Metrics:
Sun 26 Jan 2025 22:29:04 INFO 5: precision: 0.00023 | recall: 0.00090 | ndcg: 0.00058 | hit_rate: 0.00112 | map: 0.00044
Sun 26 Jan 2025 22:29:04 INFO 10: precision: 0.00019 | recall: 0.00143 | ndcg: 0.00077 | hit_rate: 0.00183 | map: 0.00051
Sun 26 Jan 2025 22:29:04 INFO 20: precision: 0.00018 | recall: 0.00290 | ndcg: 0.00116 | hit_rate: 0.00355 | map: 0.00061
Sun 26 Jan 2025 22:29:04 INFO Test Metrics:
Sun 26 Jan 2025 22:29:04 INFO 5: precision: 0.00023 | recall: 0.00059 | ndcg: 0.00042 | hit_rate: 0.00116 | map: 0.00027
Sun 26 Jan 2025 22:29:04 INFO 10: precision: 0.00023 | recall: 0.00116 | ndcg: 0.00064 | hit_rate: 0.00222 | map: 0.00035
Sun 26 Jan 2025 22:29:04 INFO 20: precision: 0.00024 | recall: 0.00258 | ndcg: 0.00104 | hit_rate: 0.00442 | map: 0.00045
Sun 26 Jan 2025 22:29:07 INFO Epoch 23, Loss: 1.78766
Sun 26 Jan 2025 22:29:09 INFO Validation Metrics:
Sun 26 Jan 2025 22:29:09 INFO 5: precision: 0.00023 | recall: 0.00089 | ndcg: 0.00060 | hit_rate: 0.00112 | map: 0.00046
Sun 26 Jan 2025 22:29:09 INFO 10: precision: 0.00022 | recall: 0.00176 | ndcg: 0.00090 | hit_rate: 0.00215 | map: 0.00058
Sun 26 Jan 2025 22:29:09 INFO 20: precision: 0.00018 | recall: 0.00299 | ndcg: 0.00122 | hit_rate: 0.00360 | map: 0.00066
Sun 26 Jan 2025 22:29:09 INFO Test Metrics:
Sun 26 Jan 2025 22:29:09 INFO 5: precision: 0.00024 | recall: 0.00061 | ndcg: 0.00044 | hit_rate: 0.00121 | map: 0.00028
Sun 26 Jan 2025 22:29:09 INFO 10: precision: 0.00023 | recall: 0.00114 | ndcg: 0.00064 | hit_rate: 0.00220 | map: 0.00035
Sun 26 Jan 2025 22:29:09 INFO 20: precision: 0.00024 | recall: 0.00254 | ndcg: 0.00105 | hit_rate: 0.00435 | map: 0.00046
Sun 26 Jan 2025 22:29:12 INFO Epoch 24, Loss: 1.71869
Sun 26 Jan 2025 22:29:14 INFO Validation Metrics:
Sun 26 Jan 2025 22:29:14 INFO 5: precision: 0.00021 | recall: 0.00081 | ndcg: 0.00050 | hit_rate: 0.00099 | map: 0.00037
Sun 26 Jan 2025 22:29:14 INFO 10: precision: 0.00021 | recall: 0.00159 | ndcg: 0.00077 | hit_rate: 0.00198 | map: 0.00047
Sun 26 Jan 2025 22:29:14 INFO 20: precision: 0.00018 | recall: 0.00291 | ndcg: 0.00112 | hit_rate: 0.00355 | map: 0.00056
Sun 26 Jan 2025 22:29:14 INFO Test Metrics:
Sun 26 Jan 2025 22:29:14 INFO 5: precision: 0.00023 | recall: 0.00064 | ndcg: 0.00043 | hit_rate: 0.00112 | map: 0.00028
Sun 26 Jan 2025 22:29:14 INFO 10: precision: 0.00023 | recall: 0.00119 | ndcg: 0.00064 | hit_rate: 0.00215 | map: 0.00036
Sun 26 Jan 2025 22:29:14 INFO 20: precision: 0.00023 | recall: 0.00246 | ndcg: 0.00101 | hit_rate: 0.00420 | map: 0.00045
Sun 26 Jan 2025 22:29:17 INFO Epoch 25, Loss: 1.64271
Sun 26 Jan 2025 22:29:19 INFO Validation Metrics:
Sun 26 Jan 2025 22:29:19 INFO 5: precision: 0.00019 | recall: 0.00073 | ndcg: 0.00051 | hit_rate: 0.00095 | map: 0.00039
Sun 26 Jan 2025 22:29:19 INFO 10: precision: 0.00019 | recall: 0.00149 | ndcg: 0.00076 | hit_rate: 0.00185 | map: 0.00049
Sun 26 Jan 2025 22:29:19 INFO 20: precision: 0.00018 | recall: 0.00284 | ndcg: 0.00112 | hit_rate: 0.00349 | map: 0.00059
Sun 26 Jan 2025 22:29:19 INFO Test Metrics:
Sun 26 Jan 2025 22:29:19 INFO 5: precision: 0.00025 | recall: 0.00069 | ndcg: 0.00044 | hit_rate: 0.00127 | map: 0.00027
Sun 26 Jan 2025 22:29:19 INFO 10: precision: 0.00025 | recall: 0.00134 | ndcg: 0.00069 | hit_rate: 0.00243 | map: 0.00036
Sun 26 Jan 2025 22:29:19 INFO 20: precision: 0.00024 | recall: 0.00262 | ndcg: 0.00106 | hit_rate: 0.00444 | map: 0.00045
Sun 26 Jan 2025 22:29:22 INFO Epoch 26, Loss: 1.53814
Sun 26 Jan 2025 22:29:24 INFO Validation Metrics:
Sun 26 Jan 2025 22:29:24 INFO 5: precision: 0.00023 | recall: 0.00089 | ndcg: 0.00057 | hit_rate: 0.00110 | map: 0.00042
Sun 26 Jan 2025 22:29:24 INFO 10: precision: 0.00022 | recall: 0.00170 | ndcg: 0.00084 | hit_rate: 0.00207 | map: 0.00052
Sun 26 Jan 2025 22:29:24 INFO 20: precision: 0.00017 | recall: 0.00277 | ndcg: 0.00112 | hit_rate: 0.00338 | map: 0.00060
Sun 26 Jan 2025 22:29:24 INFO Test Metrics:
Sun 26 Jan 2025 22:29:24 INFO 5: precision: 0.00022 | recall: 0.00060 | ndcg: 0.00044 | hit_rate: 0.00110 | map: 0.00030
Sun 26 Jan 2025 22:29:24 INFO 10: precision: 0.00024 | recall: 0.00130 | ndcg: 0.00071 | hit_rate: 0.00231 | map: 0.00040
Sun 26 Jan 2025 22:29:24 INFO 20: precision: 0.00024 | recall: 0.00262 | ndcg: 0.00110 | hit_rate: 0.00452 | map: 0.00049
Sun 26 Jan 2025 22:29:27 INFO Epoch 27, Loss: 1.46247
Sun 26 Jan 2025 22:29:28 INFO Validation Metrics:
Sun 26 Jan 2025 22:29:28 INFO 5: precision: 0.00019 | recall: 0.00069 | ndcg: 0.00048 | hit_rate: 0.00088 | map: 0.00038
Sun 26 Jan 2025 22:29:28 INFO 10: precision: 0.00020 | recall: 0.00154 | ndcg: 0.00077 | hit_rate: 0.00190 | map: 0.00049
Sun 26 Jan 2025 22:29:28 INFO 20: precision: 0.00019 | recall: 0.00308 | ndcg: 0.00117 | hit_rate: 0.00373 | map: 0.00059
Sun 26 Jan 2025 22:29:28 INFO Test Metrics:
Sun 26 Jan 2025 22:29:28 INFO 5: precision: 0.00026 | recall: 0.00070 | ndcg: 0.00048 | hit_rate: 0.00129 | map: 0.00031
Sun 26 Jan 2025 22:29:28 INFO 10: precision: 0.00025 | recall: 0.00136 | ndcg: 0.00073 | hit_rate: 0.00246 | map: 0.00040
Sun 26 Jan 2025 22:29:28 INFO 20: precision: 0.00024 | recall: 0.00250 | ndcg: 0.00107 | hit_rate: 0.00439 | map: 0.00048
Sun 26 Jan 2025 22:29:31 INFO Epoch 28, Loss: 1.39526
Sun 26 Jan 2025 22:29:33 INFO Validation Metrics:
Sun 26 Jan 2025 22:29:33 INFO 5: precision: 0.00021 | recall: 0.00081 | ndcg: 0.00057 | hit_rate: 0.00101 | map: 0.00045
Sun 26 Jan 2025 22:29:33 INFO 10: precision: 0.00021 | recall: 0.00165 | ndcg: 0.00085 | hit_rate: 0.00202 | map: 0.00056
Sun 26 Jan 2025 22:29:33 INFO 20: precision: 0.00018 | recall: 0.00295 | ndcg: 0.00119 | hit_rate: 0.00355 | map: 0.00065
Sun 26 Jan 2025 22:29:33 INFO Test Metrics:
Sun 26 Jan 2025 22:29:33 INFO 5: precision: 0.00023 | recall: 0.00060 | ndcg: 0.00046 | hit_rate: 0.00112 | map: 0.00032
Sun 26 Jan 2025 22:29:33 INFO 10: precision: 0.00024 | recall: 0.00129 | ndcg: 0.00072 | hit_rate: 0.00235 | map: 0.00042
Sun 26 Jan 2025 22:29:33 INFO 20: precision: 0.00025 | recall: 0.00267 | ndcg: 0.00112 | hit_rate: 0.00459 | map: 0.00052
Sun 26 Jan 2025 22:29:36 INFO Epoch 29, Loss: 1.32202
Sun 26 Jan 2025 22:29:38 INFO Validation Metrics:
Sun 26 Jan 2025 22:29:38 INFO 5: precision: 0.00022 | recall: 0.00083 | ndcg: 0.00054 | hit_rate: 0.00103 | map: 0.00040
Sun 26 Jan 2025 22:29:38 INFO 10: precision: 0.00022 | recall: 0.00170 | ndcg: 0.00083 | hit_rate: 0.00211 | map: 0.00051
Sun 26 Jan 2025 22:29:38 INFO 20: precision: 0.00019 | recall: 0.00299 | ndcg: 0.00117 | hit_rate: 0.00366 | map: 0.00060
Sun 26 Jan 2025 22:29:38 INFO Test Metrics:
Sun 26 Jan 2025 22:29:38 INFO 5: precision: 0.00022 | recall: 0.00061 | ndcg: 0.00044 | hit_rate: 0.00108 | map: 0.00031
Sun 26 Jan 2025 22:29:38 INFO 10: precision: 0.00025 | recall: 0.00136 | ndcg: 0.00072 | hit_rate: 0.00246 | map: 0.00040
Sun 26 Jan 2025 22:29:38 INFO 20: precision: 0.00024 | recall: 0.00250 | ndcg: 0.00106 | hit_rate: 0.00444 | map: 0.00048
Sun 26 Jan 2025 22:29:41 INFO Epoch 30, Loss: 1.26285
Sun 26 Jan 2025 22:29:43 INFO Validation Metrics:
Sun 26 Jan 2025 22:29:43 INFO 5: precision: 0.00023 | recall: 0.00092 | ndcg: 0.00056 | hit_rate: 0.00112 | map: 0.00041
Sun 26 Jan 2025 22:29:43 INFO 10: precision: 0.00022 | recall: 0.00167 | ndcg: 0.00082 | hit_rate: 0.00207 | map: 0.00051
Sun 26 Jan 2025 22:29:43 INFO 20: precision: 0.00018 | recall: 0.00289 | ndcg: 0.00114 | hit_rate: 0.00355 | map: 0.00059
Sun 26 Jan 2025 22:29:43 INFO Test Metrics:
Sun 26 Jan 2025 22:29:43 INFO 5: precision: 0.00025 | recall: 0.00069 | ndcg: 0.00047 | hit_rate: 0.00123 | map: 0.00030
Sun 26 Jan 2025 22:29:43 INFO 10: precision: 0.00024 | recall: 0.00131 | ndcg: 0.00070 | hit_rate: 0.00237 | map: 0.00038
Sun 26 Jan 2025 22:29:43 INFO 20: precision: 0.00025 | recall: 0.00267 | ndcg: 0.00110 | hit_rate: 0.00470 | map: 0.00048
Sun 26 Jan 2025 22:29:46 INFO Epoch 31, Loss: 1.20942
Sun 26 Jan 2025 22:29:48 INFO Validation Metrics:
Sun 26 Jan 2025 22:29:48 INFO 5: precision: 0.00021 | recall: 0.00079 | ndcg: 0.00052 | hit_rate: 0.00101 | map: 0.00039
Sun 26 Jan 2025 22:29:48 INFO 10: precision: 0.00020 | recall: 0.00149 | ndcg: 0.00076 | hit_rate: 0.00190 | map: 0.00048
Sun 26 Jan 2025 22:29:48 INFO 20: precision: 0.00019 | recall: 0.00296 | ndcg: 0.00114 | hit_rate: 0.00364 | map: 0.00058
Sun 26 Jan 2025 22:29:48 INFO Test Metrics:
Sun 26 Jan 2025 22:29:48 INFO 5: precision: 0.00022 | recall: 0.00057 | ndcg: 0.00039 | hit_rate: 0.00110 | map: 0.00025
Sun 26 Jan 2025 22:29:48 INFO 10: precision: 0.00026 | recall: 0.00142 | ndcg: 0.00071 | hit_rate: 0.00250 | map: 0.00037
Sun 26 Jan 2025 22:29:48 INFO 20: precision: 0.00024 | recall: 0.00256 | ndcg: 0.00105 | hit_rate: 0.00452 | map: 0.00045
Sun 26 Jan 2025 22:29:51 INFO Epoch 32, Loss: 1.15362
Sun 26 Jan 2025 22:29:52 INFO Validation Metrics:
Sun 26 Jan 2025 22:29:52 INFO 5: precision: 0.00019 | recall: 0.00072 | ndcg: 0.00049 | hit_rate: 0.00095 | map: 0.00038
Sun 26 Jan 2025 22:29:52 INFO 10: precision: 0.00019 | recall: 0.00142 | ndcg: 0.00073 | hit_rate: 0.00185 | map: 0.00047
Sun 26 Jan 2025 22:29:52 INFO 20: precision: 0.00017 | recall: 0.00266 | ndcg: 0.00106 | hit_rate: 0.00338 | map: 0.00055
Sun 26 Jan 2025 22:29:52 INFO Test Metrics:
Sun 26 Jan 2025 22:29:52 INFO 5: precision: 0.00022 | recall: 0.00061 | ndcg: 0.00042 | hit_rate: 0.00112 | map: 0.00028
Sun 26 Jan 2025 22:29:52 INFO 10: precision: 0.00025 | recall: 0.00135 | ndcg: 0.00071 | hit_rate: 0.00246 | map: 0.00038
Sun 26 Jan 2025 22:29:52 INFO 20: precision: 0.00024 | recall: 0.00259 | ndcg: 0.00107 | hit_rate: 0.00459 | map: 0.00047
Sun 26 Jan 2025 22:29:55 INFO Epoch 33, Loss: 1.10824
Sun 26 Jan 2025 22:29:57 INFO Validation Metrics:
Sun 26 Jan 2025 22:29:57 INFO 5: precision: 0.00022 | recall: 0.00086 | ndcg: 0.00055 | hit_rate: 0.00110 | map: 0.00041
Sun 26 Jan 2025 22:29:57 INFO 10: precision: 0.00021 | recall: 0.00161 | ndcg: 0.00080 | hit_rate: 0.00205 | map: 0.00050
Sun 26 Jan 2025 22:29:57 INFO 20: precision: 0.00018 | recall: 0.00285 | ndcg: 0.00112 | hit_rate: 0.00353 | map: 0.00058
Sun 26 Jan 2025 22:29:57 INFO Test Metrics:
Sun 26 Jan 2025 22:29:57 INFO 5: precision: 0.00025 | recall: 0.00066 | ndcg: 0.00048 | hit_rate: 0.00118 | map: 0.00033
Sun 26 Jan 2025 22:29:57 INFO 10: precision: 0.00025 | recall: 0.00135 | ndcg: 0.00074 | hit_rate: 0.00243 | map: 0.00042
Sun 26 Jan 2025 22:29:57 INFO 20: precision: 0.00025 | recall: 0.00268 | ndcg: 0.00113 | hit_rate: 0.00474 | map: 0.00051
Sun 26 Jan 2025 22:30:00 INFO Epoch 34, Loss: 1.05624
Sun 26 Jan 2025 22:30:02 INFO Validation Metrics:
Sun 26 Jan 2025 22:30:02 INFO 5: precision: 0.00021 | recall: 0.00076 | ndcg: 0.00050 | hit_rate: 0.00099 | map: 0.00037
Sun 26 Jan 2025 22:30:02 INFO 10: precision: 0.00020 | recall: 0.00150 | ndcg: 0.00075 | hit_rate: 0.00192 | map: 0.00047
Sun 26 Jan 2025 22:30:02 INFO 20: precision: 0.00018 | recall: 0.00286 | ndcg: 0.00111 | hit_rate: 0.00355 | map: 0.00056
Sun 26 Jan 2025 22:30:02 INFO Test Metrics:
Sun 26 Jan 2025 22:30:02 INFO 5: precision: 0.00026 | recall: 0.00069 | ndcg: 0.00047 | hit_rate: 0.00127 | map: 0.00030
Sun 26 Jan 2025 22:30:02 INFO 10: precision: 0.00024 | recall: 0.00127 | ndcg: 0.00069 | hit_rate: 0.00235 | map: 0.00038
Sun 26 Jan 2025 22:30:02 INFO 20: precision: 0.00025 | recall: 0.00268 | ndcg: 0.00111 | hit_rate: 0.00476 | map: 0.00048
Sun 26 Jan 2025 22:30:05 INFO Epoch 35, Loss: 1.01526
Sun 26 Jan 2025 22:30:07 INFO Validation Metrics:
Sun 26 Jan 2025 22:30:07 INFO 5: precision: 0.00026 | recall: 0.00100 | ndcg: 0.00060 | hit_rate: 0.00125 | map: 0.00042
Sun 26 Jan 2025 22:30:07 INFO 10: precision: 0.00022 | recall: 0.00174 | ndcg: 0.00085 | hit_rate: 0.00220 | map: 0.00052
Sun 26 Jan 2025 22:30:07 INFO 20: precision: 0.00019 | recall: 0.00301 | ndcg: 0.00118 | hit_rate: 0.00371 | map: 0.00061
Sun 26 Jan 2025 22:30:07 INFO Test Metrics:
Sun 26 Jan 2025 22:30:07 INFO 5: precision: 0.00023 | recall: 0.00063 | ndcg: 0.00043 | hit_rate: 0.00116 | map: 0.00028
Sun 26 Jan 2025 22:30:07 INFO 10: precision: 0.00025 | recall: 0.00124 | ndcg: 0.00067 | hit_rate: 0.00239 | map: 0.00036
Sun 26 Jan 2025 22:30:07 INFO 20: precision: 0.00025 | recall: 0.00260 | ndcg: 0.00107 | hit_rate: 0.00463 | map: 0.00045
Sun 26 Jan 2025 22:30:10 INFO Epoch 36, Loss: 0.96525
Sun 26 Jan 2025 22:30:12 INFO Validation Metrics:
Sun 26 Jan 2025 22:30:12 INFO 5: precision: 0.00022 | recall: 0.00085 | ndcg: 0.00056 | hit_rate: 0.00108 | map: 0.00042
Sun 26 Jan 2025 22:30:12 INFO 10: precision: 0.00022 | recall: 0.00169 | ndcg: 0.00084 | hit_rate: 0.00215 | map: 0.00052
Sun 26 Jan 2025 22:30:12 INFO 20: precision: 0.00019 | recall: 0.00298 | ndcg: 0.00118 | hit_rate: 0.00368 | map: 0.00061
Sun 26 Jan 2025 22:30:12 INFO Test Metrics:
Sun 26 Jan 2025 22:30:12 INFO 5: precision: 0.00021 | recall: 0.00055 | ndcg: 0.00040 | hit_rate: 0.00103 | map: 0.00027
Sun 26 Jan 2025 22:30:12 INFO 10: precision: 0.00023 | recall: 0.00119 | ndcg: 0.00065 | hit_rate: 0.00228 | map: 0.00036
Sun 26 Jan 2025 22:30:12 INFO 20: precision: 0.00024 | recall: 0.00256 | ndcg: 0.00105 | hit_rate: 0.00459 | map: 0.00045
Sun 26 Jan 2025 22:30:15 INFO Epoch 37, Loss: 0.92510
Sun 26 Jan 2025 22:30:17 INFO Validation Metrics:
Sun 26 Jan 2025 22:30:17 INFO 5: precision: 0.00025 | recall: 0.00096 | ndcg: 0.00060 | hit_rate: 0.00123 | map: 0.00043
Sun 26 Jan 2025 22:30:17 INFO 10: precision: 0.00023 | recall: 0.00181 | ndcg: 0.00088 | hit_rate: 0.00226 | map: 0.00054
Sun 26 Jan 2025 22:30:17 INFO 20: precision: 0.00020 | recall: 0.00327 | ndcg: 0.00126 | hit_rate: 0.00396 | map: 0.00064
Sun 26 Jan 2025 22:30:17 INFO Test Metrics:
Sun 26 Jan 2025 22:30:17 INFO 5: precision: 0.00023 | recall: 0.00061 | ndcg: 0.00044 | hit_rate: 0.00112 | map: 0.00029
Sun 26 Jan 2025 22:30:17 INFO 10: precision: 0.00025 | recall: 0.00126 | ndcg: 0.00068 | hit_rate: 0.00239 | map: 0.00037
Sun 26 Jan 2025 22:30:17 INFO 20: precision: 0.00025 | recall: 0.00271 | ndcg: 0.00110 | hit_rate: 0.00474 | map: 0.00047
Sun 26 Jan 2025 22:30:20 INFO Epoch 38, Loss: 0.91899
Sun 26 Jan 2025 22:30:21 INFO Validation Metrics:
Sun 26 Jan 2025 22:30:21 INFO 5: precision: 0.00025 | recall: 0.00095 | ndcg: 0.00064 | hit_rate: 0.00121 | map: 0.00049
Sun 26 Jan 2025 22:30:21 INFO 10: precision: 0.00023 | recall: 0.00176 | ndcg: 0.00091 | hit_rate: 0.00222 | map: 0.00060
Sun 26 Jan 2025 22:30:21 INFO 20: precision: 0.00020 | recall: 0.00313 | ndcg: 0.00127 | hit_rate: 0.00383 | map: 0.00069
Sun 26 Jan 2025 22:30:21 INFO Test Metrics:
Sun 26 Jan 2025 22:30:21 INFO 5: precision: 0.00025 | recall: 0.00068 | ndcg: 0.00046 | hit_rate: 0.00121 | map: 0.00030
Sun 26 Jan 2025 22:30:21 INFO 10: precision: 0.00025 | recall: 0.00128 | ndcg: 0.00070 | hit_rate: 0.00241 | map: 0.00038
Sun 26 Jan 2025 22:30:21 INFO 20: precision: 0.00024 | recall: 0.00255 | ndcg: 0.00107 | hit_rate: 0.00457 | map: 0.00047
Sun 26 Jan 2025 22:30:24 INFO Epoch 39, Loss: 0.89550
Sun 26 Jan 2025 22:30:26 INFO Validation Metrics:
Sun 26 Jan 2025 22:30:26 INFO 5: precision: 0.00022 | recall: 0.00083 | ndcg: 0.00054 | hit_rate: 0.00108 | map: 0.00039
Sun 26 Jan 2025 22:30:26 INFO 10: precision: 0.00024 | recall: 0.00185 | ndcg: 0.00088 | hit_rate: 0.00233 | map: 0.00053
Sun 26 Jan 2025 22:30:26 INFO 20: precision: 0.00020 | recall: 0.00317 | ndcg: 0.00122 | hit_rate: 0.00383 | map: 0.00061
Sun 26 Jan 2025 22:30:26 INFO Test Metrics:
Sun 26 Jan 2025 22:30:26 INFO 5: precision: 0.00024 | recall: 0.00065 | ndcg: 0.00045 | hit_rate: 0.00116 | map: 0.00030
Sun 26 Jan 2025 22:30:26 INFO 10: precision: 0.00023 | recall: 0.00118 | ndcg: 0.00066 | hit_rate: 0.00224 | map: 0.00037
Sun 26 Jan 2025 22:30:26 INFO 20: precision: 0.00024 | recall: 0.00253 | ndcg: 0.00106 | hit_rate: 0.00450 | map: 0.00046
Sun 26 Jan 2025 22:30:29 INFO Epoch 40, Loss: 0.85999
Sun 26 Jan 2025 22:30:31 INFO Validation Metrics:
Sun 26 Jan 2025 22:30:31 INFO 5: precision: 0.00024 | recall: 0.00090 | ndcg: 0.00057 | hit_rate: 0.00116 | map: 0.00042
Sun 26 Jan 2025 22:30:31 INFO 10: precision: 0.00023 | recall: 0.00171 | ndcg: 0.00085 | hit_rate: 0.00218 | map: 0.00053
Sun 26 Jan 2025 22:30:31 INFO 20: precision: 0.00021 | recall: 0.00335 | ndcg: 0.00127 | hit_rate: 0.00403 | map: 0.00064
Sun 26 Jan 2025 22:30:31 INFO Test Metrics:
Sun 26 Jan 2025 22:30:31 INFO 5: precision: 0.00026 | recall: 0.00071 | ndcg: 0.00045 | hit_rate: 0.00127 | map: 0.00028
Sun 26 Jan 2025 22:30:31 INFO 10: precision: 0.00025 | recall: 0.00132 | ndcg: 0.00069 | hit_rate: 0.00248 | map: 0.00035
Sun 26 Jan 2025 22:30:31 INFO 20: precision: 0.00026 | recall: 0.00275 | ndcg: 0.00110 | hit_rate: 0.00480 | map: 0.00045
Sun 26 Jan 2025 22:30:34 INFO Epoch 41, Loss: 0.81744
Sun 26 Jan 2025 22:30:36 INFO Validation Metrics:
Sun 26 Jan 2025 22:30:36 INFO 5: precision: 0.00023 | recall: 0.00087 | ndcg: 0.00054 | hit_rate: 0.00110 | map: 0.00039
Sun 26 Jan 2025 22:30:36 INFO 10: precision: 0.00022 | recall: 0.00162 | ndcg: 0.00080 | hit_rate: 0.00209 | map: 0.00049
Sun 26 Jan 2025 22:30:36 INFO 20: precision: 0.00019 | recall: 0.00307 | ndcg: 0.00118 | hit_rate: 0.00373 | map: 0.00059
Sun 26 Jan 2025 22:30:36 INFO Test Metrics:
Sun 26 Jan 2025 22:30:36 INFO 5: precision: 0.00024 | recall: 0.00065 | ndcg: 0.00044 | hit_rate: 0.00118 | map: 0.00027
Sun 26 Jan 2025 22:30:36 INFO 10: precision: 0.00026 | recall: 0.00139 | ndcg: 0.00071 | hit_rate: 0.00250 | map: 0.00037
Sun 26 Jan 2025 22:30:36 INFO 20: precision: 0.00025 | recall: 0.00275 | ndcg: 0.00110 | hit_rate: 0.00470 | map: 0.00046
Sun 26 Jan 2025 22:30:39 INFO Epoch 42, Loss: 0.77972
Sun 26 Jan 2025 22:30:41 INFO Validation Metrics:
Sun 26 Jan 2025 22:30:41 INFO 5: precision: 0.00024 | recall: 0.00090 | ndcg: 0.00055 | hit_rate: 0.00116 | map: 0.00038
Sun 26 Jan 2025 22:30:41 INFO 10: precision: 0.00023 | recall: 0.00175 | ndcg: 0.00083 | hit_rate: 0.00220 | map: 0.00050
Sun 26 Jan 2025 22:30:41 INFO 20: precision: 0.00020 | recall: 0.00323 | ndcg: 0.00121 | hit_rate: 0.00392 | map: 0.00059
Sun 26 Jan 2025 22:30:41 INFO Test Metrics:
Sun 26 Jan 2025 22:30:41 INFO 5: precision: 0.00023 | recall: 0.00061 | ndcg: 0.00043 | hit_rate: 0.00112 | map: 0.00028
Sun 26 Jan 2025 22:30:41 INFO 10: precision: 0.00025 | recall: 0.00127 | ndcg: 0.00068 | hit_rate: 0.00239 | map: 0.00036
Sun 26 Jan 2025 22:30:41 INFO 20: precision: 0.00025 | recall: 0.00266 | ndcg: 0.00108 | hit_rate: 0.00470 | map: 0.00046
Sun 26 Jan 2025 22:30:44 INFO Epoch 43, Loss: 0.80289
Sun 26 Jan 2025 22:30:46 INFO Validation Metrics:
Sun 26 Jan 2025 22:30:46 INFO 5: precision: 0.00020 | recall: 0.00070 | ndcg: 0.00048 | hit_rate: 0.00097 | map: 0.00035
Sun 26 Jan 2025 22:30:46 INFO 10: precision: 0.00022 | recall: 0.00169 | ndcg: 0.00080 | hit_rate: 0.00213 | map: 0.00048
Sun 26 Jan 2025 22:30:46 INFO 20: precision: 0.00019 | recall: 0.00314 | ndcg: 0.00118 | hit_rate: 0.00381 | map: 0.00058
Sun 26 Jan 2025 22:30:46 INFO Test Metrics:
Sun 26 Jan 2025 22:30:46 INFO 5: precision: 0.00025 | recall: 0.00067 | ndcg: 0.00046 | hit_rate: 0.00123 | map: 0.00030
Sun 26 Jan 2025 22:30:46 INFO 10: precision: 0.00024 | recall: 0.00122 | ndcg: 0.00068 | hit_rate: 0.00231 | map: 0.00038
Sun 26 Jan 2025 22:30:46 INFO 20: precision: 0.00024 | recall: 0.00258 | ndcg: 0.00107 | hit_rate: 0.00455 | map: 0.00047
Sun 26 Jan 2025 22:30:49 INFO Epoch 44, Loss: 0.72312
Sun 26 Jan 2025 22:30:51 INFO Validation Metrics:
Sun 26 Jan 2025 22:30:51 INFO 5: precision: 0.00020 | recall: 0.00070 | ndcg: 0.00048 | hit_rate: 0.00097 | map: 0.00035
Sun 26 Jan 2025 22:30:51 INFO 10: precision: 0.00022 | recall: 0.00167 | ndcg: 0.00080 | hit_rate: 0.00211 | map: 0.00048
Sun 26 Jan 2025 22:30:51 INFO 20: precision: 0.00019 | recall: 0.00301 | ndcg: 0.00115 | hit_rate: 0.00366 | map: 0.00057
Sun 26 Jan 2025 22:30:51 INFO Test Metrics:
Sun 26 Jan 2025 22:30:51 INFO 5: precision: 0.00025 | recall: 0.00065 | ndcg: 0.00047 | hit_rate: 0.00123 | map: 0.00031
Sun 26 Jan 2025 22:30:51 INFO 10: precision: 0.00026 | recall: 0.00143 | ndcg: 0.00075 | hit_rate: 0.00256 | map: 0.00041
Sun 26 Jan 2025 22:30:51 INFO 20: precision: 0.00026 | recall: 0.00279 | ndcg: 0.00115 | hit_rate: 0.00485 | map: 0.00051
Sun 26 Jan 2025 22:30:54 INFO Epoch 45, Loss: 0.69210
Sun 26 Jan 2025 22:30:55 INFO Validation Metrics:
Sun 26 Jan 2025 22:30:55 INFO 5: precision: 0.00019 | recall: 0.00071 | ndcg: 0.00046 | hit_rate: 0.00095 | map: 0.00033
Sun 26 Jan 2025 22:30:55 INFO 10: precision: 0.00020 | recall: 0.00150 | ndcg: 0.00073 | hit_rate: 0.00198 | map: 0.00044
Sun 26 Jan 2025 22:30:55 INFO 20: precision: 0.00018 | recall: 0.00294 | ndcg: 0.00110 | hit_rate: 0.00358 | map: 0.00053
Sun 26 Jan 2025 22:30:55 INFO Test Metrics:
Sun 26 Jan 2025 22:30:55 INFO 5: precision: 0.00025 | recall: 0.00066 | ndcg: 0.00046 | hit_rate: 0.00121 | map: 0.00030
Sun 26 Jan 2025 22:30:55 INFO 10: precision: 0.00027 | recall: 0.00139 | ndcg: 0.00074 | hit_rate: 0.00265 | map: 0.00040
Sun 26 Jan 2025 22:30:55 INFO 20: precision: 0.00027 | recall: 0.00282 | ndcg: 0.00116 | hit_rate: 0.00500 | map: 0.00050
Sun 26 Jan 2025 22:30:58 INFO Epoch 46, Loss: 0.68805
Sun 26 Jan 2025 22:31:00 INFO Validation Metrics:
Sun 26 Jan 2025 22:31:00 INFO 5: precision: 0.00020 | recall: 0.00071 | ndcg: 0.00046 | hit_rate: 0.00097 | map: 0.00033
Sun 26 Jan 2025 22:31:00 INFO 10: precision: 0.00021 | recall: 0.00153 | ndcg: 0.00074 | hit_rate: 0.00200 | map: 0.00044
Sun 26 Jan 2025 22:31:00 INFO 20: precision: 0.00018 | recall: 0.00283 | ndcg: 0.00107 | hit_rate: 0.00345 | map: 0.00053
Sun 26 Jan 2025 22:31:00 INFO Test Metrics:
Sun 26 Jan 2025 22:31:00 INFO 5: precision: 0.00028 | recall: 0.00079 | ndcg: 0.00053 | hit_rate: 0.00140 | map: 0.00034
Sun 26 Jan 2025 22:31:00 INFO 10: precision: 0.00027 | recall: 0.00142 | ndcg: 0.00077 | hit_rate: 0.00263 | map: 0.00042
Sun 26 Jan 2025 22:31:00 INFO 20: precision: 0.00026 | recall: 0.00282 | ndcg: 0.00118 | hit_rate: 0.00498 | map: 0.00052
Sun 26 Jan 2025 22:31:03 INFO Epoch 47, Loss: 0.67981
Sun 26 Jan 2025 22:31:05 INFO Validation Metrics:
Sun 26 Jan 2025 22:31:05 INFO 5: precision: 0.00021 | recall: 0.00072 | ndcg: 0.00045 | hit_rate: 0.00099 | map: 0.00031
Sun 26 Jan 2025 22:31:05 INFO 10: precision: 0.00020 | recall: 0.00154 | ndcg: 0.00072 | hit_rate: 0.00198 | map: 0.00042
Sun 26 Jan 2025 22:31:05 INFO 20: precision: 0.00018 | recall: 0.00295 | ndcg: 0.00108 | hit_rate: 0.00358 | map: 0.00051
Sun 26 Jan 2025 22:31:05 INFO Test Metrics:
Sun 26 Jan 2025 22:31:05 INFO 5: precision: 0.00028 | recall: 0.00077 | ndcg: 0.00050 | hit_rate: 0.00136 | map: 0.00031
Sun 26 Jan 2025 22:31:05 INFO 10: precision: 0.00026 | recall: 0.00139 | ndcg: 0.00073 | hit_rate: 0.00254 | map: 0.00039
Sun 26 Jan 2025 22:31:05 INFO 20: precision: 0.00025 | recall: 0.00266 | ndcg: 0.00112 | hit_rate: 0.00480 | map: 0.00048
Sun 26 Jan 2025 22:31:08 INFO Epoch 48, Loss: 0.67329
Sun 26 Jan 2025 22:31:10 INFO Validation Metrics:
Sun 26 Jan 2025 22:31:10 INFO 5: precision: 0.00022 | recall: 0.00081 | ndcg: 0.00052 | hit_rate: 0.00106 | map: 0.00038
Sun 26 Jan 2025 22:31:10 INFO 10: precision: 0.00021 | recall: 0.00158 | ndcg: 0.00079 | hit_rate: 0.00202 | map: 0.00049
Sun 26 Jan 2025 22:31:10 INFO 20: precision: 0.00018 | recall: 0.00291 | ndcg: 0.00113 | hit_rate: 0.00353 | map: 0.00058
Sun 26 Jan 2025 22:31:10 INFO Test Metrics:
Sun 26 Jan 2025 22:31:10 INFO 5: precision: 0.00024 | recall: 0.00062 | ndcg: 0.00042 | hit_rate: 0.00118 | map: 0.00026
Sun 26 Jan 2025 22:31:10 INFO 10: precision: 0.00026 | recall: 0.00135 | ndcg: 0.00070 | hit_rate: 0.00259 | map: 0.00035
Sun 26 Jan 2025 22:31:10 INFO 20: precision: 0.00026 | recall: 0.00286 | ndcg: 0.00113 | hit_rate: 0.00493 | map: 0.00046
Sun 26 Jan 2025 22:31:13 INFO Epoch 49, Loss: 0.65696
Sun 26 Jan 2025 22:31:15 INFO Validation Metrics:
Sun 26 Jan 2025 22:31:15 INFO 5: precision: 0.00021 | recall: 0.00078 | ndcg: 0.00051 | hit_rate: 0.00101 | map: 0.00038
Sun 26 Jan 2025 22:31:15 INFO 10: precision: 0.00021 | recall: 0.00163 | ndcg: 0.00080 | hit_rate: 0.00207 | map: 0.00049
Sun 26 Jan 2025 22:31:15 INFO 20: precision: 0.00018 | recall: 0.00295 | ndcg: 0.00114 | hit_rate: 0.00353 | map: 0.00058
Sun 26 Jan 2025 22:31:15 INFO Test Metrics:
Sun 26 Jan 2025 22:31:15 INFO 5: precision: 0.00023 | recall: 0.00057 | ndcg: 0.00040 | hit_rate: 0.00114 | map: 0.00025
Sun 26 Jan 2025 22:31:15 INFO 10: precision: 0.00025 | recall: 0.00130 | ndcg: 0.00067 | hit_rate: 0.00237 | map: 0.00035
Sun 26 Jan 2025 22:31:15 INFO 20: precision: 0.00025 | recall: 0.00269 | ndcg: 0.00107 | hit_rate: 0.00474 | map: 0.00044
Sun 26 Jan 2025 22:31:18 INFO Epoch 50, Loss: 0.63369
Sun 26 Jan 2025 22:31:19 INFO Validation Metrics:
Sun 26 Jan 2025 22:31:19 INFO 5: precision: 0.00022 | recall: 0.00081 | ndcg: 0.00051 | hit_rate: 0.00108 | map: 0.00037
Sun 26 Jan 2025 22:31:19 INFO 10: precision: 0.00020 | recall: 0.00154 | ndcg: 0.00076 | hit_rate: 0.00196 | map: 0.00046
Sun 26 Jan 2025 22:31:19 INFO 20: precision: 0.00018 | recall: 0.00296 | ndcg: 0.00112 | hit_rate: 0.00358 | map: 0.00055
Sun 26 Jan 2025 22:31:19 INFO Test Metrics:
Sun 26 Jan 2025 22:31:19 INFO 5: precision: 0.00026 | recall: 0.00072 | ndcg: 0.00048 | hit_rate: 0.00131 | map: 0.00030
Sun 26 Jan 2025 22:31:19 INFO 10: precision: 0.00027 | recall: 0.00141 | ndcg: 0.00075 | hit_rate: 0.00265 | map: 0.00040
Sun 26 Jan 2025 22:31:19 INFO 20: precision: 0.00026 | recall: 0.00272 | ndcg: 0.00113 | hit_rate: 0.00480 | map: 0.00049
Sun 26 Jan 2025 22:31:22 INFO Epoch 51, Loss: 0.60532
Sun 26 Jan 2025 22:31:24 INFO Validation Metrics:
Sun 26 Jan 2025 22:31:24 INFO 5: precision: 0.00020 | recall: 0.00071 | ndcg: 0.00047 | hit_rate: 0.00095 | map: 0.00034
Sun 26 Jan 2025 22:31:24 INFO 10: precision: 0.00020 | recall: 0.00154 | ndcg: 0.00074 | hit_rate: 0.00198 | map: 0.00045
Sun 26 Jan 2025 22:31:24 INFO 20: precision: 0.00018 | recall: 0.00286 | ndcg: 0.00108 | hit_rate: 0.00345 | map: 0.00054
Sun 26 Jan 2025 22:31:24 INFO Test Metrics:
Sun 26 Jan 2025 22:31:24 INFO 5: precision: 0.00024 | recall: 0.00063 | ndcg: 0.00048 | hit_rate: 0.00116 | map: 0.00033
Sun 26 Jan 2025 22:31:24 INFO 10: precision: 0.00026 | recall: 0.00134 | ndcg: 0.00075 | hit_rate: 0.00248 | map: 0.00042
Sun 26 Jan 2025 22:31:24 INFO 20: precision: 0.00023 | recall: 0.00249 | ndcg: 0.00108 | hit_rate: 0.00442 | map: 0.00050
Sun 26 Jan 2025 22:31:27 INFO Epoch 52, Loss: 0.58263
Sun 26 Jan 2025 22:31:29 INFO Validation Metrics:
Sun 26 Jan 2025 22:31:29 INFO 5: precision: 0.00021 | recall: 0.00078 | ndcg: 0.00047 | hit_rate: 0.00101 | map: 0.00033
Sun 26 Jan 2025 22:31:29 INFO 10: precision: 0.00020 | recall: 0.00152 | ndcg: 0.00073 | hit_rate: 0.00196 | map: 0.00043
Sun 26 Jan 2025 22:31:29 INFO 20: precision: 0.00019 | recall: 0.00321 | ndcg: 0.00115 | hit_rate: 0.00381 | map: 0.00054
Sun 26 Jan 2025 22:31:29 INFO Test Metrics:
Sun 26 Jan 2025 22:31:29 INFO 5: precision: 0.00026 | recall: 0.00072 | ndcg: 0.00047 | hit_rate: 0.00127 | map: 0.00030
Sun 26 Jan 2025 22:31:29 INFO 10: precision: 0.00026 | recall: 0.00139 | ndcg: 0.00074 | hit_rate: 0.00261 | map: 0.00039
Sun 26 Jan 2025 22:31:29 INFO 20: precision: 0.00024 | recall: 0.00251 | ndcg: 0.00107 | hit_rate: 0.00457 | map: 0.00047
Sun 26 Jan 2025 22:31:32 INFO Epoch 53, Loss: 0.58274
Sun 26 Jan 2025 22:31:34 INFO Validation Metrics:
Sun 26 Jan 2025 22:31:34 INFO 5: precision: 0.00020 | recall: 0.00071 | ndcg: 0.00048 | hit_rate: 0.00095 | map: 0.00036
Sun 26 Jan 2025 22:31:34 INFO 10: precision: 0.00019 | recall: 0.00143 | ndcg: 0.00073 | hit_rate: 0.00187 | map: 0.00045
Sun 26 Jan 2025 22:31:34 INFO 20: precision: 0.00018 | recall: 0.00299 | ndcg: 0.00113 | hit_rate: 0.00360 | map: 0.00056
Sun 26 Jan 2025 22:31:34 INFO Test Metrics:
Sun 26 Jan 2025 22:31:34 INFO 5: precision: 0.00025 | recall: 0.00065 | ndcg: 0.00046 | hit_rate: 0.00125 | map: 0.00029
Sun 26 Jan 2025 22:31:34 INFO 10: precision: 0.00024 | recall: 0.00123 | ndcg: 0.00068 | hit_rate: 0.00228 | map: 0.00037
Sun 26 Jan 2025 22:31:34 INFO 20: precision: 0.00025 | recall: 0.00265 | ndcg: 0.00109 | hit_rate: 0.00470 | map: 0.00047
Sun 26 Jan 2025 22:31:37 INFO Epoch 54, Loss: 0.56121
Sun 26 Jan 2025 22:31:39 INFO Validation Metrics:
Sun 26 Jan 2025 22:31:39 INFO 5: precision: 0.00020 | recall: 0.00073 | ndcg: 0.00050 | hit_rate: 0.00097 | map: 0.00037
Sun 26 Jan 2025 22:31:39 INFO 10: precision: 0.00020 | recall: 0.00151 | ndcg: 0.00075 | hit_rate: 0.00196 | map: 0.00047
Sun 26 Jan 2025 22:31:39 INFO 20: precision: 0.00019 | recall: 0.00318 | ndcg: 0.00118 | hit_rate: 0.00381 | map: 0.00058
Sun 26 Jan 2025 22:31:39 INFO Test Metrics:
Sun 26 Jan 2025 22:31:39 INFO 5: precision: 0.00022 | recall: 0.00055 | ndcg: 0.00040 | hit_rate: 0.00110 | map: 0.00026
Sun 26 Jan 2025 22:31:39 INFO 10: precision: 0.00025 | recall: 0.00128 | ndcg: 0.00068 | hit_rate: 0.00243 | map: 0.00036
Sun 26 Jan 2025 22:31:39 INFO 20: precision: 0.00025 | recall: 0.00256 | ndcg: 0.00106 | hit_rate: 0.00461 | map: 0.00045
Sun 26 Jan 2025 22:31:42 INFO Epoch 55, Loss: 0.54036
Sun 26 Jan 2025 22:31:43 INFO Validation Metrics:
Sun 26 Jan 2025 22:31:43 INFO 5: precision: 0.00022 | recall: 0.00079 | ndcg: 0.00052 | hit_rate: 0.00103 | map: 0.00038
Sun 26 Jan 2025 22:31:43 INFO 10: precision: 0.00020 | recall: 0.00145 | ndcg: 0.00074 | hit_rate: 0.00192 | map: 0.00047
Sun 26 Jan 2025 22:31:43 INFO 20: precision: 0.00018 | recall: 0.00285 | ndcg: 0.00110 | hit_rate: 0.00347 | map: 0.00056
Sun 26 Jan 2025 22:31:43 INFO Test Metrics:
Sun 26 Jan 2025 22:31:43 INFO 5: precision: 0.00026 | recall: 0.00070 | ndcg: 0.00047 | hit_rate: 0.00131 | map: 0.00029
Sun 26 Jan 2025 22:31:43 INFO 10: precision: 0.00026 | recall: 0.00136 | ndcg: 0.00072 | hit_rate: 0.00259 | map: 0.00037
Sun 26 Jan 2025 22:31:43 INFO 20: precision: 0.00025 | recall: 0.00265 | ndcg: 0.00109 | hit_rate: 0.00470 | map: 0.00046
Sun 26 Jan 2025 22:31:46 INFO Epoch 56, Loss: 0.52815
Sun 26 Jan 2025 22:31:48 INFO Validation Metrics:
Sun 26 Jan 2025 22:31:48 INFO 5: precision: 0.00021 | recall: 0.00078 | ndcg: 0.00051 | hit_rate: 0.00101 | map: 0.00037
Sun 26 Jan 2025 22:31:48 INFO 10: precision: 0.00020 | recall: 0.00147 | ndcg: 0.00074 | hit_rate: 0.00194 | map: 0.00046
Sun 26 Jan 2025 22:31:48 INFO 20: precision: 0.00018 | recall: 0.00289 | ndcg: 0.00111 | hit_rate: 0.00353 | map: 0.00056
Sun 26 Jan 2025 22:31:48 INFO Test Metrics:
Sun 26 Jan 2025 22:31:48 INFO 5: precision: 0.00025 | recall: 0.00065 | ndcg: 0.00046 | hit_rate: 0.00123 | map: 0.00030
Sun 26 Jan 2025 22:31:48 INFO 10: precision: 0.00025 | recall: 0.00128 | ndcg: 0.00069 | hit_rate: 0.00239 | map: 0.00038
Sun 26 Jan 2025 22:31:48 INFO 20: precision: 0.00023 | recall: 0.00250 | ndcg: 0.00105 | hit_rate: 0.00446 | map: 0.00047
Sun 26 Jan 2025 22:31:51 INFO Epoch 57, Loss: 0.51196
Sun 26 Jan 2025 22:31:53 INFO Validation Metrics:
Sun 26 Jan 2025 22:31:53 INFO 5: precision: 0.00022 | recall: 0.00080 | ndcg: 0.00052 | hit_rate: 0.00103 | map: 0.00039
Sun 26 Jan 2025 22:31:53 INFO 10: precision: 0.00021 | recall: 0.00157 | ndcg: 0.00079 | hit_rate: 0.00202 | map: 0.00049
Sun 26 Jan 2025 22:31:53 INFO 20: precision: 0.00020 | recall: 0.00326 | ndcg: 0.00122 | hit_rate: 0.00386 | map: 0.00060
Sun 26 Jan 2025 22:31:53 INFO Test Metrics:
Sun 26 Jan 2025 22:31:53 INFO 5: precision: 0.00021 | recall: 0.00053 | ndcg: 0.00039 | hit_rate: 0.00103 | map: 0.00026
Sun 26 Jan 2025 22:31:53 INFO 10: precision: 0.00025 | recall: 0.00124 | ndcg: 0.00067 | hit_rate: 0.00239 | map: 0.00036
Sun 26 Jan 2025 22:31:53 INFO 20: precision: 0.00024 | recall: 0.00258 | ndcg: 0.00106 | hit_rate: 0.00463 | map: 0.00045
Sun 26 Jan 2025 22:31:56 INFO Epoch 58, Loss: 0.50955
Sun 26 Jan 2025 22:31:58 INFO Validation Metrics:
Sun 26 Jan 2025 22:31:58 INFO 5: precision: 0.00024 | recall: 0.00087 | ndcg: 0.00056 | hit_rate: 0.00114 | map: 0.00041
Sun 26 Jan 2025 22:31:58 INFO 10: precision: 0.00019 | recall: 0.00143 | ndcg: 0.00075 | hit_rate: 0.00190 | map: 0.00048
Sun 26 Jan 2025 22:31:58 INFO 20: precision: 0.00020 | recall: 0.00322 | ndcg: 0.00120 | hit_rate: 0.00386 | map: 0.00060
Sun 26 Jan 2025 22:31:58 INFO Test Metrics:
Sun 26 Jan 2025 22:31:58 INFO 5: precision: 0.00025 | recall: 0.00065 | ndcg: 0.00046 | hit_rate: 0.00125 | map: 0.00029
Sun 26 Jan 2025 22:31:58 INFO 10: precision: 0.00026 | recall: 0.00131 | ndcg: 0.00071 | hit_rate: 0.00250 | map: 0.00038
Sun 26 Jan 2025 22:31:58 INFO 20: precision: 0.00025 | recall: 0.00267 | ndcg: 0.00110 | hit_rate: 0.00476 | map: 0.00047
Sun 26 Jan 2025 22:32:01 INFO Epoch 59, Loss: 0.51173
Sun 26 Jan 2025 22:32:03 INFO Validation Metrics:
Sun 26 Jan 2025 22:32:03 INFO 5: precision: 0.00023 | recall: 0.00081 | ndcg: 0.00055 | hit_rate: 0.00110 | map: 0.00041
Sun 26 Jan 2025 22:32:03 INFO 10: precision: 0.00021 | recall: 0.00154 | ndcg: 0.00080 | hit_rate: 0.00202 | map: 0.00050
Sun 26 Jan 2025 22:32:03 INFO 20: precision: 0.00018 | recall: 0.00289 | ndcg: 0.00115 | hit_rate: 0.00353 | map: 0.00060
Sun 26 Jan 2025 22:32:03 INFO Test Metrics:
Sun 26 Jan 2025 22:32:03 INFO 5: precision: 0.00025 | recall: 0.00066 | ndcg: 0.00043 | hit_rate: 0.00125 | map: 0.00027
Sun 26 Jan 2025 22:32:03 INFO 10: precision: 0.00024 | recall: 0.00126 | ndcg: 0.00066 | hit_rate: 0.00231 | map: 0.00035
Sun 26 Jan 2025 22:32:03 INFO 20: precision: 0.00024 | recall: 0.00258 | ndcg: 0.00105 | hit_rate: 0.00455 | map: 0.00044
Sun 26 Jan 2025 22:32:06 INFO Epoch 60, Loss: 0.50448
Sun 26 Jan 2025 22:32:07 INFO Validation Metrics:
Sun 26 Jan 2025 22:32:07 INFO 5: precision: 0.00021 | recall: 0.00076 | ndcg: 0.00050 | hit_rate: 0.00101 | map: 0.00036
Sun 26 Jan 2025 22:32:07 INFO 10: precision: 0.00022 | recall: 0.00168 | ndcg: 0.00080 | hit_rate: 0.00211 | map: 0.00048
Sun 26 Jan 2025 22:32:07 INFO 20: precision: 0.00018 | recall: 0.00296 | ndcg: 0.00114 | hit_rate: 0.00360 | map: 0.00057
Sun 26 Jan 2025 22:32:07 INFO Test Metrics:
Sun 26 Jan 2025 22:32:07 INFO 5: precision: 0.00025 | recall: 0.00065 | ndcg: 0.00045 | hit_rate: 0.00121 | map: 0.00028
Sun 26 Jan 2025 22:32:07 INFO 10: precision: 0.00024 | recall: 0.00123 | ndcg: 0.00067 | hit_rate: 0.00228 | map: 0.00036
Sun 26 Jan 2025 22:32:07 INFO 20: precision: 0.00024 | recall: 0.00256 | ndcg: 0.00106 | hit_rate: 0.00457 | map: 0.00045
Sun 26 Jan 2025 22:32:10 INFO Epoch 61, Loss: 0.47556
Sun 26 Jan 2025 22:32:12 INFO Validation Metrics:
Sun 26 Jan 2025 22:32:12 INFO 5: precision: 0.00024 | recall: 0.00090 | ndcg: 0.00058 | hit_rate: 0.00114 | map: 0.00044
Sun 26 Jan 2025 22:32:12 INFO 10: precision: 0.00020 | recall: 0.00157 | ndcg: 0.00081 | hit_rate: 0.00200 | map: 0.00052
Sun 26 Jan 2025 22:32:12 INFO 20: precision: 0.00019 | recall: 0.00299 | ndcg: 0.00117 | hit_rate: 0.00362 | map: 0.00062
Sun 26 Jan 2025 22:32:12 INFO Test Metrics:
Sun 26 Jan 2025 22:32:12 INFO 5: precision: 0.00023 | recall: 0.00059 | ndcg: 0.00039 | hit_rate: 0.00116 | map: 0.00023
Sun 26 Jan 2025 22:32:12 INFO 10: precision: 0.00023 | recall: 0.00123 | ndcg: 0.00063 | hit_rate: 0.00224 | map: 0.00032
Sun 26 Jan 2025 22:32:12 INFO 20: precision: 0.00025 | recall: 0.00261 | ndcg: 0.00104 | hit_rate: 0.00474 | map: 0.00042
Sun 26 Jan 2025 22:32:15 INFO Epoch 62, Loss: 0.46545
Sun 26 Jan 2025 22:32:17 INFO Validation Metrics:
Sun 26 Jan 2025 22:32:17 INFO 5: precision: 0.00023 | recall: 0.00085 | ndcg: 0.00056 | hit_rate: 0.00110 | map: 0.00042
Sun 26 Jan 2025 22:32:17 INFO 10: precision: 0.00022 | recall: 0.00172 | ndcg: 0.00085 | hit_rate: 0.00215 | map: 0.00054
Sun 26 Jan 2025 22:32:17 INFO 20: precision: 0.00019 | recall: 0.00316 | ndcg: 0.00122 | hit_rate: 0.00377 | map: 0.00063
Sun 26 Jan 2025 22:32:17 INFO Test Metrics:
Sun 26 Jan 2025 22:32:17 INFO 5: precision: 0.00024 | recall: 0.00062 | ndcg: 0.00041 | hit_rate: 0.00118 | map: 0.00025
Sun 26 Jan 2025 22:32:17 INFO 10: precision: 0.00024 | recall: 0.00127 | ndcg: 0.00065 | hit_rate: 0.00233 | map: 0.00033
Sun 26 Jan 2025 22:32:17 INFO 20: precision: 0.00026 | recall: 0.00276 | ndcg: 0.00110 | hit_rate: 0.00493 | map: 0.00044
Sun 26 Jan 2025 22:32:20 INFO Epoch 63, Loss: 0.45646
Sun 26 Jan 2025 22:32:22 INFO Validation Metrics:
Sun 26 Jan 2025 22:32:22 INFO 5: precision: 0.00022 | recall: 0.00081 | ndcg: 0.00052 | hit_rate: 0.00103 | map: 0.00038
Sun 26 Jan 2025 22:32:22 INFO 10: precision: 0.00021 | recall: 0.00166 | ndcg: 0.00080 | hit_rate: 0.00209 | map: 0.00048
Sun 26 Jan 2025 22:32:22 INFO 20: precision: 0.00019 | recall: 0.00307 | ndcg: 0.00117 | hit_rate: 0.00371 | map: 0.00058
Sun 26 Jan 2025 22:32:22 INFO Test Metrics:
Sun 26 Jan 2025 22:32:22 INFO 5: precision: 0.00024 | recall: 0.00063 | ndcg: 0.00042 | hit_rate: 0.00121 | map: 0.00026
Sun 26 Jan 2025 22:32:22 INFO 10: precision: 0.00023 | recall: 0.00118 | ndcg: 0.00064 | hit_rate: 0.00228 | map: 0.00033
Sun 26 Jan 2025 22:32:22 INFO 20: precision: 0.00025 | recall: 0.00267 | ndcg: 0.00108 | hit_rate: 0.00478 | map: 0.00044
Sun 26 Jan 2025 22:32:25 INFO Epoch 64, Loss: 0.45530
Sun 26 Jan 2025 22:32:27 INFO Validation Metrics:
Sun 26 Jan 2025 22:32:27 INFO 5: precision: 0.00023 | recall: 0.00085 | ndcg: 0.00055 | hit_rate: 0.00110 | map: 0.00041
Sun 26 Jan 2025 22:32:27 INFO 10: precision: 0.00023 | recall: 0.00182 | ndcg: 0.00086 | hit_rate: 0.00226 | map: 0.00052
Sun 26 Jan 2025 22:32:27 INFO 20: precision: 0.00019 | recall: 0.00312 | ndcg: 0.00120 | hit_rate: 0.00377 | map: 0.00061
Sun 26 Jan 2025 22:32:27 INFO Test Metrics:
Sun 26 Jan 2025 22:32:27 INFO 5: precision: 0.00021 | recall: 0.00054 | ndcg: 0.00039 | hit_rate: 0.00106 | map: 0.00025
Sun 26 Jan 2025 22:32:27 INFO 10: precision: 0.00024 | recall: 0.00126 | ndcg: 0.00066 | hit_rate: 0.00235 | map: 0.00035
Sun 26 Jan 2025 22:32:27 INFO 20: precision: 0.00026 | recall: 0.00272 | ndcg: 0.00109 | hit_rate: 0.00493 | map: 0.00045
Sun 26 Jan 2025 22:32:30 INFO Epoch 65, Loss: 0.44515
Sun 26 Jan 2025 22:32:31 INFO Validation Metrics:
Sun 26 Jan 2025 22:32:31 INFO 5: precision: 0.00024 | recall: 0.00087 | ndcg: 0.00056 | hit_rate: 0.00114 | map: 0.00041
Sun 26 Jan 2025 22:32:31 INFO 10: precision: 0.00022 | recall: 0.00172 | ndcg: 0.00084 | hit_rate: 0.00220 | map: 0.00052
Sun 26 Jan 2025 22:32:31 INFO 20: precision: 0.00019 | recall: 0.00319 | ndcg: 0.00122 | hit_rate: 0.00381 | map: 0.00062
Sun 26 Jan 2025 22:32:31 INFO Test Metrics:
Sun 26 Jan 2025 22:32:31 INFO 5: precision: 0.00024 | recall: 0.00063 | ndcg: 0.00043 | hit_rate: 0.00118 | map: 0.00027
Sun 26 Jan 2025 22:32:31 INFO 10: precision: 0.00024 | recall: 0.00131 | ndcg: 0.00069 | hit_rate: 0.00237 | map: 0.00036
Sun 26 Jan 2025 22:32:31 INFO 20: precision: 0.00026 | recall: 0.00270 | ndcg: 0.00110 | hit_rate: 0.00478 | map: 0.00046
Sun 26 Jan 2025 22:32:34 INFO Epoch 66, Loss: 0.42580
Sun 26 Jan 2025 22:32:36 INFO Validation Metrics:
Sun 26 Jan 2025 22:32:36 INFO 5: precision: 0.00022 | recall: 0.00075 | ndcg: 0.00049 | hit_rate: 0.00103 | map: 0.00035
Sun 26 Jan 2025 22:32:36 INFO 10: precision: 0.00021 | recall: 0.00164 | ndcg: 0.00078 | hit_rate: 0.00207 | map: 0.00047
Sun 26 Jan 2025 22:32:36 INFO 20: precision: 0.00019 | recall: 0.00310 | ndcg: 0.00116 | hit_rate: 0.00371 | map: 0.00057
Sun 26 Jan 2025 22:32:36 INFO Test Metrics:
Sun 26 Jan 2025 22:32:36 INFO 5: precision: 0.00022 | recall: 0.00054 | ndcg: 0.00039 | hit_rate: 0.00108 | map: 0.00025
Sun 26 Jan 2025 22:32:36 INFO 10: precision: 0.00025 | recall: 0.00128 | ndcg: 0.00067 | hit_rate: 0.00239 | map: 0.00035
Sun 26 Jan 2025 22:32:36 INFO 20: precision: 0.00026 | recall: 0.00274 | ndcg: 0.00110 | hit_rate: 0.00487 | map: 0.00045
Sun 26 Jan 2025 22:32:39 INFO Epoch 67, Loss: 0.45727
Sun 26 Jan 2025 22:32:41 INFO Validation Metrics:
Sun 26 Jan 2025 22:32:41 INFO 5: precision: 0.00025 | recall: 0.00089 | ndcg: 0.00057 | hit_rate: 0.00118 | map: 0.00041
Sun 26 Jan 2025 22:32:41 INFO 10: precision: 0.00020 | recall: 0.00155 | ndcg: 0.00079 | hit_rate: 0.00200 | map: 0.00049
Sun 26 Jan 2025 22:32:41 INFO 20: precision: 0.00019 | recall: 0.00316 | ndcg: 0.00120 | hit_rate: 0.00377 | map: 0.00060
Sun 26 Jan 2025 22:32:41 INFO Test Metrics:
Sun 26 Jan 2025 22:32:41 INFO 5: precision: 0.00022 | recall: 0.00055 | ndcg: 0.00040 | hit_rate: 0.00108 | map: 0.00026
Sun 26 Jan 2025 22:32:41 INFO 10: precision: 0.00024 | recall: 0.00128 | ndcg: 0.00067 | hit_rate: 0.00237 | map: 0.00035
Sun 26 Jan 2025 22:32:41 INFO 20: precision: 0.00026 | recall: 0.00272 | ndcg: 0.00110 | hit_rate: 0.00485 | map: 0.00046
Sun 26 Jan 2025 22:32:44 INFO Epoch 68, Loss: 0.42054
Sun 26 Jan 2025 22:32:46 INFO Validation Metrics:
Sun 26 Jan 2025 22:32:46 INFO 5: precision: 0.00024 | recall: 0.00085 | ndcg: 0.00057 | hit_rate: 0.00114 | map: 0.00043
Sun 26 Jan 2025 22:32:46 INFO 10: precision: 0.00021 | recall: 0.00163 | ndcg: 0.00083 | hit_rate: 0.00207 | map: 0.00053
Sun 26 Jan 2025 22:32:46 INFO 20: precision: 0.00019 | recall: 0.00310 | ndcg: 0.00121 | hit_rate: 0.00373 | map: 0.00063
Sun 26 Jan 2025 22:32:46 INFO Test Metrics:
Sun 26 Jan 2025 22:32:46 INFO 5: precision: 0.00024 | recall: 0.00065 | ndcg: 0.00044 | hit_rate: 0.00121 | map: 0.00028
Sun 26 Jan 2025 22:32:46 INFO 10: precision: 0.00025 | recall: 0.00129 | ndcg: 0.00068 | hit_rate: 0.00239 | map: 0.00037
Sun 26 Jan 2025 22:32:46 INFO 20: precision: 0.00026 | recall: 0.00275 | ndcg: 0.00111 | hit_rate: 0.00493 | map: 0.00046
Sun 26 Jan 2025 22:32:46 INFO Best Test Metrics:
Sun 26 Jan 2025 22:32:46 INFO 5: precision: 0.00024 | recall: 0.00062 | ndcg: 0.00042 | hit_rate: 0.00118 | map: 0.00026
Sun 26 Jan 2025 22:32:46 INFO 10: precision: 0.00026 | recall: 0.00135 | ndcg: 0.00070 | hit_rate: 0.00259 | map: 0.00035
Sun 26 Jan 2025 22:32:46 INFO 20: precision: 0.00026 | recall: 0.00286 | ndcg: 0.00113 | hit_rate: 0.00493 | map: 0.00046
Sun 26 Jan 2025 22:32:46 INFO Best performance: 0.00286
Sun 26 Jan 2025 22:32:46 INFO Best parameters: {'n_layers': 2, 'learning_rate': 0.001, 'reg_weight': 0.01, 'mm_layers': 1, 'ii_topk': 10, 'lambda_coeff': 0.1}
Sun 26 Jan 2025 22:32:46 INFO Best metrics:
Sun 26 Jan 2025 22:32:46 INFO 5: precision: 0.00024 | recall: 0.00062 | ndcg: 0.00042 | hit_rate: 0.00118 | map: 0.00026
Sun 26 Jan 2025 22:32:46 INFO 10: precision: 0.00026 | recall: 0.00135 | ndcg: 0.00070 | hit_rate: 0.00259 | map: 0.00035
Sun 26 Jan 2025 22:32:46 INFO 20: precision: 0.00026 | recall: 0.00286 | ndcg: 0.00113 | hit_rate: 0.00493 | map: 0.00046
