Sat 07 Sep 2024 19:22:21 INFO ============Arguments==============
Sat 07 Sep 2024 19:22:21 INFO Model: LGMRec
Sat 07 Sep 2024 19:22:21 INFO data_path: clothing
Sat 07 Sep 2024 19:22:21 INFO learning_rate: 0.001
Sat 07 Sep 2024 19:22:21 INFO feature_embed: 64
Sat 07 Sep 2024 19:22:21 INFO batch_size: 1024
Sat 07 Sep 2024 19:22:21 INFO aggr_mode: add
Sat 07 Sep 2024 19:22:21 INFO reg_weight: 0.001
Sat 07 Sep 2024 19:22:21 INFO dim_E: 64
Sat 07 Sep 2024 19:22:21 INFO num_epoch: 1000
Sat 07 Sep 2024 19:22:21 INFO dropout: 0.2
Sat 07 Sep 2024 19:22:21 INFO n_layers: 2
Sat 07 Sep 2024 19:22:21 INFO corDecay: 0.001
Sat 07 Sep 2024 19:22:21 INFO n_factors: 4
Sat 07 Sep 2024 19:22:21 INFO n_iterations: 3
Sat 07 Sep 2024 19:22:21 INFO cl_weight: 2.0
Sat 07 Sep 2024 19:22:21 INFO mm_layers: 2
Sat 07 Sep 2024 19:22:21 INFO ii_topk: 10
Sat 07 Sep 2024 19:22:21 INFO uu_topk: 40
Sat 07 Sep 2024 19:22:21 INFO lambda_coeff: 0.9
Sat 07 Sep 2024 19:22:21 INFO ssl_temp: 0.9
Sat 07 Sep 2024 19:22:21 INFO ssl_alpha: 0.9
Sat 07 Sep 2024 19:22:21 INFO ae_weight: 0.1
Sat 07 Sep 2024 19:22:21 INFO threshold: 0.1
Sat 07 Sep 2024 19:22:21 INFO prompt_num: 0.1
Sat 07 Sep 2024 19:22:21 INFO neg_weight: 0.1
Sat 07 Sep 2024 19:22:21 INFO cen_reg: 0.005
Sat 07 Sep 2024 19:22:21 INFO n_intents: 128
Sat 07 Sep 2024 19:22:21 INFO G_rate: 0.0001
Sat 07 Sep 2024 19:22:21 INFO align_weight: 0.1
Sat 07 Sep 2024 19:22:21 INFO mask_weight_f: 1.5
Sat 07 Sep 2024 19:22:21 INFO mask_weight_g: 0.001
Sat 07 Sep 2024 19:22:21 INFO leaky: 0.5
Sat 07 Sep 2024 19:22:21 INFO keepRate: 1.0
Sat 07 Sep 2024 19:22:21 INFO mult: 0.1
Sat 07 Sep 2024 19:22:21 INFO grid_size: 1
Sat 07 Sep 2024 19:22:21 INFO node_dropout: 0.1
Sat 07 Sep 2024 19:22:21 INFO message_dropout: 0.1
Sat 07 Sep 2024 19:22:21 INFO n_mca: 2
Sat 07 Sep 2024 19:22:21 INFO gamma: 0.5
Sat 07 Sep 2024 19:22:21 INFO t: 1.8
Sat 07 Sep 2024 19:22:21 INFO seed: 42
Sat 07 Sep 2024 19:22:21 INFO num_workers: 1
Sat 07 Sep 2024 19:22:21 INFO topk: [5, 10, 20]
Sat 07 Sep 2024 19:22:21 INFO local time£ºSep-07-2024-19-22-21
Sat 07 Sep 2024 19:22:21 INFO =========1/1: Parameters:{'learning_rate': 0.001, 'ssl_alpha': 0.0001, 'n_layers': 6, 'reg_weight': 1e-05}=========
Sat 07 Sep 2024 19:22:28 INFO Epoch 1, Loss: 166.39960
Sat 07 Sep 2024 19:22:29 INFO Validation Metrics:
Sat 07 Sep 2024 19:22:29 INFO 5: precision: 0.00527 | recall: 0.02606 | ndcg: 0.01669 | hit_rate: 0.02628 | map: 0.01358
Sat 07 Sep 2024 19:22:29 INFO 10: precision: 0.00416 | recall: 0.04121 | ndcg: 0.02159 | hit_rate: 0.04156 | map: 0.01558
Sat 07 Sep 2024 19:22:29 INFO 20: precision: 0.00325 | recall: 0.06434 | ndcg: 0.02740 | hit_rate: 0.06485 | map: 0.01715
Sat 07 Sep 2024 19:22:29 INFO Test Metrics:
Sat 07 Sep 2024 19:22:29 INFO 5: precision: 0.00861 | recall: 0.02722 | ndcg: 0.01999 | hit_rate: 0.04122 | map: 0.01481
Sat 07 Sep 2024 19:22:29 INFO 10: precision: 0.00693 | recall: 0.04397 | ndcg: 0.02605 | hit_rate: 0.06535 | map: 0.01713
Sat 07 Sep 2024 19:22:29 INFO 20: precision: 0.00528 | recall: 0.06720 | ndcg: 0.03262 | hit_rate: 0.09772 | map: 0.01885
