Thu 04 Apr 2024 20:52:41 INFO ============Arguments==============
Thu 04 Apr 2024 20:52:41 INFO Model: LGMRec
Thu 04 Apr 2024 20:52:41 INFO data_path: beauty
Thu 04 Apr 2024 20:52:41 INFO learning_rate: 0.001
Thu 04 Apr 2024 20:52:41 INFO feature_embed: 64
Thu 04 Apr 2024 20:52:41 INFO batch_size: 1024
Thu 04 Apr 2024 20:52:41 INFO aggr_mode: add
Thu 04 Apr 2024 20:52:41 INFO reg_weight: 0.001
Thu 04 Apr 2024 20:52:41 INFO dim_E: 64
Thu 04 Apr 2024 20:52:41 INFO num_epoch: 1000
Thu 04 Apr 2024 20:52:41 INFO dropout: 0.2
Thu 04 Apr 2024 20:52:41 INFO n_layers: 2
Thu 04 Apr 2024 20:52:41 INFO corDecay: 0.001
Thu 04 Apr 2024 20:52:41 INFO n_factors: 4
Thu 04 Apr 2024 20:52:41 INFO n_iterations: 3
Thu 04 Apr 2024 20:52:41 INFO cl_weight: 2.0
Thu 04 Apr 2024 20:52:41 INFO mm_layers: 2
Thu 04 Apr 2024 20:52:41 INFO ii_topk: 10
Thu 04 Apr 2024 20:52:41 INFO uu_topk: 40
Thu 04 Apr 2024 20:52:41 INFO lambda_coeff: 0.9
Thu 04 Apr 2024 20:52:41 INFO ssl_temp: 0.9
Thu 04 Apr 2024 20:52:41 INFO ssl_alpha: 0.9
Thu 04 Apr 2024 20:52:41 INFO ae_weight: 0.1
Thu 04 Apr 2024 20:52:41 INFO threshold: 0.1
Thu 04 Apr 2024 20:52:41 INFO prompt_num: 0.1
Thu 04 Apr 2024 20:52:41 INFO neg_weight: 0.1
Thu 04 Apr 2024 20:52:41 INFO cen_reg: 0.005
Thu 04 Apr 2024 20:52:41 INFO n_intents: 128
Thu 04 Apr 2024 20:52:41 INFO G_rate: 0.0001
Thu 04 Apr 2024 20:52:41 INFO seed: 42
Thu 04 Apr 2024 20:52:41 INFO num_workers: 1
Thu 04 Apr 2024 20:52:41 INFO topk: [5, 10, 20]
Thu 04 Apr 2024 20:52:41 INFO local time£ºApr-04-2024-20-52-41
Thu 04 Apr 2024 20:52:42 INFO =========1/1: Parameters:{'learning_rate': 0.001, 'ssl_alpha': 0.0001, 'n_layers': 3, 'reg_weight': 1e-05}=========
Thu 04 Apr 2024 20:52:48 INFO Epoch 1, Loss: 199.56411
Thu 04 Apr 2024 20:52:49 INFO Validation Metrics:
Thu 04 Apr 2024 20:52:49 INFO 5: precision: 0.01085 | recall: 0.04754 | ndcg: 0.03135 | hit_rate: 0.05284 | map: 0.02509
Thu 04 Apr 2024 20:52:49 INFO 10: precision: 0.00870 | recall: 0.07546 | ndcg: 0.04061 | hit_rate: 0.08300 | map: 0.02894
Thu 04 Apr 2024 20:52:49 INFO 20: precision: 0.00639 | recall: 0.10857 | ndcg: 0.04929 | hit_rate: 0.11840 | map: 0.03133
Thu 04 Apr 2024 20:52:49 INFO Test Metrics:
Thu 04 Apr 2024 20:52:49 INFO 5: precision: 0.01914 | recall: 0.05183 | ndcg: 0.04013 | hit_rate: 0.08526 | map: 0.02944
Thu 04 Apr 2024 20:52:49 INFO 10: precision: 0.01438 | recall: 0.07693 | ndcg: 0.04957 | hit_rate: 0.12208 | map: 0.03336
Thu 04 Apr 2024 20:52:49 INFO 20: precision: 0.01055 | recall: 0.11202 | ndcg: 0.06007 | hit_rate: 0.17065 | map: 0.03634
Thu 04 Apr 2024 20:52:55 INFO Epoch 2, Loss: 192.38019
Thu 04 Apr 2024 20:52:56 INFO Validation Metrics:
Thu 04 Apr 2024 20:52:56 INFO 5: precision: 0.01181 | recall: 0.05140 | ndcg: 0.03402 | hit_rate: 0.05723 | map: 0.02720
Thu 04 Apr 2024 20:52:56 INFO 10: precision: 0.00924 | recall: 0.07961 | ndcg: 0.04335 | hit_rate: 0.08739 | map: 0.03107
Thu 04 Apr 2024 20:52:56 INFO 20: precision: 0.00689 | recall: 0.11794 | ndcg: 0.05336 | hit_rate: 0.12744 | map: 0.03385
Thu 04 Apr 2024 20:52:56 INFO Test Metrics:
Thu 04 Apr 2024 20:52:56 INFO 5: precision: 0.02018 | recall: 0.05482 | ndcg: 0.04256 | hit_rate: 0.08978 | map: 0.03134
Thu 04 Apr 2024 20:52:56 INFO 10: precision: 0.01541 | recall: 0.08257 | ndcg: 0.05299 | hit_rate: 0.13054 | map: 0.03569
Thu 04 Apr 2024 20:52:56 INFO 20: precision: 0.01140 | recall: 0.12137 | ndcg: 0.06456 | hit_rate: 0.18376 | map: 0.03892
Thu 04 Apr 2024 20:53:03 INFO Epoch 3, Loss: 191.39503
Thu 04 Apr 2024 20:53:03 INFO Validation Metrics:
Thu 04 Apr 2024 20:53:03 INFO 5: precision: 0.01260 | recall: 0.05491 | ndcg: 0.03674 | hit_rate: 0.06104 | map: 0.02959
Thu 04 Apr 2024 20:53:03 INFO 10: precision: 0.00973 | recall: 0.08423 | ndcg: 0.04638 | hit_rate: 0.09262 | map: 0.03357
Thu 04 Apr 2024 20:53:03 INFO 20: precision: 0.00719 | recall: 0.12258 | ndcg: 0.05642 | hit_rate: 0.13306 | map: 0.03635
Thu 04 Apr 2024 20:53:03 INFO Test Metrics:
Thu 04 Apr 2024 20:53:03 INFO 5: precision: 0.02133 | recall: 0.05753 | ndcg: 0.04454 | hit_rate: 0.09521 | map: 0.03261
Thu 04 Apr 2024 20:53:03 INFO 10: precision: 0.01637 | recall: 0.08745 | ndcg: 0.05583 | hit_rate: 0.13939 | map: 0.03729
Thu 04 Apr 2024 20:53:03 INFO 20: precision: 0.01184 | recall: 0.12602 | ndcg: 0.06734 | hit_rate: 0.19209 | map: 0.04055
Thu 04 Apr 2024 20:53:10 INFO Epoch 4, Loss: 190.38195
Thu 04 Apr 2024 20:53:11 INFO Validation Metrics:
Thu 04 Apr 2024 20:53:11 INFO 5: precision: 0.01292 | recall: 0.05654 | ndcg: 0.03769 | hit_rate: 0.06272 | map: 0.03033
Thu 04 Apr 2024 20:53:11 INFO 10: precision: 0.01006 | recall: 0.08720 | ndcg: 0.04778 | hit_rate: 0.09540 | map: 0.03449
Thu 04 Apr 2024 20:53:11 INFO 20: precision: 0.00739 | recall: 0.12666 | ndcg: 0.05806 | hit_rate: 0.13700 | map: 0.03733
Thu 04 Apr 2024 20:53:11 INFO Test Metrics:
Thu 04 Apr 2024 20:53:11 INFO 5: precision: 0.02134 | recall: 0.05763 | ndcg: 0.04448 | hit_rate: 0.09417 | map: 0.03264
Thu 04 Apr 2024 20:53:11 INFO 10: precision: 0.01665 | recall: 0.08952 | ndcg: 0.05644 | hit_rate: 0.14126 | map: 0.03756
Thu 04 Apr 2024 20:53:11 INFO 20: precision: 0.01205 | recall: 0.12842 | ndcg: 0.06806 | hit_rate: 0.19423 | map: 0.04084
Thu 04 Apr 2024 20:53:17 INFO Epoch 5, Loss: 189.51512
Thu 04 Apr 2024 20:53:18 INFO Validation Metrics:
Thu 04 Apr 2024 20:53:18 INFO 5: precision: 0.01306 | recall: 0.05786 | ndcg: 0.03771 | hit_rate: 0.06336 | map: 0.03010
Thu 04 Apr 2024 20:53:18 INFO 10: precision: 0.01033 | recall: 0.09010 | ndcg: 0.04842 | hit_rate: 0.09818 | map: 0.03453
Thu 04 Apr 2024 20:53:18 INFO 20: precision: 0.00752 | recall: 0.12923 | ndcg: 0.05865 | hit_rate: 0.13952 | map: 0.03736
Thu 04 Apr 2024 20:53:18 INFO Test Metrics:
Thu 04 Apr 2024 20:53:18 INFO 5: precision: 0.02235 | recall: 0.06103 | ndcg: 0.04696 | hit_rate: 0.09831 | map: 0.03471
Thu 04 Apr 2024 20:53:18 INFO 10: precision: 0.01717 | recall: 0.09303 | ndcg: 0.05899 | hit_rate: 0.14514 | map: 0.03965
Thu 04 Apr 2024 20:53:18 INFO 20: precision: 0.01238 | recall: 0.13301 | ndcg: 0.07089 | hit_rate: 0.19991 | map: 0.04300
Thu 04 Apr 2024 20:53:24 INFO Epoch 6, Loss: 189.23607
Thu 04 Apr 2024 20:53:25 INFO Validation Metrics:
Thu 04 Apr 2024 20:53:25 INFO 5: precision: 0.01329 | recall: 0.05814 | ndcg: 0.03834 | hit_rate: 0.06427 | map: 0.03070
Thu 04 Apr 2024 20:53:25 INFO 10: precision: 0.01022 | recall: 0.08933 | ndcg: 0.04860 | hit_rate: 0.09760 | map: 0.03492
Thu 04 Apr 2024 20:53:25 INFO 20: precision: 0.00746 | recall: 0.12775 | ndcg: 0.05866 | hit_rate: 0.13842 | map: 0.03771
Thu 04 Apr 2024 20:53:25 INFO Test Metrics:
Thu 04 Apr 2024 20:53:25 INFO 5: precision: 0.02177 | recall: 0.05980 | ndcg: 0.04659 | hit_rate: 0.09643 | map: 0.03463
Thu 04 Apr 2024 20:53:25 INFO 10: precision: 0.01697 | recall: 0.09160 | ndcg: 0.05864 | hit_rate: 0.14449 | map: 0.03956
Thu 04 Apr 2024 20:53:25 INFO 20: precision: 0.01233 | recall: 0.13217 | ndcg: 0.07073 | hit_rate: 0.19959 | map: 0.04299
Thu 04 Apr 2024 20:53:31 INFO Epoch 7, Loss: 188.84114
Thu 04 Apr 2024 20:53:32 INFO Validation Metrics:
Thu 04 Apr 2024 20:53:32 INFO 5: precision: 0.01332 | recall: 0.05863 | ndcg: 0.03864 | hit_rate: 0.06466 | map: 0.03092
Thu 04 Apr 2024 20:53:32 INFO 10: precision: 0.01058 | recall: 0.09158 | ndcg: 0.04959 | hit_rate: 0.10012 | map: 0.03547
Thu 04 Apr 2024 20:53:32 INFO 20: precision: 0.00777 | recall: 0.13359 | ndcg: 0.06054 | hit_rate: 0.14397 | map: 0.03852
Thu 04 Apr 2024 20:53:32 INFO Test Metrics:
Thu 04 Apr 2024 20:53:32 INFO 5: precision: 0.02256 | recall: 0.06162 | ndcg: 0.04760 | hit_rate: 0.10050 | map: 0.03507
Thu 04 Apr 2024 20:53:32 INFO 10: precision: 0.01732 | recall: 0.09345 | ndcg: 0.05956 | hit_rate: 0.14759 | map: 0.03998
Thu 04 Apr 2024 20:53:32 INFO 20: precision: 0.01267 | recall: 0.13547 | ndcg: 0.07208 | hit_rate: 0.20430 | map: 0.04352
Thu 04 Apr 2024 20:53:38 INFO Epoch 8, Loss: 188.43056
Thu 04 Apr 2024 20:53:39 INFO Validation Metrics:
Thu 04 Apr 2024 20:53:39 INFO 5: precision: 0.01387 | recall: 0.06105 | ndcg: 0.04020 | hit_rate: 0.06730 | map: 0.03214
Thu 04 Apr 2024 20:53:39 INFO 10: precision: 0.01076 | recall: 0.09350 | ndcg: 0.05096 | hit_rate: 0.10192 | map: 0.03662
Thu 04 Apr 2024 20:53:39 INFO 20: precision: 0.00793 | recall: 0.13727 | ndcg: 0.06233 | hit_rate: 0.14766 | map: 0.03979
Thu 04 Apr 2024 20:53:39 INFO Test Metrics:
Thu 04 Apr 2024 20:53:39 INFO 5: precision: 0.02283 | recall: 0.06271 | ndcg: 0.04841 | hit_rate: 0.10121 | map: 0.03576
Thu 04 Apr 2024 20:53:39 INFO 10: precision: 0.01758 | recall: 0.09591 | ndcg: 0.06083 | hit_rate: 0.15095 | map: 0.04082
Thu 04 Apr 2024 20:53:39 INFO 20: precision: 0.01270 | recall: 0.13640 | ndcg: 0.07301 | hit_rate: 0.20637 | map: 0.04430
Thu 04 Apr 2024 20:53:45 INFO Epoch 9, Loss: 187.98413
Thu 04 Apr 2024 20:53:46 INFO Validation Metrics:
Thu 04 Apr 2024 20:53:46 INFO 5: precision: 0.01362 | recall: 0.06039 | ndcg: 0.04004 | hit_rate: 0.06595 | map: 0.03228
Thu 04 Apr 2024 20:53:46 INFO 10: precision: 0.01077 | recall: 0.09403 | ndcg: 0.05119 | hit_rate: 0.10218 | map: 0.03689
Thu 04 Apr 2024 20:53:46 INFO 20: precision: 0.00778 | recall: 0.13439 | ndcg: 0.06171 | hit_rate: 0.14475 | map: 0.03981
Thu 04 Apr 2024 20:53:46 INFO Test Metrics:
Thu 04 Apr 2024 20:53:46 INFO 5: precision: 0.02311 | recall: 0.06321 | ndcg: 0.04878 | hit_rate: 0.10160 | map: 0.03607
Thu 04 Apr 2024 20:53:46 INFO 10: precision: 0.01779 | recall: 0.09639 | ndcg: 0.06122 | hit_rate: 0.15114 | map: 0.04113
Thu 04 Apr 2024 20:53:46 INFO 20: precision: 0.01282 | recall: 0.13782 | ndcg: 0.07357 | hit_rate: 0.20785 | map: 0.04463
Thu 04 Apr 2024 20:53:52 INFO Epoch 10, Loss: 187.57715
Thu 04 Apr 2024 20:53:53 INFO Validation Metrics:
Thu 04 Apr 2024 20:53:53 INFO 5: precision: 0.01390 | recall: 0.06101 | ndcg: 0.04017 | hit_rate: 0.06698 | map: 0.03214
Thu 04 Apr 2024 20:53:53 INFO 10: precision: 0.01073 | recall: 0.09297 | ndcg: 0.05073 | hit_rate: 0.10173 | map: 0.03649
Thu 04 Apr 2024 20:53:53 INFO 20: precision: 0.00786 | recall: 0.13547 | ndcg: 0.06179 | hit_rate: 0.14636 | map: 0.03957
Thu 04 Apr 2024 20:53:53 INFO Test Metrics:
Thu 04 Apr 2024 20:53:53 INFO 5: precision: 0.02318 | recall: 0.06347 | ndcg: 0.04863 | hit_rate: 0.10257 | map: 0.03577
Thu 04 Apr 2024 20:53:53 INFO 10: precision: 0.01790 | recall: 0.09710 | ndcg: 0.06124 | hit_rate: 0.15205 | map: 0.04094
Thu 04 Apr 2024 20:53:53 INFO 20: precision: 0.01291 | recall: 0.13882 | ndcg: 0.07365 | hit_rate: 0.20805 | map: 0.04449
Thu 04 Apr 2024 20:53:59 INFO Epoch 11, Loss: 187.26626
Thu 04 Apr 2024 20:54:00 INFO Validation Metrics:
Thu 04 Apr 2024 20:54:00 INFO 5: precision: 0.01412 | recall: 0.06211 | ndcg: 0.04083 | hit_rate: 0.06827 | map: 0.03263
Thu 04 Apr 2024 20:54:00 INFO 10: precision: 0.01092 | recall: 0.09515 | ndcg: 0.05176 | hit_rate: 0.10341 | map: 0.03717
Thu 04 Apr 2024 20:54:00 INFO 20: precision: 0.00811 | recall: 0.14040 | ndcg: 0.06357 | hit_rate: 0.15095 | map: 0.04047
Thu 04 Apr 2024 20:54:00 INFO Test Metrics:
Thu 04 Apr 2024 20:54:00 INFO 5: precision: 0.02342 | recall: 0.06411 | ndcg: 0.04918 | hit_rate: 0.10380 | map: 0.03616
Thu 04 Apr 2024 20:54:00 INFO 10: precision: 0.01788 | recall: 0.09710 | ndcg: 0.06152 | hit_rate: 0.15166 | map: 0.04127
Thu 04 Apr 2024 20:54:00 INFO 20: precision: 0.01304 | recall: 0.13929 | ndcg: 0.07422 | hit_rate: 0.20979 | map: 0.04489
Thu 04 Apr 2024 20:54:06 INFO Epoch 12, Loss: 187.11836
Thu 04 Apr 2024 20:54:07 INFO Validation Metrics:
Thu 04 Apr 2024 20:54:07 INFO 5: precision: 0.01438 | recall: 0.06359 | ndcg: 0.04160 | hit_rate: 0.06950 | map: 0.03324
Thu 04 Apr 2024 20:54:07 INFO 10: precision: 0.01103 | recall: 0.09617 | ndcg: 0.05237 | hit_rate: 0.10477 | map: 0.03768
Thu 04 Apr 2024 20:54:07 INFO 20: precision: 0.00814 | recall: 0.14078 | ndcg: 0.06395 | hit_rate: 0.15134 | map: 0.04089
Thu 04 Apr 2024 20:54:07 INFO Test Metrics:
Thu 04 Apr 2024 20:54:07 INFO 5: precision: 0.02435 | recall: 0.06724 | ndcg: 0.05134 | hit_rate: 0.10754 | map: 0.03782
Thu 04 Apr 2024 20:54:07 INFO 10: precision: 0.01827 | recall: 0.09928 | ndcg: 0.06335 | hit_rate: 0.15502 | map: 0.04275
Thu 04 Apr 2024 20:54:07 INFO 20: precision: 0.01325 | recall: 0.14236 | ndcg: 0.07621 | hit_rate: 0.21451 | map: 0.04635
Thu 04 Apr 2024 20:54:13 INFO Epoch 13, Loss: 186.72193
Thu 04 Apr 2024 20:54:14 INFO Validation Metrics:
Thu 04 Apr 2024 20:54:14 INFO 5: precision: 0.01455 | recall: 0.06434 | ndcg: 0.04229 | hit_rate: 0.07060 | map: 0.03382
Thu 04 Apr 2024 20:54:14 INFO 10: precision: 0.01125 | recall: 0.09868 | ndcg: 0.05366 | hit_rate: 0.10709 | map: 0.03856
Thu 04 Apr 2024 20:54:14 INFO 20: precision: 0.00823 | recall: 0.14290 | ndcg: 0.06517 | hit_rate: 0.15386 | map: 0.04175
Thu 04 Apr 2024 20:54:14 INFO Test Metrics:
Thu 04 Apr 2024 20:54:14 INFO 5: precision: 0.02416 | recall: 0.06621 | ndcg: 0.05112 | hit_rate: 0.10722 | map: 0.03775
Thu 04 Apr 2024 20:54:14 INFO 10: precision: 0.01839 | recall: 0.09962 | ndcg: 0.06366 | hit_rate: 0.15534 | map: 0.04300
Thu 04 Apr 2024 20:54:14 INFO 20: precision: 0.01331 | recall: 0.14319 | ndcg: 0.07668 | hit_rate: 0.21593 | map: 0.04665
Thu 04 Apr 2024 20:54:20 INFO Epoch 14, Loss: 186.51721
Thu 04 Apr 2024 20:54:21 INFO Validation Metrics:
Thu 04 Apr 2024 20:54:21 INFO 5: precision: 0.01399 | recall: 0.06196 | ndcg: 0.04105 | hit_rate: 0.06795 | map: 0.03301
Thu 04 Apr 2024 20:54:21 INFO 10: precision: 0.01117 | recall: 0.09791 | ndcg: 0.05294 | hit_rate: 0.10651 | map: 0.03793
Thu 04 Apr 2024 20:54:21 INFO 20: precision: 0.00813 | recall: 0.14136 | ndcg: 0.06429 | hit_rate: 0.15192 | map: 0.04111
Thu 04 Apr 2024 20:54:21 INFO Test Metrics:
Thu 04 Apr 2024 20:54:21 INFO 5: precision: 0.02385 | recall: 0.06566 | ndcg: 0.05025 | hit_rate: 0.10535 | map: 0.03703
Thu 04 Apr 2024 20:54:21 INFO 10: precision: 0.01836 | recall: 0.09989 | ndcg: 0.06307 | hit_rate: 0.15515 | map: 0.04235
Thu 04 Apr 2024 20:54:21 INFO 20: precision: 0.01336 | recall: 0.14381 | ndcg: 0.07623 | hit_rate: 0.21586 | map: 0.04606
Thu 04 Apr 2024 20:54:27 INFO Epoch 15, Loss: 186.18018
Thu 04 Apr 2024 20:54:28 INFO Validation Metrics:
Thu 04 Apr 2024 20:54:28 INFO 5: precision: 0.01449 | recall: 0.06387 | ndcg: 0.04181 | hit_rate: 0.07015 | map: 0.03337
Thu 04 Apr 2024 20:54:28 INFO 10: precision: 0.01132 | recall: 0.09877 | ndcg: 0.05330 | hit_rate: 0.10754 | map: 0.03810
Thu 04 Apr 2024 20:54:28 INFO 20: precision: 0.00823 | recall: 0.14290 | ndcg: 0.06474 | hit_rate: 0.15366 | map: 0.04126
Thu 04 Apr 2024 20:54:28 INFO Test Metrics:
Thu 04 Apr 2024 20:54:28 INFO 5: precision: 0.02403 | recall: 0.06567 | ndcg: 0.05038 | hit_rate: 0.10606 | map: 0.03715
Thu 04 Apr 2024 20:54:28 INFO 10: precision: 0.01857 | recall: 0.10095 | ndcg: 0.06362 | hit_rate: 0.15773 | map: 0.04263
Thu 04 Apr 2024 20:54:28 INFO 20: precision: 0.01341 | recall: 0.14400 | ndcg: 0.07652 | hit_rate: 0.21535 | map: 0.04633
Thu 04 Apr 2024 20:54:34 INFO Epoch 16, Loss: 185.88149
Thu 04 Apr 2024 20:54:35 INFO Validation Metrics:
Thu 04 Apr 2024 20:54:35 INFO 5: precision: 0.01446 | recall: 0.06473 | ndcg: 0.04257 | hit_rate: 0.07015 | map: 0.03421
Thu 04 Apr 2024 20:54:35 INFO 10: precision: 0.01126 | recall: 0.09845 | ndcg: 0.05379 | hit_rate: 0.10709 | map: 0.03882
Thu 04 Apr 2024 20:54:35 INFO 20: precision: 0.00834 | recall: 0.14500 | ndcg: 0.06586 | hit_rate: 0.15560 | map: 0.04217
Thu 04 Apr 2024 20:54:35 INFO Test Metrics:
Thu 04 Apr 2024 20:54:35 INFO 5: precision: 0.02479 | recall: 0.06854 | ndcg: 0.05212 | hit_rate: 0.10987 | map: 0.03833
Thu 04 Apr 2024 20:54:35 INFO 10: precision: 0.01846 | recall: 0.10052 | ndcg: 0.06411 | hit_rate: 0.15650 | map: 0.04327
Thu 04 Apr 2024 20:54:35 INFO 20: precision: 0.01347 | recall: 0.14500 | ndcg: 0.07741 | hit_rate: 0.21851 | map: 0.04701
Thu 04 Apr 2024 20:54:42 INFO Epoch 17, Loss: 185.68281
Thu 04 Apr 2024 20:54:42 INFO Validation Metrics:
Thu 04 Apr 2024 20:54:42 INFO 5: precision: 0.01444 | recall: 0.06366 | ndcg: 0.04247 | hit_rate: 0.06956 | map: 0.03436
Thu 04 Apr 2024 20:54:42 INFO 10: precision: 0.01134 | recall: 0.09888 | ndcg: 0.05417 | hit_rate: 0.10793 | map: 0.03919
Thu 04 Apr 2024 20:54:42 INFO 20: precision: 0.00825 | recall: 0.14353 | ndcg: 0.06573 | hit_rate: 0.15405 | map: 0.04241
Thu 04 Apr 2024 20:54:42 INFO Test Metrics:
Thu 04 Apr 2024 20:54:42 INFO 5: precision: 0.02457 | recall: 0.06769 | ndcg: 0.05178 | hit_rate: 0.10955 | map: 0.03816
Thu 04 Apr 2024 20:54:42 INFO 10: precision: 0.01852 | recall: 0.10021 | ndcg: 0.06409 | hit_rate: 0.15650 | map: 0.04332
Thu 04 Apr 2024 20:54:42 INFO 20: precision: 0.01351 | recall: 0.14539 | ndcg: 0.07755 | hit_rate: 0.21851 | map: 0.04712
Thu 04 Apr 2024 20:54:48 INFO Epoch 18, Loss: 185.47175
Thu 04 Apr 2024 20:54:49 INFO Validation Metrics:
Thu 04 Apr 2024 20:54:49 INFO 5: precision: 0.01466 | recall: 0.06476 | ndcg: 0.04260 | hit_rate: 0.07099 | map: 0.03414
Thu 04 Apr 2024 20:54:49 INFO 10: precision: 0.01136 | recall: 0.09860 | ndcg: 0.05385 | hit_rate: 0.10767 | map: 0.03880
Thu 04 Apr 2024 20:54:49 INFO 20: precision: 0.00838 | recall: 0.14524 | ndcg: 0.06592 | hit_rate: 0.15625 | map: 0.04214
Thu 04 Apr 2024 20:54:49 INFO Test Metrics:
Thu 04 Apr 2024 20:54:49 INFO 5: precision: 0.02461 | recall: 0.06747 | ndcg: 0.05164 | hit_rate: 0.10948 | map: 0.03793
Thu 04 Apr 2024 20:54:49 INFO 10: precision: 0.01873 | recall: 0.10163 | ndcg: 0.06447 | hit_rate: 0.15793 | map: 0.04332
Thu 04 Apr 2024 20:54:49 INFO 20: precision: 0.01358 | recall: 0.14598 | ndcg: 0.07772 | hit_rate: 0.21858 | map: 0.04706
Thu 04 Apr 2024 20:54:55 INFO Epoch 19, Loss: 185.21480
Thu 04 Apr 2024 20:54:56 INFO Validation Metrics:
Thu 04 Apr 2024 20:54:56 INFO 5: precision: 0.01456 | recall: 0.06467 | ndcg: 0.04240 | hit_rate: 0.07053 | map: 0.03391
Thu 04 Apr 2024 20:54:56 INFO 10: precision: 0.01132 | recall: 0.09903 | ndcg: 0.05380 | hit_rate: 0.10780 | map: 0.03862
Thu 04 Apr 2024 20:54:56 INFO 20: precision: 0.00832 | recall: 0.14378 | ndcg: 0.06550 | hit_rate: 0.15470 | map: 0.04189
Thu 04 Apr 2024 20:54:56 INFO Test Metrics:
Thu 04 Apr 2024 20:54:56 INFO 5: precision: 0.02487 | recall: 0.06866 | ndcg: 0.05251 | hit_rate: 0.11013 | map: 0.03862
Thu 04 Apr 2024 20:54:56 INFO 10: precision: 0.01862 | recall: 0.10140 | ndcg: 0.06477 | hit_rate: 0.15760 | map: 0.04373
Thu 04 Apr 2024 20:54:56 INFO 20: precision: 0.01357 | recall: 0.14672 | ndcg: 0.07829 | hit_rate: 0.21903 | map: 0.04757
Thu 04 Apr 2024 20:55:02 INFO Epoch 20, Loss: 184.88934
Thu 04 Apr 2024 20:55:03 INFO Validation Metrics:
Thu 04 Apr 2024 20:55:03 INFO 5: precision: 0.01482 | recall: 0.06504 | ndcg: 0.04292 | hit_rate: 0.07144 | map: 0.03442
Thu 04 Apr 2024 20:55:03 INFO 10: precision: 0.01165 | recall: 0.10117 | ndcg: 0.05487 | hit_rate: 0.11039 | map: 0.03934
Thu 04 Apr 2024 20:55:03 INFO 20: precision: 0.00849 | recall: 0.14724 | ndcg: 0.06684 | hit_rate: 0.15825 | map: 0.04269
Thu 04 Apr 2024 20:55:03 INFO Test Metrics:
Thu 04 Apr 2024 20:55:03 INFO 5: precision: 0.02509 | recall: 0.06916 | ndcg: 0.05255 | hit_rate: 0.11116 | map: 0.03848
Thu 04 Apr 2024 20:55:03 INFO 10: precision: 0.01900 | recall: 0.10298 | ndcg: 0.06524 | hit_rate: 0.16103 | map: 0.04372
Thu 04 Apr 2024 20:55:03 INFO 20: precision: 0.01381 | recall: 0.14822 | ndcg: 0.07877 | hit_rate: 0.22245 | map: 0.04757
Thu 04 Apr 2024 20:55:09 INFO Epoch 21, Loss: 184.71346
Thu 04 Apr 2024 20:55:10 INFO Validation Metrics:
Thu 04 Apr 2024 20:55:10 INFO 5: precision: 0.01471 | recall: 0.06518 | ndcg: 0.04296 | hit_rate: 0.07124 | map: 0.03453
Thu 04 Apr 2024 20:55:10 INFO 10: precision: 0.01157 | recall: 0.10149 | ndcg: 0.05499 | hit_rate: 0.11019 | map: 0.03950
Thu 04 Apr 2024 20:55:10 INFO 20: precision: 0.00839 | recall: 0.14529 | ndcg: 0.06641 | hit_rate: 0.15625 | map: 0.04268
Thu 04 Apr 2024 20:55:10 INFO Test Metrics:
Thu 04 Apr 2024 20:55:10 INFO 5: precision: 0.02491 | recall: 0.06904 | ndcg: 0.05276 | hit_rate: 0.11032 | map: 0.03896
Thu 04 Apr 2024 20:55:10 INFO 10: precision: 0.01865 | recall: 0.10149 | ndcg: 0.06502 | hit_rate: 0.15799 | map: 0.04409
Thu 04 Apr 2024 20:55:10 INFO 20: precision: 0.01366 | recall: 0.14735 | ndcg: 0.07870 | hit_rate: 0.22187 | map: 0.04791
Thu 04 Apr 2024 20:55:16 INFO Epoch 22, Loss: 184.49987
Thu 04 Apr 2024 20:55:17 INFO Validation Metrics:
Thu 04 Apr 2024 20:55:17 INFO 5: precision: 0.01479 | recall: 0.06534 | ndcg: 0.04364 | hit_rate: 0.07144 | map: 0.03532
Thu 04 Apr 2024 20:55:17 INFO 10: precision: 0.01161 | recall: 0.10145 | ndcg: 0.05559 | hit_rate: 0.11045 | map: 0.04025
Thu 04 Apr 2024 20:55:17 INFO 20: precision: 0.00845 | recall: 0.14627 | ndcg: 0.06727 | hit_rate: 0.15734 | map: 0.04349
Thu 04 Apr 2024 20:55:17 INFO Test Metrics:
Thu 04 Apr 2024 20:55:17 INFO 5: precision: 0.02464 | recall: 0.06781 | ndcg: 0.05215 | hit_rate: 0.10858 | map: 0.03854
Thu 04 Apr 2024 20:55:17 INFO 10: precision: 0.01885 | recall: 0.10266 | ndcg: 0.06517 | hit_rate: 0.15909 | map: 0.04392
Thu 04 Apr 2024 20:55:17 INFO 20: precision: 0.01389 | recall: 0.14967 | ndcg: 0.07921 | hit_rate: 0.22471 | map: 0.04784
Thu 04 Apr 2024 20:55:23 INFO Epoch 23, Loss: 184.22837
Thu 04 Apr 2024 20:55:24 INFO Validation Metrics:
Thu 04 Apr 2024 20:55:24 INFO 5: precision: 0.01482 | recall: 0.06569 | ndcg: 0.04319 | hit_rate: 0.07183 | map: 0.03458
Thu 04 Apr 2024 20:55:24 INFO 10: precision: 0.01156 | recall: 0.10103 | ndcg: 0.05489 | hit_rate: 0.10974 | map: 0.03943
Thu 04 Apr 2024 20:55:24 INFO 20: precision: 0.00841 | recall: 0.14568 | ndcg: 0.06650 | hit_rate: 0.15650 | map: 0.04265
Thu 04 Apr 2024 20:55:24 INFO Test Metrics:
Thu 04 Apr 2024 20:55:24 INFO 5: precision: 0.02510 | recall: 0.06895 | ndcg: 0.05248 | hit_rate: 0.11123 | map: 0.03845
Thu 04 Apr 2024 20:55:24 INFO 10: precision: 0.01892 | recall: 0.10248 | ndcg: 0.06507 | hit_rate: 0.16032 | map: 0.04368
Thu 04 Apr 2024 20:55:24 INFO 20: precision: 0.01375 | recall: 0.14793 | ndcg: 0.07864 | hit_rate: 0.22258 | map: 0.04751
Thu 04 Apr 2024 20:55:30 INFO Epoch 24, Loss: 183.82487
Thu 04 Apr 2024 20:55:31 INFO Validation Metrics:
Thu 04 Apr 2024 20:55:31 INFO 5: precision: 0.01478 | recall: 0.06508 | ndcg: 0.04319 | hit_rate: 0.07092 | map: 0.03483
Thu 04 Apr 2024 20:55:31 INFO 10: precision: 0.01161 | recall: 0.10173 | ndcg: 0.05530 | hit_rate: 0.11039 | map: 0.03981
Thu 04 Apr 2024 20:55:31 INFO 20: precision: 0.00846 | recall: 0.14677 | ndcg: 0.06706 | hit_rate: 0.15747 | map: 0.04311
Thu 04 Apr 2024 20:55:31 INFO Test Metrics:
Thu 04 Apr 2024 20:55:31 INFO 5: precision: 0.02460 | recall: 0.06802 | ndcg: 0.05227 | hit_rate: 0.10922 | map: 0.03860
Thu 04 Apr 2024 20:55:31 INFO 10: precision: 0.01903 | recall: 0.10306 | ndcg: 0.06552 | hit_rate: 0.16115 | map: 0.04410
Thu 04 Apr 2024 20:55:31 INFO 20: precision: 0.01394 | recall: 0.14985 | ndcg: 0.07946 | hit_rate: 0.22613 | map: 0.04798
Thu 04 Apr 2024 20:55:38 INFO Epoch 25, Loss: 183.77343
Thu 04 Apr 2024 20:55:38 INFO Validation Metrics:
Thu 04 Apr 2024 20:55:38 INFO 5: precision: 0.01499 | recall: 0.06650 | ndcg: 0.04364 | hit_rate: 0.07234 | map: 0.03499
Thu 04 Apr 2024 20:55:38 INFO 10: precision: 0.01153 | recall: 0.10122 | ndcg: 0.05516 | hit_rate: 0.10974 | map: 0.03976
Thu 04 Apr 2024 20:55:38 INFO 20: precision: 0.00855 | recall: 0.14865 | ndcg: 0.06751 | hit_rate: 0.15960 | map: 0.04319
Thu 04 Apr 2024 20:55:38 INFO Test Metrics:
Thu 04 Apr 2024 20:55:38 INFO 5: precision: 0.02506 | recall: 0.06905 | ndcg: 0.05311 | hit_rate: 0.11116 | map: 0.03917
Thu 04 Apr 2024 20:55:38 INFO 10: precision: 0.01905 | recall: 0.10313 | ndcg: 0.06596 | hit_rate: 0.16161 | map: 0.04450
Thu 04 Apr 2024 20:55:38 INFO 20: precision: 0.01388 | recall: 0.14964 | ndcg: 0.07980 | hit_rate: 0.22562 | map: 0.04839
Thu 04 Apr 2024 20:55:45 INFO Epoch 26, Loss: 183.61839
Thu 04 Apr 2024 20:55:45 INFO Validation Metrics:
Thu 04 Apr 2024 20:55:45 INFO 5: precision: 0.01486 | recall: 0.06602 | ndcg: 0.04381 | hit_rate: 0.07202 | map: 0.03533
Thu 04 Apr 2024 20:55:45 INFO 10: precision: 0.01170 | recall: 0.10250 | ndcg: 0.05587 | hit_rate: 0.11116 | map: 0.04031
Thu 04 Apr 2024 20:55:45 INFO 20: precision: 0.00853 | recall: 0.14771 | ndcg: 0.06763 | hit_rate: 0.15857 | map: 0.04357
Thu 04 Apr 2024 20:55:45 INFO Test Metrics:
Thu 04 Apr 2024 20:55:45 INFO 5: precision: 0.02507 | recall: 0.06929 | ndcg: 0.05332 | hit_rate: 0.11097 | map: 0.03939
Thu 04 Apr 2024 20:55:45 INFO 10: precision: 0.01925 | recall: 0.10434 | ndcg: 0.06651 | hit_rate: 0.16193 | map: 0.04487
Thu 04 Apr 2024 20:55:45 INFO 20: precision: 0.01402 | recall: 0.15130 | ndcg: 0.08043 | hit_rate: 0.22736 | map: 0.04872
Thu 04 Apr 2024 20:55:52 INFO Epoch 27, Loss: 183.41251
Thu 04 Apr 2024 20:55:53 INFO Validation Metrics:
Thu 04 Apr 2024 20:55:53 INFO 5: precision: 0.01495 | recall: 0.06644 | ndcg: 0.04393 | hit_rate: 0.07228 | map: 0.03539
Thu 04 Apr 2024 20:55:53 INFO 10: precision: 0.01174 | recall: 0.10308 | ndcg: 0.05610 | hit_rate: 0.11155 | map: 0.04044
Thu 04 Apr 2024 20:55:53 INFO 20: precision: 0.00860 | recall: 0.14931 | ndcg: 0.06816 | hit_rate: 0.16006 | map: 0.04381
Thu 04 Apr 2024 20:55:53 INFO Test Metrics:
Thu 04 Apr 2024 20:55:53 INFO 5: precision: 0.02537 | recall: 0.06964 | ndcg: 0.05334 | hit_rate: 0.11271 | map: 0.03915
Thu 04 Apr 2024 20:55:53 INFO 10: precision: 0.01904 | recall: 0.10236 | ndcg: 0.06572 | hit_rate: 0.15999 | map: 0.04437
Thu 04 Apr 2024 20:55:53 INFO 20: precision: 0.01392 | recall: 0.14964 | ndcg: 0.07979 | hit_rate: 0.22516 | map: 0.04832
Thu 04 Apr 2024 20:55:59 INFO Epoch 28, Loss: 183.16664
Thu 04 Apr 2024 20:56:00 INFO Validation Metrics:
Thu 04 Apr 2024 20:56:00 INFO 5: precision: 0.01505 | recall: 0.06713 | ndcg: 0.04397 | hit_rate: 0.07292 | map: 0.03524
Thu 04 Apr 2024 20:56:00 INFO 10: precision: 0.01168 | recall: 0.10271 | ndcg: 0.05576 | hit_rate: 0.11148 | map: 0.04010
Thu 04 Apr 2024 20:56:00 INFO 20: precision: 0.00856 | recall: 0.14823 | ndcg: 0.06767 | hit_rate: 0.15928 | map: 0.04343
Thu 04 Apr 2024 20:56:00 INFO Test Metrics:
Thu 04 Apr 2024 20:56:00 INFO 5: precision: 0.02518 | recall: 0.06909 | ndcg: 0.05300 | hit_rate: 0.11168 | map: 0.03894
Thu 04 Apr 2024 20:56:00 INFO 10: precision: 0.01900 | recall: 0.10262 | ndcg: 0.06567 | hit_rate: 0.16070 | map: 0.04426
Thu 04 Apr 2024 20:56:00 INFO 20: precision: 0.01399 | recall: 0.15017 | ndcg: 0.07983 | hit_rate: 0.22536 | map: 0.04825
Thu 04 Apr 2024 20:56:06 INFO Epoch 29, Loss: 182.86484
Thu 04 Apr 2024 20:56:06 INFO Validation Metrics:
Thu 04 Apr 2024 20:56:06 INFO 5: precision: 0.01522 | recall: 0.06773 | ndcg: 0.04403 | hit_rate: 0.07376 | map: 0.03510
Thu 04 Apr 2024 20:56:06 INFO 10: precision: 0.01174 | recall: 0.10281 | ndcg: 0.05568 | hit_rate: 0.11136 | map: 0.03993
Thu 04 Apr 2024 20:56:06 INFO 20: precision: 0.00869 | recall: 0.15038 | ndcg: 0.06809 | hit_rate: 0.16154 | map: 0.04339
Thu 04 Apr 2024 20:56:06 INFO Test Metrics:
Thu 04 Apr 2024 20:56:06 INFO 5: precision: 0.02533 | recall: 0.07025 | ndcg: 0.05328 | hit_rate: 0.11258 | map: 0.03909
Thu 04 Apr 2024 20:56:06 INFO 10: precision: 0.01925 | recall: 0.10476 | ndcg: 0.06623 | hit_rate: 0.16354 | map: 0.04442
Thu 04 Apr 2024 20:56:06 INFO 20: precision: 0.01409 | recall: 0.15146 | ndcg: 0.08023 | hit_rate: 0.22833 | map: 0.04837
Thu 04 Apr 2024 20:56:13 INFO Epoch 30, Loss: 182.78426
Thu 04 Apr 2024 20:56:13 INFO Validation Metrics:
Thu 04 Apr 2024 20:56:13 INFO 5: precision: 0.01562 | recall: 0.06972 | ndcg: 0.04577 | hit_rate: 0.07577 | map: 0.03674
Thu 04 Apr 2024 20:56:13 INFO 10: precision: 0.01209 | recall: 0.10594 | ndcg: 0.05781 | hit_rate: 0.11510 | map: 0.04170
Thu 04 Apr 2024 20:56:13 INFO 20: precision: 0.00882 | recall: 0.15276 | ndcg: 0.07001 | hit_rate: 0.16406 | map: 0.04510
Thu 04 Apr 2024 20:56:13 INFO Test Metrics:
Thu 04 Apr 2024 20:56:13 INFO 5: precision: 0.02606 | recall: 0.07173 | ndcg: 0.05490 | hit_rate: 0.11549 | map: 0.04041
Thu 04 Apr 2024 20:56:13 INFO 10: precision: 0.01942 | recall: 0.10555 | ndcg: 0.06755 | hit_rate: 0.16464 | map: 0.04562
Thu 04 Apr 2024 20:56:13 INFO 20: precision: 0.01423 | recall: 0.15273 | ndcg: 0.08171 | hit_rate: 0.23059 | map: 0.04961
Thu 04 Apr 2024 20:56:20 INFO Epoch 31, Loss: 182.56757
Thu 04 Apr 2024 20:56:21 INFO Validation Metrics:
Thu 04 Apr 2024 20:56:21 INFO 5: precision: 0.01537 | recall: 0.06829 | ndcg: 0.04486 | hit_rate: 0.07447 | map: 0.03594
Thu 04 Apr 2024 20:56:21 INFO 10: precision: 0.01184 | recall: 0.10394 | ndcg: 0.05665 | hit_rate: 0.11284 | map: 0.04080
Thu 04 Apr 2024 20:56:21 INFO 20: precision: 0.00871 | recall: 0.15102 | ndcg: 0.06891 | hit_rate: 0.16212 | map: 0.04421
Thu 04 Apr 2024 20:56:21 INFO Test Metrics:
Thu 04 Apr 2024 20:56:21 INFO 5: precision: 0.02557 | recall: 0.07024 | ndcg: 0.05408 | hit_rate: 0.11291 | map: 0.03995
Thu 04 Apr 2024 20:56:21 INFO 10: precision: 0.01938 | recall: 0.10453 | ndcg: 0.06699 | hit_rate: 0.16316 | map: 0.04528
Thu 04 Apr 2024 20:56:21 INFO 20: precision: 0.01430 | recall: 0.15380 | ndcg: 0.08165 | hit_rate: 0.23091 | map: 0.04940
Thu 04 Apr 2024 20:56:27 INFO Epoch 32, Loss: 182.31512
Thu 04 Apr 2024 20:56:27 INFO Validation Metrics:
Thu 04 Apr 2024 20:56:27 INFO 5: precision: 0.01533 | recall: 0.06793 | ndcg: 0.04466 | hit_rate: 0.07402 | map: 0.03583
Thu 04 Apr 2024 20:56:27 INFO 10: precision: 0.01190 | recall: 0.10442 | ndcg: 0.05679 | hit_rate: 0.11297 | map: 0.04088
Thu 04 Apr 2024 20:56:27 INFO 20: precision: 0.00881 | recall: 0.15264 | ndcg: 0.06938 | hit_rate: 0.16400 | map: 0.04439
Thu 04 Apr 2024 20:56:27 INFO Test Metrics:
Thu 04 Apr 2024 20:56:27 INFO 5: precision: 0.02586 | recall: 0.07138 | ndcg: 0.05444 | hit_rate: 0.11465 | map: 0.03999
Thu 04 Apr 2024 20:56:27 INFO 10: precision: 0.01912 | recall: 0.10343 | ndcg: 0.06655 | hit_rate: 0.16115 | map: 0.04506
Thu 04 Apr 2024 20:56:27 INFO 20: precision: 0.01429 | recall: 0.15351 | ndcg: 0.08151 | hit_rate: 0.22956 | map: 0.04929
Thu 04 Apr 2024 20:56:34 INFO Epoch 33, Loss: 182.10177
Thu 04 Apr 2024 20:56:35 INFO Validation Metrics:
Thu 04 Apr 2024 20:56:35 INFO 5: precision: 0.01509 | recall: 0.06718 | ndcg: 0.04411 | hit_rate: 0.07318 | map: 0.03538
Thu 04 Apr 2024 20:56:35 INFO 10: precision: 0.01185 | recall: 0.10443 | ndcg: 0.05643 | hit_rate: 0.11291 | map: 0.04047
Thu 04 Apr 2024 20:56:35 INFO 20: precision: 0.00877 | recall: 0.15260 | ndcg: 0.06897 | hit_rate: 0.16367 | map: 0.04395
Thu 04 Apr 2024 20:56:35 INFO Test Metrics:
Thu 04 Apr 2024 20:56:35 INFO 5: precision: 0.02550 | recall: 0.07068 | ndcg: 0.05376 | hit_rate: 0.11336 | map: 0.03951
Thu 04 Apr 2024 20:56:35 INFO 10: precision: 0.01935 | recall: 0.10482 | ndcg: 0.06670 | hit_rate: 0.16374 | map: 0.04489
Thu 04 Apr 2024 20:56:35 INFO 20: precision: 0.01418 | recall: 0.15231 | ndcg: 0.08087 | hit_rate: 0.22962 | map: 0.04886
Thu 04 Apr 2024 20:56:41 INFO Epoch 34, Loss: 182.08655
Thu 04 Apr 2024 20:56:42 INFO Validation Metrics:
Thu 04 Apr 2024 20:56:42 INFO 5: precision: 0.01567 | recall: 0.06957 | ndcg: 0.04531 | hit_rate: 0.07589 | map: 0.03612
Thu 04 Apr 2024 20:56:42 INFO 10: precision: 0.01203 | recall: 0.10495 | ndcg: 0.05698 | hit_rate: 0.11420 | map: 0.04091
Thu 04 Apr 2024 20:56:42 INFO 20: precision: 0.00871 | recall: 0.15057 | ndcg: 0.06886 | hit_rate: 0.16174 | map: 0.04422
Thu 04 Apr 2024 20:56:42 INFO Test Metrics:
Thu 04 Apr 2024 20:56:42 INFO 5: precision: 0.02544 | recall: 0.07009 | ndcg: 0.05353 | hit_rate: 0.11323 | map: 0.03929
Thu 04 Apr 2024 20:56:42 INFO 10: precision: 0.01945 | recall: 0.10473 | ndcg: 0.06667 | hit_rate: 0.16477 | map: 0.04472
Thu 04 Apr 2024 20:56:42 INFO 20: precision: 0.01434 | recall: 0.15321 | ndcg: 0.08113 | hit_rate: 0.23169 | map: 0.04878
Thu 04 Apr 2024 20:56:48 INFO Epoch 35, Loss: 181.91345
Thu 04 Apr 2024 20:56:49 INFO Validation Metrics:
Thu 04 Apr 2024 20:56:49 INFO 5: precision: 0.01530 | recall: 0.06799 | ndcg: 0.04488 | hit_rate: 0.07415 | map: 0.03611
Thu 04 Apr 2024 20:56:49 INFO 10: precision: 0.01195 | recall: 0.10435 | ndcg: 0.05700 | hit_rate: 0.11342 | map: 0.04114
Thu 04 Apr 2024 20:56:49 INFO 20: precision: 0.00877 | recall: 0.15164 | ndcg: 0.06927 | hit_rate: 0.16322 | map: 0.04453
Thu 04 Apr 2024 20:56:49 INFO Test Metrics:
Thu 04 Apr 2024 20:56:49 INFO 5: precision: 0.02569 | recall: 0.07028 | ndcg: 0.05381 | hit_rate: 0.11362 | map: 0.03954
Thu 04 Apr 2024 20:56:49 INFO 10: precision: 0.01940 | recall: 0.10502 | ndcg: 0.06683 | hit_rate: 0.16484 | map: 0.04490
Thu 04 Apr 2024 20:56:49 INFO 20: precision: 0.01425 | recall: 0.15280 | ndcg: 0.08112 | hit_rate: 0.23078 | map: 0.04893
Thu 04 Apr 2024 20:56:55 INFO Epoch 36, Loss: 181.74077
Thu 04 Apr 2024 20:56:56 INFO Validation Metrics:
Thu 04 Apr 2024 20:56:56 INFO 5: precision: 0.01548 | recall: 0.06889 | ndcg: 0.04487 | hit_rate: 0.07473 | map: 0.03585
Thu 04 Apr 2024 20:56:56 INFO 10: precision: 0.01185 | recall: 0.10390 | ndcg: 0.05654 | hit_rate: 0.11278 | map: 0.04069
Thu 04 Apr 2024 20:56:56 INFO 20: precision: 0.00877 | recall: 0.15163 | ndcg: 0.06894 | hit_rate: 0.16283 | map: 0.04413
Thu 04 Apr 2024 20:56:56 INFO Test Metrics:
Thu 04 Apr 2024 20:56:56 INFO 5: precision: 0.02538 | recall: 0.06998 | ndcg: 0.05373 | hit_rate: 0.11258 | map: 0.03969
Thu 04 Apr 2024 20:56:56 INFO 10: precision: 0.01945 | recall: 0.10533 | ndcg: 0.06706 | hit_rate: 0.16516 | map: 0.04519
Thu 04 Apr 2024 20:56:56 INFO 20: precision: 0.01438 | recall: 0.15479 | ndcg: 0.08176 | hit_rate: 0.23292 | map: 0.04931
Thu 04 Apr 2024 20:57:02 INFO Epoch 37, Loss: 181.60353
Thu 04 Apr 2024 20:57:02 INFO Validation Metrics:
Thu 04 Apr 2024 20:57:02 INFO 5: precision: 0.01508 | recall: 0.06694 | ndcg: 0.04479 | hit_rate: 0.07299 | map: 0.03634
Thu 04 Apr 2024 20:57:02 INFO 10: precision: 0.01206 | recall: 0.10587 | ndcg: 0.05768 | hit_rate: 0.11484 | map: 0.04167
Thu 04 Apr 2024 20:57:02 INFO 20: precision: 0.00888 | recall: 0.15385 | ndcg: 0.07017 | hit_rate: 0.16529 | map: 0.04513
Thu 04 Apr 2024 20:57:02 INFO Test Metrics:
Thu 04 Apr 2024 20:57:02 INFO 5: precision: 0.02541 | recall: 0.06995 | ndcg: 0.05382 | hit_rate: 0.11310 | map: 0.03972
Thu 04 Apr 2024 20:57:02 INFO 10: precision: 0.01940 | recall: 0.10465 | ndcg: 0.06697 | hit_rate: 0.16464 | map: 0.04517
Thu 04 Apr 2024 20:57:02 INFO 20: precision: 0.01448 | recall: 0.15527 | ndcg: 0.08209 | hit_rate: 0.23395 | map: 0.04945
Thu 04 Apr 2024 20:57:08 INFO Epoch 38, Loss: 181.37791
Thu 04 Apr 2024 20:57:09 INFO Validation Metrics:
Thu 04 Apr 2024 20:57:09 INFO 5: precision: 0.01562 | recall: 0.06918 | ndcg: 0.04557 | hit_rate: 0.07544 | map: 0.03657
Thu 04 Apr 2024 20:57:09 INFO 10: precision: 0.01216 | recall: 0.10601 | ndcg: 0.05783 | hit_rate: 0.11549 | map: 0.04167
Thu 04 Apr 2024 20:57:09 INFO 20: precision: 0.00888 | recall: 0.15367 | ndcg: 0.07021 | hit_rate: 0.16497 | map: 0.04510
Thu 04 Apr 2024 20:57:09 INFO Test Metrics:
Thu 04 Apr 2024 20:57:09 INFO 5: precision: 0.02633 | recall: 0.07192 | ndcg: 0.05521 | hit_rate: 0.11659 | map: 0.04063
Thu 04 Apr 2024 20:57:09 INFO 10: precision: 0.01976 | recall: 0.10613 | ndcg: 0.06806 | hit_rate: 0.16645 | map: 0.04596
Thu 04 Apr 2024 20:57:09 INFO 20: precision: 0.01447 | recall: 0.15471 | ndcg: 0.08257 | hit_rate: 0.23330 | map: 0.05005
Thu 04 Apr 2024 20:57:15 INFO Epoch 39, Loss: 181.25638
Thu 04 Apr 2024 20:57:16 INFO Validation Metrics:
Thu 04 Apr 2024 20:57:16 INFO 5: precision: 0.01524 | recall: 0.06772 | ndcg: 0.04469 | hit_rate: 0.07376 | map: 0.03595
Thu 04 Apr 2024 20:57:16 INFO 10: precision: 0.01211 | recall: 0.10613 | ndcg: 0.05747 | hit_rate: 0.11542 | map: 0.04124
Thu 04 Apr 2024 20:57:16 INFO 20: precision: 0.00882 | recall: 0.15256 | ndcg: 0.06961 | hit_rate: 0.16406 | map: 0.04464
Thu 04 Apr 2024 20:57:16 INFO Test Metrics:
Thu 04 Apr 2024 20:57:16 INFO 5: precision: 0.02589 | recall: 0.07149 | ndcg: 0.05463 | hit_rate: 0.11504 | map: 0.04015
Thu 04 Apr 2024 20:57:16 INFO 10: precision: 0.01960 | recall: 0.10566 | ndcg: 0.06760 | hit_rate: 0.16535 | map: 0.04555
Thu 04 Apr 2024 20:57:16 INFO 20: precision: 0.01442 | recall: 0.15454 | ndcg: 0.08211 | hit_rate: 0.23182 | map: 0.04964
Thu 04 Apr 2024 20:57:22 INFO Epoch 40, Loss: 181.02365
Thu 04 Apr 2024 20:57:23 INFO Validation Metrics:
Thu 04 Apr 2024 20:57:23 INFO 5: precision: 0.01530 | recall: 0.06791 | ndcg: 0.04490 | hit_rate: 0.07389 | map: 0.03615
Thu 04 Apr 2024 20:57:23 INFO 10: precision: 0.01190 | recall: 0.10433 | ndcg: 0.05695 | hit_rate: 0.11316 | map: 0.04112
Thu 04 Apr 2024 20:57:23 INFO 20: precision: 0.00879 | recall: 0.15259 | ndcg: 0.06952 | hit_rate: 0.16348 | map: 0.04462
Thu 04 Apr 2024 20:57:23 INFO Test Metrics:
Thu 04 Apr 2024 20:57:23 INFO 5: precision: 0.02564 | recall: 0.07119 | ndcg: 0.05458 | hit_rate: 0.11407 | map: 0.04030
Thu 04 Apr 2024 20:57:23 INFO 10: precision: 0.01933 | recall: 0.10427 | ndcg: 0.06709 | hit_rate: 0.16393 | map: 0.04542
Thu 04 Apr 2024 20:57:23 INFO 20: precision: 0.01426 | recall: 0.15290 | ndcg: 0.08159 | hit_rate: 0.23098 | map: 0.04950
Thu 04 Apr 2024 20:57:29 INFO Epoch 41, Loss: 180.89658
Thu 04 Apr 2024 20:57:30 INFO Validation Metrics:
Thu 04 Apr 2024 20:57:30 INFO 5: precision: 0.01542 | recall: 0.06867 | ndcg: 0.04494 | hit_rate: 0.07473 | map: 0.03597
Thu 04 Apr 2024 20:57:30 INFO 10: precision: 0.01207 | recall: 0.10546 | ndcg: 0.05722 | hit_rate: 0.11478 | map: 0.04108
Thu 04 Apr 2024 20:57:30 INFO 20: precision: 0.00876 | recall: 0.15142 | ndcg: 0.06920 | hit_rate: 0.16283 | map: 0.04441
Thu 04 Apr 2024 20:57:30 INFO Test Metrics:
Thu 04 Apr 2024 20:57:30 INFO 5: precision: 0.02575 | recall: 0.07106 | ndcg: 0.05436 | hit_rate: 0.11420 | map: 0.04008
Thu 04 Apr 2024 20:57:30 INFO 10: precision: 0.01938 | recall: 0.10487 | ndcg: 0.06713 | hit_rate: 0.16464 | map: 0.04532
Thu 04 Apr 2024 20:57:30 INFO 20: precision: 0.01450 | recall: 0.15533 | ndcg: 0.08220 | hit_rate: 0.23382 | map: 0.04958
Thu 04 Apr 2024 20:57:37 INFO Epoch 42, Loss: 180.77472
Thu 04 Apr 2024 20:57:37 INFO Validation Metrics:
Thu 04 Apr 2024 20:57:37 INFO 5: precision: 0.01568 | recall: 0.06979 | ndcg: 0.04577 | hit_rate: 0.07615 | map: 0.03667
Thu 04 Apr 2024 20:57:37 INFO 10: precision: 0.01217 | recall: 0.10621 | ndcg: 0.05787 | hit_rate: 0.11549 | map: 0.04168
Thu 04 Apr 2024 20:57:37 INFO 20: precision: 0.00884 | recall: 0.15245 | ndcg: 0.06995 | hit_rate: 0.16400 | map: 0.04505
Thu 04 Apr 2024 20:57:37 INFO Test Metrics:
Thu 04 Apr 2024 20:57:37 INFO 5: precision: 0.02594 | recall: 0.07150 | ndcg: 0.05455 | hit_rate: 0.11536 | map: 0.04001
Thu 04 Apr 2024 20:57:37 INFO 10: precision: 0.01957 | recall: 0.10560 | ndcg: 0.06739 | hit_rate: 0.16639 | map: 0.04526
Thu 04 Apr 2024 20:57:37 INFO 20: precision: 0.01448 | recall: 0.15561 | ndcg: 0.08226 | hit_rate: 0.23356 | map: 0.04949
Thu 04 Apr 2024 20:57:44 INFO Epoch 43, Loss: 180.65190
Thu 04 Apr 2024 20:57:44 INFO Validation Metrics:
Thu 04 Apr 2024 20:57:44 INFO 5: precision: 0.01557 | recall: 0.06943 | ndcg: 0.04532 | hit_rate: 0.07538 | map: 0.03622
Thu 04 Apr 2024 20:57:44 INFO 10: precision: 0.01209 | recall: 0.10579 | ndcg: 0.05736 | hit_rate: 0.11504 | map: 0.04115
Thu 04 Apr 2024 20:57:44 INFO 20: precision: 0.00890 | recall: 0.15390 | ndcg: 0.06986 | hit_rate: 0.16529 | map: 0.04462
Thu 04 Apr 2024 20:57:44 INFO Test Metrics:
Thu 04 Apr 2024 20:57:44 INFO 5: precision: 0.02585 | recall: 0.07157 | ndcg: 0.05483 | hit_rate: 0.11491 | map: 0.04036
Thu 04 Apr 2024 20:57:44 INFO 10: precision: 0.01948 | recall: 0.10549 | ndcg: 0.06763 | hit_rate: 0.16542 | map: 0.04566
Thu 04 Apr 2024 20:57:44 INFO 20: precision: 0.01437 | recall: 0.15445 | ndcg: 0.08220 | hit_rate: 0.23253 | map: 0.04975
Thu 04 Apr 2024 20:57:51 INFO Epoch 44, Loss: 180.49468
Thu 04 Apr 2024 20:57:51 INFO Validation Metrics:
Thu 04 Apr 2024 20:57:51 INFO 5: precision: 0.01590 | recall: 0.07089 | ndcg: 0.04604 | hit_rate: 0.07693 | map: 0.03670
Thu 04 Apr 2024 20:57:51 INFO 10: precision: 0.01216 | recall: 0.10706 | ndcg: 0.05797 | hit_rate: 0.11568 | map: 0.04161
Thu 04 Apr 2024 20:57:51 INFO 20: precision: 0.00892 | recall: 0.15470 | ndcg: 0.07036 | hit_rate: 0.16639 | map: 0.04502
Thu 04 Apr 2024 20:57:51 INFO Test Metrics:
Thu 04 Apr 2024 20:57:51 INFO 5: precision: 0.02619 | recall: 0.07238 | ndcg: 0.05518 | hit_rate: 0.11601 | map: 0.04056
Thu 04 Apr 2024 20:57:51 INFO 10: precision: 0.01977 | recall: 0.10750 | ndcg: 0.06836 | hit_rate: 0.16723 | map: 0.04601
Thu 04 Apr 2024 20:57:51 INFO 20: precision: 0.01455 | recall: 0.15647 | ndcg: 0.08296 | hit_rate: 0.23511 | map: 0.05011
Thu 04 Apr 2024 20:57:58 INFO Epoch 45, Loss: 180.24421
Thu 04 Apr 2024 20:57:59 INFO Validation Metrics:
Thu 04 Apr 2024 20:57:59 INFO 5: precision: 0.01575 | recall: 0.07001 | ndcg: 0.04614 | hit_rate: 0.07622 | map: 0.03709
Thu 04 Apr 2024 20:57:59 INFO 10: precision: 0.01232 | recall: 0.10762 | ndcg: 0.05864 | hit_rate: 0.11717 | map: 0.04224
Thu 04 Apr 2024 20:57:59 INFO 20: precision: 0.00892 | recall: 0.15416 | ndcg: 0.07073 | hit_rate: 0.16593 | map: 0.04559
Thu 04 Apr 2024 20:57:59 INFO Test Metrics:
Thu 04 Apr 2024 20:57:59 INFO 5: precision: 0.02608 | recall: 0.07203 | ndcg: 0.05533 | hit_rate: 0.11542 | map: 0.04087
Thu 04 Apr 2024 20:57:59 INFO 10: precision: 0.01992 | recall: 0.10730 | ndcg: 0.06868 | hit_rate: 0.16936 | map: 0.04630
Thu 04 Apr 2024 20:57:59 INFO 20: precision: 0.01457 | recall: 0.15637 | ndcg: 0.08329 | hit_rate: 0.23498 | map: 0.05047
Thu 04 Apr 2024 20:58:05 INFO Epoch 46, Loss: 180.32779
Thu 04 Apr 2024 20:58:06 INFO Validation Metrics:
Thu 04 Apr 2024 20:58:06 INFO 5: precision: 0.01576 | recall: 0.07038 | ndcg: 0.04626 | hit_rate: 0.07654 | map: 0.03715
Thu 04 Apr 2024 20:58:06 INFO 10: precision: 0.01195 | recall: 0.10497 | ndcg: 0.05777 | hit_rate: 0.11394 | map: 0.04194
Thu 04 Apr 2024 20:58:06 INFO 20: precision: 0.00872 | recall: 0.15121 | ndcg: 0.06989 | hit_rate: 0.16232 | map: 0.04534
Thu 04 Apr 2024 20:58:06 INFO Test Metrics:
Thu 04 Apr 2024 20:58:06 INFO 5: precision: 0.02563 | recall: 0.07096 | ndcg: 0.05441 | hit_rate: 0.11387 | map: 0.04017
Thu 04 Apr 2024 20:58:06 INFO 10: precision: 0.01980 | recall: 0.10732 | ndcg: 0.06814 | hit_rate: 0.16813 | map: 0.04581
Thu 04 Apr 2024 20:58:06 INFO 20: precision: 0.01446 | recall: 0.15527 | ndcg: 0.08245 | hit_rate: 0.23427 | map: 0.04985
Thu 04 Apr 2024 20:58:12 INFO Epoch 47, Loss: 180.16680
Thu 04 Apr 2024 20:58:13 INFO Validation Metrics:
Thu 04 Apr 2024 20:58:13 INFO 5: precision: 0.01588 | recall: 0.07014 | ndcg: 0.04675 | hit_rate: 0.07680 | map: 0.03774
Thu 04 Apr 2024 20:58:13 INFO 10: precision: 0.01229 | recall: 0.10715 | ndcg: 0.05901 | hit_rate: 0.11678 | map: 0.04281
Thu 04 Apr 2024 20:58:13 INFO 20: precision: 0.00896 | recall: 0.15489 | ndcg: 0.07141 | hit_rate: 0.16613 | map: 0.04626
Thu 04 Apr 2024 20:58:13 INFO Test Metrics:
Thu 04 Apr 2024 20:58:13 INFO 5: precision: 0.02630 | recall: 0.07221 | ndcg: 0.05509 | hit_rate: 0.11717 | map: 0.04039
Thu 04 Apr 2024 20:58:13 INFO 10: precision: 0.02007 | recall: 0.10767 | ndcg: 0.06854 | hit_rate: 0.16955 | map: 0.04596
Thu 04 Apr 2024 20:58:13 INFO 20: precision: 0.01468 | recall: 0.15704 | ndcg: 0.08324 | hit_rate: 0.23698 | map: 0.05011
Thu 04 Apr 2024 20:58:19 INFO Epoch 48, Loss: 180.05673
Thu 04 Apr 2024 20:58:20 INFO Validation Metrics:
Thu 04 Apr 2024 20:58:20 INFO 5: precision: 0.01602 | recall: 0.07075 | ndcg: 0.04642 | hit_rate: 0.07757 | map: 0.03711
Thu 04 Apr 2024 20:58:20 INFO 10: precision: 0.01243 | recall: 0.10847 | ndcg: 0.05889 | hit_rate: 0.11801 | map: 0.04228
Thu 04 Apr 2024 20:58:20 INFO 20: precision: 0.00892 | recall: 0.15366 | ndcg: 0.07066 | hit_rate: 0.16548 | map: 0.04555
Thu 04 Apr 2024 20:58:20 INFO Test Metrics:
Thu 04 Apr 2024 20:58:20 INFO 5: precision: 0.02628 | recall: 0.07195 | ndcg: 0.05535 | hit_rate: 0.11659 | map: 0.04073
Thu 04 Apr 2024 20:58:20 INFO 10: precision: 0.02000 | recall: 0.10777 | ndcg: 0.06886 | hit_rate: 0.16916 | map: 0.04634
Thu 04 Apr 2024 20:58:20 INFO 20: precision: 0.01468 | recall: 0.15712 | ndcg: 0.08354 | hit_rate: 0.23673 | map: 0.05047
Thu 04 Apr 2024 20:58:26 INFO Epoch 49, Loss: 179.86610
Thu 04 Apr 2024 20:58:27 INFO Validation Metrics:
Thu 04 Apr 2024 20:58:27 INFO 5: precision: 0.01573 | recall: 0.06995 | ndcg: 0.04613 | hit_rate: 0.07602 | map: 0.03711
Thu 04 Apr 2024 20:58:27 INFO 10: precision: 0.01229 | recall: 0.10787 | ndcg: 0.05875 | hit_rate: 0.11704 | map: 0.04235
Thu 04 Apr 2024 20:58:27 INFO 20: precision: 0.00893 | recall: 0.15478 | ndcg: 0.07100 | hit_rate: 0.16619 | map: 0.04578
Thu 04 Apr 2024 20:58:27 INFO Test Metrics:
Thu 04 Apr 2024 20:58:27 INFO 5: precision: 0.02622 | recall: 0.07234 | ndcg: 0.05529 | hit_rate: 0.11685 | map: 0.04057
Thu 04 Apr 2024 20:58:27 INFO 10: precision: 0.01986 | recall: 0.10701 | ndcg: 0.06838 | hit_rate: 0.16794 | map: 0.04599
Thu 04 Apr 2024 20:58:27 INFO 20: precision: 0.01461 | recall: 0.15677 | ndcg: 0.08318 | hit_rate: 0.23602 | map: 0.05015
Thu 04 Apr 2024 20:58:33 INFO Epoch 50, Loss: 179.63141
Thu 04 Apr 2024 20:58:34 INFO Validation Metrics:
Thu 04 Apr 2024 20:58:34 INFO 5: precision: 0.01585 | recall: 0.07033 | ndcg: 0.04633 | hit_rate: 0.07648 | map: 0.03723
Thu 04 Apr 2024 20:58:34 INFO 10: precision: 0.01223 | recall: 0.10722 | ndcg: 0.05861 | hit_rate: 0.11607 | map: 0.04234
Thu 04 Apr 2024 20:58:34 INFO 20: precision: 0.00905 | recall: 0.15647 | ndcg: 0.07146 | hit_rate: 0.16820 | map: 0.04591
Thu 04 Apr 2024 20:58:34 INFO Test Metrics:
Thu 04 Apr 2024 20:58:34 INFO 5: precision: 0.02651 | recall: 0.07295 | ndcg: 0.05591 | hit_rate: 0.11769 | map: 0.04119
Thu 04 Apr 2024 20:58:34 INFO 10: precision: 0.01989 | recall: 0.10722 | ndcg: 0.06890 | hit_rate: 0.16813 | map: 0.04660
Thu 04 Apr 2024 20:58:34 INFO 20: precision: 0.01459 | recall: 0.15647 | ndcg: 0.08354 | hit_rate: 0.23524 | map: 0.05072
Thu 04 Apr 2024 20:58:40 INFO Epoch 51, Loss: 179.54724
Thu 04 Apr 2024 20:58:41 INFO Validation Metrics:
Thu 04 Apr 2024 20:58:41 INFO 5: precision: 0.01616 | recall: 0.07142 | ndcg: 0.04659 | hit_rate: 0.07816 | map: 0.03716
Thu 04 Apr 2024 20:58:41 INFO 10: precision: 0.01233 | recall: 0.10733 | ndcg: 0.05850 | hit_rate: 0.11691 | map: 0.04210
Thu 04 Apr 2024 20:58:41 INFO 20: precision: 0.00896 | recall: 0.15457 | ndcg: 0.07083 | hit_rate: 0.16613 | map: 0.04555
Thu 04 Apr 2024 20:58:41 INFO Test Metrics:
Thu 04 Apr 2024 20:58:41 INFO 5: precision: 0.02634 | recall: 0.07250 | ndcg: 0.05548 | hit_rate: 0.11685 | map: 0.04077
Thu 04 Apr 2024 20:58:41 INFO 10: precision: 0.02014 | recall: 0.10825 | ndcg: 0.06903 | hit_rate: 0.16962 | map: 0.04640
Thu 04 Apr 2024 20:58:41 INFO 20: precision: 0.01474 | recall: 0.15800 | ndcg: 0.08383 | hit_rate: 0.23795 | map: 0.05056
Thu 04 Apr 2024 20:58:47 INFO Epoch 52, Loss: 179.53717
Thu 04 Apr 2024 20:58:48 INFO Validation Metrics:
Thu 04 Apr 2024 20:58:48 INFO 5: precision: 0.01606 | recall: 0.07119 | ndcg: 0.04713 | hit_rate: 0.07751 | map: 0.03798
Thu 04 Apr 2024 20:58:48 INFO 10: precision: 0.01219 | recall: 0.10664 | ndcg: 0.05886 | hit_rate: 0.11601 | map: 0.04282
Thu 04 Apr 2024 20:58:48 INFO 20: precision: 0.00897 | recall: 0.15513 | ndcg: 0.07151 | hit_rate: 0.16639 | map: 0.04636
Thu 04 Apr 2024 20:58:48 INFO Test Metrics:
Thu 04 Apr 2024 20:58:48 INFO 5: precision: 0.02630 | recall: 0.07219 | ndcg: 0.05536 | hit_rate: 0.11678 | map: 0.04074
Thu 04 Apr 2024 20:58:48 INFO 10: precision: 0.02000 | recall: 0.10772 | ndcg: 0.06881 | hit_rate: 0.16904 | map: 0.04630
Thu 04 Apr 2024 20:58:48 INFO 20: precision: 0.01469 | recall: 0.15775 | ndcg: 0.08362 | hit_rate: 0.23679 | map: 0.05046
Thu 04 Apr 2024 20:58:54 INFO Epoch 53, Loss: 179.35599
Thu 04 Apr 2024 20:58:55 INFO Validation Metrics:
Thu 04 Apr 2024 20:58:55 INFO 5: precision: 0.01586 | recall: 0.07083 | ndcg: 0.04606 | hit_rate: 0.07686 | map: 0.03672
Thu 04 Apr 2024 20:58:55 INFO 10: precision: 0.01235 | recall: 0.10823 | ndcg: 0.05848 | hit_rate: 0.11775 | map: 0.04184
Thu 04 Apr 2024 20:58:55 INFO 20: precision: 0.00897 | recall: 0.15527 | ndcg: 0.07068 | hit_rate: 0.16658 | map: 0.04521
Thu 04 Apr 2024 20:58:55 INFO Test Metrics:
Thu 04 Apr 2024 20:58:55 INFO 5: precision: 0.02599 | recall: 0.07174 | ndcg: 0.05505 | hit_rate: 0.11549 | map: 0.04057
Thu 04 Apr 2024 20:58:55 INFO 10: precision: 0.01993 | recall: 0.10772 | ndcg: 0.06873 | hit_rate: 0.16878 | map: 0.04626
Thu 04 Apr 2024 20:58:55 INFO 20: precision: 0.01455 | recall: 0.15613 | ndcg: 0.08320 | hit_rate: 0.23453 | map: 0.05037
Thu 04 Apr 2024 20:59:01 INFO Epoch 54, Loss: 179.24316
Thu 04 Apr 2024 20:59:02 INFO Validation Metrics:
Thu 04 Apr 2024 20:59:02 INFO 5: precision: 0.01580 | recall: 0.06988 | ndcg: 0.04607 | hit_rate: 0.07641 | map: 0.03693
Thu 04 Apr 2024 20:59:02 INFO 10: precision: 0.01236 | recall: 0.10747 | ndcg: 0.05853 | hit_rate: 0.11710 | map: 0.04208
Thu 04 Apr 2024 20:59:02 INFO 20: precision: 0.00911 | recall: 0.15719 | ndcg: 0.07148 | hit_rate: 0.16923 | map: 0.04569
Thu 04 Apr 2024 20:59:02 INFO Test Metrics:
Thu 04 Apr 2024 20:59:02 INFO 5: precision: 0.02625 | recall: 0.07163 | ndcg: 0.05518 | hit_rate: 0.11620 | map: 0.04061
Thu 04 Apr 2024 20:59:02 INFO 10: precision: 0.02009 | recall: 0.10763 | ndcg: 0.06878 | hit_rate: 0.16923 | map: 0.04624
Thu 04 Apr 2024 20:59:02 INFO 20: precision: 0.01474 | recall: 0.15787 | ndcg: 0.08373 | hit_rate: 0.23731 | map: 0.05049
Thu 04 Apr 2024 20:59:08 INFO Epoch 55, Loss: 179.19431
Thu 04 Apr 2024 20:59:09 INFO Validation Metrics:
Thu 04 Apr 2024 20:59:09 INFO 5: precision: 0.01629 | recall: 0.07185 | ndcg: 0.04746 | hit_rate: 0.07880 | map: 0.03806
Thu 04 Apr 2024 20:59:09 INFO 10: precision: 0.01255 | recall: 0.10923 | ndcg: 0.05983 | hit_rate: 0.11891 | map: 0.04318
Thu 04 Apr 2024 20:59:09 INFO 20: precision: 0.00909 | recall: 0.15650 | ndcg: 0.07213 | hit_rate: 0.16800 | map: 0.04661
Thu 04 Apr 2024 20:59:09 INFO Test Metrics:
Thu 04 Apr 2024 20:59:09 INFO 5: precision: 0.02668 | recall: 0.07257 | ndcg: 0.05606 | hit_rate: 0.11833 | map: 0.04123
Thu 04 Apr 2024 20:59:09 INFO 10: precision: 0.02011 | recall: 0.10804 | ndcg: 0.06942 | hit_rate: 0.16949 | map: 0.04681
Thu 04 Apr 2024 20:59:09 INFO 20: precision: 0.01476 | recall: 0.15743 | ndcg: 0.08413 | hit_rate: 0.23770 | map: 0.05093
Thu 04 Apr 2024 20:59:15 INFO Epoch 56, Loss: 179.10893
Thu 04 Apr 2024 20:59:16 INFO Validation Metrics:
Thu 04 Apr 2024 20:59:16 INFO 5: precision: 0.01589 | recall: 0.07035 | ndcg: 0.04646 | hit_rate: 0.07693 | map: 0.03732
Thu 04 Apr 2024 20:59:16 INFO 10: precision: 0.01231 | recall: 0.10733 | ndcg: 0.05874 | hit_rate: 0.11678 | map: 0.04242
Thu 04 Apr 2024 20:59:16 INFO 20: precision: 0.00897 | recall: 0.15496 | ndcg: 0.07118 | hit_rate: 0.16658 | map: 0.04589
Thu 04 Apr 2024 20:59:16 INFO Test Metrics:
Thu 04 Apr 2024 20:59:16 INFO 5: precision: 0.02648 | recall: 0.07317 | ndcg: 0.05605 | hit_rate: 0.11788 | map: 0.04125
Thu 04 Apr 2024 20:59:16 INFO 10: precision: 0.02008 | recall: 0.10786 | ndcg: 0.06927 | hit_rate: 0.17013 | map: 0.04670
Thu 04 Apr 2024 20:59:16 INFO 20: precision: 0.01470 | recall: 0.15816 | ndcg: 0.08415 | hit_rate: 0.23737 | map: 0.05091
Thu 04 Apr 2024 20:59:23 INFO Epoch 57, Loss: 179.00930
Thu 04 Apr 2024 20:59:23 INFO Validation Metrics:
Thu 04 Apr 2024 20:59:23 INFO 5: precision: 0.01572 | recall: 0.06987 | ndcg: 0.04640 | hit_rate: 0.07609 | map: 0.03744
Thu 04 Apr 2024 20:59:23 INFO 10: precision: 0.01222 | recall: 0.10655 | ndcg: 0.05862 | hit_rate: 0.11581 | map: 0.04253
Thu 04 Apr 2024 20:59:23 INFO 20: precision: 0.00901 | recall: 0.15558 | ndcg: 0.07140 | hit_rate: 0.16729 | map: 0.04608
Thu 04 Apr 2024 20:59:23 INFO Test Metrics:
Thu 04 Apr 2024 20:59:23 INFO 5: precision: 0.02640 | recall: 0.07257 | ndcg: 0.05523 | hit_rate: 0.11743 | map: 0.04051
Thu 04 Apr 2024 20:59:23 INFO 10: precision: 0.02005 | recall: 0.10798 | ndcg: 0.06866 | hit_rate: 0.16955 | map: 0.04608
Thu 04 Apr 2024 20:59:23 INFO 20: precision: 0.01467 | recall: 0.15752 | ndcg: 0.08335 | hit_rate: 0.23582 | map: 0.05025
Thu 04 Apr 2024 20:59:30 INFO Epoch 58, Loss: 178.94276
Thu 04 Apr 2024 20:59:30 INFO Validation Metrics:
Thu 04 Apr 2024 20:59:30 INFO 5: precision: 0.01610 | recall: 0.07087 | ndcg: 0.04643 | hit_rate: 0.07783 | map: 0.03706
Thu 04 Apr 2024 20:59:30 INFO 10: precision: 0.01241 | recall: 0.10794 | ndcg: 0.05874 | hit_rate: 0.11762 | map: 0.04219
Thu 04 Apr 2024 20:59:30 INFO 20: precision: 0.00910 | recall: 0.15695 | ndcg: 0.07147 | hit_rate: 0.16826 | map: 0.04572
Thu 04 Apr 2024 20:59:30 INFO Test Metrics:
Thu 04 Apr 2024 20:59:30 INFO 5: precision: 0.02652 | recall: 0.07302 | ndcg: 0.05594 | hit_rate: 0.11788 | map: 0.04112
Thu 04 Apr 2024 20:59:30 INFO 10: precision: 0.02006 | recall: 0.10843 | ndcg: 0.06931 | hit_rate: 0.16955 | map: 0.04668
Thu 04 Apr 2024 20:59:30 INFO 20: precision: 0.01473 | recall: 0.15811 | ndcg: 0.08403 | hit_rate: 0.23679 | map: 0.05080
Thu 04 Apr 2024 20:59:37 INFO Epoch 59, Loss: 178.74400
Thu 04 Apr 2024 20:59:38 INFO Validation Metrics:
Thu 04 Apr 2024 20:59:38 INFO 5: precision: 0.01593 | recall: 0.07053 | ndcg: 0.04689 | hit_rate: 0.07725 | map: 0.03779
Thu 04 Apr 2024 20:59:38 INFO 10: precision: 0.01250 | recall: 0.10852 | ndcg: 0.05952 | hit_rate: 0.11846 | map: 0.04303
Thu 04 Apr 2024 20:59:38 INFO 20: precision: 0.00901 | recall: 0.15533 | ndcg: 0.07172 | hit_rate: 0.16652 | map: 0.04645
Thu 04 Apr 2024 20:59:38 INFO Test Metrics:
Thu 04 Apr 2024 20:59:38 INFO 5: precision: 0.02624 | recall: 0.07235 | ndcg: 0.05558 | hit_rate: 0.11594 | map: 0.04099
Thu 04 Apr 2024 20:59:38 INFO 10: precision: 0.02009 | recall: 0.10779 | ndcg: 0.06905 | hit_rate: 0.16916 | map: 0.04654
Thu 04 Apr 2024 20:59:38 INFO 20: precision: 0.01479 | recall: 0.15847 | ndcg: 0.08409 | hit_rate: 0.23789 | map: 0.05078
Thu 04 Apr 2024 20:59:44 INFO Epoch 60, Loss: 178.75210
Thu 04 Apr 2024 20:59:44 INFO Validation Metrics:
Thu 04 Apr 2024 20:59:44 INFO 5: precision: 0.01594 | recall: 0.07055 | ndcg: 0.04678 | hit_rate: 0.07719 | map: 0.03767
Thu 04 Apr 2024 20:59:44 INFO 10: precision: 0.01243 | recall: 0.10825 | ndcg: 0.05925 | hit_rate: 0.11762 | map: 0.04283
Thu 04 Apr 2024 20:59:44 INFO 20: precision: 0.00900 | recall: 0.15533 | ndcg: 0.07151 | hit_rate: 0.16658 | map: 0.04624
Thu 04 Apr 2024 20:59:44 INFO Test Metrics:
Thu 04 Apr 2024 20:59:44 INFO 5: precision: 0.02635 | recall: 0.07184 | ndcg: 0.05491 | hit_rate: 0.11685 | map: 0.04023
Thu 04 Apr 2024 20:59:44 INFO 10: precision: 0.02011 | recall: 0.10802 | ndcg: 0.06860 | hit_rate: 0.17052 | map: 0.04588
Thu 04 Apr 2024 20:59:44 INFO 20: precision: 0.01471 | recall: 0.15750 | ndcg: 0.08327 | hit_rate: 0.23724 | map: 0.05002
Thu 04 Apr 2024 20:59:51 INFO Epoch 61, Loss: 178.62689
Thu 04 Apr 2024 20:59:51 INFO Validation Metrics:
Thu 04 Apr 2024 20:59:51 INFO 5: precision: 0.01589 | recall: 0.07044 | ndcg: 0.04686 | hit_rate: 0.07712 | map: 0.03781
Thu 04 Apr 2024 20:59:51 INFO 10: precision: 0.01245 | recall: 0.10864 | ndcg: 0.05958 | hit_rate: 0.11820 | map: 0.04312
Thu 04 Apr 2024 20:59:51 INFO 20: precision: 0.00908 | recall: 0.15644 | ndcg: 0.07207 | hit_rate: 0.16832 | map: 0.04661
Thu 04 Apr 2024 20:59:51 INFO Test Metrics:
Thu 04 Apr 2024 20:59:51 INFO 5: precision: 0.02687 | recall: 0.07311 | ndcg: 0.05566 | hit_rate: 0.11898 | map: 0.04066
Thu 04 Apr 2024 20:59:51 INFO 10: precision: 0.02018 | recall: 0.10841 | ndcg: 0.06896 | hit_rate: 0.17091 | map: 0.04617
Thu 04 Apr 2024 20:59:51 INFO 20: precision: 0.01478 | recall: 0.15849 | ndcg: 0.08383 | hit_rate: 0.23718 | map: 0.05041
Thu 04 Apr 2024 20:59:57 INFO Epoch 62, Loss: 178.55544
Thu 04 Apr 2024 20:59:58 INFO Validation Metrics:
Thu 04 Apr 2024 20:59:58 INFO 5: precision: 0.01625 | recall: 0.07166 | ndcg: 0.04707 | hit_rate: 0.07867 | map: 0.03762
Thu 04 Apr 2024 20:59:58 INFO 10: precision: 0.01243 | recall: 0.10812 | ndcg: 0.05917 | hit_rate: 0.11769 | map: 0.04265
Thu 04 Apr 2024 20:59:58 INFO 20: precision: 0.00914 | recall: 0.15792 | ndcg: 0.07211 | hit_rate: 0.16955 | map: 0.04625
Thu 04 Apr 2024 20:59:58 INFO Test Metrics:
Thu 04 Apr 2024 20:59:58 INFO 5: precision: 0.02684 | recall: 0.07326 | ndcg: 0.05624 | hit_rate: 0.11872 | map: 0.04130
Thu 04 Apr 2024 20:59:58 INFO 10: precision: 0.02026 | recall: 0.10915 | ndcg: 0.06975 | hit_rate: 0.17097 | map: 0.04692
Thu 04 Apr 2024 20:59:58 INFO 20: precision: 0.01483 | recall: 0.15864 | ndcg: 0.08444 | hit_rate: 0.23795 | map: 0.05106
Thu 04 Apr 2024 21:00:04 INFO Epoch 63, Loss: 178.42234
Thu 04 Apr 2024 21:00:05 INFO Validation Metrics:
Thu 04 Apr 2024 21:00:05 INFO 5: precision: 0.01598 | recall: 0.07094 | ndcg: 0.04681 | hit_rate: 0.07744 | map: 0.03764
Thu 04 Apr 2024 21:00:05 INFO 10: precision: 0.01245 | recall: 0.10824 | ndcg: 0.05922 | hit_rate: 0.11769 | map: 0.04277
Thu 04 Apr 2024 21:00:05 INFO 20: precision: 0.00908 | recall: 0.15673 | ndcg: 0.07189 | hit_rate: 0.16781 | map: 0.04633
Thu 04 Apr 2024 21:00:05 INFO Test Metrics:
Thu 04 Apr 2024 21:00:05 INFO 5: precision: 0.02683 | recall: 0.07357 | ndcg: 0.05583 | hit_rate: 0.11865 | map: 0.04076
Thu 04 Apr 2024 21:00:05 INFO 10: precision: 0.02006 | recall: 0.10832 | ndcg: 0.06895 | hit_rate: 0.17039 | map: 0.04616
Thu 04 Apr 2024 21:00:05 INFO 20: precision: 0.01476 | recall: 0.15847 | ndcg: 0.08387 | hit_rate: 0.23724 | map: 0.05041
Thu 04 Apr 2024 21:00:11 INFO Epoch 64, Loss: 178.42397
Thu 04 Apr 2024 21:00:12 INFO Validation Metrics:
Thu 04 Apr 2024 21:00:12 INFO 5: precision: 0.01598 | recall: 0.07116 | ndcg: 0.04702 | hit_rate: 0.07732 | map: 0.03787
Thu 04 Apr 2024 21:00:12 INFO 10: precision: 0.01216 | recall: 0.10617 | ndcg: 0.05864 | hit_rate: 0.11542 | map: 0.04266
Thu 04 Apr 2024 21:00:12 INFO 20: precision: 0.00897 | recall: 0.15490 | ndcg: 0.07136 | hit_rate: 0.16645 | map: 0.04621
Thu 04 Apr 2024 21:00:12 INFO Test Metrics:
Thu 04 Apr 2024 21:00:12 INFO 5: precision: 0.02628 | recall: 0.07243 | ndcg: 0.05491 | hit_rate: 0.11665 | map: 0.04010
Thu 04 Apr 2024 21:00:12 INFO 10: precision: 0.01986 | recall: 0.10717 | ndcg: 0.06807 | hit_rate: 0.16794 | map: 0.04559
Thu 04 Apr 2024 21:00:12 INFO 20: precision: 0.01451 | recall: 0.15617 | ndcg: 0.08259 | hit_rate: 0.23363 | map: 0.04971
Thu 04 Apr 2024 21:00:18 INFO Epoch 65, Loss: 178.29306
Thu 04 Apr 2024 21:00:19 INFO Validation Metrics:
Thu 04 Apr 2024 21:00:19 INFO 5: precision: 0.01594 | recall: 0.07061 | ndcg: 0.04651 | hit_rate: 0.07712 | map: 0.03734
Thu 04 Apr 2024 21:00:19 INFO 10: precision: 0.01238 | recall: 0.10784 | ndcg: 0.05894 | hit_rate: 0.11723 | map: 0.04252
Thu 04 Apr 2024 21:00:19 INFO 20: precision: 0.00893 | recall: 0.15438 | ndcg: 0.07105 | hit_rate: 0.16535 | map: 0.04591
Thu 04 Apr 2024 21:00:19 INFO Test Metrics:
Thu 04 Apr 2024 21:00:19 INFO 5: precision: 0.02631 | recall: 0.07231 | ndcg: 0.05532 | hit_rate: 0.11685 | map: 0.04061
Thu 04 Apr 2024 21:00:19 INFO 10: precision: 0.01986 | recall: 0.10764 | ndcg: 0.06861 | hit_rate: 0.16820 | map: 0.04612
Thu 04 Apr 2024 21:00:19 INFO 20: precision: 0.01462 | recall: 0.15709 | ndcg: 0.08336 | hit_rate: 0.23556 | map: 0.05029
Thu 04 Apr 2024 21:00:25 INFO Epoch 66, Loss: 178.25384
Thu 04 Apr 2024 21:00:26 INFO Validation Metrics:
Thu 04 Apr 2024 21:00:26 INFO 5: precision: 0.01625 | recall: 0.07222 | ndcg: 0.04757 | hit_rate: 0.07893 | map: 0.03821
Thu 04 Apr 2024 21:00:26 INFO 10: precision: 0.01247 | recall: 0.10857 | ndcg: 0.05965 | hit_rate: 0.11794 | map: 0.04322
Thu 04 Apr 2024 21:00:26 INFO 20: precision: 0.00912 | recall: 0.15732 | ndcg: 0.07235 | hit_rate: 0.16897 | map: 0.04676
Thu 04 Apr 2024 21:00:26 INFO Test Metrics:
Thu 04 Apr 2024 21:00:26 INFO 5: precision: 0.02662 | recall: 0.07298 | ndcg: 0.05580 | hit_rate: 0.11756 | map: 0.04097
Thu 04 Apr 2024 21:00:26 INFO 10: precision: 0.02015 | recall: 0.10828 | ndcg: 0.06921 | hit_rate: 0.17000 | map: 0.04655
Thu 04 Apr 2024 21:00:26 INFO 20: precision: 0.01475 | recall: 0.15824 | ndcg: 0.08402 | hit_rate: 0.23647 | map: 0.05075
Thu 04 Apr 2024 21:00:32 INFO Epoch 67, Loss: 178.21154
Thu 04 Apr 2024 21:00:33 INFO Validation Metrics:
Thu 04 Apr 2024 21:00:33 INFO 5: precision: 0.01607 | recall: 0.07151 | ndcg: 0.04712 | hit_rate: 0.07796 | map: 0.03783
Thu 04 Apr 2024 21:00:33 INFO 10: precision: 0.01255 | recall: 0.10977 | ndcg: 0.05975 | hit_rate: 0.11936 | map: 0.04303
Thu 04 Apr 2024 21:00:33 INFO 20: precision: 0.00911 | recall: 0.15774 | ndcg: 0.07223 | hit_rate: 0.16904 | map: 0.04651
Thu 04 Apr 2024 21:00:33 INFO Test Metrics:
Thu 04 Apr 2024 21:00:33 INFO 5: precision: 0.02655 | recall: 0.07287 | ndcg: 0.05581 | hit_rate: 0.11743 | map: 0.04106
Thu 04 Apr 2024 21:00:33 INFO 10: precision: 0.02006 | recall: 0.10790 | ndcg: 0.06909 | hit_rate: 0.16929 | map: 0.04656
Thu 04 Apr 2024 21:00:33 INFO 20: precision: 0.01473 | recall: 0.15787 | ndcg: 0.08392 | hit_rate: 0.23673 | map: 0.05075
Thu 04 Apr 2024 21:00:39 INFO Epoch 68, Loss: 178.05557
Thu 04 Apr 2024 21:00:40 INFO Validation Metrics:
Thu 04 Apr 2024 21:00:40 INFO 5: precision: 0.01621 | recall: 0.07107 | ndcg: 0.04722 | hit_rate: 0.07848 | map: 0.03791
Thu 04 Apr 2024 21:00:40 INFO 10: precision: 0.01247 | recall: 0.10856 | ndcg: 0.05964 | hit_rate: 0.11807 | map: 0.04312
Thu 04 Apr 2024 21:00:40 INFO 20: precision: 0.00909 | recall: 0.15705 | ndcg: 0.07227 | hit_rate: 0.16820 | map: 0.04666
Thu 04 Apr 2024 21:00:40 INFO Test Metrics:
Thu 04 Apr 2024 21:00:40 INFO 5: precision: 0.02652 | recall: 0.07225 | ndcg: 0.05579 | hit_rate: 0.11775 | map: 0.04102
Thu 04 Apr 2024 21:00:40 INFO 10: precision: 0.02013 | recall: 0.10787 | ndcg: 0.06932 | hit_rate: 0.16936 | map: 0.04671
Thu 04 Apr 2024 21:00:40 INFO 20: precision: 0.01479 | recall: 0.15786 | ndcg: 0.08423 | hit_rate: 0.23666 | map: 0.05096
Thu 04 Apr 2024 21:00:46 INFO Epoch 69, Loss: 178.00349
Thu 04 Apr 2024 21:00:47 INFO Validation Metrics:
Thu 04 Apr 2024 21:00:47 INFO 5: precision: 0.01621 | recall: 0.07197 | ndcg: 0.04734 | hit_rate: 0.07861 | map: 0.03797
Thu 04 Apr 2024 21:00:47 INFO 10: precision: 0.01254 | recall: 0.10900 | ndcg: 0.05965 | hit_rate: 0.11878 | map: 0.04307
Thu 04 Apr 2024 21:00:47 INFO 20: precision: 0.00907 | recall: 0.15649 | ndcg: 0.07201 | hit_rate: 0.16794 | map: 0.04651
Thu 04 Apr 2024 21:00:47 INFO Test Metrics:
Thu 04 Apr 2024 21:00:47 INFO 5: precision: 0.02714 | recall: 0.07444 | ndcg: 0.05682 | hit_rate: 0.12046 | map: 0.04159
Thu 04 Apr 2024 21:00:47 INFO 10: precision: 0.02018 | recall: 0.10887 | ndcg: 0.06977 | hit_rate: 0.16981 | map: 0.04703
Thu 04 Apr 2024 21:00:47 INFO 20: precision: 0.01473 | recall: 0.15784 | ndcg: 0.08435 | hit_rate: 0.23724 | map: 0.05110
Thu 04 Apr 2024 21:00:53 INFO Epoch 70, Loss: 178.03760
Thu 04 Apr 2024 21:00:54 INFO Validation Metrics:
Thu 04 Apr 2024 21:00:54 INFO 5: precision: 0.01656 | recall: 0.07318 | ndcg: 0.04776 | hit_rate: 0.07996 | map: 0.03809
Thu 04 Apr 2024 21:00:54 INFO 10: precision: 0.01255 | recall: 0.10944 | ndcg: 0.05971 | hit_rate: 0.11885 | map: 0.04301
Thu 04 Apr 2024 21:00:54 INFO 20: precision: 0.00912 | recall: 0.15717 | ndcg: 0.07217 | hit_rate: 0.16878 | map: 0.04649
Thu 04 Apr 2024 21:00:54 INFO Test Metrics:
Thu 04 Apr 2024 21:00:54 INFO 5: precision: 0.02705 | recall: 0.07448 | ndcg: 0.05666 | hit_rate: 0.12007 | map: 0.04147
Thu 04 Apr 2024 21:00:54 INFO 10: precision: 0.02029 | recall: 0.10908 | ndcg: 0.06978 | hit_rate: 0.17136 | map: 0.04692
Thu 04 Apr 2024 21:00:54 INFO 20: precision: 0.01492 | recall: 0.15945 | ndcg: 0.08478 | hit_rate: 0.23983 | map: 0.05117
Thu 04 Apr 2024 21:01:00 INFO Epoch 71, Loss: 177.94348
Thu 04 Apr 2024 21:01:01 INFO Validation Metrics:
Thu 04 Apr 2024 21:01:01 INFO 5: precision: 0.01613 | recall: 0.07161 | ndcg: 0.04789 | hit_rate: 0.07790 | map: 0.03880
Thu 04 Apr 2024 21:01:01 INFO 10: precision: 0.01280 | recall: 0.11184 | ndcg: 0.06121 | hit_rate: 0.12163 | map: 0.04429
Thu 04 Apr 2024 21:01:01 INFO 20: precision: 0.00914 | recall: 0.15727 | ndcg: 0.07307 | hit_rate: 0.16891 | map: 0.04760
Thu 04 Apr 2024 21:01:01 INFO Test Metrics:
Thu 04 Apr 2024 21:01:01 INFO 5: precision: 0.02693 | recall: 0.07392 | ndcg: 0.05647 | hit_rate: 0.11988 | map: 0.04133
Thu 04 Apr 2024 21:01:01 INFO 10: precision: 0.02026 | recall: 0.10918 | ndcg: 0.06978 | hit_rate: 0.17046 | map: 0.04693
Thu 04 Apr 2024 21:01:01 INFO 20: precision: 0.01480 | recall: 0.15870 | ndcg: 0.08447 | hit_rate: 0.23757 | map: 0.05105
Thu 04 Apr 2024 21:01:07 INFO Epoch 72, Loss: 177.89633
Thu 04 Apr 2024 21:01:08 INFO Validation Metrics:
Thu 04 Apr 2024 21:01:08 INFO 5: precision: 0.01633 | recall: 0.07145 | ndcg: 0.04771 | hit_rate: 0.07893 | map: 0.03842
Thu 04 Apr 2024 21:01:08 INFO 10: precision: 0.01250 | recall: 0.10891 | ndcg: 0.06003 | hit_rate: 0.11885 | map: 0.04351
Thu 04 Apr 2024 21:01:08 INFO 20: precision: 0.00920 | recall: 0.15820 | ndcg: 0.07292 | hit_rate: 0.17013 | map: 0.04713
Thu 04 Apr 2024 21:01:08 INFO Test Metrics:
Thu 04 Apr 2024 21:01:08 INFO 5: precision: 0.02739 | recall: 0.07451 | ndcg: 0.05683 | hit_rate: 0.12124 | map: 0.04156
Thu 04 Apr 2024 21:01:08 INFO 10: precision: 0.02044 | recall: 0.10931 | ndcg: 0.06995 | hit_rate: 0.17188 | map: 0.04702
Thu 04 Apr 2024 21:01:08 INFO 20: precision: 0.01495 | recall: 0.16010 | ndcg: 0.08498 | hit_rate: 0.24021 | map: 0.05127
Thu 04 Apr 2024 21:01:14 INFO Epoch 73, Loss: 177.85470
Thu 04 Apr 2024 21:01:15 INFO Validation Metrics:
Thu 04 Apr 2024 21:01:15 INFO 5: precision: 0.01652 | recall: 0.07311 | ndcg: 0.04821 | hit_rate: 0.07990 | map: 0.03871
Thu 04 Apr 2024 21:01:15 INFO 10: precision: 0.01242 | recall: 0.10823 | ndcg: 0.05989 | hit_rate: 0.11775 | map: 0.04359
Thu 04 Apr 2024 21:01:15 INFO 20: precision: 0.00909 | recall: 0.15657 | ndcg: 0.07249 | hit_rate: 0.16852 | map: 0.04710
Thu 04 Apr 2024 21:01:15 INFO Test Metrics:
Thu 04 Apr 2024 21:01:15 INFO 5: precision: 0.02669 | recall: 0.07335 | ndcg: 0.05622 | hit_rate: 0.11846 | map: 0.04135
Thu 04 Apr 2024 21:01:15 INFO 10: precision: 0.02027 | recall: 0.10924 | ndcg: 0.06978 | hit_rate: 0.17130 | map: 0.04699
Thu 04 Apr 2024 21:01:15 INFO 20: precision: 0.01478 | recall: 0.15866 | ndcg: 0.08445 | hit_rate: 0.23744 | map: 0.05115
Thu 04 Apr 2024 21:01:21 INFO Epoch 74, Loss: 177.73672
Thu 04 Apr 2024 21:01:22 INFO Validation Metrics:
Thu 04 Apr 2024 21:01:22 INFO 5: precision: 0.01633 | recall: 0.07258 | ndcg: 0.04791 | hit_rate: 0.07919 | map: 0.03850
Thu 04 Apr 2024 21:01:22 INFO 10: precision: 0.01251 | recall: 0.10929 | ndcg: 0.06009 | hit_rate: 0.11859 | map: 0.04357
Thu 04 Apr 2024 21:01:22 INFO 20: precision: 0.00908 | recall: 0.15626 | ndcg: 0.07236 | hit_rate: 0.16755 | map: 0.04701
Thu 04 Apr 2024 21:01:22 INFO Test Metrics:
Thu 04 Apr 2024 21:01:22 INFO 5: precision: 0.02669 | recall: 0.07343 | ndcg: 0.05601 | hit_rate: 0.11924 | map: 0.04101
Thu 04 Apr 2024 21:01:22 INFO 10: precision: 0.02043 | recall: 0.11008 | ndcg: 0.06984 | hit_rate: 0.17291 | map: 0.04675
Thu 04 Apr 2024 21:01:22 INFO 20: precision: 0.01471 | recall: 0.15759 | ndcg: 0.08396 | hit_rate: 0.23576 | map: 0.05078
Thu 04 Apr 2024 21:01:28 INFO Epoch 75, Loss: 177.71508
Thu 04 Apr 2024 21:01:29 INFO Validation Metrics:
Thu 04 Apr 2024 21:01:29 INFO 5: precision: 0.01626 | recall: 0.07123 | ndcg: 0.04755 | hit_rate: 0.07841 | map: 0.03832
Thu 04 Apr 2024 21:01:29 INFO 10: precision: 0.01263 | recall: 0.10982 | ndcg: 0.06032 | hit_rate: 0.11969 | map: 0.04363
Thu 04 Apr 2024 21:01:29 INFO 20: precision: 0.00920 | recall: 0.15841 | ndcg: 0.07296 | hit_rate: 0.17000 | map: 0.04716
Thu 04 Apr 2024 21:01:29 INFO Test Metrics:
Thu 04 Apr 2024 21:01:29 INFO 5: precision: 0.02717 | recall: 0.07378 | ndcg: 0.05688 | hit_rate: 0.12059 | map: 0.04173
Thu 04 Apr 2024 21:01:29 INFO 10: precision: 0.02066 | recall: 0.11125 | ndcg: 0.07092 | hit_rate: 0.17420 | map: 0.04754
Thu 04 Apr 2024 21:01:29 INFO 20: precision: 0.01478 | recall: 0.15800 | ndcg: 0.08484 | hit_rate: 0.23692 | map: 0.05151
Thu 04 Apr 2024 21:01:35 INFO Epoch 76, Loss: 177.61782
Thu 04 Apr 2024 21:01:36 INFO Validation Metrics:
Thu 04 Apr 2024 21:01:36 INFO 5: precision: 0.01601 | recall: 0.07088 | ndcg: 0.04694 | hit_rate: 0.07732 | map: 0.03781
Thu 04 Apr 2024 21:01:36 INFO 10: precision: 0.01246 | recall: 0.10909 | ndcg: 0.05957 | hit_rate: 0.11840 | map: 0.04303
Thu 04 Apr 2024 21:01:36 INFO 20: precision: 0.00914 | recall: 0.15745 | ndcg: 0.07218 | hit_rate: 0.16904 | map: 0.04652
Thu 04 Apr 2024 21:01:36 INFO Test Metrics:
Thu 04 Apr 2024 21:01:36 INFO 5: precision: 0.02661 | recall: 0.07282 | ndcg: 0.05572 | hit_rate: 0.11820 | map: 0.04080
Thu 04 Apr 2024 21:01:36 INFO 10: precision: 0.02014 | recall: 0.10812 | ndcg: 0.06909 | hit_rate: 0.16987 | map: 0.04637
Thu 04 Apr 2024 21:01:36 INFO 20: precision: 0.01460 | recall: 0.15630 | ndcg: 0.08342 | hit_rate: 0.23511 | map: 0.05042
Thu 04 Apr 2024 21:01:43 INFO Epoch 77, Loss: 177.62343
Thu 04 Apr 2024 21:01:43 INFO Validation Metrics:
Thu 04 Apr 2024 21:01:43 INFO 5: precision: 0.01615 | recall: 0.07093 | ndcg: 0.04718 | hit_rate: 0.07809 | map: 0.03794
Thu 04 Apr 2024 21:01:43 INFO 10: precision: 0.01251 | recall: 0.10882 | ndcg: 0.05968 | hit_rate: 0.11827 | map: 0.04312
Thu 04 Apr 2024 21:01:43 INFO 20: precision: 0.00905 | recall: 0.15542 | ndcg: 0.07188 | hit_rate: 0.16677 | map: 0.04654
Thu 04 Apr 2024 21:01:43 INFO Test Metrics:
Thu 04 Apr 2024 21:01:43 INFO 5: precision: 0.02691 | recall: 0.07344 | ndcg: 0.05636 | hit_rate: 0.11911 | map: 0.04136
Thu 04 Apr 2024 21:01:43 INFO 10: precision: 0.02013 | recall: 0.10788 | ndcg: 0.06934 | hit_rate: 0.16904 | map: 0.04677
Thu 04 Apr 2024 21:01:43 INFO 20: precision: 0.01479 | recall: 0.15854 | ndcg: 0.08438 | hit_rate: 0.23795 | map: 0.05102
Thu 04 Apr 2024 21:01:50 INFO Epoch 78, Loss: 177.54626
Thu 04 Apr 2024 21:01:51 INFO Validation Metrics:
Thu 04 Apr 2024 21:01:51 INFO 5: precision: 0.01616 | recall: 0.07138 | ndcg: 0.04743 | hit_rate: 0.07809 | map: 0.03820
Thu 04 Apr 2024 21:01:51 INFO 10: precision: 0.01261 | recall: 0.11022 | ndcg: 0.06025 | hit_rate: 0.11956 | map: 0.04351
Thu 04 Apr 2024 21:01:51 INFO 20: precision: 0.00916 | recall: 0.15769 | ndcg: 0.07261 | hit_rate: 0.16923 | map: 0.04693
Thu 04 Apr 2024 21:01:51 INFO Test Metrics:
Thu 04 Apr 2024 21:01:51 INFO 5: precision: 0.02661 | recall: 0.07302 | ndcg: 0.05609 | hit_rate: 0.11846 | map: 0.04120
Thu 04 Apr 2024 21:01:51 INFO 10: precision: 0.02007 | recall: 0.10827 | ndcg: 0.06939 | hit_rate: 0.16981 | map: 0.04676
Thu 04 Apr 2024 21:01:51 INFO 20: precision: 0.01480 | recall: 0.15886 | ndcg: 0.08444 | hit_rate: 0.23905 | map: 0.05099
Thu 04 Apr 2024 21:01:57 INFO Epoch 79, Loss: 177.56639
Thu 04 Apr 2024 21:01:58 INFO Validation Metrics:
Thu 04 Apr 2024 21:01:58 INFO 5: precision: 0.01629 | recall: 0.07193 | ndcg: 0.04780 | hit_rate: 0.07893 | map: 0.03851
Thu 04 Apr 2024 21:01:58 INFO 10: precision: 0.01271 | recall: 0.11127 | ndcg: 0.06076 | hit_rate: 0.12104 | map: 0.04385
Thu 04 Apr 2024 21:01:58 INFO 20: precision: 0.00922 | recall: 0.15912 | ndcg: 0.07321 | hit_rate: 0.17084 | map: 0.04732
Thu 04 Apr 2024 21:01:58 INFO Test Metrics:
Thu 04 Apr 2024 21:01:58 INFO 5: precision: 0.02714 | recall: 0.07442 | ndcg: 0.05721 | hit_rate: 0.12059 | map: 0.04212
Thu 04 Apr 2024 21:01:58 INFO 10: precision: 0.02028 | recall: 0.10895 | ndcg: 0.07030 | hit_rate: 0.17084 | map: 0.04760
Thu 04 Apr 2024 21:01:58 INFO 20: precision: 0.01487 | recall: 0.15915 | ndcg: 0.08525 | hit_rate: 0.23866 | map: 0.05185
Thu 04 Apr 2024 21:02:04 INFO Epoch 80, Loss: 177.44643
Thu 04 Apr 2024 21:02:05 INFO Validation Metrics:
Thu 04 Apr 2024 21:02:05 INFO 5: precision: 0.01644 | recall: 0.07302 | ndcg: 0.04790 | hit_rate: 0.07964 | map: 0.03834
Thu 04 Apr 2024 21:02:05 INFO 10: precision: 0.01270 | recall: 0.11102 | ndcg: 0.06050 | hit_rate: 0.12072 | map: 0.04355
Thu 04 Apr 2024 21:02:05 INFO 20: precision: 0.00920 | recall: 0.15839 | ndcg: 0.07287 | hit_rate: 0.17000 | map: 0.04700
Thu 04 Apr 2024 21:02:05 INFO Test Metrics:
Thu 04 Apr 2024 21:02:05 INFO 5: precision: 0.02714 | recall: 0.07493 | ndcg: 0.05709 | hit_rate: 0.12072 | map: 0.04189
Thu 04 Apr 2024 21:02:05 INFO 10: precision: 0.02035 | recall: 0.10979 | ndcg: 0.07034 | hit_rate: 0.17201 | map: 0.04741
Thu 04 Apr 2024 21:02:05 INFO 20: precision: 0.01489 | recall: 0.15958 | ndcg: 0.08515 | hit_rate: 0.23950 | map: 0.05160
Thu 04 Apr 2024 21:02:11 INFO Epoch 81, Loss: 177.46496
Thu 04 Apr 2024 21:02:12 INFO Validation Metrics:
Thu 04 Apr 2024 21:02:12 INFO 5: precision: 0.01630 | recall: 0.07186 | ndcg: 0.04791 | hit_rate: 0.07893 | map: 0.03863
Thu 04 Apr 2024 21:02:12 INFO 10: precision: 0.01276 | recall: 0.11112 | ndcg: 0.06091 | hit_rate: 0.12085 | map: 0.04404
Thu 04 Apr 2024 21:02:12 INFO 20: precision: 0.00914 | recall: 0.15653 | ndcg: 0.07276 | hit_rate: 0.16826 | map: 0.04734
Thu 04 Apr 2024 21:02:12 INFO Test Metrics:
Thu 04 Apr 2024 21:02:12 INFO 5: precision: 0.02743 | recall: 0.07412 | ndcg: 0.05701 | hit_rate: 0.12111 | map: 0.04182
Thu 04 Apr 2024 21:02:12 INFO 10: precision: 0.02055 | recall: 0.10994 | ndcg: 0.07052 | hit_rate: 0.17304 | map: 0.04747
Thu 04 Apr 2024 21:02:12 INFO 20: precision: 0.01482 | recall: 0.15820 | ndcg: 0.08490 | hit_rate: 0.23711 | map: 0.05161
Thu 04 Apr 2024 21:02:18 INFO Epoch 82, Loss: 177.44634
Thu 04 Apr 2024 21:02:19 INFO Validation Metrics:
Thu 04 Apr 2024 21:02:19 INFO 5: precision: 0.01647 | recall: 0.07294 | ndcg: 0.04851 | hit_rate: 0.07996 | map: 0.03908
Thu 04 Apr 2024 21:02:19 INFO 10: precision: 0.01273 | recall: 0.11121 | ndcg: 0.06115 | hit_rate: 0.12079 | map: 0.04433
Thu 04 Apr 2024 21:02:19 INFO 20: precision: 0.00928 | recall: 0.16014 | ndcg: 0.07389 | hit_rate: 0.17175 | map: 0.04788
Thu 04 Apr 2024 21:02:19 INFO Test Metrics:
Thu 04 Apr 2024 21:02:19 INFO 5: precision: 0.02727 | recall: 0.07407 | ndcg: 0.05689 | hit_rate: 0.12091 | map: 0.04173
Thu 04 Apr 2024 21:02:19 INFO 10: precision: 0.02051 | recall: 0.11024 | ndcg: 0.07047 | hit_rate: 0.17298 | map: 0.04740
Thu 04 Apr 2024 21:02:19 INFO 20: precision: 0.01484 | recall: 0.15869 | ndcg: 0.08488 | hit_rate: 0.23802 | map: 0.05149
Thu 04 Apr 2024 21:02:25 INFO Epoch 83, Loss: 177.28021
Thu 04 Apr 2024 21:02:26 INFO Validation Metrics:
Thu 04 Apr 2024 21:02:26 INFO 5: precision: 0.01615 | recall: 0.07121 | ndcg: 0.04715 | hit_rate: 0.07809 | map: 0.03789
Thu 04 Apr 2024 21:02:26 INFO 10: precision: 0.01274 | recall: 0.11104 | ndcg: 0.06034 | hit_rate: 0.12053 | map: 0.04338
Thu 04 Apr 2024 21:02:26 INFO 20: precision: 0.00923 | recall: 0.15903 | ndcg: 0.07286 | hit_rate: 0.17033 | map: 0.04689
Thu 04 Apr 2024 21:02:26 INFO Test Metrics:
Thu 04 Apr 2024 21:02:26 INFO 5: precision: 0.02690 | recall: 0.07360 | ndcg: 0.05659 | hit_rate: 0.12007 | map: 0.04154
Thu 04 Apr 2024 21:02:26 INFO 10: precision: 0.02051 | recall: 0.11042 | ndcg: 0.07047 | hit_rate: 0.17265 | map: 0.04734
Thu 04 Apr 2024 21:02:26 INFO 20: precision: 0.01490 | recall: 0.16002 | ndcg: 0.08515 | hit_rate: 0.23892 | map: 0.05149
Thu 04 Apr 2024 21:02:32 INFO Epoch 84, Loss: 177.27810
Thu 04 Apr 2024 21:02:33 INFO Validation Metrics:
Thu 04 Apr 2024 21:02:33 INFO 5: precision: 0.01659 | recall: 0.07272 | ndcg: 0.04832 | hit_rate: 0.08009 | map: 0.03882
Thu 04 Apr 2024 21:02:33 INFO 10: precision: 0.01277 | recall: 0.11074 | ndcg: 0.06083 | hit_rate: 0.12059 | map: 0.04400
Thu 04 Apr 2024 21:02:33 INFO 20: precision: 0.00927 | recall: 0.15889 | ndcg: 0.07341 | hit_rate: 0.17052 | map: 0.04754
Thu 04 Apr 2024 21:02:33 INFO Test Metrics:
Thu 04 Apr 2024 21:02:33 INFO 5: precision: 0.02736 | recall: 0.07435 | ndcg: 0.05706 | hit_rate: 0.12156 | map: 0.04175
Thu 04 Apr 2024 21:02:33 INFO 10: precision: 0.02074 | recall: 0.11103 | ndcg: 0.07095 | hit_rate: 0.17549 | map: 0.04751
Thu 04 Apr 2024 21:02:33 INFO 20: precision: 0.01483 | recall: 0.15852 | ndcg: 0.08509 | hit_rate: 0.23782 | map: 0.05159
Thu 04 Apr 2024 21:02:39 INFO Epoch 85, Loss: 177.24982
Thu 04 Apr 2024 21:02:40 INFO Validation Metrics:
Thu 04 Apr 2024 21:02:40 INFO 5: precision: 0.01642 | recall: 0.07186 | ndcg: 0.04771 | hit_rate: 0.07925 | map: 0.03836
Thu 04 Apr 2024 21:02:40 INFO 10: precision: 0.01272 | recall: 0.11039 | ndcg: 0.06046 | hit_rate: 0.12014 | map: 0.04368
Thu 04 Apr 2024 21:02:40 INFO 20: precision: 0.00923 | recall: 0.15879 | ndcg: 0.07309 | hit_rate: 0.17020 | map: 0.04722
Thu 04 Apr 2024 21:02:40 INFO Test Metrics:
Thu 04 Apr 2024 21:02:40 INFO 5: precision: 0.02692 | recall: 0.07329 | ndcg: 0.05677 | hit_rate: 0.11885 | map: 0.04190
Thu 04 Apr 2024 21:02:40 INFO 10: precision: 0.02048 | recall: 0.10998 | ndcg: 0.07061 | hit_rate: 0.17278 | map: 0.04764
Thu 04 Apr 2024 21:02:40 INFO 20: precision: 0.01485 | recall: 0.15839 | ndcg: 0.08506 | hit_rate: 0.23744 | map: 0.05176
Thu 04 Apr 2024 21:02:46 INFO Epoch 86, Loss: 177.28408
Thu 04 Apr 2024 21:02:47 INFO Validation Metrics:
Thu 04 Apr 2024 21:02:47 INFO 5: precision: 0.01663 | recall: 0.07323 | ndcg: 0.04871 | hit_rate: 0.08042 | map: 0.03926
Thu 04 Apr 2024 21:02:47 INFO 10: precision: 0.01265 | recall: 0.11004 | ndcg: 0.06084 | hit_rate: 0.11995 | map: 0.04425
Thu 04 Apr 2024 21:02:47 INFO 20: precision: 0.00929 | recall: 0.15941 | ndcg: 0.07378 | hit_rate: 0.17071 | map: 0.04791
Thu 04 Apr 2024 21:02:47 INFO Test Metrics:
Thu 04 Apr 2024 21:02:47 INFO 5: precision: 0.02697 | recall: 0.07332 | ndcg: 0.05672 | hit_rate: 0.11917 | map: 0.04178
Thu 04 Apr 2024 21:02:47 INFO 10: precision: 0.02044 | recall: 0.10951 | ndcg: 0.07040 | hit_rate: 0.17175 | map: 0.04749
Thu 04 Apr 2024 21:02:47 INFO 20: precision: 0.01482 | recall: 0.15816 | ndcg: 0.08493 | hit_rate: 0.23750 | map: 0.05163
Thu 04 Apr 2024 21:02:54 INFO Epoch 87, Loss: 177.13956
Thu 04 Apr 2024 21:02:54 INFO Validation Metrics:
Thu 04 Apr 2024 21:02:54 INFO 5: precision: 0.01633 | recall: 0.07167 | ndcg: 0.04811 | hit_rate: 0.07893 | map: 0.03894
Thu 04 Apr 2024 21:02:54 INFO 10: precision: 0.01269 | recall: 0.11062 | ndcg: 0.06100 | hit_rate: 0.12053 | map: 0.04431
Thu 04 Apr 2024 21:02:54 INFO 20: precision: 0.00925 | recall: 0.15898 | ndcg: 0.07365 | hit_rate: 0.17078 | map: 0.04786
Thu 04 Apr 2024 21:02:54 INFO Test Metrics:
Thu 04 Apr 2024 21:02:54 INFO 5: precision: 0.02754 | recall: 0.07464 | ndcg: 0.05709 | hit_rate: 0.12137 | map: 0.04169
Thu 04 Apr 2024 21:02:54 INFO 10: precision: 0.02069 | recall: 0.11077 | ndcg: 0.07069 | hit_rate: 0.17375 | map: 0.04736
Thu 04 Apr 2024 21:02:54 INFO 20: precision: 0.01491 | recall: 0.15923 | ndcg: 0.08511 | hit_rate: 0.23925 | map: 0.05146
Thu 04 Apr 2024 21:03:01 INFO Epoch 88, Loss: 177.10483
Thu 04 Apr 2024 21:03:01 INFO Validation Metrics:
Thu 04 Apr 2024 21:03:01 INFO 5: precision: 0.01656 | recall: 0.07238 | ndcg: 0.04789 | hit_rate: 0.07996 | map: 0.03833
Thu 04 Apr 2024 21:03:01 INFO 10: precision: 0.01267 | recall: 0.11009 | ndcg: 0.06029 | hit_rate: 0.12001 | map: 0.04347
Thu 04 Apr 2024 21:03:01 INFO 20: precision: 0.00916 | recall: 0.15719 | ndcg: 0.07259 | hit_rate: 0.16878 | map: 0.04692
Thu 04 Apr 2024 21:03:01 INFO Test Metrics:
Thu 04 Apr 2024 21:03:01 INFO 5: precision: 0.02657 | recall: 0.07267 | ndcg: 0.05605 | hit_rate: 0.11775 | map: 0.04132
Thu 04 Apr 2024 21:03:01 INFO 10: precision: 0.02054 | recall: 0.11059 | ndcg: 0.07039 | hit_rate: 0.17336 | map: 0.04724
Thu 04 Apr 2024 21:03:01 INFO 20: precision: 0.01488 | recall: 0.15902 | ndcg: 0.08486 | hit_rate: 0.23828 | map: 0.05140
Thu 04 Apr 2024 21:03:07 INFO Epoch 89, Loss: 177.03774
Thu 04 Apr 2024 21:03:08 INFO Validation Metrics:
Thu 04 Apr 2024 21:03:08 INFO 5: precision: 0.01635 | recall: 0.07187 | ndcg: 0.04781 | hit_rate: 0.07887 | map: 0.03849
Thu 04 Apr 2024 21:03:08 INFO 10: precision: 0.01272 | recall: 0.11098 | ndcg: 0.06075 | hit_rate: 0.12079 | map: 0.04387
Thu 04 Apr 2024 21:03:08 INFO 20: precision: 0.00924 | recall: 0.15877 | ndcg: 0.07324 | hit_rate: 0.17026 | map: 0.04737
Thu 04 Apr 2024 21:03:08 INFO Test Metrics:
Thu 04 Apr 2024 21:03:08 INFO 5: precision: 0.02690 | recall: 0.07317 | ndcg: 0.05649 | hit_rate: 0.11995 | map: 0.04148
Thu 04 Apr 2024 21:03:08 INFO 10: precision: 0.02042 | recall: 0.10958 | ndcg: 0.07025 | hit_rate: 0.17168 | map: 0.04728
Thu 04 Apr 2024 21:03:08 INFO 20: precision: 0.01493 | recall: 0.15935 | ndcg: 0.08512 | hit_rate: 0.23925 | map: 0.05152
Thu 04 Apr 2024 21:03:14 INFO Epoch 90, Loss: 177.13947
Thu 04 Apr 2024 21:03:15 INFO Validation Metrics:
Thu 04 Apr 2024 21:03:15 INFO 5: precision: 0.01630 | recall: 0.07168 | ndcg: 0.04756 | hit_rate: 0.07874 | map: 0.03820
Thu 04 Apr 2024 21:03:15 INFO 10: precision: 0.01254 | recall: 0.10920 | ndcg: 0.05993 | hit_rate: 0.11885 | map: 0.04331
Thu 04 Apr 2024 21:03:15 INFO 20: precision: 0.00920 | recall: 0.15789 | ndcg: 0.07264 | hit_rate: 0.16975 | map: 0.04687
Thu 04 Apr 2024 21:03:15 INFO Test Metrics:
Thu 04 Apr 2024 21:03:15 INFO 5: precision: 0.02668 | recall: 0.07268 | ndcg: 0.05647 | hit_rate: 0.11846 | map: 0.04167
Thu 04 Apr 2024 21:03:15 INFO 10: precision: 0.02057 | recall: 0.11074 | ndcg: 0.07074 | hit_rate: 0.17427 | map: 0.04756
Thu 04 Apr 2024 21:03:15 INFO 20: precision: 0.01492 | recall: 0.15888 | ndcg: 0.08517 | hit_rate: 0.23821 | map: 0.05173
Thu 04 Apr 2024 21:03:21 INFO Epoch 91, Loss: 177.03345
Thu 04 Apr 2024 21:03:22 INFO Validation Metrics:
Thu 04 Apr 2024 21:03:22 INFO 5: precision: 0.01650 | recall: 0.07252 | ndcg: 0.04831 | hit_rate: 0.08016 | map: 0.03891
Thu 04 Apr 2024 21:03:22 INFO 10: precision: 0.01269 | recall: 0.10973 | ndcg: 0.06067 | hit_rate: 0.11975 | map: 0.04407
Thu 04 Apr 2024 21:03:22 INFO 20: precision: 0.00927 | recall: 0.15885 | ndcg: 0.07348 | hit_rate: 0.17046 | map: 0.04766
Thu 04 Apr 2024 21:03:22 INFO Test Metrics:
Thu 04 Apr 2024 21:03:22 INFO 5: precision: 0.02722 | recall: 0.07375 | ndcg: 0.05701 | hit_rate: 0.12014 | map: 0.04197
Thu 04 Apr 2024 21:03:22 INFO 10: precision: 0.02058 | recall: 0.11032 | ndcg: 0.07080 | hit_rate: 0.17362 | map: 0.04769
Thu 04 Apr 2024 21:03:22 INFO 20: precision: 0.01478 | recall: 0.15783 | ndcg: 0.08498 | hit_rate: 0.23782 | map: 0.05175
Thu 04 Apr 2024 21:03:28 INFO Epoch 92, Loss: 176.97394
Thu 04 Apr 2024 21:03:29 INFO Validation Metrics:
Thu 04 Apr 2024 21:03:29 INFO 5: precision: 0.01644 | recall: 0.07150 | ndcg: 0.04830 | hit_rate: 0.07906 | map: 0.03917
Thu 04 Apr 2024 21:03:29 INFO 10: precision: 0.01276 | recall: 0.11061 | ndcg: 0.06116 | hit_rate: 0.12040 | map: 0.04450
Thu 04 Apr 2024 21:03:29 INFO 20: precision: 0.00925 | recall: 0.15800 | ndcg: 0.07354 | hit_rate: 0.16981 | map: 0.04797
Thu 04 Apr 2024 21:03:29 INFO Test Metrics:
Thu 04 Apr 2024 21:03:29 INFO 5: precision: 0.02675 | recall: 0.07262 | ndcg: 0.05605 | hit_rate: 0.11878 | map: 0.04111
Thu 04 Apr 2024 21:03:29 INFO 10: precision: 0.02048 | recall: 0.10986 | ndcg: 0.07009 | hit_rate: 0.17239 | map: 0.04701
Thu 04 Apr 2024 21:03:29 INFO 20: precision: 0.01486 | recall: 0.15850 | ndcg: 0.08461 | hit_rate: 0.23841 | map: 0.05115
Thu 04 Apr 2024 21:03:29 INFO Best Test Metrics:
Thu 04 Apr 2024 21:03:29 INFO 5: precision: 0.02739 | recall: 0.07451 | ndcg: 0.05683 | hit_rate: 0.12124 | map: 0.04156
Thu 04 Apr 2024 21:03:29 INFO 10: precision: 0.02044 | recall: 0.10931 | ndcg: 0.06995 | hit_rate: 0.17188 | map: 0.04702
Thu 04 Apr 2024 21:03:29 INFO 20: precision: 0.01495 | recall: 0.16010 | ndcg: 0.08498 | hit_rate: 0.24021 | map: 0.05127
Thu 04 Apr 2024 21:03:29 INFO Best performance: 0.16010
Thu 04 Apr 2024 21:03:29 INFO Best parameters: {'learning_rate': 0.001, 'ssl_alpha': 0.0001, 'n_layers': 3, 'reg_weight': 1e-05}
Thu 04 Apr 2024 21:03:29 INFO Best metrics:
Thu 04 Apr 2024 21:03:29 INFO 5: precision: 0.02739 | recall: 0.07451 | ndcg: 0.05683 | hit_rate: 0.12124 | map: 0.04156
Thu 04 Apr 2024 21:03:29 INFO 10: precision: 0.02044 | recall: 0.10931 | ndcg: 0.06995 | hit_rate: 0.17188 | map: 0.04702
Thu 04 Apr 2024 21:03:29 INFO 20: precision: 0.01495 | recall: 0.16010 | ndcg: 0.08498 | hit_rate: 0.24021 | map: 0.05127
