Fri 07 Jun 2024 15:54:27 INFO ============Arguments==============
Fri 07 Jun 2024 15:54:27 INFO Model: LightGT
Fri 07 Jun 2024 15:54:27 INFO data_path: sports
Fri 07 Jun 2024 15:54:27 INFO learning_rate: 0.001
Fri 07 Jun 2024 15:54:27 INFO feature_embed: 64
Fri 07 Jun 2024 15:54:27 INFO batch_size: 1024
Fri 07 Jun 2024 15:54:27 INFO aggr_mode: add
Fri 07 Jun 2024 15:54:27 INFO reg_weight: 0.001
Fri 07 Jun 2024 15:54:27 INFO dim_E: 64
Fri 07 Jun 2024 15:54:27 INFO num_epoch: 1000
Fri 07 Jun 2024 15:54:27 INFO dropout: 0.2
Fri 07 Jun 2024 15:54:27 INFO n_layers: 2
Fri 07 Jun 2024 15:54:27 INFO corDecay: 0.001
Fri 07 Jun 2024 15:54:27 INFO n_factors: 4
Fri 07 Jun 2024 15:54:27 INFO n_iterations: 3
Fri 07 Jun 2024 15:54:27 INFO cl_weight: 2.0
Fri 07 Jun 2024 15:54:27 INFO mm_layers: 2
Fri 07 Jun 2024 15:54:27 INFO ii_topk: 10
Fri 07 Jun 2024 15:54:27 INFO uu_topk: 40
Fri 07 Jun 2024 15:54:27 INFO lambda_coeff: 0.9
Fri 07 Jun 2024 15:54:27 INFO ssl_temp: 0.9
Fri 07 Jun 2024 15:54:27 INFO ssl_alpha: 0.9
Fri 07 Jun 2024 15:54:27 INFO ae_weight: 0.1
Fri 07 Jun 2024 15:54:27 INFO threshold: 0.1
Fri 07 Jun 2024 15:54:27 INFO prompt_num: 0.1
Fri 07 Jun 2024 15:54:27 INFO neg_weight: 0.1
Fri 07 Jun 2024 15:54:27 INFO cen_reg: 0.005
Fri 07 Jun 2024 15:54:27 INFO n_intents: 128
Fri 07 Jun 2024 15:54:27 INFO G_rate: 0.0001
Fri 07 Jun 2024 15:54:27 INFO align_weight: 0.1
Fri 07 Jun 2024 15:54:27 INFO mask_weight_f: 1.5
Fri 07 Jun 2024 15:54:27 INFO mask_weight_g: 0.001
Fri 07 Jun 2024 15:54:27 INFO leaky: 0.5
Fri 07 Jun 2024 15:54:27 INFO keepRate: 1.0
Fri 07 Jun 2024 15:54:27 INFO mult: 0.1
Fri 07 Jun 2024 15:54:27 INFO seed: 42
Fri 07 Jun 2024 15:54:27 INFO num_workers: 1
Fri 07 Jun 2024 15:54:27 INFO topk: [5, 10, 20]
Fri 07 Jun 2024 15:54:27 INFO local time£ºJun-07-2024-15-54-27
Fri 07 Jun 2024 15:54:28 INFO =========1/1: Parameters:{'n_layers': 4, 'learning_rate': 0.01, 'reg_weight': 0.001}=========
Fri 07 Jun 2024 15:54:51 INFO Epoch 1, Loss: 86.97421
Fri 07 Jun 2024 15:54:56 INFO Validation Metrics:
Fri 07 Jun 2024 15:54:56 INFO 5: precision: 0.00437 | recall: 0.02062 | ndcg: 0.01389 | hit_rate: 0.02184 | map: 0.01149
Fri 07 Jun 2024 15:54:56 INFO 10: precision: 0.00354 | recall: 0.03356 | ndcg: 0.01811 | hit_rate: 0.03531 | map: 0.01321
Fri 07 Jun 2024 15:54:56 INFO 20: precision: 0.00274 | recall: 0.05188 | ndcg: 0.02277 | hit_rate: 0.05460 | map: 0.01447
Fri 07 Jun 2024 15:54:56 INFO Test Metrics:
Fri 07 Jun 2024 15:54:56 INFO 5: precision: 0.00691 | recall: 0.02011 | ndcg: 0.01522 | hit_rate: 0.03300 | map: 0.01109
Fri 07 Jun 2024 15:54:56 INFO 10: precision: 0.00563 | recall: 0.03276 | ndcg: 0.01993 | hit_rate: 0.05339 | map: 0.01286
Fri 07 Jun 2024 15:54:56 INFO 20: precision: 0.00435 | recall: 0.05047 | ndcg: 0.02509 | hit_rate: 0.08203 | map: 0.01412
Fri 07 Jun 2024 15:55:18 INFO Epoch 2, Loss: 60.46375
Fri 07 Jun 2024 15:55:23 INFO Validation Metrics:
Fri 07 Jun 2024 15:55:23 INFO 5: precision: 0.00490 | recall: 0.02320 | ndcg: 0.01545 | hit_rate: 0.02450 | map: 0.01270
Fri 07 Jun 2024 15:55:23 INFO 10: precision: 0.00376 | recall: 0.03568 | ndcg: 0.01950 | hit_rate: 0.03746 | map: 0.01435
Fri 07 Jun 2024 15:55:23 INFO 20: precision: 0.00291 | recall: 0.05511 | ndcg: 0.02445 | hit_rate: 0.05784 | map: 0.01568
Fri 07 Jun 2024 15:55:23 INFO Test Metrics:
Fri 07 Jun 2024 15:55:23 INFO 5: precision: 0.00761 | recall: 0.02229 | ndcg: 0.01653 | hit_rate: 0.03632 | map: 0.01191
Fri 07 Jun 2024 15:55:23 INFO 10: precision: 0.00578 | recall: 0.03350 | ndcg: 0.02074 | hit_rate: 0.05473 | map: 0.01348
Fri 07 Jun 2024 15:55:23 INFO 20: precision: 0.00465 | recall: 0.05411 | ndcg: 0.02673 | hit_rate: 0.08728 | map: 0.01497
Fri 07 Jun 2024 15:55:45 INFO Epoch 3, Loss: 52.89013
Fri 07 Jun 2024 15:55:53 INFO Validation Metrics:
Fri 07 Jun 2024 15:55:53 INFO 5: precision: 0.00506 | recall: 0.02402 | ndcg: 0.01601 | hit_rate: 0.02529 | map: 0.01317
Fri 07 Jun 2024 15:55:53 INFO 10: precision: 0.00407 | recall: 0.03878 | ndcg: 0.02080 | hit_rate: 0.04064 | map: 0.01513
Fri 07 Jun 2024 15:55:53 INFO 20: precision: 0.00317 | recall: 0.06016 | ndcg: 0.02623 | hit_rate: 0.06313 | map: 0.01658
Fri 07 Jun 2024 15:55:53 INFO Test Metrics:
Fri 07 Jun 2024 15:55:53 INFO 5: precision: 0.00805 | recall: 0.02359 | ndcg: 0.01750 | hit_rate: 0.03853 | map: 0.01261
Fri 07 Jun 2024 15:55:53 INFO 10: precision: 0.00636 | recall: 0.03711 | ndcg: 0.02253 | hit_rate: 0.06047 | map: 0.01448
Fri 07 Jun 2024 15:55:53 INFO 20: precision: 0.00499 | recall: 0.05800 | ndcg: 0.02862 | hit_rate: 0.09402 | map: 0.01598
Fri 07 Jun 2024 15:56:17 INFO Epoch 4, Loss: 47.88086
Fri 07 Jun 2024 15:56:25 INFO Validation Metrics:
Fri 07 Jun 2024 15:56:25 INFO 5: precision: 0.00512 | recall: 0.02433 | ndcg: 0.01643 | hit_rate: 0.02560 | map: 0.01362
Fri 07 Jun 2024 15:56:25 INFO 10: precision: 0.00413 | recall: 0.03939 | ndcg: 0.02131 | hit_rate: 0.04122 | map: 0.01561
Fri 07 Jun 2024 15:56:25 INFO 20: precision: 0.00330 | recall: 0.06250 | ndcg: 0.02721 | hit_rate: 0.06558 | map: 0.01720
Fri 07 Jun 2024 15:56:25 INFO Test Metrics:
Fri 07 Jun 2024 15:56:25 INFO 5: precision: 0.00836 | recall: 0.02447 | ndcg: 0.01842 | hit_rate: 0.03998 | map: 0.01338
Fri 07 Jun 2024 15:56:25 INFO 10: precision: 0.00648 | recall: 0.03779 | ndcg: 0.02335 | hit_rate: 0.06151 | map: 0.01521
Fri 07 Jun 2024 15:56:25 INFO 20: precision: 0.00518 | recall: 0.06026 | ndcg: 0.02989 | hit_rate: 0.09782 | map: 0.01682
Fri 07 Jun 2024 15:56:49 INFO Epoch 5, Loss: 43.69887
Fri 07 Jun 2024 15:56:57 INFO Validation Metrics:
Fri 07 Jun 2024 15:56:57 INFO 5: precision: 0.00531 | recall: 0.02519 | ndcg: 0.01698 | hit_rate: 0.02654 | map: 0.01406
Fri 07 Jun 2024 15:56:57 INFO 10: precision: 0.00432 | recall: 0.04117 | ndcg: 0.02212 | hit_rate: 0.04309 | map: 0.01614
Fri 07 Jun 2024 15:56:57 INFO 20: precision: 0.00340 | recall: 0.06455 | ndcg: 0.02807 | hit_rate: 0.06755 | map: 0.01775
Fri 07 Jun 2024 15:56:57 INFO Test Metrics:
Fri 07 Jun 2024 15:56:57 INFO 5: precision: 0.00864 | recall: 0.02555 | ndcg: 0.01911 | hit_rate: 0.04129 | map: 0.01389
Fri 07 Jun 2024 15:56:57 INFO 10: precision: 0.00669 | recall: 0.03910 | ndcg: 0.02415 | hit_rate: 0.06361 | map: 0.01575
Fri 07 Jun 2024 15:56:57 INFO 20: precision: 0.00535 | recall: 0.06210 | ndcg: 0.03087 | hit_rate: 0.10069 | map: 0.01741
Fri 07 Jun 2024 15:57:22 INFO Epoch 6, Loss: 40.41935
Fri 07 Jun 2024 15:57:30 INFO Validation Metrics:
Fri 07 Jun 2024 15:57:30 INFO 5: precision: 0.00548 | recall: 0.02617 | ndcg: 0.01744 | hit_rate: 0.02740 | map: 0.01437
Fri 07 Jun 2024 15:57:30 INFO 10: precision: 0.00441 | recall: 0.04202 | ndcg: 0.02257 | hit_rate: 0.04402 | map: 0.01643
Fri 07 Jun 2024 15:57:30 INFO 20: precision: 0.00351 | recall: 0.06685 | ndcg: 0.02886 | hit_rate: 0.06980 | map: 0.01812
Fri 07 Jun 2024 15:57:30 INFO Test Metrics:
Fri 07 Jun 2024 15:57:30 INFO 5: precision: 0.00866 | recall: 0.02543 | ndcg: 0.01936 | hit_rate: 0.04136 | map: 0.01421
Fri 07 Jun 2024 15:57:30 INFO 10: precision: 0.00696 | recall: 0.04083 | ndcg: 0.02503 | hit_rate: 0.06624 | map: 0.01630
Fri 07 Jun 2024 15:57:30 INFO 20: precision: 0.00556 | recall: 0.06467 | ndcg: 0.03198 | hit_rate: 0.10466 | map: 0.01800
Fri 07 Jun 2024 15:57:54 INFO Epoch 7, Loss: 38.25982
Fri 07 Jun 2024 15:58:03 INFO Validation Metrics:
Fri 07 Jun 2024 15:58:03 INFO 5: precision: 0.00564 | recall: 0.02691 | ndcg: 0.01786 | hit_rate: 0.02820 | map: 0.01466
Fri 07 Jun 2024 15:58:03 INFO 10: precision: 0.00459 | recall: 0.04360 | ndcg: 0.02326 | hit_rate: 0.04575 | map: 0.01684
Fri 07 Jun 2024 15:58:03 INFO 20: precision: 0.00360 | recall: 0.06830 | ndcg: 0.02952 | hit_rate: 0.07146 | map: 0.01852
Fri 07 Jun 2024 15:58:03 INFO Test Metrics:
Fri 07 Jun 2024 15:58:03 INFO 5: precision: 0.00892 | recall: 0.02637 | ndcg: 0.01990 | hit_rate: 0.04257 | map: 0.01455
Fri 07 Jun 2024 15:58:03 INFO 10: precision: 0.00713 | recall: 0.04186 | ndcg: 0.02562 | hit_rate: 0.06773 | map: 0.01665
Fri 07 Jun 2024 15:58:03 INFO 20: precision: 0.00570 | recall: 0.06643 | ndcg: 0.03277 | hit_rate: 0.10781 | map: 0.01839
Fri 07 Jun 2024 15:58:27 INFO Epoch 8, Loss: 35.46333
Fri 07 Jun 2024 15:58:35 INFO Validation Metrics:
Fri 07 Jun 2024 15:58:35 INFO 5: precision: 0.00576 | recall: 0.02734 | ndcg: 0.01826 | hit_rate: 0.02878 | map: 0.01503
Fri 07 Jun 2024 15:58:35 INFO 10: precision: 0.00461 | recall: 0.04377 | ndcg: 0.02357 | hit_rate: 0.04599 | map: 0.01717
Fri 07 Jun 2024 15:58:35 INFO 20: precision: 0.00369 | recall: 0.07026 | ndcg: 0.03030 | hit_rate: 0.07343 | map: 0.01899
Fri 07 Jun 2024 15:58:35 INFO Test Metrics:
Fri 07 Jun 2024 15:58:35 INFO 5: precision: 0.00905 | recall: 0.02677 | ndcg: 0.02035 | hit_rate: 0.04316 | map: 0.01496
Fri 07 Jun 2024 15:58:35 INFO 10: precision: 0.00725 | recall: 0.04244 | ndcg: 0.02619 | hit_rate: 0.06897 | map: 0.01710
Fri 07 Jun 2024 15:58:35 INFO 20: precision: 0.00579 | recall: 0.06745 | ndcg: 0.03347 | hit_rate: 0.10923 | map: 0.01889
Fri 07 Jun 2024 15:59:00 INFO Epoch 9, Loss: 33.15573
Fri 07 Jun 2024 15:59:07 INFO Validation Metrics:
Fri 07 Jun 2024 15:59:07 INFO 5: precision: 0.00591 | recall: 0.02806 | ndcg: 0.01871 | hit_rate: 0.02954 | map: 0.01539
Fri 07 Jun 2024 15:59:07 INFO 10: precision: 0.00470 | recall: 0.04463 | ndcg: 0.02406 | hit_rate: 0.04692 | map: 0.01754
Fri 07 Jun 2024 15:59:07 INFO 20: precision: 0.00373 | recall: 0.07100 | ndcg: 0.03079 | hit_rate: 0.07419 | map: 0.01938
Fri 07 Jun 2024 15:59:07 INFO Test Metrics:
Fri 07 Jun 2024 15:59:07 INFO 5: precision: 0.00926 | recall: 0.02744 | ndcg: 0.02082 | hit_rate: 0.04426 | map: 0.01527
Fri 07 Jun 2024 15:59:07 INFO 10: precision: 0.00739 | recall: 0.04333 | ndcg: 0.02671 | hit_rate: 0.07018 | map: 0.01745
Fri 07 Jun 2024 15:59:07 INFO 20: precision: 0.00586 | recall: 0.06823 | ndcg: 0.03397 | hit_rate: 0.11044 | map: 0.01923
Fri 07 Jun 2024 15:59:32 INFO Epoch 10, Loss: 31.44274
Fri 07 Jun 2024 15:59:39 INFO Validation Metrics:
Fri 07 Jun 2024 15:59:39 INFO 5: precision: 0.00603 | recall: 0.02866 | ndcg: 0.01897 | hit_rate: 0.03017 | map: 0.01552
Fri 07 Jun 2024 15:59:39 INFO 10: precision: 0.00483 | recall: 0.04590 | ndcg: 0.02453 | hit_rate: 0.04817 | map: 0.01776
Fri 07 Jun 2024 15:59:39 INFO 20: precision: 0.00384 | recall: 0.07312 | ndcg: 0.03144 | hit_rate: 0.07636 | map: 0.01963
Fri 07 Jun 2024 15:59:39 INFO Test Metrics:
Fri 07 Jun 2024 15:59:39 INFO 5: precision: 0.00939 | recall: 0.02772 | ndcg: 0.02109 | hit_rate: 0.04485 | map: 0.01548
Fri 07 Jun 2024 15:59:39 INFO 10: precision: 0.00750 | recall: 0.04394 | ndcg: 0.02711 | hit_rate: 0.07111 | map: 0.01772
Fri 07 Jun 2024 15:59:39 INFO 20: precision: 0.00596 | recall: 0.06933 | ndcg: 0.03453 | hit_rate: 0.11234 | map: 0.01954
Fri 07 Jun 2024 16:00:04 INFO Epoch 11, Loss: 29.81989
Fri 07 Jun 2024 16:00:12 INFO Validation Metrics:
Fri 07 Jun 2024 16:00:12 INFO 5: precision: 0.00603 | recall: 0.02859 | ndcg: 0.01924 | hit_rate: 0.03013 | map: 0.01589
Fri 07 Jun 2024 16:00:12 INFO 10: precision: 0.00486 | recall: 0.04611 | ndcg: 0.02490 | hit_rate: 0.04848 | map: 0.01817
Fri 07 Jun 2024 16:00:12 INFO 20: precision: 0.00387 | recall: 0.07358 | ndcg: 0.03188 | hit_rate: 0.07681 | map: 0.02006
Fri 07 Jun 2024 16:00:12 INFO Test Metrics:
Fri 07 Jun 2024 16:00:12 INFO 5: precision: 0.00956 | recall: 0.02830 | ndcg: 0.02156 | hit_rate: 0.04565 | map: 0.01587
Fri 07 Jun 2024 16:00:12 INFO 10: precision: 0.00758 | recall: 0.04449 | ndcg: 0.02755 | hit_rate: 0.07167 | map: 0.01809
Fri 07 Jun 2024 16:00:12 INFO 20: precision: 0.00604 | recall: 0.07047 | ndcg: 0.03513 | hit_rate: 0.11375 | map: 0.01995
Fri 07 Jun 2024 16:00:37 INFO Epoch 12, Loss: 28.02083
Fri 07 Jun 2024 16:00:45 INFO Validation Metrics:
Fri 07 Jun 2024 16:00:45 INFO 5: precision: 0.00622 | recall: 0.02958 | ndcg: 0.01967 | hit_rate: 0.03110 | map: 0.01614
Fri 07 Jun 2024 16:00:45 INFO 10: precision: 0.00502 | recall: 0.04768 | ndcg: 0.02553 | hit_rate: 0.05000 | map: 0.01852
Fri 07 Jun 2024 16:00:45 INFO 20: precision: 0.00393 | recall: 0.07480 | ndcg: 0.03239 | hit_rate: 0.07809 | map: 0.02036
Fri 07 Jun 2024 16:00:45 INFO Test Metrics:
Fri 07 Jun 2024 16:00:45 INFO 5: precision: 0.00968 | recall: 0.02853 | ndcg: 0.02155 | hit_rate: 0.04616 | map: 0.01575
Fri 07 Jun 2024 16:00:45 INFO 10: precision: 0.00775 | recall: 0.04563 | ndcg: 0.02786 | hit_rate: 0.07336 | map: 0.01810
Fri 07 Jun 2024 16:00:45 INFO 20: precision: 0.00608 | recall: 0.07087 | ndcg: 0.03526 | hit_rate: 0.11444 | map: 0.01993
Fri 07 Jun 2024 16:01:09 INFO Epoch 13, Loss: 26.70408
Fri 07 Jun 2024 16:01:17 INFO Validation Metrics:
Fri 07 Jun 2024 16:01:17 INFO 5: precision: 0.00635 | recall: 0.03021 | ndcg: 0.02000 | hit_rate: 0.03176 | map: 0.01637
Fri 07 Jun 2024 16:01:17 INFO 10: precision: 0.00506 | recall: 0.04807 | ndcg: 0.02580 | hit_rate: 0.05038 | map: 0.01873
Fri 07 Jun 2024 16:01:17 INFO 20: precision: 0.00399 | recall: 0.07599 | ndcg: 0.03287 | hit_rate: 0.07923 | map: 0.02063
Fri 07 Jun 2024 16:01:17 INFO Test Metrics:
Fri 07 Jun 2024 16:01:17 INFO 5: precision: 0.00968 | recall: 0.02851 | ndcg: 0.02177 | hit_rate: 0.04613 | map: 0.01602
Fri 07 Jun 2024 16:01:17 INFO 10: precision: 0.00789 | recall: 0.04643 | ndcg: 0.02838 | hit_rate: 0.07474 | map: 0.01848
Fri 07 Jun 2024 16:01:17 INFO 20: precision: 0.00614 | recall: 0.07141 | ndcg: 0.03571 | hit_rate: 0.11517 | map: 0.02029
Fri 07 Jun 2024 16:01:41 INFO Epoch 14, Loss: 25.05171
Fri 07 Jun 2024 16:01:49 INFO Validation Metrics:
Fri 07 Jun 2024 16:01:49 INFO 5: precision: 0.00648 | recall: 0.03080 | ndcg: 0.02025 | hit_rate: 0.03241 | map: 0.01650
Fri 07 Jun 2024 16:01:49 INFO 10: precision: 0.00515 | recall: 0.04892 | ndcg: 0.02612 | hit_rate: 0.05131 | map: 0.01888
Fri 07 Jun 2024 16:01:49 INFO 20: precision: 0.00400 | recall: 0.07623 | ndcg: 0.03305 | hit_rate: 0.07941 | map: 0.02076
Fri 07 Jun 2024 16:01:49 INFO Test Metrics:
Fri 07 Jun 2024 16:01:49 INFO 5: precision: 0.00981 | recall: 0.02897 | ndcg: 0.02212 | hit_rate: 0.04692 | map: 0.01628
Fri 07 Jun 2024 16:01:49 INFO 10: precision: 0.00793 | recall: 0.04674 | ndcg: 0.02867 | hit_rate: 0.07526 | map: 0.01871
Fri 07 Jun 2024 16:01:49 INFO 20: precision: 0.00620 | recall: 0.07235 | ndcg: 0.03618 | hit_rate: 0.11662 | map: 0.02057
Fri 07 Jun 2024 16:02:14 INFO Epoch 15, Loss: 23.70483
Fri 07 Jun 2024 16:02:22 INFO Validation Metrics:
Fri 07 Jun 2024 16:02:22 INFO 5: precision: 0.00651 | recall: 0.03092 | ndcg: 0.02053 | hit_rate: 0.03255 | map: 0.01683
Fri 07 Jun 2024 16:02:22 INFO 10: precision: 0.00521 | recall: 0.04949 | ndcg: 0.02655 | hit_rate: 0.05187 | map: 0.01927
Fri 07 Jun 2024 16:02:22 INFO 20: precision: 0.00404 | recall: 0.07693 | ndcg: 0.03351 | hit_rate: 0.08017 | map: 0.02115
Fri 07 Jun 2024 16:02:22 INFO Test Metrics:
Fri 07 Jun 2024 16:02:22 INFO 5: precision: 0.00996 | recall: 0.02924 | ndcg: 0.02244 | hit_rate: 0.04765 | map: 0.01651
Fri 07 Jun 2024 16:02:22 INFO 10: precision: 0.00802 | recall: 0.04725 | ndcg: 0.02907 | hit_rate: 0.07619 | map: 0.01898
Fri 07 Jun 2024 16:02:22 INFO 20: precision: 0.00626 | recall: 0.07294 | ndcg: 0.03659 | hit_rate: 0.11755 | map: 0.02085
Fri 07 Jun 2024 16:02:46 INFO Epoch 16, Loss: 22.33077
Fri 07 Jun 2024 16:02:54 INFO Validation Metrics:
Fri 07 Jun 2024 16:02:54 INFO 5: precision: 0.00668 | recall: 0.03169 | ndcg: 0.02104 | hit_rate: 0.03334 | map: 0.01725
Fri 07 Jun 2024 16:02:54 INFO 10: precision: 0.00532 | recall: 0.05050 | ndcg: 0.02711 | hit_rate: 0.05297 | map: 0.01969
Fri 07 Jun 2024 16:02:54 INFO 20: precision: 0.00404 | recall: 0.07666 | ndcg: 0.03376 | hit_rate: 0.08006 | map: 0.02149
Fri 07 Jun 2024 16:02:54 INFO Test Metrics:
Fri 07 Jun 2024 16:02:54 INFO 5: precision: 0.01011 | recall: 0.02969 | ndcg: 0.02277 | hit_rate: 0.04841 | map: 0.01675
Fri 07 Jun 2024 16:02:54 INFO 10: precision: 0.00808 | recall: 0.04770 | ndcg: 0.02939 | hit_rate: 0.07664 | map: 0.01924
Fri 07 Jun 2024 16:02:54 INFO 20: precision: 0.00631 | recall: 0.07366 | ndcg: 0.03700 | hit_rate: 0.11824 | map: 0.02113
Fri 07 Jun 2024 16:03:19 INFO Epoch 17, Loss: 21.26947
Fri 07 Jun 2024 16:03:26 INFO Validation Metrics:
Fri 07 Jun 2024 16:03:26 INFO 5: precision: 0.00686 | recall: 0.03257 | ndcg: 0.02153 | hit_rate: 0.03421 | map: 0.01762
Fri 07 Jun 2024 16:03:26 INFO 10: precision: 0.00538 | recall: 0.05109 | ndcg: 0.02748 | hit_rate: 0.05363 | map: 0.02000
Fri 07 Jun 2024 16:03:26 INFO 20: precision: 0.00412 | recall: 0.07813 | ndcg: 0.03435 | hit_rate: 0.08162 | map: 0.02185
Fri 07 Jun 2024 16:03:26 INFO Test Metrics:
Fri 07 Jun 2024 16:03:26 INFO 5: precision: 0.01014 | recall: 0.02969 | ndcg: 0.02294 | hit_rate: 0.04845 | map: 0.01695
Fri 07 Jun 2024 16:03:26 INFO 10: precision: 0.00812 | recall: 0.04799 | ndcg: 0.02966 | hit_rate: 0.07678 | map: 0.01949
Fri 07 Jun 2024 16:03:26 INFO 20: precision: 0.00637 | recall: 0.07425 | ndcg: 0.03735 | hit_rate: 0.11921 | map: 0.02138
Fri 07 Jun 2024 16:03:51 INFO Epoch 18, Loss: 20.29388
Fri 07 Jun 2024 16:03:59 INFO Validation Metrics:
Fri 07 Jun 2024 16:03:59 INFO 5: precision: 0.00675 | recall: 0.03200 | ndcg: 0.02136 | hit_rate: 0.03369 | map: 0.01756
Fri 07 Jun 2024 16:03:59 INFO 10: precision: 0.00538 | recall: 0.05098 | ndcg: 0.02750 | hit_rate: 0.05349 | map: 0.02004
Fri 07 Jun 2024 16:03:59 INFO 20: precision: 0.00416 | recall: 0.07882 | ndcg: 0.03459 | hit_rate: 0.08241 | map: 0.02196
Fri 07 Jun 2024 16:03:59 INFO Test Metrics:
Fri 07 Jun 2024 16:03:59 INFO 5: precision: 0.01020 | recall: 0.03016 | ndcg: 0.02328 | hit_rate: 0.04886 | map: 0.01724
Fri 07 Jun 2024 16:03:59 INFO 10: precision: 0.00823 | recall: 0.04832 | ndcg: 0.03003 | hit_rate: 0.07768 | map: 0.01978
Fri 07 Jun 2024 16:03:59 INFO 20: precision: 0.00638 | recall: 0.07452 | ndcg: 0.03767 | hit_rate: 0.11959 | map: 0.02168
Fri 07 Jun 2024 16:04:23 INFO Epoch 19, Loss: 19.10489
Fri 07 Jun 2024 16:04:31 INFO Validation Metrics:
Fri 07 Jun 2024 16:04:31 INFO 5: precision: 0.00681 | recall: 0.03234 | ndcg: 0.02157 | hit_rate: 0.03404 | map: 0.01772
Fri 07 Jun 2024 16:04:31 INFO 10: precision: 0.00543 | recall: 0.05135 | ndcg: 0.02772 | hit_rate: 0.05394 | map: 0.02020
Fri 07 Jun 2024 16:04:31 INFO 20: precision: 0.00414 | recall: 0.07850 | ndcg: 0.03465 | hit_rate: 0.08203 | map: 0.02209
Fri 07 Jun 2024 16:04:31 INFO Test Metrics:
Fri 07 Jun 2024 16:04:31 INFO 5: precision: 0.01037 | recall: 0.03052 | ndcg: 0.02345 | hit_rate: 0.04955 | map: 0.01730
Fri 07 Jun 2024 16:04:31 INFO 10: precision: 0.00836 | recall: 0.04908 | ndcg: 0.03032 | hit_rate: 0.07896 | map: 0.01988
Fri 07 Jun 2024 16:04:31 INFO 20: precision: 0.00652 | recall: 0.07602 | ndcg: 0.03817 | hit_rate: 0.12194 | map: 0.02182
Fri 07 Jun 2024 16:04:55 INFO Epoch 20, Loss: 17.99680
Fri 07 Jun 2024 16:05:03 INFO Validation Metrics:
Fri 07 Jun 2024 16:05:03 INFO 5: precision: 0.00683 | recall: 0.03239 | ndcg: 0.02162 | hit_rate: 0.03411 | map: 0.01776
Fri 07 Jun 2024 16:05:03 INFO 10: precision: 0.00553 | recall: 0.05228 | ndcg: 0.02805 | hit_rate: 0.05494 | map: 0.02036
Fri 07 Jun 2024 16:05:03 INFO 20: precision: 0.00417 | recall: 0.07911 | ndcg: 0.03487 | hit_rate: 0.08269 | map: 0.02221
Fri 07 Jun 2024 16:05:03 INFO Test Metrics:
Fri 07 Jun 2024 16:05:03 INFO 5: precision: 0.01047 | recall: 0.03082 | ndcg: 0.02364 | hit_rate: 0.05007 | map: 0.01741
Fri 07 Jun 2024 16:05:03 INFO 10: precision: 0.00842 | recall: 0.04940 | ndcg: 0.03052 | hit_rate: 0.07944 | map: 0.01999
Fri 07 Jun 2024 16:05:03 INFO 20: precision: 0.00653 | recall: 0.07652 | ndcg: 0.03841 | hit_rate: 0.12246 | map: 0.02195
Fri 07 Jun 2024 16:05:28 INFO Epoch 21, Loss: 17.31904
Fri 07 Jun 2024 16:05:36 INFO Validation Metrics:
Fri 07 Jun 2024 16:05:36 INFO 5: precision: 0.00697 | recall: 0.03308 | ndcg: 0.02189 | hit_rate: 0.03483 | map: 0.01790
Fri 07 Jun 2024 16:05:36 INFO 10: precision: 0.00553 | recall: 0.05237 | ndcg: 0.02814 | hit_rate: 0.05498 | map: 0.02044
Fri 07 Jun 2024 16:05:36 INFO 20: precision: 0.00421 | recall: 0.07980 | ndcg: 0.03510 | hit_rate: 0.08348 | map: 0.02231
Fri 07 Jun 2024 16:05:36 INFO Test Metrics:
Fri 07 Jun 2024 16:05:36 INFO 5: precision: 0.01043 | recall: 0.03060 | ndcg: 0.02366 | hit_rate: 0.04990 | map: 0.01749
Fri 07 Jun 2024 16:05:36 INFO 10: precision: 0.00853 | recall: 0.04984 | ndcg: 0.03079 | hit_rate: 0.08041 | map: 0.02017
Fri 07 Jun 2024 16:05:36 INFO 20: precision: 0.00655 | recall: 0.07673 | ndcg: 0.03855 | hit_rate: 0.12277 | map: 0.02208
Fri 07 Jun 2024 16:06:00 INFO Epoch 22, Loss: 16.11120
Fri 07 Jun 2024 16:06:08 INFO Validation Metrics:
Fri 07 Jun 2024 16:06:08 INFO 5: precision: 0.00712 | recall: 0.03374 | ndcg: 0.02225 | hit_rate: 0.03556 | map: 0.01815
Fri 07 Jun 2024 16:06:08 INFO 10: precision: 0.00559 | recall: 0.05296 | ndcg: 0.02846 | hit_rate: 0.05556 | map: 0.02067
Fri 07 Jun 2024 16:06:08 INFO 20: precision: 0.00426 | recall: 0.08072 | ndcg: 0.03550 | hit_rate: 0.08455 | map: 0.02255
Fri 07 Jun 2024 16:06:08 INFO Test Metrics:
Fri 07 Jun 2024 16:06:08 INFO 5: precision: 0.01062 | recall: 0.03130 | ndcg: 0.02392 | hit_rate: 0.05083 | map: 0.01758
Fri 07 Jun 2024 16:06:08 INFO 10: precision: 0.00857 | recall: 0.04996 | ndcg: 0.03086 | hit_rate: 0.08093 | map: 0.02017
Fri 07 Jun 2024 16:06:08 INFO 20: precision: 0.00660 | recall: 0.07703 | ndcg: 0.03872 | hit_rate: 0.12332 | map: 0.02213
Fri 07 Jun 2024 16:06:32 INFO Epoch 23, Loss: 15.33857
Fri 07 Jun 2024 16:06:40 INFO Validation Metrics:
Fri 07 Jun 2024 16:06:40 INFO 5: precision: 0.00710 | recall: 0.03358 | ndcg: 0.02218 | hit_rate: 0.03545 | map: 0.01810
Fri 07 Jun 2024 16:06:40 INFO 10: precision: 0.00565 | recall: 0.05347 | ndcg: 0.02862 | hit_rate: 0.05612 | map: 0.02072
Fri 07 Jun 2024 16:06:40 INFO 20: precision: 0.00428 | recall: 0.08124 | ndcg: 0.03565 | hit_rate: 0.08504 | map: 0.02260
Fri 07 Jun 2024 16:06:40 INFO Test Metrics:
Fri 07 Jun 2024 16:06:40 INFO 5: precision: 0.01081 | recall: 0.03208 | ndcg: 0.02439 | hit_rate: 0.05190 | map: 0.01790
Fri 07 Jun 2024 16:06:40 INFO 10: precision: 0.00862 | recall: 0.05034 | ndcg: 0.03117 | hit_rate: 0.08151 | map: 0.02042
Fri 07 Jun 2024 16:06:40 INFO 20: precision: 0.00663 | recall: 0.07742 | ndcg: 0.03902 | hit_rate: 0.12412 | map: 0.02237
Fri 07 Jun 2024 16:07:05 INFO Epoch 24, Loss: 14.58753
Fri 07 Jun 2024 16:07:13 INFO Validation Metrics:
Fri 07 Jun 2024 16:07:13 INFO 5: precision: 0.00709 | recall: 0.03354 | ndcg: 0.02231 | hit_rate: 0.03542 | map: 0.01829
Fri 07 Jun 2024 16:07:13 INFO 10: precision: 0.00568 | recall: 0.05382 | ndcg: 0.02888 | hit_rate: 0.05650 | map: 0.02096
Fri 07 Jun 2024 16:07:13 INFO 20: precision: 0.00431 | recall: 0.08174 | ndcg: 0.03594 | hit_rate: 0.08552 | map: 0.02285
Fri 07 Jun 2024 16:07:13 INFO Test Metrics:
Fri 07 Jun 2024 16:07:13 INFO 5: precision: 0.01088 | recall: 0.03210 | ndcg: 0.02440 | hit_rate: 0.05207 | map: 0.01790
Fri 07 Jun 2024 16:07:13 INFO 10: precision: 0.00870 | recall: 0.05083 | ndcg: 0.03137 | hit_rate: 0.08234 | map: 0.02049
Fri 07 Jun 2024 16:07:13 INFO 20: precision: 0.00668 | recall: 0.07802 | ndcg: 0.03926 | hit_rate: 0.12505 | map: 0.02245
Fri 07 Jun 2024 16:07:37 INFO Epoch 25, Loss: 13.68745
Fri 07 Jun 2024 16:07:45 INFO Validation Metrics:
Fri 07 Jun 2024 16:07:45 INFO 5: precision: 0.00717 | recall: 0.03402 | ndcg: 0.02255 | hit_rate: 0.03583 | map: 0.01846
Fri 07 Jun 2024 16:07:45 INFO 10: precision: 0.00565 | recall: 0.05344 | ndcg: 0.02887 | hit_rate: 0.05612 | map: 0.02105
Fri 07 Jun 2024 16:07:45 INFO 20: precision: 0.00433 | recall: 0.08200 | ndcg: 0.03612 | hit_rate: 0.08583 | map: 0.02299
Fri 07 Jun 2024 16:07:45 INFO Test Metrics:
Fri 07 Jun 2024 16:07:45 INFO 5: precision: 0.01095 | recall: 0.03228 | ndcg: 0.02451 | hit_rate: 0.05252 | map: 0.01797
Fri 07 Jun 2024 16:07:45 INFO 10: precision: 0.00872 | recall: 0.05091 | ndcg: 0.03144 | hit_rate: 0.08258 | map: 0.02055
Fri 07 Jun 2024 16:07:45 INFO 20: precision: 0.00670 | recall: 0.07830 | ndcg: 0.03939 | hit_rate: 0.12533 | map: 0.02254
Fri 07 Jun 2024 16:08:10 INFO Epoch 26, Loss: 12.96191
Fri 07 Jun 2024 16:08:18 INFO Validation Metrics:
Fri 07 Jun 2024 16:08:18 INFO 5: precision: 0.00735 | recall: 0.03479 | ndcg: 0.02296 | hit_rate: 0.03666 | map: 0.01874
Fri 07 Jun 2024 16:08:18 INFO 10: precision: 0.00568 | recall: 0.05380 | ndcg: 0.02914 | hit_rate: 0.05650 | map: 0.02127
Fri 07 Jun 2024 16:08:18 INFO 20: precision: 0.00436 | recall: 0.08245 | ndcg: 0.03642 | hit_rate: 0.08635 | map: 0.02322
Fri 07 Jun 2024 16:08:18 INFO Test Metrics:
Fri 07 Jun 2024 16:08:18 INFO 5: precision: 0.01109 | recall: 0.03264 | ndcg: 0.02485 | hit_rate: 0.05301 | map: 0.01825
Fri 07 Jun 2024 16:08:18 INFO 10: precision: 0.00879 | recall: 0.05137 | ndcg: 0.03180 | hit_rate: 0.08314 | map: 0.02084
Fri 07 Jun 2024 16:08:18 INFO 20: precision: 0.00673 | recall: 0.07848 | ndcg: 0.03969 | hit_rate: 0.12588 | map: 0.02281
Fri 07 Jun 2024 16:08:42 INFO Epoch 27, Loss: 12.23612
Fri 07 Jun 2024 16:08:50 INFO Validation Metrics:
Fri 07 Jun 2024 16:08:50 INFO 5: precision: 0.00738 | recall: 0.03495 | ndcg: 0.02320 | hit_rate: 0.03683 | map: 0.01901
Fri 07 Jun 2024 16:08:50 INFO 10: precision: 0.00569 | recall: 0.05396 | ndcg: 0.02936 | hit_rate: 0.05663 | map: 0.02151
Fri 07 Jun 2024 16:08:50 INFO 20: precision: 0.00436 | recall: 0.08257 | ndcg: 0.03664 | hit_rate: 0.08649 | map: 0.02348
Fri 07 Jun 2024 16:08:50 INFO Test Metrics:
Fri 07 Jun 2024 16:08:50 INFO 5: precision: 0.01122 | recall: 0.03326 | ndcg: 0.02527 | hit_rate: 0.05370 | map: 0.01858
Fri 07 Jun 2024 16:08:50 INFO 10: precision: 0.00886 | recall: 0.05188 | ndcg: 0.03220 | hit_rate: 0.08383 | map: 0.02115
Fri 07 Jun 2024 16:08:50 INFO 20: precision: 0.00677 | recall: 0.07904 | ndcg: 0.04010 | hit_rate: 0.12668 | map: 0.02312
Fri 07 Jun 2024 16:09:14 INFO Epoch 28, Loss: 11.74582
Fri 07 Jun 2024 16:09:22 INFO Validation Metrics:
Fri 07 Jun 2024 16:09:22 INFO 5: precision: 0.00745 | recall: 0.03532 | ndcg: 0.02331 | hit_rate: 0.03718 | map: 0.01902
Fri 07 Jun 2024 16:09:22 INFO 10: precision: 0.00573 | recall: 0.05435 | ndcg: 0.02944 | hit_rate: 0.05701 | map: 0.02150
Fri 07 Jun 2024 16:09:22 INFO 20: precision: 0.00438 | recall: 0.08292 | ndcg: 0.03671 | hit_rate: 0.08687 | map: 0.02346
Fri 07 Jun 2024 16:09:22 INFO Test Metrics:
Fri 07 Jun 2024 16:09:22 INFO 5: precision: 0.01140 | recall: 0.03359 | ndcg: 0.02545 | hit_rate: 0.05453 | map: 0.01867
Fri 07 Jun 2024 16:09:22 INFO 10: precision: 0.00894 | recall: 0.05249 | ndcg: 0.03241 | hit_rate: 0.08462 | map: 0.02126
Fri 07 Jun 2024 16:09:22 INFO 20: precision: 0.00676 | recall: 0.07872 | ndcg: 0.04008 | hit_rate: 0.12626 | map: 0.02317
Fri 07 Jun 2024 16:09:46 INFO Epoch 29, Loss: 11.00535
Fri 07 Jun 2024 16:09:54 INFO Validation Metrics:
Fri 07 Jun 2024 16:09:54 INFO 5: precision: 0.00752 | recall: 0.03557 | ndcg: 0.02345 | hit_rate: 0.03746 | map: 0.01914
Fri 07 Jun 2024 16:09:54 INFO 10: precision: 0.00578 | recall: 0.05483 | ndcg: 0.02968 | hit_rate: 0.05753 | map: 0.02167
Fri 07 Jun 2024 16:09:54 INFO 20: precision: 0.00442 | recall: 0.08364 | ndcg: 0.03699 | hit_rate: 0.08760 | map: 0.02363
Fri 07 Jun 2024 16:09:54 INFO Test Metrics:
Fri 07 Jun 2024 16:09:54 INFO 5: precision: 0.01135 | recall: 0.03352 | ndcg: 0.02539 | hit_rate: 0.05439 | map: 0.01863
Fri 07 Jun 2024 16:09:54 INFO 10: precision: 0.00894 | recall: 0.05230 | ndcg: 0.03237 | hit_rate: 0.08455 | map: 0.02123
Fri 07 Jun 2024 16:09:54 INFO 20: precision: 0.00681 | recall: 0.07937 | ndcg: 0.04025 | hit_rate: 0.12719 | map: 0.02319
Fri 07 Jun 2024 16:10:19 INFO Epoch 30, Loss: 10.61519
Fri 07 Jun 2024 16:10:27 INFO Validation Metrics:
Fri 07 Jun 2024 16:10:27 INFO 5: precision: 0.00761 | recall: 0.03603 | ndcg: 0.02380 | hit_rate: 0.03791 | map: 0.01943
Fri 07 Jun 2024 16:10:27 INFO 10: precision: 0.00585 | recall: 0.05550 | ndcg: 0.03009 | hit_rate: 0.05822 | map: 0.02198
Fri 07 Jun 2024 16:10:27 INFO 20: precision: 0.00444 | recall: 0.08412 | ndcg: 0.03734 | hit_rate: 0.08815 | map: 0.02392
Fri 07 Jun 2024 16:10:27 INFO Test Metrics:
Fri 07 Jun 2024 16:10:27 INFO 5: precision: 0.01158 | recall: 0.03423 | ndcg: 0.02580 | hit_rate: 0.05543 | map: 0.01891
Fri 07 Jun 2024 16:10:27 INFO 10: precision: 0.00902 | recall: 0.05275 | ndcg: 0.03268 | hit_rate: 0.08538 | map: 0.02146
Fri 07 Jun 2024 16:10:27 INFO 20: precision: 0.00681 | recall: 0.07946 | ndcg: 0.04044 | hit_rate: 0.12719 | map: 0.02340
Fri 07 Jun 2024 16:10:51 INFO Epoch 31, Loss: 9.99276
Fri 07 Jun 2024 16:10:59 INFO Validation Metrics:
Fri 07 Jun 2024 16:10:59 INFO 5: precision: 0.00765 | recall: 0.03625 | ndcg: 0.02378 | hit_rate: 0.03811 | map: 0.01934
Fri 07 Jun 2024 16:10:59 INFO 10: precision: 0.00581 | recall: 0.05510 | ndcg: 0.02988 | hit_rate: 0.05781 | map: 0.02182
Fri 07 Jun 2024 16:10:59 INFO 20: precision: 0.00448 | recall: 0.08482 | ndcg: 0.03743 | hit_rate: 0.08884 | map: 0.02385
Fri 07 Jun 2024 16:10:59 INFO Test Metrics:
Fri 07 Jun 2024 16:10:59 INFO 5: precision: 0.01160 | recall: 0.03430 | ndcg: 0.02588 | hit_rate: 0.05536 | map: 0.01901
Fri 07 Jun 2024 16:10:59 INFO 10: precision: 0.00898 | recall: 0.05251 | ndcg: 0.03268 | hit_rate: 0.08514 | map: 0.02153
Fri 07 Jun 2024 16:10:59 INFO 20: precision: 0.00686 | recall: 0.08010 | ndcg: 0.04070 | hit_rate: 0.12809 | map: 0.02355
Fri 07 Jun 2024 16:11:23 INFO Epoch 32, Loss: 9.50480
Fri 07 Jun 2024 16:11:31 INFO Validation Metrics:
Fri 07 Jun 2024 16:11:31 INFO 5: precision: 0.00755 | recall: 0.03575 | ndcg: 0.02353 | hit_rate: 0.03763 | map: 0.01917
Fri 07 Jun 2024 16:11:31 INFO 10: precision: 0.00590 | recall: 0.05611 | ndcg: 0.03011 | hit_rate: 0.05881 | map: 0.02185
Fri 07 Jun 2024 16:11:31 INFO 20: precision: 0.00445 | recall: 0.08428 | ndcg: 0.03727 | hit_rate: 0.08829 | map: 0.02377
Fri 07 Jun 2024 16:11:31 INFO Test Metrics:
Fri 07 Jun 2024 16:11:31 INFO 5: precision: 0.01162 | recall: 0.03429 | ndcg: 0.02590 | hit_rate: 0.05543 | map: 0.01899
Fri 07 Jun 2024 16:11:31 INFO 10: precision: 0.00903 | recall: 0.05300 | ndcg: 0.03284 | hit_rate: 0.08549 | map: 0.02158
Fri 07 Jun 2024 16:11:31 INFO 20: precision: 0.00683 | recall: 0.07979 | ndcg: 0.04066 | hit_rate: 0.12768 | map: 0.02354
Fri 07 Jun 2024 16:11:55 INFO Epoch 33, Loss: 9.05129
Fri 07 Jun 2024 16:12:03 INFO Validation Metrics:
Fri 07 Jun 2024 16:12:03 INFO 5: precision: 0.00755 | recall: 0.03570 | ndcg: 0.02351 | hit_rate: 0.03763 | map: 0.01916
Fri 07 Jun 2024 16:12:03 INFO 10: precision: 0.00594 | recall: 0.05630 | ndcg: 0.03017 | hit_rate: 0.05916 | map: 0.02186
Fri 07 Jun 2024 16:12:03 INFO 20: precision: 0.00448 | recall: 0.08478 | ndcg: 0.03738 | hit_rate: 0.08884 | map: 0.02378
Fri 07 Jun 2024 16:12:03 INFO Test Metrics:
Fri 07 Jun 2024 16:12:03 INFO 5: precision: 0.01164 | recall: 0.03443 | ndcg: 0.02606 | hit_rate: 0.05553 | map: 0.01915
Fri 07 Jun 2024 16:12:03 INFO 10: precision: 0.00908 | recall: 0.05343 | ndcg: 0.03311 | hit_rate: 0.08604 | map: 0.02177
Fri 07 Jun 2024 16:12:03 INFO 20: precision: 0.00690 | recall: 0.08056 | ndcg: 0.04101 | hit_rate: 0.12882 | map: 0.02373
Fri 07 Jun 2024 16:12:27 INFO Epoch 34, Loss: 8.66969
Fri 07 Jun 2024 16:12:35 INFO Validation Metrics:
Fri 07 Jun 2024 16:12:35 INFO 5: precision: 0.00752 | recall: 0.03555 | ndcg: 0.02358 | hit_rate: 0.03749 | map: 0.01930
Fri 07 Jun 2024 16:12:35 INFO 10: precision: 0.00589 | recall: 0.05586 | ndcg: 0.03015 | hit_rate: 0.05867 | map: 0.02196
Fri 07 Jun 2024 16:12:35 INFO 20: precision: 0.00447 | recall: 0.08464 | ndcg: 0.03747 | hit_rate: 0.08863 | map: 0.02394
Fri 07 Jun 2024 16:12:35 INFO Test Metrics:
Fri 07 Jun 2024 16:12:35 INFO 5: precision: 0.01171 | recall: 0.03467 | ndcg: 0.02621 | hit_rate: 0.05605 | map: 0.01922
Fri 07 Jun 2024 16:12:35 INFO 10: precision: 0.00907 | recall: 0.05326 | ndcg: 0.03317 | hit_rate: 0.08604 | map: 0.02184
Fri 07 Jun 2024 16:12:35 INFO 20: precision: 0.00687 | recall: 0.08020 | ndcg: 0.04102 | hit_rate: 0.12820 | map: 0.02381
Fri 07 Jun 2024 16:12:59 INFO Epoch 35, Loss: 8.34232
Fri 07 Jun 2024 16:13:07 INFO Validation Metrics:
Fri 07 Jun 2024 16:13:07 INFO 5: precision: 0.00757 | recall: 0.03587 | ndcg: 0.02371 | hit_rate: 0.03773 | map: 0.01938
Fri 07 Jun 2024 16:13:07 INFO 10: precision: 0.00591 | recall: 0.05610 | ndcg: 0.03026 | hit_rate: 0.05888 | map: 0.02203
Fri 07 Jun 2024 16:13:07 INFO 20: precision: 0.00449 | recall: 0.08498 | ndcg: 0.03761 | hit_rate: 0.08901 | map: 0.02401
Fri 07 Jun 2024 16:13:07 INFO Test Metrics:
Fri 07 Jun 2024 16:13:07 INFO 5: precision: 0.01181 | recall: 0.03473 | ndcg: 0.02627 | hit_rate: 0.05636 | map: 0.01926
Fri 07 Jun 2024 16:13:07 INFO 10: precision: 0.00915 | recall: 0.05383 | ndcg: 0.03333 | hit_rate: 0.08666 | map: 0.02190
Fri 07 Jun 2024 16:13:07 INFO 20: precision: 0.00687 | recall: 0.08038 | ndcg: 0.04105 | hit_rate: 0.12806 | map: 0.02384
Fri 07 Jun 2024 16:13:32 INFO Epoch 36, Loss: 7.83304
Fri 07 Jun 2024 16:13:37 INFO Validation Metrics:
Fri 07 Jun 2024 16:13:37 INFO 5: precision: 0.00762 | recall: 0.03605 | ndcg: 0.02390 | hit_rate: 0.03798 | map: 0.01956
Fri 07 Jun 2024 16:13:37 INFO 10: precision: 0.00597 | recall: 0.05658 | ndcg: 0.03054 | hit_rate: 0.05947 | map: 0.02225
Fri 07 Jun 2024 16:13:37 INFO 20: precision: 0.00448 | recall: 0.08488 | ndcg: 0.03776 | hit_rate: 0.08880 | map: 0.02421
Fri 07 Jun 2024 16:13:37 INFO Test Metrics:
Fri 07 Jun 2024 16:13:37 INFO 5: precision: 0.01194 | recall: 0.03509 | ndcg: 0.02653 | hit_rate: 0.05698 | map: 0.01943
Fri 07 Jun 2024 16:13:37 INFO 10: precision: 0.00919 | recall: 0.05389 | ndcg: 0.03351 | hit_rate: 0.08694 | map: 0.02205
Fri 07 Jun 2024 16:13:37 INFO 20: precision: 0.00693 | recall: 0.08093 | ndcg: 0.04137 | hit_rate: 0.12923 | map: 0.02402
Fri 07 Jun 2024 16:14:00 INFO Epoch 37, Loss: 7.31232
Fri 07 Jun 2024 16:14:07 INFO Validation Metrics:
Fri 07 Jun 2024 16:14:07 INFO 5: precision: 0.00766 | recall: 0.03623 | ndcg: 0.02402 | hit_rate: 0.03818 | map: 0.01966
Fri 07 Jun 2024 16:14:07 INFO 10: precision: 0.00599 | recall: 0.05686 | ndcg: 0.03067 | hit_rate: 0.05968 | map: 0.02235
Fri 07 Jun 2024 16:14:07 INFO 20: precision: 0.00452 | recall: 0.08562 | ndcg: 0.03798 | hit_rate: 0.08974 | map: 0.02432
Fri 07 Jun 2024 16:14:07 INFO Test Metrics:
Fri 07 Jun 2024 16:14:07 INFO 5: precision: 0.01188 | recall: 0.03498 | ndcg: 0.02657 | hit_rate: 0.05660 | map: 0.01955
Fri 07 Jun 2024 16:14:07 INFO 10: precision: 0.00922 | recall: 0.05433 | ndcg: 0.03373 | hit_rate: 0.08725 | map: 0.02223
Fri 07 Jun 2024 16:14:07 INFO 20: precision: 0.00694 | recall: 0.08124 | ndcg: 0.04156 | hit_rate: 0.12951 | map: 0.02419
Fri 07 Jun 2024 16:14:32 INFO Epoch 38, Loss: 6.99935
Fri 07 Jun 2024 16:14:40 INFO Validation Metrics:
Fri 07 Jun 2024 16:14:40 INFO 5: precision: 0.00771 | recall: 0.03656 | ndcg: 0.02420 | hit_rate: 0.03846 | map: 0.01982
Fri 07 Jun 2024 16:14:40 INFO 10: precision: 0.00602 | recall: 0.05718 | ndcg: 0.03085 | hit_rate: 0.06002 | map: 0.02250
Fri 07 Jun 2024 16:14:40 INFO 20: precision: 0.00453 | recall: 0.08580 | ndcg: 0.03811 | hit_rate: 0.08994 | map: 0.02445
Fri 07 Jun 2024 16:14:40 INFO Test Metrics:
Fri 07 Jun 2024 16:14:40 INFO 5: precision: 0.01202 | recall: 0.03548 | ndcg: 0.02681 | hit_rate: 0.05733 | map: 0.01967
Fri 07 Jun 2024 16:14:40 INFO 10: precision: 0.00924 | recall: 0.05450 | ndcg: 0.03383 | hit_rate: 0.08708 | map: 0.02231
Fri 07 Jun 2024 16:14:40 INFO 20: precision: 0.00695 | recall: 0.08135 | ndcg: 0.04165 | hit_rate: 0.12961 | map: 0.02426
Fri 07 Jun 2024 16:15:04 INFO Epoch 39, Loss: 6.74401
Fri 07 Jun 2024 16:15:12 INFO Validation Metrics:
Fri 07 Jun 2024 16:15:12 INFO 5: precision: 0.00774 | recall: 0.03670 | ndcg: 0.02422 | hit_rate: 0.03860 | map: 0.01979
Fri 07 Jun 2024 16:15:12 INFO 10: precision: 0.00598 | recall: 0.05673 | ndcg: 0.03068 | hit_rate: 0.05947 | map: 0.02239
Fri 07 Jun 2024 16:15:12 INFO 20: precision: 0.00453 | recall: 0.08571 | ndcg: 0.03806 | hit_rate: 0.08981 | map: 0.02439
Fri 07 Jun 2024 16:15:12 INFO Test Metrics:
Fri 07 Jun 2024 16:15:12 INFO 5: precision: 0.01196 | recall: 0.03506 | ndcg: 0.02669 | hit_rate: 0.05701 | map: 0.01963
Fri 07 Jun 2024 16:15:12 INFO 10: precision: 0.00921 | recall: 0.05428 | ndcg: 0.03378 | hit_rate: 0.08697 | map: 0.02231
Fri 07 Jun 2024 16:15:12 INFO 20: precision: 0.00694 | recall: 0.08109 | ndcg: 0.04159 | hit_rate: 0.12951 | map: 0.02424
Fri 07 Jun 2024 16:15:36 INFO Epoch 40, Loss: 6.43560
Fri 07 Jun 2024 16:15:44 INFO Validation Metrics:
Fri 07 Jun 2024 16:15:44 INFO 5: precision: 0.00768 | recall: 0.03642 | ndcg: 0.02420 | hit_rate: 0.03832 | map: 0.01984
Fri 07 Jun 2024 16:15:44 INFO 10: precision: 0.00600 | recall: 0.05701 | ndcg: 0.03084 | hit_rate: 0.05981 | map: 0.02253
Fri 07 Jun 2024 16:15:44 INFO 20: precision: 0.00456 | recall: 0.08632 | ndcg: 0.03829 | hit_rate: 0.09046 | map: 0.02453
Fri 07 Jun 2024 16:15:44 INFO Test Metrics:
Fri 07 Jun 2024 16:15:44 INFO 5: precision: 0.01198 | recall: 0.03527 | ndcg: 0.02680 | hit_rate: 0.05712 | map: 0.01972
Fri 07 Jun 2024 16:15:44 INFO 10: precision: 0.00918 | recall: 0.05417 | ndcg: 0.03378 | hit_rate: 0.08670 | map: 0.02234
Fri 07 Jun 2024 16:15:44 INFO 20: precision: 0.00694 | recall: 0.08123 | ndcg: 0.04165 | hit_rate: 0.12934 | map: 0.02431
Fri 07 Jun 2024 16:16:08 INFO Epoch 41, Loss: 6.18526
Fri 07 Jun 2024 16:16:16 INFO Validation Metrics:
Fri 07 Jun 2024 16:16:16 INFO 5: precision: 0.00767 | recall: 0.03631 | ndcg: 0.02417 | hit_rate: 0.03825 | map: 0.01983
Fri 07 Jun 2024 16:16:16 INFO 10: precision: 0.00601 | recall: 0.05704 | ndcg: 0.03086 | hit_rate: 0.05988 | map: 0.02253
Fri 07 Jun 2024 16:16:16 INFO 20: precision: 0.00453 | recall: 0.08562 | ndcg: 0.03813 | hit_rate: 0.08984 | map: 0.02449
Fri 07 Jun 2024 16:16:16 INFO Test Metrics:
Fri 07 Jun 2024 16:16:16 INFO 5: precision: 0.01188 | recall: 0.03490 | ndcg: 0.02656 | hit_rate: 0.05657 | map: 0.01955
Fri 07 Jun 2024 16:16:16 INFO 10: precision: 0.00924 | recall: 0.05474 | ndcg: 0.03385 | hit_rate: 0.08711 | map: 0.02230
Fri 07 Jun 2024 16:16:16 INFO 20: precision: 0.00693 | recall: 0.08097 | ndcg: 0.04153 | hit_rate: 0.12930 | map: 0.02421
Fri 07 Jun 2024 16:16:40 INFO Epoch 42, Loss: 5.83794
Fri 07 Jun 2024 16:16:48 INFO Validation Metrics:
Fri 07 Jun 2024 16:16:48 INFO 5: precision: 0.00782 | recall: 0.03706 | ndcg: 0.02445 | hit_rate: 0.03901 | map: 0.01996
Fri 07 Jun 2024 16:16:48 INFO 10: precision: 0.00600 | recall: 0.05689 | ndcg: 0.03085 | hit_rate: 0.05985 | map: 0.02254
Fri 07 Jun 2024 16:16:48 INFO 20: precision: 0.00457 | recall: 0.08631 | ndcg: 0.03835 | hit_rate: 0.09070 | map: 0.02457
Fri 07 Jun 2024 16:16:48 INFO Test Metrics:
Fri 07 Jun 2024 16:16:48 INFO 5: precision: 0.01192 | recall: 0.03498 | ndcg: 0.02672 | hit_rate: 0.05674 | map: 0.01971
Fri 07 Jun 2024 16:16:48 INFO 10: precision: 0.00928 | recall: 0.05472 | ndcg: 0.03403 | hit_rate: 0.08773 | map: 0.02246
Fri 07 Jun 2024 16:16:48 INFO 20: precision: 0.00695 | recall: 0.08156 | ndcg: 0.04183 | hit_rate: 0.12958 | map: 0.02441
Fri 07 Jun 2024 16:17:13 INFO Epoch 43, Loss: 5.65717
Fri 07 Jun 2024 16:17:21 INFO Validation Metrics:
Fri 07 Jun 2024 16:17:21 INFO 5: precision: 0.00781 | recall: 0.03694 | ndcg: 0.02461 | hit_rate: 0.03898 | map: 0.02020
Fri 07 Jun 2024 16:17:21 INFO 10: precision: 0.00601 | recall: 0.05700 | ndcg: 0.03109 | hit_rate: 0.05992 | map: 0.02282
Fri 07 Jun 2024 16:17:21 INFO 20: precision: 0.00457 | recall: 0.08644 | ndcg: 0.03858 | hit_rate: 0.09067 | map: 0.02484
Fri 07 Jun 2024 16:17:21 INFO Test Metrics:
Fri 07 Jun 2024 16:17:21 INFO 5: precision: 0.01194 | recall: 0.03519 | ndcg: 0.02663 | hit_rate: 0.05698 | map: 0.01955
Fri 07 Jun 2024 16:17:21 INFO 10: precision: 0.00924 | recall: 0.05451 | ndcg: 0.03376 | hit_rate: 0.08725 | map: 0.02222
Fri 07 Jun 2024 16:17:21 INFO 20: precision: 0.00697 | recall: 0.08156 | ndcg: 0.04166 | hit_rate: 0.12992 | map: 0.02420
Fri 07 Jun 2024 16:17:45 INFO Epoch 44, Loss: 5.51664
Fri 07 Jun 2024 16:17:53 INFO Validation Metrics:
Fri 07 Jun 2024 16:17:53 INFO 5: precision: 0.00777 | recall: 0.03677 | ndcg: 0.02446 | hit_rate: 0.03877 | map: 0.02005
Fri 07 Jun 2024 16:17:53 INFO 10: precision: 0.00604 | recall: 0.05722 | ndcg: 0.03108 | hit_rate: 0.06016 | map: 0.02273
Fri 07 Jun 2024 16:17:53 INFO 20: precision: 0.00460 | recall: 0.08688 | ndcg: 0.03863 | hit_rate: 0.09119 | map: 0.02477
Fri 07 Jun 2024 16:17:53 INFO Test Metrics:
Fri 07 Jun 2024 16:17:53 INFO 5: precision: 0.01195 | recall: 0.03524 | ndcg: 0.02668 | hit_rate: 0.05701 | map: 0.01960
Fri 07 Jun 2024 16:17:53 INFO 10: precision: 0.00925 | recall: 0.05437 | ndcg: 0.03376 | hit_rate: 0.08718 | map: 0.02225
Fri 07 Jun 2024 16:17:53 INFO 20: precision: 0.00697 | recall: 0.08146 | ndcg: 0.04165 | hit_rate: 0.12992 | map: 0.02422
Fri 07 Jun 2024 16:18:17 INFO Epoch 45, Loss: 5.16178
Fri 07 Jun 2024 16:18:25 INFO Validation Metrics:
Fri 07 Jun 2024 16:18:25 INFO 5: precision: 0.00787 | recall: 0.03728 | ndcg: 0.02479 | hit_rate: 0.03932 | map: 0.02033
Fri 07 Jun 2024 16:18:25 INFO 10: precision: 0.00606 | recall: 0.05752 | ndcg: 0.03133 | hit_rate: 0.06040 | map: 0.02297
Fri 07 Jun 2024 16:18:25 INFO 20: precision: 0.00455 | recall: 0.08588 | ndcg: 0.03857 | hit_rate: 0.09015 | map: 0.02493
Fri 07 Jun 2024 16:18:25 INFO Test Metrics:
Fri 07 Jun 2024 16:18:25 INFO 5: precision: 0.01207 | recall: 0.03569 | ndcg: 0.02682 | hit_rate: 0.05767 | map: 0.01964
Fri 07 Jun 2024 16:18:25 INFO 10: precision: 0.00923 | recall: 0.05447 | ndcg: 0.03377 | hit_rate: 0.08715 | map: 0.02226
Fri 07 Jun 2024 16:18:25 INFO 20: precision: 0.00700 | recall: 0.08175 | ndcg: 0.04174 | hit_rate: 0.13048 | map: 0.02425
Fri 07 Jun 2024 16:18:49 INFO Epoch 46, Loss: 5.01828
Fri 07 Jun 2024 16:18:57 INFO Validation Metrics:
Fri 07 Jun 2024 16:18:57 INFO 5: precision: 0.00784 | recall: 0.03716 | ndcg: 0.02467 | hit_rate: 0.03915 | map: 0.02021
Fri 07 Jun 2024 16:18:57 INFO 10: precision: 0.00603 | recall: 0.05723 | ndcg: 0.03116 | hit_rate: 0.06016 | map: 0.02284
Fri 07 Jun 2024 16:18:57 INFO 20: precision: 0.00452 | recall: 0.08555 | ndcg: 0.03837 | hit_rate: 0.08977 | map: 0.02478
Fri 07 Jun 2024 16:18:57 INFO Test Metrics:
Fri 07 Jun 2024 16:18:57 INFO 5: precision: 0.01211 | recall: 0.03572 | ndcg: 0.02691 | hit_rate: 0.05781 | map: 0.01973
Fri 07 Jun 2024 16:18:57 INFO 10: precision: 0.00923 | recall: 0.05448 | ndcg: 0.03384 | hit_rate: 0.08704 | map: 0.02235
Fri 07 Jun 2024 16:18:57 INFO 20: precision: 0.00700 | recall: 0.08169 | ndcg: 0.04181 | hit_rate: 0.13044 | map: 0.02434
Fri 07 Jun 2024 16:19:22 INFO Epoch 47, Loss: 4.73815
Fri 07 Jun 2024 16:19:30 INFO Validation Metrics:
Fri 07 Jun 2024 16:19:30 INFO 5: precision: 0.00775 | recall: 0.03667 | ndcg: 0.02452 | hit_rate: 0.03867 | map: 0.02017
Fri 07 Jun 2024 16:19:30 INFO 10: precision: 0.00603 | recall: 0.05714 | ndcg: 0.03116 | hit_rate: 0.06009 | map: 0.02287
Fri 07 Jun 2024 16:19:30 INFO 20: precision: 0.00451 | recall: 0.08535 | ndcg: 0.03836 | hit_rate: 0.08960 | map: 0.02482
Fri 07 Jun 2024 16:19:30 INFO Test Metrics:
Fri 07 Jun 2024 16:19:30 INFO 5: precision: 0.01207 | recall: 0.03568 | ndcg: 0.02686 | hit_rate: 0.05767 | map: 0.01969
Fri 07 Jun 2024 16:19:30 INFO 10: precision: 0.00925 | recall: 0.05449 | ndcg: 0.03388 | hit_rate: 0.08718 | map: 0.02235
Fri 07 Jun 2024 16:19:30 INFO 20: precision: 0.00700 | recall: 0.08159 | ndcg: 0.04180 | hit_rate: 0.13027 | map: 0.02433
Fri 07 Jun 2024 16:19:55 INFO Epoch 48, Loss: 4.77288
Fri 07 Jun 2024 16:20:03 INFO Validation Metrics:
Fri 07 Jun 2024 16:20:03 INFO 5: precision: 0.00781 | recall: 0.03695 | ndcg: 0.02459 | hit_rate: 0.03901 | map: 0.02017
Fri 07 Jun 2024 16:20:03 INFO 10: precision: 0.00604 | recall: 0.05716 | ndcg: 0.03117 | hit_rate: 0.06012 | map: 0.02286
Fri 07 Jun 2024 16:20:03 INFO 20: precision: 0.00452 | recall: 0.08539 | ndcg: 0.03836 | hit_rate: 0.08963 | map: 0.02480
Fri 07 Jun 2024 16:20:03 INFO Test Metrics:
Fri 07 Jun 2024 16:20:03 INFO 5: precision: 0.01204 | recall: 0.03553 | ndcg: 0.02665 | hit_rate: 0.05746 | map: 0.01949
Fri 07 Jun 2024 16:20:03 INFO 10: precision: 0.00926 | recall: 0.05443 | ndcg: 0.03370 | hit_rate: 0.08742 | map: 0.02215
Fri 07 Jun 2024 16:20:03 INFO 20: precision: 0.00701 | recall: 0.08192 | ndcg: 0.04170 | hit_rate: 0.13055 | map: 0.02415
Fri 07 Jun 2024 16:20:27 INFO Epoch 49, Loss: 4.51375
Fri 07 Jun 2024 16:20:35 INFO Validation Metrics:
Fri 07 Jun 2024 16:20:35 INFO 5: precision: 0.00781 | recall: 0.03689 | ndcg: 0.02463 | hit_rate: 0.03901 | map: 0.02024
Fri 07 Jun 2024 16:20:35 INFO 10: precision: 0.00608 | recall: 0.05753 | ndcg: 0.03132 | hit_rate: 0.06057 | map: 0.02295
Fri 07 Jun 2024 16:20:35 INFO 20: precision: 0.00450 | recall: 0.08489 | ndcg: 0.03828 | hit_rate: 0.08918 | map: 0.02483
Fri 07 Jun 2024 16:20:35 INFO Test Metrics:
Fri 07 Jun 2024 16:20:35 INFO 5: precision: 0.01201 | recall: 0.03541 | ndcg: 0.02665 | hit_rate: 0.05733 | map: 0.01952
Fri 07 Jun 2024 16:20:35 INFO 10: precision: 0.00926 | recall: 0.05451 | ndcg: 0.03375 | hit_rate: 0.08739 | map: 0.02219
Fri 07 Jun 2024 16:20:35 INFO 20: precision: 0.00703 | recall: 0.08242 | ndcg: 0.04184 | hit_rate: 0.13103 | map: 0.02421
Fri 07 Jun 2024 16:21:00 INFO Epoch 50, Loss: 4.30527
Fri 07 Jun 2024 16:21:05 INFO Validation Metrics:
Fri 07 Jun 2024 16:21:05 INFO 5: precision: 0.00770 | recall: 0.03637 | ndcg: 0.02443 | hit_rate: 0.03846 | map: 0.02014
Fri 07 Jun 2024 16:21:05 INFO 10: precision: 0.00598 | recall: 0.05661 | ndcg: 0.03103 | hit_rate: 0.05961 | map: 0.02285
Fri 07 Jun 2024 16:21:05 INFO 20: precision: 0.00448 | recall: 0.08478 | ndcg: 0.03820 | hit_rate: 0.08887 | map: 0.02479
Fri 07 Jun 2024 16:21:05 INFO Test Metrics:
Fri 07 Jun 2024 16:21:05 INFO 5: precision: 0.01204 | recall: 0.03553 | ndcg: 0.02671 | hit_rate: 0.05743 | map: 0.01956
Fri 07 Jun 2024 16:21:05 INFO 10: precision: 0.00924 | recall: 0.05423 | ndcg: 0.03369 | hit_rate: 0.08725 | map: 0.02219
Fri 07 Jun 2024 16:21:05 INFO 20: precision: 0.00695 | recall: 0.08122 | ndcg: 0.04155 | hit_rate: 0.12923 | map: 0.02417
Fri 07 Jun 2024 16:21:29 INFO Epoch 51, Loss: 4.24143
Fri 07 Jun 2024 16:21:37 INFO Validation Metrics:
Fri 07 Jun 2024 16:21:37 INFO 5: precision: 0.00779 | recall: 0.03681 | ndcg: 0.02472 | hit_rate: 0.03891 | map: 0.02038
Fri 07 Jun 2024 16:21:37 INFO 10: precision: 0.00604 | recall: 0.05718 | ndcg: 0.03134 | hit_rate: 0.06012 | map: 0.02309
Fri 07 Jun 2024 16:21:37 INFO 20: precision: 0.00447 | recall: 0.08465 | ndcg: 0.03834 | hit_rate: 0.08884 | map: 0.02498
Fri 07 Jun 2024 16:21:37 INFO Test Metrics:
Fri 07 Jun 2024 16:21:37 INFO 5: precision: 0.01192 | recall: 0.03524 | ndcg: 0.02649 | hit_rate: 0.05688 | map: 0.01940
Fri 07 Jun 2024 16:21:37 INFO 10: precision: 0.00924 | recall: 0.05436 | ndcg: 0.03359 | hit_rate: 0.08732 | map: 0.02205
Fri 07 Jun 2024 16:21:37 INFO 20: precision: 0.00699 | recall: 0.08163 | ndcg: 0.04154 | hit_rate: 0.12999 | map: 0.02405
Fri 07 Jun 2024 16:22:02 INFO Epoch 52, Loss: 4.00869
Fri 07 Jun 2024 16:22:10 INFO Validation Metrics:
Fri 07 Jun 2024 16:22:10 INFO 5: precision: 0.00782 | recall: 0.03706 | ndcg: 0.02484 | hit_rate: 0.03908 | map: 0.02047
Fri 07 Jun 2024 16:22:10 INFO 10: precision: 0.00604 | recall: 0.05723 | ndcg: 0.03138 | hit_rate: 0.06019 | map: 0.02313
Fri 07 Jun 2024 16:22:10 INFO 20: precision: 0.00447 | recall: 0.08451 | ndcg: 0.03833 | hit_rate: 0.08874 | map: 0.02501
Fri 07 Jun 2024 16:22:10 INFO Test Metrics:
Fri 07 Jun 2024 16:22:10 INFO 5: precision: 0.01199 | recall: 0.03542 | ndcg: 0.02668 | hit_rate: 0.05733 | map: 0.01954
Fri 07 Jun 2024 16:22:10 INFO 10: precision: 0.00927 | recall: 0.05452 | ndcg: 0.03377 | hit_rate: 0.08749 | map: 0.02220
Fri 07 Jun 2024 16:22:10 INFO 20: precision: 0.00700 | recall: 0.08208 | ndcg: 0.04176 | hit_rate: 0.13062 | map: 0.02420
Fri 07 Jun 2024 16:22:34 INFO Epoch 53, Loss: 3.85723
Fri 07 Jun 2024 16:22:42 INFO Validation Metrics:
Fri 07 Jun 2024 16:22:42 INFO 5: precision: 0.00780 | recall: 0.03696 | ndcg: 0.02472 | hit_rate: 0.03894 | map: 0.02035
Fri 07 Jun 2024 16:22:42 INFO 10: precision: 0.00604 | recall: 0.05722 | ndcg: 0.03130 | hit_rate: 0.06019 | map: 0.02302
Fri 07 Jun 2024 16:22:42 INFO 20: precision: 0.00449 | recall: 0.08503 | ndcg: 0.03837 | hit_rate: 0.08925 | map: 0.02493
Fri 07 Jun 2024 16:22:42 INFO Test Metrics:
Fri 07 Jun 2024 16:22:42 INFO 5: precision: 0.01212 | recall: 0.03589 | ndcg: 0.02694 | hit_rate: 0.05791 | map: 0.01972
Fri 07 Jun 2024 16:22:42 INFO 10: precision: 0.00936 | recall: 0.05496 | ndcg: 0.03402 | hit_rate: 0.08849 | map: 0.02235
Fri 07 Jun 2024 16:22:42 INFO 20: precision: 0.00704 | recall: 0.08239 | ndcg: 0.04196 | hit_rate: 0.13124 | map: 0.02434
Fri 07 Jun 2024 16:23:06 INFO Epoch 54, Loss: 3.84399
Fri 07 Jun 2024 16:23:14 INFO Validation Metrics:
Fri 07 Jun 2024 16:23:14 INFO 5: precision: 0.00776 | recall: 0.03679 | ndcg: 0.02456 | hit_rate: 0.03877 | map: 0.02021
Fri 07 Jun 2024 16:23:14 INFO 10: precision: 0.00605 | recall: 0.05735 | ndcg: 0.03123 | hit_rate: 0.06030 | map: 0.02292
Fri 07 Jun 2024 16:23:14 INFO 20: precision: 0.00447 | recall: 0.08450 | ndcg: 0.03815 | hit_rate: 0.08877 | map: 0.02479
Fri 07 Jun 2024 16:23:14 INFO Test Metrics:
Fri 07 Jun 2024 16:23:14 INFO 5: precision: 0.01217 | recall: 0.03586 | ndcg: 0.02701 | hit_rate: 0.05815 | map: 0.01980
Fri 07 Jun 2024 16:23:14 INFO 10: precision: 0.00929 | recall: 0.05455 | ndcg: 0.03394 | hit_rate: 0.08773 | map: 0.02240
Fri 07 Jun 2024 16:23:14 INFO 20: precision: 0.00702 | recall: 0.08211 | ndcg: 0.04197 | hit_rate: 0.13117 | map: 0.02440
Fri 07 Jun 2024 16:23:39 INFO Epoch 55, Loss: 3.71174
Fri 07 Jun 2024 16:23:47 INFO Validation Metrics:
Fri 07 Jun 2024 16:23:47 INFO 5: precision: 0.00778 | recall: 0.03682 | ndcg: 0.02441 | hit_rate: 0.03887 | map: 0.01999
Fri 07 Jun 2024 16:23:47 INFO 10: precision: 0.00604 | recall: 0.05721 | ndcg: 0.03103 | hit_rate: 0.06012 | map: 0.02268
Fri 07 Jun 2024 16:23:47 INFO 20: precision: 0.00448 | recall: 0.08453 | ndcg: 0.03797 | hit_rate: 0.08887 | map: 0.02454
Fri 07 Jun 2024 16:23:47 INFO Test Metrics:
Fri 07 Jun 2024 16:23:47 INFO 5: precision: 0.01216 | recall: 0.03584 | ndcg: 0.02707 | hit_rate: 0.05805 | map: 0.01991
Fri 07 Jun 2024 16:23:47 INFO 10: precision: 0.00920 | recall: 0.05397 | ndcg: 0.03382 | hit_rate: 0.08701 | map: 0.02244
Fri 07 Jun 2024 16:23:47 INFO 20: precision: 0.00702 | recall: 0.08221 | ndcg: 0.04201 | hit_rate: 0.13106 | map: 0.02448
Fri 07 Jun 2024 16:24:11 INFO Epoch 56, Loss: 3.56777
Fri 07 Jun 2024 16:24:19 INFO Validation Metrics:
Fri 07 Jun 2024 16:24:19 INFO 5: precision: 0.00780 | recall: 0.03683 | ndcg: 0.02458 | hit_rate: 0.03894 | map: 0.02020
Fri 07 Jun 2024 16:24:19 INFO 10: precision: 0.00604 | recall: 0.05714 | ndcg: 0.03115 | hit_rate: 0.06009 | map: 0.02287
Fri 07 Jun 2024 16:24:19 INFO 20: precision: 0.00444 | recall: 0.08396 | ndcg: 0.03797 | hit_rate: 0.08822 | map: 0.02470
Fri 07 Jun 2024 16:24:19 INFO Test Metrics:
Fri 07 Jun 2024 16:24:19 INFO 5: precision: 0.01196 | recall: 0.03533 | ndcg: 0.02679 | hit_rate: 0.05722 | map: 0.01971
Fri 07 Jun 2024 16:24:19 INFO 10: precision: 0.00914 | recall: 0.05373 | ndcg: 0.03362 | hit_rate: 0.08635 | map: 0.02228
Fri 07 Jun 2024 16:24:19 INFO 20: precision: 0.00700 | recall: 0.08199 | ndcg: 0.04184 | hit_rate: 0.13068 | map: 0.02433
Fri 07 Jun 2024 16:24:44 INFO Epoch 57, Loss: 3.44510
Fri 07 Jun 2024 16:24:52 INFO Validation Metrics:
Fri 07 Jun 2024 16:24:52 INFO 5: precision: 0.00776 | recall: 0.03667 | ndcg: 0.02451 | hit_rate: 0.03877 | map: 0.02016
Fri 07 Jun 2024 16:24:52 INFO 10: precision: 0.00597 | recall: 0.05655 | ndcg: 0.03096 | hit_rate: 0.05940 | map: 0.02278
Fri 07 Jun 2024 16:24:52 INFO 20: precision: 0.00439 | recall: 0.08297 | ndcg: 0.03770 | hit_rate: 0.08725 | map: 0.02460
Fri 07 Jun 2024 16:24:52 INFO Test Metrics:
Fri 07 Jun 2024 16:24:52 INFO 5: precision: 0.01193 | recall: 0.03523 | ndcg: 0.02658 | hit_rate: 0.05698 | map: 0.01954
Fri 07 Jun 2024 16:24:52 INFO 10: precision: 0.00921 | recall: 0.05409 | ndcg: 0.03359 | hit_rate: 0.08728 | map: 0.02214
Fri 07 Jun 2024 16:24:52 INFO 20: precision: 0.00697 | recall: 0.08165 | ndcg: 0.04161 | hit_rate: 0.13037 | map: 0.02416
Fri 07 Jun 2024 16:25:17 INFO Epoch 58, Loss: 3.35971
Fri 07 Jun 2024 16:25:25 INFO Validation Metrics:
Fri 07 Jun 2024 16:25:25 INFO 5: precision: 0.00780 | recall: 0.03693 | ndcg: 0.02455 | hit_rate: 0.03898 | map: 0.02012
Fri 07 Jun 2024 16:25:25 INFO 10: precision: 0.00599 | recall: 0.05678 | ndcg: 0.03098 | hit_rate: 0.05964 | map: 0.02273
Fri 07 Jun 2024 16:25:25 INFO 20: precision: 0.00442 | recall: 0.08363 | ndcg: 0.03780 | hit_rate: 0.08787 | map: 0.02456
Fri 07 Jun 2024 16:25:25 INFO Test Metrics:
Fri 07 Jun 2024 16:25:25 INFO 5: precision: 0.01202 | recall: 0.03541 | ndcg: 0.02670 | hit_rate: 0.05736 | map: 0.01962
Fri 07 Jun 2024 16:25:25 INFO 10: precision: 0.00917 | recall: 0.05393 | ndcg: 0.03357 | hit_rate: 0.08666 | map: 0.02220
Fri 07 Jun 2024 16:25:25 INFO 20: precision: 0.00699 | recall: 0.08163 | ndcg: 0.04167 | hit_rate: 0.13030 | map: 0.02423
Fri 07 Jun 2024 16:25:49 INFO Epoch 59, Loss: 3.28080
Fri 07 Jun 2024 16:25:57 INFO Validation Metrics:
Fri 07 Jun 2024 16:25:57 INFO 5: precision: 0.00783 | recall: 0.03708 | ndcg: 0.02457 | hit_rate: 0.03912 | map: 0.02010
Fri 07 Jun 2024 16:25:57 INFO 10: precision: 0.00598 | recall: 0.05659 | ndcg: 0.03090 | hit_rate: 0.05961 | map: 0.02266
Fri 07 Jun 2024 16:25:57 INFO 20: precision: 0.00442 | recall: 0.08351 | ndcg: 0.03776 | hit_rate: 0.08777 | map: 0.02452
Fri 07 Jun 2024 16:25:57 INFO Test Metrics:
Fri 07 Jun 2024 16:25:57 INFO 5: precision: 0.01196 | recall: 0.03529 | ndcg: 0.02672 | hit_rate: 0.05712 | map: 0.01968
Fri 07 Jun 2024 16:25:57 INFO 10: precision: 0.00914 | recall: 0.05367 | ndcg: 0.03357 | hit_rate: 0.08649 | map: 0.02226
Fri 07 Jun 2024 16:25:57 INFO 20: precision: 0.00701 | recall: 0.08173 | ndcg: 0.04177 | hit_rate: 0.13065 | map: 0.02432
Fri 07 Jun 2024 16:26:21 INFO Epoch 60, Loss: 3.10919
Fri 07 Jun 2024 16:26:29 INFO Validation Metrics:
Fri 07 Jun 2024 16:26:29 INFO 5: precision: 0.00776 | recall: 0.03674 | ndcg: 0.02443 | hit_rate: 0.03877 | map: 0.02002
Fri 07 Jun 2024 16:26:29 INFO 10: precision: 0.00592 | recall: 0.05602 | ndcg: 0.03070 | hit_rate: 0.05895 | map: 0.02258
Fri 07 Jun 2024 16:26:29 INFO 20: precision: 0.00440 | recall: 0.08325 | ndcg: 0.03764 | hit_rate: 0.08742 | map: 0.02446
Fri 07 Jun 2024 16:26:29 INFO Test Metrics:
Fri 07 Jun 2024 16:26:29 INFO 5: precision: 0.01201 | recall: 0.03549 | ndcg: 0.02688 | hit_rate: 0.05743 | map: 0.01980
Fri 07 Jun 2024 16:26:29 INFO 10: precision: 0.00914 | recall: 0.05374 | ndcg: 0.03367 | hit_rate: 0.08659 | map: 0.02235
Fri 07 Jun 2024 16:26:29 INFO 20: precision: 0.00702 | recall: 0.08196 | ndcg: 0.04191 | hit_rate: 0.13103 | map: 0.02442
Fri 07 Jun 2024 16:26:54 INFO Epoch 61, Loss: 3.12069
Fri 07 Jun 2024 16:27:02 INFO Validation Metrics:
Fri 07 Jun 2024 16:27:02 INFO 5: precision: 0.00777 | recall: 0.03675 | ndcg: 0.02429 | hit_rate: 0.03880 | map: 0.01984
Fri 07 Jun 2024 16:27:02 INFO 10: precision: 0.00593 | recall: 0.05611 | ndcg: 0.03059 | hit_rate: 0.05902 | map: 0.02242
Fri 07 Jun 2024 16:27:02 INFO 20: precision: 0.00440 | recall: 0.08323 | ndcg: 0.03748 | hit_rate: 0.08742 | map: 0.02427
Fri 07 Jun 2024 16:27:02 INFO Test Metrics:
Fri 07 Jun 2024 16:27:02 INFO 5: precision: 0.01180 | recall: 0.03481 | ndcg: 0.02652 | hit_rate: 0.05653 | map: 0.01956
Fri 07 Jun 2024 16:27:02 INFO 10: precision: 0.00918 | recall: 0.05396 | ndcg: 0.03365 | hit_rate: 0.08683 | map: 0.02226
Fri 07 Jun 2024 16:27:02 INFO 20: precision: 0.00696 | recall: 0.08132 | ndcg: 0.04163 | hit_rate: 0.12999 | map: 0.02426
Fri 07 Jun 2024 16:27:26 INFO Epoch 62, Loss: 2.98204
Fri 07 Jun 2024 16:27:34 INFO Validation Metrics:
Fri 07 Jun 2024 16:27:34 INFO 5: precision: 0.00773 | recall: 0.03658 | ndcg: 0.02444 | hit_rate: 0.03860 | map: 0.02009
Fri 07 Jun 2024 16:27:34 INFO 10: precision: 0.00590 | recall: 0.05572 | ndcg: 0.03069 | hit_rate: 0.05878 | map: 0.02264
Fri 07 Jun 2024 16:27:34 INFO 20: precision: 0.00439 | recall: 0.08290 | ndcg: 0.03761 | hit_rate: 0.08715 | map: 0.02451
Fri 07 Jun 2024 16:27:34 INFO Test Metrics:
Fri 07 Jun 2024 16:27:34 INFO 5: precision: 0.01187 | recall: 0.03506 | ndcg: 0.02661 | hit_rate: 0.05660 | map: 0.01960
Fri 07 Jun 2024 16:27:34 INFO 10: precision: 0.00920 | recall: 0.05426 | ndcg: 0.03374 | hit_rate: 0.08694 | map: 0.02228
Fri 07 Jun 2024 16:27:34 INFO 20: precision: 0.00697 | recall: 0.08159 | ndcg: 0.04172 | hit_rate: 0.13044 | map: 0.02427
Fri 07 Jun 2024 16:27:58 INFO Epoch 63, Loss: 3.05717
Fri 07 Jun 2024 16:28:06 INFO Validation Metrics:
Fri 07 Jun 2024 16:28:06 INFO 5: precision: 0.00779 | recall: 0.03694 | ndcg: 0.02451 | hit_rate: 0.03891 | map: 0.02008
Fri 07 Jun 2024 16:28:06 INFO 10: precision: 0.00591 | recall: 0.05586 | ndcg: 0.03066 | hit_rate: 0.05885 | map: 0.02257
Fri 07 Jun 2024 16:28:06 INFO 20: precision: 0.00435 | recall: 0.08218 | ndcg: 0.03738 | hit_rate: 0.08635 | map: 0.02440
Fri 07 Jun 2024 16:28:06 INFO Test Metrics:
Fri 07 Jun 2024 16:28:06 INFO 5: precision: 0.01184 | recall: 0.03509 | ndcg: 0.02649 | hit_rate: 0.05657 | map: 0.01946
Fri 07 Jun 2024 16:28:06 INFO 10: precision: 0.00920 | recall: 0.05411 | ndcg: 0.03358 | hit_rate: 0.08701 | map: 0.02212
Fri 07 Jun 2024 16:28:06 INFO 20: precision: 0.00699 | recall: 0.08173 | ndcg: 0.04162 | hit_rate: 0.13055 | map: 0.02412
Fri 07 Jun 2024 16:28:31 INFO Epoch 64, Loss: 2.82907
Fri 07 Jun 2024 16:28:39 INFO Validation Metrics:
Fri 07 Jun 2024 16:28:39 INFO 5: precision: 0.00774 | recall: 0.03674 | ndcg: 0.02455 | hit_rate: 0.03867 | map: 0.02020
Fri 07 Jun 2024 16:28:39 INFO 10: precision: 0.00592 | recall: 0.05613 | ndcg: 0.03086 | hit_rate: 0.05905 | map: 0.02277
Fri 07 Jun 2024 16:28:39 INFO 20: precision: 0.00437 | recall: 0.08251 | ndcg: 0.03758 | hit_rate: 0.08683 | map: 0.02457
Fri 07 Jun 2024 16:28:39 INFO Test Metrics:
Fri 07 Jun 2024 16:28:39 INFO 5: precision: 0.01193 | recall: 0.03542 | ndcg: 0.02664 | hit_rate: 0.05698 | map: 0.01955
Fri 07 Jun 2024 16:28:39 INFO 10: precision: 0.00920 | recall: 0.05422 | ndcg: 0.03364 | hit_rate: 0.08697 | map: 0.02218
Fri 07 Jun 2024 16:28:39 INFO 20: precision: 0.00694 | recall: 0.08132 | ndcg: 0.04154 | hit_rate: 0.12958 | map: 0.02415
Fri 07 Jun 2024 16:29:03 INFO Epoch 65, Loss: 2.81411
Fri 07 Jun 2024 16:29:11 INFO Validation Metrics:
Fri 07 Jun 2024 16:29:11 INFO 5: precision: 0.00773 | recall: 0.03660 | ndcg: 0.02450 | hit_rate: 0.03860 | map: 0.02015
Fri 07 Jun 2024 16:29:11 INFO 10: precision: 0.00592 | recall: 0.05599 | ndcg: 0.03080 | hit_rate: 0.05902 | map: 0.02272
Fri 07 Jun 2024 16:29:11 INFO 20: precision: 0.00436 | recall: 0.08231 | ndcg: 0.03753 | hit_rate: 0.08663 | map: 0.02454
Fri 07 Jun 2024 16:29:11 INFO Test Metrics:
Fri 07 Jun 2024 16:29:11 INFO 5: precision: 0.01200 | recall: 0.03550 | ndcg: 0.02678 | hit_rate: 0.05736 | map: 0.01965
Fri 07 Jun 2024 16:29:11 INFO 10: precision: 0.00922 | recall: 0.05423 | ndcg: 0.03376 | hit_rate: 0.08725 | map: 0.02229
Fri 07 Jun 2024 16:29:11 INFO 20: precision: 0.00699 | recall: 0.08154 | ndcg: 0.04172 | hit_rate: 0.13027 | map: 0.02428
Fri 07 Jun 2024 16:29:36 INFO Epoch 66, Loss: 2.77076
Fri 07 Jun 2024 16:29:44 INFO Validation Metrics:
Fri 07 Jun 2024 16:29:44 INFO 5: precision: 0.00757 | recall: 0.03585 | ndcg: 0.02418 | hit_rate: 0.03784 | map: 0.01998
Fri 07 Jun 2024 16:29:44 INFO 10: precision: 0.00593 | recall: 0.05632 | ndcg: 0.03084 | hit_rate: 0.05916 | map: 0.02270
Fri 07 Jun 2024 16:29:44 INFO 20: precision: 0.00436 | recall: 0.08252 | ndcg: 0.03750 | hit_rate: 0.08666 | map: 0.02449
Fri 07 Jun 2024 16:29:44 INFO Test Metrics:
Fri 07 Jun 2024 16:29:44 INFO 5: precision: 0.01194 | recall: 0.03540 | ndcg: 0.02662 | hit_rate: 0.05715 | map: 0.01951
Fri 07 Jun 2024 16:29:44 INFO 10: precision: 0.00925 | recall: 0.05439 | ndcg: 0.03370 | hit_rate: 0.08735 | map: 0.02219
Fri 07 Jun 2024 16:29:44 INFO 20: precision: 0.00700 | recall: 0.08165 | ndcg: 0.04164 | hit_rate: 0.13048 | map: 0.02416
Fri 07 Jun 2024 16:30:08 INFO Epoch 67, Loss: 2.69827
Fri 07 Jun 2024 16:30:16 INFO Validation Metrics:
Fri 07 Jun 2024 16:30:16 INFO 5: precision: 0.00767 | recall: 0.03637 | ndcg: 0.02436 | hit_rate: 0.03832 | map: 0.02007
Fri 07 Jun 2024 16:30:16 INFO 10: precision: 0.00587 | recall: 0.05580 | ndcg: 0.03067 | hit_rate: 0.05857 | map: 0.02264
Fri 07 Jun 2024 16:30:16 INFO 20: precision: 0.00437 | recall: 0.08255 | ndcg: 0.03748 | hit_rate: 0.08673 | map: 0.02447
Fri 07 Jun 2024 16:30:16 INFO Test Metrics:
Fri 07 Jun 2024 16:30:16 INFO 5: precision: 0.01192 | recall: 0.03538 | ndcg: 0.02661 | hit_rate: 0.05701 | map: 0.01952
Fri 07 Jun 2024 16:30:16 INFO 10: precision: 0.00921 | recall: 0.05419 | ndcg: 0.03362 | hit_rate: 0.08711 | map: 0.02216
Fri 07 Jun 2024 16:30:16 INFO 20: precision: 0.00701 | recall: 0.08187 | ndcg: 0.04167 | hit_rate: 0.13065 | map: 0.02417
Fri 07 Jun 2024 16:30:41 INFO Epoch 68, Loss: 2.62952
Fri 07 Jun 2024 16:30:49 INFO Validation Metrics:
Fri 07 Jun 2024 16:30:49 INFO 5: precision: 0.00765 | recall: 0.03625 | ndcg: 0.02428 | hit_rate: 0.03822 | map: 0.02000
Fri 07 Jun 2024 16:30:49 INFO 10: precision: 0.00583 | recall: 0.05533 | ndcg: 0.03048 | hit_rate: 0.05809 | map: 0.02254
Fri 07 Jun 2024 16:30:49 INFO 20: precision: 0.00434 | recall: 0.08200 | ndcg: 0.03729 | hit_rate: 0.08618 | map: 0.02437
Fri 07 Jun 2024 16:30:49 INFO Test Metrics:
Fri 07 Jun 2024 16:30:49 INFO 5: precision: 0.01187 | recall: 0.03518 | ndcg: 0.02661 | hit_rate: 0.05670 | map: 0.01961
Fri 07 Jun 2024 16:30:49 INFO 10: precision: 0.00909 | recall: 0.05360 | ndcg: 0.03350 | hit_rate: 0.08607 | map: 0.02221
Fri 07 Jun 2024 16:30:49 INFO 20: precision: 0.00699 | recall: 0.08152 | ndcg: 0.04166 | hit_rate: 0.13006 | map: 0.02426
Fri 07 Jun 2024 16:31:12 INFO Epoch 69, Loss: 2.57715
Fri 07 Jun 2024 16:31:20 INFO Validation Metrics:
Fri 07 Jun 2024 16:31:20 INFO 5: precision: 0.00764 | recall: 0.03622 | ndcg: 0.02425 | hit_rate: 0.03815 | map: 0.01998
Fri 07 Jun 2024 16:31:20 INFO 10: precision: 0.00573 | recall: 0.05444 | ndcg: 0.03017 | hit_rate: 0.05715 | map: 0.02240
Fri 07 Jun 2024 16:31:20 INFO 20: precision: 0.00429 | recall: 0.08096 | ndcg: 0.03695 | hit_rate: 0.08518 | map: 0.02423
Fri 07 Jun 2024 16:31:20 INFO Test Metrics:
Fri 07 Jun 2024 16:31:20 INFO 5: precision: 0.01185 | recall: 0.03509 | ndcg: 0.02638 | hit_rate: 0.05653 | map: 0.01937
Fri 07 Jun 2024 16:31:20 INFO 10: precision: 0.00913 | recall: 0.05385 | ndcg: 0.03336 | hit_rate: 0.08649 | map: 0.02199
Fri 07 Jun 2024 16:31:20 INFO 20: precision: 0.00690 | recall: 0.08077 | ndcg: 0.04119 | hit_rate: 0.12882 | map: 0.02395
Fri 07 Jun 2024 16:31:20 INFO Best Test Metrics:
Fri 07 Jun 2024 16:31:20 INFO 5: precision: 0.01201 | recall: 0.03541 | ndcg: 0.02665 | hit_rate: 0.05733 | map: 0.01952
Fri 07 Jun 2024 16:31:20 INFO 10: precision: 0.00926 | recall: 0.05451 | ndcg: 0.03375 | hit_rate: 0.08739 | map: 0.02219
Fri 07 Jun 2024 16:31:20 INFO 20: precision: 0.00703 | recall: 0.08242 | ndcg: 0.04184 | hit_rate: 0.13103 | map: 0.02421
Fri 07 Jun 2024 16:31:20 INFO Best performance: 0.08242
Fri 07 Jun 2024 16:31:20 INFO Best parameters: {'n_layers': 4, 'learning_rate': 0.01, 'reg_weight': 0.001}
Fri 07 Jun 2024 16:31:20 INFO Best metrics:
Fri 07 Jun 2024 16:31:20 INFO 5: precision: 0.01201 | recall: 0.03541 | ndcg: 0.02665 | hit_rate: 0.05733 | map: 0.01952
Fri 07 Jun 2024 16:31:20 INFO 10: precision: 0.00926 | recall: 0.05451 | ndcg: 0.03375 | hit_rate: 0.08739 | map: 0.02219
Fri 07 Jun 2024 16:31:20 INFO 20: precision: 0.00703 | recall: 0.08242 | ndcg: 0.04184 | hit_rate: 0.13103 | map: 0.02421
