Mon 02 Dec 2024 17:44:35 INFO ============Arguments==============
Mon 02 Dec 2024 17:44:35 INFO Model: MGCL
Mon 02 Dec 2024 17:44:35 INFO data_path: yelp
Mon 02 Dec 2024 17:44:35 INFO learning_rate: 0.001
Mon 02 Dec 2024 17:44:35 INFO feature_embed: 64
Mon 02 Dec 2024 17:44:35 INFO batch_size: 1024
Mon 02 Dec 2024 17:44:35 INFO aggr_mode: add
Mon 02 Dec 2024 17:44:35 INFO reg_weight: 0.001
Mon 02 Dec 2024 17:44:35 INFO dim_E: 64
Mon 02 Dec 2024 17:44:35 INFO num_epoch: 1000
Mon 02 Dec 2024 17:44:35 INFO dropout: 0.2
Mon 02 Dec 2024 17:44:35 INFO n_layers: 2
Mon 02 Dec 2024 17:44:35 INFO corDecay: 0.001
Mon 02 Dec 2024 17:44:35 INFO n_factors: 4
Mon 02 Dec 2024 17:44:35 INFO n_iterations: 3
Mon 02 Dec 2024 17:44:35 INFO cl_weight: 2.0
Mon 02 Dec 2024 17:44:35 INFO mm_layers: 2
Mon 02 Dec 2024 17:44:35 INFO ii_topk: 10
Mon 02 Dec 2024 17:44:35 INFO uu_topk: 10
Mon 02 Dec 2024 17:44:35 INFO lambda_coeff: 0.9
Mon 02 Dec 2024 17:44:35 INFO ssl_temp: 0.9
Mon 02 Dec 2024 17:44:35 INFO ssl_alpha: 0.9
Mon 02 Dec 2024 17:44:35 INFO ae_weight: 0.1
Mon 02 Dec 2024 17:44:35 INFO threshold: 0.1
Mon 02 Dec 2024 17:44:35 INFO prompt_num: 0.1
Mon 02 Dec 2024 17:44:35 INFO neg_weight: 0.1
Mon 02 Dec 2024 17:44:35 INFO cen_reg: 0.005
Mon 02 Dec 2024 17:44:35 INFO n_intents: 128
Mon 02 Dec 2024 17:44:35 INFO G_rate: 0.0001
Mon 02 Dec 2024 17:44:35 INFO align_weight: 0.1
Mon 02 Dec 2024 17:44:35 INFO mask_weight_f: 1.5
Mon 02 Dec 2024 17:44:35 INFO mask_weight_g: 0.001
Mon 02 Dec 2024 17:44:35 INFO leaky: 0.5
Mon 02 Dec 2024 17:44:35 INFO keepRate: 1.0
Mon 02 Dec 2024 17:44:35 INFO mult: 0.1
Mon 02 Dec 2024 17:44:35 INFO grid_size: 1
Mon 02 Dec 2024 17:44:35 INFO node_dropout: 0.1
Mon 02 Dec 2024 17:44:35 INFO message_dropout: 0.1
Mon 02 Dec 2024 17:44:35 INFO n_mca: 2
Mon 02 Dec 2024 17:44:35 INFO gamma: 0.5
Mon 02 Dec 2024 17:44:35 INFO t: 1.8
Mon 02 Dec 2024 17:44:35 INFO e_loss: 0.1
Mon 02 Dec 2024 17:44:35 INFO ris_lambda: 0.5
Mon 02 Dec 2024 17:44:35 INFO rebuild_k: 1
Mon 02 Dec 2024 17:44:35 INFO pnn_layer: 1
Mon 02 Dec 2024 17:44:35 INFO b2: 1
Mon 02 Dec 2024 17:44:35 INFO ctra: 0.001
Mon 02 Dec 2024 17:44:35 INFO noise_alpha: 0.3
Mon 02 Dec 2024 17:44:35 INFO ssl_temp2: 0.2
Mon 02 Dec 2024 17:44:35 INFO K_s: 1
Mon 02 Dec 2024 17:44:35 INFO T_s: 1
Mon 02 Dec 2024 17:44:35 INFO K_b: 1
Mon 02 Dec 2024 17:44:35 INFO T_b: 1
Mon 02 Dec 2024 17:44:35 INFO idl_beta: 1
Mon 02 Dec 2024 17:44:35 INFO sampling_noise: False
Mon 02 Dec 2024 17:44:35 INFO sampling_steps: 0
Mon 02 Dec 2024 17:44:35 INFO steps: 100
Mon 02 Dec 2024 17:44:35 INFO noise_scale: 0.1
Mon 02 Dec 2024 17:44:35 INFO noise_min: 0.0001
Mon 02 Dec 2024 17:44:35 INFO noise_max: 0.02
Mon 02 Dec 2024 17:44:35 INFO dims: [1000]
Mon 02 Dec 2024 17:44:35 INFO h_layers: 2
Mon 02 Dec 2024 17:44:35 INFO num_hypernodes: 10
Mon 02 Dec 2024 17:44:35 INFO beta1: 0.5
Mon 02 Dec 2024 17:44:35 INFO beta2: 0.5
Mon 02 Dec 2024 17:44:35 INFO seed: 42
Mon 02 Dec 2024 17:44:35 INFO num_workers: 1
Mon 02 Dec 2024 17:44:35 INFO topk: [5, 10, 20]
Mon 02 Dec 2024 17:44:35 INFO local time£ºDec-02-2024-17-44-35
Mon 02 Dec 2024 17:44:36 INFO =========1/1: Parameters:{'learning_rate': 0.01, 'ssl_alpha': 0.01, 'n_layers': 5, 'ssl_temp': 0.2, 'reg_weight': 0.1}=========
Mon 02 Dec 2024 17:44:43 INFO Epoch 1, Loss: 255.41450
Mon 02 Dec 2024 17:44:45 INFO Validation Metrics:
Mon 02 Dec 2024 17:44:45 INFO 5: precision: 0.00853 | recall: 0.03637 | ndcg: 0.02501 | hit_rate: 0.04206 | map: 0.02014
Mon 02 Dec 2024 17:44:45 INFO 10: precision: 0.00740 | recall: 0.06197 | ndcg: 0.03342 | hit_rate: 0.07181 | map: 0.02355
Mon 02 Dec 2024 17:44:45 INFO 20: precision: 0.00630 | recall: 0.10379 | ndcg: 0.04426 | hit_rate: 0.11965 | map: 0.02641
Mon 02 Dec 2024 17:44:45 INFO Test Metrics:
Mon 02 Dec 2024 17:44:45 INFO 5: precision: 0.01315 | recall: 0.03364 | ndcg: 0.02657 | hit_rate: 0.06326 | map: 0.01839
Mon 02 Dec 2024 17:44:45 INFO 10: precision: 0.01116 | recall: 0.05698 | ndcg: 0.03534 | hit_rate: 0.10473 | map: 0.02164
Mon 02 Dec 2024 17:44:45 INFO 20: precision: 0.00957 | recall: 0.09645 | ndcg: 0.04720 | hit_rate: 0.17134 | map: 0.02458
Mon 02 Dec 2024 17:44:51 INFO Epoch 2, Loss: 146.61060
Mon 02 Dec 2024 17:44:52 INFO Validation Metrics:
Mon 02 Dec 2024 17:44:52 INFO 5: precision: 0.00866 | recall: 0.03731 | ndcg: 0.02542 | hit_rate: 0.04290 | map: 0.02039
Mon 02 Dec 2024 17:44:52 INFO 10: precision: 0.00757 | recall: 0.06327 | ndcg: 0.03400 | hit_rate: 0.07357 | map: 0.02386
Mon 02 Dec 2024 17:44:52 INFO 20: precision: 0.00630 | recall: 0.10423 | ndcg: 0.04464 | hit_rate: 0.11998 | map: 0.02669
Mon 02 Dec 2024 17:44:52 INFO Test Metrics:
Mon 02 Dec 2024 17:44:52 INFO 5: precision: 0.01384 | recall: 0.03546 | ndcg: 0.02760 | hit_rate: 0.06669 | map: 0.01895
Mon 02 Dec 2024 17:44:52 INFO 10: precision: 0.01126 | recall: 0.05785 | ndcg: 0.03595 | hit_rate: 0.10557 | map: 0.02209
Mon 02 Dec 2024 17:44:52 INFO 20: precision: 0.00966 | recall: 0.09745 | ndcg: 0.04794 | hit_rate: 0.17319 | map: 0.02507
Mon 02 Dec 2024 17:44:59 INFO Epoch 3, Loss: 130.87229
Mon 02 Dec 2024 17:45:00 INFO Validation Metrics:
Mon 02 Dec 2024 17:45:00 INFO 5: precision: 0.00897 | recall: 0.03901 | ndcg: 0.02624 | hit_rate: 0.04441 | map: 0.02099
Mon 02 Dec 2024 17:45:00 INFO 10: precision: 0.00780 | recall: 0.06564 | ndcg: 0.03502 | hit_rate: 0.07599 | map: 0.02450
Mon 02 Dec 2024 17:45:00 INFO 20: precision: 0.00667 | recall: 0.11068 | ndcg: 0.04673 | hit_rate: 0.12685 | map: 0.02761
Mon 02 Dec 2024 17:45:00 INFO Test Metrics:
Mon 02 Dec 2024 17:45:00 INFO 5: precision: 0.01460 | recall: 0.03758 | ndcg: 0.02940 | hit_rate: 0.07038 | map: 0.02031
Mon 02 Dec 2024 17:45:00 INFO 10: precision: 0.01180 | recall: 0.06068 | ndcg: 0.03800 | hit_rate: 0.11026 | map: 0.02353
Mon 02 Dec 2024 17:45:00 INFO 20: precision: 0.01008 | recall: 0.10278 | ndcg: 0.05068 | hit_rate: 0.18090 | map: 0.02670
Mon 02 Dec 2024 17:45:07 INFO Epoch 4, Loss: 123.06979
Mon 02 Dec 2024 17:45:08 INFO Validation Metrics:
Mon 02 Dec 2024 17:45:08 INFO 5: precision: 0.00883 | recall: 0.03836 | ndcg: 0.02632 | hit_rate: 0.04357 | map: 0.02129
Mon 02 Dec 2024 17:45:08 INFO 10: precision: 0.00797 | recall: 0.06737 | ndcg: 0.03588 | hit_rate: 0.07742 | map: 0.02514
Mon 02 Dec 2024 17:45:08 INFO 20: precision: 0.00662 | recall: 0.11063 | ndcg: 0.04715 | hit_rate: 0.12669 | map: 0.02814
Mon 02 Dec 2024 17:45:08 INFO Test Metrics:
Mon 02 Dec 2024 17:45:08 INFO 5: precision: 0.01522 | recall: 0.03925 | ndcg: 0.03060 | hit_rate: 0.07289 | map: 0.02131
Mon 02 Dec 2024 17:45:08 INFO 10: precision: 0.01246 | recall: 0.06360 | ndcg: 0.03975 | hit_rate: 0.11672 | map: 0.02465
Mon 02 Dec 2024 17:45:08 INFO 20: precision: 0.01043 | recall: 0.10509 | ndcg: 0.05227 | hit_rate: 0.18626 | map: 0.02778
Mon 02 Dec 2024 17:45:15 INFO Epoch 5, Loss: 125.02056
Mon 02 Dec 2024 17:45:17 INFO Validation Metrics:
Mon 02 Dec 2024 17:45:17 INFO 5: precision: 0.00915 | recall: 0.03927 | ndcg: 0.02699 | hit_rate: 0.04508 | map: 0.02175
Mon 02 Dec 2024 17:45:17 INFO 10: precision: 0.00804 | recall: 0.06766 | ndcg: 0.03635 | hit_rate: 0.07792 | map: 0.02555
Mon 02 Dec 2024 17:45:17 INFO 20: precision: 0.00693 | recall: 0.11630 | ndcg: 0.04890 | hit_rate: 0.13289 | map: 0.02886
Mon 02 Dec 2024 17:45:17 INFO Test Metrics:
Mon 02 Dec 2024 17:45:17 INFO 5: precision: 0.01595 | recall: 0.04095 | ndcg: 0.03170 | hit_rate: 0.07616 | map: 0.02190
Mon 02 Dec 2024 17:45:17 INFO 10: precision: 0.01326 | recall: 0.06702 | ndcg: 0.04157 | hit_rate: 0.12333 | map: 0.02552
Mon 02 Dec 2024 17:45:17 INFO 20: precision: 0.01070 | recall: 0.10724 | ndcg: 0.05368 | hit_rate: 0.19070 | map: 0.02855
Mon 02 Dec 2024 17:45:23 INFO Epoch 6, Loss: 119.24607
Mon 02 Dec 2024 17:45:25 INFO Validation Metrics:
Mon 02 Dec 2024 17:45:25 INFO 5: precision: 0.00972 | recall: 0.04160 | ndcg: 0.02855 | hit_rate: 0.04793 | map: 0.02297
Mon 02 Dec 2024 17:45:25 INFO 10: precision: 0.00836 | recall: 0.07099 | ndcg: 0.03811 | hit_rate: 0.08178 | map: 0.02681
Mon 02 Dec 2024 17:45:25 INFO 20: precision: 0.00711 | recall: 0.11887 | ndcg: 0.05055 | hit_rate: 0.13590 | map: 0.03011
Mon 02 Dec 2024 17:45:25 INFO Test Metrics:
Mon 02 Dec 2024 17:45:25 INFO 5: precision: 0.01627 | recall: 0.04141 | ndcg: 0.03264 | hit_rate: 0.07750 | map: 0.02270
Mon 02 Dec 2024 17:45:25 INFO 10: precision: 0.01352 | recall: 0.06766 | ndcg: 0.04268 | hit_rate: 0.12576 | map: 0.02640
Mon 02 Dec 2024 17:45:25 INFO 20: precision: 0.01096 | recall: 0.10939 | ndcg: 0.05528 | hit_rate: 0.19455 | map: 0.02960
Mon 02 Dec 2024 17:45:32 INFO Epoch 7, Loss: 120.46496
Mon 02 Dec 2024 17:45:33 INFO Validation Metrics:
Mon 02 Dec 2024 17:45:33 INFO 5: precision: 0.01019 | recall: 0.04369 | ndcg: 0.02991 | hit_rate: 0.05010 | map: 0.02406
Mon 02 Dec 2024 17:45:33 INFO 10: precision: 0.00866 | recall: 0.07323 | ndcg: 0.03957 | hit_rate: 0.08437 | map: 0.02795
Mon 02 Dec 2024 17:45:33 INFO 20: precision: 0.00728 | recall: 0.12133 | ndcg: 0.05208 | hit_rate: 0.13934 | map: 0.03128
Mon 02 Dec 2024 17:45:33 INFO Test Metrics:
Mon 02 Dec 2024 17:45:33 INFO 5: precision: 0.01657 | recall: 0.04241 | ndcg: 0.03368 | hit_rate: 0.07910 | map: 0.02359
Mon 02 Dec 2024 17:45:33 INFO 10: precision: 0.01395 | recall: 0.07010 | ndcg: 0.04426 | hit_rate: 0.12912 | map: 0.02753
Mon 02 Dec 2024 17:45:33 INFO 20: precision: 0.01130 | recall: 0.11248 | ndcg: 0.05717 | hit_rate: 0.20117 | map: 0.03079
Mon 02 Dec 2024 17:45:40 INFO Epoch 8, Loss: 120.15393
Mon 02 Dec 2024 17:45:41 INFO Validation Metrics:
Mon 02 Dec 2024 17:45:41 INFO 5: precision: 0.01051 | recall: 0.04431 | ndcg: 0.03063 | hit_rate: 0.05178 | map: 0.02474
Mon 02 Dec 2024 17:45:41 INFO 10: precision: 0.00876 | recall: 0.07297 | ndcg: 0.04005 | hit_rate: 0.08504 | map: 0.02854
Mon 02 Dec 2024 17:45:41 INFO 20: precision: 0.00750 | recall: 0.12382 | ndcg: 0.05328 | hit_rate: 0.14286 | map: 0.03206
Mon 02 Dec 2024 17:45:41 INFO Test Metrics:
Mon 02 Dec 2024 17:45:41 INFO 5: precision: 0.01672 | recall: 0.04249 | ndcg: 0.03396 | hit_rate: 0.07926 | map: 0.02391
Mon 02 Dec 2024 17:45:41 INFO 10: precision: 0.01384 | recall: 0.06947 | ndcg: 0.04421 | hit_rate: 0.12836 | map: 0.02768
Mon 02 Dec 2024 17:45:41 INFO 20: precision: 0.01168 | recall: 0.11508 | ndcg: 0.05816 | hit_rate: 0.20670 | map: 0.03119
Mon 02 Dec 2024 17:45:48 INFO Epoch 9, Loss: 120.47294
Mon 02 Dec 2024 17:45:49 INFO Validation Metrics:
Mon 02 Dec 2024 17:45:49 INFO 5: precision: 0.01086 | recall: 0.04593 | ndcg: 0.03130 | hit_rate: 0.05329 | map: 0.02510
Mon 02 Dec 2024 17:45:49 INFO 10: precision: 0.00889 | recall: 0.07387 | ndcg: 0.04038 | hit_rate: 0.08571 | map: 0.02872
Mon 02 Dec 2024 17:45:49 INFO 20: precision: 0.00752 | recall: 0.12362 | ndcg: 0.05333 | hit_rate: 0.14344 | map: 0.03214
Mon 02 Dec 2024 17:45:49 INFO Test Metrics:
Mon 02 Dec 2024 17:45:49 INFO 5: precision: 0.01691 | recall: 0.04332 | ndcg: 0.03420 | hit_rate: 0.08136 | map: 0.02394
Mon 02 Dec 2024 17:45:49 INFO 10: precision: 0.01408 | recall: 0.07017 | ndcg: 0.04457 | hit_rate: 0.13029 | map: 0.02779
Mon 02 Dec 2024 17:45:49 INFO 20: precision: 0.01170 | recall: 0.11530 | ndcg: 0.05827 | hit_rate: 0.20721 | map: 0.03120
Mon 02 Dec 2024 17:45:56 INFO Epoch 10, Loss: 109.66093
Mon 02 Dec 2024 17:45:56 INFO Validation Metrics:
Mon 02 Dec 2024 17:45:56 INFO 5: precision: 0.01093 | recall: 0.04618 | ndcg: 0.03135 | hit_rate: 0.05362 | map: 0.02502
Mon 02 Dec 2024 17:45:56 INFO 10: precision: 0.00900 | recall: 0.07485 | ndcg: 0.04075 | hit_rate: 0.08722 | map: 0.02883
Mon 02 Dec 2024 17:45:56 INFO 20: precision: 0.00751 | recall: 0.12325 | ndcg: 0.05340 | hit_rate: 0.14252 | map: 0.03219
Mon 02 Dec 2024 17:45:56 INFO Test Metrics:
Mon 02 Dec 2024 17:45:56 INFO 5: precision: 0.01674 | recall: 0.04238 | ndcg: 0.03403 | hit_rate: 0.08077 | map: 0.02385
Mon 02 Dec 2024 17:45:56 INFO 10: precision: 0.01409 | recall: 0.06997 | ndcg: 0.04461 | hit_rate: 0.13046 | map: 0.02779
Mon 02 Dec 2024 17:45:56 INFO 20: precision: 0.01193 | recall: 0.11757 | ndcg: 0.05908 | hit_rate: 0.21156 | map: 0.03140
Mon 02 Dec 2024 17:46:03 INFO Epoch 11, Loss: 110.37389
Mon 02 Dec 2024 17:46:03 INFO Validation Metrics:
Mon 02 Dec 2024 17:46:03 INFO 5: precision: 0.01094 | recall: 0.04637 | ndcg: 0.03145 | hit_rate: 0.05413 | map: 0.02512
Mon 02 Dec 2024 17:46:03 INFO 10: precision: 0.00922 | recall: 0.07721 | ndcg: 0.04158 | hit_rate: 0.08965 | map: 0.02923
Mon 02 Dec 2024 17:46:03 INFO 20: precision: 0.00749 | recall: 0.12356 | ndcg: 0.05366 | hit_rate: 0.14277 | map: 0.03243
Mon 02 Dec 2024 17:46:03 INFO Test Metrics:
Mon 02 Dec 2024 17:46:03 INFO 5: precision: 0.01672 | recall: 0.04204 | ndcg: 0.03335 | hit_rate: 0.08035 | map: 0.02308
Mon 02 Dec 2024 17:46:03 INFO 10: precision: 0.01433 | recall: 0.07084 | ndcg: 0.04437 | hit_rate: 0.13322 | map: 0.02714
Mon 02 Dec 2024 17:46:03 INFO 20: precision: 0.01198 | recall: 0.11679 | ndcg: 0.05849 | hit_rate: 0.21198 | map: 0.03070
Mon 02 Dec 2024 17:46:10 INFO Epoch 12, Loss: 106.88706
Mon 02 Dec 2024 17:46:11 INFO Validation Metrics:
Mon 02 Dec 2024 17:46:11 INFO 5: precision: 0.01129 | recall: 0.04793 | ndcg: 0.03242 | hit_rate: 0.05563 | map: 0.02584
Mon 02 Dec 2024 17:46:11 INFO 10: precision: 0.00943 | recall: 0.07917 | ndcg: 0.04267 | hit_rate: 0.09158 | map: 0.03000
Mon 02 Dec 2024 17:46:11 INFO 20: precision: 0.00764 | recall: 0.12563 | ndcg: 0.05483 | hit_rate: 0.14537 | map: 0.03323
Mon 02 Dec 2024 17:46:11 INFO Test Metrics:
Mon 02 Dec 2024 17:46:11 INFO 5: precision: 0.01669 | recall: 0.04205 | ndcg: 0.03359 | hit_rate: 0.08044 | map: 0.02338
Mon 02 Dec 2024 17:46:11 INFO 10: precision: 0.01428 | recall: 0.07064 | ndcg: 0.04451 | hit_rate: 0.13272 | map: 0.02739
Mon 02 Dec 2024 17:46:11 INFO 20: precision: 0.01225 | recall: 0.12007 | ndcg: 0.05958 | hit_rate: 0.21793 | map: 0.03114
Mon 02 Dec 2024 17:46:17 INFO Epoch 13, Loss: 112.37760
Mon 02 Dec 2024 17:46:19 INFO Validation Metrics:
Mon 02 Dec 2024 17:46:19 INFO 5: precision: 0.01140 | recall: 0.04842 | ndcg: 0.03277 | hit_rate: 0.05630 | map: 0.02612
Mon 02 Dec 2024 17:46:19 INFO 10: precision: 0.00956 | recall: 0.08005 | ndcg: 0.04319 | hit_rate: 0.09284 | map: 0.03035
Mon 02 Dec 2024 17:46:19 INFO 20: precision: 0.00765 | recall: 0.12620 | ndcg: 0.05525 | hit_rate: 0.14554 | map: 0.03356
Mon 02 Dec 2024 17:46:19 INFO Test Metrics:
Mon 02 Dec 2024 17:46:19 INFO 5: precision: 0.01686 | recall: 0.04198 | ndcg: 0.03355 | hit_rate: 0.08077 | map: 0.02329
Mon 02 Dec 2024 17:46:19 INFO 10: precision: 0.01448 | recall: 0.07082 | ndcg: 0.04459 | hit_rate: 0.13448 | map: 0.02735
Mon 02 Dec 2024 17:46:19 INFO 20: precision: 0.01205 | recall: 0.11810 | ndcg: 0.05895 | hit_rate: 0.21475 | map: 0.03094
Mon 02 Dec 2024 17:46:25 INFO Epoch 14, Loss: 102.27464
Mon 02 Dec 2024 17:46:27 INFO Validation Metrics:
Mon 02 Dec 2024 17:46:27 INFO 5: precision: 0.01166 | recall: 0.04913 | ndcg: 0.03312 | hit_rate: 0.05748 | map: 0.02621
Mon 02 Dec 2024 17:46:27 INFO 10: precision: 0.00968 | recall: 0.08070 | ndcg: 0.04344 | hit_rate: 0.09384 | map: 0.03038
Mon 02 Dec 2024 17:46:27 INFO 20: precision: 0.00782 | recall: 0.12902 | ndcg: 0.05601 | hit_rate: 0.14839 | map: 0.03372
Mon 02 Dec 2024 17:46:27 INFO Test Metrics:
Mon 02 Dec 2024 17:46:27 INFO 5: precision: 0.01694 | recall: 0.04163 | ndcg: 0.03311 | hit_rate: 0.08111 | map: 0.02277
Mon 02 Dec 2024 17:46:27 INFO 10: precision: 0.01448 | recall: 0.07075 | ndcg: 0.04417 | hit_rate: 0.13389 | map: 0.02686
Mon 02 Dec 2024 17:46:27 INFO 20: precision: 0.01224 | recall: 0.12038 | ndcg: 0.05917 | hit_rate: 0.21776 | map: 0.03060
Mon 02 Dec 2024 17:46:33 INFO Epoch 15, Loss: 106.19317
Mon 02 Dec 2024 17:46:35 INFO Validation Metrics:
Mon 02 Dec 2024 17:46:35 INFO 5: precision: 0.01208 | recall: 0.05066 | ndcg: 0.03403 | hit_rate: 0.05924 | map: 0.02689
Mon 02 Dec 2024 17:46:35 INFO 10: precision: 0.00955 | recall: 0.07979 | ndcg: 0.04352 | hit_rate: 0.09267 | map: 0.03073
Mon 02 Dec 2024 17:46:35 INFO 20: precision: 0.00775 | recall: 0.12715 | ndcg: 0.05589 | hit_rate: 0.14755 | map: 0.03400
Mon 02 Dec 2024 17:46:35 INFO Test Metrics:
Mon 02 Dec 2024 17:46:35 INFO 5: precision: 0.01718 | recall: 0.04228 | ndcg: 0.03343 | hit_rate: 0.08228 | map: 0.02286
Mon 02 Dec 2024 17:46:35 INFO 10: precision: 0.01453 | recall: 0.07116 | ndcg: 0.04436 | hit_rate: 0.13548 | map: 0.02688
Mon 02 Dec 2024 17:46:35 INFO 20: precision: 0.01239 | recall: 0.12173 | ndcg: 0.05967 | hit_rate: 0.22036 | map: 0.03072
Mon 02 Dec 2024 17:46:42 INFO Epoch 16, Loss: 115.00923
Mon 02 Dec 2024 17:46:43 INFO Validation Metrics:
Mon 02 Dec 2024 17:46:43 INFO 5: precision: 0.01145 | recall: 0.04774 | ndcg: 0.03205 | hit_rate: 0.05597 | map: 0.02532
Mon 02 Dec 2024 17:46:43 INFO 10: precision: 0.00953 | recall: 0.07978 | ndcg: 0.04248 | hit_rate: 0.09233 | map: 0.02954
Mon 02 Dec 2024 17:46:43 INFO 20: precision: 0.00784 | recall: 0.12891 | ndcg: 0.05528 | hit_rate: 0.14855 | map: 0.03293
Mon 02 Dec 2024 17:46:43 INFO Test Metrics:
Mon 02 Dec 2024 17:46:43 INFO 5: precision: 0.01716 | recall: 0.04198 | ndcg: 0.03340 | hit_rate: 0.08228 | map: 0.02297
Mon 02 Dec 2024 17:46:43 INFO 10: precision: 0.01470 | recall: 0.07192 | ndcg: 0.04477 | hit_rate: 0.13649 | map: 0.02717
Mon 02 Dec 2024 17:46:43 INFO 20: precision: 0.01241 | recall: 0.12222 | ndcg: 0.05994 | hit_rate: 0.22162 | map: 0.03092
Mon 02 Dec 2024 17:46:50 INFO Epoch 17, Loss: 116.70833
Mon 02 Dec 2024 17:46:51 INFO Validation Metrics:
Mon 02 Dec 2024 17:46:51 INFO 5: precision: 0.01126 | recall: 0.04661 | ndcg: 0.03173 | hit_rate: 0.05538 | map: 0.02520
Mon 02 Dec 2024 17:46:51 INFO 10: precision: 0.00938 | recall: 0.07777 | ndcg: 0.04197 | hit_rate: 0.09116 | map: 0.02938
Mon 02 Dec 2024 17:46:51 INFO 20: precision: 0.00780 | recall: 0.12859 | ndcg: 0.05517 | hit_rate: 0.14822 | map: 0.03289
Mon 02 Dec 2024 17:46:51 INFO Test Metrics:
Mon 02 Dec 2024 17:46:51 INFO 5: precision: 0.01676 | recall: 0.04133 | ndcg: 0.03276 | hit_rate: 0.08044 | map: 0.02246
Mon 02 Dec 2024 17:46:51 INFO 10: precision: 0.01470 | recall: 0.07250 | ndcg: 0.04457 | hit_rate: 0.13733 | map: 0.02678
Mon 02 Dec 2024 17:46:51 INFO 20: precision: 0.01247 | recall: 0.12269 | ndcg: 0.05982 | hit_rate: 0.22212 | map: 0.03059
Mon 02 Dec 2024 17:46:58 INFO Epoch 18, Loss: 108.25431
Mon 02 Dec 2024 17:46:59 INFO Validation Metrics:
Mon 02 Dec 2024 17:46:59 INFO 5: precision: 0.01153 | recall: 0.04750 | ndcg: 0.03195 | hit_rate: 0.05647 | map: 0.02515
Mon 02 Dec 2024 17:46:59 INFO 10: precision: 0.00959 | recall: 0.07928 | ndcg: 0.04233 | hit_rate: 0.09292 | map: 0.02933
Mon 02 Dec 2024 17:46:59 INFO 20: precision: 0.00783 | recall: 0.12856 | ndcg: 0.05517 | hit_rate: 0.14939 | map: 0.03273
Mon 02 Dec 2024 17:46:59 INFO Test Metrics:
Mon 02 Dec 2024 17:46:59 INFO 5: precision: 0.01696 | recall: 0.04172 | ndcg: 0.03308 | hit_rate: 0.08127 | map: 0.02263
Mon 02 Dec 2024 17:46:59 INFO 10: precision: 0.01470 | recall: 0.07217 | ndcg: 0.04460 | hit_rate: 0.13624 | map: 0.02690
Mon 02 Dec 2024 17:46:59 INFO 20: precision: 0.01241 | recall: 0.12305 | ndcg: 0.05991 | hit_rate: 0.22086 | map: 0.03072
Mon 02 Dec 2024 17:47:06 INFO Epoch 19, Loss: 110.89911
Mon 02 Dec 2024 17:47:07 INFO Validation Metrics:
Mon 02 Dec 2024 17:47:07 INFO 5: precision: 0.01158 | recall: 0.04807 | ndcg: 0.03207 | hit_rate: 0.05689 | map: 0.02512
Mon 02 Dec 2024 17:47:07 INFO 10: precision: 0.00943 | recall: 0.07840 | ndcg: 0.04198 | hit_rate: 0.09200 | map: 0.02913
Mon 02 Dec 2024 17:47:07 INFO 20: precision: 0.00788 | recall: 0.12908 | ndcg: 0.05521 | hit_rate: 0.14990 | map: 0.03264
Mon 02 Dec 2024 17:47:07 INFO Test Metrics:
Mon 02 Dec 2024 17:47:07 INFO 5: precision: 0.01711 | recall: 0.04195 | ndcg: 0.03351 | hit_rate: 0.08220 | map: 0.02311
Mon 02 Dec 2024 17:47:07 INFO 10: precision: 0.01475 | recall: 0.07292 | ndcg: 0.04522 | hit_rate: 0.13716 | map: 0.02749
Mon 02 Dec 2024 17:47:07 INFO 20: precision: 0.01247 | recall: 0.12345 | ndcg: 0.06049 | hit_rate: 0.22145 | map: 0.03132
Mon 02 Dec 2024 17:47:14 INFO Epoch 20, Loss: 103.89825
Mon 02 Dec 2024 17:47:15 INFO Validation Metrics:
Mon 02 Dec 2024 17:47:15 INFO 5: precision: 0.01170 | recall: 0.04869 | ndcg: 0.03278 | hit_rate: 0.05739 | map: 0.02583
Mon 02 Dec 2024 17:47:15 INFO 10: precision: 0.00954 | recall: 0.07914 | ndcg: 0.04274 | hit_rate: 0.09309 | map: 0.02984
Mon 02 Dec 2024 17:47:15 INFO 20: precision: 0.00790 | recall: 0.12952 | ndcg: 0.05593 | hit_rate: 0.15048 | map: 0.03337
Mon 02 Dec 2024 17:47:15 INFO Test Metrics:
Mon 02 Dec 2024 17:47:15 INFO 5: precision: 0.01664 | recall: 0.04058 | ndcg: 0.03202 | hit_rate: 0.07985 | map: 0.02169
Mon 02 Dec 2024 17:47:15 INFO 10: precision: 0.01486 | recall: 0.07327 | ndcg: 0.04438 | hit_rate: 0.13858 | map: 0.02625
Mon 02 Dec 2024 17:47:15 INFO 20: precision: 0.01261 | recall: 0.12486 | ndcg: 0.05992 | hit_rate: 0.22455 | map: 0.03014
Mon 02 Dec 2024 17:47:22 INFO Epoch 21, Loss: 110.44224
Mon 02 Dec 2024 17:47:24 INFO Validation Metrics:
Mon 02 Dec 2024 17:47:24 INFO 5: precision: 0.01129 | recall: 0.04710 | ndcg: 0.03164 | hit_rate: 0.05547 | map: 0.02494
Mon 02 Dec 2024 17:47:24 INFO 10: precision: 0.00956 | recall: 0.07901 | ndcg: 0.04216 | hit_rate: 0.09300 | map: 0.02918
Mon 02 Dec 2024 17:47:24 INFO 20: precision: 0.00786 | recall: 0.12957 | ndcg: 0.05530 | hit_rate: 0.14981 | map: 0.03269
Mon 02 Dec 2024 17:47:24 INFO Test Metrics:
Mon 02 Dec 2024 17:47:24 INFO 5: precision: 0.01738 | recall: 0.04285 | ndcg: 0.03296 | hit_rate: 0.08345 | map: 0.02207
Mon 02 Dec 2024 17:47:24 INFO 10: precision: 0.01518 | recall: 0.07455 | ndcg: 0.04498 | hit_rate: 0.14101 | map: 0.02649
Mon 02 Dec 2024 17:47:24 INFO 20: precision: 0.01262 | recall: 0.12449 | ndcg: 0.06006 | hit_rate: 0.22438 | map: 0.03029
Mon 02 Dec 2024 17:47:30 INFO Epoch 22, Loss: 105.85676
Mon 02 Dec 2024 17:47:32 INFO Validation Metrics:
Mon 02 Dec 2024 17:47:32 INFO 5: precision: 0.01150 | recall: 0.04809 | ndcg: 0.03216 | hit_rate: 0.05656 | map: 0.02531
Mon 02 Dec 2024 17:47:32 INFO 10: precision: 0.00957 | recall: 0.07938 | ndcg: 0.04241 | hit_rate: 0.09292 | map: 0.02945
Mon 02 Dec 2024 17:47:32 INFO 20: precision: 0.00797 | recall: 0.13139 | ndcg: 0.05598 | hit_rate: 0.15191 | map: 0.03307
Mon 02 Dec 2024 17:47:32 INFO Test Metrics:
Mon 02 Dec 2024 17:47:32 INFO 5: precision: 0.01699 | recall: 0.04152 | ndcg: 0.03234 | hit_rate: 0.08152 | map: 0.02180
Mon 02 Dec 2024 17:47:32 INFO 10: precision: 0.01513 | recall: 0.07480 | ndcg: 0.04496 | hit_rate: 0.14009 | map: 0.02653
Mon 02 Dec 2024 17:47:32 INFO 20: precision: 0.01267 | recall: 0.12504 | ndcg: 0.06015 | hit_rate: 0.22581 | map: 0.03030
Mon 02 Dec 2024 17:47:38 INFO Epoch 23, Loss: 98.02840
Mon 02 Dec 2024 17:47:40 INFO Validation Metrics:
Mon 02 Dec 2024 17:47:40 INFO 5: precision: 0.01165 | recall: 0.04892 | ndcg: 0.03261 | hit_rate: 0.05739 | map: 0.02560
Mon 02 Dec 2024 17:47:40 INFO 10: precision: 0.00964 | recall: 0.07976 | ndcg: 0.04273 | hit_rate: 0.09359 | map: 0.02966
Mon 02 Dec 2024 17:47:40 INFO 20: precision: 0.00803 | recall: 0.13181 | ndcg: 0.05629 | hit_rate: 0.15258 | map: 0.03327
Mon 02 Dec 2024 17:47:40 INFO Test Metrics:
Mon 02 Dec 2024 17:47:40 INFO 5: precision: 0.01733 | recall: 0.04243 | ndcg: 0.03348 | hit_rate: 0.08320 | map: 0.02268
Mon 02 Dec 2024 17:47:40 INFO 10: precision: 0.01512 | recall: 0.07488 | ndcg: 0.04572 | hit_rate: 0.14043 | map: 0.02728
Mon 02 Dec 2024 17:47:40 INFO 20: precision: 0.01264 | recall: 0.12440 | ndcg: 0.06075 | hit_rate: 0.22388 | map: 0.03104
Mon 02 Dec 2024 17:47:47 INFO Epoch 24, Loss: 94.39224
Mon 02 Dec 2024 17:47:48 INFO Validation Metrics:
Mon 02 Dec 2024 17:47:48 INFO 5: precision: 0.01134 | recall: 0.04738 | ndcg: 0.03211 | hit_rate: 0.05580 | map: 0.02539
Mon 02 Dec 2024 17:47:48 INFO 10: precision: 0.00963 | recall: 0.07947 | ndcg: 0.04263 | hit_rate: 0.09334 | map: 0.02960
Mon 02 Dec 2024 17:47:48 INFO 20: precision: 0.00789 | recall: 0.12901 | ndcg: 0.05558 | hit_rate: 0.14956 | map: 0.03307
Mon 02 Dec 2024 17:47:48 INFO Test Metrics:
Mon 02 Dec 2024 17:47:48 INFO 5: precision: 0.01731 | recall: 0.04227 | ndcg: 0.03323 | hit_rate: 0.08312 | map: 0.02250
Mon 02 Dec 2024 17:47:48 INFO 10: precision: 0.01499 | recall: 0.07423 | ndcg: 0.04519 | hit_rate: 0.13951 | map: 0.02692
Mon 02 Dec 2024 17:47:48 INFO 20: precision: 0.01251 | recall: 0.12332 | ndcg: 0.06008 | hit_rate: 0.22145 | map: 0.03069
Mon 02 Dec 2024 17:47:55 INFO Epoch 25, Loss: 94.62776
Mon 02 Dec 2024 17:47:56 INFO Validation Metrics:
Mon 02 Dec 2024 17:47:56 INFO 5: precision: 0.01141 | recall: 0.04767 | ndcg: 0.03203 | hit_rate: 0.05630 | map: 0.02522
Mon 02 Dec 2024 17:47:56 INFO 10: precision: 0.00976 | recall: 0.08057 | ndcg: 0.04280 | hit_rate: 0.09476 | map: 0.02952
Mon 02 Dec 2024 17:47:56 INFO 20: precision: 0.00796 | recall: 0.13028 | ndcg: 0.05569 | hit_rate: 0.15165 | map: 0.03291
Mon 02 Dec 2024 17:47:56 INFO Test Metrics:
Mon 02 Dec 2024 17:47:56 INFO 5: precision: 0.01716 | recall: 0.04200 | ndcg: 0.03340 | hit_rate: 0.08253 | map: 0.02285
Mon 02 Dec 2024 17:47:56 INFO 10: precision: 0.01491 | recall: 0.07355 | ndcg: 0.04532 | hit_rate: 0.13900 | map: 0.02726
Mon 02 Dec 2024 17:47:56 INFO 20: precision: 0.01257 | recall: 0.12376 | ndcg: 0.06052 | hit_rate: 0.22296 | map: 0.03110
Mon 02 Dec 2024 17:48:03 INFO Epoch 26, Loss: 94.89478
Mon 02 Dec 2024 17:48:04 INFO Validation Metrics:
Mon 02 Dec 2024 17:48:04 INFO 5: precision: 0.01143 | recall: 0.04776 | ndcg: 0.03236 | hit_rate: 0.05630 | map: 0.02563
Mon 02 Dec 2024 17:48:04 INFO 10: precision: 0.00962 | recall: 0.07923 | ndcg: 0.04264 | hit_rate: 0.09300 | map: 0.02971
Mon 02 Dec 2024 17:48:04 INFO 20: precision: 0.00787 | recall: 0.12895 | ndcg: 0.05561 | hit_rate: 0.14922 | map: 0.03317
Mon 02 Dec 2024 17:48:04 INFO Test Metrics:
Mon 02 Dec 2024 17:48:04 INFO 5: precision: 0.01696 | recall: 0.04181 | ndcg: 0.03360 | hit_rate: 0.08178 | map: 0.02324
Mon 02 Dec 2024 17:48:04 INFO 10: precision: 0.01474 | recall: 0.07307 | ndcg: 0.04541 | hit_rate: 0.13749 | map: 0.02763
Mon 02 Dec 2024 17:48:04 INFO 20: precision: 0.01249 | recall: 0.12304 | ndcg: 0.06055 | hit_rate: 0.22170 | map: 0.03142
Mon 02 Dec 2024 17:48:11 INFO Epoch 27, Loss: 108.95628
Mon 02 Dec 2024 17:48:12 INFO Validation Metrics:
Mon 02 Dec 2024 17:48:12 INFO 5: precision: 0.01140 | recall: 0.04782 | ndcg: 0.03206 | hit_rate: 0.05614 | map: 0.02516
Mon 02 Dec 2024 17:48:12 INFO 10: precision: 0.00943 | recall: 0.07837 | ndcg: 0.04203 | hit_rate: 0.09150 | map: 0.02915
Mon 02 Dec 2024 17:48:12 INFO 20: precision: 0.00788 | recall: 0.12941 | ndcg: 0.05537 | hit_rate: 0.14981 | map: 0.03270
Mon 02 Dec 2024 17:48:12 INFO Test Metrics:
Mon 02 Dec 2024 17:48:12 INFO 5: precision: 0.01682 | recall: 0.04174 | ndcg: 0.03306 | hit_rate: 0.08111 | map: 0.02263
Mon 02 Dec 2024 17:48:12 INFO 10: precision: 0.01458 | recall: 0.07256 | ndcg: 0.04473 | hit_rate: 0.13548 | map: 0.02700
Mon 02 Dec 2024 17:48:12 INFO 20: precision: 0.01245 | recall: 0.12301 | ndcg: 0.06002 | hit_rate: 0.21952 | map: 0.03087
Mon 02 Dec 2024 17:48:19 INFO Epoch 28, Loss: 111.77248
Mon 02 Dec 2024 17:48:20 INFO Validation Metrics:
Mon 02 Dec 2024 17:48:20 INFO 5: precision: 0.01119 | recall: 0.04692 | ndcg: 0.03170 | hit_rate: 0.05513 | map: 0.02507
Mon 02 Dec 2024 17:48:20 INFO 10: precision: 0.00960 | recall: 0.07940 | ndcg: 0.04241 | hit_rate: 0.09317 | map: 0.02936
Mon 02 Dec 2024 17:48:20 INFO 20: precision: 0.00782 | recall: 0.12794 | ndcg: 0.05512 | hit_rate: 0.14897 | map: 0.03276
Mon 02 Dec 2024 17:48:20 INFO Test Metrics:
Mon 02 Dec 2024 17:48:20 INFO 5: precision: 0.01711 | recall: 0.04207 | ndcg: 0.03306 | hit_rate: 0.08220 | map: 0.02239
Mon 02 Dec 2024 17:48:20 INFO 10: precision: 0.01472 | recall: 0.07318 | ndcg: 0.04474 | hit_rate: 0.13682 | map: 0.02675
Mon 02 Dec 2024 17:48:20 INFO 20: precision: 0.01237 | recall: 0.12240 | ndcg: 0.05960 | hit_rate: 0.21835 | map: 0.03049
Mon 02 Dec 2024 17:48:27 INFO Epoch 29, Loss: 109.02905
Mon 02 Dec 2024 17:48:28 INFO Validation Metrics:
Mon 02 Dec 2024 17:48:28 INFO 5: precision: 0.01119 | recall: 0.04656 | ndcg: 0.03173 | hit_rate: 0.05522 | map: 0.02514
Mon 02 Dec 2024 17:48:28 INFO 10: precision: 0.00947 | recall: 0.07836 | ndcg: 0.04218 | hit_rate: 0.09200 | map: 0.02937
Mon 02 Dec 2024 17:48:28 INFO 20: precision: 0.00783 | recall: 0.12760 | ndcg: 0.05513 | hit_rate: 0.14805 | map: 0.03285
Mon 02 Dec 2024 17:48:28 INFO Test Metrics:
Mon 02 Dec 2024 17:48:28 INFO 5: precision: 0.01704 | recall: 0.04199 | ndcg: 0.03290 | hit_rate: 0.08220 | map: 0.02221
Mon 02 Dec 2024 17:48:28 INFO 10: precision: 0.01451 | recall: 0.07177 | ndcg: 0.04416 | hit_rate: 0.13557 | map: 0.02639
Mon 02 Dec 2024 17:48:28 INFO 20: precision: 0.01238 | recall: 0.12222 | ndcg: 0.05943 | hit_rate: 0.21952 | map: 0.03025
Mon 02 Dec 2024 17:48:35 INFO Epoch 30, Loss: 100.00301
Mon 02 Dec 2024 17:48:36 INFO Validation Metrics:
Mon 02 Dec 2024 17:48:36 INFO 5: precision: 0.01145 | recall: 0.04767 | ndcg: 0.03209 | hit_rate: 0.05630 | map: 0.02524
Mon 02 Dec 2024 17:48:36 INFO 10: precision: 0.00964 | recall: 0.07925 | ndcg: 0.04251 | hit_rate: 0.09342 | map: 0.02944
Mon 02 Dec 2024 17:48:36 INFO 20: precision: 0.00789 | recall: 0.12876 | ndcg: 0.05546 | hit_rate: 0.14922 | map: 0.03291
Mon 02 Dec 2024 17:48:36 INFO Test Metrics:
Mon 02 Dec 2024 17:48:36 INFO 5: precision: 0.01694 | recall: 0.04196 | ndcg: 0.03309 | hit_rate: 0.08169 | map: 0.02255
Mon 02 Dec 2024 17:48:36 INFO 10: precision: 0.01474 | recall: 0.07343 | ndcg: 0.04493 | hit_rate: 0.13791 | map: 0.02692
Mon 02 Dec 2024 17:48:36 INFO 20: precision: 0.01227 | recall: 0.12052 | ndcg: 0.05935 | hit_rate: 0.21676 | map: 0.03059
Mon 02 Dec 2024 17:48:43 INFO Epoch 31, Loss: 109.90261
Mon 02 Dec 2024 17:48:45 INFO Validation Metrics:
Mon 02 Dec 2024 17:48:45 INFO 5: precision: 0.01136 | recall: 0.04734 | ndcg: 0.03172 | hit_rate: 0.05614 | map: 0.02487
Mon 02 Dec 2024 17:48:45 INFO 10: precision: 0.00937 | recall: 0.07744 | ndcg: 0.04162 | hit_rate: 0.09099 | map: 0.02888
Mon 02 Dec 2024 17:48:45 INFO 20: precision: 0.00788 | recall: 0.12925 | ndcg: 0.05512 | hit_rate: 0.14939 | map: 0.03248
Mon 02 Dec 2024 17:48:45 INFO Test Metrics:
Mon 02 Dec 2024 17:48:45 INFO 5: precision: 0.01768 | recall: 0.04326 | ndcg: 0.03391 | hit_rate: 0.08496 | map: 0.02302
Mon 02 Dec 2024 17:48:45 INFO 10: precision: 0.01491 | recall: 0.07416 | ndcg: 0.04545 | hit_rate: 0.13951 | map: 0.02728
Mon 02 Dec 2024 17:48:45 INFO 20: precision: 0.01233 | recall: 0.12216 | ndcg: 0.05997 | hit_rate: 0.21768 | map: 0.03100
Mon 02 Dec 2024 17:48:52 INFO Epoch 32, Loss: 114.30133
Mon 02 Dec 2024 17:48:53 INFO Validation Metrics:
Mon 02 Dec 2024 17:48:53 INFO 5: precision: 0.01133 | recall: 0.04755 | ndcg: 0.03173 | hit_rate: 0.05580 | map: 0.02491
Mon 02 Dec 2024 17:48:53 INFO 10: precision: 0.00936 | recall: 0.07747 | ndcg: 0.04157 | hit_rate: 0.09049 | map: 0.02886
Mon 02 Dec 2024 17:48:53 INFO 20: precision: 0.00793 | recall: 0.12983 | ndcg: 0.05525 | hit_rate: 0.14973 | map: 0.03252
Mon 02 Dec 2024 17:48:53 INFO Test Metrics:
Mon 02 Dec 2024 17:48:53 INFO 5: precision: 0.01724 | recall: 0.04260 | ndcg: 0.03356 | hit_rate: 0.08303 | map: 0.02289
Mon 02 Dec 2024 17:48:53 INFO 10: precision: 0.01446 | recall: 0.07217 | ndcg: 0.04472 | hit_rate: 0.13515 | map: 0.02708
Mon 02 Dec 2024 17:48:53 INFO 20: precision: 0.01240 | recall: 0.12208 | ndcg: 0.05995 | hit_rate: 0.21877 | map: 0.03094
Mon 02 Dec 2024 17:49:00 INFO Epoch 33, Loss: 103.25969
Mon 02 Dec 2024 17:49:01 INFO Validation Metrics:
Mon 02 Dec 2024 17:49:01 INFO 5: precision: 0.01114 | recall: 0.04664 | ndcg: 0.03096 | hit_rate: 0.05505 | map: 0.02418
Mon 02 Dec 2024 17:49:01 INFO 10: precision: 0.00938 | recall: 0.07739 | ndcg: 0.04106 | hit_rate: 0.09074 | map: 0.02824
Mon 02 Dec 2024 17:49:01 INFO 20: precision: 0.00786 | recall: 0.12833 | ndcg: 0.05442 | hit_rate: 0.14864 | map: 0.03184
Mon 02 Dec 2024 17:49:01 INFO Test Metrics:
Mon 02 Dec 2024 17:49:01 INFO 5: precision: 0.01743 | recall: 0.04300 | ndcg: 0.03332 | hit_rate: 0.08404 | map: 0.02243
Mon 02 Dec 2024 17:49:01 INFO 10: precision: 0.01447 | recall: 0.07201 | ndcg: 0.04420 | hit_rate: 0.13456 | map: 0.02653
Mon 02 Dec 2024 17:49:01 INFO 20: precision: 0.01228 | recall: 0.12137 | ndcg: 0.05916 | hit_rate: 0.21584 | map: 0.03033
Mon 02 Dec 2024 17:49:08 INFO Epoch 34, Loss: 102.34544
Mon 02 Dec 2024 17:49:09 INFO Validation Metrics:
Mon 02 Dec 2024 17:49:09 INFO 5: precision: 0.01128 | recall: 0.04722 | ndcg: 0.03127 | hit_rate: 0.05572 | map: 0.02443
Mon 02 Dec 2024 17:49:09 INFO 10: precision: 0.00947 | recall: 0.07857 | ndcg: 0.04156 | hit_rate: 0.09175 | map: 0.02857
Mon 02 Dec 2024 17:49:09 INFO 20: precision: 0.00789 | recall: 0.12949 | ndcg: 0.05485 | hit_rate: 0.14948 | map: 0.03211
Mon 02 Dec 2024 17:49:09 INFO Test Metrics:
Mon 02 Dec 2024 17:49:09 INFO 5: precision: 0.01724 | recall: 0.04271 | ndcg: 0.03283 | hit_rate: 0.08287 | map: 0.02205
Mon 02 Dec 2024 17:49:09 INFO 10: precision: 0.01464 | recall: 0.07197 | ndcg: 0.04392 | hit_rate: 0.13532 | map: 0.02615
Mon 02 Dec 2024 17:49:09 INFO 20: precision: 0.01214 | recall: 0.12006 | ndcg: 0.05845 | hit_rate: 0.21299 | map: 0.02988
Mon 02 Dec 2024 17:49:16 INFO Epoch 35, Loss: 107.38931
Mon 02 Dec 2024 17:49:17 INFO Validation Metrics:
Mon 02 Dec 2024 17:49:17 INFO 5: precision: 0.01145 | recall: 0.04803 | ndcg: 0.03210 | hit_rate: 0.05639 | map: 0.02527
Mon 02 Dec 2024 17:49:17 INFO 10: precision: 0.00915 | recall: 0.07621 | ndcg: 0.04135 | hit_rate: 0.08890 | map: 0.02899
Mon 02 Dec 2024 17:49:17 INFO 20: precision: 0.00788 | recall: 0.12972 | ndcg: 0.05533 | hit_rate: 0.14881 | map: 0.03273
Mon 02 Dec 2024 17:49:17 INFO Test Metrics:
Mon 02 Dec 2024 17:49:17 INFO 5: precision: 0.01731 | recall: 0.04272 | ndcg: 0.03355 | hit_rate: 0.08303 | map: 0.02285
Mon 02 Dec 2024 17:49:17 INFO 10: precision: 0.01501 | recall: 0.07502 | ndcg: 0.04560 | hit_rate: 0.13951 | map: 0.02731
Mon 02 Dec 2024 17:49:17 INFO 20: precision: 0.01233 | recall: 0.12239 | ndcg: 0.05993 | hit_rate: 0.21726 | map: 0.03096
Mon 02 Dec 2024 17:49:24 INFO Epoch 36, Loss: 95.04960
Mon 02 Dec 2024 17:49:26 INFO Validation Metrics:
Mon 02 Dec 2024 17:49:26 INFO 5: precision: 0.01136 | recall: 0.04799 | ndcg: 0.03202 | hit_rate: 0.05605 | map: 0.02529
Mon 02 Dec 2024 17:49:26 INFO 10: precision: 0.00935 | recall: 0.07811 | ndcg: 0.04188 | hit_rate: 0.09066 | map: 0.02921
Mon 02 Dec 2024 17:49:26 INFO 20: precision: 0.00790 | recall: 0.12966 | ndcg: 0.05533 | hit_rate: 0.14990 | map: 0.03276
Mon 02 Dec 2024 17:49:26 INFO Test Metrics:
Mon 02 Dec 2024 17:49:26 INFO 5: precision: 0.01743 | recall: 0.04311 | ndcg: 0.03336 | hit_rate: 0.08387 | map: 0.02243
Mon 02 Dec 2024 17:49:26 INFO 10: precision: 0.01488 | recall: 0.07409 | ndcg: 0.04495 | hit_rate: 0.13842 | map: 0.02675
Mon 02 Dec 2024 17:49:26 INFO 20: precision: 0.01214 | recall: 0.12023 | ndcg: 0.05895 | hit_rate: 0.21424 | map: 0.03033
Mon 02 Dec 2024 17:49:32 INFO Epoch 37, Loss: 96.32228
Mon 02 Dec 2024 17:49:34 INFO Validation Metrics:
Mon 02 Dec 2024 17:49:34 INFO 5: precision: 0.01103 | recall: 0.04711 | ndcg: 0.03161 | hit_rate: 0.05446 | map: 0.02511
Mon 02 Dec 2024 17:49:34 INFO 10: precision: 0.00917 | recall: 0.07621 | ndcg: 0.04125 | hit_rate: 0.08915 | map: 0.02893
Mon 02 Dec 2024 17:49:34 INFO 20: precision: 0.00773 | recall: 0.12695 | ndcg: 0.05453 | hit_rate: 0.14705 | map: 0.03248
Mon 02 Dec 2024 17:49:34 INFO Test Metrics:
Mon 02 Dec 2024 17:49:34 INFO 5: precision: 0.01766 | recall: 0.04356 | ndcg: 0.03294 | hit_rate: 0.08471 | map: 0.02181
Mon 02 Dec 2024 17:49:34 INFO 10: precision: 0.01465 | recall: 0.07276 | ndcg: 0.04381 | hit_rate: 0.13666 | map: 0.02583
Mon 02 Dec 2024 17:49:34 INFO 20: precision: 0.01212 | recall: 0.12031 | ndcg: 0.05814 | hit_rate: 0.21475 | map: 0.02945
Mon 02 Dec 2024 17:49:40 INFO Epoch 38, Loss: 94.21258
Mon 02 Dec 2024 17:49:42 INFO Validation Metrics:
Mon 02 Dec 2024 17:49:42 INFO 5: precision: 0.01099 | recall: 0.04634 | ndcg: 0.03065 | hit_rate: 0.05429 | map: 0.02408
Mon 02 Dec 2024 17:49:42 INFO 10: precision: 0.00902 | recall: 0.07549 | ndcg: 0.04020 | hit_rate: 0.08789 | map: 0.02790
Mon 02 Dec 2024 17:49:42 INFO 20: precision: 0.00760 | recall: 0.12499 | ndcg: 0.05319 | hit_rate: 0.14487 | map: 0.03136
Mon 02 Dec 2024 17:49:42 INFO Test Metrics:
Mon 02 Dec 2024 17:49:42 INFO 5: precision: 0.01718 | recall: 0.04190 | ndcg: 0.03271 | hit_rate: 0.08253 | map: 0.02197
Mon 02 Dec 2024 17:49:42 INFO 10: precision: 0.01475 | recall: 0.07307 | ndcg: 0.04438 | hit_rate: 0.13791 | map: 0.02631
Mon 02 Dec 2024 17:49:42 INFO 20: precision: 0.01224 | recall: 0.12080 | ndcg: 0.05880 | hit_rate: 0.21525 | map: 0.02998
Mon 02 Dec 2024 17:49:48 INFO Epoch 39, Loss: 95.11160
Mon 02 Dec 2024 17:49:50 INFO Validation Metrics:
Mon 02 Dec 2024 17:49:50 INFO 5: precision: 0.01093 | recall: 0.04642 | ndcg: 0.03032 | hit_rate: 0.05379 | map: 0.02368
Mon 02 Dec 2024 17:49:50 INFO 10: precision: 0.00911 | recall: 0.07580 | ndcg: 0.04003 | hit_rate: 0.08873 | map: 0.02755
Mon 02 Dec 2024 17:49:50 INFO 20: precision: 0.00755 | recall: 0.12368 | ndcg: 0.05257 | hit_rate: 0.14336 | map: 0.03089
Mon 02 Dec 2024 17:49:50 INFO Test Metrics:
Mon 02 Dec 2024 17:49:50 INFO 5: precision: 0.01682 | recall: 0.04116 | ndcg: 0.03174 | hit_rate: 0.08136 | map: 0.02110
Mon 02 Dec 2024 17:49:50 INFO 10: precision: 0.01450 | recall: 0.07227 | ndcg: 0.04337 | hit_rate: 0.13515 | map: 0.02548
Mon 02 Dec 2024 17:49:50 INFO 20: precision: 0.01230 | recall: 0.12141 | ndcg: 0.05830 | hit_rate: 0.21642 | map: 0.02925
Mon 02 Dec 2024 17:49:57 INFO Epoch 40, Loss: 100.42117
Mon 02 Dec 2024 17:49:58 INFO Validation Metrics:
Mon 02 Dec 2024 17:49:58 INFO 5: precision: 0.01086 | recall: 0.04553 | ndcg: 0.02986 | hit_rate: 0.05354 | map: 0.02324
Mon 02 Dec 2024 17:49:58 INFO 10: precision: 0.00905 | recall: 0.07499 | ndcg: 0.03956 | hit_rate: 0.08806 | map: 0.02712
Mon 02 Dec 2024 17:49:58 INFO 20: precision: 0.00763 | recall: 0.12449 | ndcg: 0.05253 | hit_rate: 0.14462 | map: 0.03057
Mon 02 Dec 2024 17:49:58 INFO Test Metrics:
Mon 02 Dec 2024 17:49:58 INFO 5: precision: 0.01714 | recall: 0.04208 | ndcg: 0.03258 | hit_rate: 0.08278 | map: 0.02180
Mon 02 Dec 2024 17:49:58 INFO 10: precision: 0.01447 | recall: 0.07185 | ndcg: 0.04373 | hit_rate: 0.13473 | map: 0.02598
Mon 02 Dec 2024 17:49:58 INFO 20: precision: 0.01209 | recall: 0.11939 | ndcg: 0.05819 | hit_rate: 0.21282 | map: 0.02968
Mon 02 Dec 2024 17:50:05 INFO Epoch 41, Loss: 99.77672
Mon 02 Dec 2024 17:50:06 INFO Validation Metrics:
Mon 02 Dec 2024 17:50:06 INFO 5: precision: 0.01114 | recall: 0.04643 | ndcg: 0.03101 | hit_rate: 0.05463 | map: 0.02444
Mon 02 Dec 2024 17:50:06 INFO 10: precision: 0.00922 | recall: 0.07636 | ndcg: 0.04084 | hit_rate: 0.09007 | map: 0.02834
Mon 02 Dec 2024 17:50:06 INFO 20: precision: 0.00771 | recall: 0.12553 | ndcg: 0.05376 | hit_rate: 0.14587 | map: 0.03180
Mon 02 Dec 2024 17:50:06 INFO Test Metrics:
Mon 02 Dec 2024 17:50:06 INFO 5: precision: 0.01746 | recall: 0.04278 | ndcg: 0.03328 | hit_rate: 0.08395 | map: 0.02224
Mon 02 Dec 2024 17:50:06 INFO 10: precision: 0.01459 | recall: 0.07228 | ndcg: 0.04433 | hit_rate: 0.13473 | map: 0.02642
Mon 02 Dec 2024 17:50:06 INFO 20: precision: 0.01206 | recall: 0.11974 | ndcg: 0.05871 | hit_rate: 0.21257 | map: 0.03011
Mon 02 Dec 2024 17:50:13 INFO Epoch 42, Loss: 94.59630
Mon 02 Dec 2024 17:50:14 INFO Validation Metrics:
Mon 02 Dec 2024 17:50:14 INFO 5: precision: 0.01088 | recall: 0.04506 | ndcg: 0.02960 | hit_rate: 0.05362 | map: 0.02305
Mon 02 Dec 2024 17:50:14 INFO 10: precision: 0.00919 | recall: 0.07616 | ndcg: 0.03984 | hit_rate: 0.08965 | map: 0.02716
Mon 02 Dec 2024 17:50:14 INFO 20: precision: 0.00771 | recall: 0.12596 | ndcg: 0.05288 | hit_rate: 0.14604 | map: 0.03065
Mon 02 Dec 2024 17:50:14 INFO Test Metrics:
Mon 02 Dec 2024 17:50:14 INFO 5: precision: 0.01716 | recall: 0.04197 | ndcg: 0.03221 | hit_rate: 0.08220 | map: 0.02134
Mon 02 Dec 2024 17:50:14 INFO 10: precision: 0.01463 | recall: 0.07202 | ndcg: 0.04351 | hit_rate: 0.13540 | map: 0.02557
Mon 02 Dec 2024 17:50:14 INFO 20: precision: 0.01215 | recall: 0.11962 | ndcg: 0.05796 | hit_rate: 0.21424 | map: 0.02926
Mon 02 Dec 2024 17:50:14 INFO Best Test Metrics:
Mon 02 Dec 2024 17:50:14 INFO 5: precision: 0.01699 | recall: 0.04152 | ndcg: 0.03234 | hit_rate: 0.08152 | map: 0.02180
Mon 02 Dec 2024 17:50:14 INFO 10: precision: 0.01513 | recall: 0.07480 | ndcg: 0.04496 | hit_rate: 0.14009 | map: 0.02653
Mon 02 Dec 2024 17:50:14 INFO 20: precision: 0.01267 | recall: 0.12504 | ndcg: 0.06015 | hit_rate: 0.22581 | map: 0.03030
Mon 02 Dec 2024 17:50:14 INFO Best performance: 0.12504
Mon 02 Dec 2024 17:50:14 INFO Best parameters: {'learning_rate': 0.01, 'ssl_alpha': 0.01, 'n_layers': 5, 'ssl_temp': 0.2, 'reg_weight': 0.1}
Mon 02 Dec 2024 17:50:14 INFO Best metrics:
Mon 02 Dec 2024 17:50:14 INFO 5: precision: 0.01699 | recall: 0.04152 | ndcg: 0.03234 | hit_rate: 0.08152 | map: 0.02180
Mon 02 Dec 2024 17:50:14 INFO 10: precision: 0.01513 | recall: 0.07480 | ndcg: 0.04496 | hit_rate: 0.14009 | map: 0.02653
Mon 02 Dec 2024 17:50:14 INFO 20: precision: 0.01267 | recall: 0.12504 | ndcg: 0.06015 | hit_rate: 0.22581 | map: 0.03030
