Mon 02 Feb 2026 18:35:55 INFO ============Arguments==============
Mon 02 Feb 2026 18:35:55 INFO Model: MHRec
Mon 02 Feb 2026 18:35:55 INFO data_path: microlens
Mon 02 Feb 2026 18:35:55 INFO learning_rate: 0.001
Mon 02 Feb 2026 18:35:55 INFO feature_embed: 64
Mon 02 Feb 2026 18:35:55 INFO batch_size: 1024
Mon 02 Feb 2026 18:35:55 INFO aggr_mode: add
Mon 02 Feb 2026 18:35:55 INFO reg_weight: 0.001
Mon 02 Feb 2026 18:35:55 INFO dim_E: 64
Mon 02 Feb 2026 18:35:55 INFO num_epoch: 1000
Mon 02 Feb 2026 18:35:55 INFO dropout: 0.2
Mon 02 Feb 2026 18:35:55 INFO n_layers: 2
Mon 02 Feb 2026 18:35:55 INFO corDecay: 0.001
Mon 02 Feb 2026 18:35:55 INFO n_factors: 4
Mon 02 Feb 2026 18:35:55 INFO n_iterations: 3
Mon 02 Feb 2026 18:35:55 INFO cl_weight: 2.0
Mon 02 Feb 2026 18:35:55 INFO mm_layers: 2
Mon 02 Feb 2026 18:35:55 INFO ii_topk: 10
Mon 02 Feb 2026 18:35:55 INFO uu_topk: 10
Mon 02 Feb 2026 18:35:55 INFO lambda_coeff: 0.9
Mon 02 Feb 2026 18:35:55 INFO ssl_temp: 0.9
Mon 02 Feb 2026 18:35:55 INFO ssl_alpha: 0.9
Mon 02 Feb 2026 18:35:55 INFO ae_weight: 0.1
Mon 02 Feb 2026 18:35:55 INFO threshold: 0.1
Mon 02 Feb 2026 18:35:55 INFO prompt_num: 0.1
Mon 02 Feb 2026 18:35:55 INFO neg_weight: 0.1
Mon 02 Feb 2026 18:35:55 INFO cen_reg: 0.005
Mon 02 Feb 2026 18:35:55 INFO n_intents: 128
Mon 02 Feb 2026 18:35:55 INFO G_rate: 0.0001
Mon 02 Feb 2026 18:35:55 INFO align_weight: 0.1
Mon 02 Feb 2026 18:35:55 INFO mask_weight_f: 1.5
Mon 02 Feb 2026 18:35:55 INFO mask_weight_g: 0.001
Mon 02 Feb 2026 18:35:55 INFO leaky: 0.5
Mon 02 Feb 2026 18:35:55 INFO keepRate: 1.0
Mon 02 Feb 2026 18:35:55 INFO mult: 0.1
Mon 02 Feb 2026 18:35:55 INFO grid_size: 1
Mon 02 Feb 2026 18:35:55 INFO node_dropout: 0.1
Mon 02 Feb 2026 18:35:55 INFO message_dropout: 0.1
Mon 02 Feb 2026 18:35:55 INFO n_mca: 2
Mon 02 Feb 2026 18:35:55 INFO gamma: 0.5
Mon 02 Feb 2026 18:35:55 INFO t: 1.8
Mon 02 Feb 2026 18:35:55 INFO e_loss: 0.1
Mon 02 Feb 2026 18:35:55 INFO ris_lambda: 0.5
Mon 02 Feb 2026 18:35:55 INFO rebuild_k: 1
Mon 02 Feb 2026 18:35:55 INFO pnn_layer: 1
Mon 02 Feb 2026 18:35:55 INFO b2: 1
Mon 02 Feb 2026 18:35:55 INFO ctra: 0.001
Mon 02 Feb 2026 18:35:55 INFO noise_alpha: 0.3
Mon 02 Feb 2026 18:35:55 INFO ssl_temp2: 0.2
Mon 02 Feb 2026 18:35:55 INFO K_s: 1
Mon 02 Feb 2026 18:35:55 INFO T_s: 1
Mon 02 Feb 2026 18:35:55 INFO K_b: 1
Mon 02 Feb 2026 18:35:55 INFO T_b: 1
Mon 02 Feb 2026 18:35:55 INFO idl_beta: 1
Mon 02 Feb 2026 18:35:55 INFO sampling_noise: False
Mon 02 Feb 2026 18:35:55 INFO sampling_steps: 0
Mon 02 Feb 2026 18:35:55 INFO steps: 5
Mon 02 Feb 2026 18:35:55 INFO noise_scale: 0.1
Mon 02 Feb 2026 18:35:55 INFO noise_min: 0.0001
Mon 02 Feb 2026 18:35:55 INFO noise_max: 0.02
Mon 02 Feb 2026 18:35:55 INFO dims: [1000]
Mon 02 Feb 2026 18:35:55 INFO h_layers: 2
Mon 02 Feb 2026 18:35:55 INFO num_hypernodes: 10
Mon 02 Feb 2026 18:35:55 INFO beta1: 0.5
Mon 02 Feb 2026 18:35:55 INFO beta2: 0.5
Mon 02 Feb 2026 18:35:55 INFO n_ui_layers: 3
Mon 02 Feb 2026 18:35:55 INFO um_loss: 0.1
Mon 02 Feb 2026 18:35:55 INFO vt_loss: 0.1
Mon 02 Feb 2026 18:35:55 INFO seed: 42
Mon 02 Feb 2026 18:35:55 INFO num_workers: 1
Mon 02 Feb 2026 18:35:55 INFO topk: [5, 10, 20]
Mon 02 Feb 2026 18:35:55 INFO local timeŁşFeb-02-2026-18-35-55
Mon 02 Feb 2026 18:36:00 INFO =========1/1: Parameters:{'n_layers': 3, 'h_layers': 2, 'learning_rate': 0.001, 'reg_weight': 0.0001, 'uu_topk': 10, 'ii_topk': 10, 'num_hypernodes': 2, 'ssl_alpha': 0.01, 'ssl_temp': 0.1, 'beta1': 0.5, 'beta2': 0.5}=========
Mon 02 Feb 2026 18:36:11 INFO Epoch 1, Loss: 12.53705
Mon 02 Feb 2026 18:36:13 INFO Validation Metrics:
Mon 02 Feb 2026 18:36:13 INFO 5: precision: 0.00022 | recall: 0.00085 | ndcg: 0.00051 | hit_rate: 0.00110 | map: 0.00037
Mon 02 Feb 2026 18:36:13 INFO 10: precision: 0.00022 | recall: 0.00176 | ndcg: 0.00082 | hit_rate: 0.00215 | map: 0.00049
Mon 02 Feb 2026 18:36:13 INFO 20: precision: 0.00017 | recall: 0.00270 | ndcg: 0.00106 | hit_rate: 0.00330 | map: 0.00055
Mon 02 Feb 2026 18:36:13 INFO Test Metrics:
Mon 02 Feb 2026 18:36:13 INFO 5: precision: 0.00024 | recall: 0.00064 | ndcg: 0.00042 | hit_rate: 0.00116 | map: 0.00026
Mon 02 Feb 2026 18:36:13 INFO 10: precision: 0.00026 | recall: 0.00128 | ndcg: 0.00067 | hit_rate: 0.00243 | map: 0.00035
Mon 02 Feb 2026 18:36:13 INFO 20: precision: 0.00024 | recall: 0.00247 | ndcg: 0.00103 | hit_rate: 0.00457 | map: 0.00043
Mon 02 Feb 2026 18:36:19 INFO Epoch 2, Loss: 11.05773
Mon 02 Feb 2026 18:36:21 INFO Validation Metrics:
Mon 02 Feb 2026 18:36:21 INFO 5: precision: 0.00024 | recall: 0.00091 | ndcg: 0.00058 | hit_rate: 0.00118 | map: 0.00043
Mon 02 Feb 2026 18:36:21 INFO 10: precision: 0.00022 | recall: 0.00169 | ndcg: 0.00084 | hit_rate: 0.00218 | map: 0.00052
Mon 02 Feb 2026 18:36:21 INFO 20: precision: 0.00019 | recall: 0.00297 | ndcg: 0.00117 | hit_rate: 0.00364 | map: 0.00061
Mon 02 Feb 2026 18:36:21 INFO Test Metrics:
Mon 02 Feb 2026 18:36:21 INFO 5: precision: 0.00028 | recall: 0.00071 | ndcg: 0.00049 | hit_rate: 0.00138 | map: 0.00031
Mon 02 Feb 2026 18:36:21 INFO 10: precision: 0.00025 | recall: 0.00122 | ndcg: 0.00069 | hit_rate: 0.00237 | map: 0.00037
Mon 02 Feb 2026 18:36:21 INFO 20: precision: 0.00023 | recall: 0.00239 | ndcg: 0.00104 | hit_rate: 0.00435 | map: 0.00046
Mon 02 Feb 2026 18:36:26 INFO Epoch 3, Loss: 10.44947
Mon 02 Feb 2026 18:36:28 INFO Validation Metrics:
Mon 02 Feb 2026 18:36:28 INFO 5: precision: 0.00024 | recall: 0.00087 | ndcg: 0.00060 | hit_rate: 0.00118 | map: 0.00046
Mon 02 Feb 2026 18:36:28 INFO 10: precision: 0.00020 | recall: 0.00149 | ndcg: 0.00081 | hit_rate: 0.00198 | map: 0.00054
Mon 02 Feb 2026 18:36:28 INFO 20: precision: 0.00018 | recall: 0.00285 | ndcg: 0.00116 | hit_rate: 0.00358 | map: 0.00063
Mon 02 Feb 2026 18:36:28 INFO Test Metrics:
Mon 02 Feb 2026 18:36:28 INFO 5: precision: 0.00026 | recall: 0.00065 | ndcg: 0.00045 | hit_rate: 0.00125 | map: 0.00028
Mon 02 Feb 2026 18:36:28 INFO 10: precision: 0.00023 | recall: 0.00117 | ndcg: 0.00064 | hit_rate: 0.00222 | map: 0.00035
Mon 02 Feb 2026 18:36:28 INFO 20: precision: 0.00023 | recall: 0.00237 | ndcg: 0.00100 | hit_rate: 0.00437 | map: 0.00043
Mon 02 Feb 2026 18:36:34 INFO Epoch 4, Loss: 10.06786
Mon 02 Feb 2026 18:36:36 INFO Validation Metrics:
Mon 02 Feb 2026 18:36:36 INFO 5: precision: 0.00019 | recall: 0.00073 | ndcg: 0.00052 | hit_rate: 0.00097 | map: 0.00041
Mon 02 Feb 2026 18:36:36 INFO 10: precision: 0.00018 | recall: 0.00137 | ndcg: 0.00073 | hit_rate: 0.00181 | map: 0.00048
Mon 02 Feb 2026 18:36:36 INFO 20: precision: 0.00016 | recall: 0.00252 | ndcg: 0.00103 | hit_rate: 0.00310 | map: 0.00056
Mon 02 Feb 2026 18:36:36 INFO Test Metrics:
Mon 02 Feb 2026 18:36:36 INFO 5: precision: 0.00022 | recall: 0.00055 | ndcg: 0.00041 | hit_rate: 0.00108 | map: 0.00027
Mon 02 Feb 2026 18:36:36 INFO 10: precision: 0.00020 | recall: 0.00099 | ndcg: 0.00058 | hit_rate: 0.00194 | map: 0.00033
Mon 02 Feb 2026 18:36:36 INFO 20: precision: 0.00018 | recall: 0.00186 | ndcg: 0.00084 | hit_rate: 0.00355 | map: 0.00038
Mon 02 Feb 2026 18:36:42 INFO Epoch 5, Loss: 9.80808
Mon 02 Feb 2026 18:36:44 INFO Validation Metrics:
Mon 02 Feb 2026 18:36:44 INFO 5: precision: 0.00015 | recall: 0.00063 | ndcg: 0.00039 | hit_rate: 0.00075 | map: 0.00029
Mon 02 Feb 2026 18:36:44 INFO 10: precision: 0.00013 | recall: 0.00114 | ndcg: 0.00056 | hit_rate: 0.00134 | map: 0.00036
Mon 02 Feb 2026 18:36:44 INFO 20: precision: 0.00013 | recall: 0.00225 | ndcg: 0.00085 | hit_rate: 0.00252 | map: 0.00044
Mon 02 Feb 2026 18:36:44 INFO Test Metrics:
Mon 02 Feb 2026 18:36:44 INFO 5: precision: 0.00019 | recall: 0.00052 | ndcg: 0.00038 | hit_rate: 0.00093 | map: 0.00026
Mon 02 Feb 2026 18:36:44 INFO 10: precision: 0.00016 | recall: 0.00086 | ndcg: 0.00051 | hit_rate: 0.00155 | map: 0.00031
Mon 02 Feb 2026 18:36:44 INFO 20: precision: 0.00015 | recall: 0.00164 | ndcg: 0.00074 | hit_rate: 0.00302 | map: 0.00036
Mon 02 Feb 2026 18:36:50 INFO Epoch 6, Loss: 9.65230
Mon 02 Feb 2026 18:36:52 INFO Validation Metrics:
Mon 02 Feb 2026 18:36:52 INFO 5: precision: 0.00015 | recall: 0.00065 | ndcg: 0.00039 | hit_rate: 0.00073 | map: 0.00028
Mon 02 Feb 2026 18:36:52 INFO 10: precision: 0.00014 | recall: 0.00116 | ndcg: 0.00056 | hit_rate: 0.00136 | map: 0.00035
Mon 02 Feb 2026 18:36:52 INFO 20: precision: 0.00012 | recall: 0.00202 | ndcg: 0.00078 | hit_rate: 0.00228 | map: 0.00041
Mon 02 Feb 2026 18:36:52 INFO Test Metrics:
Mon 02 Feb 2026 18:36:52 INFO 5: precision: 0.00019 | recall: 0.00056 | ndcg: 0.00039 | hit_rate: 0.00097 | map: 0.00027
Mon 02 Feb 2026 18:36:52 INFO 10: precision: 0.00016 | recall: 0.00095 | ndcg: 0.00053 | hit_rate: 0.00164 | map: 0.00032
Mon 02 Feb 2026 18:36:52 INFO 20: precision: 0.00016 | recall: 0.00175 | ndcg: 0.00077 | hit_rate: 0.00312 | map: 0.00037
Mon 02 Feb 2026 18:36:57 INFO Epoch 7, Loss: 9.55232
Mon 02 Feb 2026 18:36:59 INFO Validation Metrics:
Mon 02 Feb 2026 18:36:59 INFO 5: precision: 0.00013 | recall: 0.00059 | ndcg: 0.00033 | hit_rate: 0.00067 | map: 0.00024
Mon 02 Feb 2026 18:36:59 INFO 10: precision: 0.00013 | recall: 0.00113 | ndcg: 0.00051 | hit_rate: 0.00127 | map: 0.00031
Mon 02 Feb 2026 18:36:59 INFO 20: precision: 0.00011 | recall: 0.00189 | ndcg: 0.00071 | hit_rate: 0.00215 | map: 0.00036
Mon 02 Feb 2026 18:36:59 INFO Test Metrics:
Mon 02 Feb 2026 18:36:59 INFO 5: precision: 0.00016 | recall: 0.00049 | ndcg: 0.00036 | hit_rate: 0.00082 | map: 0.00026
Mon 02 Feb 2026 18:36:59 INFO 10: precision: 0.00016 | recall: 0.00093 | ndcg: 0.00053 | hit_rate: 0.00164 | map: 0.00032
Mon 02 Feb 2026 18:36:59 INFO 20: precision: 0.00016 | recall: 0.00185 | ndcg: 0.00079 | hit_rate: 0.00317 | map: 0.00038
Mon 02 Feb 2026 18:37:05 INFO Epoch 8, Loss: 9.48191
Mon 02 Feb 2026 18:37:07 INFO Validation Metrics:
Mon 02 Feb 2026 18:37:07 INFO 5: precision: 0.00013 | recall: 0.00058 | ndcg: 0.00035 | hit_rate: 0.00065 | map: 0.00026
Mon 02 Feb 2026 18:37:07 INFO 10: precision: 0.00011 | recall: 0.00103 | ndcg: 0.00049 | hit_rate: 0.00112 | map: 0.00031
Mon 02 Feb 2026 18:37:07 INFO 20: precision: 0.00011 | recall: 0.00204 | ndcg: 0.00075 | hit_rate: 0.00226 | map: 0.00038
Mon 02 Feb 2026 18:37:07 INFO Test Metrics:
Mon 02 Feb 2026 18:37:07 INFO 5: precision: 0.00017 | recall: 0.00052 | ndcg: 0.00035 | hit_rate: 0.00086 | map: 0.00024
Mon 02 Feb 2026 18:37:07 INFO 10: precision: 0.00014 | recall: 0.00087 | ndcg: 0.00048 | hit_rate: 0.00144 | map: 0.00029
Mon 02 Feb 2026 18:37:07 INFO 20: precision: 0.00016 | recall: 0.00176 | ndcg: 0.00075 | hit_rate: 0.00308 | map: 0.00035
Mon 02 Feb 2026 18:37:13 INFO Epoch 9, Loss: 9.42880
Mon 02 Feb 2026 18:37:15 INFO Validation Metrics:
Mon 02 Feb 2026 18:37:15 INFO 5: precision: 0.00011 | recall: 0.00051 | ndcg: 0.00031 | hit_rate: 0.00056 | map: 0.00023
Mon 02 Feb 2026 18:37:15 INFO 10: precision: 0.00010 | recall: 0.00093 | ndcg: 0.00044 | hit_rate: 0.00101 | map: 0.00029
Mon 02 Feb 2026 18:37:15 INFO 20: precision: 0.00011 | recall: 0.00196 | ndcg: 0.00071 | hit_rate: 0.00218 | map: 0.00036
Mon 02 Feb 2026 18:37:15 INFO Test Metrics:
Mon 02 Feb 2026 18:37:15 INFO 5: precision: 0.00016 | recall: 0.00049 | ndcg: 0.00035 | hit_rate: 0.00080 | map: 0.00025
Mon 02 Feb 2026 18:37:15 INFO 10: precision: 0.00014 | recall: 0.00087 | ndcg: 0.00049 | hit_rate: 0.00144 | map: 0.00030
Mon 02 Feb 2026 18:37:15 INFO 20: precision: 0.00016 | recall: 0.00176 | ndcg: 0.00076 | hit_rate: 0.00304 | map: 0.00036
Mon 02 Feb 2026 18:37:20 INFO Epoch 10, Loss: 9.38807
Mon 02 Feb 2026 18:37:22 INFO Validation Metrics:
Mon 02 Feb 2026 18:37:22 INFO 5: precision: 0.00011 | recall: 0.00051 | ndcg: 0.00030 | hit_rate: 0.00054 | map: 0.00023
Mon 02 Feb 2026 18:37:22 INFO 10: precision: 0.00011 | recall: 0.00094 | ndcg: 0.00045 | hit_rate: 0.00106 | map: 0.00029
Mon 02 Feb 2026 18:37:22 INFO 20: precision: 0.00011 | recall: 0.00205 | ndcg: 0.00073 | hit_rate: 0.00222 | map: 0.00036
Mon 02 Feb 2026 18:37:22 INFO Test Metrics:
Mon 02 Feb 2026 18:37:22 INFO 5: precision: 0.00016 | recall: 0.00049 | ndcg: 0.00035 | hit_rate: 0.00082 | map: 0.00025
Mon 02 Feb 2026 18:37:22 INFO 10: precision: 0.00014 | recall: 0.00084 | ndcg: 0.00048 | hit_rate: 0.00140 | map: 0.00029
Mon 02 Feb 2026 18:37:22 INFO 20: precision: 0.00015 | recall: 0.00171 | ndcg: 0.00073 | hit_rate: 0.00295 | map: 0.00035
Mon 02 Feb 2026 18:37:28 INFO Epoch 11, Loss: 9.35488
Mon 02 Feb 2026 18:37:30 INFO Validation Metrics:
Mon 02 Feb 2026 18:37:30 INFO 5: precision: 0.00011 | recall: 0.00050 | ndcg: 0.00030 | hit_rate: 0.00054 | map: 0.00023
Mon 02 Feb 2026 18:37:30 INFO 10: precision: 0.00011 | recall: 0.00096 | ndcg: 0.00045 | hit_rate: 0.00106 | map: 0.00029
Mon 02 Feb 2026 18:37:30 INFO 20: precision: 0.00011 | recall: 0.00213 | ndcg: 0.00074 | hit_rate: 0.00228 | map: 0.00036
Mon 02 Feb 2026 18:37:30 INFO Test Metrics:
Mon 02 Feb 2026 18:37:30 INFO 5: precision: 0.00017 | recall: 0.00054 | ndcg: 0.00036 | hit_rate: 0.00086 | map: 0.00025
Mon 02 Feb 2026 18:37:30 INFO 10: precision: 0.00015 | recall: 0.00087 | ndcg: 0.00048 | hit_rate: 0.00146 | map: 0.00029
Mon 02 Feb 2026 18:37:30 INFO 20: precision: 0.00015 | recall: 0.00168 | ndcg: 0.00072 | hit_rate: 0.00289 | map: 0.00035
Mon 02 Feb 2026 18:37:36 INFO Epoch 12, Loss: 9.32768
Mon 02 Feb 2026 18:37:38 INFO Validation Metrics:
Mon 02 Feb 2026 18:37:38 INFO 5: precision: 0.00010 | recall: 0.00046 | ndcg: 0.00028 | hit_rate: 0.00050 | map: 0.00022
Mon 02 Feb 2026 18:37:38 INFO 10: precision: 0.00011 | recall: 0.00098 | ndcg: 0.00045 | hit_rate: 0.00106 | map: 0.00028
Mon 02 Feb 2026 18:37:38 INFO 20: precision: 0.00010 | recall: 0.00188 | ndcg: 0.00067 | hit_rate: 0.00202 | map: 0.00034
Mon 02 Feb 2026 18:37:38 INFO Test Metrics:
Mon 02 Feb 2026 18:37:38 INFO 5: precision: 0.00016 | recall: 0.00050 | ndcg: 0.00033 | hit_rate: 0.00080 | map: 0.00023
Mon 02 Feb 2026 18:37:38 INFO 10: precision: 0.00014 | recall: 0.00083 | ndcg: 0.00046 | hit_rate: 0.00138 | map: 0.00027
Mon 02 Feb 2026 18:37:38 INFO 20: precision: 0.00015 | recall: 0.00174 | ndcg: 0.00072 | hit_rate: 0.00297 | map: 0.00033
Mon 02 Feb 2026 18:37:43 INFO Epoch 13, Loss: 9.30651
Mon 02 Feb 2026 18:37:45 INFO Validation Metrics:
Mon 02 Feb 2026 18:37:45 INFO 5: precision: 0.00009 | recall: 0.00041 | ndcg: 0.00025 | hit_rate: 0.00043 | map: 0.00019
Mon 02 Feb 2026 18:37:45 INFO 10: precision: 0.00010 | recall: 0.00094 | ndcg: 0.00042 | hit_rate: 0.00101 | map: 0.00026
Mon 02 Feb 2026 18:37:45 INFO 20: precision: 0.00010 | recall: 0.00187 | ndcg: 0.00066 | hit_rate: 0.00200 | map: 0.00033
Mon 02 Feb 2026 18:37:45 INFO Test Metrics:
Mon 02 Feb 2026 18:37:45 INFO 5: precision: 0.00017 | recall: 0.00052 | ndcg: 0.00034 | hit_rate: 0.00086 | map: 0.00023
Mon 02 Feb 2026 18:37:45 INFO 10: precision: 0.00015 | recall: 0.00093 | ndcg: 0.00049 | hit_rate: 0.00149 | map: 0.00028
Mon 02 Feb 2026 18:37:45 INFO 20: precision: 0.00015 | recall: 0.00173 | ndcg: 0.00072 | hit_rate: 0.00291 | map: 0.00033
Mon 02 Feb 2026 18:37:51 INFO Epoch 14, Loss: 9.28788
Mon 02 Feb 2026 18:37:53 INFO Validation Metrics:
Mon 02 Feb 2026 18:37:53 INFO 5: precision: 0.00008 | recall: 0.00038 | ndcg: 0.00024 | hit_rate: 0.00041 | map: 0.00019
Mon 02 Feb 2026 18:37:53 INFO 10: precision: 0.00010 | recall: 0.00096 | ndcg: 0.00043 | hit_rate: 0.00101 | map: 0.00026
Mon 02 Feb 2026 18:37:53 INFO 20: precision: 0.00010 | recall: 0.00179 | ndcg: 0.00064 | hit_rate: 0.00192 | map: 0.00032
Mon 02 Feb 2026 18:37:53 INFO Test Metrics:
Mon 02 Feb 2026 18:37:53 INFO 5: precision: 0.00017 | recall: 0.00051 | ndcg: 0.00033 | hit_rate: 0.00084 | map: 0.00022
Mon 02 Feb 2026 18:37:53 INFO 10: precision: 0.00016 | recall: 0.00097 | ndcg: 0.00050 | hit_rate: 0.00155 | map: 0.00028
Mon 02 Feb 2026 18:37:53 INFO 20: precision: 0.00015 | recall: 0.00175 | ndcg: 0.00072 | hit_rate: 0.00291 | map: 0.00033
Mon 02 Feb 2026 18:37:59 INFO Epoch 15, Loss: 9.27193
Mon 02 Feb 2026 18:38:01 INFO Validation Metrics:
Mon 02 Feb 2026 18:38:01 INFO 5: precision: 0.00008 | recall: 0.00038 | ndcg: 0.00023 | hit_rate: 0.00041 | map: 0.00018
Mon 02 Feb 2026 18:38:01 INFO 10: precision: 0.00010 | recall: 0.00096 | ndcg: 0.00042 | hit_rate: 0.00101 | map: 0.00025
Mon 02 Feb 2026 18:38:01 INFO 20: precision: 0.00010 | recall: 0.00183 | ndcg: 0.00064 | hit_rate: 0.00196 | map: 0.00031
Mon 02 Feb 2026 18:38:01 INFO Test Metrics:
Mon 02 Feb 2026 18:38:01 INFO 5: precision: 0.00016 | recall: 0.00047 | ndcg: 0.00031 | hit_rate: 0.00078 | map: 0.00021
Mon 02 Feb 2026 18:38:01 INFO 10: precision: 0.00016 | recall: 0.00096 | ndcg: 0.00049 | hit_rate: 0.00155 | map: 0.00027
Mon 02 Feb 2026 18:38:01 INFO 20: precision: 0.00014 | recall: 0.00168 | ndcg: 0.00070 | hit_rate: 0.00282 | map: 0.00033
Mon 02 Feb 2026 18:38:06 INFO Epoch 16, Loss: 9.25906
Mon 02 Feb 2026 18:38:08 INFO Validation Metrics:
Mon 02 Feb 2026 18:38:08 INFO 5: precision: 0.00008 | recall: 0.00038 | ndcg: 0.00022 | hit_rate: 0.00041 | map: 0.00017
Mon 02 Feb 2026 18:38:08 INFO 10: precision: 0.00010 | recall: 0.00093 | ndcg: 0.00040 | hit_rate: 0.00097 | map: 0.00024
Mon 02 Feb 2026 18:38:08 INFO 20: precision: 0.00009 | recall: 0.00173 | ndcg: 0.00060 | hit_rate: 0.00185 | map: 0.00029
Mon 02 Feb 2026 18:38:08 INFO Test Metrics:
Mon 02 Feb 2026 18:38:08 INFO 5: precision: 0.00016 | recall: 0.00049 | ndcg: 0.00032 | hit_rate: 0.00082 | map: 0.00021
Mon 02 Feb 2026 18:38:08 INFO 10: precision: 0.00014 | recall: 0.00090 | ndcg: 0.00046 | hit_rate: 0.00144 | map: 0.00026
Mon 02 Feb 2026 18:38:08 INFO 20: precision: 0.00014 | recall: 0.00164 | ndcg: 0.00068 | hit_rate: 0.00274 | map: 0.00031
Mon 02 Feb 2026 18:38:14 INFO Epoch 17, Loss: 9.24720
Mon 02 Feb 2026 18:38:16 INFO Validation Metrics:
Mon 02 Feb 2026 18:38:16 INFO 5: precision: 0.00007 | recall: 0.00034 | ndcg: 0.00021 | hit_rate: 0.00037 | map: 0.00016
Mon 02 Feb 2026 18:38:16 INFO 10: precision: 0.00009 | recall: 0.00091 | ndcg: 0.00039 | hit_rate: 0.00095 | map: 0.00023
Mon 02 Feb 2026 18:38:16 INFO 20: precision: 0.00008 | recall: 0.00158 | ndcg: 0.00056 | hit_rate: 0.00168 | map: 0.00028
Mon 02 Feb 2026 18:38:16 INFO Test Metrics:
Mon 02 Feb 2026 18:38:16 INFO 5: precision: 0.00016 | recall: 0.00050 | ndcg: 0.00032 | hit_rate: 0.00082 | map: 0.00022
Mon 02 Feb 2026 18:38:16 INFO 10: precision: 0.00014 | recall: 0.00086 | ndcg: 0.00045 | hit_rate: 0.00140 | map: 0.00026
Mon 02 Feb 2026 18:38:16 INFO 20: precision: 0.00014 | recall: 0.00165 | ndcg: 0.00069 | hit_rate: 0.00274 | map: 0.00032
Mon 02 Feb 2026 18:38:22 INFO Epoch 18, Loss: 9.23721
Mon 02 Feb 2026 18:38:24 INFO Validation Metrics:
Mon 02 Feb 2026 18:38:24 INFO 5: precision: 0.00007 | recall: 0.00034 | ndcg: 0.00020 | hit_rate: 0.00037 | map: 0.00016
Mon 02 Feb 2026 18:38:24 INFO 10: precision: 0.00009 | recall: 0.00082 | ndcg: 0.00036 | hit_rate: 0.00086 | map: 0.00022
Mon 02 Feb 2026 18:38:24 INFO 20: precision: 0.00009 | recall: 0.00165 | ndcg: 0.00057 | hit_rate: 0.00174 | map: 0.00027
Mon 02 Feb 2026 18:38:24 INFO Test Metrics:
Mon 02 Feb 2026 18:38:24 INFO 5: precision: 0.00016 | recall: 0.00047 | ndcg: 0.00032 | hit_rate: 0.00078 | map: 0.00021
Mon 02 Feb 2026 18:38:24 INFO 10: precision: 0.00015 | recall: 0.00091 | ndcg: 0.00047 | hit_rate: 0.00149 | map: 0.00027
Mon 02 Feb 2026 18:38:24 INFO 20: precision: 0.00014 | recall: 0.00166 | ndcg: 0.00069 | hit_rate: 0.00276 | map: 0.00032
Mon 02 Feb 2026 18:38:30 INFO Epoch 19, Loss: 9.22776
Mon 02 Feb 2026 18:38:32 INFO Validation Metrics:
Mon 02 Feb 2026 18:38:32 INFO 5: precision: 0.00007 | recall: 0.00032 | ndcg: 0.00019 | hit_rate: 0.00034 | map: 0.00014
Mon 02 Feb 2026 18:38:32 INFO 10: precision: 0.00009 | recall: 0.00081 | ndcg: 0.00035 | hit_rate: 0.00086 | map: 0.00020
Mon 02 Feb 2026 18:38:32 INFO 20: precision: 0.00008 | recall: 0.00150 | ndcg: 0.00052 | hit_rate: 0.00159 | map: 0.00025
Mon 02 Feb 2026 18:38:32 INFO Test Metrics:
Mon 02 Feb 2026 18:38:32 INFO 5: precision: 0.00015 | recall: 0.00043 | ndcg: 0.00030 | hit_rate: 0.00073 | map: 0.00020
Mon 02 Feb 2026 18:38:32 INFO 10: precision: 0.00015 | recall: 0.00093 | ndcg: 0.00047 | hit_rate: 0.00151 | map: 0.00026
Mon 02 Feb 2026 18:38:32 INFO 20: precision: 0.00013 | recall: 0.00162 | ndcg: 0.00067 | hit_rate: 0.00267 | map: 0.00031
Mon 02 Feb 2026 18:38:37 INFO Epoch 20, Loss: 9.21953
Mon 02 Feb 2026 18:38:39 INFO Validation Metrics:
Mon 02 Feb 2026 18:38:39 INFO 5: precision: 0.00006 | recall: 0.00025 | ndcg: 0.00016 | hit_rate: 0.00028 | map: 0.00013
Mon 02 Feb 2026 18:38:39 INFO 10: precision: 0.00008 | recall: 0.00078 | ndcg: 0.00033 | hit_rate: 0.00082 | map: 0.00019
Mon 02 Feb 2026 18:38:39 INFO 20: precision: 0.00008 | recall: 0.00141 | ndcg: 0.00049 | hit_rate: 0.00151 | map: 0.00024
Mon 02 Feb 2026 18:38:39 INFO Test Metrics:
Mon 02 Feb 2026 18:38:39 INFO 5: precision: 0.00016 | recall: 0.00045 | ndcg: 0.00030 | hit_rate: 0.00078 | map: 0.00020
Mon 02 Feb 2026 18:38:39 INFO 10: precision: 0.00015 | recall: 0.00093 | ndcg: 0.00047 | hit_rate: 0.00146 | map: 0.00026
Mon 02 Feb 2026 18:38:39 INFO 20: precision: 0.00013 | recall: 0.00159 | ndcg: 0.00066 | hit_rate: 0.00256 | map: 0.00031
Mon 02 Feb 2026 18:38:45 INFO Epoch 21, Loss: 9.21196
Mon 02 Feb 2026 18:38:47 INFO Validation Metrics:
Mon 02 Feb 2026 18:38:47 INFO 5: precision: 0.00004 | recall: 0.00019 | ndcg: 0.00013 | hit_rate: 0.00022 | map: 0.00010
Mon 02 Feb 2026 18:38:47 INFO 10: precision: 0.00008 | recall: 0.00074 | ndcg: 0.00030 | hit_rate: 0.00078 | map: 0.00017
Mon 02 Feb 2026 18:38:47 INFO 20: precision: 0.00007 | recall: 0.00140 | ndcg: 0.00047 | hit_rate: 0.00149 | map: 0.00022
Mon 02 Feb 2026 18:38:47 INFO Test Metrics:
Mon 02 Feb 2026 18:38:47 INFO 5: precision: 0.00015 | recall: 0.00042 | ndcg: 0.00029 | hit_rate: 0.00073 | map: 0.00019
Mon 02 Feb 2026 18:38:47 INFO 10: precision: 0.00014 | recall: 0.00089 | ndcg: 0.00045 | hit_rate: 0.00140 | map: 0.00025
Mon 02 Feb 2026 18:38:47 INFO 20: precision: 0.00013 | recall: 0.00166 | ndcg: 0.00068 | hit_rate: 0.00263 | map: 0.00031
Mon 02 Feb 2026 18:38:47 INFO Best Test Metrics:
Mon 02 Feb 2026 18:38:47 INFO 5: precision: 0.00024 | recall: 0.00064 | ndcg: 0.00042 | hit_rate: 0.00116 | map: 0.00026
Mon 02 Feb 2026 18:38:47 INFO 10: precision: 0.00026 | recall: 0.00128 | ndcg: 0.00067 | hit_rate: 0.00243 | map: 0.00035
Mon 02 Feb 2026 18:38:47 INFO 20: precision: 0.00024 | recall: 0.00247 | ndcg: 0.00103 | hit_rate: 0.00457 | map: 0.00043
Mon 02 Feb 2026 18:38:47 INFO Best performance: 0.00247
Mon 02 Feb 2026 18:38:47 INFO Best parameters: {'n_layers': 3, 'h_layers': 2, 'learning_rate': 0.001, 'reg_weight': 0.0001, 'uu_topk': 10, 'ii_topk': 10, 'num_hypernodes': 2, 'ssl_alpha': 0.01, 'ssl_temp': 0.1, 'beta1': 0.5, 'beta2': 0.5}
Mon 02 Feb 2026 18:38:47 INFO Best metrics:
Mon 02 Feb 2026 18:38:47 INFO 5: precision: 0.00024 | recall: 0.00064 | ndcg: 0.00042 | hit_rate: 0.00116 | map: 0.00026
Mon 02 Feb 2026 18:38:47 INFO 10: precision: 0.00026 | recall: 0.00128 | ndcg: 0.00067 | hit_rate: 0.00243 | map: 0.00035
Mon 02 Feb 2026 18:38:47 INFO 20: precision: 0.00024 | recall: 0.00247 | ndcg: 0.00103 | hit_rate: 0.00457 | map: 0.00043
