Mon 02 Feb 2026 17:19:55 INFO ============Arguments==============
Mon 02 Feb 2026 17:19:55 INFO Model: MHRec
Mon 02 Feb 2026 17:19:55 INFO data_path: sports
Mon 02 Feb 2026 17:19:55 INFO learning_rate: 0.001
Mon 02 Feb 2026 17:19:55 INFO feature_embed: 64
Mon 02 Feb 2026 17:19:55 INFO batch_size: 1024
Mon 02 Feb 2026 17:19:55 INFO aggr_mode: add
Mon 02 Feb 2026 17:19:55 INFO reg_weight: 0.001
Mon 02 Feb 2026 17:19:55 INFO dim_E: 64
Mon 02 Feb 2026 17:19:55 INFO num_epoch: 1000
Mon 02 Feb 2026 17:19:55 INFO dropout: 0.2
Mon 02 Feb 2026 17:19:55 INFO n_layers: 2
Mon 02 Feb 2026 17:19:55 INFO corDecay: 0.001
Mon 02 Feb 2026 17:19:55 INFO n_factors: 4
Mon 02 Feb 2026 17:19:55 INFO n_iterations: 3
Mon 02 Feb 2026 17:19:55 INFO cl_weight: 2.0
Mon 02 Feb 2026 17:19:55 INFO mm_layers: 2
Mon 02 Feb 2026 17:19:55 INFO ii_topk: 10
Mon 02 Feb 2026 17:19:55 INFO uu_topk: 10
Mon 02 Feb 2026 17:19:55 INFO lambda_coeff: 0.9
Mon 02 Feb 2026 17:19:55 INFO ssl_temp: 0.9
Mon 02 Feb 2026 17:19:55 INFO ssl_alpha: 0.9
Mon 02 Feb 2026 17:19:55 INFO ae_weight: 0.1
Mon 02 Feb 2026 17:19:55 INFO threshold: 0.1
Mon 02 Feb 2026 17:19:55 INFO prompt_num: 0.1
Mon 02 Feb 2026 17:19:55 INFO neg_weight: 0.1
Mon 02 Feb 2026 17:19:55 INFO cen_reg: 0.005
Mon 02 Feb 2026 17:19:55 INFO n_intents: 128
Mon 02 Feb 2026 17:19:55 INFO G_rate: 0.0001
Mon 02 Feb 2026 17:19:55 INFO align_weight: 0.1
Mon 02 Feb 2026 17:19:55 INFO mask_weight_f: 1.5
Mon 02 Feb 2026 17:19:55 INFO mask_weight_g: 0.001
Mon 02 Feb 2026 17:19:55 INFO leaky: 0.5
Mon 02 Feb 2026 17:19:55 INFO keepRate: 1.0
Mon 02 Feb 2026 17:19:55 INFO mult: 0.1
Mon 02 Feb 2026 17:19:55 INFO grid_size: 1
Mon 02 Feb 2026 17:19:55 INFO node_dropout: 0.1
Mon 02 Feb 2026 17:19:55 INFO message_dropout: 0.1
Mon 02 Feb 2026 17:19:55 INFO n_mca: 2
Mon 02 Feb 2026 17:19:55 INFO gamma: 0.5
Mon 02 Feb 2026 17:19:55 INFO t: 1.8
Mon 02 Feb 2026 17:19:55 INFO e_loss: 0.1
Mon 02 Feb 2026 17:19:55 INFO ris_lambda: 0.5
Mon 02 Feb 2026 17:19:55 INFO rebuild_k: 1
Mon 02 Feb 2026 17:19:55 INFO pnn_layer: 1
Mon 02 Feb 2026 17:19:55 INFO b2: 1
Mon 02 Feb 2026 17:19:55 INFO ctra: 0.001
Mon 02 Feb 2026 17:19:55 INFO noise_alpha: 0.3
Mon 02 Feb 2026 17:19:55 INFO ssl_temp2: 0.2
Mon 02 Feb 2026 17:19:55 INFO K_s: 1
Mon 02 Feb 2026 17:19:55 INFO T_s: 1
Mon 02 Feb 2026 17:19:55 INFO K_b: 1
Mon 02 Feb 2026 17:19:55 INFO T_b: 1
Mon 02 Feb 2026 17:19:55 INFO idl_beta: 1
Mon 02 Feb 2026 17:19:55 INFO sampling_noise: False
Mon 02 Feb 2026 17:19:55 INFO sampling_steps: 0
Mon 02 Feb 2026 17:19:55 INFO steps: 5
Mon 02 Feb 2026 17:19:55 INFO noise_scale: 0.1
Mon 02 Feb 2026 17:19:55 INFO noise_min: 0.0001
Mon 02 Feb 2026 17:19:55 INFO noise_max: 0.02
Mon 02 Feb 2026 17:19:55 INFO dims: [1000]
Mon 02 Feb 2026 17:19:55 INFO h_layers: 2
Mon 02 Feb 2026 17:19:55 INFO num_hypernodes: 10
Mon 02 Feb 2026 17:19:55 INFO beta1: 0.5
Mon 02 Feb 2026 17:19:55 INFO beta2: 0.5
Mon 02 Feb 2026 17:19:55 INFO n_ui_layers: 3
Mon 02 Feb 2026 17:19:55 INFO um_loss: 0.1
Mon 02 Feb 2026 17:19:55 INFO vt_loss: 0.1
Mon 02 Feb 2026 17:19:55 INFO seed: 42
Mon 02 Feb 2026 17:19:55 INFO num_workers: 1
Mon 02 Feb 2026 17:19:55 INFO topk: [5, 10, 20]
Mon 02 Feb 2026 17:19:55 INFO local timeŁşFeb-02-2026-17-19-55
Mon 02 Feb 2026 17:19:59 INFO =========1/1: Parameters:{'n_layers': 3, 'h_layers': 2, 'learning_rate': 0.001, 'reg_weight': 0.0001, 'uu_topk': 10, 'ii_topk': 10, 'num_hypernodes': 2, 'ssl_alpha': 0.01, 'ssl_temp': 0.1, 'beta1': 0.5, 'beta2': 0.5}=========
Mon 02 Feb 2026 17:20:07 INFO Epoch 1, Loss: 17.37608
Mon 02 Feb 2026 17:20:09 INFO Validation Metrics:
Mon 02 Feb 2026 17:20:09 INFO 5: precision: 0.00027 | recall: 0.00113 | ndcg: 0.00077 | hit_rate: 0.00135 | map: 0.00061
Mon 02 Feb 2026 17:20:09 INFO 10: precision: 0.00022 | recall: 0.00185 | ndcg: 0.00100 | hit_rate: 0.00225 | map: 0.00070
Mon 02 Feb 2026 17:20:09 INFO 20: precision: 0.00020 | recall: 0.00332 | ndcg: 0.00138 | hit_rate: 0.00390 | map: 0.00080
Mon 02 Feb 2026 17:20:09 INFO Test Metrics:
Mon 02 Feb 2026 17:20:09 INFO 5: precision: 0.00048 | recall: 0.00125 | ndcg: 0.00089 | hit_rate: 0.00238 | map: 0.00057
Mon 02 Feb 2026 17:20:09 INFO 10: precision: 0.00040 | recall: 0.00214 | ndcg: 0.00123 | hit_rate: 0.00397 | map: 0.00069
Mon 02 Feb 2026 17:20:09 INFO 20: precision: 0.00031 | recall: 0.00333 | ndcg: 0.00158 | hit_rate: 0.00615 | map: 0.00077
Mon 02 Feb 2026 17:20:13 INFO Epoch 2, Loss: 14.71748
Mon 02 Feb 2026 17:20:15 INFO Validation Metrics:
Mon 02 Feb 2026 17:20:15 INFO 5: precision: 0.00015 | recall: 0.00062 | ndcg: 0.00038 | hit_rate: 0.00076 | map: 0.00029
Mon 02 Feb 2026 17:20:15 INFO 10: precision: 0.00015 | recall: 0.00118 | ndcg: 0.00057 | hit_rate: 0.00149 | map: 0.00036
Mon 02 Feb 2026 17:20:15 INFO 20: precision: 0.00013 | recall: 0.00219 | ndcg: 0.00083 | hit_rate: 0.00263 | map: 0.00042
Mon 02 Feb 2026 17:20:15 INFO Test Metrics:
Mon 02 Feb 2026 17:20:15 INFO 5: precision: 0.00025 | recall: 0.00064 | ndcg: 0.00048 | hit_rate: 0.00124 | map: 0.00031
Mon 02 Feb 2026 17:20:15 INFO 10: precision: 0.00026 | recall: 0.00137 | ndcg: 0.00074 | hit_rate: 0.00256 | map: 0.00040
Mon 02 Feb 2026 17:20:15 INFO 20: precision: 0.00022 | recall: 0.00236 | ndcg: 0.00104 | hit_rate: 0.00446 | map: 0.00047
Mon 02 Feb 2026 17:20:20 INFO Epoch 3, Loss: 13.80427
Mon 02 Feb 2026 17:20:21 INFO Validation Metrics:
Mon 02 Feb 2026 17:20:21 INFO 5: precision: 0.00011 | recall: 0.00041 | ndcg: 0.00031 | hit_rate: 0.00055 | map: 0.00024
Mon 02 Feb 2026 17:20:21 INFO 10: precision: 0.00013 | recall: 0.00105 | ndcg: 0.00052 | hit_rate: 0.00131 | map: 0.00033
Mon 02 Feb 2026 17:20:21 INFO 20: precision: 0.00012 | recall: 0.00193 | ndcg: 0.00075 | hit_rate: 0.00235 | map: 0.00039
Mon 02 Feb 2026 17:20:21 INFO Test Metrics:
Mon 02 Feb 2026 17:20:21 INFO 5: precision: 0.00025 | recall: 0.00061 | ndcg: 0.00043 | hit_rate: 0.00124 | map: 0.00027
Mon 02 Feb 2026 17:20:21 INFO 10: precision: 0.00022 | recall: 0.00118 | ndcg: 0.00065 | hit_rate: 0.00225 | map: 0.00034
Mon 02 Feb 2026 17:20:21 INFO 20: precision: 0.00022 | recall: 0.00233 | ndcg: 0.00098 | hit_rate: 0.00435 | map: 0.00042
Mon 02 Feb 2026 17:20:26 INFO Epoch 4, Loss: 13.45770
Mon 02 Feb 2026 17:20:27 INFO Validation Metrics:
Mon 02 Feb 2026 17:20:27 INFO 5: precision: 0.00014 | recall: 0.00051 | ndcg: 0.00041 | hit_rate: 0.00069 | map: 0.00034
Mon 02 Feb 2026 17:20:27 INFO 10: precision: 0.00012 | recall: 0.00090 | ndcg: 0.00054 | hit_rate: 0.00117 | map: 0.00039
Mon 02 Feb 2026 17:20:27 INFO 20: precision: 0.00012 | recall: 0.00191 | ndcg: 0.00080 | hit_rate: 0.00232 | map: 0.00046
Mon 02 Feb 2026 17:20:27 INFO Test Metrics:
Mon 02 Feb 2026 17:20:27 INFO 5: precision: 0.00021 | recall: 0.00055 | ndcg: 0.00037 | hit_rate: 0.00107 | map: 0.00022
Mon 02 Feb 2026 17:20:27 INFO 10: precision: 0.00025 | recall: 0.00127 | ndcg: 0.00065 | hit_rate: 0.00245 | map: 0.00032
Mon 02 Feb 2026 17:20:27 INFO 20: precision: 0.00021 | recall: 0.00229 | ndcg: 0.00094 | hit_rate: 0.00411 | map: 0.00039
Mon 02 Feb 2026 17:20:32 INFO Epoch 5, Loss: 13.26767
Mon 02 Feb 2026 17:20:34 INFO Validation Metrics:
Mon 02 Feb 2026 17:20:34 INFO 5: precision: 0.00016 | recall: 0.00061 | ndcg: 0.00042 | hit_rate: 0.00079 | map: 0.00032
Mon 02 Feb 2026 17:20:34 INFO 10: precision: 0.00011 | recall: 0.00087 | ndcg: 0.00051 | hit_rate: 0.00111 | map: 0.00036
Mon 02 Feb 2026 17:20:34 INFO 20: precision: 0.00012 | recall: 0.00196 | ndcg: 0.00079 | hit_rate: 0.00235 | map: 0.00044
Mon 02 Feb 2026 17:20:34 INFO Test Metrics:
Mon 02 Feb 2026 17:20:34 INFO 5: precision: 0.00021 | recall: 0.00055 | ndcg: 0.00037 | hit_rate: 0.00107 | map: 0.00022
Mon 02 Feb 2026 17:20:34 INFO 10: precision: 0.00024 | recall: 0.00133 | ndcg: 0.00066 | hit_rate: 0.00242 | map: 0.00032
Mon 02 Feb 2026 17:20:34 INFO 20: precision: 0.00021 | recall: 0.00234 | ndcg: 0.00095 | hit_rate: 0.00428 | map: 0.00039
Mon 02 Feb 2026 17:20:39 INFO Epoch 6, Loss: 13.14376
Mon 02 Feb 2026 17:20:40 INFO Validation Metrics:
Mon 02 Feb 2026 17:20:40 INFO 5: precision: 0.00017 | recall: 0.00065 | ndcg: 0.00044 | hit_rate: 0.00083 | map: 0.00034
Mon 02 Feb 2026 17:20:40 INFO 10: precision: 0.00013 | recall: 0.00107 | ndcg: 0.00057 | hit_rate: 0.00128 | map: 0.00039
Mon 02 Feb 2026 17:20:40 INFO 20: precision: 0.00012 | recall: 0.00199 | ndcg: 0.00080 | hit_rate: 0.00232 | map: 0.00045
Mon 02 Feb 2026 17:20:40 INFO Test Metrics:
Mon 02 Feb 2026 17:20:40 INFO 5: precision: 0.00022 | recall: 0.00055 | ndcg: 0.00038 | hit_rate: 0.00111 | map: 0.00024
Mon 02 Feb 2026 17:20:40 INFO 10: precision: 0.00025 | recall: 0.00135 | ndcg: 0.00068 | hit_rate: 0.00245 | map: 0.00034
Mon 02 Feb 2026 17:20:40 INFO 20: precision: 0.00021 | recall: 0.00229 | ndcg: 0.00095 | hit_rate: 0.00411 | map: 0.00040
Mon 02 Feb 2026 17:20:45 INFO Epoch 7, Loss: 13.05655
Mon 02 Feb 2026 17:20:46 INFO Validation Metrics:
Mon 02 Feb 2026 17:20:46 INFO 5: precision: 0.00015 | recall: 0.00059 | ndcg: 0.00043 | hit_rate: 0.00076 | map: 0.00035
Mon 02 Feb 2026 17:20:46 INFO 10: precision: 0.00012 | recall: 0.00099 | ndcg: 0.00056 | hit_rate: 0.00117 | map: 0.00040
Mon 02 Feb 2026 17:20:46 INFO 20: precision: 0.00012 | recall: 0.00218 | ndcg: 0.00086 | hit_rate: 0.00245 | map: 0.00048
Mon 02 Feb 2026 17:20:46 INFO Test Metrics:
Mon 02 Feb 2026 17:20:46 INFO 5: precision: 0.00023 | recall: 0.00059 | ndcg: 0.00040 | hit_rate: 0.00114 | map: 0.00025
Mon 02 Feb 2026 17:20:46 INFO 10: precision: 0.00025 | recall: 0.00133 | ndcg: 0.00067 | hit_rate: 0.00245 | map: 0.00034
Mon 02 Feb 2026 17:20:46 INFO 20: precision: 0.00020 | recall: 0.00228 | ndcg: 0.00094 | hit_rate: 0.00401 | map: 0.00040
Mon 02 Feb 2026 17:20:51 INFO Epoch 8, Loss: 12.99331
Mon 02 Feb 2026 17:20:53 INFO Validation Metrics:
Mon 02 Feb 2026 17:20:53 INFO 5: precision: 0.00015 | recall: 0.00059 | ndcg: 0.00041 | hit_rate: 0.00076 | map: 0.00032
Mon 02 Feb 2026 17:20:53 INFO 10: precision: 0.00012 | recall: 0.00101 | ndcg: 0.00054 | hit_rate: 0.00117 | map: 0.00038
Mon 02 Feb 2026 17:20:53 INFO 20: precision: 0.00013 | recall: 0.00238 | ndcg: 0.00089 | hit_rate: 0.00263 | map: 0.00047
Mon 02 Feb 2026 17:20:53 INFO Test Metrics:
Mon 02 Feb 2026 17:20:53 INFO 5: precision: 0.00018 | recall: 0.00044 | ndcg: 0.00034 | hit_rate: 0.00090 | map: 0.00022
Mon 02 Feb 2026 17:20:53 INFO 10: precision: 0.00023 | recall: 0.00123 | ndcg: 0.00064 | hit_rate: 0.00232 | map: 0.00033
Mon 02 Feb 2026 17:20:53 INFO 20: precision: 0.00021 | recall: 0.00233 | ndcg: 0.00096 | hit_rate: 0.00415 | map: 0.00040
Mon 02 Feb 2026 17:20:58 INFO Epoch 9, Loss: 12.94600
Mon 02 Feb 2026 17:20:59 INFO Validation Metrics:
Mon 02 Feb 2026 17:20:59 INFO 5: precision: 0.00014 | recall: 0.00052 | ndcg: 0.00037 | hit_rate: 0.00069 | map: 0.00029
Mon 02 Feb 2026 17:20:59 INFO 10: precision: 0.00011 | recall: 0.00097 | ndcg: 0.00051 | hit_rate: 0.00114 | map: 0.00035
Mon 02 Feb 2026 17:20:59 INFO 20: precision: 0.00012 | recall: 0.00225 | ndcg: 0.00084 | hit_rate: 0.00245 | map: 0.00044
Mon 02 Feb 2026 17:20:59 INFO Test Metrics:
Mon 02 Feb 2026 17:20:59 INFO 5: precision: 0.00021 | recall: 0.00053 | ndcg: 0.00039 | hit_rate: 0.00104 | map: 0.00025
Mon 02 Feb 2026 17:20:59 INFO 10: precision: 0.00023 | recall: 0.00124 | ndcg: 0.00065 | hit_rate: 0.00232 | map: 0.00034
Mon 02 Feb 2026 17:20:59 INFO 20: precision: 0.00020 | recall: 0.00222 | ndcg: 0.00094 | hit_rate: 0.00401 | map: 0.00040
Mon 02 Feb 2026 17:21:04 INFO Epoch 10, Loss: 12.90983
Mon 02 Feb 2026 17:21:05 INFO Validation Metrics:
Mon 02 Feb 2026 17:21:05 INFO 5: precision: 0.00012 | recall: 0.00048 | ndcg: 0.00035 | hit_rate: 0.00062 | map: 0.00029
Mon 02 Feb 2026 17:21:05 INFO 10: precision: 0.00013 | recall: 0.00118 | ndcg: 0.00058 | hit_rate: 0.00135 | map: 0.00037
Mon 02 Feb 2026 17:21:05 INFO 20: precision: 0.00013 | recall: 0.00232 | ndcg: 0.00087 | hit_rate: 0.00252 | map: 0.00046
Mon 02 Feb 2026 17:21:05 INFO Test Metrics:
Mon 02 Feb 2026 17:21:05 INFO 5: precision: 0.00022 | recall: 0.00056 | ndcg: 0.00039 | hit_rate: 0.00111 | map: 0.00025
Mon 02 Feb 2026 17:21:05 INFO 10: precision: 0.00023 | recall: 0.00120 | ndcg: 0.00063 | hit_rate: 0.00228 | map: 0.00033
Mon 02 Feb 2026 17:21:05 INFO 20: precision: 0.00020 | recall: 0.00219 | ndcg: 0.00092 | hit_rate: 0.00390 | map: 0.00039
Mon 02 Feb 2026 17:21:10 INFO Epoch 11, Loss: 12.88141
Mon 02 Feb 2026 17:21:11 INFO Validation Metrics:
Mon 02 Feb 2026 17:21:11 INFO 5: precision: 0.00012 | recall: 0.00048 | ndcg: 0.00032 | hit_rate: 0.00062 | map: 0.00025
Mon 02 Feb 2026 17:21:11 INFO 10: precision: 0.00014 | recall: 0.00125 | ndcg: 0.00057 | hit_rate: 0.00142 | map: 0.00035
Mon 02 Feb 2026 17:21:11 INFO 20: precision: 0.00013 | recall: 0.00236 | ndcg: 0.00085 | hit_rate: 0.00256 | map: 0.00043
Mon 02 Feb 2026 17:21:11 INFO Test Metrics:
Mon 02 Feb 2026 17:21:11 INFO 5: precision: 0.00021 | recall: 0.00055 | ndcg: 0.00039 | hit_rate: 0.00104 | map: 0.00025
Mon 02 Feb 2026 17:21:11 INFO 10: precision: 0.00023 | recall: 0.00121 | ndcg: 0.00064 | hit_rate: 0.00232 | map: 0.00033
Mon 02 Feb 2026 17:21:11 INFO 20: precision: 0.00020 | recall: 0.00229 | ndcg: 0.00094 | hit_rate: 0.00404 | map: 0.00040
Mon 02 Feb 2026 17:21:16 INFO Epoch 12, Loss: 12.85900
Mon 02 Feb 2026 17:21:17 INFO Validation Metrics:
Mon 02 Feb 2026 17:21:17 INFO 5: precision: 0.00014 | recall: 0.00055 | ndcg: 0.00034 | hit_rate: 0.00069 | map: 0.00025
Mon 02 Feb 2026 17:21:17 INFO 10: precision: 0.00013 | recall: 0.00120 | ndcg: 0.00055 | hit_rate: 0.00135 | map: 0.00034
Mon 02 Feb 2026 17:21:17 INFO 20: precision: 0.00012 | recall: 0.00230 | ndcg: 0.00084 | hit_rate: 0.00249 | map: 0.00042
Mon 02 Feb 2026 17:21:17 INFO Test Metrics:
Mon 02 Feb 2026 17:21:17 INFO 5: precision: 0.00023 | recall: 0.00061 | ndcg: 0.00044 | hit_rate: 0.00117 | map: 0.00028
Mon 02 Feb 2026 17:21:17 INFO 10: precision: 0.00022 | recall: 0.00117 | ndcg: 0.00065 | hit_rate: 0.00221 | map: 0.00035
Mon 02 Feb 2026 17:21:17 INFO 20: precision: 0.00021 | recall: 0.00235 | ndcg: 0.00099 | hit_rate: 0.00425 | map: 0.00043
Mon 02 Feb 2026 17:21:22 INFO Epoch 13, Loss: 12.84058
Mon 02 Feb 2026 17:21:24 INFO Validation Metrics:
Mon 02 Feb 2026 17:21:24 INFO 5: precision: 0.00013 | recall: 0.00054 | ndcg: 0.00034 | hit_rate: 0.00066 | map: 0.00026
Mon 02 Feb 2026 17:21:24 INFO 10: precision: 0.00014 | recall: 0.00124 | ndcg: 0.00057 | hit_rate: 0.00138 | map: 0.00035
Mon 02 Feb 2026 17:21:24 INFO 20: precision: 0.00012 | recall: 0.00228 | ndcg: 0.00084 | hit_rate: 0.00249 | map: 0.00042
Mon 02 Feb 2026 17:21:24 INFO Test Metrics:
Mon 02 Feb 2026 17:21:24 INFO 5: precision: 0.00023 | recall: 0.00062 | ndcg: 0.00046 | hit_rate: 0.00117 | map: 0.00031
Mon 02 Feb 2026 17:21:24 INFO 10: precision: 0.00020 | recall: 0.00108 | ndcg: 0.00063 | hit_rate: 0.00204 | map: 0.00037
Mon 02 Feb 2026 17:21:24 INFO 20: precision: 0.00022 | recall: 0.00245 | ndcg: 0.00103 | hit_rate: 0.00442 | map: 0.00046
Mon 02 Feb 2026 17:21:29 INFO Epoch 14, Loss: 12.82537
Mon 02 Feb 2026 17:21:30 INFO Validation Metrics:
Mon 02 Feb 2026 17:21:30 INFO 5: precision: 0.00013 | recall: 0.00054 | ndcg: 0.00035 | hit_rate: 0.00066 | map: 0.00026
Mon 02 Feb 2026 17:21:30 INFO 10: precision: 0.00014 | recall: 0.00121 | ndcg: 0.00057 | hit_rate: 0.00138 | map: 0.00036
Mon 02 Feb 2026 17:21:30 INFO 20: precision: 0.00012 | recall: 0.00224 | ndcg: 0.00084 | hit_rate: 0.00245 | map: 0.00043
Mon 02 Feb 2026 17:21:30 INFO Test Metrics:
Mon 02 Feb 2026 17:21:30 INFO 5: precision: 0.00023 | recall: 0.00062 | ndcg: 0.00044 | hit_rate: 0.00114 | map: 0.00029
Mon 02 Feb 2026 17:21:30 INFO 10: precision: 0.00020 | recall: 0.00106 | ndcg: 0.00062 | hit_rate: 0.00200 | map: 0.00035
Mon 02 Feb 2026 17:21:30 INFO 20: precision: 0.00021 | recall: 0.00232 | ndcg: 0.00099 | hit_rate: 0.00418 | map: 0.00044
Mon 02 Feb 2026 17:21:35 INFO Epoch 15, Loss: 12.81188
Mon 02 Feb 2026 17:21:36 INFO Validation Metrics:
Mon 02 Feb 2026 17:21:36 INFO 5: precision: 0.00015 | recall: 0.00064 | ndcg: 0.00039 | hit_rate: 0.00076 | map: 0.00029
Mon 02 Feb 2026 17:21:36 INFO 10: precision: 0.00015 | recall: 0.00126 | ndcg: 0.00060 | hit_rate: 0.00145 | map: 0.00037
Mon 02 Feb 2026 17:21:36 INFO 20: precision: 0.00013 | recall: 0.00231 | ndcg: 0.00086 | hit_rate: 0.00252 | map: 0.00044
Mon 02 Feb 2026 17:21:36 INFO Test Metrics:
Mon 02 Feb 2026 17:21:36 INFO 5: precision: 0.00024 | recall: 0.00065 | ndcg: 0.00049 | hit_rate: 0.00121 | map: 0.00033
Mon 02 Feb 2026 17:21:36 INFO 10: precision: 0.00021 | recall: 0.00112 | ndcg: 0.00067 | hit_rate: 0.00211 | map: 0.00039
Mon 02 Feb 2026 17:21:36 INFO 20: precision: 0.00021 | recall: 0.00237 | ndcg: 0.00103 | hit_rate: 0.00425 | map: 0.00047
Mon 02 Feb 2026 17:21:42 INFO Epoch 16, Loss: 12.80082
Mon 02 Feb 2026 17:21:43 INFO Validation Metrics:
Mon 02 Feb 2026 17:21:43 INFO 5: precision: 0.00017 | recall: 0.00069 | ndcg: 0.00042 | hit_rate: 0.00083 | map: 0.00031
Mon 02 Feb 2026 17:21:43 INFO 10: precision: 0.00015 | recall: 0.00130 | ndcg: 0.00062 | hit_rate: 0.00149 | map: 0.00040
Mon 02 Feb 2026 17:21:43 INFO 20: precision: 0.00013 | recall: 0.00231 | ndcg: 0.00088 | hit_rate: 0.00252 | map: 0.00046
Mon 02 Feb 2026 17:21:43 INFO Test Metrics:
Mon 02 Feb 2026 17:21:43 INFO 5: precision: 0.00024 | recall: 0.00065 | ndcg: 0.00046 | hit_rate: 0.00121 | map: 0.00030
Mon 02 Feb 2026 17:21:43 INFO 10: precision: 0.00020 | recall: 0.00110 | ndcg: 0.00064 | hit_rate: 0.00204 | map: 0.00036
Mon 02 Feb 2026 17:21:43 INFO 20: precision: 0.00022 | recall: 0.00240 | ndcg: 0.00102 | hit_rate: 0.00432 | map: 0.00045
Mon 02 Feb 2026 17:21:48 INFO Epoch 17, Loss: 12.79167
Mon 02 Feb 2026 17:21:49 INFO Validation Metrics:
Mon 02 Feb 2026 17:21:49 INFO 5: precision: 0.00018 | recall: 0.00075 | ndcg: 0.00045 | hit_rate: 0.00090 | map: 0.00033
Mon 02 Feb 2026 17:21:49 INFO 10: precision: 0.00016 | recall: 0.00137 | ndcg: 0.00065 | hit_rate: 0.00155 | map: 0.00041
Mon 02 Feb 2026 17:21:49 INFO 20: precision: 0.00013 | recall: 0.00242 | ndcg: 0.00091 | hit_rate: 0.00266 | map: 0.00048
Mon 02 Feb 2026 17:21:49 INFO Test Metrics:
Mon 02 Feb 2026 17:21:49 INFO 5: precision: 0.00024 | recall: 0.00067 | ndcg: 0.00049 | hit_rate: 0.00121 | map: 0.00033
Mon 02 Feb 2026 17:21:49 INFO 10: precision: 0.00021 | recall: 0.00116 | ndcg: 0.00068 | hit_rate: 0.00211 | map: 0.00040
Mon 02 Feb 2026 17:21:49 INFO 20: precision: 0.00022 | recall: 0.00242 | ndcg: 0.00105 | hit_rate: 0.00435 | map: 0.00048
Mon 02 Feb 2026 17:21:54 INFO Epoch 18, Loss: 12.78337
Mon 02 Feb 2026 17:21:55 INFO Validation Metrics:
Mon 02 Feb 2026 17:21:55 INFO 5: precision: 0.00018 | recall: 0.00075 | ndcg: 0.00047 | hit_rate: 0.00090 | map: 0.00035
Mon 02 Feb 2026 17:21:55 INFO 10: precision: 0.00015 | recall: 0.00126 | ndcg: 0.00063 | hit_rate: 0.00145 | map: 0.00041
Mon 02 Feb 2026 17:21:55 INFO 20: precision: 0.00013 | recall: 0.00236 | ndcg: 0.00091 | hit_rate: 0.00263 | map: 0.00049
Mon 02 Feb 2026 17:21:55 INFO Test Metrics:
Mon 02 Feb 2026 17:21:55 INFO 5: precision: 0.00026 | recall: 0.00071 | ndcg: 0.00053 | hit_rate: 0.00128 | map: 0.00037
Mon 02 Feb 2026 17:21:55 INFO 10: precision: 0.00022 | recall: 0.00122 | ndcg: 0.00072 | hit_rate: 0.00218 | map: 0.00043
Mon 02 Feb 2026 17:21:55 INFO 20: precision: 0.00022 | recall: 0.00241 | ndcg: 0.00107 | hit_rate: 0.00432 | map: 0.00051
Mon 02 Feb 2026 17:22:00 INFO Epoch 19, Loss: 12.77581
Mon 02 Feb 2026 17:22:01 INFO Validation Metrics:
Mon 02 Feb 2026 17:22:01 INFO 5: precision: 0.00018 | recall: 0.00075 | ndcg: 0.00048 | hit_rate: 0.00090 | map: 0.00037
Mon 02 Feb 2026 17:22:01 INFO 10: precision: 0.00016 | recall: 0.00137 | ndcg: 0.00068 | hit_rate: 0.00155 | map: 0.00045
Mon 02 Feb 2026 17:22:01 INFO 20: precision: 0.00013 | recall: 0.00229 | ndcg: 0.00092 | hit_rate: 0.00256 | map: 0.00051
Mon 02 Feb 2026 17:22:01 INFO Test Metrics:
Mon 02 Feb 2026 17:22:01 INFO 5: precision: 0.00025 | recall: 0.00069 | ndcg: 0.00053 | hit_rate: 0.00124 | map: 0.00037
Mon 02 Feb 2026 17:22:01 INFO 10: precision: 0.00023 | recall: 0.00130 | ndcg: 0.00075 | hit_rate: 0.00228 | map: 0.00045
Mon 02 Feb 2026 17:22:01 INFO 20: precision: 0.00023 | recall: 0.00257 | ndcg: 0.00112 | hit_rate: 0.00456 | map: 0.00053
Mon 02 Feb 2026 17:22:06 INFO Epoch 20, Loss: 12.76882
Mon 02 Feb 2026 17:22:07 INFO Validation Metrics:
Mon 02 Feb 2026 17:22:07 INFO 5: precision: 0.00017 | recall: 0.00075 | ndcg: 0.00051 | hit_rate: 0.00086 | map: 0.00041
Mon 02 Feb 2026 17:22:07 INFO 10: precision: 0.00015 | recall: 0.00133 | ndcg: 0.00070 | hit_rate: 0.00152 | map: 0.00048
Mon 02 Feb 2026 17:22:07 INFO 20: precision: 0.00013 | recall: 0.00230 | ndcg: 0.00095 | hit_rate: 0.00256 | map: 0.00055
Mon 02 Feb 2026 17:22:07 INFO Test Metrics:
Mon 02 Feb 2026 17:22:07 INFO 5: precision: 0.00026 | recall: 0.00071 | ndcg: 0.00054 | hit_rate: 0.00128 | map: 0.00038
Mon 02 Feb 2026 17:22:07 INFO 10: precision: 0.00023 | recall: 0.00130 | ndcg: 0.00076 | hit_rate: 0.00228 | map: 0.00046
Mon 02 Feb 2026 17:22:07 INFO 20: precision: 0.00022 | recall: 0.00247 | ndcg: 0.00110 | hit_rate: 0.00439 | map: 0.00053
Mon 02 Feb 2026 17:22:12 INFO Epoch 21, Loss: 12.76291
Mon 02 Feb 2026 17:22:13 INFO Validation Metrics:
Mon 02 Feb 2026 17:22:13 INFO 5: precision: 0.00017 | recall: 0.00071 | ndcg: 0.00048 | hit_rate: 0.00083 | map: 0.00038
Mon 02 Feb 2026 17:22:13 INFO 10: precision: 0.00015 | recall: 0.00126 | ndcg: 0.00066 | hit_rate: 0.00145 | map: 0.00045
Mon 02 Feb 2026 17:22:13 INFO 20: precision: 0.00014 | recall: 0.00247 | ndcg: 0.00097 | hit_rate: 0.00273 | map: 0.00053
Mon 02 Feb 2026 17:22:13 INFO Test Metrics:
Mon 02 Feb 2026 17:22:13 INFO 5: precision: 0.00026 | recall: 0.00073 | ndcg: 0.00055 | hit_rate: 0.00131 | map: 0.00039
Mon 02 Feb 2026 17:22:13 INFO 10: precision: 0.00023 | recall: 0.00130 | ndcg: 0.00077 | hit_rate: 0.00228 | map: 0.00047
Mon 02 Feb 2026 17:22:13 INFO 20: precision: 0.00022 | recall: 0.00246 | ndcg: 0.00111 | hit_rate: 0.00439 | map: 0.00055
Mon 02 Feb 2026 17:22:13 INFO Best Test Metrics:
Mon 02 Feb 2026 17:22:13 INFO 5: precision: 0.00048 | recall: 0.00125 | ndcg: 0.00089 | hit_rate: 0.00238 | map: 0.00057
Mon 02 Feb 2026 17:22:13 INFO 10: precision: 0.00040 | recall: 0.00214 | ndcg: 0.00123 | hit_rate: 0.00397 | map: 0.00069
Mon 02 Feb 2026 17:22:13 INFO 20: precision: 0.00031 | recall: 0.00333 | ndcg: 0.00158 | hit_rate: 0.00615 | map: 0.00077
Mon 02 Feb 2026 17:22:13 INFO Best performance: 0.00333
Mon 02 Feb 2026 17:22:13 INFO Best parameters: {'n_layers': 3, 'h_layers': 2, 'learning_rate': 0.001, 'reg_weight': 0.0001, 'uu_topk': 10, 'ii_topk': 10, 'num_hypernodes': 2, 'ssl_alpha': 0.01, 'ssl_temp': 0.1, 'beta1': 0.5, 'beta2': 0.5}
Mon 02 Feb 2026 17:22:13 INFO Best metrics:
Mon 02 Feb 2026 17:22:13 INFO 5: precision: 0.00048 | recall: 0.00125 | ndcg: 0.00089 | hit_rate: 0.00238 | map: 0.00057
Mon 02 Feb 2026 17:22:13 INFO 10: precision: 0.00040 | recall: 0.00214 | ndcg: 0.00123 | hit_rate: 0.00397 | map: 0.00069
Mon 02 Feb 2026 17:22:13 INFO 20: precision: 0.00031 | recall: 0.00333 | ndcg: 0.00158 | hit_rate: 0.00615 | map: 0.00077
