Sun 18 Aug 2024 19:10:30 INFO ============Arguments==============
Sun 18 Aug 2024 19:10:30 INFO Model: MMGCN
Sun 18 Aug 2024 19:10:30 INFO data_path: clothing
Sun 18 Aug 2024 19:10:30 INFO learning_rate: 0.001
Sun 18 Aug 2024 19:10:30 INFO feature_embed: 64
Sun 18 Aug 2024 19:10:30 INFO batch_size: 1024
Sun 18 Aug 2024 19:10:30 INFO aggr_mode: add
Sun 18 Aug 2024 19:10:30 INFO reg_weight: 0.001
Sun 18 Aug 2024 19:10:30 INFO dim_E: 64
Sun 18 Aug 2024 19:10:30 INFO num_epoch: 1000
Sun 18 Aug 2024 19:10:30 INFO dropout: 0.2
Sun 18 Aug 2024 19:10:30 INFO n_layers: 2
Sun 18 Aug 2024 19:10:30 INFO corDecay: 0.001
Sun 18 Aug 2024 19:10:30 INFO n_factors: 4
Sun 18 Aug 2024 19:10:30 INFO n_iterations: 3
Sun 18 Aug 2024 19:10:30 INFO cl_weight: 2.0
Sun 18 Aug 2024 19:10:30 INFO mm_layers: 2
Sun 18 Aug 2024 19:10:30 INFO ii_topk: 10
Sun 18 Aug 2024 19:10:30 INFO uu_topk: 40
Sun 18 Aug 2024 19:10:30 INFO lambda_coeff: 0.9
Sun 18 Aug 2024 19:10:30 INFO ssl_temp: 0.9
Sun 18 Aug 2024 19:10:30 INFO ssl_alpha: 0.9
Sun 18 Aug 2024 19:10:30 INFO ae_weight: 0.1
Sun 18 Aug 2024 19:10:30 INFO threshold: 0.1
Sun 18 Aug 2024 19:10:30 INFO prompt_num: 0.1
Sun 18 Aug 2024 19:10:30 INFO neg_weight: 0.1
Sun 18 Aug 2024 19:10:30 INFO cen_reg: 0.005
Sun 18 Aug 2024 19:10:30 INFO n_intents: 128
Sun 18 Aug 2024 19:10:30 INFO G_rate: 0.0001
Sun 18 Aug 2024 19:10:30 INFO align_weight: 0.1
Sun 18 Aug 2024 19:10:30 INFO mask_weight_f: 1.5
Sun 18 Aug 2024 19:10:30 INFO mask_weight_g: 0.001
Sun 18 Aug 2024 19:10:30 INFO leaky: 0.5
Sun 18 Aug 2024 19:10:30 INFO keepRate: 1.0
Sun 18 Aug 2024 19:10:30 INFO mult: 0.1
Sun 18 Aug 2024 19:10:30 INFO grid_size: 1
Sun 18 Aug 2024 19:10:30 INFO node_dropout: 0.1
Sun 18 Aug 2024 19:10:30 INFO message_dropout: 0.1
Sun 18 Aug 2024 19:10:30 INFO n_mca: 2
Sun 18 Aug 2024 19:10:30 INFO seed: 42
Sun 18 Aug 2024 19:10:30 INFO num_workers: 1
Sun 18 Aug 2024 19:10:30 INFO topk: [5, 10, 20]
Sun 18 Aug 2024 19:10:30 INFO local time£ºAug-18-2024-19-10-30
Sun 18 Aug 2024 19:10:30 INFO =========1/1: Parameters:{'reg_weight': 0.001, 'learning_rate': 0.001}=========
Sun 18 Aug 2024 19:10:38 INFO Epoch 1, Loss: 45.28111
Sun 18 Aug 2024 19:10:39 INFO Validation Metrics:
Sun 18 Aug 2024 19:10:39 INFO 5: precision: 0.00129 | recall: 0.00636 | ndcg: 0.00418 | hit_rate: 0.00642 | map: 0.00345
Sun 18 Aug 2024 19:10:39 INFO 10: precision: 0.00111 | recall: 0.01085 | ndcg: 0.00564 | hit_rate: 0.01101 | map: 0.00404
Sun 18 Aug 2024 19:10:39 INFO 20: precision: 0.00100 | recall: 0.01956 | ndcg: 0.00784 | hit_rate: 0.01986 | map: 0.00464
Sun 18 Aug 2024 19:10:39 INFO Test Metrics:
Sun 18 Aug 2024 19:10:39 INFO 5: precision: 0.00231 | recall: 0.00713 | ndcg: 0.00537 | hit_rate: 0.01156 | map: 0.00391
Sun 18 Aug 2024 19:10:39 INFO 10: precision: 0.00177 | recall: 0.01127 | ndcg: 0.00683 | hit_rate: 0.01765 | map: 0.00445
Sun 18 Aug 2024 19:10:39 INFO 20: precision: 0.00157 | recall: 0.02050 | ndcg: 0.00940 | hit_rate: 0.03115 | map: 0.00508
Sun 18 Aug 2024 19:10:46 INFO Epoch 2, Loss: 40.48092
Sun 18 Aug 2024 19:10:47 INFO Validation Metrics:
Sun 18 Aug 2024 19:10:47 INFO 5: precision: 0.00128 | recall: 0.00631 | ndcg: 0.00384 | hit_rate: 0.00642 | map: 0.00302
Sun 18 Aug 2024 19:10:47 INFO 10: precision: 0.00102 | recall: 0.01013 | ndcg: 0.00503 | hit_rate: 0.01024 | map: 0.00349
Sun 18 Aug 2024 19:10:47 INFO 20: precision: 0.00089 | recall: 0.01763 | ndcg: 0.00691 | hit_rate: 0.01782 | map: 0.00399
Sun 18 Aug 2024 19:10:47 INFO Test Metrics:
Sun 18 Aug 2024 19:10:47 INFO 5: precision: 0.00204 | recall: 0.00639 | ndcg: 0.00471 | hit_rate: 0.01013 | map: 0.00345
Sun 18 Aug 2024 19:10:47 INFO 10: precision: 0.00173 | recall: 0.01073 | ndcg: 0.00628 | hit_rate: 0.01699 | map: 0.00401
Sun 18 Aug 2024 19:10:47 INFO 20: precision: 0.00139 | recall: 0.01750 | ndcg: 0.00817 | hit_rate: 0.02689 | map: 0.00448
Sun 18 Aug 2024 19:10:54 INFO Epoch 3, Loss: 36.86779
Sun 18 Aug 2024 19:10:55 INFO Validation Metrics:
Sun 18 Aug 2024 19:10:55 INFO 5: precision: 0.00124 | recall: 0.00609 | ndcg: 0.00377 | hit_rate: 0.00620 | map: 0.00301
Sun 18 Aug 2024 19:10:55 INFO 10: precision: 0.00109 | recall: 0.01073 | ndcg: 0.00525 | hit_rate: 0.01090 | map: 0.00360
Sun 18 Aug 2024 19:10:55 INFO 20: precision: 0.00096 | recall: 0.01886 | ndcg: 0.00729 | hit_rate: 0.01915 | map: 0.00415
Sun 18 Aug 2024 19:10:55 INFO Test Metrics:
Sun 18 Aug 2024 19:10:55 INFO 5: precision: 0.00200 | recall: 0.00627 | ndcg: 0.00483 | hit_rate: 0.01002 | map: 0.00360
Sun 18 Aug 2024 19:10:55 INFO 10: precision: 0.00174 | recall: 0.01105 | ndcg: 0.00655 | hit_rate: 0.01743 | map: 0.00423
Sun 18 Aug 2024 19:10:55 INFO 20: precision: 0.00145 | recall: 0.01837 | ndcg: 0.00863 | hit_rate: 0.02861 | map: 0.00474
Sun 18 Aug 2024 19:11:02 INFO Epoch 4, Loss: 35.19384
Sun 18 Aug 2024 19:11:04 INFO Validation Metrics:
Sun 18 Aug 2024 19:11:04 INFO 5: precision: 0.00131 | recall: 0.00642 | ndcg: 0.00394 | hit_rate: 0.00653 | map: 0.00310
Sun 18 Aug 2024 19:11:04 INFO 10: precision: 0.00121 | recall: 0.01185 | ndcg: 0.00569 | hit_rate: 0.01201 | map: 0.00382
Sun 18 Aug 2024 19:11:04 INFO 20: precision: 0.00108 | recall: 0.02127 | ndcg: 0.00806 | hit_rate: 0.02158 | map: 0.00446
Sun 18 Aug 2024 19:11:04 INFO Test Metrics:
Sun 18 Aug 2024 19:11:04 INFO 5: precision: 0.00235 | recall: 0.00723 | ndcg: 0.00530 | hit_rate: 0.01173 | map: 0.00383
Sun 18 Aug 2024 19:11:04 INFO 10: precision: 0.00194 | recall: 0.01221 | ndcg: 0.00707 | hit_rate: 0.01926 | map: 0.00447
Sun 18 Aug 2024 19:11:04 INFO 20: precision: 0.00152 | recall: 0.01922 | ndcg: 0.00907 | hit_rate: 0.02960 | map: 0.00498
Sun 18 Aug 2024 19:11:17 INFO Epoch 5, Loss: 33.86606
Sun 18 Aug 2024 19:11:19 INFO Validation Metrics:
Sun 18 Aug 2024 19:11:19 INFO 5: precision: 0.00147 | recall: 0.00722 | ndcg: 0.00440 | hit_rate: 0.00736 | map: 0.00347
Sun 18 Aug 2024 19:11:19 INFO 10: precision: 0.00121 | recall: 0.01198 | ndcg: 0.00594 | hit_rate: 0.01212 | map: 0.00410
Sun 18 Aug 2024 19:11:19 INFO 20: precision: 0.00100 | recall: 0.01979 | ndcg: 0.00791 | hit_rate: 0.02003 | map: 0.00463
Sun 18 Aug 2024 19:11:19 INFO Test Metrics:
Sun 18 Aug 2024 19:11:19 INFO 5: precision: 0.00237 | recall: 0.00722 | ndcg: 0.00546 | hit_rate: 0.01156 | map: 0.00402
Sun 18 Aug 2024 19:11:19 INFO 10: precision: 0.00183 | recall: 0.01147 | ndcg: 0.00698 | hit_rate: 0.01765 | map: 0.00460
Sun 18 Aug 2024 19:11:19 INFO 20: precision: 0.00147 | recall: 0.01833 | ndcg: 0.00894 | hit_rate: 0.02794 | map: 0.00509
Sun 18 Aug 2024 19:11:29 INFO Epoch 6, Loss: 32.90725
Sun 18 Aug 2024 19:11:31 INFO Validation Metrics:
Sun 18 Aug 2024 19:11:31 INFO 5: precision: 0.00145 | recall: 0.00710 | ndcg: 0.00431 | hit_rate: 0.00719 | map: 0.00338
Sun 18 Aug 2024 19:11:31 INFO 10: precision: 0.00121 | recall: 0.01185 | ndcg: 0.00583 | hit_rate: 0.01201 | map: 0.00400
Sun 18 Aug 2024 19:11:31 INFO 20: precision: 0.00099 | recall: 0.01947 | ndcg: 0.00776 | hit_rate: 0.01981 | map: 0.00452
Sun 18 Aug 2024 19:11:31 INFO Test Metrics:
Sun 18 Aug 2024 19:11:31 INFO 5: precision: 0.00229 | recall: 0.00684 | ndcg: 0.00526 | hit_rate: 0.01140 | map: 0.00385
Sun 18 Aug 2024 19:11:31 INFO 10: precision: 0.00180 | recall: 0.01089 | ndcg: 0.00673 | hit_rate: 0.01760 | map: 0.00440
Sun 18 Aug 2024 19:11:31 INFO 20: precision: 0.00153 | recall: 0.01914 | ndcg: 0.00904 | hit_rate: 0.02938 | map: 0.00498
Sun 18 Aug 2024 19:11:44 INFO Epoch 7, Loss: 30.33106
Sun 18 Aug 2024 19:11:46 INFO Validation Metrics:
Sun 18 Aug 2024 19:11:46 INFO 5: precision: 0.00125 | recall: 0.00607 | ndcg: 0.00399 | hit_rate: 0.00620 | map: 0.00328
Sun 18 Aug 2024 19:11:46 INFO 10: precision: 0.00108 | recall: 0.01061 | ndcg: 0.00545 | hit_rate: 0.01073 | map: 0.00388
Sun 18 Aug 2024 19:11:46 INFO 20: precision: 0.00080 | recall: 0.01566 | ndcg: 0.00673 | hit_rate: 0.01588 | map: 0.00422
Sun 18 Aug 2024 19:11:46 INFO Test Metrics:
Sun 18 Aug 2024 19:11:46 INFO 5: precision: 0.00217 | recall: 0.00657 | ndcg: 0.00501 | hit_rate: 0.01073 | map: 0.00368
Sun 18 Aug 2024 19:11:46 INFO 10: precision: 0.00163 | recall: 0.00991 | ndcg: 0.00623 | hit_rate: 0.01566 | map: 0.00415
Sun 18 Aug 2024 19:11:46 INFO 20: precision: 0.00127 | recall: 0.01558 | ndcg: 0.00784 | hit_rate: 0.02413 | map: 0.00455
Sun 18 Aug 2024 19:11:59 INFO Epoch 8, Loss: 25.82796
Sun 18 Aug 2024 19:12:01 INFO Validation Metrics:
Sun 18 Aug 2024 19:12:01 INFO 5: precision: 0.00167 | recall: 0.00818 | ndcg: 0.00514 | hit_rate: 0.00830 | map: 0.00414
Sun 18 Aug 2024 19:12:01 INFO 10: precision: 0.00130 | recall: 0.01280 | ndcg: 0.00663 | hit_rate: 0.01295 | map: 0.00475
Sun 18 Aug 2024 19:12:01 INFO 20: precision: 0.00105 | recall: 0.02072 | ndcg: 0.00862 | hit_rate: 0.02103 | map: 0.00527
Sun 18 Aug 2024 19:12:01 INFO Test Metrics:
Sun 18 Aug 2024 19:12:01 INFO 5: precision: 0.00242 | recall: 0.00756 | ndcg: 0.00561 | hit_rate: 0.01190 | map: 0.00413
Sun 18 Aug 2024 19:12:01 INFO 10: precision: 0.00194 | recall: 0.01208 | ndcg: 0.00726 | hit_rate: 0.01892 | map: 0.00473
Sun 18 Aug 2024 19:12:01 INFO 20: precision: 0.00158 | recall: 0.01969 | ndcg: 0.00943 | hit_rate: 0.03043 | map: 0.00527
Sun 18 Aug 2024 19:12:12 INFO Epoch 9, Loss: 24.49802
Sun 18 Aug 2024 19:12:14 INFO Validation Metrics:
Sun 18 Aug 2024 19:12:14 INFO 5: precision: 0.00160 | recall: 0.00784 | ndcg: 0.00497 | hit_rate: 0.00797 | map: 0.00401
Sun 18 Aug 2024 19:12:14 INFO 10: precision: 0.00136 | recall: 0.01332 | ndcg: 0.00675 | hit_rate: 0.01350 | map: 0.00474
Sun 18 Aug 2024 19:12:14 INFO 20: precision: 0.00106 | recall: 0.02085 | ndcg: 0.00863 | hit_rate: 0.02119 | map: 0.00524
Sun 18 Aug 2024 19:12:14 INFO Test Metrics:
Sun 18 Aug 2024 19:12:14 INFO 5: precision: 0.00282 | recall: 0.00861 | ndcg: 0.00654 | hit_rate: 0.01378 | map: 0.00484
Sun 18 Aug 2024 19:12:14 INFO 10: precision: 0.00214 | recall: 0.01303 | ndcg: 0.00816 | hit_rate: 0.02075 | map: 0.00544
Sun 18 Aug 2024 19:12:14 INFO 20: precision: 0.00162 | recall: 0.01979 | ndcg: 0.01010 | hit_rate: 0.03110 | map: 0.00593
Sun 18 Aug 2024 19:12:27 INFO Epoch 10, Loss: 23.45950
Sun 18 Aug 2024 19:12:29 INFO Validation Metrics:
Sun 18 Aug 2024 19:12:29 INFO 5: precision: 0.00139 | recall: 0.00673 | ndcg: 0.00450 | hit_rate: 0.00692 | map: 0.00374
Sun 18 Aug 2024 19:12:29 INFO 10: precision: 0.00099 | recall: 0.00963 | ndcg: 0.00543 | hit_rate: 0.00985 | map: 0.00411
Sun 18 Aug 2024 19:12:29 INFO 20: precision: 0.00080 | recall: 0.01565 | ndcg: 0.00696 | hit_rate: 0.01599 | map: 0.00453
Sun 18 Aug 2024 19:12:29 INFO Test Metrics:
Sun 18 Aug 2024 19:12:29 INFO 5: precision: 0.00227 | recall: 0.00677 | ndcg: 0.00519 | hit_rate: 0.01107 | map: 0.00383
Sun 18 Aug 2024 19:12:29 INFO 10: precision: 0.00177 | recall: 0.01074 | ndcg: 0.00663 | hit_rate: 0.01704 | map: 0.00437
Sun 18 Aug 2024 19:12:29 INFO 20: precision: 0.00133 | recall: 0.01617 | ndcg: 0.00820 | hit_rate: 0.02545 | map: 0.00476
Sun 18 Aug 2024 19:12:39 INFO Epoch 11, Loss: 22.08414
Sun 18 Aug 2024 19:12:42 INFO Validation Metrics:
Sun 18 Aug 2024 19:12:42 INFO 5: precision: 0.00164 | recall: 0.00805 | ndcg: 0.00531 | hit_rate: 0.00813 | map: 0.00438
Sun 18 Aug 2024 19:12:42 INFO 10: precision: 0.00133 | recall: 0.01308 | ndcg: 0.00691 | hit_rate: 0.01322 | map: 0.00503
Sun 18 Aug 2024 19:12:42 INFO 20: precision: 0.00102 | recall: 0.02004 | ndcg: 0.00866 | hit_rate: 0.02031 | map: 0.00550
Sun 18 Aug 2024 19:12:42 INFO Test Metrics:
Sun 18 Aug 2024 19:12:42 INFO 5: precision: 0.00264 | recall: 0.00813 | ndcg: 0.00617 | hit_rate: 0.01278 | map: 0.00458
Sun 18 Aug 2024 19:12:42 INFO 10: precision: 0.00219 | recall: 0.01327 | ndcg: 0.00808 | hit_rate: 0.02092 | map: 0.00530
Sun 18 Aug 2024 19:12:42 INFO 20: precision: 0.00171 | recall: 0.02081 | ndcg: 0.01025 | hit_rate: 0.03232 | map: 0.00585
Sun 18 Aug 2024 19:12:54 INFO Epoch 12, Loss: 20.41672
Sun 18 Aug 2024 19:12:56 INFO Validation Metrics:
Sun 18 Aug 2024 19:12:56 INFO 5: precision: 0.00126 | recall: 0.00608 | ndcg: 0.00439 | hit_rate: 0.00625 | map: 0.00379
Sun 18 Aug 2024 19:12:56 INFO 10: precision: 0.00107 | recall: 0.01042 | ndcg: 0.00577 | hit_rate: 0.01062 | map: 0.00435
Sun 18 Aug 2024 19:12:56 INFO 20: precision: 0.00087 | recall: 0.01699 | ndcg: 0.00742 | hit_rate: 0.01743 | map: 0.00478
Sun 18 Aug 2024 19:12:56 INFO Test Metrics:
Sun 18 Aug 2024 19:12:56 INFO 5: precision: 0.00230 | recall: 0.00685 | ndcg: 0.00540 | hit_rate: 0.01140 | map: 0.00399
Sun 18 Aug 2024 19:12:56 INFO 10: precision: 0.00179 | recall: 0.01049 | ndcg: 0.00675 | hit_rate: 0.01737 | map: 0.00450
Sun 18 Aug 2024 19:12:56 INFO 20: precision: 0.00144 | recall: 0.01737 | ndcg: 0.00872 | hit_rate: 0.02734 | map: 0.00500
Sun 18 Aug 2024 19:13:09 INFO Epoch 13, Loss: 18.19324
Sun 18 Aug 2024 19:13:11 INFO Validation Metrics:
Sun 18 Aug 2024 19:13:11 INFO 5: precision: 0.00186 | recall: 0.00916 | ndcg: 0.00561 | hit_rate: 0.00924 | map: 0.00444
Sun 18 Aug 2024 19:13:11 INFO 10: precision: 0.00151 | recall: 0.01491 | ndcg: 0.00744 | hit_rate: 0.01505 | map: 0.00517
Sun 18 Aug 2024 19:13:11 INFO 20: precision: 0.00128 | recall: 0.02505 | ndcg: 0.00997 | hit_rate: 0.02545 | map: 0.00584
Sun 18 Aug 2024 19:13:11 INFO Test Metrics:
Sun 18 Aug 2024 19:13:11 INFO 5: precision: 0.00322 | recall: 0.00970 | ndcg: 0.00716 | hit_rate: 0.01577 | map: 0.00515
Sun 18 Aug 2024 19:13:11 INFO 10: precision: 0.00259 | recall: 0.01568 | ndcg: 0.00931 | hit_rate: 0.02512 | map: 0.00593
Sun 18 Aug 2024 19:13:11 INFO 20: precision: 0.00204 | recall: 0.02471 | ndcg: 0.01190 | hit_rate: 0.03934 | map: 0.00657
Sun 18 Aug 2024 19:13:21 INFO Epoch 14, Loss: 16.82053
Sun 18 Aug 2024 19:13:24 INFO Validation Metrics:
Sun 18 Aug 2024 19:13:24 INFO 5: precision: 0.00184 | recall: 0.00902 | ndcg: 0.00575 | hit_rate: 0.00913 | map: 0.00466
Sun 18 Aug 2024 19:13:24 INFO 10: precision: 0.00152 | recall: 0.01502 | ndcg: 0.00769 | hit_rate: 0.01516 | map: 0.00546
Sun 18 Aug 2024 19:13:24 INFO 20: precision: 0.00124 | recall: 0.02457 | ndcg: 0.01007 | hit_rate: 0.02473 | map: 0.00610
Sun 18 Aug 2024 19:13:24 INFO Test Metrics:
Sun 18 Aug 2024 19:13:24 INFO 5: precision: 0.00317 | recall: 0.00972 | ndcg: 0.00739 | hit_rate: 0.01555 | map: 0.00547
Sun 18 Aug 2024 19:13:24 INFO 10: precision: 0.00250 | recall: 0.01538 | ndcg: 0.00946 | hit_rate: 0.02418 | map: 0.00625
Sun 18 Aug 2024 19:13:24 INFO 20: precision: 0.00198 | recall: 0.02447 | ndcg: 0.01204 | hit_rate: 0.03790 | map: 0.00688
Sun 18 Aug 2024 19:13:37 INFO Epoch 15, Loss: 15.59777
Sun 18 Aug 2024 19:13:38 INFO Validation Metrics:
Sun 18 Aug 2024 19:13:38 INFO 5: precision: 0.00179 | recall: 0.00880 | ndcg: 0.00566 | hit_rate: 0.00891 | map: 0.00461
Sun 18 Aug 2024 19:13:38 INFO 10: precision: 0.00152 | recall: 0.01489 | ndcg: 0.00760 | hit_rate: 0.01511 | map: 0.00538
Sun 18 Aug 2024 19:13:38 INFO 20: precision: 0.00127 | recall: 0.02498 | ndcg: 0.01012 | hit_rate: 0.02529 | map: 0.00605
Sun 18 Aug 2024 19:13:38 INFO Test Metrics:
Sun 18 Aug 2024 19:13:38 INFO 5: precision: 0.00319 | recall: 0.00975 | ndcg: 0.00739 | hit_rate: 0.01560 | map: 0.00542
Sun 18 Aug 2024 19:13:38 INFO 10: precision: 0.00261 | recall: 0.01574 | ndcg: 0.00962 | hit_rate: 0.02540 | map: 0.00625
Sun 18 Aug 2024 19:13:38 INFO 20: precision: 0.00202 | recall: 0.02482 | ndcg: 0.01220 | hit_rate: 0.03890 | map: 0.00689
Sun 18 Aug 2024 19:13:50 INFO Epoch 16, Loss: 14.01023
Sun 18 Aug 2024 19:13:51 INFO Validation Metrics:
Sun 18 Aug 2024 19:13:51 INFO 5: precision: 0.00177 | recall: 0.00870 | ndcg: 0.00560 | hit_rate: 0.00885 | map: 0.00456
Sun 18 Aug 2024 19:13:51 INFO 10: precision: 0.00164 | recall: 0.01612 | ndcg: 0.00799 | hit_rate: 0.01638 | map: 0.00554
Sun 18 Aug 2024 19:13:51 INFO 20: precision: 0.00134 | recall: 0.02643 | ndcg: 0.01059 | hit_rate: 0.02689 | map: 0.00624
Sun 18 Aug 2024 19:13:51 INFO Test Metrics:
Sun 18 Aug 2024 19:13:51 INFO 5: precision: 0.00282 | recall: 0.00840 | ndcg: 0.00652 | hit_rate: 0.01383 | map: 0.00480
Sun 18 Aug 2024 19:13:51 INFO 10: precision: 0.00242 | recall: 0.01464 | ndcg: 0.00881 | hit_rate: 0.02352 | map: 0.00565
Sun 18 Aug 2024 19:13:51 INFO 20: precision: 0.00196 | recall: 0.02415 | ndcg: 0.01152 | hit_rate: 0.03763 | map: 0.00634
Sun 18 Aug 2024 19:14:02 INFO Epoch 17, Loss: 13.11018
Sun 18 Aug 2024 19:14:03 INFO Validation Metrics:
Sun 18 Aug 2024 19:14:03 INFO 5: precision: 0.00098 | recall: 0.00476 | ndcg: 0.00316 | hit_rate: 0.00487 | map: 0.00262
Sun 18 Aug 2024 19:14:03 INFO 10: precision: 0.00094 | recall: 0.00913 | ndcg: 0.00457 | hit_rate: 0.00930 | map: 0.00319
Sun 18 Aug 2024 19:14:03 INFO 20: precision: 0.00082 | recall: 0.01614 | ndcg: 0.00633 | hit_rate: 0.01643 | map: 0.00367
Sun 18 Aug 2024 19:14:03 INFO Test Metrics:
Sun 18 Aug 2024 19:14:03 INFO 5: precision: 0.00200 | recall: 0.00575 | ndcg: 0.00442 | hit_rate: 0.00985 | map: 0.00318
Sun 18 Aug 2024 19:14:03 INFO 10: precision: 0.00157 | recall: 0.00927 | ndcg: 0.00571 | hit_rate: 0.01538 | map: 0.00365
Sun 18 Aug 2024 19:14:03 INFO 20: precision: 0.00131 | recall: 0.01594 | ndcg: 0.00758 | hit_rate: 0.02518 | map: 0.00412
Sun 18 Aug 2024 19:14:16 INFO Epoch 18, Loss: 12.70369
Sun 18 Aug 2024 19:14:17 INFO Validation Metrics:
Sun 18 Aug 2024 19:14:17 INFO 5: precision: 0.00166 | recall: 0.00819 | ndcg: 0.00512 | hit_rate: 0.00824 | map: 0.00411
Sun 18 Aug 2024 19:14:17 INFO 10: precision: 0.00133 | recall: 0.01316 | ndcg: 0.00670 | hit_rate: 0.01328 | map: 0.00475
Sun 18 Aug 2024 19:14:17 INFO 20: precision: 0.00101 | recall: 0.02005 | ndcg: 0.00842 | hit_rate: 0.02020 | map: 0.00520
Sun 18 Aug 2024 19:14:17 INFO Test Metrics:
Sun 18 Aug 2024 19:14:17 INFO 5: precision: 0.00302 | recall: 0.00925 | ndcg: 0.00701 | hit_rate: 0.01477 | map: 0.00517
Sun 18 Aug 2024 19:14:17 INFO 10: precision: 0.00228 | recall: 0.01401 | ndcg: 0.00875 | hit_rate: 0.02219 | map: 0.00581
Sun 18 Aug 2024 19:14:17 INFO 20: precision: 0.00172 | recall: 0.02147 | ndcg: 0.01085 | hit_rate: 0.03270 | map: 0.00634
Sun 18 Aug 2024 19:14:30 INFO Epoch 19, Loss: 11.56334
Sun 18 Aug 2024 19:14:31 INFO Validation Metrics:
Sun 18 Aug 2024 19:14:31 INFO 5: precision: 0.00160 | recall: 0.00784 | ndcg: 0.00504 | hit_rate: 0.00797 | map: 0.00411
Sun 18 Aug 2024 19:14:31 INFO 10: precision: 0.00131 | recall: 0.01285 | ndcg: 0.00666 | hit_rate: 0.01306 | map: 0.00478
Sun 18 Aug 2024 19:14:31 INFO 20: precision: 0.00109 | recall: 0.02143 | ndcg: 0.00884 | hit_rate: 0.02180 | map: 0.00537
Sun 18 Aug 2024 19:14:31 INFO Test Metrics:
Sun 18 Aug 2024 19:14:31 INFO 5: precision: 0.00307 | recall: 0.00917 | ndcg: 0.00704 | hit_rate: 0.01488 | map: 0.00520
Sun 18 Aug 2024 19:14:31 INFO 10: precision: 0.00230 | recall: 0.01386 | ndcg: 0.00878 | hit_rate: 0.02208 | map: 0.00587
Sun 18 Aug 2024 19:14:31 INFO 20: precision: 0.00175 | recall: 0.02181 | ndcg: 0.01101 | hit_rate: 0.03331 | map: 0.00644
Sun 18 Aug 2024 19:14:41 INFO Epoch 20, Loss: 11.46018
Sun 18 Aug 2024 19:14:44 INFO Validation Metrics:
Sun 18 Aug 2024 19:14:44 INFO 5: precision: 0.00187 | recall: 0.00911 | ndcg: 0.00571 | hit_rate: 0.00930 | map: 0.00457
Sun 18 Aug 2024 19:14:44 INFO 10: precision: 0.00155 | recall: 0.01520 | ndcg: 0.00766 | hit_rate: 0.01549 | map: 0.00535
Sun 18 Aug 2024 19:14:44 INFO 20: precision: 0.00132 | recall: 0.02586 | ndcg: 0.01033 | hit_rate: 0.02639 | map: 0.00607
Sun 18 Aug 2024 19:14:44 INFO Test Metrics:
Sun 18 Aug 2024 19:14:44 INFO 5: precision: 0.00332 | recall: 0.01020 | ndcg: 0.00771 | hit_rate: 0.01610 | map: 0.00569
Sun 18 Aug 2024 19:14:44 INFO 10: precision: 0.00264 | recall: 0.01632 | ndcg: 0.00991 | hit_rate: 0.02556 | map: 0.00649
Sun 18 Aug 2024 19:14:44 INFO 20: precision: 0.00206 | recall: 0.02554 | ndcg: 0.01253 | hit_rate: 0.03923 | map: 0.00714
Sun 18 Aug 2024 19:14:56 INFO Epoch 21, Loss: 10.81586
Sun 18 Aug 2024 19:14:59 INFO Validation Metrics:
Sun 18 Aug 2024 19:14:59 INFO 5: precision: 0.00162 | recall: 0.00781 | ndcg: 0.00490 | hit_rate: 0.00802 | map: 0.00392
Sun 18 Aug 2024 19:14:59 INFO 10: precision: 0.00133 | recall: 0.01291 | ndcg: 0.00655 | hit_rate: 0.01322 | map: 0.00459
Sun 18 Aug 2024 19:14:59 INFO 20: precision: 0.00109 | recall: 0.02125 | ndcg: 0.00867 | hit_rate: 0.02169 | map: 0.00518
Sun 18 Aug 2024 19:14:59 INFO Test Metrics:
Sun 18 Aug 2024 19:14:59 INFO 5: precision: 0.00309 | recall: 0.00918 | ndcg: 0.00685 | hit_rate: 0.01494 | map: 0.00495
Sun 18 Aug 2024 19:14:59 INFO 10: precision: 0.00231 | recall: 0.01404 | ndcg: 0.00861 | hit_rate: 0.02224 | map: 0.00561
Sun 18 Aug 2024 19:14:59 INFO 20: precision: 0.00176 | recall: 0.02131 | ndcg: 0.01070 | hit_rate: 0.03331 | map: 0.00614
Sun 18 Aug 2024 19:15:12 INFO Epoch 22, Loss: 10.45127
Sun 18 Aug 2024 19:15:14 INFO Validation Metrics:
Sun 18 Aug 2024 19:15:14 INFO 5: precision: 0.00228 | recall: 0.01116 | ndcg: 0.00698 | hit_rate: 0.01134 | map: 0.00559
Sun 18 Aug 2024 19:15:14 INFO 10: precision: 0.00174 | recall: 0.01710 | ndcg: 0.00888 | hit_rate: 0.01732 | map: 0.00636
Sun 18 Aug 2024 19:15:14 INFO 20: precision: 0.00140 | recall: 0.02740 | ndcg: 0.01148 | hit_rate: 0.02794 | map: 0.00706
Sun 18 Aug 2024 19:15:14 INFO Test Metrics:
Sun 18 Aug 2024 19:15:14 INFO 5: precision: 0.00352 | recall: 0.01098 | ndcg: 0.00816 | hit_rate: 0.01704 | map: 0.00601
Sun 18 Aug 2024 19:15:14 INFO 10: precision: 0.00267 | recall: 0.01650 | ndcg: 0.01019 | hit_rate: 0.02568 | map: 0.00677
Sun 18 Aug 2024 19:15:14 INFO 20: precision: 0.00211 | recall: 0.02625 | ndcg: 0.01295 | hit_rate: 0.04012 | map: 0.00746
Sun 18 Aug 2024 19:15:25 INFO Epoch 23, Loss: 9.80770
Sun 18 Aug 2024 19:15:27 INFO Validation Metrics:
Sun 18 Aug 2024 19:15:27 INFO 5: precision: 0.00149 | recall: 0.00729 | ndcg: 0.00503 | hit_rate: 0.00741 | map: 0.00426
Sun 18 Aug 2024 19:15:27 INFO 10: precision: 0.00114 | recall: 0.01115 | ndcg: 0.00627 | hit_rate: 0.01134 | map: 0.00476
Sun 18 Aug 2024 19:15:27 INFO 20: precision: 0.00091 | recall: 0.01791 | ndcg: 0.00797 | hit_rate: 0.01820 | map: 0.00521
Sun 18 Aug 2024 19:15:27 INFO Test Metrics:
Sun 18 Aug 2024 19:15:27 INFO 5: precision: 0.00248 | recall: 0.00741 | ndcg: 0.00576 | hit_rate: 0.01206 | map: 0.00425
Sun 18 Aug 2024 19:15:27 INFO 10: precision: 0.00187 | recall: 0.01140 | ndcg: 0.00720 | hit_rate: 0.01793 | map: 0.00479
Sun 18 Aug 2024 19:15:27 INFO 20: precision: 0.00147 | recall: 0.01784 | ndcg: 0.00906 | hit_rate: 0.02778 | map: 0.00527
Sun 18 Aug 2024 19:15:40 INFO Epoch 24, Loss: 9.61280
Sun 18 Aug 2024 19:15:42 INFO Validation Metrics:
Sun 18 Aug 2024 19:15:42 INFO 5: precision: 0.00172 | recall: 0.00837 | ndcg: 0.00552 | hit_rate: 0.00852 | map: 0.00455
Sun 18 Aug 2024 19:15:42 INFO 10: precision: 0.00147 | recall: 0.01436 | ndcg: 0.00746 | hit_rate: 0.01466 | map: 0.00534
Sun 18 Aug 2024 19:15:42 INFO 20: precision: 0.00109 | recall: 0.02127 | ndcg: 0.00919 | hit_rate: 0.02169 | map: 0.00581
Sun 18 Aug 2024 19:15:42 INFO Test Metrics:
Sun 18 Aug 2024 19:15:42 INFO 5: precision: 0.00295 | recall: 0.00897 | ndcg: 0.00695 | hit_rate: 0.01450 | map: 0.00516
Sun 18 Aug 2024 19:15:42 INFO 10: precision: 0.00234 | recall: 0.01403 | ndcg: 0.00883 | hit_rate: 0.02274 | map: 0.00584
Sun 18 Aug 2024 19:15:42 INFO 20: precision: 0.00180 | recall: 0.02179 | ndcg: 0.01104 | hit_rate: 0.03447 | map: 0.00639
Sun 18 Aug 2024 19:15:53 INFO Epoch 25, Loss: 9.61738
Sun 18 Aug 2024 19:15:55 INFO Validation Metrics:
Sun 18 Aug 2024 19:15:55 INFO 5: precision: 0.00179 | recall: 0.00877 | ndcg: 0.00560 | hit_rate: 0.00891 | map: 0.00453
Sun 18 Aug 2024 19:15:55 INFO 10: precision: 0.00148 | recall: 0.01455 | ndcg: 0.00745 | hit_rate: 0.01477 | map: 0.00528
Sun 18 Aug 2024 19:15:55 INFO 20: precision: 0.00118 | recall: 0.02306 | ndcg: 0.00959 | hit_rate: 0.02352 | map: 0.00585
Sun 18 Aug 2024 19:15:55 INFO Test Metrics:
Sun 18 Aug 2024 19:15:55 INFO 5: precision: 0.00305 | recall: 0.00923 | ndcg: 0.00700 | hit_rate: 0.01477 | map: 0.00514
Sun 18 Aug 2024 19:15:55 INFO 10: precision: 0.00238 | recall: 0.01439 | ndcg: 0.00889 | hit_rate: 0.02313 | map: 0.00582
Sun 18 Aug 2024 19:15:55 INFO 20: precision: 0.00187 | recall: 0.02279 | ndcg: 0.01129 | hit_rate: 0.03558 | map: 0.00643
Sun 18 Aug 2024 19:16:07 INFO Epoch 26, Loss: 9.46122
Sun 18 Aug 2024 19:16:10 INFO Validation Metrics:
Sun 18 Aug 2024 19:16:10 INFO 5: precision: 0.00178 | recall: 0.00869 | ndcg: 0.00567 | hit_rate: 0.00885 | map: 0.00464
Sun 18 Aug 2024 19:16:10 INFO 10: precision: 0.00136 | recall: 0.01331 | ndcg: 0.00715 | hit_rate: 0.01356 | map: 0.00525
Sun 18 Aug 2024 19:16:10 INFO 20: precision: 0.00110 | recall: 0.02161 | ndcg: 0.00925 | hit_rate: 0.02191 | map: 0.00582
Sun 18 Aug 2024 19:16:10 INFO Test Metrics:
Sun 18 Aug 2024 19:16:10 INFO 5: precision: 0.00291 | recall: 0.00882 | ndcg: 0.00674 | hit_rate: 0.01417 | map: 0.00498
Sun 18 Aug 2024 19:16:10 INFO 10: precision: 0.00227 | recall: 0.01384 | ndcg: 0.00857 | hit_rate: 0.02164 | map: 0.00568
Sun 18 Aug 2024 19:16:10 INFO 20: precision: 0.00173 | recall: 0.02124 | ndcg: 0.01067 | hit_rate: 0.03281 | map: 0.00619
Sun 18 Aug 2024 19:16:22 INFO Epoch 27, Loss: 9.29397
Sun 18 Aug 2024 19:16:25 INFO Validation Metrics:
Sun 18 Aug 2024 19:16:25 INFO 5: precision: 0.00121 | recall: 0.00593 | ndcg: 0.00378 | hit_rate: 0.00603 | map: 0.00305
Sun 18 Aug 2024 19:16:25 INFO 10: precision: 0.00103 | recall: 0.01011 | ndcg: 0.00512 | hit_rate: 0.01029 | map: 0.00359
Sun 18 Aug 2024 19:16:25 INFO 20: precision: 0.00085 | recall: 0.01672 | ndcg: 0.00679 | hit_rate: 0.01710 | map: 0.00405
Sun 18 Aug 2024 19:16:25 INFO Test Metrics:
Sun 18 Aug 2024 19:16:25 INFO 5: precision: 0.00211 | recall: 0.00655 | ndcg: 0.00499 | hit_rate: 0.01051 | map: 0.00370
Sun 18 Aug 2024 19:16:25 INFO 10: precision: 0.00165 | recall: 0.01015 | ndcg: 0.00629 | hit_rate: 0.01605 | map: 0.00418
Sun 18 Aug 2024 19:16:25 INFO 20: precision: 0.00134 | recall: 0.01635 | ndcg: 0.00809 | hit_rate: 0.02545 | map: 0.00464
Sun 18 Aug 2024 19:16:35 INFO Epoch 28, Loss: 8.94200
Sun 18 Aug 2024 19:16:37 INFO Validation Metrics:
Sun 18 Aug 2024 19:16:37 INFO 5: precision: 0.00189 | recall: 0.00927 | ndcg: 0.00589 | hit_rate: 0.00941 | map: 0.00476
Sun 18 Aug 2024 19:16:37 INFO 10: precision: 0.00161 | recall: 0.01582 | ndcg: 0.00801 | hit_rate: 0.01605 | map: 0.00563
Sun 18 Aug 2024 19:16:37 INFO 20: precision: 0.00131 | recall: 0.02576 | ndcg: 0.01049 | hit_rate: 0.02606 | map: 0.00629
Sun 18 Aug 2024 19:16:37 INFO Test Metrics:
Sun 18 Aug 2024 19:16:37 INFO 5: precision: 0.00293 | recall: 0.00900 | ndcg: 0.00668 | hit_rate: 0.01444 | map: 0.00487
Sun 18 Aug 2024 19:16:37 INFO 10: precision: 0.00244 | recall: 0.01481 | ndcg: 0.00884 | hit_rate: 0.02385 | map: 0.00567
Sun 18 Aug 2024 19:16:37 INFO 20: precision: 0.00201 | recall: 0.02465 | ndcg: 0.01163 | hit_rate: 0.03851 | map: 0.00637
Sun 18 Aug 2024 19:16:50 INFO Epoch 29, Loss: 8.79931
Sun 18 Aug 2024 19:16:51 INFO Validation Metrics:
Sun 18 Aug 2024 19:16:51 INFO 5: precision: 0.00138 | recall: 0.00679 | ndcg: 0.00461 | hit_rate: 0.00692 | map: 0.00388
Sun 18 Aug 2024 19:16:51 INFO 10: precision: 0.00111 | recall: 0.01093 | ndcg: 0.00594 | hit_rate: 0.01107 | map: 0.00441
Sun 18 Aug 2024 19:16:51 INFO 20: precision: 0.00083 | recall: 0.01643 | ndcg: 0.00733 | hit_rate: 0.01660 | map: 0.00479
Sun 18 Aug 2024 19:16:51 INFO Test Metrics:
Sun 18 Aug 2024 19:16:51 INFO 5: precision: 0.00217 | recall: 0.00653 | ndcg: 0.00511 | hit_rate: 0.01040 | map: 0.00385
Sun 18 Aug 2024 19:16:51 INFO 10: precision: 0.00175 | recall: 0.01071 | ndcg: 0.00664 | hit_rate: 0.01671 | map: 0.00443
Sun 18 Aug 2024 19:16:51 INFO 20: precision: 0.00142 | recall: 0.01733 | ndcg: 0.00855 | hit_rate: 0.02656 | map: 0.00492
Sun 18 Aug 2024 19:17:04 INFO Epoch 30, Loss: 8.69042
Sun 18 Aug 2024 19:17:05 INFO Validation Metrics:
Sun 18 Aug 2024 19:17:05 INFO 5: precision: 0.00176 | recall: 0.00869 | ndcg: 0.00568 | hit_rate: 0.00874 | map: 0.00468
Sun 18 Aug 2024 19:17:05 INFO 10: precision: 0.00140 | recall: 0.01380 | ndcg: 0.00734 | hit_rate: 0.01394 | map: 0.00536
Sun 18 Aug 2024 19:17:05 INFO 20: precision: 0.00108 | recall: 0.02116 | ndcg: 0.00920 | hit_rate: 0.02158 | map: 0.00587
Sun 18 Aug 2024 19:17:05 INFO Test Metrics:
Sun 18 Aug 2024 19:17:05 INFO 5: precision: 0.00290 | recall: 0.00892 | ndcg: 0.00675 | hit_rate: 0.01400 | map: 0.00498
Sun 18 Aug 2024 19:17:05 INFO 10: precision: 0.00222 | recall: 0.01358 | ndcg: 0.00844 | hit_rate: 0.02125 | map: 0.00561
Sun 18 Aug 2024 19:17:05 INFO 20: precision: 0.00168 | recall: 0.02060 | ndcg: 0.01045 | hit_rate: 0.03176 | map: 0.00611
Sun 18 Aug 2024 19:17:16 INFO Epoch 31, Loss: 8.37123
Sun 18 Aug 2024 19:17:17 INFO Validation Metrics:
Sun 18 Aug 2024 19:17:17 INFO 5: precision: 0.00137 | recall: 0.00683 | ndcg: 0.00440 | hit_rate: 0.00686 | map: 0.00360
Sun 18 Aug 2024 19:17:17 INFO 10: precision: 0.00118 | recall: 0.01175 | ndcg: 0.00597 | hit_rate: 0.01184 | map: 0.00423
Sun 18 Aug 2024 19:17:17 INFO 20: precision: 0.00093 | recall: 0.01853 | ndcg: 0.00766 | hit_rate: 0.01865 | map: 0.00469
Sun 18 Aug 2024 19:17:17 INFO Test Metrics:
Sun 18 Aug 2024 19:17:17 INFO 5: precision: 0.00226 | recall: 0.00674 | ndcg: 0.00509 | hit_rate: 0.01101 | map: 0.00372
Sun 18 Aug 2024 19:17:17 INFO 10: precision: 0.00184 | recall: 0.01131 | ndcg: 0.00674 | hit_rate: 0.01793 | map: 0.00434
Sun 18 Aug 2024 19:17:17 INFO 20: precision: 0.00154 | recall: 0.01883 | ndcg: 0.00890 | hit_rate: 0.02916 | map: 0.00488
Sun 18 Aug 2024 19:17:31 INFO Epoch 32, Loss: 8.23549
Sun 18 Aug 2024 19:17:32 INFO Validation Metrics:
Sun 18 Aug 2024 19:17:32 INFO 5: precision: 0.00172 | recall: 0.00841 | ndcg: 0.00543 | hit_rate: 0.00852 | map: 0.00443
Sun 18 Aug 2024 19:17:32 INFO 10: precision: 0.00130 | recall: 0.01277 | ndcg: 0.00683 | hit_rate: 0.01295 | map: 0.00499
Sun 18 Aug 2024 19:17:32 INFO 20: precision: 0.00103 | recall: 0.02028 | ndcg: 0.00870 | hit_rate: 0.02053 | map: 0.00549
Sun 18 Aug 2024 19:17:32 INFO Test Metrics:
Sun 18 Aug 2024 19:17:32 INFO 5: precision: 0.00256 | recall: 0.00741 | ndcg: 0.00558 | hit_rate: 0.01234 | map: 0.00401
Sun 18 Aug 2024 19:17:32 INFO 10: precision: 0.00203 | recall: 0.01223 | ndcg: 0.00731 | hit_rate: 0.01926 | map: 0.00467
Sun 18 Aug 2024 19:17:32 INFO 20: precision: 0.00160 | recall: 0.01928 | ndcg: 0.00934 | hit_rate: 0.03049 | map: 0.00517
Sun 18 Aug 2024 19:17:46 INFO Epoch 33, Loss: 8.02600
Sun 18 Aug 2024 19:17:47 INFO Validation Metrics:
Sun 18 Aug 2024 19:17:47 INFO 5: precision: 0.00149 | recall: 0.00733 | ndcg: 0.00489 | hit_rate: 0.00741 | map: 0.00408
Sun 18 Aug 2024 19:17:47 INFO 10: precision: 0.00119 | recall: 0.01165 | ndcg: 0.00627 | hit_rate: 0.01184 | map: 0.00463
Sun 18 Aug 2024 19:17:47 INFO 20: precision: 0.00090 | recall: 0.01755 | ndcg: 0.00776 | hit_rate: 0.01787 | map: 0.00503
Sun 18 Aug 2024 19:17:47 INFO Test Metrics:
Sun 18 Aug 2024 19:17:47 INFO 5: precision: 0.00226 | recall: 0.00658 | ndcg: 0.00519 | hit_rate: 0.01112 | map: 0.00381
Sun 18 Aug 2024 19:17:47 INFO 10: precision: 0.00171 | recall: 0.00984 | ndcg: 0.00641 | hit_rate: 0.01643 | map: 0.00427
Sun 18 Aug 2024 19:17:47 INFO 20: precision: 0.00144 | recall: 0.01705 | ndcg: 0.00846 | hit_rate: 0.02745 | map: 0.00477
Sun 18 Aug 2024 19:17:58 INFO Epoch 34, Loss: 7.64607
Sun 18 Aug 2024 19:17:59 INFO Validation Metrics:
Sun 18 Aug 2024 19:17:59 INFO 5: precision: 0.00139 | recall: 0.00681 | ndcg: 0.00467 | hit_rate: 0.00692 | map: 0.00395
Sun 18 Aug 2024 19:17:59 INFO 10: precision: 0.00110 | recall: 0.01078 | ndcg: 0.00596 | hit_rate: 0.01096 | map: 0.00448
Sun 18 Aug 2024 19:17:59 INFO 20: precision: 0.00096 | recall: 0.01882 | ndcg: 0.00799 | hit_rate: 0.01920 | map: 0.00503
Sun 18 Aug 2024 19:17:59 INFO Test Metrics:
Sun 18 Aug 2024 19:17:59 INFO 5: precision: 0.00224 | recall: 0.00669 | ndcg: 0.00507 | hit_rate: 0.01107 | map: 0.00366
Sun 18 Aug 2024 19:17:59 INFO 10: precision: 0.00189 | recall: 0.01109 | ndcg: 0.00671 | hit_rate: 0.01804 | map: 0.00428
Sun 18 Aug 2024 19:17:59 INFO 20: precision: 0.00152 | recall: 0.01818 | ndcg: 0.00874 | hit_rate: 0.02866 | map: 0.00479
Sun 18 Aug 2024 19:18:11 INFO Epoch 35, Loss: 7.94490
Sun 18 Aug 2024 19:18:13 INFO Validation Metrics:
Sun 18 Aug 2024 19:18:13 INFO 5: precision: 0.00133 | recall: 0.00656 | ndcg: 0.00426 | hit_rate: 0.00664 | map: 0.00350
Sun 18 Aug 2024 19:18:13 INFO 10: precision: 0.00110 | recall: 0.01082 | ndcg: 0.00564 | hit_rate: 0.01096 | map: 0.00406
Sun 18 Aug 2024 19:18:13 INFO 20: precision: 0.00090 | recall: 0.01771 | ndcg: 0.00736 | hit_rate: 0.01793 | map: 0.00452
Sun 18 Aug 2024 19:18:13 INFO Test Metrics:
Sun 18 Aug 2024 19:18:13 INFO 5: precision: 0.00224 | recall: 0.00699 | ndcg: 0.00518 | hit_rate: 0.01073 | map: 0.00386
Sun 18 Aug 2024 19:18:13 INFO 10: precision: 0.00189 | recall: 0.01165 | ndcg: 0.00688 | hit_rate: 0.01820 | map: 0.00446
Sun 18 Aug 2024 19:18:13 INFO 20: precision: 0.00149 | recall: 0.01840 | ndcg: 0.00881 | hit_rate: 0.02828 | map: 0.00495
Sun 18 Aug 2024 19:18:26 INFO Epoch 36, Loss: 7.58130
Sun 18 Aug 2024 19:18:28 INFO Validation Metrics:
Sun 18 Aug 2024 19:18:28 INFO 5: precision: 0.00176 | recall: 0.00859 | ndcg: 0.00552 | hit_rate: 0.00874 | map: 0.00450
Sun 18 Aug 2024 19:18:28 INFO 10: precision: 0.00144 | recall: 0.01404 | ndcg: 0.00732 | hit_rate: 0.01439 | map: 0.00524
Sun 18 Aug 2024 19:18:28 INFO 20: precision: 0.00118 | recall: 0.02316 | ndcg: 0.00962 | hit_rate: 0.02357 | map: 0.00587
Sun 18 Aug 2024 19:18:28 INFO Test Metrics:
Sun 18 Aug 2024 19:18:28 INFO 5: precision: 0.00311 | recall: 0.00941 | ndcg: 0.00705 | hit_rate: 0.01500 | map: 0.00514
Sun 18 Aug 2024 19:18:28 INFO 10: precision: 0.00233 | recall: 0.01424 | ndcg: 0.00881 | hit_rate: 0.02258 | map: 0.00578
Sun 18 Aug 2024 19:18:28 INFO 20: precision: 0.00185 | recall: 0.02297 | ndcg: 0.01125 | hit_rate: 0.03497 | map: 0.00640
Sun 18 Aug 2024 19:18:38 INFO Epoch 37, Loss: 7.59110
Sun 18 Aug 2024 19:18:41 INFO Validation Metrics:
Sun 18 Aug 2024 19:18:41 INFO 5: precision: 0.00125 | recall: 0.00616 | ndcg: 0.00434 | hit_rate: 0.00625 | map: 0.00373
Sun 18 Aug 2024 19:18:41 INFO 10: precision: 0.00103 | recall: 0.01004 | ndcg: 0.00559 | hit_rate: 0.01029 | map: 0.00423
Sun 18 Aug 2024 19:18:41 INFO 20: precision: 0.00089 | recall: 0.01747 | ndcg: 0.00744 | hit_rate: 0.01771 | map: 0.00472
Sun 18 Aug 2024 19:18:41 INFO Test Metrics:
Sun 18 Aug 2024 19:18:41 INFO 5: precision: 0.00214 | recall: 0.00640 | ndcg: 0.00478 | hit_rate: 0.01057 | map: 0.00348
Sun 18 Aug 2024 19:18:41 INFO 10: precision: 0.00169 | recall: 0.01000 | ndcg: 0.00613 | hit_rate: 0.01643 | map: 0.00399
Sun 18 Aug 2024 19:18:41 INFO 20: precision: 0.00133 | recall: 0.01611 | ndcg: 0.00787 | hit_rate: 0.02507 | map: 0.00444
Sun 18 Aug 2024 19:18:53 INFO Epoch 38, Loss: 7.39852
Sun 18 Aug 2024 19:18:55 INFO Validation Metrics:
Sun 18 Aug 2024 19:18:55 INFO 5: precision: 0.00138 | recall: 0.00675 | ndcg: 0.00477 | hit_rate: 0.00686 | map: 0.00410
Sun 18 Aug 2024 19:18:55 INFO 10: precision: 0.00113 | recall: 0.01106 | ndcg: 0.00615 | hit_rate: 0.01129 | map: 0.00465
Sun 18 Aug 2024 19:18:55 INFO 20: precision: 0.00096 | recall: 0.01887 | ndcg: 0.00810 | hit_rate: 0.01920 | map: 0.00517
Sun 18 Aug 2024 19:18:55 INFO Test Metrics:
Sun 18 Aug 2024 19:18:55 INFO 5: precision: 0.00245 | recall: 0.00721 | ndcg: 0.00547 | hit_rate: 0.01195 | map: 0.00397
Sun 18 Aug 2024 19:18:55 INFO 10: precision: 0.00193 | recall: 0.01133 | ndcg: 0.00701 | hit_rate: 0.01854 | map: 0.00454
Sun 18 Aug 2024 19:18:55 INFO 20: precision: 0.00154 | recall: 0.01838 | ndcg: 0.00903 | hit_rate: 0.02872 | map: 0.00507
Sun 18 Aug 2024 19:19:06 INFO Epoch 39, Loss: 7.38886
Sun 18 Aug 2024 19:19:08 INFO Validation Metrics:
Sun 18 Aug 2024 19:19:08 INFO 5: precision: 0.00164 | recall: 0.00800 | ndcg: 0.00536 | hit_rate: 0.00813 | map: 0.00448
Sun 18 Aug 2024 19:19:08 INFO 10: precision: 0.00133 | recall: 0.01300 | ndcg: 0.00698 | hit_rate: 0.01328 | map: 0.00514
Sun 18 Aug 2024 19:19:08 INFO 20: precision: 0.00108 | recall: 0.02117 | ndcg: 0.00904 | hit_rate: 0.02158 | map: 0.00569
Sun 18 Aug 2024 19:19:08 INFO Test Metrics:
Sun 18 Aug 2024 19:19:08 INFO 5: precision: 0.00283 | recall: 0.00839 | ndcg: 0.00639 | hit_rate: 0.01378 | map: 0.00467
Sun 18 Aug 2024 19:19:08 INFO 10: precision: 0.00225 | recall: 0.01373 | ndcg: 0.00831 | hit_rate: 0.02169 | map: 0.00538
Sun 18 Aug 2024 19:19:08 INFO 20: precision: 0.00167 | recall: 0.02024 | ndcg: 0.01018 | hit_rate: 0.03182 | map: 0.00585
Sun 18 Aug 2024 19:19:20 INFO Epoch 40, Loss: 7.13066
Sun 18 Aug 2024 19:19:23 INFO Validation Metrics:
Sun 18 Aug 2024 19:19:23 INFO 5: precision: 0.00198 | recall: 0.00967 | ndcg: 0.00627 | hit_rate: 0.00985 | map: 0.00513
Sun 18 Aug 2024 19:19:23 INFO 10: precision: 0.00165 | recall: 0.01613 | ndcg: 0.00836 | hit_rate: 0.01643 | map: 0.00598
Sun 18 Aug 2024 19:19:23 INFO 20: precision: 0.00134 | recall: 0.02615 | ndcg: 0.01089 | hit_rate: 0.02667 | map: 0.00667
Sun 18 Aug 2024 19:19:23 INFO Test Metrics:
Sun 18 Aug 2024 19:19:23 INFO 5: precision: 0.00365 | recall: 0.01116 | ndcg: 0.00833 | hit_rate: 0.01760 | map: 0.00613
Sun 18 Aug 2024 19:19:23 INFO 10: precision: 0.00283 | recall: 0.01742 | ndcg: 0.01061 | hit_rate: 0.02722 | map: 0.00698
Sun 18 Aug 2024 19:19:23 INFO 20: precision: 0.00211 | recall: 0.02622 | ndcg: 0.01310 | hit_rate: 0.04017 | map: 0.00761
Sun 18 Aug 2024 19:19:35 INFO Epoch 41, Loss: 6.91470
Sun 18 Aug 2024 19:19:38 INFO Validation Metrics:
Sun 18 Aug 2024 19:19:38 INFO 5: precision: 0.00142 | recall: 0.00706 | ndcg: 0.00451 | hit_rate: 0.00708 | map: 0.00368
Sun 18 Aug 2024 19:19:38 INFO 10: precision: 0.00125 | recall: 0.01224 | ndcg: 0.00619 | hit_rate: 0.01245 | map: 0.00436
Sun 18 Aug 2024 19:19:38 INFO 20: precision: 0.00101 | recall: 0.02001 | ndcg: 0.00815 | hit_rate: 0.02025 | map: 0.00490
Sun 18 Aug 2024 19:19:38 INFO Test Metrics:
Sun 18 Aug 2024 19:19:38 INFO 5: precision: 0.00229 | recall: 0.00689 | ndcg: 0.00510 | hit_rate: 0.01118 | map: 0.00367
Sun 18 Aug 2024 19:19:38 INFO 10: precision: 0.00200 | recall: 0.01214 | ndcg: 0.00702 | hit_rate: 0.01953 | map: 0.00437
Sun 18 Aug 2024 19:19:38 INFO 20: precision: 0.00166 | recall: 0.02066 | ndcg: 0.00943 | hit_rate: 0.03149 | map: 0.00500
Sun 18 Aug 2024 19:19:48 INFO Epoch 42, Loss: 6.86413
Sun 18 Aug 2024 19:19:50 INFO Validation Metrics:
Sun 18 Aug 2024 19:19:50 INFO 5: precision: 0.00159 | recall: 0.00771 | ndcg: 0.00519 | hit_rate: 0.00791 | map: 0.00433
Sun 18 Aug 2024 19:19:50 INFO 10: precision: 0.00132 | recall: 0.01290 | ndcg: 0.00686 | hit_rate: 0.01317 | map: 0.00501
Sun 18 Aug 2024 19:19:50 INFO 20: precision: 0.00108 | recall: 0.02103 | ndcg: 0.00891 | hit_rate: 0.02153 | map: 0.00556
Sun 18 Aug 2024 19:19:50 INFO Test Metrics:
Sun 18 Aug 2024 19:19:50 INFO 5: precision: 0.00291 | recall: 0.00886 | ndcg: 0.00666 | hit_rate: 0.01405 | map: 0.00492
Sun 18 Aug 2024 19:19:50 INFO 10: precision: 0.00224 | recall: 0.01362 | ndcg: 0.00841 | hit_rate: 0.02141 | map: 0.00559
Sun 18 Aug 2024 19:19:50 INFO 20: precision: 0.00170 | recall: 0.02051 | ndcg: 0.01038 | hit_rate: 0.03176 | map: 0.00608
Sun 18 Aug 2024 19:19:50 INFO Best Test Metrics:
Sun 18 Aug 2024 19:19:50 INFO 5: precision: 0.00352 | recall: 0.01098 | ndcg: 0.00816 | hit_rate: 0.01704 | map: 0.00601
Sun 18 Aug 2024 19:19:50 INFO 10: precision: 0.00267 | recall: 0.01650 | ndcg: 0.01019 | hit_rate: 0.02568 | map: 0.00677
Sun 18 Aug 2024 19:19:50 INFO 20: precision: 0.00211 | recall: 0.02625 | ndcg: 0.01295 | hit_rate: 0.04012 | map: 0.00746
Sun 18 Aug 2024 19:19:50 INFO Best performance: 0.02625
Sun 18 Aug 2024 19:19:50 INFO Best parameters: {'reg_weight': 0.001, 'learning_rate': 0.001}
Sun 18 Aug 2024 19:19:50 INFO Best metrics:
Sun 18 Aug 2024 19:19:50 INFO 5: precision: 0.00352 | recall: 0.01098 | ndcg: 0.00816 | hit_rate: 0.01704 | map: 0.00601
Sun 18 Aug 2024 19:19:50 INFO 10: precision: 0.00267 | recall: 0.01650 | ndcg: 0.01019 | hit_rate: 0.02568 | map: 0.00677
Sun 18 Aug 2024 19:19:50 INFO 20: precision: 0.00211 | recall: 0.02625 | ndcg: 0.01295 | hit_rate: 0.04012 | map: 0.00746
