Sat 26 Apr 2025 21:22:44 INFO ============Arguments==============
Sat 26 Apr 2025 21:22:44 INFO Model: MMGCN
Sat 26 Apr 2025 21:22:44 INFO data_path: beauty
Sat 26 Apr 2025 21:22:44 INFO learning_rate: 0.001
Sat 26 Apr 2025 21:22:44 INFO feature_embed: 64
Sat 26 Apr 2025 21:22:44 INFO batch_size: 1024
Sat 26 Apr 2025 21:22:44 INFO aggr_mode: add
Sat 26 Apr 2025 21:22:44 INFO reg_weight: 0.001
Sat 26 Apr 2025 21:22:44 INFO dim_E: 64
Sat 26 Apr 2025 21:22:44 INFO num_epoch: 1000
Sat 26 Apr 2025 21:22:44 INFO dropout: 0.2
Sat 26 Apr 2025 21:22:44 INFO n_layers: 2
Sat 26 Apr 2025 21:22:44 INFO corDecay: 0.001
Sat 26 Apr 2025 21:22:44 INFO n_factors: 4
Sat 26 Apr 2025 21:22:44 INFO n_iterations: 3
Sat 26 Apr 2025 21:22:44 INFO cl_weight: 2.0
Sat 26 Apr 2025 21:22:44 INFO mm_layers: 2
Sat 26 Apr 2025 21:22:44 INFO ii_topk: 10
Sat 26 Apr 2025 21:22:44 INFO uu_topk: 10
Sat 26 Apr 2025 21:22:44 INFO lambda_coeff: 0.9
Sat 26 Apr 2025 21:22:44 INFO ssl_temp: 0.9
Sat 26 Apr 2025 21:22:44 INFO ssl_alpha: 0.9
Sat 26 Apr 2025 21:22:44 INFO ae_weight: 0.1
Sat 26 Apr 2025 21:22:44 INFO threshold: 0.1
Sat 26 Apr 2025 21:22:44 INFO prompt_num: 0.1
Sat 26 Apr 2025 21:22:44 INFO neg_weight: 0.1
Sat 26 Apr 2025 21:22:44 INFO cen_reg: 0.005
Sat 26 Apr 2025 21:22:44 INFO n_intents: 128
Sat 26 Apr 2025 21:22:44 INFO G_rate: 0.0001
Sat 26 Apr 2025 21:22:44 INFO align_weight: 0.1
Sat 26 Apr 2025 21:22:44 INFO mask_weight_f: 1.5
Sat 26 Apr 2025 21:22:44 INFO mask_weight_g: 0.001
Sat 26 Apr 2025 21:22:44 INFO leaky: 0.5
Sat 26 Apr 2025 21:22:44 INFO keepRate: 1.0
Sat 26 Apr 2025 21:22:44 INFO mult: 0.1
Sat 26 Apr 2025 21:22:44 INFO grid_size: 1
Sat 26 Apr 2025 21:22:44 INFO node_dropout: 0.1
Sat 26 Apr 2025 21:22:44 INFO message_dropout: 0.1
Sat 26 Apr 2025 21:22:44 INFO n_mca: 2
Sat 26 Apr 2025 21:22:44 INFO gamma: 0.5
Sat 26 Apr 2025 21:22:44 INFO t: 1.8
Sat 26 Apr 2025 21:22:44 INFO e_loss: 0.1
Sat 26 Apr 2025 21:22:44 INFO ris_lambda: 0.5
Sat 26 Apr 2025 21:22:44 INFO rebuild_k: 1
Sat 26 Apr 2025 21:22:44 INFO pnn_layer: 1
Sat 26 Apr 2025 21:22:44 INFO b2: 1
Sat 26 Apr 2025 21:22:44 INFO ctra: 0.001
Sat 26 Apr 2025 21:22:44 INFO noise_alpha: 0.3
Sat 26 Apr 2025 21:22:44 INFO ssl_temp2: 0.2
Sat 26 Apr 2025 21:22:44 INFO K_s: 1
Sat 26 Apr 2025 21:22:44 INFO T_s: 1
Sat 26 Apr 2025 21:22:44 INFO K_b: 1
Sat 26 Apr 2025 21:22:44 INFO T_b: 1
Sat 26 Apr 2025 21:22:44 INFO idl_beta: 1
Sat 26 Apr 2025 21:22:44 INFO sampling_noise: False
Sat 26 Apr 2025 21:22:44 INFO sampling_steps: 0
Sat 26 Apr 2025 21:22:44 INFO steps: 100
Sat 26 Apr 2025 21:22:44 INFO noise_scale: 0.1
Sat 26 Apr 2025 21:22:44 INFO noise_min: 0.0001
Sat 26 Apr 2025 21:22:44 INFO noise_max: 0.02
Sat 26 Apr 2025 21:22:44 INFO dims: [1000]
Sat 26 Apr 2025 21:22:44 INFO h_layers: 2
Sat 26 Apr 2025 21:22:44 INFO num_hypernodes: 10
Sat 26 Apr 2025 21:22:44 INFO beta1: 0.5
Sat 26 Apr 2025 21:22:44 INFO beta2: 0.5
Sat 26 Apr 2025 21:22:44 INFO seed: 42
Sat 26 Apr 2025 21:22:44 INFO num_workers: 1
Sat 26 Apr 2025 21:22:44 INFO topk: [5, 10, 20]
Sat 26 Apr 2025 21:22:44 INFO local time£ºApr-26-2025-21-22-44
Sat 26 Apr 2025 21:22:45 INFO =========1/1: Parameters:{'reg_weight': 1e-05, 'learning_rate': 0.001}=========
Sat 26 Apr 2025 21:22:58 INFO Epoch 1, Loss: 87.95695
Sat 26 Apr 2025 21:22:58 INFO Validation Metrics:
Sat 26 Apr 2025 21:22:58 INFO 5: precision: 0.00261 | recall: 0.01254 | ndcg: 0.00795 | hit_rate: 0.01305 | map: 0.00636
Sat 26 Apr 2025 21:22:58 INFO 10: precision: 0.00225 | recall: 0.02128 | ndcg: 0.01078 | hit_rate: 0.02248 | map: 0.00748
Sat 26 Apr 2025 21:22:58 INFO 20: precision: 0.00192 | recall: 0.03536 | ndcg: 0.01438 | hit_rate: 0.03798 | map: 0.00844
Sat 26 Apr 2025 21:22:58 INFO Test Metrics:
Sat 26 Apr 2025 21:22:58 INFO 5: precision: 0.00399 | recall: 0.01212 | ndcg: 0.00872 | hit_rate: 0.01983 | map: 0.00617
Sat 26 Apr 2025 21:22:58 INFO 10: precision: 0.00348 | recall: 0.02024 | ndcg: 0.01176 | hit_rate: 0.03423 | map: 0.00724
Sat 26 Apr 2025 21:22:58 INFO 20: precision: 0.00298 | recall: 0.03424 | ndcg: 0.01585 | hit_rate: 0.05749 | map: 0.00824
Sat 26 Apr 2025 21:23:10 INFO Epoch 2, Loss: 63.18563
Sat 26 Apr 2025 21:23:11 INFO Validation Metrics:
Sat 26 Apr 2025 21:23:11 INFO 5: precision: 0.00245 | recall: 0.01130 | ndcg: 0.00739 | hit_rate: 0.01227 | map: 0.00596
Sat 26 Apr 2025 21:23:11 INFO 10: precision: 0.00200 | recall: 0.01861 | ndcg: 0.00973 | hit_rate: 0.01996 | map: 0.00690
Sat 26 Apr 2025 21:23:11 INFO 20: precision: 0.00171 | recall: 0.03073 | ndcg: 0.01286 | hit_rate: 0.03397 | map: 0.00771
Sat 26 Apr 2025 21:23:11 INFO Test Metrics:
Sat 26 Apr 2025 21:23:11 INFO 5: precision: 0.00355 | recall: 0.01036 | ndcg: 0.00768 | hit_rate: 0.01757 | map: 0.00552
Sat 26 Apr 2025 21:23:11 INFO 10: precision: 0.00305 | recall: 0.01672 | ndcg: 0.01013 | hit_rate: 0.02978 | map: 0.00637
Sat 26 Apr 2025 21:23:11 INFO 20: precision: 0.00277 | recall: 0.02989 | ndcg: 0.01404 | hit_rate: 0.05271 | map: 0.00731
Sat 26 Apr 2025 21:23:22 INFO Epoch 3, Loss: 58.34491
Sat 26 Apr 2025 21:23:23 INFO Validation Metrics:
Sat 26 Apr 2025 21:23:23 INFO 5: precision: 0.00189 | recall: 0.00861 | ndcg: 0.00530 | hit_rate: 0.00943 | map: 0.00408
Sat 26 Apr 2025 21:23:23 INFO 10: precision: 0.00171 | recall: 0.01517 | ndcg: 0.00745 | hit_rate: 0.01692 | map: 0.00493
Sat 26 Apr 2025 21:23:23 INFO 20: precision: 0.00153 | recall: 0.02680 | ndcg: 0.01047 | hit_rate: 0.03042 | map: 0.00573
Sat 26 Apr 2025 21:23:23 INFO Test Metrics:
Sat 26 Apr 2025 21:23:23 INFO 5: precision: 0.00304 | recall: 0.00811 | ndcg: 0.00569 | hit_rate: 0.01511 | map: 0.00374
Sat 26 Apr 2025 21:23:23 INFO 10: precision: 0.00287 | recall: 0.01466 | ndcg: 0.00826 | hit_rate: 0.02797 | map: 0.00465
Sat 26 Apr 2025 21:23:23 INFO 20: precision: 0.00257 | recall: 0.02646 | ndcg: 0.01178 | hit_rate: 0.04838 | map: 0.00549
Sat 26 Apr 2025 21:23:35 INFO Epoch 4, Loss: 55.92178
Sat 26 Apr 2025 21:23:35 INFO Validation Metrics:
Sat 26 Apr 2025 21:23:35 INFO 5: precision: 0.00220 | recall: 0.00926 | ndcg: 0.00605 | hit_rate: 0.01092 | map: 0.00473
Sat 26 Apr 2025 21:23:35 INFO 10: precision: 0.00194 | recall: 0.01637 | ndcg: 0.00840 | hit_rate: 0.01918 | map: 0.00567
Sat 26 Apr 2025 21:23:35 INFO 20: precision: 0.00167 | recall: 0.02794 | ndcg: 0.01144 | hit_rate: 0.03255 | map: 0.00648
Sat 26 Apr 2025 21:23:35 INFO Test Metrics:
Sat 26 Apr 2025 21:23:35 INFO 5: precision: 0.00344 | recall: 0.00835 | ndcg: 0.00624 | hit_rate: 0.01686 | map: 0.00405
Sat 26 Apr 2025 21:23:35 INFO 10: precision: 0.00320 | recall: 0.01578 | ndcg: 0.00909 | hit_rate: 0.03068 | map: 0.00508
Sat 26 Apr 2025 21:23:35 INFO 20: precision: 0.00278 | recall: 0.02787 | ndcg: 0.01275 | hit_rate: 0.05238 | map: 0.00595
Sat 26 Apr 2025 21:23:47 INFO Epoch 5, Loss: 51.94302
Sat 26 Apr 2025 21:23:48 INFO Validation Metrics:
Sat 26 Apr 2025 21:23:48 INFO 5: precision: 0.00243 | recall: 0.01001 | ndcg: 0.00655 | hit_rate: 0.01195 | map: 0.00510
Sat 26 Apr 2025 21:23:48 INFO 10: precision: 0.00213 | recall: 0.01740 | ndcg: 0.00901 | hit_rate: 0.02080 | map: 0.00609
Sat 26 Apr 2025 21:23:48 INFO 20: precision: 0.00182 | recall: 0.02937 | ndcg: 0.01216 | hit_rate: 0.03514 | map: 0.00691
Sat 26 Apr 2025 21:23:48 INFO Test Metrics:
Sat 26 Apr 2025 21:23:48 INFO 5: precision: 0.00379 | recall: 0.00939 | ndcg: 0.00674 | hit_rate: 0.01841 | map: 0.00434
Sat 26 Apr 2025 21:23:48 INFO 10: precision: 0.00355 | recall: 0.01723 | ndcg: 0.00977 | hit_rate: 0.03352 | map: 0.00543
Sat 26 Apr 2025 21:23:48 INFO 20: precision: 0.00309 | recall: 0.03038 | ndcg: 0.01373 | hit_rate: 0.05723 | map: 0.00636
Sat 26 Apr 2025 21:23:59 INFO Epoch 6, Loss: 44.74691
Sat 26 Apr 2025 21:24:00 INFO Validation Metrics:
Sat 26 Apr 2025 21:24:00 INFO 5: precision: 0.00278 | recall: 0.01094 | ndcg: 0.00700 | hit_rate: 0.01350 | map: 0.00526
Sat 26 Apr 2025 21:24:00 INFO 10: precision: 0.00257 | recall: 0.02009 | ndcg: 0.01006 | hit_rate: 0.02461 | map: 0.00649
Sat 26 Apr 2025 21:24:00 INFO 20: precision: 0.00208 | recall: 0.03244 | ndcg: 0.01334 | hit_rate: 0.03901 | map: 0.00738
Sat 26 Apr 2025 21:24:00 INFO Test Metrics:
Sat 26 Apr 2025 21:24:00 INFO 5: precision: 0.00443 | recall: 0.01066 | ndcg: 0.00796 | hit_rate: 0.02132 | map: 0.00519
Sat 26 Apr 2025 21:24:00 INFO 10: precision: 0.00422 | recall: 0.02005 | ndcg: 0.01156 | hit_rate: 0.03908 | map: 0.00650
Sat 26 Apr 2025 21:24:00 INFO 20: precision: 0.00340 | recall: 0.03243 | ndcg: 0.01535 | hit_rate: 0.06059 | map: 0.00743
