Wed 14 Aug 2024 22:43:20 INFO ============Arguments==============
Wed 14 Aug 2024 22:43:20 INFO Model: MMGCL
Wed 14 Aug 2024 22:43:20 INFO data_path: sports
Wed 14 Aug 2024 22:43:20 INFO learning_rate: 0.001
Wed 14 Aug 2024 22:43:20 INFO feature_embed: 64
Wed 14 Aug 2024 22:43:20 INFO batch_size: 1024
Wed 14 Aug 2024 22:43:20 INFO aggr_mode: add
Wed 14 Aug 2024 22:43:20 INFO reg_weight: 0.001
Wed 14 Aug 2024 22:43:20 INFO dim_E: 64
Wed 14 Aug 2024 22:43:20 INFO num_epoch: 1000
Wed 14 Aug 2024 22:43:20 INFO dropout: 0.2
Wed 14 Aug 2024 22:43:20 INFO n_layers: 2
Wed 14 Aug 2024 22:43:20 INFO corDecay: 0.001
Wed 14 Aug 2024 22:43:20 INFO n_factors: 4
Wed 14 Aug 2024 22:43:20 INFO n_iterations: 3
Wed 14 Aug 2024 22:43:20 INFO cl_weight: 2.0
Wed 14 Aug 2024 22:43:20 INFO mm_layers: 2
Wed 14 Aug 2024 22:43:20 INFO ii_topk: 10
Wed 14 Aug 2024 22:43:20 INFO uu_topk: 40
Wed 14 Aug 2024 22:43:20 INFO lambda_coeff: 0.9
Wed 14 Aug 2024 22:43:20 INFO ssl_temp: 0.9
Wed 14 Aug 2024 22:43:20 INFO ssl_alpha: 0.9
Wed 14 Aug 2024 22:43:20 INFO ae_weight: 0.1
Wed 14 Aug 2024 22:43:20 INFO threshold: 0.1
Wed 14 Aug 2024 22:43:20 INFO prompt_num: 0.1
Wed 14 Aug 2024 22:43:20 INFO neg_weight: 0.1
Wed 14 Aug 2024 22:43:20 INFO cen_reg: 0.005
Wed 14 Aug 2024 22:43:20 INFO n_intents: 128
Wed 14 Aug 2024 22:43:20 INFO G_rate: 0.0001
Wed 14 Aug 2024 22:43:20 INFO align_weight: 0.1
Wed 14 Aug 2024 22:43:20 INFO mask_weight_f: 1.5
Wed 14 Aug 2024 22:43:20 INFO mask_weight_g: 0.001
Wed 14 Aug 2024 22:43:20 INFO leaky: 0.5
Wed 14 Aug 2024 22:43:20 INFO keepRate: 1.0
Wed 14 Aug 2024 22:43:20 INFO mult: 0.1
Wed 14 Aug 2024 22:43:20 INFO grid_size: 1
Wed 14 Aug 2024 22:43:20 INFO node_dropout: 0.1
Wed 14 Aug 2024 22:43:20 INFO message_dropout: 0.1
Wed 14 Aug 2024 22:43:20 INFO n_mca: 2
Wed 14 Aug 2024 22:43:20 INFO seed: 42
Wed 14 Aug 2024 22:43:20 INFO num_workers: 1
Wed 14 Aug 2024 22:43:20 INFO topk: [5, 10, 20]
Wed 14 Aug 2024 22:43:20 INFO local time£ºAug-14-2024-22-43-20
Wed 14 Aug 2024 22:43:21 INFO =========1/1: Parameters:{'learning_rate': 0.001, 'ssl_alpha': 0.5, 'ssl_temp': 0.2, 'reg_weight': 0.001, 'n_layers': 6, 'dropout': 0.1}=========
Wed 14 Aug 2024 22:44:05 INFO Epoch 1, Loss: 986.75289
Wed 14 Aug 2024 22:44:06 INFO Validation Metrics:
Wed 14 Aug 2024 22:44:06 INFO 5: precision: 0.00579 | recall: 0.02726 | ndcg: 0.01819 | hit_rate: 0.02889 | map: 0.01493
Wed 14 Aug 2024 22:44:06 INFO 10: precision: 0.00464 | recall: 0.04384 | ndcg: 0.02356 | hit_rate: 0.04623 | map: 0.01710
Wed 14 Aug 2024 22:44:06 INFO 20: precision: 0.00365 | recall: 0.06889 | ndcg: 0.02995 | hit_rate: 0.07263 | map: 0.01883
Wed 14 Aug 2024 22:44:06 INFO Test Metrics:
Wed 14 Aug 2024 22:44:06 INFO 5: precision: 0.00927 | recall: 0.02752 | ndcg: 0.02031 | hit_rate: 0.04523 | map: 0.01458
Wed 14 Aug 2024 22:44:06 INFO 10: precision: 0.00752 | recall: 0.04345 | ndcg: 0.02634 | hit_rate: 0.07160 | map: 0.01682
Wed 14 Aug 2024 22:44:06 INFO 20: precision: 0.00583 | recall: 0.06699 | ndcg: 0.03324 | hit_rate: 0.10881 | map: 0.01855
Wed 14 Aug 2024 22:44:49 INFO Epoch 2, Loss: 859.27464
Wed 14 Aug 2024 22:44:51 INFO Validation Metrics:
Wed 14 Aug 2024 22:44:51 INFO 5: precision: 0.00706 | recall: 0.03317 | ndcg: 0.02202 | hit_rate: 0.03514 | map: 0.01802
Wed 14 Aug 2024 22:44:51 INFO 10: precision: 0.00543 | recall: 0.05115 | ndcg: 0.02781 | hit_rate: 0.05411 | map: 0.02034
Wed 14 Aug 2024 22:44:51 INFO 20: precision: 0.00412 | recall: 0.07752 | ndcg: 0.03452 | hit_rate: 0.08165 | map: 0.02215
Wed 14 Aug 2024 22:44:51 INFO Test Metrics:
Wed 14 Aug 2024 22:44:51 INFO 5: precision: 0.01053 | recall: 0.03094 | ndcg: 0.02346 | hit_rate: 0.05031 | map: 0.01723
Wed 14 Aug 2024 22:44:51 INFO 10: precision: 0.00830 | recall: 0.04875 | ndcg: 0.03004 | hit_rate: 0.07889 | map: 0.01967
Wed 14 Aug 2024 22:44:51 INFO 20: precision: 0.00639 | recall: 0.07376 | ndcg: 0.03739 | hit_rate: 0.11963 | map: 0.02147
Wed 14 Aug 2024 22:45:34 INFO Epoch 3, Loss: 820.13363
Wed 14 Aug 2024 22:45:35 INFO Validation Metrics:
Wed 14 Aug 2024 22:45:35 INFO 5: precision: 0.00667 | recall: 0.03127 | ndcg: 0.02115 | hit_rate: 0.03324 | map: 0.01748
Wed 14 Aug 2024 22:45:35 INFO 10: precision: 0.00523 | recall: 0.04923 | ndcg: 0.02696 | hit_rate: 0.05207 | map: 0.01984
Wed 14 Aug 2024 22:45:35 INFO 20: precision: 0.00405 | recall: 0.07621 | ndcg: 0.03384 | hit_rate: 0.08017 | map: 0.02170
Wed 14 Aug 2024 22:45:35 INFO Test Metrics:
Wed 14 Aug 2024 22:45:35 INFO 5: precision: 0.01048 | recall: 0.03057 | ndcg: 0.02305 | hit_rate: 0.04983 | map: 0.01689
Wed 14 Aug 2024 22:45:35 INFO 10: precision: 0.00813 | recall: 0.04728 | ndcg: 0.02926 | hit_rate: 0.07709 | map: 0.01917
Wed 14 Aug 2024 22:45:35 INFO 20: precision: 0.00622 | recall: 0.07162 | ndcg: 0.03641 | hit_rate: 0.11648 | map: 0.02094
Wed 14 Aug 2024 22:46:18 INFO Epoch 4, Loss: 797.87359
Wed 14 Aug 2024 22:46:20 INFO Validation Metrics:
Wed 14 Aug 2024 22:46:20 INFO 5: precision: 0.00697 | recall: 0.03267 | ndcg: 0.02173 | hit_rate: 0.03469 | map: 0.01778
Wed 14 Aug 2024 22:46:20 INFO 10: precision: 0.00534 | recall: 0.05044 | ndcg: 0.02745 | hit_rate: 0.05311 | map: 0.02010
Wed 14 Aug 2024 22:46:20 INFO 20: precision: 0.00415 | recall: 0.07816 | ndcg: 0.03452 | hit_rate: 0.08220 | map: 0.02201
Wed 14 Aug 2024 22:46:20 INFO Test Metrics:
Wed 14 Aug 2024 22:46:20 INFO 5: precision: 0.01065 | recall: 0.03109 | ndcg: 0.02358 | hit_rate: 0.05066 | map: 0.01732
Wed 14 Aug 2024 22:46:20 INFO 10: precision: 0.00815 | recall: 0.04751 | ndcg: 0.02965 | hit_rate: 0.07719 | map: 0.01955
Wed 14 Aug 2024 22:46:20 INFO 20: precision: 0.00634 | recall: 0.07294 | ndcg: 0.03713 | hit_rate: 0.11856 | map: 0.02140
Wed 14 Aug 2024 22:47:02 INFO Epoch 5, Loss: 778.39020
Wed 14 Aug 2024 22:47:04 INFO Validation Metrics:
Wed 14 Aug 2024 22:47:04 INFO 5: precision: 0.00744 | recall: 0.03493 | ndcg: 0.02295 | hit_rate: 0.03708 | map: 0.01866
Wed 14 Aug 2024 22:47:04 INFO 10: precision: 0.00566 | recall: 0.05341 | ndcg: 0.02893 | hit_rate: 0.05622 | map: 0.02110
Wed 14 Aug 2024 22:47:04 INFO 20: precision: 0.00432 | recall: 0.08142 | ndcg: 0.03607 | hit_rate: 0.08556 | map: 0.02302
Wed 14 Aug 2024 22:47:04 INFO Test Metrics:
Wed 14 Aug 2024 22:47:04 INFO 5: precision: 0.01115 | recall: 0.03262 | ndcg: 0.02492 | hit_rate: 0.05308 | map: 0.01838
Wed 14 Aug 2024 22:47:04 INFO 10: precision: 0.00853 | recall: 0.04955 | ndcg: 0.03124 | hit_rate: 0.08075 | map: 0.02072
Wed 14 Aug 2024 22:47:04 INFO 20: precision: 0.00661 | recall: 0.07629 | ndcg: 0.03906 | hit_rate: 0.12322 | map: 0.02267
Wed 14 Aug 2024 22:47:47 INFO Epoch 6, Loss: 755.89253
Wed 14 Aug 2024 22:47:48 INFO Validation Metrics:
Wed 14 Aug 2024 22:47:48 INFO 5: precision: 0.00768 | recall: 0.03620 | ndcg: 0.02407 | hit_rate: 0.03832 | map: 0.01971
Wed 14 Aug 2024 22:47:48 INFO 10: precision: 0.00593 | recall: 0.05600 | ndcg: 0.03051 | hit_rate: 0.05888 | map: 0.02235
Wed 14 Aug 2024 22:47:48 INFO 20: precision: 0.00449 | recall: 0.08474 | ndcg: 0.03784 | hit_rate: 0.08880 | map: 0.02434
Wed 14 Aug 2024 22:47:48 INFO Test Metrics:
Wed 14 Aug 2024 22:47:48 INFO 5: precision: 0.01171 | recall: 0.03439 | ndcg: 0.02626 | hit_rate: 0.05598 | map: 0.01936
Wed 14 Aug 2024 22:47:48 INFO 10: precision: 0.00890 | recall: 0.05163 | ndcg: 0.03272 | hit_rate: 0.08404 | map: 0.02178
Wed 14 Aug 2024 22:47:48 INFO 20: precision: 0.00692 | recall: 0.07992 | ndcg: 0.04100 | hit_rate: 0.12913 | map: 0.02384
Wed 14 Aug 2024 22:48:31 INFO Epoch 7, Loss: 731.19461
Wed 14 Aug 2024 22:48:32 INFO Validation Metrics:
Wed 14 Aug 2024 22:48:32 INFO 5: precision: 0.00800 | recall: 0.03778 | ndcg: 0.02490 | hit_rate: 0.03988 | map: 0.02031
Wed 14 Aug 2024 22:48:32 INFO 10: precision: 0.00617 | recall: 0.05838 | ndcg: 0.03160 | hit_rate: 0.06137 | map: 0.02305
Wed 14 Aug 2024 22:48:32 INFO 20: precision: 0.00463 | recall: 0.08737 | ndcg: 0.03899 | hit_rate: 0.09171 | map: 0.02505
Wed 14 Aug 2024 22:48:32 INFO Test Metrics:
Wed 14 Aug 2024 22:48:32 INFO 5: precision: 0.01216 | recall: 0.03585 | ndcg: 0.02718 | hit_rate: 0.05829 | map: 0.01994
Wed 14 Aug 2024 22:48:32 INFO 10: precision: 0.00917 | recall: 0.05312 | ndcg: 0.03366 | hit_rate: 0.08649 | map: 0.02237
Wed 14 Aug 2024 22:48:32 INFO 20: precision: 0.00711 | recall: 0.08201 | ndcg: 0.04210 | hit_rate: 0.13245 | map: 0.02446
Wed 14 Aug 2024 22:49:15 INFO Epoch 8, Loss: 710.78188
Wed 14 Aug 2024 22:49:17 INFO Validation Metrics:
Wed 14 Aug 2024 22:49:17 INFO 5: precision: 0.00822 | recall: 0.03879 | ndcg: 0.02570 | hit_rate: 0.04098 | map: 0.02104
Wed 14 Aug 2024 22:49:17 INFO 10: precision: 0.00634 | recall: 0.05999 | ndcg: 0.03257 | hit_rate: 0.06299 | map: 0.02383
Wed 14 Aug 2024 22:49:17 INFO 20: precision: 0.00471 | recall: 0.08890 | ndcg: 0.03994 | hit_rate: 0.09319 | map: 0.02582
Wed 14 Aug 2024 22:49:17 INFO Test Metrics:
Wed 14 Aug 2024 22:49:17 INFO 5: precision: 0.01246 | recall: 0.03665 | ndcg: 0.02782 | hit_rate: 0.05971 | map: 0.02042
Wed 14 Aug 2024 22:49:17 INFO 10: precision: 0.00940 | recall: 0.05458 | ndcg: 0.03453 | hit_rate: 0.08863 | map: 0.02294
Wed 14 Aug 2024 22:49:17 INFO 20: precision: 0.00727 | recall: 0.08403 | ndcg: 0.04311 | hit_rate: 0.13504 | map: 0.02508
Wed 14 Aug 2024 22:49:59 INFO Epoch 9, Loss: 696.83584
Wed 14 Aug 2024 22:50:01 INFO Validation Metrics:
Wed 14 Aug 2024 22:50:01 INFO 5: precision: 0.00837 | recall: 0.03956 | ndcg: 0.02606 | hit_rate: 0.04174 | map: 0.02125
Wed 14 Aug 2024 22:50:01 INFO 10: precision: 0.00636 | recall: 0.06020 | ndcg: 0.03276 | hit_rate: 0.06323 | map: 0.02399
Wed 14 Aug 2024 22:50:01 INFO 20: precision: 0.00481 | recall: 0.09077 | ndcg: 0.04056 | hit_rate: 0.09513 | map: 0.02610
Wed 14 Aug 2024 22:50:01 INFO Test Metrics:
Wed 14 Aug 2024 22:50:01 INFO 5: precision: 0.01258 | recall: 0.03695 | ndcg: 0.02818 | hit_rate: 0.06019 | map: 0.02076
Wed 14 Aug 2024 22:50:01 INFO 10: precision: 0.00946 | recall: 0.05499 | ndcg: 0.03492 | hit_rate: 0.08922 | map: 0.02329
Wed 14 Aug 2024 22:50:01 INFO 20: precision: 0.00732 | recall: 0.08444 | ndcg: 0.04356 | hit_rate: 0.13601 | map: 0.02546
Wed 14 Aug 2024 22:50:44 INFO Epoch 10, Loss: 688.13058
Wed 14 Aug 2024 22:50:45 INFO Validation Metrics:
Wed 14 Aug 2024 22:50:45 INFO 5: precision: 0.00840 | recall: 0.03974 | ndcg: 0.02625 | hit_rate: 0.04191 | map: 0.02145
Wed 14 Aug 2024 22:50:45 INFO 10: precision: 0.00645 | recall: 0.06114 | ndcg: 0.03317 | hit_rate: 0.06413 | map: 0.02426
Wed 14 Aug 2024 22:50:45 INFO 20: precision: 0.00479 | recall: 0.09040 | ndcg: 0.04065 | hit_rate: 0.09482 | map: 0.02629
Wed 14 Aug 2024 22:50:45 INFO Test Metrics:
Wed 14 Aug 2024 22:50:45 INFO 5: precision: 0.01268 | recall: 0.03704 | ndcg: 0.02811 | hit_rate: 0.06068 | map: 0.02061
Wed 14 Aug 2024 22:50:45 INFO 10: precision: 0.00954 | recall: 0.05556 | ndcg: 0.03499 | hit_rate: 0.09012 | map: 0.02320
Wed 14 Aug 2024 22:50:45 INFO 20: precision: 0.00738 | recall: 0.08540 | ndcg: 0.04371 | hit_rate: 0.13721 | map: 0.02538
Wed 14 Aug 2024 22:51:28 INFO Epoch 11, Loss: 682.11920
Wed 14 Aug 2024 22:51:30 INFO Validation Metrics:
Wed 14 Aug 2024 22:51:30 INFO 5: precision: 0.00834 | recall: 0.03940 | ndcg: 0.02619 | hit_rate: 0.04160 | map: 0.02147
Wed 14 Aug 2024 22:51:30 INFO 10: precision: 0.00649 | recall: 0.06165 | ndcg: 0.03341 | hit_rate: 0.06451 | map: 0.02443
Wed 14 Aug 2024 22:51:30 INFO 20: precision: 0.00478 | recall: 0.09024 | ndcg: 0.04073 | hit_rate: 0.09461 | map: 0.02641
Wed 14 Aug 2024 22:51:30 INFO Test Metrics:
Wed 14 Aug 2024 22:51:30 INFO 5: precision: 0.01280 | recall: 0.03738 | ndcg: 0.02826 | hit_rate: 0.06120 | map: 0.02064
Wed 14 Aug 2024 22:51:30 INFO 10: precision: 0.00966 | recall: 0.05637 | ndcg: 0.03530 | hit_rate: 0.09133 | map: 0.02328
Wed 14 Aug 2024 22:51:30 INFO 20: precision: 0.00741 | recall: 0.08579 | ndcg: 0.04389 | hit_rate: 0.13766 | map: 0.02544
Wed 14 Aug 2024 22:52:13 INFO Epoch 12, Loss: 677.88017
Wed 14 Aug 2024 22:52:14 INFO Validation Metrics:
Wed 14 Aug 2024 22:52:14 INFO 5: precision: 0.00847 | recall: 0.04012 | ndcg: 0.02664 | hit_rate: 0.04229 | map: 0.02185
Wed 14 Aug 2024 22:52:14 INFO 10: precision: 0.00654 | recall: 0.06210 | ndcg: 0.03372 | hit_rate: 0.06500 | map: 0.02471
Wed 14 Aug 2024 22:52:14 INFO 20: precision: 0.00480 | recall: 0.09078 | ndcg: 0.04104 | hit_rate: 0.09516 | map: 0.02668
Wed 14 Aug 2024 22:52:14 INFO Test Metrics:
Wed 14 Aug 2024 22:52:14 INFO 5: precision: 0.01275 | recall: 0.03712 | ndcg: 0.02832 | hit_rate: 0.06099 | map: 0.02077
Wed 14 Aug 2024 22:52:14 INFO 10: precision: 0.00966 | recall: 0.05637 | ndcg: 0.03546 | hit_rate: 0.09126 | map: 0.02347
Wed 14 Aug 2024 22:52:14 INFO 20: precision: 0.00743 | recall: 0.08618 | ndcg: 0.04416 | hit_rate: 0.13822 | map: 0.02565
Wed 14 Aug 2024 22:52:57 INFO Epoch 13, Loss: 674.55849
Wed 14 Aug 2024 22:52:59 INFO Validation Metrics:
Wed 14 Aug 2024 22:52:59 INFO 5: precision: 0.00839 | recall: 0.03970 | ndcg: 0.02639 | hit_rate: 0.04188 | map: 0.02165
Wed 14 Aug 2024 22:52:59 INFO 10: precision: 0.00654 | recall: 0.06202 | ndcg: 0.03363 | hit_rate: 0.06500 | map: 0.02460
Wed 14 Aug 2024 22:52:59 INFO 20: precision: 0.00483 | recall: 0.09138 | ndcg: 0.04112 | hit_rate: 0.09578 | map: 0.02662
Wed 14 Aug 2024 22:52:59 INFO Test Metrics:
Wed 14 Aug 2024 22:52:59 INFO 5: precision: 0.01274 | recall: 0.03711 | ndcg: 0.02814 | hit_rate: 0.06088 | map: 0.02055
Wed 14 Aug 2024 22:52:59 INFO 10: precision: 0.00971 | recall: 0.05670 | ndcg: 0.03540 | hit_rate: 0.09167 | map: 0.02329
Wed 14 Aug 2024 22:52:59 INFO 20: precision: 0.00738 | recall: 0.08580 | ndcg: 0.04390 | hit_rate: 0.13773 | map: 0.02542
Wed 14 Aug 2024 22:53:42 INFO Epoch 14, Loss: 672.17323
Wed 14 Aug 2024 22:53:43 INFO Validation Metrics:
Wed 14 Aug 2024 22:53:43 INFO 5: precision: 0.00832 | recall: 0.03936 | ndcg: 0.02614 | hit_rate: 0.04153 | map: 0.02143
Wed 14 Aug 2024 22:53:43 INFO 10: precision: 0.00654 | recall: 0.06195 | ndcg: 0.03348 | hit_rate: 0.06503 | map: 0.02443
Wed 14 Aug 2024 22:53:43 INFO 20: precision: 0.00479 | recall: 0.09063 | ndcg: 0.04080 | hit_rate: 0.09499 | map: 0.02641
Wed 14 Aug 2024 22:53:43 INFO Test Metrics:
Wed 14 Aug 2024 22:53:43 INFO 5: precision: 0.01288 | recall: 0.03770 | ndcg: 0.02848 | hit_rate: 0.06171 | map: 0.02077
Wed 14 Aug 2024 22:53:43 INFO 10: precision: 0.00983 | recall: 0.05714 | ndcg: 0.03568 | hit_rate: 0.09271 | map: 0.02345
Wed 14 Aug 2024 22:53:43 INFO 20: precision: 0.00739 | recall: 0.08576 | ndcg: 0.04401 | hit_rate: 0.13791 | map: 0.02553
Wed 14 Aug 2024 22:54:26 INFO Epoch 15, Loss: 669.89575
Wed 14 Aug 2024 22:54:27 INFO Validation Metrics:
Wed 14 Aug 2024 22:54:27 INFO 5: precision: 0.00831 | recall: 0.03922 | ndcg: 0.02609 | hit_rate: 0.04140 | map: 0.02141
Wed 14 Aug 2024 22:54:27 INFO 10: precision: 0.00648 | recall: 0.06128 | ndcg: 0.03328 | hit_rate: 0.06434 | map: 0.02435
Wed 14 Aug 2024 22:54:27 INFO 20: precision: 0.00479 | recall: 0.09048 | ndcg: 0.04072 | hit_rate: 0.09492 | map: 0.02637
Wed 14 Aug 2024 22:54:27 INFO Test Metrics:
Wed 14 Aug 2024 22:54:27 INFO 5: precision: 0.01267 | recall: 0.03685 | ndcg: 0.02812 | hit_rate: 0.06068 | map: 0.02061
Wed 14 Aug 2024 22:54:27 INFO 10: precision: 0.00985 | recall: 0.05737 | ndcg: 0.03571 | hit_rate: 0.09305 | map: 0.02345
Wed 14 Aug 2024 22:54:27 INFO 20: precision: 0.00736 | recall: 0.08532 | ndcg: 0.04385 | hit_rate: 0.13732 | map: 0.02548
Wed 14 Aug 2024 22:55:10 INFO Epoch 16, Loss: 668.21614
Wed 14 Aug 2024 22:55:12 INFO Validation Metrics:
Wed 14 Aug 2024 22:55:12 INFO 5: precision: 0.00843 | recall: 0.03986 | ndcg: 0.02631 | hit_rate: 0.04198 | map: 0.02151
Wed 14 Aug 2024 22:55:12 INFO 10: precision: 0.00652 | recall: 0.06178 | ndcg: 0.03341 | hit_rate: 0.06482 | map: 0.02439
Wed 14 Aug 2024 22:55:12 INFO 20: precision: 0.00477 | recall: 0.09004 | ndcg: 0.04061 | hit_rate: 0.09444 | map: 0.02633
Wed 14 Aug 2024 22:55:12 INFO Test Metrics:
Wed 14 Aug 2024 22:55:12 INFO 5: precision: 0.01267 | recall: 0.03697 | ndcg: 0.02823 | hit_rate: 0.06071 | map: 0.02071
Wed 14 Aug 2024 22:55:12 INFO 10: precision: 0.00982 | recall: 0.05727 | ndcg: 0.03573 | hit_rate: 0.09285 | map: 0.02351
Wed 14 Aug 2024 22:55:12 INFO 20: precision: 0.00737 | recall: 0.08548 | ndcg: 0.04397 | hit_rate: 0.13753 | map: 0.02558
Wed 14 Aug 2024 22:55:55 INFO Epoch 17, Loss: 666.86552
Wed 14 Aug 2024 22:55:56 INFO Validation Metrics:
Wed 14 Aug 2024 22:55:56 INFO 5: precision: 0.00851 | recall: 0.04025 | ndcg: 0.02636 | hit_rate: 0.04240 | map: 0.02145
Wed 14 Aug 2024 22:55:56 INFO 10: precision: 0.00652 | recall: 0.06164 | ndcg: 0.03332 | hit_rate: 0.06479 | map: 0.02429
Wed 14 Aug 2024 22:55:56 INFO 20: precision: 0.00477 | recall: 0.09020 | ndcg: 0.04059 | hit_rate: 0.09464 | map: 0.02625
Wed 14 Aug 2024 22:55:56 INFO Test Metrics:
Wed 14 Aug 2024 22:55:56 INFO 5: precision: 0.01252 | recall: 0.03656 | ndcg: 0.02803 | hit_rate: 0.05978 | map: 0.02062
Wed 14 Aug 2024 22:55:56 INFO 10: precision: 0.00981 | recall: 0.05704 | ndcg: 0.03565 | hit_rate: 0.09271 | map: 0.02346
Wed 14 Aug 2024 22:55:56 INFO 20: precision: 0.00736 | recall: 0.08537 | ndcg: 0.04390 | hit_rate: 0.13746 | map: 0.02553
Wed 14 Aug 2024 22:56:39 INFO Epoch 18, Loss: 665.42170
Wed 14 Aug 2024 22:56:41 INFO Validation Metrics:
Wed 14 Aug 2024 22:56:41 INFO 5: precision: 0.00835 | recall: 0.03963 | ndcg: 0.02611 | hit_rate: 0.04160 | map: 0.02133
Wed 14 Aug 2024 22:56:41 INFO 10: precision: 0.00645 | recall: 0.06102 | ndcg: 0.03309 | hit_rate: 0.06406 | map: 0.02418
Wed 14 Aug 2024 22:56:41 INFO 20: precision: 0.00474 | recall: 0.08974 | ndcg: 0.04042 | hit_rate: 0.09399 | map: 0.02617
Wed 14 Aug 2024 22:56:41 INFO Test Metrics:
Wed 14 Aug 2024 22:56:41 INFO 5: precision: 0.01248 | recall: 0.03647 | ndcg: 0.02796 | hit_rate: 0.05978 | map: 0.02060
Wed 14 Aug 2024 22:56:41 INFO 10: precision: 0.00965 | recall: 0.05601 | ndcg: 0.03525 | hit_rate: 0.09112 | map: 0.02333
Wed 14 Aug 2024 22:56:41 INFO 20: precision: 0.00734 | recall: 0.08521 | ndcg: 0.04374 | hit_rate: 0.13704 | map: 0.02546
Wed 14 Aug 2024 22:57:23 INFO Epoch 19, Loss: 664.32235
Wed 14 Aug 2024 22:57:25 INFO Validation Metrics:
Wed 14 Aug 2024 22:57:25 INFO 5: precision: 0.00837 | recall: 0.03964 | ndcg: 0.02625 | hit_rate: 0.04171 | map: 0.02150
Wed 14 Aug 2024 22:57:25 INFO 10: precision: 0.00646 | recall: 0.06114 | ndcg: 0.03326 | hit_rate: 0.06406 | map: 0.02437
Wed 14 Aug 2024 22:57:25 INFO 20: precision: 0.00476 | recall: 0.08980 | ndcg: 0.04056 | hit_rate: 0.09419 | map: 0.02633
Wed 14 Aug 2024 22:57:25 INFO Test Metrics:
Wed 14 Aug 2024 22:57:25 INFO 5: precision: 0.01262 | recall: 0.03701 | ndcg: 0.02817 | hit_rate: 0.06047 | map: 0.02067
Wed 14 Aug 2024 22:57:25 INFO 10: precision: 0.00970 | recall: 0.05629 | ndcg: 0.03538 | hit_rate: 0.09164 | map: 0.02337
Wed 14 Aug 2024 22:57:25 INFO 20: precision: 0.00729 | recall: 0.08448 | ndcg: 0.04360 | hit_rate: 0.13604 | map: 0.02542
Wed 14 Aug 2024 22:58:08 INFO Epoch 20, Loss: 663.22719
Wed 14 Aug 2024 22:58:09 INFO Validation Metrics:
Wed 14 Aug 2024 22:58:09 INFO 5: precision: 0.00835 | recall: 0.03954 | ndcg: 0.02613 | hit_rate: 0.04164 | map: 0.02137
Wed 14 Aug 2024 22:58:09 INFO 10: precision: 0.00646 | recall: 0.06124 | ndcg: 0.03319 | hit_rate: 0.06420 | map: 0.02425
Wed 14 Aug 2024 22:58:09 INFO 20: precision: 0.00470 | recall: 0.08882 | ndcg: 0.04022 | hit_rate: 0.09309 | map: 0.02616
Wed 14 Aug 2024 22:58:09 INFO Test Metrics:
Wed 14 Aug 2024 22:58:09 INFO 5: precision: 0.01265 | recall: 0.03705 | ndcg: 0.02807 | hit_rate: 0.06057 | map: 0.02055
Wed 14 Aug 2024 22:58:09 INFO 10: precision: 0.00972 | recall: 0.05655 | ndcg: 0.03534 | hit_rate: 0.09181 | map: 0.02328
Wed 14 Aug 2024 22:58:09 INFO 20: precision: 0.00728 | recall: 0.08440 | ndcg: 0.04344 | hit_rate: 0.13594 | map: 0.02530
Wed 14 Aug 2024 22:58:52 INFO Epoch 21, Loss: 662.44643
Wed 14 Aug 2024 22:58:54 INFO Validation Metrics:
Wed 14 Aug 2024 22:58:54 INFO 5: precision: 0.00829 | recall: 0.03920 | ndcg: 0.02614 | hit_rate: 0.04126 | map: 0.02149
Wed 14 Aug 2024 22:58:54 INFO 10: precision: 0.00651 | recall: 0.06159 | ndcg: 0.03343 | hit_rate: 0.06465 | map: 0.02447
Wed 14 Aug 2024 22:58:54 INFO 20: precision: 0.00474 | recall: 0.08944 | ndcg: 0.04051 | hit_rate: 0.09368 | map: 0.02638
Wed 14 Aug 2024 22:58:54 INFO Test Metrics:
Wed 14 Aug 2024 22:58:54 INFO 5: precision: 0.01272 | recall: 0.03736 | ndcg: 0.02828 | hit_rate: 0.06082 | map: 0.02072
Wed 14 Aug 2024 22:58:54 INFO 10: precision: 0.00975 | recall: 0.05681 | ndcg: 0.03549 | hit_rate: 0.09209 | map: 0.02340
Wed 14 Aug 2024 22:58:54 INFO 20: precision: 0.00725 | recall: 0.08404 | ndcg: 0.04344 | hit_rate: 0.13538 | map: 0.02538
Wed 14 Aug 2024 22:59:37 INFO Epoch 22, Loss: 661.58593
Wed 14 Aug 2024 22:59:38 INFO Validation Metrics:
Wed 14 Aug 2024 22:59:38 INFO 5: precision: 0.00833 | recall: 0.03940 | ndcg: 0.02619 | hit_rate: 0.04150 | map: 0.02149
Wed 14 Aug 2024 22:59:38 INFO 10: precision: 0.00649 | recall: 0.06145 | ndcg: 0.03336 | hit_rate: 0.06451 | map: 0.02442
Wed 14 Aug 2024 22:59:38 INFO 20: precision: 0.00469 | recall: 0.08866 | ndcg: 0.04031 | hit_rate: 0.09292 | map: 0.02631
Wed 14 Aug 2024 22:59:38 INFO Test Metrics:
Wed 14 Aug 2024 22:59:38 INFO 5: precision: 0.01268 | recall: 0.03727 | ndcg: 0.02824 | hit_rate: 0.06078 | map: 0.02071
Wed 14 Aug 2024 22:59:38 INFO 10: precision: 0.00972 | recall: 0.05646 | ndcg: 0.03540 | hit_rate: 0.09174 | map: 0.02339
Wed 14 Aug 2024 22:59:38 INFO 20: precision: 0.00725 | recall: 0.08398 | ndcg: 0.04341 | hit_rate: 0.13518 | map: 0.02538
Wed 14 Aug 2024 23:00:21 INFO Epoch 23, Loss: 660.67434
Wed 14 Aug 2024 23:00:22 INFO Validation Metrics:
Wed 14 Aug 2024 23:00:22 INFO 5: precision: 0.00830 | recall: 0.03925 | ndcg: 0.02621 | hit_rate: 0.04136 | map: 0.02156
Wed 14 Aug 2024 23:00:22 INFO 10: precision: 0.00654 | recall: 0.06192 | ndcg: 0.03356 | hit_rate: 0.06493 | map: 0.02456
Wed 14 Aug 2024 23:00:22 INFO 20: precision: 0.00473 | recall: 0.08932 | ndcg: 0.04057 | hit_rate: 0.09354 | map: 0.02647
Wed 14 Aug 2024 23:00:22 INFO Test Metrics:
Wed 14 Aug 2024 23:00:22 INFO 5: precision: 0.01267 | recall: 0.03740 | ndcg: 0.02828 | hit_rate: 0.06078 | map: 0.02073
Wed 14 Aug 2024 23:00:22 INFO 10: precision: 0.00974 | recall: 0.05653 | ndcg: 0.03545 | hit_rate: 0.09181 | map: 0.02341
Wed 14 Aug 2024 23:00:22 INFO 20: precision: 0.00726 | recall: 0.08417 | ndcg: 0.04350 | hit_rate: 0.13538 | map: 0.02542
Wed 14 Aug 2024 23:01:05 INFO Epoch 24, Loss: 659.78039
Wed 14 Aug 2024 23:01:07 INFO Validation Metrics:
Wed 14 Aug 2024 23:01:07 INFO 5: precision: 0.00838 | recall: 0.03980 | ndcg: 0.02641 | hit_rate: 0.04181 | map: 0.02166
Wed 14 Aug 2024 23:01:07 INFO 10: precision: 0.00651 | recall: 0.06155 | ndcg: 0.03347 | hit_rate: 0.06469 | map: 0.02452
Wed 14 Aug 2024 23:01:07 INFO 20: precision: 0.00473 | recall: 0.08950 | ndcg: 0.04059 | hit_rate: 0.09361 | map: 0.02645
Wed 14 Aug 2024 23:01:07 INFO Test Metrics:
Wed 14 Aug 2024 23:01:07 INFO 5: precision: 0.01258 | recall: 0.03695 | ndcg: 0.02807 | hit_rate: 0.06033 | map: 0.02060
Wed 14 Aug 2024 23:01:07 INFO 10: precision: 0.00973 | recall: 0.05654 | ndcg: 0.03539 | hit_rate: 0.09181 | map: 0.02335
Wed 14 Aug 2024 23:01:07 INFO 20: precision: 0.00727 | recall: 0.08427 | ndcg: 0.04348 | hit_rate: 0.13525 | map: 0.02538
Wed 14 Aug 2024 23:01:50 INFO Epoch 25, Loss: 659.28931
Wed 14 Aug 2024 23:01:51 INFO Validation Metrics:
Wed 14 Aug 2024 23:01:51 INFO 5: precision: 0.00849 | recall: 0.04021 | ndcg: 0.02651 | hit_rate: 0.04229 | map: 0.02166
Wed 14 Aug 2024 23:01:51 INFO 10: precision: 0.00648 | recall: 0.06136 | ndcg: 0.03334 | hit_rate: 0.06437 | map: 0.02442
Wed 14 Aug 2024 23:01:51 INFO 20: precision: 0.00474 | recall: 0.08959 | ndcg: 0.04055 | hit_rate: 0.09378 | map: 0.02638
Wed 14 Aug 2024 23:01:51 INFO Test Metrics:
Wed 14 Aug 2024 23:01:51 INFO 5: precision: 0.01256 | recall: 0.03709 | ndcg: 0.02828 | hit_rate: 0.06037 | map: 0.02082
Wed 14 Aug 2024 23:01:51 INFO 10: precision: 0.00976 | recall: 0.05668 | ndcg: 0.03563 | hit_rate: 0.09229 | map: 0.02357
Wed 14 Aug 2024 23:01:51 INFO 20: precision: 0.00729 | recall: 0.08430 | ndcg: 0.04371 | hit_rate: 0.13597 | map: 0.02560
Wed 14 Aug 2024 23:02:34 INFO Epoch 26, Loss: 658.70856
Wed 14 Aug 2024 23:02:36 INFO Validation Metrics:
Wed 14 Aug 2024 23:02:36 INFO 5: precision: 0.00831 | recall: 0.03944 | ndcg: 0.02624 | hit_rate: 0.04143 | map: 0.02157
Wed 14 Aug 2024 23:02:36 INFO 10: precision: 0.00643 | recall: 0.06079 | ndcg: 0.03317 | hit_rate: 0.06379 | map: 0.02438
Wed 14 Aug 2024 23:02:36 INFO 20: precision: 0.00474 | recall: 0.08955 | ndcg: 0.04052 | hit_rate: 0.09375 | map: 0.02638
Wed 14 Aug 2024 23:02:36 INFO Test Metrics:
Wed 14 Aug 2024 23:02:36 INFO 5: precision: 0.01252 | recall: 0.03689 | ndcg: 0.02817 | hit_rate: 0.06002 | map: 0.02077
Wed 14 Aug 2024 23:02:36 INFO 10: precision: 0.00966 | recall: 0.05621 | ndcg: 0.03544 | hit_rate: 0.09136 | map: 0.02350
Wed 14 Aug 2024 23:02:36 INFO 20: precision: 0.00722 | recall: 0.08371 | ndcg: 0.04346 | hit_rate: 0.13466 | map: 0.02552
Wed 14 Aug 2024 23:03:18 INFO Epoch 27, Loss: 658.01862
Wed 14 Aug 2024 23:03:20 INFO Validation Metrics:
Wed 14 Aug 2024 23:03:20 INFO 5: precision: 0.00833 | recall: 0.03943 | ndcg: 0.02635 | hit_rate: 0.04150 | map: 0.02170
Wed 14 Aug 2024 23:03:20 INFO 10: precision: 0.00640 | recall: 0.06054 | ndcg: 0.03320 | hit_rate: 0.06361 | map: 0.02448
Wed 14 Aug 2024 23:03:20 INFO 20: precision: 0.00469 | recall: 0.08864 | ndcg: 0.04038 | hit_rate: 0.09288 | map: 0.02644
Wed 14 Aug 2024 23:03:20 INFO Test Metrics:
Wed 14 Aug 2024 23:03:20 INFO 5: precision: 0.01256 | recall: 0.03703 | ndcg: 0.02824 | hit_rate: 0.06037 | map: 0.02080
Wed 14 Aug 2024 23:03:20 INFO 10: precision: 0.00970 | recall: 0.05647 | ndcg: 0.03553 | hit_rate: 0.09178 | map: 0.02354
Wed 14 Aug 2024 23:03:20 INFO 20: precision: 0.00721 | recall: 0.08360 | ndcg: 0.04345 | hit_rate: 0.13449 | map: 0.02553
Wed 14 Aug 2024 23:04:03 INFO Epoch 28, Loss: 657.66735
Wed 14 Aug 2024 23:04:04 INFO Validation Metrics:
Wed 14 Aug 2024 23:04:04 INFO 5: precision: 0.00833 | recall: 0.03947 | ndcg: 0.02641 | hit_rate: 0.04150 | map: 0.02178
Wed 14 Aug 2024 23:04:04 INFO 10: precision: 0.00641 | recall: 0.06071 | ndcg: 0.03329 | hit_rate: 0.06372 | map: 0.02457
Wed 14 Aug 2024 23:04:04 INFO 20: precision: 0.00467 | recall: 0.08836 | ndcg: 0.04036 | hit_rate: 0.09254 | map: 0.02649
Wed 14 Aug 2024 23:04:04 INFO Test Metrics:
Wed 14 Aug 2024 23:04:04 INFO 5: precision: 0.01266 | recall: 0.03740 | ndcg: 0.02835 | hit_rate: 0.06092 | map: 0.02081
Wed 14 Aug 2024 23:04:04 INFO 10: precision: 0.00968 | recall: 0.05646 | ndcg: 0.03551 | hit_rate: 0.09167 | map: 0.02350
Wed 14 Aug 2024 23:04:04 INFO 20: precision: 0.00722 | recall: 0.08393 | ndcg: 0.04352 | hit_rate: 0.13469 | map: 0.02553
Wed 14 Aug 2024 23:04:47 INFO Epoch 29, Loss: 657.21628
Wed 14 Aug 2024 23:04:49 INFO Validation Metrics:
Wed 14 Aug 2024 23:04:49 INFO 5: precision: 0.00822 | recall: 0.03891 | ndcg: 0.02619 | hit_rate: 0.04098 | map: 0.02164
Wed 14 Aug 2024 23:04:49 INFO 10: precision: 0.00637 | recall: 0.06020 | ndcg: 0.03311 | hit_rate: 0.06330 | map: 0.02445
Wed 14 Aug 2024 23:04:49 INFO 20: precision: 0.00468 | recall: 0.08842 | ndcg: 0.04033 | hit_rate: 0.09257 | map: 0.02643
Wed 14 Aug 2024 23:04:49 INFO Test Metrics:
Wed 14 Aug 2024 23:04:49 INFO 5: precision: 0.01263 | recall: 0.03737 | ndcg: 0.02842 | hit_rate: 0.06068 | map: 0.02095
Wed 14 Aug 2024 23:04:49 INFO 10: precision: 0.00986 | recall: 0.05747 | ndcg: 0.03592 | hit_rate: 0.09340 | map: 0.02373
Wed 14 Aug 2024 23:04:49 INFO 20: precision: 0.00721 | recall: 0.08347 | ndcg: 0.04351 | hit_rate: 0.13421 | map: 0.02563
Wed 14 Aug 2024 23:05:32 INFO Epoch 30, Loss: 656.95870
Wed 14 Aug 2024 23:05:33 INFO Validation Metrics:
Wed 14 Aug 2024 23:05:33 INFO 5: precision: 0.00824 | recall: 0.03901 | ndcg: 0.02608 | hit_rate: 0.04112 | map: 0.02148
Wed 14 Aug 2024 23:05:33 INFO 10: precision: 0.00639 | recall: 0.06033 | ndcg: 0.03301 | hit_rate: 0.06337 | map: 0.02430
Wed 14 Aug 2024 23:05:33 INFO 20: precision: 0.00467 | recall: 0.08841 | ndcg: 0.04018 | hit_rate: 0.09254 | map: 0.02625
Wed 14 Aug 2024 23:05:33 INFO Test Metrics:
Wed 14 Aug 2024 23:05:33 INFO 5: precision: 0.01252 | recall: 0.03715 | ndcg: 0.02827 | hit_rate: 0.06023 | map: 0.02083
Wed 14 Aug 2024 23:05:33 INFO 10: precision: 0.00966 | recall: 0.05642 | ndcg: 0.03550 | hit_rate: 0.09143 | map: 0.02354
Wed 14 Aug 2024 23:05:33 INFO 20: precision: 0.00719 | recall: 0.08355 | ndcg: 0.04342 | hit_rate: 0.13404 | map: 0.02553
Wed 14 Aug 2024 23:06:16 INFO Epoch 31, Loss: 656.43650
Wed 14 Aug 2024 23:06:18 INFO Validation Metrics:
Wed 14 Aug 2024 23:06:18 INFO 5: precision: 0.00821 | recall: 0.03874 | ndcg: 0.02608 | hit_rate: 0.04091 | map: 0.02154
Wed 14 Aug 2024 23:06:18 INFO 10: precision: 0.00636 | recall: 0.06013 | ndcg: 0.03301 | hit_rate: 0.06320 | map: 0.02436
Wed 14 Aug 2024 23:06:18 INFO 20: precision: 0.00468 | recall: 0.08858 | ndcg: 0.04026 | hit_rate: 0.09267 | map: 0.02633
Wed 14 Aug 2024 23:06:18 INFO Test Metrics:
Wed 14 Aug 2024 23:06:18 INFO 5: precision: 0.01250 | recall: 0.03691 | ndcg: 0.02815 | hit_rate: 0.06002 | map: 0.02076
Wed 14 Aug 2024 23:06:18 INFO 10: precision: 0.00965 | recall: 0.05635 | ndcg: 0.03542 | hit_rate: 0.09147 | map: 0.02347
Wed 14 Aug 2024 23:06:18 INFO 20: precision: 0.00716 | recall: 0.08335 | ndcg: 0.04329 | hit_rate: 0.13348 | map: 0.02546
Wed 14 Aug 2024 23:07:00 INFO Epoch 32, Loss: 656.05468
Wed 14 Aug 2024 23:07:02 INFO Validation Metrics:
Wed 14 Aug 2024 23:07:02 INFO 5: precision: 0.00832 | recall: 0.03938 | ndcg: 0.02629 | hit_rate: 0.04147 | map: 0.02163
Wed 14 Aug 2024 23:07:02 INFO 10: precision: 0.00633 | recall: 0.05995 | ndcg: 0.03295 | hit_rate: 0.06296 | map: 0.02433
Wed 14 Aug 2024 23:07:02 INFO 20: precision: 0.00471 | recall: 0.08904 | ndcg: 0.04038 | hit_rate: 0.09323 | map: 0.02635
Wed 14 Aug 2024 23:07:02 INFO Test Metrics:
Wed 14 Aug 2024 23:07:02 INFO 5: precision: 0.01248 | recall: 0.03680 | ndcg: 0.02811 | hit_rate: 0.05999 | map: 0.02072
Wed 14 Aug 2024 23:07:02 INFO 10: precision: 0.00970 | recall: 0.05650 | ndcg: 0.03548 | hit_rate: 0.09195 | map: 0.02347
Wed 14 Aug 2024 23:07:02 INFO 20: precision: 0.00723 | recall: 0.08413 | ndcg: 0.04352 | hit_rate: 0.13507 | map: 0.02549
Wed 14 Aug 2024 23:07:02 INFO Best Test Metrics:
Wed 14 Aug 2024 23:07:02 INFO 5: precision: 0.01275 | recall: 0.03712 | ndcg: 0.02832 | hit_rate: 0.06099 | map: 0.02077
Wed 14 Aug 2024 23:07:02 INFO 10: precision: 0.00966 | recall: 0.05637 | ndcg: 0.03546 | hit_rate: 0.09126 | map: 0.02347
Wed 14 Aug 2024 23:07:02 INFO 20: precision: 0.00743 | recall: 0.08618 | ndcg: 0.04416 | hit_rate: 0.13822 | map: 0.02565
Wed 14 Aug 2024 23:07:02 INFO Best performance: 0.08618
Wed 14 Aug 2024 23:07:02 INFO Best parameters: {'learning_rate': 0.001, 'ssl_alpha': 0.5, 'ssl_temp': 0.2, 'reg_weight': 0.001, 'n_layers': 6, 'dropout': 0.1}
Wed 14 Aug 2024 23:07:02 INFO Best metrics:
Wed 14 Aug 2024 23:07:02 INFO 5: precision: 0.01275 | recall: 0.03712 | ndcg: 0.02832 | hit_rate: 0.06099 | map: 0.02077
Wed 14 Aug 2024 23:07:02 INFO 10: precision: 0.00966 | recall: 0.05637 | ndcg: 0.03546 | hit_rate: 0.09126 | map: 0.02347
Wed 14 Aug 2024 23:07:02 INFO 20: precision: 0.00743 | recall: 0.08618 | ndcg: 0.04416 | hit_rate: 0.13822 | map: 0.02565
