Sun 26 Jan 2025 22:09:26 INFO ============Arguments==============
Sun 26 Jan 2025 22:09:26 INFO Model: MMGCN
Sun 26 Jan 2025 22:09:26 INFO data_path: microlens
Sun 26 Jan 2025 22:09:26 INFO learning_rate: 0.001
Sun 26 Jan 2025 22:09:26 INFO feature_embed: 64
Sun 26 Jan 2025 22:09:26 INFO batch_size: 1024
Sun 26 Jan 2025 22:09:26 INFO aggr_mode: add
Sun 26 Jan 2025 22:09:26 INFO reg_weight: 0.001
Sun 26 Jan 2025 22:09:26 INFO dim_E: 64
Sun 26 Jan 2025 22:09:26 INFO num_epoch: 1000
Sun 26 Jan 2025 22:09:26 INFO dropout: 0.2
Sun 26 Jan 2025 22:09:26 INFO n_layers: 2
Sun 26 Jan 2025 22:09:26 INFO corDecay: 0.001
Sun 26 Jan 2025 22:09:26 INFO n_factors: 4
Sun 26 Jan 2025 22:09:26 INFO n_iterations: 3
Sun 26 Jan 2025 22:09:26 INFO cl_weight: 2.0
Sun 26 Jan 2025 22:09:26 INFO mm_layers: 2
Sun 26 Jan 2025 22:09:26 INFO ii_topk: 10
Sun 26 Jan 2025 22:09:26 INFO uu_topk: 10
Sun 26 Jan 2025 22:09:26 INFO lambda_coeff: 0.9
Sun 26 Jan 2025 22:09:26 INFO ssl_temp: 0.9
Sun 26 Jan 2025 22:09:26 INFO ssl_alpha: 0.9
Sun 26 Jan 2025 22:09:26 INFO ae_weight: 0.1
Sun 26 Jan 2025 22:09:26 INFO threshold: 0.1
Sun 26 Jan 2025 22:09:26 INFO prompt_num: 0.1
Sun 26 Jan 2025 22:09:26 INFO neg_weight: 0.1
Sun 26 Jan 2025 22:09:26 INFO cen_reg: 0.005
Sun 26 Jan 2025 22:09:26 INFO n_intents: 128
Sun 26 Jan 2025 22:09:26 INFO G_rate: 0.0001
Sun 26 Jan 2025 22:09:26 INFO align_weight: 0.1
Sun 26 Jan 2025 22:09:26 INFO mask_weight_f: 1.5
Sun 26 Jan 2025 22:09:26 INFO mask_weight_g: 0.001
Sun 26 Jan 2025 22:09:26 INFO leaky: 0.5
Sun 26 Jan 2025 22:09:26 INFO keepRate: 1.0
Sun 26 Jan 2025 22:09:26 INFO mult: 0.1
Sun 26 Jan 2025 22:09:26 INFO grid_size: 1
Sun 26 Jan 2025 22:09:26 INFO node_dropout: 0.1
Sun 26 Jan 2025 22:09:26 INFO message_dropout: 0.1
Sun 26 Jan 2025 22:09:26 INFO n_mca: 2
Sun 26 Jan 2025 22:09:26 INFO gamma: 0.5
Sun 26 Jan 2025 22:09:26 INFO t: 1.8
Sun 26 Jan 2025 22:09:26 INFO e_loss: 0.1
Sun 26 Jan 2025 22:09:26 INFO ris_lambda: 0.5
Sun 26 Jan 2025 22:09:26 INFO rebuild_k: 1
Sun 26 Jan 2025 22:09:26 INFO pnn_layer: 1
Sun 26 Jan 2025 22:09:26 INFO b2: 1
Sun 26 Jan 2025 22:09:26 INFO ctra: 0.001
Sun 26 Jan 2025 22:09:26 INFO noise_alpha: 0.3
Sun 26 Jan 2025 22:09:26 INFO ssl_temp2: 0.2
Sun 26 Jan 2025 22:09:26 INFO K_s: 1
Sun 26 Jan 2025 22:09:26 INFO T_s: 1
Sun 26 Jan 2025 22:09:26 INFO K_b: 1
Sun 26 Jan 2025 22:09:26 INFO T_b: 1
Sun 26 Jan 2025 22:09:26 INFO idl_beta: 1
Sun 26 Jan 2025 22:09:26 INFO sampling_noise: False
Sun 26 Jan 2025 22:09:26 INFO sampling_steps: 0
Sun 26 Jan 2025 22:09:26 INFO steps: 100
Sun 26 Jan 2025 22:09:26 INFO noise_scale: 0.1
Sun 26 Jan 2025 22:09:26 INFO noise_min: 0.0001
Sun 26 Jan 2025 22:09:26 INFO noise_max: 0.02
Sun 26 Jan 2025 22:09:26 INFO dims: [1000]
Sun 26 Jan 2025 22:09:26 INFO h_layers: 2
Sun 26 Jan 2025 22:09:26 INFO num_hypernodes: 10
Sun 26 Jan 2025 22:09:26 INFO beta1: 0.5
Sun 26 Jan 2025 22:09:26 INFO beta2: 0.5
Sun 26 Jan 2025 22:09:26 INFO seed: 42
Sun 26 Jan 2025 22:09:26 INFO num_workers: 1
Sun 26 Jan 2025 22:09:26 INFO topk: [5, 10, 20]
Sun 26 Jan 2025 22:09:26 INFO local time£ºJan-26-2025-22-09-26
Sun 26 Jan 2025 22:09:26 INFO =========1/1: Parameters:{'reg_weight': 0.0001, 'learning_rate': 0.001}=========
Sun 26 Jan 2025 22:09:30 INFO Epoch 1, Loss: 8.92723
Sun 26 Jan 2025 22:09:32 INFO Validation Metrics:
Sun 26 Jan 2025 22:09:32 INFO 5: precision: 0.00035 | recall: 0.00166 | ndcg: 0.00084 | hit_rate: 0.00177 | map: 0.00056
Sun 26 Jan 2025 22:09:32 INFO 10: precision: 0.00037 | recall: 0.00346 | ndcg: 0.00140 | hit_rate: 0.00371 | map: 0.00078
Sun 26 Jan 2025 22:09:32 INFO 20: precision: 0.00034 | recall: 0.00633 | ndcg: 0.00215 | hit_rate: 0.00679 | map: 0.00098
Sun 26 Jan 2025 22:09:32 INFO Test Metrics:
Sun 26 Jan 2025 22:09:32 INFO 5: precision: 0.00045 | recall: 0.00136 | ndcg: 0.00080 | hit_rate: 0.00224 | map: 0.00049
Sun 26 Jan 2025 22:09:32 INFO 10: precision: 0.00055 | recall: 0.00320 | ndcg: 0.00146 | hit_rate: 0.00536 | map: 0.00072
Sun 26 Jan 2025 22:09:32 INFO 20: precision: 0.00053 | recall: 0.00602 | ndcg: 0.00230 | hit_rate: 0.00987 | map: 0.00093
Sun 26 Jan 2025 22:09:35 INFO Epoch 2, Loss: 5.51404
Sun 26 Jan 2025 22:09:37 INFO Validation Metrics:
Sun 26 Jan 2025 22:09:37 INFO 5: precision: 0.00065 | recall: 0.00298 | ndcg: 0.00191 | hit_rate: 0.00327 | map: 0.00150
Sun 26 Jan 2025 22:09:37 INFO 10: precision: 0.00054 | recall: 0.00498 | ndcg: 0.00256 | hit_rate: 0.00534 | map: 0.00177
Sun 26 Jan 2025 22:09:37 INFO 20: precision: 0.00044 | recall: 0.00801 | ndcg: 0.00333 | hit_rate: 0.00864 | map: 0.00197
Sun 26 Jan 2025 22:09:37 INFO Test Metrics:
Sun 26 Jan 2025 22:09:37 INFO 5: precision: 0.00092 | recall: 0.00248 | ndcg: 0.00185 | hit_rate: 0.00448 | map: 0.00127
Sun 26 Jan 2025 22:09:37 INFO 10: precision: 0.00079 | recall: 0.00418 | ndcg: 0.00252 | hit_rate: 0.00715 | map: 0.00154
Sun 26 Jan 2025 22:09:37 INFO 20: precision: 0.00069 | recall: 0.00754 | ndcg: 0.00349 | hit_rate: 0.01234 | map: 0.00179
Sun 26 Jan 2025 22:09:39 INFO Epoch 3, Loss: 3.21089
Sun 26 Jan 2025 22:09:42 INFO Validation Metrics:
Sun 26 Jan 2025 22:09:42 INFO 5: precision: 0.00078 | recall: 0.00353 | ndcg: 0.00214 | hit_rate: 0.00386 | map: 0.00164
Sun 26 Jan 2025 22:09:42 INFO 10: precision: 0.00060 | recall: 0.00541 | ndcg: 0.00276 | hit_rate: 0.00590 | map: 0.00189
Sun 26 Jan 2025 22:09:42 INFO 20: precision: 0.00052 | recall: 0.00944 | ndcg: 0.00380 | hit_rate: 0.01015 | map: 0.00217
Sun 26 Jan 2025 22:09:42 INFO Test Metrics:
Sun 26 Jan 2025 22:09:42 INFO 5: precision: 0.00113 | recall: 0.00299 | ndcg: 0.00213 | hit_rate: 0.00526 | map: 0.00143
Sun 26 Jan 2025 22:09:42 INFO 10: precision: 0.00092 | recall: 0.00482 | ndcg: 0.00282 | hit_rate: 0.00812 | map: 0.00170
Sun 26 Jan 2025 22:09:42 INFO 20: precision: 0.00086 | recall: 0.00901 | ndcg: 0.00408 | hit_rate: 0.01405 | map: 0.00205
Sun 26 Jan 2025 22:09:44 INFO Epoch 4, Loss: 3.07800
Sun 26 Jan 2025 22:09:46 INFO Validation Metrics:
Sun 26 Jan 2025 22:09:46 INFO 5: precision: 0.00078 | recall: 0.00354 | ndcg: 0.00215 | hit_rate: 0.00390 | map: 0.00164
Sun 26 Jan 2025 22:09:46 INFO 10: precision: 0.00060 | recall: 0.00541 | ndcg: 0.00276 | hit_rate: 0.00590 | map: 0.00189
Sun 26 Jan 2025 22:09:46 INFO 20: precision: 0.00052 | recall: 0.00943 | ndcg: 0.00379 | hit_rate: 0.01015 | map: 0.00217
Sun 26 Jan 2025 22:09:46 INFO Test Metrics:
Sun 26 Jan 2025 22:09:46 INFO 5: precision: 0.00113 | recall: 0.00299 | ndcg: 0.00213 | hit_rate: 0.00526 | map: 0.00143
Sun 26 Jan 2025 22:09:46 INFO 10: precision: 0.00091 | recall: 0.00482 | ndcg: 0.00282 | hit_rate: 0.00810 | map: 0.00170
Sun 26 Jan 2025 22:09:46 INFO 20: precision: 0.00086 | recall: 0.00902 | ndcg: 0.00408 | hit_rate: 0.01405 | map: 0.00204
Sun 26 Jan 2025 22:09:49 INFO Epoch 5, Loss: 2.92499
Sun 26 Jan 2025 22:09:51 INFO Validation Metrics:
Sun 26 Jan 2025 22:09:51 INFO 5: precision: 0.00078 | recall: 0.00353 | ndcg: 0.00215 | hit_rate: 0.00388 | map: 0.00164
Sun 26 Jan 2025 22:09:51 INFO 10: precision: 0.00060 | recall: 0.00541 | ndcg: 0.00276 | hit_rate: 0.00590 | map: 0.00189
Sun 26 Jan 2025 22:09:51 INFO 20: precision: 0.00052 | recall: 0.00943 | ndcg: 0.00379 | hit_rate: 0.01015 | map: 0.00217
Sun 26 Jan 2025 22:09:51 INFO Test Metrics:
Sun 26 Jan 2025 22:09:51 INFO 5: precision: 0.00113 | recall: 0.00299 | ndcg: 0.00213 | hit_rate: 0.00526 | map: 0.00143
Sun 26 Jan 2025 22:09:51 INFO 10: precision: 0.00091 | recall: 0.00481 | ndcg: 0.00282 | hit_rate: 0.00808 | map: 0.00170
Sun 26 Jan 2025 22:09:51 INFO 20: precision: 0.00086 | recall: 0.00902 | ndcg: 0.00408 | hit_rate: 0.01402 | map: 0.00204
Sun 26 Jan 2025 22:09:53 INFO Epoch 6, Loss: 2.63595
Sun 26 Jan 2025 22:09:55 INFO Validation Metrics:
Sun 26 Jan 2025 22:09:55 INFO 5: precision: 0.00078 | recall: 0.00353 | ndcg: 0.00214 | hit_rate: 0.00390 | map: 0.00164
Sun 26 Jan 2025 22:09:55 INFO 10: precision: 0.00059 | recall: 0.00537 | ndcg: 0.00274 | hit_rate: 0.00584 | map: 0.00188
Sun 26 Jan 2025 22:09:55 INFO 20: precision: 0.00050 | recall: 0.00919 | ndcg: 0.00372 | hit_rate: 0.00989 | map: 0.00214
Sun 26 Jan 2025 22:09:55 INFO Test Metrics:
Sun 26 Jan 2025 22:09:55 INFO 5: precision: 0.00111 | recall: 0.00294 | ndcg: 0.00209 | hit_rate: 0.00519 | map: 0.00140
Sun 26 Jan 2025 22:09:55 INFO 10: precision: 0.00088 | recall: 0.00464 | ndcg: 0.00274 | hit_rate: 0.00784 | map: 0.00166
Sun 26 Jan 2025 22:09:55 INFO 20: precision: 0.00084 | recall: 0.00889 | ndcg: 0.00400 | hit_rate: 0.01394 | map: 0.00200
Sun 26 Jan 2025 22:09:58 INFO Epoch 7, Loss: 1.92322
Sun 26 Jan 2025 22:10:00 INFO Validation Metrics:
Sun 26 Jan 2025 22:10:00 INFO 5: precision: 0.00072 | recall: 0.00326 | ndcg: 0.00190 | hit_rate: 0.00358 | map: 0.00140
Sun 26 Jan 2025 22:10:00 INFO 10: precision: 0.00053 | recall: 0.00485 | ndcg: 0.00242 | hit_rate: 0.00528 | map: 0.00161
Sun 26 Jan 2025 22:10:00 INFO 20: precision: 0.00047 | recall: 0.00857 | ndcg: 0.00337 | hit_rate: 0.00922 | map: 0.00186
Sun 26 Jan 2025 22:10:00 INFO Test Metrics:
Sun 26 Jan 2025 22:10:00 INFO 5: precision: 0.00099 | recall: 0.00264 | ndcg: 0.00186 | hit_rate: 0.00467 | map: 0.00124
Sun 26 Jan 2025 22:10:00 INFO 10: precision: 0.00080 | recall: 0.00425 | ndcg: 0.00248 | hit_rate: 0.00728 | map: 0.00148
Sun 26 Jan 2025 22:10:00 INFO 20: precision: 0.00078 | recall: 0.00833 | ndcg: 0.00367 | hit_rate: 0.01314 | map: 0.00180
Sun 26 Jan 2025 22:10:03 INFO Epoch 8, Loss: 1.62773
Sun 26 Jan 2025 22:10:05 INFO Validation Metrics:
Sun 26 Jan 2025 22:10:05 INFO 5: precision: 0.00076 | recall: 0.00345 | ndcg: 0.00216 | hit_rate: 0.00379 | map: 0.00168
Sun 26 Jan 2025 22:10:05 INFO 10: precision: 0.00058 | recall: 0.00522 | ndcg: 0.00273 | hit_rate: 0.00571 | map: 0.00191
Sun 26 Jan 2025 22:10:05 INFO 20: precision: 0.00049 | recall: 0.00903 | ndcg: 0.00370 | hit_rate: 0.00974 | map: 0.00217
Sun 26 Jan 2025 22:10:05 INFO Test Metrics:
Sun 26 Jan 2025 22:10:05 INFO 5: precision: 0.00108 | recall: 0.00286 | ndcg: 0.00208 | hit_rate: 0.00506 | map: 0.00141
Sun 26 Jan 2025 22:10:05 INFO 10: precision: 0.00088 | recall: 0.00468 | ndcg: 0.00276 | hit_rate: 0.00786 | map: 0.00168
Sun 26 Jan 2025 22:10:05 INFO 20: precision: 0.00081 | recall: 0.00863 | ndcg: 0.00394 | hit_rate: 0.01351 | map: 0.00200
Sun 26 Jan 2025 22:10:07 INFO Epoch 9, Loss: 1.61012
Sun 26 Jan 2025 22:10:09 INFO Validation Metrics:
Sun 26 Jan 2025 22:10:09 INFO 5: precision: 0.00071 | recall: 0.00322 | ndcg: 0.00189 | hit_rate: 0.00353 | map: 0.00141
Sun 26 Jan 2025 22:10:09 INFO 10: precision: 0.00054 | recall: 0.00483 | ndcg: 0.00242 | hit_rate: 0.00530 | map: 0.00162
Sun 26 Jan 2025 22:10:09 INFO 20: precision: 0.00045 | recall: 0.00825 | ndcg: 0.00330 | hit_rate: 0.00894 | map: 0.00186
Sun 26 Jan 2025 22:10:09 INFO Test Metrics:
Sun 26 Jan 2025 22:10:09 INFO 5: precision: 0.00096 | recall: 0.00258 | ndcg: 0.00187 | hit_rate: 0.00452 | map: 0.00127
Sun 26 Jan 2025 22:10:09 INFO 10: precision: 0.00077 | recall: 0.00410 | ndcg: 0.00245 | hit_rate: 0.00704 | map: 0.00149
Sun 26 Jan 2025 22:10:09 INFO 20: precision: 0.00074 | recall: 0.00803 | ndcg: 0.00360 | hit_rate: 0.01258 | map: 0.00180
Sun 26 Jan 2025 22:10:12 INFO Epoch 10, Loss: 1.43678
Sun 26 Jan 2025 22:10:14 INFO Validation Metrics:
Sun 26 Jan 2025 22:10:14 INFO 5: precision: 0.00063 | recall: 0.00286 | ndcg: 0.00175 | hit_rate: 0.00315 | map: 0.00134
Sun 26 Jan 2025 22:10:14 INFO 10: precision: 0.00051 | recall: 0.00453 | ndcg: 0.00230 | hit_rate: 0.00500 | map: 0.00157
Sun 26 Jan 2025 22:10:14 INFO 20: precision: 0.00046 | recall: 0.00828 | ndcg: 0.00326 | hit_rate: 0.00898 | map: 0.00182
Sun 26 Jan 2025 22:10:14 INFO Test Metrics:
Sun 26 Jan 2025 22:10:14 INFO 5: precision: 0.00094 | recall: 0.00251 | ndcg: 0.00178 | hit_rate: 0.00444 | map: 0.00119
Sun 26 Jan 2025 22:10:14 INFO 10: precision: 0.00076 | recall: 0.00404 | ndcg: 0.00236 | hit_rate: 0.00696 | map: 0.00141
Sun 26 Jan 2025 22:10:14 INFO 20: precision: 0.00073 | recall: 0.00795 | ndcg: 0.00351 | hit_rate: 0.01245 | map: 0.00172
Sun 26 Jan 2025 22:10:17 INFO Epoch 11, Loss: 1.40025
Sun 26 Jan 2025 22:10:19 INFO Validation Metrics:
Sun 26 Jan 2025 22:10:19 INFO 5: precision: 0.00060 | recall: 0.00269 | ndcg: 0.00163 | hit_rate: 0.00297 | map: 0.00124
Sun 26 Jan 2025 22:10:19 INFO 10: precision: 0.00048 | recall: 0.00422 | ndcg: 0.00214 | hit_rate: 0.00470 | map: 0.00144
Sun 26 Jan 2025 22:10:19 INFO 20: precision: 0.00043 | recall: 0.00778 | ndcg: 0.00304 | hit_rate: 0.00842 | map: 0.00168
Sun 26 Jan 2025 22:10:19 INFO Test Metrics:
Sun 26 Jan 2025 22:10:19 INFO 5: precision: 0.00093 | recall: 0.00250 | ndcg: 0.00178 | hit_rate: 0.00442 | map: 0.00119
Sun 26 Jan 2025 22:10:19 INFO 10: precision: 0.00076 | recall: 0.00410 | ndcg: 0.00238 | hit_rate: 0.00700 | map: 0.00142
Sun 26 Jan 2025 22:10:19 INFO 20: precision: 0.00072 | recall: 0.00797 | ndcg: 0.00351 | hit_rate: 0.01243 | map: 0.00172
Sun 26 Jan 2025 22:10:21 INFO Epoch 12, Loss: 1.41616
Sun 26 Jan 2025 22:10:23 INFO Validation Metrics:
Sun 26 Jan 2025 22:10:23 INFO 5: precision: 0.00059 | recall: 0.00265 | ndcg: 0.00160 | hit_rate: 0.00291 | map: 0.00122
Sun 26 Jan 2025 22:10:23 INFO 10: precision: 0.00045 | recall: 0.00395 | ndcg: 0.00204 | hit_rate: 0.00439 | map: 0.00139
Sun 26 Jan 2025 22:10:23 INFO 20: precision: 0.00042 | recall: 0.00764 | ndcg: 0.00297 | hit_rate: 0.00829 | map: 0.00164
Sun 26 Jan 2025 22:10:23 INFO Test Metrics:
Sun 26 Jan 2025 22:10:23 INFO 5: precision: 0.00093 | recall: 0.00250 | ndcg: 0.00170 | hit_rate: 0.00442 | map: 0.00111
Sun 26 Jan 2025 22:10:23 INFO 10: precision: 0.00074 | recall: 0.00403 | ndcg: 0.00227 | hit_rate: 0.00683 | map: 0.00132
Sun 26 Jan 2025 22:10:23 INFO 20: precision: 0.00073 | recall: 0.00795 | ndcg: 0.00342 | hit_rate: 0.01269 | map: 0.00162
Sun 26 Jan 2025 22:10:26 INFO Epoch 13, Loss: 1.35790
Sun 26 Jan 2025 22:10:28 INFO Validation Metrics:
Sun 26 Jan 2025 22:10:28 INFO 5: precision: 0.00054 | recall: 0.00244 | ndcg: 0.00153 | hit_rate: 0.00269 | map: 0.00120
Sun 26 Jan 2025 22:10:28 INFO 10: precision: 0.00044 | recall: 0.00390 | ndcg: 0.00201 | hit_rate: 0.00433 | map: 0.00138
Sun 26 Jan 2025 22:10:28 INFO 20: precision: 0.00039 | recall: 0.00701 | ndcg: 0.00281 | hit_rate: 0.00760 | map: 0.00160
Sun 26 Jan 2025 22:10:28 INFO Test Metrics:
Sun 26 Jan 2025 22:10:28 INFO 5: precision: 0.00087 | recall: 0.00235 | ndcg: 0.00160 | hit_rate: 0.00420 | map: 0.00104
Sun 26 Jan 2025 22:10:28 INFO 10: precision: 0.00070 | recall: 0.00376 | ndcg: 0.00214 | hit_rate: 0.00642 | map: 0.00125
Sun 26 Jan 2025 22:10:28 INFO 20: precision: 0.00067 | recall: 0.00732 | ndcg: 0.00319 | hit_rate: 0.01191 | map: 0.00151
Sun 26 Jan 2025 22:10:31 INFO Epoch 14, Loss: 1.31487
Sun 26 Jan 2025 22:10:33 INFO Validation Metrics:
Sun 26 Jan 2025 22:10:33 INFO 5: precision: 0.00051 | recall: 0.00227 | ndcg: 0.00138 | hit_rate: 0.00254 | map: 0.00105
Sun 26 Jan 2025 22:10:33 INFO 10: precision: 0.00042 | recall: 0.00379 | ndcg: 0.00187 | hit_rate: 0.00420 | map: 0.00124
Sun 26 Jan 2025 22:10:33 INFO 20: precision: 0.00037 | recall: 0.00670 | ndcg: 0.00261 | hit_rate: 0.00730 | map: 0.00144
Sun 26 Jan 2025 22:10:33 INFO Test Metrics:
Sun 26 Jan 2025 22:10:33 INFO 5: precision: 0.00078 | recall: 0.00207 | ndcg: 0.00145 | hit_rate: 0.00377 | map: 0.00095
Sun 26 Jan 2025 22:10:33 INFO 10: precision: 0.00068 | recall: 0.00371 | ndcg: 0.00206 | hit_rate: 0.00633 | map: 0.00118
Sun 26 Jan 2025 22:10:33 INFO 20: precision: 0.00067 | recall: 0.00741 | ndcg: 0.00315 | hit_rate: 0.01206 | map: 0.00146
Sun 26 Jan 2025 22:10:35 INFO Epoch 15, Loss: 1.35392
Sun 26 Jan 2025 22:10:38 INFO Validation Metrics:
Sun 26 Jan 2025 22:10:38 INFO 5: precision: 0.00051 | recall: 0.00226 | ndcg: 0.00136 | hit_rate: 0.00254 | map: 0.00102
Sun 26 Jan 2025 22:10:38 INFO 10: precision: 0.00044 | recall: 0.00388 | ndcg: 0.00188 | hit_rate: 0.00429 | map: 0.00123
Sun 26 Jan 2025 22:10:38 INFO 20: precision: 0.00039 | recall: 0.00696 | ndcg: 0.00266 | hit_rate: 0.00754 | map: 0.00143
Sun 26 Jan 2025 22:10:38 INFO Test Metrics:
Sun 26 Jan 2025 22:10:38 INFO 5: precision: 0.00081 | recall: 0.00220 | ndcg: 0.00152 | hit_rate: 0.00394 | map: 0.00099
Sun 26 Jan 2025 22:10:38 INFO 10: precision: 0.00071 | recall: 0.00380 | ndcg: 0.00214 | hit_rate: 0.00657 | map: 0.00123
Sun 26 Jan 2025 22:10:38 INFO 20: precision: 0.00065 | recall: 0.00704 | ndcg: 0.00309 | hit_rate: 0.01161 | map: 0.00147
Sun 26 Jan 2025 22:10:40 INFO Epoch 16, Loss: 1.35266
Sun 26 Jan 2025 22:10:42 INFO Validation Metrics:
Sun 26 Jan 2025 22:10:42 INFO 5: precision: 0.00049 | recall: 0.00215 | ndcg: 0.00125 | hit_rate: 0.00243 | map: 0.00091
Sun 26 Jan 2025 22:10:42 INFO 10: precision: 0.00042 | recall: 0.00376 | ndcg: 0.00177 | hit_rate: 0.00418 | map: 0.00112
Sun 26 Jan 2025 22:10:42 INFO 20: precision: 0.00037 | recall: 0.00655 | ndcg: 0.00248 | hit_rate: 0.00717 | map: 0.00131
Sun 26 Jan 2025 22:10:42 INFO Test Metrics:
Sun 26 Jan 2025 22:10:42 INFO 5: precision: 0.00074 | recall: 0.00200 | ndcg: 0.00138 | hit_rate: 0.00358 | map: 0.00090
Sun 26 Jan 2025 22:10:42 INFO 10: precision: 0.00065 | recall: 0.00345 | ndcg: 0.00194 | hit_rate: 0.00603 | map: 0.00111
Sun 26 Jan 2025 22:10:42 INFO 20: precision: 0.00060 | recall: 0.00649 | ndcg: 0.00283 | hit_rate: 0.01064 | map: 0.00134
Sun 26 Jan 2025 22:10:45 INFO Epoch 17, Loss: 1.24415
Sun 26 Jan 2025 22:10:47 INFO Validation Metrics:
Sun 26 Jan 2025 22:10:47 INFO 5: precision: 0.00051 | recall: 0.00224 | ndcg: 0.00136 | hit_rate: 0.00252 | map: 0.00103
Sun 26 Jan 2025 22:10:47 INFO 10: precision: 0.00042 | recall: 0.00372 | ndcg: 0.00186 | hit_rate: 0.00414 | map: 0.00123
Sun 26 Jan 2025 22:10:47 INFO 20: precision: 0.00038 | recall: 0.00688 | ndcg: 0.00265 | hit_rate: 0.00750 | map: 0.00144
Sun 26 Jan 2025 22:10:47 INFO Test Metrics:
Sun 26 Jan 2025 22:10:47 INFO 5: precision: 0.00084 | recall: 0.00225 | ndcg: 0.00159 | hit_rate: 0.00394 | map: 0.00106
Sun 26 Jan 2025 22:10:47 INFO 10: precision: 0.00068 | recall: 0.00360 | ndcg: 0.00210 | hit_rate: 0.00625 | map: 0.00126
Sun 26 Jan 2025 22:10:47 INFO 20: precision: 0.00063 | recall: 0.00672 | ndcg: 0.00301 | hit_rate: 0.01094 | map: 0.00149
Sun 26 Jan 2025 22:10:49 INFO Epoch 18, Loss: 1.21473
Sun 26 Jan 2025 22:10:51 INFO Validation Metrics:
Sun 26 Jan 2025 22:10:51 INFO 5: precision: 0.00054 | recall: 0.00244 | ndcg: 0.00144 | hit_rate: 0.00271 | map: 0.00107
Sun 26 Jan 2025 22:10:51 INFO 10: precision: 0.00045 | recall: 0.00404 | ndcg: 0.00196 | hit_rate: 0.00446 | map: 0.00128
Sun 26 Jan 2025 22:10:51 INFO 20: precision: 0.00037 | recall: 0.00670 | ndcg: 0.00263 | hit_rate: 0.00726 | map: 0.00145
Sun 26 Jan 2025 22:10:51 INFO Test Metrics:
Sun 26 Jan 2025 22:10:51 INFO 5: precision: 0.00084 | recall: 0.00227 | ndcg: 0.00159 | hit_rate: 0.00396 | map: 0.00106
Sun 26 Jan 2025 22:10:51 INFO 10: precision: 0.00069 | recall: 0.00369 | ndcg: 0.00213 | hit_rate: 0.00636 | map: 0.00126
Sun 26 Jan 2025 22:10:51 INFO 20: precision: 0.00063 | recall: 0.00682 | ndcg: 0.00305 | hit_rate: 0.01127 | map: 0.00149
Sun 26 Jan 2025 22:10:54 INFO Epoch 19, Loss: 1.18216
Sun 26 Jan 2025 22:10:56 INFO Validation Metrics:
Sun 26 Jan 2025 22:10:56 INFO 5: precision: 0.00059 | recall: 0.00263 | ndcg: 0.00160 | hit_rate: 0.00291 | map: 0.00122
Sun 26 Jan 2025 22:10:56 INFO 10: precision: 0.00045 | recall: 0.00399 | ndcg: 0.00205 | hit_rate: 0.00442 | map: 0.00140
Sun 26 Jan 2025 22:10:56 INFO 20: precision: 0.00039 | recall: 0.00701 | ndcg: 0.00281 | hit_rate: 0.00756 | map: 0.00160
Sun 26 Jan 2025 22:10:56 INFO Test Metrics:
Sun 26 Jan 2025 22:10:56 INFO 5: precision: 0.00090 | recall: 0.00243 | ndcg: 0.00175 | hit_rate: 0.00427 | map: 0.00118
Sun 26 Jan 2025 22:10:56 INFO 10: precision: 0.00074 | recall: 0.00396 | ndcg: 0.00233 | hit_rate: 0.00683 | map: 0.00140
Sun 26 Jan 2025 22:10:56 INFO 20: precision: 0.00069 | recall: 0.00748 | ndcg: 0.00337 | hit_rate: 0.01204 | map: 0.00167
Sun 26 Jan 2025 22:10:59 INFO Epoch 20, Loss: 1.17997
Sun 26 Jan 2025 22:11:01 INFO Validation Metrics:
Sun 26 Jan 2025 22:11:01 INFO 5: precision: 0.00053 | recall: 0.00237 | ndcg: 0.00144 | hit_rate: 0.00265 | map: 0.00109
Sun 26 Jan 2025 22:11:01 INFO 10: precision: 0.00042 | recall: 0.00373 | ndcg: 0.00189 | hit_rate: 0.00414 | map: 0.00127
Sun 26 Jan 2025 22:11:01 INFO 20: precision: 0.00037 | recall: 0.00667 | ndcg: 0.00264 | hit_rate: 0.00728 | map: 0.00147
Sun 26 Jan 2025 22:11:01 INFO Test Metrics:
Sun 26 Jan 2025 22:11:01 INFO 5: precision: 0.00084 | recall: 0.00225 | ndcg: 0.00158 | hit_rate: 0.00403 | map: 0.00104
Sun 26 Jan 2025 22:11:01 INFO 10: precision: 0.00069 | recall: 0.00370 | ndcg: 0.00213 | hit_rate: 0.00640 | map: 0.00125
Sun 26 Jan 2025 22:11:01 INFO 20: precision: 0.00065 | recall: 0.00705 | ndcg: 0.00311 | hit_rate: 0.01144 | map: 0.00150
Sun 26 Jan 2025 22:11:03 INFO Epoch 21, Loss: 1.17491
Sun 26 Jan 2025 22:11:05 INFO Validation Metrics:
Sun 26 Jan 2025 22:11:05 INFO 5: precision: 0.00056 | recall: 0.00249 | ndcg: 0.00145 | hit_rate: 0.00276 | map: 0.00106
Sun 26 Jan 2025 22:11:05 INFO 10: precision: 0.00045 | recall: 0.00398 | ndcg: 0.00194 | hit_rate: 0.00442 | map: 0.00126
Sun 26 Jan 2025 22:11:05 INFO 20: precision: 0.00039 | recall: 0.00703 | ndcg: 0.00272 | hit_rate: 0.00760 | map: 0.00147
Sun 26 Jan 2025 22:11:05 INFO Test Metrics:
Sun 26 Jan 2025 22:11:05 INFO 5: precision: 0.00085 | recall: 0.00224 | ndcg: 0.00157 | hit_rate: 0.00403 | map: 0.00103
Sun 26 Jan 2025 22:11:05 INFO 10: precision: 0.00074 | recall: 0.00400 | ndcg: 0.00223 | hit_rate: 0.00679 | map: 0.00128
Sun 26 Jan 2025 22:11:05 INFO 20: precision: 0.00069 | recall: 0.00757 | ndcg: 0.00327 | hit_rate: 0.01196 | map: 0.00155
Sun 26 Jan 2025 22:11:08 INFO Epoch 22, Loss: 1.11869
Sun 26 Jan 2025 22:11:10 INFO Validation Metrics:
Sun 26 Jan 2025 22:11:10 INFO 5: precision: 0.00053 | recall: 0.00233 | ndcg: 0.00141 | hit_rate: 0.00261 | map: 0.00106
Sun 26 Jan 2025 22:11:10 INFO 10: precision: 0.00046 | recall: 0.00413 | ndcg: 0.00201 | hit_rate: 0.00455 | map: 0.00130
Sun 26 Jan 2025 22:11:10 INFO 20: precision: 0.00042 | recall: 0.00757 | ndcg: 0.00287 | hit_rate: 0.00812 | map: 0.00153
Sun 26 Jan 2025 22:11:10 INFO Test Metrics:
Sun 26 Jan 2025 22:11:10 INFO 5: precision: 0.00089 | recall: 0.00238 | ndcg: 0.00168 | hit_rate: 0.00422 | map: 0.00112
Sun 26 Jan 2025 22:11:10 INFO 10: precision: 0.00074 | recall: 0.00390 | ndcg: 0.00227 | hit_rate: 0.00689 | map: 0.00133
Sun 26 Jan 2025 22:11:10 INFO 20: precision: 0.00073 | recall: 0.00798 | ndcg: 0.00346 | hit_rate: 0.01258 | map: 0.00165
Sun 26 Jan 2025 22:11:12 INFO Epoch 23, Loss: 1.19136
Sun 26 Jan 2025 22:11:15 INFO Validation Metrics:
Sun 26 Jan 2025 22:11:15 INFO 5: precision: 0.00053 | recall: 0.00231 | ndcg: 0.00133 | hit_rate: 0.00261 | map: 0.00096
Sun 26 Jan 2025 22:11:15 INFO 10: precision: 0.00046 | recall: 0.00406 | ndcg: 0.00191 | hit_rate: 0.00452 | map: 0.00119
Sun 26 Jan 2025 22:11:15 INFO 20: precision: 0.00039 | recall: 0.00700 | ndcg: 0.00266 | hit_rate: 0.00760 | map: 0.00140
Sun 26 Jan 2025 22:11:15 INFO Test Metrics:
Sun 26 Jan 2025 22:11:15 INFO 5: precision: 0.00082 | recall: 0.00223 | ndcg: 0.00151 | hit_rate: 0.00390 | map: 0.00098
Sun 26 Jan 2025 22:11:15 INFO 10: precision: 0.00071 | recall: 0.00376 | ndcg: 0.00209 | hit_rate: 0.00657 | map: 0.00119
Sun 26 Jan 2025 22:11:15 INFO 20: precision: 0.00068 | recall: 0.00740 | ndcg: 0.00315 | hit_rate: 0.01183 | map: 0.00147
Sun 26 Jan 2025 22:11:17 INFO Epoch 24, Loss: 1.19843
Sun 26 Jan 2025 22:11:19 INFO Validation Metrics:
Sun 26 Jan 2025 22:11:19 INFO 5: precision: 0.00048 | recall: 0.00213 | ndcg: 0.00124 | hit_rate: 0.00239 | map: 0.00090
Sun 26 Jan 2025 22:11:19 INFO 10: precision: 0.00042 | recall: 0.00370 | ndcg: 0.00176 | hit_rate: 0.00416 | map: 0.00112
Sun 26 Jan 2025 22:11:19 INFO 20: precision: 0.00037 | recall: 0.00674 | ndcg: 0.00253 | hit_rate: 0.00737 | map: 0.00132
Sun 26 Jan 2025 22:11:19 INFO Test Metrics:
Sun 26 Jan 2025 22:11:19 INFO 5: precision: 0.00078 | recall: 0.00212 | ndcg: 0.00144 | hit_rate: 0.00375 | map: 0.00093
Sun 26 Jan 2025 22:11:19 INFO 10: precision: 0.00063 | recall: 0.00343 | ndcg: 0.00192 | hit_rate: 0.00586 | map: 0.00111
Sun 26 Jan 2025 22:11:19 INFO 20: precision: 0.00059 | recall: 0.00649 | ndcg: 0.00283 | hit_rate: 0.01060 | map: 0.00134
Sun 26 Jan 2025 22:11:19 INFO Best Test Metrics:
Sun 26 Jan 2025 22:11:19 INFO 5: precision: 0.00113 | recall: 0.00299 | ndcg: 0.00213 | hit_rate: 0.00526 | map: 0.00143
Sun 26 Jan 2025 22:11:19 INFO 10: precision: 0.00091 | recall: 0.00482 | ndcg: 0.00282 | hit_rate: 0.00810 | map: 0.00170
Sun 26 Jan 2025 22:11:19 INFO 20: precision: 0.00086 | recall: 0.00902 | ndcg: 0.00408 | hit_rate: 0.01405 | map: 0.00204
Sun 26 Jan 2025 22:11:19 INFO Best performance: 0.00902
Sun 26 Jan 2025 22:11:19 INFO Best parameters: {'reg_weight': 0.0001, 'learning_rate': 0.001}
Sun 26 Jan 2025 22:11:19 INFO Best metrics:
Sun 26 Jan 2025 22:11:19 INFO 5: precision: 0.00113 | recall: 0.00299 | ndcg: 0.00213 | hit_rate: 0.00526 | map: 0.00143
Sun 26 Jan 2025 22:11:19 INFO 10: precision: 0.00091 | recall: 0.00482 | ndcg: 0.00282 | hit_rate: 0.00810 | map: 0.00170
Sun 26 Jan 2025 22:11:19 INFO 20: precision: 0.00086 | recall: 0.00902 | ndcg: 0.00408 | hit_rate: 0.01405 | map: 0.00204
