Sat 17 Aug 2024 21:19:59 INFO ============Arguments==============
Sat 17 Aug 2024 21:19:59 INFO Model: MMGCL
Sat 17 Aug 2024 21:19:59 INFO data_path: clothing
Sat 17 Aug 2024 21:19:59 INFO learning_rate: 0.001
Sat 17 Aug 2024 21:19:59 INFO feature_embed: 64
Sat 17 Aug 2024 21:19:59 INFO batch_size: 1024
Sat 17 Aug 2024 21:19:59 INFO aggr_mode: add
Sat 17 Aug 2024 21:19:59 INFO reg_weight: 0.001
Sat 17 Aug 2024 21:19:59 INFO dim_E: 64
Sat 17 Aug 2024 21:19:59 INFO num_epoch: 1000
Sat 17 Aug 2024 21:19:59 INFO dropout: 0.2
Sat 17 Aug 2024 21:19:59 INFO n_layers: 2
Sat 17 Aug 2024 21:19:59 INFO corDecay: 0.001
Sat 17 Aug 2024 21:19:59 INFO n_factors: 4
Sat 17 Aug 2024 21:19:59 INFO n_iterations: 3
Sat 17 Aug 2024 21:19:59 INFO cl_weight: 2.0
Sat 17 Aug 2024 21:19:59 INFO mm_layers: 2
Sat 17 Aug 2024 21:19:59 INFO ii_topk: 10
Sat 17 Aug 2024 21:19:59 INFO uu_topk: 40
Sat 17 Aug 2024 21:19:59 INFO lambda_coeff: 0.9
Sat 17 Aug 2024 21:19:59 INFO ssl_temp: 0.9
Sat 17 Aug 2024 21:19:59 INFO ssl_alpha: 0.9
Sat 17 Aug 2024 21:19:59 INFO ae_weight: 0.1
Sat 17 Aug 2024 21:19:59 INFO threshold: 0.1
Sat 17 Aug 2024 21:19:59 INFO prompt_num: 0.1
Sat 17 Aug 2024 21:19:59 INFO neg_weight: 0.1
Sat 17 Aug 2024 21:19:59 INFO cen_reg: 0.005
Sat 17 Aug 2024 21:19:59 INFO n_intents: 128
Sat 17 Aug 2024 21:19:59 INFO G_rate: 0.0001
Sat 17 Aug 2024 21:19:59 INFO align_weight: 0.1
Sat 17 Aug 2024 21:19:59 INFO mask_weight_f: 1.5
Sat 17 Aug 2024 21:19:59 INFO mask_weight_g: 0.001
Sat 17 Aug 2024 21:19:59 INFO leaky: 0.5
Sat 17 Aug 2024 21:19:59 INFO keepRate: 1.0
Sat 17 Aug 2024 21:19:59 INFO mult: 0.1
Sat 17 Aug 2024 21:19:59 INFO grid_size: 1
Sat 17 Aug 2024 21:19:59 INFO node_dropout: 0.1
Sat 17 Aug 2024 21:19:59 INFO message_dropout: 0.1
Sat 17 Aug 2024 21:19:59 INFO n_mca: 2
Sat 17 Aug 2024 21:19:59 INFO seed: 42
Sat 17 Aug 2024 21:19:59 INFO num_workers: 1
Sat 17 Aug 2024 21:19:59 INFO topk: [5, 10, 20]
Sat 17 Aug 2024 21:19:59 INFO local time£ºAug-17-2024-21-19-59
Sat 17 Aug 2024 21:20:00 INFO =========1/1: Parameters:{'learning_rate': 0.001, 'ssl_alpha': 0.5, 'ssl_temp': 0.2, 'reg_weight': 0.001, 'n_layers': 1, 'dropout': 0.1}=========
Sat 17 Aug 2024 21:20:09 INFO Epoch 1, Loss: 531.72257
Sat 17 Aug 2024 21:20:10 INFO Validation Metrics:
Sat 17 Aug 2024 21:20:10 INFO 5: precision: 0.00247 | recall: 0.01211 | ndcg: 0.00763 | hit_rate: 0.01228 | map: 0.00613
Sat 17 Aug 2024 21:20:10 INFO 10: precision: 0.00203 | recall: 0.01986 | ndcg: 0.01013 | hit_rate: 0.02020 | map: 0.00714
Sat 17 Aug 2024 21:20:10 INFO 20: precision: 0.00156 | recall: 0.03064 | ndcg: 0.01285 | hit_rate: 0.03110 | map: 0.00788
Sat 17 Aug 2024 21:20:10 INFO Test Metrics:
Sat 17 Aug 2024 21:20:10 INFO 5: precision: 0.00413 | recall: 0.01277 | ndcg: 0.00945 | hit_rate: 0.02020 | map: 0.00692
Sat 17 Aug 2024 21:20:10 INFO 10: precision: 0.00324 | recall: 0.01984 | ndcg: 0.01205 | hit_rate: 0.03093 | map: 0.00790
Sat 17 Aug 2024 21:20:10 INFO 20: precision: 0.00253 | recall: 0.03121 | ndcg: 0.01527 | hit_rate: 0.04676 | map: 0.00873
Sat 17 Aug 2024 21:20:19 INFO Epoch 2, Loss: 409.75160
Sat 17 Aug 2024 21:20:20 INFO Validation Metrics:
Sat 17 Aug 2024 21:20:20 INFO 5: precision: 0.00334 | recall: 0.01638 | ndcg: 0.01020 | hit_rate: 0.01666 | map: 0.00814
Sat 17 Aug 2024 21:20:20 INFO 10: precision: 0.00262 | recall: 0.02570 | ndcg: 0.01319 | hit_rate: 0.02612 | map: 0.00935
Sat 17 Aug 2024 21:20:20 INFO 20: precision: 0.00205 | recall: 0.04031 | ndcg: 0.01689 | hit_rate: 0.04100 | map: 0.01035
Sat 17 Aug 2024 21:20:20 INFO Test Metrics:
Sat 17 Aug 2024 21:20:20 INFO 5: precision: 0.00556 | recall: 0.01737 | ndcg: 0.01322 | hit_rate: 0.02695 | map: 0.00992
Sat 17 Aug 2024 21:20:20 INFO 10: precision: 0.00432 | recall: 0.02648 | ndcg: 0.01661 | hit_rate: 0.04073 | map: 0.01123
Sat 17 Aug 2024 21:20:20 INFO 20: precision: 0.00327 | recall: 0.04056 | ndcg: 0.02062 | hit_rate: 0.06042 | map: 0.01229
Sat 17 Aug 2024 21:20:29 INFO Epoch 3, Loss: 370.92082
Sat 17 Aug 2024 21:20:30 INFO Validation Metrics:
Sat 17 Aug 2024 21:20:30 INFO 5: precision: 0.00380 | recall: 0.01863 | ndcg: 0.01192 | hit_rate: 0.01892 | map: 0.00969
Sat 17 Aug 2024 21:20:30 INFO 10: precision: 0.00293 | recall: 0.02881 | ndcg: 0.01516 | hit_rate: 0.02922 | map: 0.01098
Sat 17 Aug 2024 21:20:30 INFO 20: precision: 0.00220 | recall: 0.04334 | ndcg: 0.01884 | hit_rate: 0.04399 | map: 0.01198
Sat 17 Aug 2024 21:20:30 INFO Test Metrics:
Sat 17 Aug 2024 21:20:30 INFO 5: precision: 0.00604 | recall: 0.01892 | ndcg: 0.01417 | hit_rate: 0.02938 | map: 0.01055
Sat 17 Aug 2024 21:20:30 INFO 10: precision: 0.00476 | recall: 0.02974 | ndcg: 0.01814 | hit_rate: 0.04510 | map: 0.01211
Sat 17 Aug 2024 21:20:30 INFO 20: precision: 0.00368 | recall: 0.04567 | ndcg: 0.02271 | hit_rate: 0.06795 | map: 0.01330
Sat 17 Aug 2024 21:20:39 INFO Epoch 4, Loss: 358.23947
Sat 17 Aug 2024 21:20:40 INFO Validation Metrics:
Sat 17 Aug 2024 21:20:40 INFO 5: precision: 0.00395 | recall: 0.01947 | ndcg: 0.01261 | hit_rate: 0.01970 | map: 0.01033
Sat 17 Aug 2024 21:20:40 INFO 10: precision: 0.00308 | recall: 0.03039 | ndcg: 0.01613 | hit_rate: 0.03077 | map: 0.01176
Sat 17 Aug 2024 21:20:40 INFO 20: precision: 0.00231 | recall: 0.04558 | ndcg: 0.01998 | hit_rate: 0.04620 | map: 0.01281
Sat 17 Aug 2024 21:20:40 INFO Test Metrics:
Sat 17 Aug 2024 21:20:40 INFO 5: precision: 0.00654 | recall: 0.02048 | ndcg: 0.01520 | hit_rate: 0.03160 | map: 0.01123
Sat 17 Aug 2024 21:20:40 INFO 10: precision: 0.00509 | recall: 0.03152 | ndcg: 0.01926 | hit_rate: 0.04814 | map: 0.01278
Sat 17 Aug 2024 21:20:40 INFO 20: precision: 0.00385 | recall: 0.04775 | ndcg: 0.02390 | hit_rate: 0.07094 | map: 0.01399
Sat 17 Aug 2024 21:20:49 INFO Epoch 5, Loss: 350.81104
Sat 17 Aug 2024 21:20:50 INFO Validation Metrics:
Sat 17 Aug 2024 21:20:50 INFO 5: precision: 0.00414 | recall: 0.02038 | ndcg: 0.01304 | hit_rate: 0.02064 | map: 0.01059
Sat 17 Aug 2024 21:20:50 INFO 10: precision: 0.00326 | recall: 0.03219 | ndcg: 0.01683 | hit_rate: 0.03259 | map: 0.01213
Sat 17 Aug 2024 21:20:50 INFO 20: precision: 0.00244 | recall: 0.04805 | ndcg: 0.02083 | hit_rate: 0.04875 | map: 0.01320
Sat 17 Aug 2024 21:20:50 INFO Test Metrics:
Sat 17 Aug 2024 21:20:50 INFO 5: precision: 0.00687 | recall: 0.02128 | ndcg: 0.01595 | hit_rate: 0.03315 | map: 0.01183
Sat 17 Aug 2024 21:20:50 INFO 10: precision: 0.00529 | recall: 0.03254 | ndcg: 0.02008 | hit_rate: 0.05013 | map: 0.01340
Sat 17 Aug 2024 21:20:50 INFO 20: precision: 0.00400 | recall: 0.04954 | ndcg: 0.02494 | hit_rate: 0.07365 | map: 0.01470
Sat 17 Aug 2024 21:20:59 INFO Epoch 6, Loss: 345.77402
Sat 17 Aug 2024 21:21:00 INFO Validation Metrics:
Sat 17 Aug 2024 21:21:00 INFO 5: precision: 0.00426 | recall: 0.02099 | ndcg: 0.01341 | hit_rate: 0.02125 | map: 0.01087
Sat 17 Aug 2024 21:21:00 INFO 10: precision: 0.00334 | recall: 0.03293 | ndcg: 0.01725 | hit_rate: 0.03337 | map: 0.01243
Sat 17 Aug 2024 21:21:00 INFO 20: precision: 0.00247 | recall: 0.04858 | ndcg: 0.02121 | hit_rate: 0.04925 | map: 0.01351
Sat 17 Aug 2024 21:21:00 INFO Test Metrics:
Sat 17 Aug 2024 21:21:00 INFO 5: precision: 0.00717 | recall: 0.02242 | ndcg: 0.01667 | hit_rate: 0.03469 | map: 0.01232
Sat 17 Aug 2024 21:21:00 INFO 10: precision: 0.00549 | recall: 0.03392 | ndcg: 0.02090 | hit_rate: 0.05190 | map: 0.01394
Sat 17 Aug 2024 21:21:00 INFO 20: precision: 0.00408 | recall: 0.05060 | ndcg: 0.02569 | hit_rate: 0.07487 | map: 0.01522
Sat 17 Aug 2024 21:21:09 INFO Epoch 7, Loss: 341.89858
Sat 17 Aug 2024 21:21:10 INFO Validation Metrics:
Sat 17 Aug 2024 21:21:10 INFO 5: precision: 0.00442 | recall: 0.02176 | ndcg: 0.01387 | hit_rate: 0.02202 | map: 0.01125
Sat 17 Aug 2024 21:21:10 INFO 10: precision: 0.00338 | recall: 0.03329 | ndcg: 0.01756 | hit_rate: 0.03370 | map: 0.01274
Sat 17 Aug 2024 21:21:10 INFO 20: precision: 0.00260 | recall: 0.05122 | ndcg: 0.02209 | hit_rate: 0.05196 | map: 0.01396
Sat 17 Aug 2024 21:21:10 INFO Test Metrics:
Sat 17 Aug 2024 21:21:10 INFO 5: precision: 0.00722 | recall: 0.02232 | ndcg: 0.01672 | hit_rate: 0.03481 | map: 0.01238
Sat 17 Aug 2024 21:21:10 INFO 10: precision: 0.00569 | recall: 0.03517 | ndcg: 0.02143 | hit_rate: 0.05390 | map: 0.01419
Sat 17 Aug 2024 21:21:10 INFO 20: precision: 0.00418 | recall: 0.05220 | ndcg: 0.02626 | hit_rate: 0.07691 | map: 0.01548
Sat 17 Aug 2024 21:21:19 INFO Epoch 8, Loss: 338.71988
Sat 17 Aug 2024 21:21:19 INFO Validation Metrics:
Sat 17 Aug 2024 21:21:19 INFO 5: precision: 0.00440 | recall: 0.02165 | ndcg: 0.01399 | hit_rate: 0.02197 | map: 0.01142
Sat 17 Aug 2024 21:21:19 INFO 10: precision: 0.00347 | recall: 0.03425 | ndcg: 0.01802 | hit_rate: 0.03469 | map: 0.01305
Sat 17 Aug 2024 21:21:19 INFO 20: precision: 0.00264 | recall: 0.05212 | ndcg: 0.02254 | hit_rate: 0.05279 | map: 0.01428
Sat 17 Aug 2024 21:21:19 INFO Test Metrics:
Sat 17 Aug 2024 21:21:19 INFO 5: precision: 0.00736 | recall: 0.02278 | ndcg: 0.01704 | hit_rate: 0.03552 | map: 0.01262
Sat 17 Aug 2024 21:21:19 INFO 10: precision: 0.00578 | recall: 0.03567 | ndcg: 0.02176 | hit_rate: 0.05450 | map: 0.01444
Sat 17 Aug 2024 21:21:19 INFO 20: precision: 0.00422 | recall: 0.05264 | ndcg: 0.02657 | hit_rate: 0.07763 | map: 0.01572
Sat 17 Aug 2024 21:21:29 INFO Epoch 9, Loss: 336.08189
Sat 17 Aug 2024 21:21:30 INFO Validation Metrics:
Sat 17 Aug 2024 21:21:30 INFO 5: precision: 0.00463 | recall: 0.02272 | ndcg: 0.01457 | hit_rate: 0.02307 | map: 0.01183
Sat 17 Aug 2024 21:21:30 INFO 10: precision: 0.00361 | recall: 0.03554 | ndcg: 0.01866 | hit_rate: 0.03602 | map: 0.01348
Sat 17 Aug 2024 21:21:30 INFO 20: precision: 0.00271 | recall: 0.05341 | ndcg: 0.02316 | hit_rate: 0.05412 | map: 0.01470
Sat 17 Aug 2024 21:21:30 INFO Test Metrics:
Sat 17 Aug 2024 21:21:30 INFO 5: precision: 0.00764 | recall: 0.02387 | ndcg: 0.01756 | hit_rate: 0.03685 | map: 0.01296
Sat 17 Aug 2024 21:21:30 INFO 10: precision: 0.00590 | recall: 0.03665 | ndcg: 0.02223 | hit_rate: 0.05556 | map: 0.01475
Sat 17 Aug 2024 21:21:30 INFO 20: precision: 0.00425 | recall: 0.05273 | ndcg: 0.02687 | hit_rate: 0.07808 | map: 0.01599
Sat 17 Aug 2024 21:21:38 INFO Epoch 10, Loss: 333.61054
Sat 17 Aug 2024 21:21:39 INFO Validation Metrics:
Sat 17 Aug 2024 21:21:39 INFO 5: precision: 0.00474 | recall: 0.02328 | ndcg: 0.01486 | hit_rate: 0.02363 | map: 0.01206
Sat 17 Aug 2024 21:21:39 INFO 10: precision: 0.00361 | recall: 0.03557 | ndcg: 0.01879 | hit_rate: 0.03608 | map: 0.01364
Sat 17 Aug 2024 21:21:39 INFO 20: precision: 0.00276 | recall: 0.05435 | ndcg: 0.02353 | hit_rate: 0.05506 | map: 0.01493
Sat 17 Aug 2024 21:21:39 INFO Test Metrics:
Sat 17 Aug 2024 21:21:39 INFO 5: precision: 0.00756 | recall: 0.02365 | ndcg: 0.01768 | hit_rate: 0.03647 | map: 0.01316
Sat 17 Aug 2024 21:21:39 INFO 10: precision: 0.00591 | recall: 0.03669 | ndcg: 0.02247 | hit_rate: 0.05578 | map: 0.01500
Sat 17 Aug 2024 21:21:39 INFO 20: precision: 0.00427 | recall: 0.05331 | ndcg: 0.02723 | hit_rate: 0.07869 | map: 0.01628
Sat 17 Aug 2024 21:21:48 INFO Epoch 11, Loss: 331.27630
Sat 17 Aug 2024 21:21:49 INFO Validation Metrics:
Sat 17 Aug 2024 21:21:49 INFO 5: precision: 0.00473 | recall: 0.02329 | ndcg: 0.01483 | hit_rate: 0.02357 | map: 0.01201
Sat 17 Aug 2024 21:21:49 INFO 10: precision: 0.00377 | recall: 0.03717 | ndcg: 0.01927 | hit_rate: 0.03768 | map: 0.01380
Sat 17 Aug 2024 21:21:49 INFO 20: precision: 0.00276 | recall: 0.05448 | ndcg: 0.02362 | hit_rate: 0.05517 | map: 0.01497
Sat 17 Aug 2024 21:21:49 INFO Test Metrics:
Sat 17 Aug 2024 21:21:49 INFO 5: precision: 0.00755 | recall: 0.02348 | ndcg: 0.01747 | hit_rate: 0.03647 | map: 0.01294
Sat 17 Aug 2024 21:21:49 INFO 10: precision: 0.00590 | recall: 0.03667 | ndcg: 0.02227 | hit_rate: 0.05578 | map: 0.01477
Sat 17 Aug 2024 21:21:49 INFO 20: precision: 0.00433 | recall: 0.05407 | ndcg: 0.02725 | hit_rate: 0.07979 | map: 0.01611
Sat 17 Aug 2024 21:21:58 INFO Epoch 12, Loss: 328.93971
Sat 17 Aug 2024 21:21:59 INFO Validation Metrics:
Sat 17 Aug 2024 21:21:59 INFO 5: precision: 0.00483 | recall: 0.02374 | ndcg: 0.01529 | hit_rate: 0.02407 | map: 0.01247
Sat 17 Aug 2024 21:21:59 INFO 10: precision: 0.00373 | recall: 0.03673 | ndcg: 0.01947 | hit_rate: 0.03724 | map: 0.01417
Sat 17 Aug 2024 21:21:59 INFO 20: precision: 0.00278 | recall: 0.05491 | ndcg: 0.02407 | hit_rate: 0.05561 | map: 0.01543
Sat 17 Aug 2024 21:21:59 INFO Test Metrics:
Sat 17 Aug 2024 21:21:59 INFO 5: precision: 0.00760 | recall: 0.02364 | ndcg: 0.01755 | hit_rate: 0.03674 | map: 0.01298
Sat 17 Aug 2024 21:21:59 INFO 10: precision: 0.00600 | recall: 0.03702 | ndcg: 0.02244 | hit_rate: 0.05672 | map: 0.01484
Sat 17 Aug 2024 21:21:59 INFO 20: precision: 0.00438 | recall: 0.05443 | ndcg: 0.02742 | hit_rate: 0.08073 | map: 0.01618
Sat 17 Aug 2024 21:22:08 INFO Epoch 13, Loss: 326.26034
Sat 17 Aug 2024 21:22:09 INFO Validation Metrics:
Sat 17 Aug 2024 21:22:09 INFO 5: precision: 0.00501 | recall: 0.02468 | ndcg: 0.01574 | hit_rate: 0.02501 | map: 0.01276
Sat 17 Aug 2024 21:22:09 INFO 10: precision: 0.00381 | recall: 0.03751 | ndcg: 0.01983 | hit_rate: 0.03801 | map: 0.01439
Sat 17 Aug 2024 21:22:09 INFO 20: precision: 0.00281 | recall: 0.05540 | ndcg: 0.02434 | hit_rate: 0.05611 | map: 0.01562
Sat 17 Aug 2024 21:22:09 INFO Test Metrics:
Sat 17 Aug 2024 21:22:09 INFO 5: precision: 0.00755 | recall: 0.02358 | ndcg: 0.01767 | hit_rate: 0.03652 | map: 0.01316
Sat 17 Aug 2024 21:22:09 INFO 10: precision: 0.00603 | recall: 0.03724 | ndcg: 0.02267 | hit_rate: 0.05699 | map: 0.01507
Sat 17 Aug 2024 21:22:09 INFO 20: precision: 0.00442 | recall: 0.05511 | ndcg: 0.02776 | hit_rate: 0.08178 | map: 0.01642
Sat 17 Aug 2024 21:22:18 INFO Epoch 14, Loss: 323.37085
Sat 17 Aug 2024 21:22:19 INFO Validation Metrics:
Sat 17 Aug 2024 21:22:19 INFO 5: precision: 0.00495 | recall: 0.02431 | ndcg: 0.01560 | hit_rate: 0.02468 | map: 0.01268
Sat 17 Aug 2024 21:22:19 INFO 10: precision: 0.00382 | recall: 0.03762 | ndcg: 0.01988 | hit_rate: 0.03813 | map: 0.01442
Sat 17 Aug 2024 21:22:19 INFO 20: precision: 0.00281 | recall: 0.05539 | ndcg: 0.02435 | hit_rate: 0.05605 | map: 0.01563
Sat 17 Aug 2024 21:22:19 INFO Test Metrics:
Sat 17 Aug 2024 21:22:19 INFO 5: precision: 0.00755 | recall: 0.02369 | ndcg: 0.01769 | hit_rate: 0.03647 | map: 0.01318
Sat 17 Aug 2024 21:22:19 INFO 10: precision: 0.00600 | recall: 0.03721 | ndcg: 0.02266 | hit_rate: 0.05672 | map: 0.01509
Sat 17 Aug 2024 21:22:19 INFO 20: precision: 0.00445 | recall: 0.05563 | ndcg: 0.02788 | hit_rate: 0.08223 | map: 0.01646
Sat 17 Aug 2024 21:22:28 INFO Epoch 15, Loss: 319.78738
Sat 17 Aug 2024 21:22:29 INFO Validation Metrics:
Sat 17 Aug 2024 21:22:29 INFO 5: precision: 0.00495 | recall: 0.02432 | ndcg: 0.01569 | hit_rate: 0.02468 | map: 0.01280
Sat 17 Aug 2024 21:22:29 INFO 10: precision: 0.00383 | recall: 0.03776 | ndcg: 0.02000 | hit_rate: 0.03824 | map: 0.01456
Sat 17 Aug 2024 21:22:29 INFO 20: precision: 0.00283 | recall: 0.05593 | ndcg: 0.02458 | hit_rate: 0.05661 | map: 0.01579
Sat 17 Aug 2024 21:22:29 INFO Test Metrics:
Sat 17 Aug 2024 21:22:29 INFO 5: precision: 0.00757 | recall: 0.02375 | ndcg: 0.01784 | hit_rate: 0.03658 | map: 0.01334
Sat 17 Aug 2024 21:22:29 INFO 10: precision: 0.00609 | recall: 0.03774 | ndcg: 0.02296 | hit_rate: 0.05749 | map: 0.01530
Sat 17 Aug 2024 21:22:29 INFO 20: precision: 0.00448 | recall: 0.05587 | ndcg: 0.02813 | hit_rate: 0.08300 | map: 0.01666
Sat 17 Aug 2024 21:22:38 INFO Epoch 16, Loss: 315.64404
Sat 17 Aug 2024 21:22:39 INFO Validation Metrics:
Sat 17 Aug 2024 21:22:39 INFO 5: precision: 0.00502 | recall: 0.02467 | ndcg: 0.01607 | hit_rate: 0.02507 | map: 0.01320
Sat 17 Aug 2024 21:22:39 INFO 10: precision: 0.00382 | recall: 0.03762 | ndcg: 0.02024 | hit_rate: 0.03813 | map: 0.01489
Sat 17 Aug 2024 21:22:39 INFO 20: precision: 0.00285 | recall: 0.05621 | ndcg: 0.02493 | hit_rate: 0.05688 | map: 0.01617
Sat 17 Aug 2024 21:22:39 INFO Test Metrics:
Sat 17 Aug 2024 21:22:39 INFO 5: precision: 0.00776 | recall: 0.02445 | ndcg: 0.01803 | hit_rate: 0.03752 | map: 0.01335
Sat 17 Aug 2024 21:22:39 INFO 10: precision: 0.00613 | recall: 0.03787 | ndcg: 0.02298 | hit_rate: 0.05793 | map: 0.01522
Sat 17 Aug 2024 21:22:39 INFO 20: precision: 0.00448 | recall: 0.05587 | ndcg: 0.02810 | hit_rate: 0.08289 | map: 0.01658
Sat 17 Aug 2024 21:22:48 INFO Epoch 17, Loss: 310.77365
Sat 17 Aug 2024 21:22:48 INFO Validation Metrics:
Sat 17 Aug 2024 21:22:48 INFO 5: precision: 0.00506 | recall: 0.02484 | ndcg: 0.01605 | hit_rate: 0.02523 | map: 0.01311
Sat 17 Aug 2024 21:22:48 INFO 10: precision: 0.00386 | recall: 0.03801 | ndcg: 0.02031 | hit_rate: 0.03851 | map: 0.01487
Sat 17 Aug 2024 21:22:48 INFO 20: precision: 0.00289 | recall: 0.05711 | ndcg: 0.02512 | hit_rate: 0.05771 | map: 0.01617
Sat 17 Aug 2024 21:22:48 INFO Test Metrics:
Sat 17 Aug 2024 21:22:48 INFO 5: precision: 0.00784 | recall: 0.02471 | ndcg: 0.01806 | hit_rate: 0.03790 | map: 0.01328
Sat 17 Aug 2024 21:22:48 INFO 10: precision: 0.00614 | recall: 0.03814 | ndcg: 0.02298 | hit_rate: 0.05805 | map: 0.01515
Sat 17 Aug 2024 21:22:48 INFO 20: precision: 0.00449 | recall: 0.05611 | ndcg: 0.02811 | hit_rate: 0.08311 | map: 0.01651
Sat 17 Aug 2024 21:22:58 INFO Epoch 18, Loss: 305.14740
Sat 17 Aug 2024 21:22:59 INFO Validation Metrics:
Sat 17 Aug 2024 21:22:59 INFO 5: precision: 0.00506 | recall: 0.02484 | ndcg: 0.01613 | hit_rate: 0.02523 | map: 0.01321
Sat 17 Aug 2024 21:22:59 INFO 10: precision: 0.00387 | recall: 0.03812 | ndcg: 0.02040 | hit_rate: 0.03862 | map: 0.01496
Sat 17 Aug 2024 21:22:59 INFO 20: precision: 0.00289 | recall: 0.05711 | ndcg: 0.02519 | hit_rate: 0.05771 | map: 0.01625
Sat 17 Aug 2024 21:22:59 INFO Test Metrics:
Sat 17 Aug 2024 21:22:59 INFO 5: precision: 0.00781 | recall: 0.02454 | ndcg: 0.01804 | hit_rate: 0.03779 | map: 0.01331
Sat 17 Aug 2024 21:22:59 INFO 10: precision: 0.00609 | recall: 0.03760 | ndcg: 0.02288 | hit_rate: 0.05727 | map: 0.01518
Sat 17 Aug 2024 21:22:59 INFO 20: precision: 0.00459 | recall: 0.05714 | ndcg: 0.02843 | hit_rate: 0.08477 | map: 0.01664
Sat 17 Aug 2024 21:23:07 INFO Epoch 19, Loss: 299.37218
Sat 17 Aug 2024 21:23:08 INFO Validation Metrics:
Sat 17 Aug 2024 21:23:08 INFO 5: precision: 0.00506 | recall: 0.02484 | ndcg: 0.01621 | hit_rate: 0.02523 | map: 0.01332
Sat 17 Aug 2024 21:23:08 INFO 10: precision: 0.00389 | recall: 0.03834 | ndcg: 0.02056 | hit_rate: 0.03884 | map: 0.01510
Sat 17 Aug 2024 21:23:08 INFO 20: precision: 0.00294 | recall: 0.05805 | ndcg: 0.02550 | hit_rate: 0.05865 | map: 0.01643
Sat 17 Aug 2024 21:23:08 INFO Test Metrics:
Sat 17 Aug 2024 21:23:08 INFO 5: precision: 0.00784 | recall: 0.02466 | ndcg: 0.01818 | hit_rate: 0.03779 | map: 0.01345
Sat 17 Aug 2024 21:23:08 INFO 10: precision: 0.00618 | recall: 0.03841 | ndcg: 0.02325 | hit_rate: 0.05821 | map: 0.01540
Sat 17 Aug 2024 21:23:08 INFO 20: precision: 0.00459 | recall: 0.05736 | ndcg: 0.02863 | hit_rate: 0.08494 | map: 0.01681
Sat 17 Aug 2024 21:23:17 INFO Epoch 20, Loss: 293.90929
Sat 17 Aug 2024 21:23:18 INFO Validation Metrics:
Sat 17 Aug 2024 21:23:18 INFO 5: precision: 0.00510 | recall: 0.02506 | ndcg: 0.01652 | hit_rate: 0.02545 | map: 0.01366
Sat 17 Aug 2024 21:23:18 INFO 10: precision: 0.00387 | recall: 0.03812 | ndcg: 0.02076 | hit_rate: 0.03862 | map: 0.01541
Sat 17 Aug 2024 21:23:18 INFO 20: precision: 0.00293 | recall: 0.05788 | ndcg: 0.02572 | hit_rate: 0.05849 | map: 0.01675
Sat 17 Aug 2024 21:23:18 INFO Test Metrics:
Sat 17 Aug 2024 21:23:18 INFO 5: precision: 0.00797 | recall: 0.02502 | ndcg: 0.01830 | hit_rate: 0.03851 | map: 0.01346
Sat 17 Aug 2024 21:23:18 INFO 10: precision: 0.00620 | recall: 0.03835 | ndcg: 0.02322 | hit_rate: 0.05827 | map: 0.01536
Sat 17 Aug 2024 21:23:18 INFO 20: precision: 0.00460 | recall: 0.05734 | ndcg: 0.02861 | hit_rate: 0.08521 | map: 0.01676
Sat 17 Aug 2024 21:23:26 INFO Epoch 21, Loss: 289.21646
Sat 17 Aug 2024 21:23:27 INFO Validation Metrics:
Sat 17 Aug 2024 21:23:27 INFO 5: precision: 0.00522 | recall: 0.02567 | ndcg: 0.01678 | hit_rate: 0.02606 | map: 0.01381
Sat 17 Aug 2024 21:23:27 INFO 10: precision: 0.00389 | recall: 0.03834 | ndcg: 0.02085 | hit_rate: 0.03884 | map: 0.01547
Sat 17 Aug 2024 21:23:27 INFO 20: precision: 0.00289 | recall: 0.05722 | ndcg: 0.02559 | hit_rate: 0.05782 | map: 0.01675
Sat 17 Aug 2024 21:23:27 INFO Test Metrics:
Sat 17 Aug 2024 21:23:27 INFO 5: precision: 0.00791 | recall: 0.02475 | ndcg: 0.01823 | hit_rate: 0.03824 | map: 0.01347
Sat 17 Aug 2024 21:23:27 INFO 10: precision: 0.00619 | recall: 0.03839 | ndcg: 0.02324 | hit_rate: 0.05821 | map: 0.01541
Sat 17 Aug 2024 21:23:27 INFO 20: precision: 0.00455 | recall: 0.05658 | ndcg: 0.02844 | hit_rate: 0.08405 | map: 0.01677
Sat 17 Aug 2024 21:23:36 INFO Epoch 22, Loss: 285.62182
Sat 17 Aug 2024 21:23:37 INFO Validation Metrics:
Sat 17 Aug 2024 21:23:37 INFO 5: precision: 0.00514 | recall: 0.02526 | ndcg: 0.01657 | hit_rate: 0.02562 | map: 0.01366
Sat 17 Aug 2024 21:23:37 INFO 10: precision: 0.00396 | recall: 0.03906 | ndcg: 0.02102 | hit_rate: 0.03956 | map: 0.01548
Sat 17 Aug 2024 21:23:37 INFO 20: precision: 0.00291 | recall: 0.05761 | ndcg: 0.02566 | hit_rate: 0.05821 | map: 0.01672
Sat 17 Aug 2024 21:23:37 INFO Test Metrics:
Sat 17 Aug 2024 21:23:37 INFO 5: precision: 0.00796 | recall: 0.02508 | ndcg: 0.01858 | hit_rate: 0.03840 | map: 0.01381
Sat 17 Aug 2024 21:23:37 INFO 10: precision: 0.00620 | recall: 0.03862 | ndcg: 0.02353 | hit_rate: 0.05854 | map: 0.01570
Sat 17 Aug 2024 21:23:37 INFO 20: precision: 0.00457 | recall: 0.05693 | ndcg: 0.02876 | hit_rate: 0.08466 | map: 0.01706
Sat 17 Aug 2024 21:23:46 INFO Epoch 23, Loss: 282.91245
Sat 17 Aug 2024 21:23:47 INFO Validation Metrics:
Sat 17 Aug 2024 21:23:47 INFO 5: precision: 0.00526 | recall: 0.02584 | ndcg: 0.01686 | hit_rate: 0.02623 | map: 0.01386
Sat 17 Aug 2024 21:23:47 INFO 10: precision: 0.00393 | recall: 0.03870 | ndcg: 0.02100 | hit_rate: 0.03923 | map: 0.01554
Sat 17 Aug 2024 21:23:47 INFO 20: precision: 0.00289 | recall: 0.05711 | ndcg: 0.02562 | hit_rate: 0.05771 | map: 0.01679
Sat 17 Aug 2024 21:23:47 INFO Test Metrics:
Sat 17 Aug 2024 21:23:47 INFO 5: precision: 0.00786 | recall: 0.02460 | ndcg: 0.01824 | hit_rate: 0.03801 | map: 0.01351
Sat 17 Aug 2024 21:23:47 INFO 10: precision: 0.00625 | recall: 0.03897 | ndcg: 0.02348 | hit_rate: 0.05882 | map: 0.01554
Sat 17 Aug 2024 21:23:47 INFO 20: precision: 0.00455 | recall: 0.05662 | ndcg: 0.02851 | hit_rate: 0.08411 | map: 0.01684
Sat 17 Aug 2024 21:23:56 INFO Epoch 24, Loss: 280.90283
Sat 17 Aug 2024 21:23:57 INFO Validation Metrics:
Sat 17 Aug 2024 21:23:57 INFO 5: precision: 0.00532 | recall: 0.02620 | ndcg: 0.01703 | hit_rate: 0.02656 | map: 0.01396
Sat 17 Aug 2024 21:23:57 INFO 10: precision: 0.00390 | recall: 0.03837 | ndcg: 0.02093 | hit_rate: 0.03890 | map: 0.01554
Sat 17 Aug 2024 21:23:57 INFO 20: precision: 0.00286 | recall: 0.05658 | ndcg: 0.02552 | hit_rate: 0.05722 | map: 0.01679
Sat 17 Aug 2024 21:23:57 INFO Test Metrics:
Sat 17 Aug 2024 21:23:57 INFO 5: precision: 0.00789 | recall: 0.02477 | ndcg: 0.01827 | hit_rate: 0.03813 | map: 0.01351
Sat 17 Aug 2024 21:23:57 INFO 10: precision: 0.00626 | recall: 0.03906 | ndcg: 0.02349 | hit_rate: 0.05888 | map: 0.01553
Sat 17 Aug 2024 21:23:57 INFO 20: precision: 0.00454 | recall: 0.05643 | ndcg: 0.02846 | hit_rate: 0.08383 | map: 0.01681
Sat 17 Aug 2024 21:24:06 INFO Epoch 25, Loss: 279.44608
Sat 17 Aug 2024 21:24:07 INFO Validation Metrics:
Sat 17 Aug 2024 21:24:07 INFO 5: precision: 0.00518 | recall: 0.02550 | ndcg: 0.01681 | hit_rate: 0.02584 | map: 0.01390
Sat 17 Aug 2024 21:24:07 INFO 10: precision: 0.00393 | recall: 0.03870 | ndcg: 0.02105 | hit_rate: 0.03923 | map: 0.01562
Sat 17 Aug 2024 21:24:07 INFO 20: precision: 0.00292 | recall: 0.05769 | ndcg: 0.02580 | hit_rate: 0.05832 | map: 0.01689
Sat 17 Aug 2024 21:24:07 INFO Test Metrics:
Sat 17 Aug 2024 21:24:07 INFO 5: precision: 0.00786 | recall: 0.02463 | ndcg: 0.01821 | hit_rate: 0.03796 | map: 0.01348
Sat 17 Aug 2024 21:24:07 INFO 10: precision: 0.00620 | recall: 0.03871 | ndcg: 0.02335 | hit_rate: 0.05843 | map: 0.01546
Sat 17 Aug 2024 21:24:07 INFO 20: precision: 0.00457 | recall: 0.05701 | ndcg: 0.02856 | hit_rate: 0.08444 | map: 0.01682
Sat 17 Aug 2024 21:24:15 INFO Epoch 26, Loss: 278.38668
Sat 17 Aug 2024 21:24:16 INFO Validation Metrics:
Sat 17 Aug 2024 21:24:16 INFO 5: precision: 0.00523 | recall: 0.02575 | ndcg: 0.01697 | hit_rate: 0.02612 | map: 0.01402
Sat 17 Aug 2024 21:24:16 INFO 10: precision: 0.00390 | recall: 0.03840 | ndcg: 0.02103 | hit_rate: 0.03890 | map: 0.01567
Sat 17 Aug 2024 21:24:16 INFO 20: precision: 0.00287 | recall: 0.05678 | ndcg: 0.02565 | hit_rate: 0.05738 | map: 0.01693
Sat 17 Aug 2024 21:24:16 INFO Test Metrics:
Sat 17 Aug 2024 21:24:16 INFO 5: precision: 0.00792 | recall: 0.02496 | ndcg: 0.01833 | hit_rate: 0.03835 | map: 0.01352
Sat 17 Aug 2024 21:24:16 INFO 10: precision: 0.00623 | recall: 0.03897 | ndcg: 0.02342 | hit_rate: 0.05854 | map: 0.01549
Sat 17 Aug 2024 21:24:16 INFO 20: precision: 0.00456 | recall: 0.05684 | ndcg: 0.02853 | hit_rate: 0.08422 | map: 0.01682
Sat 17 Aug 2024 21:24:25 INFO Epoch 27, Loss: 277.60370
Sat 17 Aug 2024 21:24:26 INFO Validation Metrics:
Sat 17 Aug 2024 21:24:26 INFO 5: precision: 0.00528 | recall: 0.02597 | ndcg: 0.01695 | hit_rate: 0.02634 | map: 0.01393
Sat 17 Aug 2024 21:24:26 INFO 10: precision: 0.00389 | recall: 0.03831 | ndcg: 0.02091 | hit_rate: 0.03884 | map: 0.01554
Sat 17 Aug 2024 21:24:26 INFO 20: precision: 0.00286 | recall: 0.05656 | ndcg: 0.02551 | hit_rate: 0.05716 | map: 0.01679
Sat 17 Aug 2024 21:24:26 INFO Test Metrics:
Sat 17 Aug 2024 21:24:26 INFO 5: precision: 0.00793 | recall: 0.02483 | ndcg: 0.01834 | hit_rate: 0.03835 | map: 0.01356
Sat 17 Aug 2024 21:24:26 INFO 10: precision: 0.00625 | recall: 0.03905 | ndcg: 0.02351 | hit_rate: 0.05882 | map: 0.01556
Sat 17 Aug 2024 21:24:26 INFO 20: precision: 0.00453 | recall: 0.05653 | ndcg: 0.02851 | hit_rate: 0.08367 | map: 0.01687
Sat 17 Aug 2024 21:24:35 INFO Epoch 28, Loss: 276.99595
Sat 17 Aug 2024 21:24:36 INFO Validation Metrics:
Sat 17 Aug 2024 21:24:36 INFO 5: precision: 0.00525 | recall: 0.02581 | ndcg: 0.01696 | hit_rate: 0.02617 | map: 0.01398
Sat 17 Aug 2024 21:24:36 INFO 10: precision: 0.00387 | recall: 0.03815 | ndcg: 0.02093 | hit_rate: 0.03868 | map: 0.01560
Sat 17 Aug 2024 21:24:36 INFO 20: precision: 0.00288 | recall: 0.05700 | ndcg: 0.02568 | hit_rate: 0.05760 | map: 0.01690
Sat 17 Aug 2024 21:24:36 INFO Test Metrics:
Sat 17 Aug 2024 21:24:36 INFO 5: precision: 0.00801 | recall: 0.02511 | ndcg: 0.01842 | hit_rate: 0.03873 | map: 0.01357
Sat 17 Aug 2024 21:24:36 INFO 10: precision: 0.00619 | recall: 0.03869 | ndcg: 0.02336 | hit_rate: 0.05843 | map: 0.01548
Sat 17 Aug 2024 21:24:36 INFO 20: precision: 0.00454 | recall: 0.05680 | ndcg: 0.02854 | hit_rate: 0.08405 | map: 0.01684
Sat 17 Aug 2024 21:24:44 INFO Epoch 29, Loss: 276.45563
Sat 17 Aug 2024 21:24:45 INFO Validation Metrics:
Sat 17 Aug 2024 21:24:45 INFO 5: precision: 0.00530 | recall: 0.02611 | ndcg: 0.01722 | hit_rate: 0.02645 | map: 0.01423
Sat 17 Aug 2024 21:24:45 INFO 10: precision: 0.00391 | recall: 0.03851 | ndcg: 0.02121 | hit_rate: 0.03901 | map: 0.01586
Sat 17 Aug 2024 21:24:45 INFO 20: precision: 0.00289 | recall: 0.05705 | ndcg: 0.02588 | hit_rate: 0.05766 | map: 0.01713
Sat 17 Aug 2024 21:24:45 INFO Test Metrics:
Sat 17 Aug 2024 21:24:45 INFO 5: precision: 0.00792 | recall: 0.02491 | ndcg: 0.01832 | hit_rate: 0.03829 | map: 0.01353
Sat 17 Aug 2024 21:24:45 INFO 10: precision: 0.00622 | recall: 0.03883 | ndcg: 0.02339 | hit_rate: 0.05865 | map: 0.01547
Sat 17 Aug 2024 21:24:45 INFO 20: precision: 0.00453 | recall: 0.05671 | ndcg: 0.02849 | hit_rate: 0.08389 | map: 0.01681
Sat 17 Aug 2024 21:24:54 INFO Epoch 30, Loss: 276.05372
Sat 17 Aug 2024 21:24:55 INFO Validation Metrics:
Sat 17 Aug 2024 21:24:55 INFO 5: precision: 0.00527 | recall: 0.02597 | ndcg: 0.01709 | hit_rate: 0.02628 | map: 0.01412
Sat 17 Aug 2024 21:24:55 INFO 10: precision: 0.00388 | recall: 0.03829 | ndcg: 0.02106 | hit_rate: 0.03879 | map: 0.01574
Sat 17 Aug 2024 21:24:55 INFO 20: precision: 0.00288 | recall: 0.05700 | ndcg: 0.02578 | hit_rate: 0.05760 | map: 0.01702
Sat 17 Aug 2024 21:24:55 INFO Test Metrics:
Sat 17 Aug 2024 21:24:55 INFO 5: precision: 0.00792 | recall: 0.02469 | ndcg: 0.01820 | hit_rate: 0.03829 | map: 0.01342
Sat 17 Aug 2024 21:24:55 INFO 10: precision: 0.00620 | recall: 0.03883 | ndcg: 0.02331 | hit_rate: 0.05849 | map: 0.01539
Sat 17 Aug 2024 21:24:55 INFO 20: precision: 0.00455 | recall: 0.05695 | ndcg: 0.02848 | hit_rate: 0.08427 | map: 0.01674
Sat 17 Aug 2024 21:25:04 INFO Epoch 31, Loss: 275.78437
Sat 17 Aug 2024 21:25:04 INFO Validation Metrics:
Sat 17 Aug 2024 21:25:04 INFO 5: precision: 0.00531 | recall: 0.02617 | ndcg: 0.01732 | hit_rate: 0.02651 | map: 0.01435
Sat 17 Aug 2024 21:25:04 INFO 10: precision: 0.00385 | recall: 0.03795 | ndcg: 0.02112 | hit_rate: 0.03846 | map: 0.01590
Sat 17 Aug 2024 21:25:04 INFO 20: precision: 0.00290 | recall: 0.05739 | ndcg: 0.02602 | hit_rate: 0.05799 | map: 0.01724
Sat 17 Aug 2024 21:25:04 INFO Test Metrics:
Sat 17 Aug 2024 21:25:04 INFO 5: precision: 0.00797 | recall: 0.02486 | ndcg: 0.01838 | hit_rate: 0.03857 | map: 0.01357
Sat 17 Aug 2024 21:25:04 INFO 10: precision: 0.00618 | recall: 0.03859 | ndcg: 0.02336 | hit_rate: 0.05805 | map: 0.01552
Sat 17 Aug 2024 21:25:04 INFO 20: precision: 0.00457 | recall: 0.05715 | ndcg: 0.02867 | hit_rate: 0.08472 | map: 0.01689
Sat 17 Aug 2024 21:25:14 INFO Epoch 32, Loss: 275.50674
Sat 17 Aug 2024 21:25:15 INFO Validation Metrics:
Sat 17 Aug 2024 21:25:15 INFO 5: precision: 0.00536 | recall: 0.02639 | ndcg: 0.01733 | hit_rate: 0.02673 | map: 0.01430
Sat 17 Aug 2024 21:25:15 INFO 10: precision: 0.00387 | recall: 0.03812 | ndcg: 0.02112 | hit_rate: 0.03862 | map: 0.01585
Sat 17 Aug 2024 21:25:15 INFO 20: precision: 0.00291 | recall: 0.05761 | ndcg: 0.02603 | hit_rate: 0.05821 | map: 0.01718
Sat 17 Aug 2024 21:25:15 INFO Test Metrics:
Sat 17 Aug 2024 21:25:15 INFO 5: precision: 0.00801 | recall: 0.02498 | ndcg: 0.01851 | hit_rate: 0.03868 | map: 0.01371
Sat 17 Aug 2024 21:25:15 INFO 10: precision: 0.00623 | recall: 0.03893 | ndcg: 0.02357 | hit_rate: 0.05876 | map: 0.01567
Sat 17 Aug 2024 21:25:15 INFO 20: precision: 0.00458 | recall: 0.05731 | ndcg: 0.02880 | hit_rate: 0.08477 | map: 0.01703
Sat 17 Aug 2024 21:25:23 INFO Epoch 33, Loss: 275.20035
Sat 17 Aug 2024 21:25:24 INFO Validation Metrics:
Sat 17 Aug 2024 21:25:24 INFO 5: precision: 0.00527 | recall: 0.02597 | ndcg: 0.01717 | hit_rate: 0.02628 | map: 0.01422
Sat 17 Aug 2024 21:25:24 INFO 10: precision: 0.00390 | recall: 0.03845 | ndcg: 0.02120 | hit_rate: 0.03896 | map: 0.01586
Sat 17 Aug 2024 21:25:24 INFO 20: precision: 0.00291 | recall: 0.05761 | ndcg: 0.02602 | hit_rate: 0.05821 | map: 0.01718
Sat 17 Aug 2024 21:25:24 INFO Test Metrics:
Sat 17 Aug 2024 21:25:24 INFO 5: precision: 0.00790 | recall: 0.02466 | ndcg: 0.01827 | hit_rate: 0.03813 | map: 0.01352
Sat 17 Aug 2024 21:25:24 INFO 10: precision: 0.00627 | recall: 0.03897 | ndcg: 0.02350 | hit_rate: 0.05904 | map: 0.01554
Sat 17 Aug 2024 21:25:24 INFO 20: precision: 0.00457 | recall: 0.05719 | ndcg: 0.02866 | hit_rate: 0.08472 | map: 0.01688
Sat 17 Aug 2024 21:25:32 INFO Epoch 34, Loss: 275.11447
Sat 17 Aug 2024 21:25:33 INFO Validation Metrics:
Sat 17 Aug 2024 21:25:33 INFO 5: precision: 0.00527 | recall: 0.02601 | ndcg: 0.01724 | hit_rate: 0.02628 | map: 0.01431
Sat 17 Aug 2024 21:25:33 INFO 10: precision: 0.00393 | recall: 0.03873 | ndcg: 0.02133 | hit_rate: 0.03923 | map: 0.01597
Sat 17 Aug 2024 21:25:33 INFO 20: precision: 0.00289 | recall: 0.05716 | ndcg: 0.02597 | hit_rate: 0.05777 | map: 0.01723
Sat 17 Aug 2024 21:25:33 INFO Test Metrics:
Sat 17 Aug 2024 21:25:33 INFO 5: precision: 0.00797 | recall: 0.02484 | ndcg: 0.01832 | hit_rate: 0.03851 | map: 0.01350
Sat 17 Aug 2024 21:25:33 INFO 10: precision: 0.00627 | recall: 0.03895 | ndcg: 0.02347 | hit_rate: 0.05910 | map: 0.01549
Sat 17 Aug 2024 21:25:33 INFO 20: precision: 0.00457 | recall: 0.05711 | ndcg: 0.02863 | hit_rate: 0.08466 | map: 0.01683
Sat 17 Aug 2024 21:25:42 INFO Epoch 35, Loss: 274.89122
Sat 17 Aug 2024 21:25:43 INFO Validation Metrics:
Sat 17 Aug 2024 21:25:43 INFO 5: precision: 0.00528 | recall: 0.02607 | ndcg: 0.01732 | hit_rate: 0.02634 | map: 0.01440
Sat 17 Aug 2024 21:25:43 INFO 10: precision: 0.00393 | recall: 0.03873 | ndcg: 0.02140 | hit_rate: 0.03923 | map: 0.01605
Sat 17 Aug 2024 21:25:43 INFO 20: precision: 0.00288 | recall: 0.05700 | ndcg: 0.02600 | hit_rate: 0.05760 | map: 0.01730
Sat 17 Aug 2024 21:25:43 INFO Test Metrics:
Sat 17 Aug 2024 21:25:43 INFO 5: precision: 0.00808 | recall: 0.02542 | ndcg: 0.01855 | hit_rate: 0.03901 | map: 0.01364
Sat 17 Aug 2024 21:25:43 INFO 10: precision: 0.00629 | recall: 0.03912 | ndcg: 0.02356 | hit_rate: 0.05915 | map: 0.01557
Sat 17 Aug 2024 21:25:43 INFO 20: precision: 0.00459 | recall: 0.05748 | ndcg: 0.02878 | hit_rate: 0.08510 | map: 0.01692
Sat 17 Aug 2024 21:25:51 INFO Epoch 36, Loss: 274.65578
Sat 17 Aug 2024 21:25:52 INFO Validation Metrics:
Sat 17 Aug 2024 21:25:52 INFO 5: precision: 0.00532 | recall: 0.02626 | ndcg: 0.01740 | hit_rate: 0.02656 | map: 0.01443
Sat 17 Aug 2024 21:25:52 INFO 10: precision: 0.00395 | recall: 0.03890 | ndcg: 0.02147 | hit_rate: 0.03940 | map: 0.01609
Sat 17 Aug 2024 21:25:52 INFO 20: precision: 0.00289 | recall: 0.05716 | ndcg: 0.02608 | hit_rate: 0.05777 | map: 0.01735
Sat 17 Aug 2024 21:25:52 INFO Test Metrics:
Sat 17 Aug 2024 21:25:52 INFO 5: precision: 0.00803 | recall: 0.02528 | ndcg: 0.01851 | hit_rate: 0.03868 | map: 0.01364
Sat 17 Aug 2024 21:25:52 INFO 10: precision: 0.00629 | recall: 0.03908 | ndcg: 0.02358 | hit_rate: 0.05915 | map: 0.01559
Sat 17 Aug 2024 21:25:52 INFO 20: precision: 0.00456 | recall: 0.05705 | ndcg: 0.02870 | hit_rate: 0.08438 | map: 0.01694
Sat 17 Aug 2024 21:26:01 INFO Epoch 37, Loss: 274.67613
Sat 17 Aug 2024 21:26:02 INFO Validation Metrics:
Sat 17 Aug 2024 21:26:02 INFO 5: precision: 0.00536 | recall: 0.02645 | ndcg: 0.01736 | hit_rate: 0.02673 | map: 0.01432
Sat 17 Aug 2024 21:26:02 INFO 10: precision: 0.00388 | recall: 0.03829 | ndcg: 0.02118 | hit_rate: 0.03879 | map: 0.01587
Sat 17 Aug 2024 21:26:02 INFO 20: precision: 0.00289 | recall: 0.05708 | ndcg: 0.02592 | hit_rate: 0.05766 | map: 0.01717
Sat 17 Aug 2024 21:26:02 INFO Test Metrics:
Sat 17 Aug 2024 21:26:02 INFO 5: precision: 0.00803 | recall: 0.02527 | ndcg: 0.01854 | hit_rate: 0.03879 | map: 0.01367
Sat 17 Aug 2024 21:26:02 INFO 10: precision: 0.00632 | recall: 0.03930 | ndcg: 0.02368 | hit_rate: 0.05948 | map: 0.01565
Sat 17 Aug 2024 21:26:02 INFO 20: precision: 0.00458 | recall: 0.05733 | ndcg: 0.02882 | hit_rate: 0.08488 | map: 0.01699
Sat 17 Aug 2024 21:26:11 INFO Epoch 38, Loss: 274.37865
Sat 17 Aug 2024 21:26:12 INFO Validation Metrics:
Sat 17 Aug 2024 21:26:12 INFO 5: precision: 0.00533 | recall: 0.02632 | ndcg: 0.01727 | hit_rate: 0.02662 | map: 0.01424
Sat 17 Aug 2024 21:26:12 INFO 10: precision: 0.00399 | recall: 0.03934 | ndcg: 0.02143 | hit_rate: 0.03984 | map: 0.01592
Sat 17 Aug 2024 21:26:12 INFO 20: precision: 0.00291 | recall: 0.05744 | ndcg: 0.02599 | hit_rate: 0.05805 | map: 0.01715
Sat 17 Aug 2024 21:26:12 INFO Test Metrics:
Sat 17 Aug 2024 21:26:12 INFO 5: precision: 0.00805 | recall: 0.02527 | ndcg: 0.01861 | hit_rate: 0.03873 | map: 0.01376
Sat 17 Aug 2024 21:26:12 INFO 10: precision: 0.00636 | recall: 0.03949 | ndcg: 0.02383 | hit_rate: 0.05993 | map: 0.01576
Sat 17 Aug 2024 21:26:12 INFO 20: precision: 0.00456 | recall: 0.05708 | ndcg: 0.02883 | hit_rate: 0.08461 | map: 0.01706
Sat 17 Aug 2024 21:26:20 INFO Epoch 39, Loss: 274.30849
Sat 17 Aug 2024 21:26:21 INFO Validation Metrics:
Sat 17 Aug 2024 21:26:21 INFO 5: precision: 0.00531 | recall: 0.02618 | ndcg: 0.01707 | hit_rate: 0.02651 | map: 0.01401
Sat 17 Aug 2024 21:26:21 INFO 10: precision: 0.00395 | recall: 0.03895 | ndcg: 0.02116 | hit_rate: 0.03945 | map: 0.01567
Sat 17 Aug 2024 21:26:21 INFO 20: precision: 0.00292 | recall: 0.05777 | ndcg: 0.02590 | hit_rate: 0.05838 | map: 0.01696
Sat 17 Aug 2024 21:26:21 INFO Test Metrics:
Sat 17 Aug 2024 21:26:21 INFO 5: precision: 0.00801 | recall: 0.02512 | ndcg: 0.01853 | hit_rate: 0.03862 | map: 0.01370
Sat 17 Aug 2024 21:26:21 INFO 10: precision: 0.00636 | recall: 0.03965 | ndcg: 0.02383 | hit_rate: 0.05998 | map: 0.01574
Sat 17 Aug 2024 21:26:21 INFO 20: precision: 0.00461 | recall: 0.05768 | ndcg: 0.02897 | hit_rate: 0.08538 | map: 0.01708
Sat 17 Aug 2024 21:26:30 INFO Epoch 40, Loss: 274.02269
Sat 17 Aug 2024 21:26:31 INFO Validation Metrics:
Sat 17 Aug 2024 21:26:31 INFO 5: precision: 0.00536 | recall: 0.02640 | ndcg: 0.01740 | hit_rate: 0.02673 | map: 0.01439
Sat 17 Aug 2024 21:26:31 INFO 10: precision: 0.00391 | recall: 0.03856 | ndcg: 0.02130 | hit_rate: 0.03907 | map: 0.01596
Sat 17 Aug 2024 21:26:31 INFO 20: precision: 0.00291 | recall: 0.05761 | ndcg: 0.02609 | hit_rate: 0.05821 | map: 0.01726
Sat 17 Aug 2024 21:26:31 INFO Test Metrics:
Sat 17 Aug 2024 21:26:31 INFO 5: precision: 0.00808 | recall: 0.02529 | ndcg: 0.01866 | hit_rate: 0.03890 | map: 0.01379
Sat 17 Aug 2024 21:26:31 INFO 10: precision: 0.00636 | recall: 0.03959 | ndcg: 0.02388 | hit_rate: 0.06026 | map: 0.01578
Sat 17 Aug 2024 21:26:31 INFO 20: precision: 0.00462 | recall: 0.05778 | ndcg: 0.02906 | hit_rate: 0.08555 | map: 0.01714
Sat 17 Aug 2024 21:26:39 INFO Epoch 41, Loss: 274.07268
Sat 17 Aug 2024 21:26:40 INFO Validation Metrics:
Sat 17 Aug 2024 21:26:40 INFO 5: precision: 0.00532 | recall: 0.02623 | ndcg: 0.01724 | hit_rate: 0.02656 | map: 0.01423
Sat 17 Aug 2024 21:26:40 INFO 10: precision: 0.00396 | recall: 0.03909 | ndcg: 0.02134 | hit_rate: 0.03956 | map: 0.01587
Sat 17 Aug 2024 21:26:40 INFO 20: precision: 0.00291 | recall: 0.05750 | ndcg: 0.02596 | hit_rate: 0.05810 | map: 0.01712
Sat 17 Aug 2024 21:26:40 INFO Test Metrics:
Sat 17 Aug 2024 21:26:40 INFO 5: precision: 0.00805 | recall: 0.02525 | ndcg: 0.01861 | hit_rate: 0.03868 | map: 0.01376
Sat 17 Aug 2024 21:26:40 INFO 10: precision: 0.00629 | recall: 0.03920 | ndcg: 0.02372 | hit_rate: 0.05937 | map: 0.01572
Sat 17 Aug 2024 21:26:40 INFO 20: precision: 0.00459 | recall: 0.05729 | ndcg: 0.02890 | hit_rate: 0.08527 | map: 0.01708
Sat 17 Aug 2024 21:26:49 INFO Epoch 42, Loss: 273.88986
Sat 17 Aug 2024 21:26:50 INFO Validation Metrics:
Sat 17 Aug 2024 21:26:50 INFO 5: precision: 0.00530 | recall: 0.02615 | ndcg: 0.01724 | hit_rate: 0.02645 | map: 0.01425
Sat 17 Aug 2024 21:26:50 INFO 10: precision: 0.00396 | recall: 0.03901 | ndcg: 0.02136 | hit_rate: 0.03951 | map: 0.01591
Sat 17 Aug 2024 21:26:50 INFO 20: precision: 0.00294 | recall: 0.05819 | ndcg: 0.02619 | hit_rate: 0.05876 | map: 0.01722
Sat 17 Aug 2024 21:26:50 INFO Test Metrics:
Sat 17 Aug 2024 21:26:50 INFO 5: precision: 0.00808 | recall: 0.02539 | ndcg: 0.01879 | hit_rate: 0.03890 | map: 0.01394
Sat 17 Aug 2024 21:26:50 INFO 10: precision: 0.00631 | recall: 0.03940 | ndcg: 0.02393 | hit_rate: 0.05954 | map: 0.01592
Sat 17 Aug 2024 21:26:50 INFO 20: precision: 0.00463 | recall: 0.05791 | ndcg: 0.02922 | hit_rate: 0.08604 | map: 0.01730
Sat 17 Aug 2024 21:26:58 INFO Epoch 43, Loss: 273.79003
Sat 17 Aug 2024 21:26:59 INFO Validation Metrics:
Sat 17 Aug 2024 21:26:59 INFO 5: precision: 0.00535 | recall: 0.02634 | ndcg: 0.01744 | hit_rate: 0.02667 | map: 0.01445
Sat 17 Aug 2024 21:26:59 INFO 10: precision: 0.00396 | recall: 0.03909 | ndcg: 0.02152 | hit_rate: 0.03956 | map: 0.01610
Sat 17 Aug 2024 21:26:59 INFO 20: precision: 0.00294 | recall: 0.05808 | ndcg: 0.02628 | hit_rate: 0.05865 | map: 0.01738
Sat 17 Aug 2024 21:26:59 INFO Test Metrics:
Sat 17 Aug 2024 21:26:59 INFO 5: precision: 0.00805 | recall: 0.02513 | ndcg: 0.01870 | hit_rate: 0.03879 | map: 0.01389
Sat 17 Aug 2024 21:26:59 INFO 10: precision: 0.00639 | recall: 0.03976 | ndcg: 0.02406 | hit_rate: 0.06009 | map: 0.01596
Sat 17 Aug 2024 21:26:59 INFO 20: precision: 0.00463 | recall: 0.05780 | ndcg: 0.02920 | hit_rate: 0.08599 | map: 0.01729
Sat 17 Aug 2024 21:27:07 INFO Epoch 44, Loss: 273.73147
Sat 17 Aug 2024 21:27:08 INFO Validation Metrics:
Sat 17 Aug 2024 21:27:08 INFO 5: precision: 0.00535 | recall: 0.02634 | ndcg: 0.01744 | hit_rate: 0.02667 | map: 0.01446
Sat 17 Aug 2024 21:27:08 INFO 10: precision: 0.00393 | recall: 0.03879 | ndcg: 0.02142 | hit_rate: 0.03923 | map: 0.01606
Sat 17 Aug 2024 21:27:08 INFO 20: precision: 0.00294 | recall: 0.05822 | ndcg: 0.02629 | hit_rate: 0.05876 | map: 0.01738
Sat 17 Aug 2024 21:27:08 INFO Test Metrics:
Sat 17 Aug 2024 21:27:08 INFO 5: precision: 0.00826 | recall: 0.02590 | ndcg: 0.01908 | hit_rate: 0.03984 | map: 0.01411
Sat 17 Aug 2024 21:27:08 INFO 10: precision: 0.00636 | recall: 0.03963 | ndcg: 0.02411 | hit_rate: 0.05993 | map: 0.01605
Sat 17 Aug 2024 21:27:08 INFO 20: precision: 0.00469 | recall: 0.05859 | ndcg: 0.02949 | hit_rate: 0.08715 | map: 0.01743
Sat 17 Aug 2024 21:27:18 INFO Epoch 45, Loss: 273.56010
Sat 17 Aug 2024 21:27:19 INFO Validation Metrics:
Sat 17 Aug 2024 21:27:19 INFO 5: precision: 0.00537 | recall: 0.02643 | ndcg: 0.01745 | hit_rate: 0.02678 | map: 0.01443
Sat 17 Aug 2024 21:27:19 INFO 10: precision: 0.00392 | recall: 0.03869 | ndcg: 0.02137 | hit_rate: 0.03918 | map: 0.01602
Sat 17 Aug 2024 21:27:19 INFO 20: precision: 0.00293 | recall: 0.05799 | ndcg: 0.02622 | hit_rate: 0.05854 | map: 0.01733
Sat 17 Aug 2024 21:27:19 INFO Test Metrics:
Sat 17 Aug 2024 21:27:19 INFO 5: precision: 0.00811 | recall: 0.02547 | ndcg: 0.01883 | hit_rate: 0.03907 | map: 0.01395
Sat 17 Aug 2024 21:27:19 INFO 10: precision: 0.00639 | recall: 0.03993 | ndcg: 0.02412 | hit_rate: 0.06020 | map: 0.01600
Sat 17 Aug 2024 21:27:19 INFO 20: precision: 0.00466 | recall: 0.05813 | ndcg: 0.02934 | hit_rate: 0.08654 | map: 0.01734
Sat 17 Aug 2024 21:27:27 INFO Epoch 46, Loss: 273.46480
Sat 17 Aug 2024 21:27:28 INFO Validation Metrics:
Sat 17 Aug 2024 21:27:28 INFO 5: precision: 0.00539 | recall: 0.02657 | ndcg: 0.01747 | hit_rate: 0.02689 | map: 0.01443
Sat 17 Aug 2024 21:27:28 INFO 10: precision: 0.00389 | recall: 0.03841 | ndcg: 0.02128 | hit_rate: 0.03884 | map: 0.01598
Sat 17 Aug 2024 21:27:28 INFO 20: precision: 0.00288 | recall: 0.05705 | ndcg: 0.02600 | hit_rate: 0.05760 | map: 0.01728
Sat 17 Aug 2024 21:27:28 INFO Test Metrics:
Sat 17 Aug 2024 21:27:28 INFO 5: precision: 0.00815 | recall: 0.02551 | ndcg: 0.01888 | hit_rate: 0.03923 | map: 0.01400
Sat 17 Aug 2024 21:27:28 INFO 10: precision: 0.00639 | recall: 0.03985 | ndcg: 0.02415 | hit_rate: 0.06015 | map: 0.01605
Sat 17 Aug 2024 21:27:28 INFO 20: precision: 0.00465 | recall: 0.05818 | ndcg: 0.02938 | hit_rate: 0.08665 | map: 0.01739
Sat 17 Aug 2024 21:27:38 INFO Epoch 47, Loss: 273.39744
Sat 17 Aug 2024 21:27:38 INFO Validation Metrics:
Sat 17 Aug 2024 21:27:38 INFO 5: precision: 0.00537 | recall: 0.02645 | ndcg: 0.01747 | hit_rate: 0.02678 | map: 0.01447
Sat 17 Aug 2024 21:27:38 INFO 10: precision: 0.00391 | recall: 0.03849 | ndcg: 0.02132 | hit_rate: 0.03901 | map: 0.01602
Sat 17 Aug 2024 21:27:38 INFO 20: precision: 0.00294 | recall: 0.05816 | ndcg: 0.02627 | hit_rate: 0.05871 | map: 0.01737
Sat 17 Aug 2024 21:27:38 INFO Test Metrics:
Sat 17 Aug 2024 21:27:38 INFO 5: precision: 0.00810 | recall: 0.02540 | ndcg: 0.01858 | hit_rate: 0.03901 | map: 0.01368
Sat 17 Aug 2024 21:27:38 INFO 10: precision: 0.00632 | recall: 0.03943 | ndcg: 0.02374 | hit_rate: 0.05954 | map: 0.01569
Sat 17 Aug 2024 21:27:38 INFO 20: precision: 0.00468 | recall: 0.05853 | ndcg: 0.02920 | hit_rate: 0.08676 | map: 0.01711
Sat 17 Aug 2024 21:27:47 INFO Epoch 48, Loss: 273.25222
Sat 17 Aug 2024 21:27:48 INFO Validation Metrics:
Sat 17 Aug 2024 21:27:48 INFO 5: precision: 0.00537 | recall: 0.02645 | ndcg: 0.01748 | hit_rate: 0.02678 | map: 0.01448
Sat 17 Aug 2024 21:27:48 INFO 10: precision: 0.00393 | recall: 0.03877 | ndcg: 0.02143 | hit_rate: 0.03929 | map: 0.01608
Sat 17 Aug 2024 21:27:48 INFO 20: precision: 0.00291 | recall: 0.05755 | ndcg: 0.02618 | hit_rate: 0.05810 | map: 0.01738
Sat 17 Aug 2024 21:27:48 INFO Test Metrics:
Sat 17 Aug 2024 21:27:48 INFO 5: precision: 0.00826 | recall: 0.02607 | ndcg: 0.01892 | hit_rate: 0.03973 | map: 0.01389
Sat 17 Aug 2024 21:27:48 INFO 10: precision: 0.00637 | recall: 0.03991 | ndcg: 0.02400 | hit_rate: 0.06020 | map: 0.01585
Sat 17 Aug 2024 21:27:48 INFO 20: precision: 0.00465 | recall: 0.05810 | ndcg: 0.02923 | hit_rate: 0.08632 | map: 0.01721
Sat 17 Aug 2024 21:27:57 INFO Epoch 49, Loss: 273.20689
Sat 17 Aug 2024 21:27:58 INFO Validation Metrics:
Sat 17 Aug 2024 21:27:58 INFO 5: precision: 0.00536 | recall: 0.02641 | ndcg: 0.01746 | hit_rate: 0.02673 | map: 0.01446
Sat 17 Aug 2024 21:27:58 INFO 10: precision: 0.00390 | recall: 0.03843 | ndcg: 0.02133 | hit_rate: 0.03896 | map: 0.01604
Sat 17 Aug 2024 21:27:58 INFO 20: precision: 0.00295 | recall: 0.05833 | ndcg: 0.02634 | hit_rate: 0.05888 | map: 0.01740
Sat 17 Aug 2024 21:27:58 INFO Test Metrics:
Sat 17 Aug 2024 21:27:58 INFO 5: precision: 0.00826 | recall: 0.02591 | ndcg: 0.01905 | hit_rate: 0.03973 | map: 0.01409
Sat 17 Aug 2024 21:27:58 INFO 10: precision: 0.00643 | recall: 0.04018 | ndcg: 0.02428 | hit_rate: 0.06059 | map: 0.01612
Sat 17 Aug 2024 21:27:58 INFO 20: precision: 0.00470 | recall: 0.05859 | ndcg: 0.02955 | hit_rate: 0.08710 | map: 0.01748
Sat 17 Aug 2024 21:28:06 INFO Epoch 50, Loss: 273.09430
Sat 17 Aug 2024 21:28:07 INFO Validation Metrics:
Sat 17 Aug 2024 21:28:07 INFO 5: precision: 0.00530 | recall: 0.02619 | ndcg: 0.01747 | hit_rate: 0.02645 | map: 0.01456
Sat 17 Aug 2024 21:28:07 INFO 10: precision: 0.00393 | recall: 0.03881 | ndcg: 0.02153 | hit_rate: 0.03929 | map: 0.01621
Sat 17 Aug 2024 21:28:07 INFO 20: precision: 0.00292 | recall: 0.05783 | ndcg: 0.02631 | hit_rate: 0.05838 | map: 0.01750
Sat 17 Aug 2024 21:28:07 INFO Test Metrics:
Sat 17 Aug 2024 21:28:07 INFO 5: precision: 0.00824 | recall: 0.02590 | ndcg: 0.01896 | hit_rate: 0.03979 | map: 0.01399
Sat 17 Aug 2024 21:28:07 INFO 10: precision: 0.00652 | recall: 0.04055 | ndcg: 0.02433 | hit_rate: 0.06153 | map: 0.01605
Sat 17 Aug 2024 21:28:07 INFO 20: precision: 0.00469 | recall: 0.05850 | ndcg: 0.02944 | hit_rate: 0.08693 | map: 0.01738
Sat 17 Aug 2024 21:28:16 INFO Epoch 51, Loss: 273.11225
Sat 17 Aug 2024 21:28:17 INFO Validation Metrics:
Sat 17 Aug 2024 21:28:17 INFO 5: precision: 0.00531 | recall: 0.02626 | ndcg: 0.01742 | hit_rate: 0.02651 | map: 0.01448
Sat 17 Aug 2024 21:28:17 INFO 10: precision: 0.00395 | recall: 0.03898 | ndcg: 0.02150 | hit_rate: 0.03945 | map: 0.01612
Sat 17 Aug 2024 21:28:17 INFO 20: precision: 0.00292 | recall: 0.05777 | ndcg: 0.02625 | hit_rate: 0.05832 | map: 0.01742
Sat 17 Aug 2024 21:28:17 INFO Test Metrics:
Sat 17 Aug 2024 21:28:17 INFO 5: precision: 0.00828 | recall: 0.02584 | ndcg: 0.01889 | hit_rate: 0.03995 | map: 0.01389
Sat 17 Aug 2024 21:28:17 INFO 10: precision: 0.00649 | recall: 0.04037 | ndcg: 0.02421 | hit_rate: 0.06148 | map: 0.01594
Sat 17 Aug 2024 21:28:17 INFO 20: precision: 0.00466 | recall: 0.05833 | ndcg: 0.02933 | hit_rate: 0.08671 | map: 0.01727
Sat 17 Aug 2024 21:28:26 INFO Epoch 52, Loss: 273.01035
Sat 17 Aug 2024 21:28:27 INFO Validation Metrics:
Sat 17 Aug 2024 21:28:27 INFO 5: precision: 0.00533 | recall: 0.02629 | ndcg: 0.01754 | hit_rate: 0.02662 | map: 0.01460
Sat 17 Aug 2024 21:28:27 INFO 10: precision: 0.00393 | recall: 0.03877 | ndcg: 0.02153 | hit_rate: 0.03929 | map: 0.01621
Sat 17 Aug 2024 21:28:27 INFO 20: precision: 0.00292 | recall: 0.05772 | ndcg: 0.02632 | hit_rate: 0.05827 | map: 0.01753
Sat 17 Aug 2024 21:28:27 INFO Test Metrics:
Sat 17 Aug 2024 21:28:27 INFO 5: precision: 0.00823 | recall: 0.02580 | ndcg: 0.01901 | hit_rate: 0.03973 | map: 0.01406
Sat 17 Aug 2024 21:28:27 INFO 10: precision: 0.00646 | recall: 0.04033 | ndcg: 0.02435 | hit_rate: 0.06125 | map: 0.01612
Sat 17 Aug 2024 21:28:27 INFO 20: precision: 0.00469 | recall: 0.05836 | ndcg: 0.02953 | hit_rate: 0.08693 | map: 0.01748
Sat 17 Aug 2024 21:28:35 INFO Epoch 53, Loss: 272.89142
Sat 17 Aug 2024 21:28:36 INFO Validation Metrics:
Sat 17 Aug 2024 21:28:36 INFO 5: precision: 0.00538 | recall: 0.02654 | ndcg: 0.01771 | hit_rate: 0.02684 | map: 0.01475
Sat 17 Aug 2024 21:28:36 INFO 10: precision: 0.00395 | recall: 0.03898 | ndcg: 0.02168 | hit_rate: 0.03945 | map: 0.01635
Sat 17 Aug 2024 21:28:36 INFO 20: precision: 0.00293 | recall: 0.05794 | ndcg: 0.02647 | hit_rate: 0.05849 | map: 0.01766
Sat 17 Aug 2024 21:28:36 INFO Test Metrics:
Sat 17 Aug 2024 21:28:36 INFO 5: precision: 0.00821 | recall: 0.02569 | ndcg: 0.01894 | hit_rate: 0.03951 | map: 0.01400
Sat 17 Aug 2024 21:28:36 INFO 10: precision: 0.00649 | recall: 0.04054 | ndcg: 0.02438 | hit_rate: 0.06159 | map: 0.01609
Sat 17 Aug 2024 21:28:36 INFO 20: precision: 0.00467 | recall: 0.05825 | ndcg: 0.02947 | hit_rate: 0.08682 | map: 0.01743
Sat 17 Aug 2024 21:28:45 INFO Epoch 54, Loss: 272.89639
Sat 17 Aug 2024 21:28:46 INFO Validation Metrics:
Sat 17 Aug 2024 21:28:46 INFO 5: precision: 0.00542 | recall: 0.02676 | ndcg: 0.01772 | hit_rate: 0.02706 | map: 0.01470
Sat 17 Aug 2024 21:28:46 INFO 10: precision: 0.00398 | recall: 0.03926 | ndcg: 0.02170 | hit_rate: 0.03973 | map: 0.01629
Sat 17 Aug 2024 21:28:46 INFO 20: precision: 0.00293 | recall: 0.05805 | ndcg: 0.02644 | hit_rate: 0.05860 | map: 0.01758
Sat 17 Aug 2024 21:28:46 INFO Test Metrics:
Sat 17 Aug 2024 21:28:46 INFO 5: precision: 0.00827 | recall: 0.02594 | ndcg: 0.01904 | hit_rate: 0.03990 | map: 0.01405
Sat 17 Aug 2024 21:28:46 INFO 10: precision: 0.00650 | recall: 0.04061 | ndcg: 0.02442 | hit_rate: 0.06170 | map: 0.01613
Sat 17 Aug 2024 21:28:46 INFO 20: precision: 0.00472 | recall: 0.05891 | ndcg: 0.02964 | hit_rate: 0.08759 | map: 0.01749
Sat 17 Aug 2024 21:28:55 INFO Epoch 55, Loss: 272.85335
Sat 17 Aug 2024 21:28:56 INFO Validation Metrics:
Sat 17 Aug 2024 21:28:56 INFO 5: precision: 0.00546 | recall: 0.02687 | ndcg: 0.01775 | hit_rate: 0.02722 | map: 0.01471
Sat 17 Aug 2024 21:28:56 INFO 10: precision: 0.00396 | recall: 0.03904 | ndcg: 0.02161 | hit_rate: 0.03956 | map: 0.01624
Sat 17 Aug 2024 21:28:56 INFO 20: precision: 0.00293 | recall: 0.05805 | ndcg: 0.02642 | hit_rate: 0.05860 | map: 0.01756
Sat 17 Aug 2024 21:28:56 INFO Test Metrics:
Sat 17 Aug 2024 21:28:56 INFO 5: precision: 0.00827 | recall: 0.02603 | ndcg: 0.01907 | hit_rate: 0.03995 | map: 0.01406
Sat 17 Aug 2024 21:28:56 INFO 10: precision: 0.00649 | recall: 0.04060 | ndcg: 0.02441 | hit_rate: 0.06153 | map: 0.01611
Sat 17 Aug 2024 21:28:56 INFO 20: precision: 0.00473 | recall: 0.05884 | ndcg: 0.02965 | hit_rate: 0.08776 | map: 0.01747
Sat 17 Aug 2024 21:29:04 INFO Epoch 56, Loss: 272.81604
Sat 17 Aug 2024 21:29:05 INFO Validation Metrics:
Sat 17 Aug 2024 21:29:05 INFO 5: precision: 0.00533 | recall: 0.02634 | ndcg: 0.01745 | hit_rate: 0.02662 | map: 0.01447
Sat 17 Aug 2024 21:29:05 INFO 10: precision: 0.00401 | recall: 0.03954 | ndcg: 0.02165 | hit_rate: 0.04006 | map: 0.01616
Sat 17 Aug 2024 21:29:05 INFO 20: precision: 0.00289 | recall: 0.05728 | ndcg: 0.02613 | hit_rate: 0.05782 | map: 0.01739
Sat 17 Aug 2024 21:29:05 INFO Test Metrics:
Sat 17 Aug 2024 21:29:05 INFO 5: precision: 0.00838 | recall: 0.02635 | ndcg: 0.01931 | hit_rate: 0.04045 | map: 0.01425
Sat 17 Aug 2024 21:29:05 INFO 10: precision: 0.00650 | recall: 0.04065 | ndcg: 0.02454 | hit_rate: 0.06153 | map: 0.01625
Sat 17 Aug 2024 21:29:05 INFO 20: precision: 0.00476 | recall: 0.05927 | ndcg: 0.02986 | hit_rate: 0.08804 | map: 0.01764
Sat 17 Aug 2024 21:29:14 INFO Epoch 57, Loss: 272.77387
Sat 17 Aug 2024 21:29:15 INFO Validation Metrics:
Sat 17 Aug 2024 21:29:15 INFO 5: precision: 0.00538 | recall: 0.02651 | ndcg: 0.01773 | hit_rate: 0.02684 | map: 0.01479
Sat 17 Aug 2024 21:29:15 INFO 10: precision: 0.00401 | recall: 0.03959 | ndcg: 0.02190 | hit_rate: 0.04006 | map: 0.01648
Sat 17 Aug 2024 21:29:15 INFO 20: precision: 0.00290 | recall: 0.05733 | ndcg: 0.02639 | hit_rate: 0.05788 | map: 0.01770
Sat 17 Aug 2024 21:29:15 INFO Test Metrics:
Sat 17 Aug 2024 21:29:15 INFO 5: precision: 0.00838 | recall: 0.02641 | ndcg: 0.01926 | hit_rate: 0.04039 | map: 0.01419
Sat 17 Aug 2024 21:29:15 INFO 10: precision: 0.00653 | recall: 0.04081 | ndcg: 0.02454 | hit_rate: 0.06197 | map: 0.01620
Sat 17 Aug 2024 21:29:15 INFO 20: precision: 0.00477 | recall: 0.05949 | ndcg: 0.02988 | hit_rate: 0.08842 | map: 0.01759
Sat 17 Aug 2024 21:29:24 INFO Epoch 58, Loss: 272.65647
Sat 17 Aug 2024 21:29:25 INFO Validation Metrics:
Sat 17 Aug 2024 21:29:25 INFO 5: precision: 0.00533 | recall: 0.02632 | ndcg: 0.01762 | hit_rate: 0.02662 | map: 0.01471
Sat 17 Aug 2024 21:29:25 INFO 10: precision: 0.00401 | recall: 0.03959 | ndcg: 0.02187 | hit_rate: 0.04006 | map: 0.01643
Sat 17 Aug 2024 21:29:25 INFO 20: precision: 0.00292 | recall: 0.05788 | ndcg: 0.02648 | hit_rate: 0.05843 | map: 0.01768
Sat 17 Aug 2024 21:29:25 INFO Test Metrics:
Sat 17 Aug 2024 21:29:25 INFO 5: precision: 0.00839 | recall: 0.02619 | ndcg: 0.01931 | hit_rate: 0.04050 | map: 0.01425
Sat 17 Aug 2024 21:29:25 INFO 10: precision: 0.00645 | recall: 0.04038 | ndcg: 0.02449 | hit_rate: 0.06114 | map: 0.01626
Sat 17 Aug 2024 21:29:25 INFO 20: precision: 0.00473 | recall: 0.05893 | ndcg: 0.02982 | hit_rate: 0.08765 | map: 0.01766
Sat 17 Aug 2024 21:29:34 INFO Epoch 59, Loss: 272.56713
Sat 17 Aug 2024 21:29:35 INFO Validation Metrics:
Sat 17 Aug 2024 21:29:35 INFO 5: precision: 0.00541 | recall: 0.02673 | ndcg: 0.01771 | hit_rate: 0.02700 | map: 0.01469
Sat 17 Aug 2024 21:29:35 INFO 10: precision: 0.00402 | recall: 0.03964 | ndcg: 0.02184 | hit_rate: 0.04012 | map: 0.01635
Sat 17 Aug 2024 21:29:35 INFO 20: precision: 0.00289 | recall: 0.05728 | ndcg: 0.02629 | hit_rate: 0.05782 | map: 0.01757
Sat 17 Aug 2024 21:29:35 INFO Test Metrics:
Sat 17 Aug 2024 21:29:35 INFO 5: precision: 0.00843 | recall: 0.02649 | ndcg: 0.01960 | hit_rate: 0.04062 | map: 0.01455
Sat 17 Aug 2024 21:29:35 INFO 10: precision: 0.00647 | recall: 0.04031 | ndcg: 0.02468 | hit_rate: 0.06131 | map: 0.01650
Sat 17 Aug 2024 21:29:35 INFO 20: precision: 0.00478 | recall: 0.05957 | ndcg: 0.03017 | hit_rate: 0.08859 | map: 0.01794
Sat 17 Aug 2024 21:29:43 INFO Epoch 60, Loss: 272.55806
Sat 17 Aug 2024 21:29:44 INFO Validation Metrics:
Sat 17 Aug 2024 21:29:44 INFO 5: precision: 0.00547 | recall: 0.02701 | ndcg: 0.01789 | hit_rate: 0.02728 | map: 0.01485
Sat 17 Aug 2024 21:29:44 INFO 10: precision: 0.00404 | recall: 0.03996 | ndcg: 0.02201 | hit_rate: 0.04039 | map: 0.01649
Sat 17 Aug 2024 21:29:44 INFO 20: precision: 0.00296 | recall: 0.05852 | ndcg: 0.02667 | hit_rate: 0.05910 | map: 0.01775
Sat 17 Aug 2024 21:29:44 INFO Test Metrics:
Sat 17 Aug 2024 21:29:44 INFO 5: precision: 0.00833 | recall: 0.02625 | ndcg: 0.01947 | hit_rate: 0.04023 | map: 0.01446
Sat 17 Aug 2024 21:29:44 INFO 10: precision: 0.00649 | recall: 0.04062 | ndcg: 0.02475 | hit_rate: 0.06159 | map: 0.01649
Sat 17 Aug 2024 21:29:44 INFO 20: precision: 0.00477 | recall: 0.05952 | ndcg: 0.03015 | hit_rate: 0.08842 | map: 0.01790
Sat 17 Aug 2024 21:29:53 INFO Epoch 61, Loss: 272.52487
Sat 17 Aug 2024 21:29:54 INFO Validation Metrics:
Sat 17 Aug 2024 21:29:54 INFO 5: precision: 0.00540 | recall: 0.02668 | ndcg: 0.01779 | hit_rate: 0.02695 | map: 0.01481
Sat 17 Aug 2024 21:29:54 INFO 10: precision: 0.00404 | recall: 0.03985 | ndcg: 0.02199 | hit_rate: 0.04034 | map: 0.01650
Sat 17 Aug 2024 21:29:54 INFO 20: precision: 0.00292 | recall: 0.05772 | ndcg: 0.02649 | hit_rate: 0.05827 | map: 0.01772
Sat 17 Aug 2024 21:29:54 INFO Test Metrics:
Sat 17 Aug 2024 21:29:54 INFO 5: precision: 0.00843 | recall: 0.02647 | ndcg: 0.01954 | hit_rate: 0.04067 | map: 0.01447
Sat 17 Aug 2024 21:29:54 INFO 10: precision: 0.00650 | recall: 0.04045 | ndcg: 0.02469 | hit_rate: 0.06159 | map: 0.01646
Sat 17 Aug 2024 21:29:54 INFO 20: precision: 0.00478 | recall: 0.05960 | ndcg: 0.03015 | hit_rate: 0.08881 | map: 0.01788
Sat 17 Aug 2024 21:30:03 INFO Epoch 62, Loss: 272.36667
Sat 17 Aug 2024 21:30:04 INFO Validation Metrics:
Sat 17 Aug 2024 21:30:04 INFO 5: precision: 0.00538 | recall: 0.02657 | ndcg: 0.01762 | hit_rate: 0.02684 | map: 0.01462
Sat 17 Aug 2024 21:30:04 INFO 10: precision: 0.00399 | recall: 0.03940 | ndcg: 0.02174 | hit_rate: 0.03984 | map: 0.01628
Sat 17 Aug 2024 21:30:04 INFO 20: precision: 0.00292 | recall: 0.05783 | ndcg: 0.02637 | hit_rate: 0.05838 | map: 0.01754
Sat 17 Aug 2024 21:30:04 INFO Test Metrics:
Sat 17 Aug 2024 21:30:04 INFO 5: precision: 0.00840 | recall: 0.02645 | ndcg: 0.01950 | hit_rate: 0.04050 | map: 0.01443
Sat 17 Aug 2024 21:30:04 INFO 10: precision: 0.00648 | recall: 0.04028 | ndcg: 0.02461 | hit_rate: 0.06131 | map: 0.01639
Sat 17 Aug 2024 21:30:04 INFO 20: precision: 0.00477 | recall: 0.05937 | ndcg: 0.03008 | hit_rate: 0.08859 | map: 0.01781
Sat 17 Aug 2024 21:30:13 INFO Epoch 63, Loss: 272.44314
Sat 17 Aug 2024 21:30:14 INFO Validation Metrics:
Sat 17 Aug 2024 21:30:14 INFO 5: precision: 0.00540 | recall: 0.02668 | ndcg: 0.01776 | hit_rate: 0.02695 | map: 0.01477
Sat 17 Aug 2024 21:30:14 INFO 10: precision: 0.00395 | recall: 0.03899 | ndcg: 0.02171 | hit_rate: 0.03945 | map: 0.01637
Sat 17 Aug 2024 21:30:14 INFO 20: precision: 0.00289 | recall: 0.05728 | ndcg: 0.02633 | hit_rate: 0.05782 | map: 0.01763
Sat 17 Aug 2024 21:30:14 INFO Test Metrics:
Sat 17 Aug 2024 21:30:14 INFO 5: precision: 0.00852 | recall: 0.02686 | ndcg: 0.01972 | hit_rate: 0.04100 | map: 0.01458
Sat 17 Aug 2024 21:30:14 INFO 10: precision: 0.00652 | recall: 0.04063 | ndcg: 0.02477 | hit_rate: 0.06170 | map: 0.01650
Sat 17 Aug 2024 21:30:14 INFO 20: precision: 0.00475 | recall: 0.05932 | ndcg: 0.03010 | hit_rate: 0.08820 | map: 0.01789
Sat 17 Aug 2024 21:30:22 INFO Epoch 64, Loss: 272.37138
Sat 17 Aug 2024 21:30:23 INFO Validation Metrics:
Sat 17 Aug 2024 21:30:23 INFO 5: precision: 0.00538 | recall: 0.02657 | ndcg: 0.01767 | hit_rate: 0.02684 | map: 0.01468
Sat 17 Aug 2024 21:30:23 INFO 10: precision: 0.00400 | recall: 0.03949 | ndcg: 0.02178 | hit_rate: 0.03995 | map: 0.01633
Sat 17 Aug 2024 21:30:23 INFO 20: precision: 0.00291 | recall: 0.05752 | ndcg: 0.02634 | hit_rate: 0.05810 | map: 0.01757
Sat 17 Aug 2024 21:30:23 INFO Test Metrics:
Sat 17 Aug 2024 21:30:23 INFO 5: precision: 0.00837 | recall: 0.02629 | ndcg: 0.01941 | hit_rate: 0.04028 | map: 0.01437
Sat 17 Aug 2024 21:30:23 INFO 10: precision: 0.00649 | recall: 0.04041 | ndcg: 0.02460 | hit_rate: 0.06137 | map: 0.01637
Sat 17 Aug 2024 21:30:23 INFO 20: precision: 0.00478 | recall: 0.05956 | ndcg: 0.03007 | hit_rate: 0.08859 | map: 0.01779
Sat 17 Aug 2024 21:30:32 INFO Epoch 65, Loss: 272.20179
Sat 17 Aug 2024 21:30:33 INFO Validation Metrics:
Sat 17 Aug 2024 21:30:33 INFO 5: precision: 0.00536 | recall: 0.02649 | ndcg: 0.01772 | hit_rate: 0.02673 | map: 0.01479
Sat 17 Aug 2024 21:30:33 INFO 10: precision: 0.00395 | recall: 0.03902 | ndcg: 0.02174 | hit_rate: 0.03945 | map: 0.01641
Sat 17 Aug 2024 21:30:33 INFO 20: precision: 0.00294 | recall: 0.05813 | ndcg: 0.02658 | hit_rate: 0.05871 | map: 0.01774
Sat 17 Aug 2024 21:30:33 INFO Test Metrics:
Sat 17 Aug 2024 21:30:33 INFO 5: precision: 0.00849 | recall: 0.02676 | ndcg: 0.01969 | hit_rate: 0.04089 | map: 0.01456
Sat 17 Aug 2024 21:30:33 INFO 10: precision: 0.00650 | recall: 0.04055 | ndcg: 0.02475 | hit_rate: 0.06142 | map: 0.01650
Sat 17 Aug 2024 21:30:33 INFO 20: precision: 0.00478 | recall: 0.05966 | ndcg: 0.03021 | hit_rate: 0.08865 | map: 0.01792
Sat 17 Aug 2024 21:30:42 INFO Epoch 66, Loss: 272.27477
Sat 17 Aug 2024 21:30:43 INFO Validation Metrics:
Sat 17 Aug 2024 21:30:43 INFO 5: precision: 0.00533 | recall: 0.02635 | ndcg: 0.01755 | hit_rate: 0.02662 | map: 0.01459
Sat 17 Aug 2024 21:30:43 INFO 10: precision: 0.00398 | recall: 0.03929 | ndcg: 0.02170 | hit_rate: 0.03973 | map: 0.01627
Sat 17 Aug 2024 21:30:43 INFO 20: precision: 0.00294 | recall: 0.05824 | ndcg: 0.02649 | hit_rate: 0.05882 | map: 0.01758
Sat 17 Aug 2024 21:30:43 INFO Test Metrics:
Sat 17 Aug 2024 21:30:43 INFO 5: precision: 0.00852 | recall: 0.02686 | ndcg: 0.01969 | hit_rate: 0.04106 | map: 0.01455
Sat 17 Aug 2024 21:30:43 INFO 10: precision: 0.00655 | recall: 0.04082 | ndcg: 0.02482 | hit_rate: 0.06175 | map: 0.01652
Sat 17 Aug 2024 21:30:43 INFO 20: precision: 0.00480 | recall: 0.05979 | ndcg: 0.03025 | hit_rate: 0.08903 | map: 0.01793
Sat 17 Aug 2024 21:30:52 INFO Epoch 67, Loss: 272.28483
Sat 17 Aug 2024 21:30:53 INFO Validation Metrics:
Sat 17 Aug 2024 21:30:53 INFO 5: precision: 0.00539 | recall: 0.02660 | ndcg: 0.01781 | hit_rate: 0.02689 | map: 0.01486
Sat 17 Aug 2024 21:30:53 INFO 10: precision: 0.00401 | recall: 0.03957 | ndcg: 0.02194 | hit_rate: 0.04001 | map: 0.01652
Sat 17 Aug 2024 21:30:53 INFO 20: precision: 0.00292 | recall: 0.05775 | ndcg: 0.02654 | hit_rate: 0.05832 | map: 0.01777
Sat 17 Aug 2024 21:30:53 INFO Test Metrics:
Sat 17 Aug 2024 21:30:53 INFO 5: precision: 0.00838 | recall: 0.02634 | ndcg: 0.01951 | hit_rate: 0.04023 | map: 0.01449
Sat 17 Aug 2024 21:30:53 INFO 10: precision: 0.00655 | recall: 0.04091 | ndcg: 0.02486 | hit_rate: 0.06197 | map: 0.01653
Sat 17 Aug 2024 21:30:53 INFO 20: precision: 0.00481 | recall: 0.05993 | ndcg: 0.03030 | hit_rate: 0.08948 | map: 0.01794
Sat 17 Aug 2024 21:31:01 INFO Epoch 68, Loss: 272.07807
Sat 17 Aug 2024 21:31:02 INFO Validation Metrics:
Sat 17 Aug 2024 21:31:02 INFO 5: precision: 0.00537 | recall: 0.02646 | ndcg: 0.01767 | hit_rate: 0.02678 | map: 0.01472
Sat 17 Aug 2024 21:31:02 INFO 10: precision: 0.00401 | recall: 0.03957 | ndcg: 0.02187 | hit_rate: 0.04001 | map: 0.01642
Sat 17 Aug 2024 21:31:02 INFO 20: precision: 0.00293 | recall: 0.05797 | ndcg: 0.02652 | hit_rate: 0.05854 | map: 0.01769
Sat 17 Aug 2024 21:31:02 INFO Test Metrics:
Sat 17 Aug 2024 21:31:02 INFO 5: precision: 0.00839 | recall: 0.02637 | ndcg: 0.01957 | hit_rate: 0.04045 | map: 0.01454
Sat 17 Aug 2024 21:31:02 INFO 10: precision: 0.00653 | recall: 0.04073 | ndcg: 0.02485 | hit_rate: 0.06186 | map: 0.01657
Sat 17 Aug 2024 21:31:02 INFO 20: precision: 0.00481 | recall: 0.05978 | ndcg: 0.03031 | hit_rate: 0.08936 | map: 0.01799
Sat 17 Aug 2024 21:31:11 INFO Epoch 69, Loss: 272.14875
Sat 17 Aug 2024 21:31:12 INFO Validation Metrics:
Sat 17 Aug 2024 21:31:12 INFO 5: precision: 0.00535 | recall: 0.02641 | ndcg: 0.01769 | hit_rate: 0.02667 | map: 0.01477
Sat 17 Aug 2024 21:31:12 INFO 10: precision: 0.00395 | recall: 0.03902 | ndcg: 0.02173 | hit_rate: 0.03945 | map: 0.01640
Sat 17 Aug 2024 21:31:12 INFO 20: precision: 0.00295 | recall: 0.05835 | ndcg: 0.02664 | hit_rate: 0.05893 | map: 0.01775
Sat 17 Aug 2024 21:31:12 INFO Test Metrics:
Sat 17 Aug 2024 21:31:12 INFO 5: precision: 0.00843 | recall: 0.02641 | ndcg: 0.01980 | hit_rate: 0.04067 | map: 0.01479
Sat 17 Aug 2024 21:31:12 INFO 10: precision: 0.00657 | recall: 0.04102 | ndcg: 0.02513 | hit_rate: 0.06220 | map: 0.01685
Sat 17 Aug 2024 21:31:12 INFO 20: precision: 0.00476 | recall: 0.05928 | ndcg: 0.03036 | hit_rate: 0.08853 | map: 0.01820
Sat 17 Aug 2024 21:31:21 INFO Epoch 70, Loss: 272.03036
Sat 17 Aug 2024 21:31:22 INFO Validation Metrics:
Sat 17 Aug 2024 21:31:22 INFO 5: precision: 0.00537 | recall: 0.02652 | ndcg: 0.01766 | hit_rate: 0.02678 | map: 0.01469
Sat 17 Aug 2024 21:31:22 INFO 10: precision: 0.00400 | recall: 0.03951 | ndcg: 0.02181 | hit_rate: 0.03995 | map: 0.01636
Sat 17 Aug 2024 21:31:22 INFO 20: precision: 0.00297 | recall: 0.05861 | ndcg: 0.02663 | hit_rate: 0.05921 | map: 0.01767
Sat 17 Aug 2024 21:31:22 INFO Test Metrics:
Sat 17 Aug 2024 21:31:22 INFO 5: precision: 0.00842 | recall: 0.02638 | ndcg: 0.01967 | hit_rate: 0.04067 | map: 0.01464
Sat 17 Aug 2024 21:31:22 INFO 10: precision: 0.00650 | recall: 0.04052 | ndcg: 0.02485 | hit_rate: 0.06148 | map: 0.01664
Sat 17 Aug 2024 21:31:22 INFO 20: precision: 0.00475 | recall: 0.05908 | ndcg: 0.03018 | hit_rate: 0.08837 | map: 0.01803
Sat 17 Aug 2024 21:31:31 INFO Epoch 71, Loss: 271.98151
Sat 17 Aug 2024 21:31:32 INFO Validation Metrics:
Sat 17 Aug 2024 21:31:32 INFO 5: precision: 0.00530 | recall: 0.02616 | ndcg: 0.01755 | hit_rate: 0.02645 | map: 0.01465
Sat 17 Aug 2024 21:31:32 INFO 10: precision: 0.00399 | recall: 0.03940 | ndcg: 0.02179 | hit_rate: 0.03984 | map: 0.01637
Sat 17 Aug 2024 21:31:32 INFO 20: precision: 0.00297 | recall: 0.05870 | ndcg: 0.02668 | hit_rate: 0.05932 | map: 0.01770
Sat 17 Aug 2024 21:31:32 INFO Test Metrics:
Sat 17 Aug 2024 21:31:32 INFO 5: precision: 0.00839 | recall: 0.02617 | ndcg: 0.01975 | hit_rate: 0.04045 | map: 0.01481
Sat 17 Aug 2024 21:31:32 INFO 10: precision: 0.00651 | recall: 0.04059 | ndcg: 0.02503 | hit_rate: 0.06170 | map: 0.01685
Sat 17 Aug 2024 21:31:32 INFO 20: precision: 0.00478 | recall: 0.05961 | ndcg: 0.03045 | hit_rate: 0.08887 | map: 0.01826
Sat 17 Aug 2024 21:31:41 INFO Epoch 72, Loss: 271.93151
Sat 17 Aug 2024 21:31:41 INFO Validation Metrics:
Sat 17 Aug 2024 21:31:41 INFO 5: precision: 0.00538 | recall: 0.02657 | ndcg: 0.01772 | hit_rate: 0.02684 | map: 0.01475
Sat 17 Aug 2024 21:31:41 INFO 10: precision: 0.00403 | recall: 0.03979 | ndcg: 0.02192 | hit_rate: 0.04023 | map: 0.01643
Sat 17 Aug 2024 21:31:41 INFO 20: precision: 0.00297 | recall: 0.05867 | ndcg: 0.02671 | hit_rate: 0.05926 | map: 0.01774
Sat 17 Aug 2024 21:31:41 INFO Test Metrics:
Sat 17 Aug 2024 21:31:41 INFO 5: precision: 0.00839 | recall: 0.02627 | ndcg: 0.01973 | hit_rate: 0.04045 | map: 0.01477
Sat 17 Aug 2024 21:31:41 INFO 10: precision: 0.00653 | recall: 0.04077 | ndcg: 0.02506 | hit_rate: 0.06186 | map: 0.01683
Sat 17 Aug 2024 21:31:41 INFO 20: precision: 0.00480 | recall: 0.05955 | ndcg: 0.03046 | hit_rate: 0.08898 | map: 0.01824
Sat 17 Aug 2024 21:31:50 INFO Epoch 73, Loss: 271.85393
Sat 17 Aug 2024 21:31:51 INFO Validation Metrics:
Sat 17 Aug 2024 21:31:51 INFO 5: precision: 0.00531 | recall: 0.02624 | ndcg: 0.01760 | hit_rate: 0.02651 | map: 0.01469
Sat 17 Aug 2024 21:31:51 INFO 10: precision: 0.00405 | recall: 0.04001 | ndcg: 0.02198 | hit_rate: 0.04045 | map: 0.01644
Sat 17 Aug 2024 21:31:51 INFO 20: precision: 0.00299 | recall: 0.05909 | ndcg: 0.02679 | hit_rate: 0.05965 | map: 0.01775
Sat 17 Aug 2024 21:31:51 INFO Test Metrics:
Sat 17 Aug 2024 21:31:51 INFO 5: precision: 0.00836 | recall: 0.02610 | ndcg: 0.01960 | hit_rate: 0.04023 | map: 0.01467
Sat 17 Aug 2024 21:31:51 INFO 10: precision: 0.00651 | recall: 0.04061 | ndcg: 0.02493 | hit_rate: 0.06159 | map: 0.01674
Sat 17 Aug 2024 21:31:51 INFO 20: precision: 0.00478 | recall: 0.05951 | ndcg: 0.03035 | hit_rate: 0.08870 | map: 0.01815
Sat 17 Aug 2024 21:32:00 INFO Epoch 74, Loss: 271.89485
Sat 17 Aug 2024 21:32:01 INFO Validation Metrics:
Sat 17 Aug 2024 21:32:01 INFO 5: precision: 0.00530 | recall: 0.02621 | ndcg: 0.01760 | hit_rate: 0.02645 | map: 0.01470
Sat 17 Aug 2024 21:32:01 INFO 10: precision: 0.00408 | recall: 0.04034 | ndcg: 0.02211 | hit_rate: 0.04078 | map: 0.01652
Sat 17 Aug 2024 21:32:01 INFO 20: precision: 0.00295 | recall: 0.05843 | ndcg: 0.02668 | hit_rate: 0.05899 | map: 0.01777
Sat 17 Aug 2024 21:32:01 INFO Test Metrics:
Sat 17 Aug 2024 21:32:01 INFO 5: precision: 0.00841 | recall: 0.02636 | ndcg: 0.01977 | hit_rate: 0.04056 | map: 0.01478
Sat 17 Aug 2024 21:32:01 INFO 10: precision: 0.00654 | recall: 0.04084 | ndcg: 0.02507 | hit_rate: 0.06197 | map: 0.01682
Sat 17 Aug 2024 21:32:01 INFO 20: precision: 0.00479 | recall: 0.05953 | ndcg: 0.03042 | hit_rate: 0.08881 | map: 0.01821
Sat 17 Aug 2024 21:32:10 INFO Epoch 75, Loss: 271.65890
Sat 17 Aug 2024 21:32:11 INFO Validation Metrics:
Sat 17 Aug 2024 21:32:11 INFO 5: precision: 0.00531 | recall: 0.02627 | ndcg: 0.01754 | hit_rate: 0.02651 | map: 0.01461
Sat 17 Aug 2024 21:32:11 INFO 10: precision: 0.00402 | recall: 0.03968 | ndcg: 0.02182 | hit_rate: 0.04012 | map: 0.01633
Sat 17 Aug 2024 21:32:11 INFO 20: precision: 0.00296 | recall: 0.05857 | ndcg: 0.02660 | hit_rate: 0.05915 | map: 0.01764
Sat 17 Aug 2024 21:32:11 INFO Test Metrics:
Sat 17 Aug 2024 21:32:11 INFO 5: precision: 0.00831 | recall: 0.02598 | ndcg: 0.01949 | hit_rate: 0.03990 | map: 0.01460
Sat 17 Aug 2024 21:32:11 INFO 10: precision: 0.00655 | recall: 0.04091 | ndcg: 0.02495 | hit_rate: 0.06197 | map: 0.01670
Sat 17 Aug 2024 21:32:11 INFO 20: precision: 0.00478 | recall: 0.05932 | ndcg: 0.03025 | hit_rate: 0.08837 | map: 0.01809
Sat 17 Aug 2024 21:32:20 INFO Epoch 76, Loss: 271.64605
Sat 17 Aug 2024 21:32:20 INFO Validation Metrics:
Sat 17 Aug 2024 21:32:20 INFO 5: precision: 0.00535 | recall: 0.02644 | ndcg: 0.01765 | hit_rate: 0.02667 | map: 0.01471
Sat 17 Aug 2024 21:32:20 INFO 10: precision: 0.00401 | recall: 0.03957 | ndcg: 0.02186 | hit_rate: 0.04001 | map: 0.01640
Sat 17 Aug 2024 21:32:20 INFO 20: precision: 0.00295 | recall: 0.05840 | ndcg: 0.02662 | hit_rate: 0.05899 | map: 0.01771
Sat 17 Aug 2024 21:32:20 INFO Test Metrics:
Sat 17 Aug 2024 21:32:20 INFO 5: precision: 0.00853 | recall: 0.02676 | ndcg: 0.01998 | hit_rate: 0.04111 | map: 0.01493
Sat 17 Aug 2024 21:32:20 INFO 10: precision: 0.00655 | recall: 0.04093 | ndcg: 0.02516 | hit_rate: 0.06197 | map: 0.01692
Sat 17 Aug 2024 21:32:20 INFO 20: precision: 0.00478 | recall: 0.05952 | ndcg: 0.03050 | hit_rate: 0.08892 | map: 0.01830
Sat 17 Aug 2024 21:32:30 INFO Epoch 77, Loss: 271.53847
Sat 17 Aug 2024 21:32:30 INFO Validation Metrics:
Sat 17 Aug 2024 21:32:30 INFO 5: precision: 0.00533 | recall: 0.02638 | ndcg: 0.01760 | hit_rate: 0.02662 | map: 0.01466
Sat 17 Aug 2024 21:32:30 INFO 10: precision: 0.00403 | recall: 0.03980 | ndcg: 0.02190 | hit_rate: 0.04028 | map: 0.01640
Sat 17 Aug 2024 21:32:30 INFO 20: precision: 0.00297 | recall: 0.05868 | ndcg: 0.02667 | hit_rate: 0.05926 | map: 0.01769
Sat 17 Aug 2024 21:32:30 INFO Test Metrics:
Sat 17 Aug 2024 21:32:30 INFO 5: precision: 0.00857 | recall: 0.02683 | ndcg: 0.02000 | hit_rate: 0.04122 | map: 0.01492
Sat 17 Aug 2024 21:32:30 INFO 10: precision: 0.00660 | recall: 0.04112 | ndcg: 0.02521 | hit_rate: 0.06247 | map: 0.01690
Sat 17 Aug 2024 21:32:30 INFO 20: precision: 0.00480 | recall: 0.05970 | ndcg: 0.03053 | hit_rate: 0.08914 | map: 0.01828
Sat 17 Aug 2024 21:32:39 INFO Epoch 78, Loss: 271.43532
Sat 17 Aug 2024 21:32:40 INFO Validation Metrics:
Sat 17 Aug 2024 21:32:40 INFO 5: precision: 0.00535 | recall: 0.02646 | ndcg: 0.01772 | hit_rate: 0.02667 | map: 0.01479
Sat 17 Aug 2024 21:32:40 INFO 10: precision: 0.00402 | recall: 0.03973 | ndcg: 0.02197 | hit_rate: 0.04017 | map: 0.01651
Sat 17 Aug 2024 21:32:40 INFO 20: precision: 0.00298 | recall: 0.05895 | ndcg: 0.02682 | hit_rate: 0.05954 | map: 0.01783
Sat 17 Aug 2024 21:32:40 INFO Test Metrics:
Sat 17 Aug 2024 21:32:40 INFO 5: precision: 0.00847 | recall: 0.02653 | ndcg: 0.01983 | hit_rate: 0.04073 | map: 0.01480
Sat 17 Aug 2024 21:32:40 INFO 10: precision: 0.00658 | recall: 0.04114 | ndcg: 0.02518 | hit_rate: 0.06231 | map: 0.01685
Sat 17 Aug 2024 21:32:40 INFO 20: precision: 0.00484 | recall: 0.06029 | ndcg: 0.03065 | hit_rate: 0.08959 | map: 0.01827
Sat 17 Aug 2024 21:32:49 INFO Epoch 79, Loss: 271.35045
Sat 17 Aug 2024 21:32:50 INFO Validation Metrics:
Sat 17 Aug 2024 21:32:50 INFO 5: precision: 0.00529 | recall: 0.02616 | ndcg: 0.01753 | hit_rate: 0.02639 | map: 0.01464
Sat 17 Aug 2024 21:32:50 INFO 10: precision: 0.00406 | recall: 0.04008 | ndcg: 0.02200 | hit_rate: 0.04056 | map: 0.01645
Sat 17 Aug 2024 21:32:50 INFO 20: precision: 0.00295 | recall: 0.05840 | ndcg: 0.02664 | hit_rate: 0.05899 | map: 0.01772
Sat 17 Aug 2024 21:32:50 INFO Test Metrics:
Sat 17 Aug 2024 21:32:50 INFO 5: precision: 0.00834 | recall: 0.02606 | ndcg: 0.01964 | hit_rate: 0.04023 | map: 0.01472
Sat 17 Aug 2024 21:32:50 INFO 10: precision: 0.00657 | recall: 0.04101 | ndcg: 0.02514 | hit_rate: 0.06214 | map: 0.01685
Sat 17 Aug 2024 21:32:50 INFO 20: precision: 0.00484 | recall: 0.06033 | ndcg: 0.03066 | hit_rate: 0.09008 | map: 0.01827
Sat 17 Aug 2024 21:32:59 INFO Epoch 80, Loss: 271.28230
Sat 17 Aug 2024 21:33:00 INFO Validation Metrics:
Sat 17 Aug 2024 21:33:00 INFO 5: precision: 0.00539 | recall: 0.02663 | ndcg: 0.01774 | hit_rate: 0.02689 | map: 0.01476
Sat 17 Aug 2024 21:33:00 INFO 10: precision: 0.00400 | recall: 0.03947 | ndcg: 0.02187 | hit_rate: 0.03995 | map: 0.01643
Sat 17 Aug 2024 21:33:00 INFO 20: precision: 0.00298 | recall: 0.05884 | ndcg: 0.02678 | hit_rate: 0.05943 | map: 0.01778
Sat 17 Aug 2024 21:33:00 INFO Test Metrics:
Sat 17 Aug 2024 21:33:00 INFO 5: precision: 0.00858 | recall: 0.02674 | ndcg: 0.01989 | hit_rate: 0.04133 | map: 0.01478
Sat 17 Aug 2024 21:33:00 INFO 10: precision: 0.00660 | recall: 0.04123 | ndcg: 0.02515 | hit_rate: 0.06242 | map: 0.01680
Sat 17 Aug 2024 21:33:00 INFO 20: precision: 0.00482 | recall: 0.06008 | ndcg: 0.03054 | hit_rate: 0.08959 | map: 0.01819
Sat 17 Aug 2024 21:33:08 INFO Epoch 81, Loss: 271.34959
Sat 17 Aug 2024 21:33:09 INFO Validation Metrics:
Sat 17 Aug 2024 21:33:09 INFO 5: precision: 0.00539 | recall: 0.02663 | ndcg: 0.01776 | hit_rate: 0.02689 | map: 0.01478
Sat 17 Aug 2024 21:33:09 INFO 10: precision: 0.00397 | recall: 0.03925 | ndcg: 0.02182 | hit_rate: 0.03967 | map: 0.01644
Sat 17 Aug 2024 21:33:09 INFO 20: precision: 0.00298 | recall: 0.05893 | ndcg: 0.02680 | hit_rate: 0.05948 | map: 0.01781
Sat 17 Aug 2024 21:33:09 INFO Test Metrics:
Sat 17 Aug 2024 21:33:09 INFO 5: precision: 0.00844 | recall: 0.02642 | ndcg: 0.01990 | hit_rate: 0.04073 | map: 0.01492
Sat 17 Aug 2024 21:33:09 INFO 10: precision: 0.00658 | recall: 0.04109 | ndcg: 0.02526 | hit_rate: 0.06242 | map: 0.01697
Sat 17 Aug 2024 21:33:09 INFO 20: precision: 0.00481 | recall: 0.05978 | ndcg: 0.03061 | hit_rate: 0.08920 | map: 0.01835
Sat 17 Aug 2024 21:33:18 INFO Epoch 82, Loss: 271.11251
Sat 17 Aug 2024 21:33:19 INFO Validation Metrics:
Sat 17 Aug 2024 21:33:19 INFO 5: precision: 0.00543 | recall: 0.02685 | ndcg: 0.01780 | hit_rate: 0.02711 | map: 0.01476
Sat 17 Aug 2024 21:33:19 INFO 10: precision: 0.00396 | recall: 0.03908 | ndcg: 0.02174 | hit_rate: 0.03951 | map: 0.01637
Sat 17 Aug 2024 21:33:19 INFO 20: precision: 0.00296 | recall: 0.05859 | ndcg: 0.02669 | hit_rate: 0.05915 | map: 0.01773
Sat 17 Aug 2024 21:33:19 INFO Test Metrics:
Sat 17 Aug 2024 21:33:19 INFO 5: precision: 0.00851 | recall: 0.02671 | ndcg: 0.01994 | hit_rate: 0.04111 | map: 0.01487
Sat 17 Aug 2024 21:33:19 INFO 10: precision: 0.00659 | recall: 0.04123 | ndcg: 0.02522 | hit_rate: 0.06242 | map: 0.01689
Sat 17 Aug 2024 21:33:19 INFO 20: precision: 0.00483 | recall: 0.06008 | ndcg: 0.03062 | hit_rate: 0.08975 | map: 0.01828
Sat 17 Aug 2024 21:33:28 INFO Epoch 83, Loss: 271.13315
Sat 17 Aug 2024 21:33:29 INFO Validation Metrics:
Sat 17 Aug 2024 21:33:29 INFO 5: precision: 0.00540 | recall: 0.02671 | ndcg: 0.01780 | hit_rate: 0.02695 | map: 0.01481
Sat 17 Aug 2024 21:33:29 INFO 10: precision: 0.00398 | recall: 0.03933 | ndcg: 0.02188 | hit_rate: 0.03979 | map: 0.01648
Sat 17 Aug 2024 21:33:29 INFO 20: precision: 0.00296 | recall: 0.05857 | ndcg: 0.02675 | hit_rate: 0.05910 | map: 0.01782
Sat 17 Aug 2024 21:33:29 INFO Test Metrics:
Sat 17 Aug 2024 21:33:29 INFO 5: precision: 0.00862 | recall: 0.02713 | ndcg: 0.01995 | hit_rate: 0.04156 | map: 0.01478
Sat 17 Aug 2024 21:33:29 INFO 10: precision: 0.00665 | recall: 0.04157 | ndcg: 0.02522 | hit_rate: 0.06297 | map: 0.01679
Sat 17 Aug 2024 21:33:29 INFO 20: precision: 0.00486 | recall: 0.06038 | ndcg: 0.03061 | hit_rate: 0.09014 | map: 0.01818
Sat 17 Aug 2024 21:33:38 INFO Epoch 84, Loss: 271.18269
Sat 17 Aug 2024 21:33:39 INFO Validation Metrics:
Sat 17 Aug 2024 21:33:39 INFO 5: precision: 0.00539 | recall: 0.02666 | ndcg: 0.01759 | hit_rate: 0.02689 | map: 0.01456
Sat 17 Aug 2024 21:33:39 INFO 10: precision: 0.00404 | recall: 0.03985 | ndcg: 0.02185 | hit_rate: 0.04034 | map: 0.01630
Sat 17 Aug 2024 21:33:39 INFO 20: precision: 0.00297 | recall: 0.05884 | ndcg: 0.02665 | hit_rate: 0.05937 | map: 0.01762
Sat 17 Aug 2024 21:33:39 INFO Test Metrics:
Sat 17 Aug 2024 21:33:39 INFO 5: precision: 0.00858 | recall: 0.02686 | ndcg: 0.01990 | hit_rate: 0.04139 | map: 0.01475
Sat 17 Aug 2024 21:33:39 INFO 10: precision: 0.00655 | recall: 0.04080 | ndcg: 0.02497 | hit_rate: 0.06208 | map: 0.01667
Sat 17 Aug 2024 21:33:39 INFO 20: precision: 0.00483 | recall: 0.05992 | ndcg: 0.03045 | hit_rate: 0.08964 | map: 0.01809
Sat 17 Aug 2024 21:33:47 INFO Epoch 85, Loss: 271.05221
Sat 17 Aug 2024 21:33:48 INFO Validation Metrics:
Sat 17 Aug 2024 21:33:48 INFO 5: precision: 0.00541 | recall: 0.02674 | ndcg: 0.01781 | hit_rate: 0.02700 | map: 0.01481
Sat 17 Aug 2024 21:33:48 INFO 10: precision: 0.00394 | recall: 0.03891 | ndcg: 0.02174 | hit_rate: 0.03934 | map: 0.01642
Sat 17 Aug 2024 21:33:48 INFO 20: precision: 0.00295 | recall: 0.05840 | ndcg: 0.02670 | hit_rate: 0.05893 | map: 0.01780
Sat 17 Aug 2024 21:33:48 INFO Test Metrics:
Sat 17 Aug 2024 21:33:48 INFO 5: precision: 0.00853 | recall: 0.02675 | ndcg: 0.01991 | hit_rate: 0.04117 | map: 0.01482
Sat 17 Aug 2024 21:33:48 INFO 10: precision: 0.00662 | recall: 0.04124 | ndcg: 0.02521 | hit_rate: 0.06286 | map: 0.01684
Sat 17 Aug 2024 21:33:48 INFO 20: precision: 0.00487 | recall: 0.06052 | ndcg: 0.03070 | hit_rate: 0.09042 | map: 0.01825
Sat 17 Aug 2024 21:33:57 INFO Epoch 86, Loss: 271.03455
Sat 17 Aug 2024 21:33:58 INFO Validation Metrics:
Sat 17 Aug 2024 21:33:58 INFO 5: precision: 0.00538 | recall: 0.02660 | ndcg: 0.01769 | hit_rate: 0.02684 | map: 0.01471
Sat 17 Aug 2024 21:33:58 INFO 10: precision: 0.00401 | recall: 0.03955 | ndcg: 0.02185 | hit_rate: 0.04001 | map: 0.01640
Sat 17 Aug 2024 21:33:58 INFO 20: precision: 0.00299 | recall: 0.05903 | ndcg: 0.02678 | hit_rate: 0.05959 | map: 0.01774
Sat 17 Aug 2024 21:33:58 INFO Test Metrics:
Sat 17 Aug 2024 21:33:58 INFO 5: precision: 0.00860 | recall: 0.02694 | ndcg: 0.02002 | hit_rate: 0.04156 | map: 0.01488
Sat 17 Aug 2024 21:33:58 INFO 10: precision: 0.00660 | recall: 0.04105 | ndcg: 0.02519 | hit_rate: 0.06264 | map: 0.01685
Sat 17 Aug 2024 21:33:58 INFO 20: precision: 0.00485 | recall: 0.06028 | ndcg: 0.03068 | hit_rate: 0.09003 | map: 0.01828
Sat 17 Aug 2024 21:34:07 INFO Epoch 87, Loss: 270.93652
Sat 17 Aug 2024 21:34:08 INFO Validation Metrics:
Sat 17 Aug 2024 21:34:08 INFO 5: precision: 0.00549 | recall: 0.02716 | ndcg: 0.01791 | hit_rate: 0.02739 | map: 0.01482
Sat 17 Aug 2024 21:34:08 INFO 10: precision: 0.00403 | recall: 0.03977 | ndcg: 0.02196 | hit_rate: 0.04023 | map: 0.01646
Sat 17 Aug 2024 21:34:08 INFO 20: precision: 0.00297 | recall: 0.05884 | ndcg: 0.02679 | hit_rate: 0.05937 | map: 0.01778
Sat 17 Aug 2024 21:34:08 INFO Test Metrics:
Sat 17 Aug 2024 21:34:08 INFO 5: precision: 0.00859 | recall: 0.02697 | ndcg: 0.02012 | hit_rate: 0.04150 | map: 0.01500
Sat 17 Aug 2024 21:34:08 INFO 10: precision: 0.00658 | recall: 0.04111 | ndcg: 0.02530 | hit_rate: 0.06242 | map: 0.01699
Sat 17 Aug 2024 21:34:08 INFO 20: precision: 0.00482 | recall: 0.05988 | ndcg: 0.03069 | hit_rate: 0.08964 | map: 0.01838
Sat 17 Aug 2024 21:34:17 INFO Epoch 88, Loss: 270.94361
Sat 17 Aug 2024 21:34:17 INFO Validation Metrics:
Sat 17 Aug 2024 21:34:17 INFO 5: precision: 0.00548 | recall: 0.02710 | ndcg: 0.01797 | hit_rate: 0.02734 | map: 0.01492
Sat 17 Aug 2024 21:34:17 INFO 10: precision: 0.00403 | recall: 0.03982 | ndcg: 0.02203 | hit_rate: 0.04023 | map: 0.01655
Sat 17 Aug 2024 21:34:17 INFO 20: precision: 0.00299 | recall: 0.05909 | ndcg: 0.02690 | hit_rate: 0.05965 | map: 0.01788
Sat 17 Aug 2024 21:34:17 INFO Test Metrics:
Sat 17 Aug 2024 21:34:17 INFO 5: precision: 0.00860 | recall: 0.02676 | ndcg: 0.02002 | hit_rate: 0.04150 | map: 0.01491
Sat 17 Aug 2024 21:34:17 INFO 10: precision: 0.00660 | recall: 0.04111 | ndcg: 0.02524 | hit_rate: 0.06242 | map: 0.01692
Sat 17 Aug 2024 21:34:17 INFO 20: precision: 0.00483 | recall: 0.05995 | ndcg: 0.03065 | hit_rate: 0.08975 | map: 0.01832
Sat 17 Aug 2024 21:34:26 INFO Epoch 89, Loss: 270.94451
Sat 17 Aug 2024 21:34:27 INFO Validation Metrics:
Sat 17 Aug 2024 21:34:27 INFO 5: precision: 0.00550 | recall: 0.02721 | ndcg: 0.01798 | hit_rate: 0.02745 | map: 0.01490
Sat 17 Aug 2024 21:34:27 INFO 10: precision: 0.00402 | recall: 0.03966 | ndcg: 0.02197 | hit_rate: 0.04012 | map: 0.01651
Sat 17 Aug 2024 21:34:27 INFO 20: precision: 0.00298 | recall: 0.05887 | ndcg: 0.02684 | hit_rate: 0.05943 | map: 0.01784
Sat 17 Aug 2024 21:34:27 INFO Test Metrics:
Sat 17 Aug 2024 21:34:27 INFO 5: precision: 0.00861 | recall: 0.02700 | ndcg: 0.02015 | hit_rate: 0.04161 | map: 0.01503
Sat 17 Aug 2024 21:34:27 INFO 10: precision: 0.00658 | recall: 0.04108 | ndcg: 0.02530 | hit_rate: 0.06247 | map: 0.01699
Sat 17 Aug 2024 21:34:27 INFO 20: precision: 0.00485 | recall: 0.06018 | ndcg: 0.03077 | hit_rate: 0.08992 | map: 0.01842
Sat 17 Aug 2024 21:34:36 INFO Epoch 90, Loss: 270.86242
Sat 17 Aug 2024 21:34:37 INFO Validation Metrics:
Sat 17 Aug 2024 21:34:37 INFO 5: precision: 0.00554 | recall: 0.02743 | ndcg: 0.01804 | hit_rate: 0.02767 | map: 0.01490
Sat 17 Aug 2024 21:34:37 INFO 10: precision: 0.00407 | recall: 0.04024 | ndcg: 0.02214 | hit_rate: 0.04067 | map: 0.01656
Sat 17 Aug 2024 21:34:37 INFO 20: precision: 0.00297 | recall: 0.05884 | ndcg: 0.02685 | hit_rate: 0.05937 | map: 0.01785
Sat 17 Aug 2024 21:34:37 INFO Test Metrics:
Sat 17 Aug 2024 21:34:37 INFO 5: precision: 0.00869 | recall: 0.02716 | ndcg: 0.02030 | hit_rate: 0.04205 | map: 0.01514
Sat 17 Aug 2024 21:34:37 INFO 10: precision: 0.00665 | recall: 0.04143 | ndcg: 0.02552 | hit_rate: 0.06308 | map: 0.01715
Sat 17 Aug 2024 21:34:37 INFO 20: precision: 0.00483 | recall: 0.05986 | ndcg: 0.03080 | hit_rate: 0.08975 | map: 0.01851
Sat 17 Aug 2024 21:34:46 INFO Epoch 91, Loss: 270.80993
Sat 17 Aug 2024 21:34:47 INFO Validation Metrics:
Sat 17 Aug 2024 21:34:47 INFO 5: precision: 0.00547 | recall: 0.02707 | ndcg: 0.01799 | hit_rate: 0.02728 | map: 0.01495
Sat 17 Aug 2024 21:34:47 INFO 10: precision: 0.00403 | recall: 0.03981 | ndcg: 0.02211 | hit_rate: 0.04023 | map: 0.01664
Sat 17 Aug 2024 21:34:47 INFO 20: precision: 0.00297 | recall: 0.05865 | ndcg: 0.02690 | hit_rate: 0.05921 | map: 0.01797
Sat 17 Aug 2024 21:34:47 INFO Test Metrics:
Sat 17 Aug 2024 21:34:47 INFO 5: precision: 0.00875 | recall: 0.02751 | ndcg: 0.02049 | hit_rate: 0.04233 | map: 0.01528
Sat 17 Aug 2024 21:34:47 INFO 10: precision: 0.00668 | recall: 0.04178 | ndcg: 0.02570 | hit_rate: 0.06336 | map: 0.01728
Sat 17 Aug 2024 21:34:47 INFO 20: precision: 0.00486 | recall: 0.06030 | ndcg: 0.03101 | hit_rate: 0.09003 | map: 0.01865
Sat 17 Aug 2024 21:34:56 INFO Epoch 92, Loss: 270.80873
Sat 17 Aug 2024 21:34:56 INFO Validation Metrics:
Sat 17 Aug 2024 21:34:56 INFO 5: precision: 0.00544 | recall: 0.02696 | ndcg: 0.01792 | hit_rate: 0.02717 | map: 0.01489
Sat 17 Aug 2024 21:34:56 INFO 10: precision: 0.00406 | recall: 0.04011 | ndcg: 0.02214 | hit_rate: 0.04050 | map: 0.01661
Sat 17 Aug 2024 21:34:56 INFO 20: precision: 0.00298 | recall: 0.05893 | ndcg: 0.02692 | hit_rate: 0.05948 | map: 0.01792
Sat 17 Aug 2024 21:34:56 INFO Test Metrics:
Sat 17 Aug 2024 21:34:56 INFO 5: precision: 0.00884 | recall: 0.02763 | ndcg: 0.02046 | hit_rate: 0.04277 | map: 0.01518
Sat 17 Aug 2024 21:34:56 INFO 10: precision: 0.00665 | recall: 0.04154 | ndcg: 0.02552 | hit_rate: 0.06297 | map: 0.01712
Sat 17 Aug 2024 21:34:56 INFO 20: precision: 0.00481 | recall: 0.05961 | ndcg: 0.03071 | hit_rate: 0.08892 | map: 0.01848
Sat 17 Aug 2024 21:35:05 INFO Epoch 93, Loss: 270.73810
Sat 17 Aug 2024 21:35:06 INFO Validation Metrics:
Sat 17 Aug 2024 21:35:06 INFO 5: precision: 0.00541 | recall: 0.02680 | ndcg: 0.01768 | hit_rate: 0.02700 | map: 0.01464
Sat 17 Aug 2024 21:35:06 INFO 10: precision: 0.00413 | recall: 0.04089 | ndcg: 0.02218 | hit_rate: 0.04128 | map: 0.01645
Sat 17 Aug 2024 21:35:06 INFO 20: precision: 0.00296 | recall: 0.05856 | ndcg: 0.02667 | hit_rate: 0.05910 | map: 0.01768
Sat 17 Aug 2024 21:35:06 INFO Test Metrics:
Sat 17 Aug 2024 21:35:06 INFO 5: precision: 0.00865 | recall: 0.02715 | ndcg: 0.02018 | hit_rate: 0.04194 | map: 0.01502
Sat 17 Aug 2024 21:35:06 INFO 10: precision: 0.00666 | recall: 0.04169 | ndcg: 0.02549 | hit_rate: 0.06314 | map: 0.01706
Sat 17 Aug 2024 21:35:06 INFO 20: precision: 0.00479 | recall: 0.05958 | ndcg: 0.03061 | hit_rate: 0.08892 | map: 0.01839
Sat 17 Aug 2024 21:35:15 INFO Epoch 94, Loss: 270.59583
Sat 17 Aug 2024 21:35:16 INFO Validation Metrics:
Sat 17 Aug 2024 21:35:16 INFO 5: precision: 0.00542 | recall: 0.02682 | ndcg: 0.01781 | hit_rate: 0.02706 | map: 0.01479
Sat 17 Aug 2024 21:35:16 INFO 10: precision: 0.00417 | recall: 0.04125 | ndcg: 0.02241 | hit_rate: 0.04167 | map: 0.01665
Sat 17 Aug 2024 21:35:16 INFO 20: precision: 0.00297 | recall: 0.05873 | ndcg: 0.02683 | hit_rate: 0.05926 | map: 0.01785
Sat 17 Aug 2024 21:35:16 INFO Test Metrics:
Sat 17 Aug 2024 21:35:16 INFO 5: precision: 0.00872 | recall: 0.02724 | ndcg: 0.02036 | hit_rate: 0.04222 | map: 0.01517
Sat 17 Aug 2024 21:35:16 INFO 10: precision: 0.00673 | recall: 0.04207 | ndcg: 0.02574 | hit_rate: 0.06369 | map: 0.01724
Sat 17 Aug 2024 21:35:16 INFO 20: precision: 0.00477 | recall: 0.05920 | ndcg: 0.03066 | hit_rate: 0.08876 | map: 0.01850
Sat 17 Aug 2024 21:35:25 INFO Epoch 95, Loss: 270.75197
Sat 17 Aug 2024 21:35:26 INFO Validation Metrics:
Sat 17 Aug 2024 21:35:26 INFO 5: precision: 0.00543 | recall: 0.02685 | ndcg: 0.01775 | hit_rate: 0.02711 | map: 0.01470
Sat 17 Aug 2024 21:35:26 INFO 10: precision: 0.00416 | recall: 0.04108 | ndcg: 0.02229 | hit_rate: 0.04150 | map: 0.01653
Sat 17 Aug 2024 21:35:26 INFO 20: precision: 0.00297 | recall: 0.05879 | ndcg: 0.02677 | hit_rate: 0.05932 | map: 0.01776
Sat 17 Aug 2024 21:35:26 INFO Test Metrics:
Sat 17 Aug 2024 21:35:26 INFO 5: precision: 0.00868 | recall: 0.02716 | ndcg: 0.02031 | hit_rate: 0.04189 | map: 0.01518
Sat 17 Aug 2024 21:35:26 INFO 10: precision: 0.00671 | recall: 0.04191 | ndcg: 0.02568 | hit_rate: 0.06363 | map: 0.01723
Sat 17 Aug 2024 21:35:26 INFO 20: precision: 0.00480 | recall: 0.05964 | ndcg: 0.03075 | hit_rate: 0.08914 | map: 0.01854
Sat 17 Aug 2024 21:35:34 INFO Epoch 96, Loss: 270.70835
Sat 17 Aug 2024 21:35:35 INFO Validation Metrics:
Sat 17 Aug 2024 21:35:35 INFO 5: precision: 0.00541 | recall: 0.02669 | ndcg: 0.01765 | hit_rate: 0.02700 | map: 0.01462
Sat 17 Aug 2024 21:35:35 INFO 10: precision: 0.00411 | recall: 0.04058 | ndcg: 0.02211 | hit_rate: 0.04100 | map: 0.01643
Sat 17 Aug 2024 21:35:35 INFO 20: precision: 0.00296 | recall: 0.05859 | ndcg: 0.02668 | hit_rate: 0.05915 | map: 0.01769
Sat 17 Aug 2024 21:35:35 INFO Test Metrics:
Sat 17 Aug 2024 21:35:35 INFO 5: precision: 0.00869 | recall: 0.02730 | ndcg: 0.02039 | hit_rate: 0.04200 | map: 0.01520
Sat 17 Aug 2024 21:35:35 INFO 10: precision: 0.00664 | recall: 0.04148 | ndcg: 0.02556 | hit_rate: 0.06297 | map: 0.01718
Sat 17 Aug 2024 21:35:35 INFO 20: precision: 0.00479 | recall: 0.05943 | ndcg: 0.03072 | hit_rate: 0.08881 | map: 0.01852
Sat 17 Aug 2024 21:35:44 INFO Epoch 97, Loss: 270.62930
Sat 17 Aug 2024 21:35:45 INFO Validation Metrics:
Sat 17 Aug 2024 21:35:45 INFO 5: precision: 0.00549 | recall: 0.02705 | ndcg: 0.01777 | hit_rate: 0.02739 | map: 0.01467
Sat 17 Aug 2024 21:35:45 INFO 10: precision: 0.00417 | recall: 0.04116 | ndcg: 0.02228 | hit_rate: 0.04161 | map: 0.01649
Sat 17 Aug 2024 21:35:45 INFO 20: precision: 0.00297 | recall: 0.05881 | ndcg: 0.02675 | hit_rate: 0.05937 | map: 0.01771
Sat 17 Aug 2024 21:35:45 INFO Test Metrics:
Sat 17 Aug 2024 21:35:45 INFO 5: precision: 0.00869 | recall: 0.02721 | ndcg: 0.02037 | hit_rate: 0.04205 | map: 0.01520
Sat 17 Aug 2024 21:35:45 INFO 10: precision: 0.00665 | recall: 0.04149 | ndcg: 0.02558 | hit_rate: 0.06292 | map: 0.01721
Sat 17 Aug 2024 21:35:45 INFO 20: precision: 0.00482 | recall: 0.05984 | ndcg: 0.03083 | hit_rate: 0.08920 | map: 0.01856
Sat 17 Aug 2024 21:35:54 INFO Epoch 98, Loss: 270.58656
Sat 17 Aug 2024 21:35:55 INFO Validation Metrics:
Sat 17 Aug 2024 21:35:55 INFO 5: precision: 0.00535 | recall: 0.02638 | ndcg: 0.01757 | hit_rate: 0.02667 | map: 0.01462
Sat 17 Aug 2024 21:35:55 INFO 10: precision: 0.00415 | recall: 0.04102 | ndcg: 0.02227 | hit_rate: 0.04145 | map: 0.01653
Sat 17 Aug 2024 21:35:55 INFO 20: precision: 0.00296 | recall: 0.05859 | ndcg: 0.02672 | hit_rate: 0.05915 | map: 0.01775
Sat 17 Aug 2024 21:35:55 INFO Test Metrics:
Sat 17 Aug 2024 21:35:55 INFO 5: precision: 0.00865 | recall: 0.02702 | ndcg: 0.02022 | hit_rate: 0.04200 | map: 0.01506
Sat 17 Aug 2024 21:35:55 INFO 10: precision: 0.00669 | recall: 0.04160 | ndcg: 0.02555 | hit_rate: 0.06336 | map: 0.01712
Sat 17 Aug 2024 21:35:55 INFO 20: precision: 0.00479 | recall: 0.05952 | ndcg: 0.03067 | hit_rate: 0.08898 | map: 0.01845
Sat 17 Aug 2024 21:36:04 INFO Epoch 99, Loss: 270.50473
Sat 17 Aug 2024 21:36:05 INFO Validation Metrics:
Sat 17 Aug 2024 21:36:05 INFO 5: precision: 0.00540 | recall: 0.02666 | ndcg: 0.01764 | hit_rate: 0.02695 | map: 0.01462
Sat 17 Aug 2024 21:36:05 INFO 10: precision: 0.00415 | recall: 0.04104 | ndcg: 0.02223 | hit_rate: 0.04145 | map: 0.01648
Sat 17 Aug 2024 21:36:05 INFO 20: precision: 0.00298 | recall: 0.05889 | ndcg: 0.02675 | hit_rate: 0.05948 | map: 0.01770
Sat 17 Aug 2024 21:36:05 INFO Test Metrics:
Sat 17 Aug 2024 21:36:05 INFO 5: precision: 0.00864 | recall: 0.02706 | ndcg: 0.02043 | hit_rate: 0.04189 | map: 0.01531
Sat 17 Aug 2024 21:36:05 INFO 10: precision: 0.00671 | recall: 0.04175 | ndcg: 0.02580 | hit_rate: 0.06352 | map: 0.01737
Sat 17 Aug 2024 21:36:05 INFO 20: precision: 0.00482 | recall: 0.05982 | ndcg: 0.03097 | hit_rate: 0.08925 | map: 0.01872
Sat 17 Aug 2024 21:36:13 INFO Epoch 100, Loss: 270.50222
Sat 17 Aug 2024 21:36:14 INFO Validation Metrics:
Sat 17 Aug 2024 21:36:14 INFO 5: precision: 0.00551 | recall: 0.02721 | ndcg: 0.01790 | hit_rate: 0.02750 | map: 0.01479
Sat 17 Aug 2024 21:36:14 INFO 10: precision: 0.00416 | recall: 0.04106 | ndcg: 0.02234 | hit_rate: 0.04145 | map: 0.01659
Sat 17 Aug 2024 21:36:14 INFO 20: precision: 0.00297 | recall: 0.05882 | ndcg: 0.02684 | hit_rate: 0.05937 | map: 0.01782
Sat 17 Aug 2024 21:36:14 INFO Test Metrics:
Sat 17 Aug 2024 21:36:14 INFO 5: precision: 0.00869 | recall: 0.02707 | ndcg: 0.02034 | hit_rate: 0.04211 | map: 0.01519
Sat 17 Aug 2024 21:36:14 INFO 10: precision: 0.00667 | recall: 0.04150 | ndcg: 0.02561 | hit_rate: 0.06319 | map: 0.01722
Sat 17 Aug 2024 21:36:14 INFO 20: precision: 0.00482 | recall: 0.05990 | ndcg: 0.03084 | hit_rate: 0.08959 | map: 0.01856
Sat 17 Aug 2024 21:36:23 INFO Epoch 101, Loss: 270.41630
Sat 17 Aug 2024 21:36:24 INFO Validation Metrics:
Sat 17 Aug 2024 21:36:24 INFO 5: precision: 0.00543 | recall: 0.02685 | ndcg: 0.01781 | hit_rate: 0.02711 | map: 0.01478
Sat 17 Aug 2024 21:36:24 INFO 10: precision: 0.00408 | recall: 0.04044 | ndcg: 0.02217 | hit_rate: 0.04078 | map: 0.01656
Sat 17 Aug 2024 21:36:24 INFO 20: precision: 0.00297 | recall: 0.05882 | ndcg: 0.02685 | hit_rate: 0.05937 | map: 0.01785
Sat 17 Aug 2024 21:36:24 INFO Test Metrics:
Sat 17 Aug 2024 21:36:24 INFO 5: precision: 0.00863 | recall: 0.02715 | ndcg: 0.02042 | hit_rate: 0.04178 | map: 0.01531
Sat 17 Aug 2024 21:36:24 INFO 10: precision: 0.00662 | recall: 0.04123 | ndcg: 0.02559 | hit_rate: 0.06264 | map: 0.01729
Sat 17 Aug 2024 21:36:24 INFO 20: precision: 0.00484 | recall: 0.06012 | ndcg: 0.03097 | hit_rate: 0.08970 | map: 0.01868
Sat 17 Aug 2024 21:36:33 INFO Epoch 102, Loss: 270.47046
Sat 17 Aug 2024 21:36:34 INFO Validation Metrics:
Sat 17 Aug 2024 21:36:34 INFO 5: precision: 0.00541 | recall: 0.02677 | ndcg: 0.01766 | hit_rate: 0.02700 | map: 0.01462
Sat 17 Aug 2024 21:36:34 INFO 10: precision: 0.00413 | recall: 0.04092 | ndcg: 0.02219 | hit_rate: 0.04128 | map: 0.01646
Sat 17 Aug 2024 21:36:34 INFO 20: precision: 0.00299 | recall: 0.05901 | ndcg: 0.02678 | hit_rate: 0.05959 | map: 0.01771
Sat 17 Aug 2024 21:36:34 INFO Test Metrics:
Sat 17 Aug 2024 21:36:34 INFO 5: precision: 0.00867 | recall: 0.02709 | ndcg: 0.02043 | hit_rate: 0.04194 | map: 0.01530
Sat 17 Aug 2024 21:36:34 INFO 10: precision: 0.00666 | recall: 0.04138 | ndcg: 0.02568 | hit_rate: 0.06330 | map: 0.01731
Sat 17 Aug 2024 21:36:34 INFO 20: precision: 0.00481 | recall: 0.05975 | ndcg: 0.03091 | hit_rate: 0.08931 | map: 0.01867
Sat 17 Aug 2024 21:36:43 INFO Epoch 103, Loss: 270.48879
Sat 17 Aug 2024 21:36:44 INFO Validation Metrics:
Sat 17 Aug 2024 21:36:44 INFO 5: precision: 0.00544 | recall: 0.02691 | ndcg: 0.01781 | hit_rate: 0.02717 | map: 0.01477
Sat 17 Aug 2024 21:36:44 INFO 10: precision: 0.00411 | recall: 0.04061 | ndcg: 0.02219 | hit_rate: 0.04100 | map: 0.01654
Sat 17 Aug 2024 21:36:44 INFO 20: precision: 0.00296 | recall: 0.05846 | ndcg: 0.02672 | hit_rate: 0.05904 | map: 0.01778
Sat 17 Aug 2024 21:36:44 INFO Test Metrics:
Sat 17 Aug 2024 21:36:44 INFO 5: precision: 0.00878 | recall: 0.02751 | ndcg: 0.02061 | hit_rate: 0.04244 | map: 0.01542
Sat 17 Aug 2024 21:36:44 INFO 10: precision: 0.00662 | recall: 0.04112 | ndcg: 0.02562 | hit_rate: 0.06264 | map: 0.01735
Sat 17 Aug 2024 21:36:44 INFO 20: precision: 0.00481 | recall: 0.05963 | ndcg: 0.03092 | hit_rate: 0.08942 | map: 0.01872
Sat 17 Aug 2024 21:36:53 INFO Epoch 104, Loss: 270.39276
Sat 17 Aug 2024 21:36:54 INFO Validation Metrics:
Sat 17 Aug 2024 21:36:54 INFO 5: precision: 0.00539 | recall: 0.02666 | ndcg: 0.01776 | hit_rate: 0.02689 | map: 0.01478
Sat 17 Aug 2024 21:36:54 INFO 10: precision: 0.00410 | recall: 0.04054 | ndcg: 0.02221 | hit_rate: 0.04089 | map: 0.01659
Sat 17 Aug 2024 21:36:54 INFO 20: precision: 0.00299 | recall: 0.05904 | ndcg: 0.02690 | hit_rate: 0.05959 | map: 0.01787
Sat 17 Aug 2024 21:36:54 INFO Test Metrics:
Sat 17 Aug 2024 21:36:54 INFO 5: precision: 0.00863 | recall: 0.02698 | ndcg: 0.02043 | hit_rate: 0.04167 | map: 0.01536
Sat 17 Aug 2024 21:36:54 INFO 10: precision: 0.00662 | recall: 0.04123 | ndcg: 0.02567 | hit_rate: 0.06292 | map: 0.01736
Sat 17 Aug 2024 21:36:54 INFO 20: precision: 0.00479 | recall: 0.05947 | ndcg: 0.03089 | hit_rate: 0.08892 | map: 0.01873
Sat 17 Aug 2024 21:37:02 INFO Epoch 105, Loss: 270.34564
Sat 17 Aug 2024 21:37:03 INFO Validation Metrics:
Sat 17 Aug 2024 21:37:03 INFO 5: precision: 0.00539 | recall: 0.02668 | ndcg: 0.01766 | hit_rate: 0.02689 | map: 0.01465
Sat 17 Aug 2024 21:37:03 INFO 10: precision: 0.00411 | recall: 0.04054 | ndcg: 0.02211 | hit_rate: 0.04095 | map: 0.01645
Sat 17 Aug 2024 21:37:03 INFO 20: precision: 0.00297 | recall: 0.05873 | ndcg: 0.02672 | hit_rate: 0.05932 | map: 0.01771
Sat 17 Aug 2024 21:37:03 INFO Test Metrics:
Sat 17 Aug 2024 21:37:03 INFO 5: precision: 0.00862 | recall: 0.02702 | ndcg: 0.02030 | hit_rate: 0.04178 | map: 0.01519
Sat 17 Aug 2024 21:37:03 INFO 10: precision: 0.00663 | recall: 0.04122 | ndcg: 0.02552 | hit_rate: 0.06292 | map: 0.01719
Sat 17 Aug 2024 21:37:03 INFO 20: precision: 0.00479 | recall: 0.05946 | ndcg: 0.03075 | hit_rate: 0.08892 | map: 0.01856
Sat 17 Aug 2024 21:37:03 INFO Best Test Metrics:
Sat 17 Aug 2024 21:37:03 INFO 5: precision: 0.00853 | recall: 0.02675 | ndcg: 0.01991 | hit_rate: 0.04117 | map: 0.01482
Sat 17 Aug 2024 21:37:03 INFO 10: precision: 0.00662 | recall: 0.04124 | ndcg: 0.02521 | hit_rate: 0.06286 | map: 0.01684
Sat 17 Aug 2024 21:37:03 INFO 20: precision: 0.00487 | recall: 0.06052 | ndcg: 0.03070 | hit_rate: 0.09042 | map: 0.01825
Sat 17 Aug 2024 21:37:03 INFO Best performance: 0.06052
Sat 17 Aug 2024 21:37:03 INFO Best parameters: {'learning_rate': 0.001, 'ssl_alpha': 0.5, 'ssl_temp': 0.2, 'reg_weight': 0.001, 'n_layers': 1, 'dropout': 0.1}
Sat 17 Aug 2024 21:37:03 INFO Best metrics:
Sat 17 Aug 2024 21:37:03 INFO 5: precision: 0.00853 | recall: 0.02675 | ndcg: 0.01991 | hit_rate: 0.04117 | map: 0.01482
Sat 17 Aug 2024 21:37:03 INFO 10: precision: 0.00662 | recall: 0.04124 | ndcg: 0.02521 | hit_rate: 0.06286 | map: 0.01684
Sat 17 Aug 2024 21:37:03 INFO 20: precision: 0.00487 | recall: 0.06052 | ndcg: 0.03070 | hit_rate: 0.09042 | map: 0.01825
