Sun 31 Mar 2024 18:42:05 INFO ============Arguments==============
Sun 31 Mar 2024 18:42:05 INFO Model: MMSSL
Sun 31 Mar 2024 18:42:05 INFO data_path: beauty
Sun 31 Mar 2024 18:42:05 INFO learning_rate: 0.001
Sun 31 Mar 2024 18:42:05 INFO feature_embed: 64
Sun 31 Mar 2024 18:42:05 INFO batch_size: 1024
Sun 31 Mar 2024 18:42:05 INFO aggr_mode: add
Sun 31 Mar 2024 18:42:05 INFO reg_weight: 0.001
Sun 31 Mar 2024 18:42:05 INFO dim_E: 64
Sun 31 Mar 2024 18:42:05 INFO num_epoch: 1000
Sun 31 Mar 2024 18:42:05 INFO dropout: 0.2
Sun 31 Mar 2024 18:42:05 INFO n_layers: 2
Sun 31 Mar 2024 18:42:05 INFO corDecay: 0.001
Sun 31 Mar 2024 18:42:05 INFO n_factors: 4
Sun 31 Mar 2024 18:42:05 INFO n_iterations: 3
Sun 31 Mar 2024 18:42:05 INFO cl_weight: 2.0
Sun 31 Mar 2024 18:42:05 INFO mm_layers: 2
Sun 31 Mar 2024 18:42:05 INFO ii_topk: 10
Sun 31 Mar 2024 18:42:05 INFO uu_topk: 40
Sun 31 Mar 2024 18:42:05 INFO lambda_coeff: 0.9
Sun 31 Mar 2024 18:42:05 INFO ssl_temp: 0.9
Sun 31 Mar 2024 18:42:05 INFO ssl_alpha: 0.9
Sun 31 Mar 2024 18:42:05 INFO ae_weight: 0.1
Sun 31 Mar 2024 18:42:05 INFO threshold: 0.1
Sun 31 Mar 2024 18:42:05 INFO prompt_num: 0.1
Sun 31 Mar 2024 18:42:05 INFO neg_weight: 0.1
Sun 31 Mar 2024 18:42:05 INFO cen_reg: 0.005
Sun 31 Mar 2024 18:42:05 INFO n_intents: 128
Sun 31 Mar 2024 18:42:05 INFO G_rate: 0.0001
Sun 31 Mar 2024 18:42:05 INFO seed: 42
Sun 31 Mar 2024 18:42:05 INFO num_workers: 1
Sun 31 Mar 2024 18:42:05 INFO topk: [5, 10, 20]
Sun 31 Mar 2024 18:42:05 INFO local time£ºMar-31-2024-18-42-05
Sun 31 Mar 2024 18:42:05 INFO =========1/1: Parameters:{'G_rate': 0.0001, 'learning_rate': 0.00055, 'reg_weight': 0.0001, 'ssl_alpha': 0.003, 'ssl_temp': 0.5}=========
Sun 31 Mar 2024 18:42:31 INFO Epoch 1, Loss: 103492727.11719
Sun 31 Mar 2024 18:42:32 INFO Validation Metrics:
Sun 31 Mar 2024 18:42:32 INFO 5: precision: 0.00743 | recall: 0.03092 | ndcg: 0.02004 | hit_rate: 0.03553 | map: 0.01557
Sun 31 Mar 2024 18:42:32 INFO 10: precision: 0.00612 | recall: 0.05039 | ndcg: 0.02652 | hit_rate: 0.05658 | map: 0.01828
Sun 31 Mar 2024 18:42:32 INFO 20: precision: 0.00467 | recall: 0.07598 | ndcg: 0.03325 | hit_rate: 0.08468 | map: 0.02012
Sun 31 Mar 2024 18:42:32 INFO Test Metrics:
Sun 31 Mar 2024 18:42:32 INFO 5: precision: 0.01307 | recall: 0.03294 | ndcg: 0.02558 | hit_rate: 0.05690 | map: 0.01825
Sun 31 Mar 2024 18:42:32 INFO 10: precision: 0.01055 | recall: 0.05281 | ndcg: 0.03307 | hit_rate: 0.08739 | map: 0.02135
Sun 31 Mar 2024 18:42:32 INFO 20: precision: 0.00773 | recall: 0.07779 | ndcg: 0.04060 | hit_rate: 0.12214 | map: 0.02351
Sun 31 Mar 2024 18:42:56 INFO Epoch 2, Loss: 2872194.01677
Sun 31 Mar 2024 18:42:57 INFO Validation Metrics:
Sun 31 Mar 2024 18:42:57 INFO 5: precision: 0.00970 | recall: 0.04133 | ndcg: 0.02677 | hit_rate: 0.04638 | map: 0.02097
Sun 31 Mar 2024 18:42:57 INFO 10: precision: 0.00768 | recall: 0.06497 | ndcg: 0.03456 | hit_rate: 0.07195 | map: 0.02418
Sun 31 Mar 2024 18:42:57 INFO 20: precision: 0.00585 | recall: 0.09781 | ndcg: 0.04316 | hit_rate: 0.10748 | map: 0.02655
Sun 31 Mar 2024 18:42:57 INFO Test Metrics:
Sun 31 Mar 2024 18:42:57 INFO 5: precision: 0.01675 | recall: 0.04364 | ndcg: 0.03352 | hit_rate: 0.07415 | map: 0.02407
Sun 31 Mar 2024 18:42:57 INFO 10: precision: 0.01304 | recall: 0.06747 | ndcg: 0.04249 | hit_rate: 0.10929 | map: 0.02783
Sun 31 Mar 2024 18:42:57 INFO 20: precision: 0.00969 | recall: 0.09989 | ndcg: 0.05228 | hit_rate: 0.15631 | map: 0.03056
Sun 31 Mar 2024 18:43:22 INFO Epoch 3, Loss: 5332.53943
Sun 31 Mar 2024 18:43:23 INFO Validation Metrics:
Sun 31 Mar 2024 18:43:23 INFO 5: precision: 0.01086 | recall: 0.04710 | ndcg: 0.02988 | hit_rate: 0.05200 | map: 0.02328
Sun 31 Mar 2024 18:43:23 INFO 10: precision: 0.00835 | recall: 0.07142 | ndcg: 0.03793 | hit_rate: 0.07861 | map: 0.02659
Sun 31 Mar 2024 18:43:23 INFO 20: precision: 0.00648 | recall: 0.10985 | ndcg: 0.04794 | hit_rate: 0.11975 | map: 0.02933
Sun 31 Mar 2024 18:43:23 INFO Test Metrics:
Sun 31 Mar 2024 18:43:23 INFO 5: precision: 0.01812 | recall: 0.04817 | ndcg: 0.03711 | hit_rate: 0.08055 | map: 0.02689
Sun 31 Mar 2024 18:43:23 INFO 10: precision: 0.01429 | recall: 0.07476 | ndcg: 0.04719 | hit_rate: 0.12059 | map: 0.03108
Sun 31 Mar 2024 18:43:23 INFO 20: precision: 0.01064 | recall: 0.11131 | ndcg: 0.05812 | hit_rate: 0.17465 | map: 0.03406
Sun 31 Mar 2024 18:43:48 INFO Epoch 4, Loss: 183.59476
Sun 31 Mar 2024 18:43:48 INFO Validation Metrics:
Sun 31 Mar 2024 18:43:48 INFO 5: precision: 0.01115 | recall: 0.04825 | ndcg: 0.03067 | hit_rate: 0.05361 | map: 0.02386
Sun 31 Mar 2024 18:43:48 INFO 10: precision: 0.00895 | recall: 0.07702 | ndcg: 0.04017 | hit_rate: 0.08442 | map: 0.02778
Sun 31 Mar 2024 18:43:48 INFO 20: precision: 0.00688 | recall: 0.11674 | ndcg: 0.05058 | hit_rate: 0.12718 | map: 0.03067
Sun 31 Mar 2024 18:43:48 INFO Test Metrics:
Sun 31 Mar 2024 18:43:48 INFO 5: precision: 0.01903 | recall: 0.05060 | ndcg: 0.03917 | hit_rate: 0.08481 | map: 0.02850
Sun 31 Mar 2024 18:43:48 INFO 10: precision: 0.01500 | recall: 0.07847 | ndcg: 0.04976 | hit_rate: 0.12653 | map: 0.03291
Sun 31 Mar 2024 18:43:48 INFO 20: precision: 0.01125 | recall: 0.11706 | ndcg: 0.06140 | hit_rate: 0.18318 | map: 0.03613
Sun 31 Mar 2024 18:44:13 INFO Epoch 5, Loss: 56.12552
Sun 31 Mar 2024 18:44:14 INFO Validation Metrics:
Sun 31 Mar 2024 18:44:14 INFO 5: precision: 0.01176 | recall: 0.05120 | ndcg: 0.03293 | hit_rate: 0.05658 | map: 0.02585
Sun 31 Mar 2024 18:44:14 INFO 10: precision: 0.00956 | recall: 0.08189 | ndcg: 0.04303 | hit_rate: 0.09036 | map: 0.02996
Sun 31 Mar 2024 18:44:14 INFO 20: precision: 0.00726 | recall: 0.12316 | ndcg: 0.05385 | hit_rate: 0.13345 | map: 0.03300
Sun 31 Mar 2024 18:44:14 INFO Test Metrics:
Sun 31 Mar 2024 18:44:14 INFO 5: precision: 0.02057 | recall: 0.05487 | ndcg: 0.04219 | hit_rate: 0.09127 | map: 0.03059
Sun 31 Mar 2024 18:44:14 INFO 10: precision: 0.01599 | recall: 0.08418 | ndcg: 0.05326 | hit_rate: 0.13454 | map: 0.03520
Sun 31 Mar 2024 18:44:14 INFO 20: precision: 0.01190 | recall: 0.12476 | ndcg: 0.06543 | hit_rate: 0.19345 | map: 0.03855
Sun 31 Mar 2024 18:44:38 INFO Epoch 6, Loss: 44.26299
Sun 31 Mar 2024 18:44:39 INFO Validation Metrics:
Sun 31 Mar 2024 18:44:39 INFO 5: precision: 0.01226 | recall: 0.05315 | ndcg: 0.03436 | hit_rate: 0.05917 | map: 0.02696
Sun 31 Mar 2024 18:44:39 INFO 10: precision: 0.00986 | recall: 0.08492 | ndcg: 0.04488 | hit_rate: 0.09340 | map: 0.03131
Sun 31 Mar 2024 18:44:39 INFO 20: precision: 0.00749 | recall: 0.12727 | ndcg: 0.05592 | hit_rate: 0.13777 | map: 0.03438
Sun 31 Mar 2024 18:44:39 INFO Test Metrics:
Sun 31 Mar 2024 18:44:39 INFO 5: precision: 0.02115 | recall: 0.05677 | ndcg: 0.04333 | hit_rate: 0.09443 | map: 0.03135
Sun 31 Mar 2024 18:44:39 INFO 10: precision: 0.01652 | recall: 0.08700 | ndcg: 0.05476 | hit_rate: 0.13894 | map: 0.03610
Sun 31 Mar 2024 18:44:39 INFO 20: precision: 0.01229 | recall: 0.12902 | ndcg: 0.06731 | hit_rate: 0.19894 | map: 0.03956
Sun 31 Mar 2024 18:45:04 INFO Epoch 7, Loss: 42.89723
Sun 31 Mar 2024 18:45:05 INFO Validation Metrics:
Sun 31 Mar 2024 18:45:05 INFO 5: precision: 0.01274 | recall: 0.05507 | ndcg: 0.03573 | hit_rate: 0.06130 | map: 0.02811
Sun 31 Mar 2024 18:45:05 INFO 10: precision: 0.01013 | recall: 0.08670 | ndcg: 0.04621 | hit_rate: 0.09553 | map: 0.03246
Sun 31 Mar 2024 18:45:05 INFO 20: precision: 0.00771 | recall: 0.13121 | ndcg: 0.05784 | hit_rate: 0.14178 | map: 0.03571
Sun 31 Mar 2024 18:45:05 INFO Test Metrics:
Sun 31 Mar 2024 18:45:05 INFO 5: precision: 0.02148 | recall: 0.05778 | ndcg: 0.04453 | hit_rate: 0.09585 | map: 0.03240
Sun 31 Mar 2024 18:45:05 INFO 10: precision: 0.01696 | recall: 0.08963 | ndcg: 0.05657 | hit_rate: 0.14294 | map: 0.03741
Sun 31 Mar 2024 18:45:05 INFO 20: precision: 0.01253 | recall: 0.13185 | ndcg: 0.06921 | hit_rate: 0.20320 | map: 0.04090
Sun 31 Mar 2024 18:45:29 INFO Epoch 8, Loss: 49.79819
Sun 31 Mar 2024 18:45:30 INFO Validation Metrics:
Sun 31 Mar 2024 18:45:30 INFO 5: precision: 0.01297 | recall: 0.05594 | ndcg: 0.03658 | hit_rate: 0.06252 | map: 0.02887
Sun 31 Mar 2024 18:45:30 INFO 10: precision: 0.01048 | recall: 0.08989 | ndcg: 0.04771 | hit_rate: 0.09902 | map: 0.03344
Sun 31 Mar 2024 18:45:30 INFO 20: precision: 0.00790 | recall: 0.13378 | ndcg: 0.05920 | hit_rate: 0.14514 | map: 0.03666
Sun 31 Mar 2024 18:45:30 INFO Test Metrics:
Sun 31 Mar 2024 18:45:30 INFO 5: precision: 0.02244 | recall: 0.06013 | ndcg: 0.04596 | hit_rate: 0.09960 | map: 0.03326
Sun 31 Mar 2024 18:45:30 INFO 10: precision: 0.01739 | recall: 0.09199 | ndcg: 0.05794 | hit_rate: 0.14694 | map: 0.03819
Sun 31 Mar 2024 18:45:30 INFO 20: precision: 0.01280 | recall: 0.13432 | ndcg: 0.07068 | hit_rate: 0.20714 | map: 0.04174
Sun 31 Mar 2024 18:45:54 INFO Epoch 9, Loss: 147.07052
Sun 31 Mar 2024 18:45:55 INFO Validation Metrics:
Sun 31 Mar 2024 18:45:55 INFO 5: precision: 0.01334 | recall: 0.05785 | ndcg: 0.03767 | hit_rate: 0.06453 | map: 0.02969
Sun 31 Mar 2024 18:45:55 INFO 10: precision: 0.01062 | recall: 0.09174 | ndcg: 0.04883 | hit_rate: 0.10063 | map: 0.03430
Sun 31 Mar 2024 18:45:55 INFO 20: precision: 0.00801 | recall: 0.13578 | ndcg: 0.06039 | hit_rate: 0.14688 | map: 0.03753
Sun 31 Mar 2024 18:45:55 INFO Test Metrics:
Sun 31 Mar 2024 18:45:55 INFO 5: precision: 0.02236 | recall: 0.05998 | ndcg: 0.04581 | hit_rate: 0.09986 | map: 0.03307
Sun 31 Mar 2024 18:45:55 INFO 10: precision: 0.01752 | recall: 0.09275 | ndcg: 0.05816 | hit_rate: 0.14882 | map: 0.03816
Sun 31 Mar 2024 18:45:55 INFO 20: precision: 0.01298 | recall: 0.13698 | ndcg: 0.07135 | hit_rate: 0.21141 | map: 0.04183
Sun 31 Mar 2024 18:46:19 INFO Epoch 10, Loss: 40.87044
Sun 31 Mar 2024 18:46:20 INFO Validation Metrics:
Sun 31 Mar 2024 18:46:20 INFO 5: precision: 0.01362 | recall: 0.05890 | ndcg: 0.03838 | hit_rate: 0.06562 | map: 0.03026
Sun 31 Mar 2024 18:46:20 INFO 10: precision: 0.01070 | recall: 0.09235 | ndcg: 0.04940 | hit_rate: 0.10141 | map: 0.03483
Sun 31 Mar 2024 18:46:20 INFO 20: precision: 0.00814 | recall: 0.13868 | ndcg: 0.06151 | hit_rate: 0.14998 | map: 0.03821
Sun 31 Mar 2024 18:46:20 INFO Test Metrics:
Sun 31 Mar 2024 18:46:20 INFO 5: precision: 0.02311 | recall: 0.06197 | ndcg: 0.04753 | hit_rate: 0.10302 | map: 0.03443
Sun 31 Mar 2024 18:46:20 INFO 10: precision: 0.01794 | recall: 0.09465 | ndcg: 0.05988 | hit_rate: 0.15140 | map: 0.03959
Sun 31 Mar 2024 18:46:20 INFO 20: precision: 0.01333 | recall: 0.14037 | ndcg: 0.07360 | hit_rate: 0.21496 | map: 0.04346
Sun 31 Mar 2024 18:46:44 INFO Epoch 11, Loss: 56.61871
Sun 31 Mar 2024 18:46:45 INFO Validation Metrics:
Sun 31 Mar 2024 18:46:45 INFO 5: precision: 0.01376 | recall: 0.05975 | ndcg: 0.03929 | hit_rate: 0.06653 | map: 0.03121
Sun 31 Mar 2024 18:46:45 INFO 10: precision: 0.01096 | recall: 0.09476 | ndcg: 0.05080 | hit_rate: 0.10412 | map: 0.03594
Sun 31 Mar 2024 18:46:45 INFO 20: precision: 0.00827 | recall: 0.14088 | ndcg: 0.06285 | hit_rate: 0.15231 | map: 0.03929
Sun 31 Mar 2024 18:46:45 INFO Test Metrics:
Sun 31 Mar 2024 18:46:45 INFO 5: precision: 0.02327 | recall: 0.06281 | ndcg: 0.04798 | hit_rate: 0.10367 | map: 0.03470
Sun 31 Mar 2024 18:46:45 INFO 10: precision: 0.01854 | recall: 0.09834 | ndcg: 0.06144 | hit_rate: 0.15663 | map: 0.04031
Sun 31 Mar 2024 18:46:45 INFO 20: precision: 0.01341 | recall: 0.14163 | ndcg: 0.07441 | hit_rate: 0.21644 | map: 0.04398
Sun 31 Mar 2024 18:47:09 INFO Epoch 12, Loss: 41.23617
Sun 31 Mar 2024 18:47:09 INFO Validation Metrics:
Sun 31 Mar 2024 18:47:09 INFO 5: precision: 0.01420 | recall: 0.06168 | ndcg: 0.04016 | hit_rate: 0.06840 | map: 0.03172
Sun 31 Mar 2024 18:47:09 INFO 10: precision: 0.01088 | recall: 0.09348 | ndcg: 0.05062 | hit_rate: 0.10309 | map: 0.03599
Sun 31 Mar 2024 18:47:09 INFO 20: precision: 0.00830 | recall: 0.14083 | ndcg: 0.06298 | hit_rate: 0.15218 | map: 0.03945
Sun 31 Mar 2024 18:47:09 INFO Test Metrics:
Sun 31 Mar 2024 18:47:09 INFO 5: precision: 0.02307 | recall: 0.06185 | ndcg: 0.04814 | hit_rate: 0.10270 | map: 0.03523
Sun 31 Mar 2024 18:47:09 INFO 10: precision: 0.01845 | recall: 0.09806 | ndcg: 0.06175 | hit_rate: 0.15599 | map: 0.04090
Sun 31 Mar 2024 18:47:09 INFO 20: precision: 0.01351 | recall: 0.14269 | ndcg: 0.07512 | hit_rate: 0.21812 | map: 0.04465
Sun 31 Mar 2024 18:47:33 INFO Epoch 13, Loss: 37.00066
Sun 31 Mar 2024 18:47:34 INFO Validation Metrics:
Sun 31 Mar 2024 18:47:34 INFO 5: precision: 0.01444 | recall: 0.06287 | ndcg: 0.04094 | hit_rate: 0.06950 | map: 0.03237
Sun 31 Mar 2024 18:47:34 INFO 10: precision: 0.01105 | recall: 0.09499 | ndcg: 0.05153 | hit_rate: 0.10438 | map: 0.03672
Sun 31 Mar 2024 18:47:34 INFO 20: precision: 0.00837 | recall: 0.14118 | ndcg: 0.06368 | hit_rate: 0.15282 | map: 0.04013
Sun 31 Mar 2024 18:47:34 INFO Test Metrics:
Sun 31 Mar 2024 18:47:34 INFO 5: precision: 0.02405 | recall: 0.06465 | ndcg: 0.04903 | hit_rate: 0.10729 | map: 0.03531
Sun 31 Mar 2024 18:47:34 INFO 10: precision: 0.01873 | recall: 0.09940 | ndcg: 0.06210 | hit_rate: 0.15864 | map: 0.04072
Sun 31 Mar 2024 18:47:34 INFO 20: precision: 0.01365 | recall: 0.14334 | ndcg: 0.07529 | hit_rate: 0.21948 | map: 0.04444
Sun 31 Mar 2024 18:47:58 INFO Epoch 14, Loss: 40.32744
Sun 31 Mar 2024 18:47:59 INFO Validation Metrics:
Sun 31 Mar 2024 18:47:59 INFO 5: precision: 0.01437 | recall: 0.06233 | ndcg: 0.04088 | hit_rate: 0.06950 | map: 0.03238
Sun 31 Mar 2024 18:47:59 INFO 10: precision: 0.01117 | recall: 0.09640 | ndcg: 0.05208 | hit_rate: 0.10586 | map: 0.03701
Sun 31 Mar 2024 18:47:59 INFO 20: precision: 0.00846 | recall: 0.14423 | ndcg: 0.06458 | hit_rate: 0.15592 | map: 0.04049
Sun 31 Mar 2024 18:47:59 INFO Test Metrics:
Sun 31 Mar 2024 18:47:59 INFO 5: precision: 0.02401 | recall: 0.06491 | ndcg: 0.04993 | hit_rate: 0.10787 | map: 0.03629
Sun 31 Mar 2024 18:47:59 INFO 10: precision: 0.01879 | recall: 0.09976 | ndcg: 0.06313 | hit_rate: 0.15960 | map: 0.04179
Sun 31 Mar 2024 18:47:59 INFO 20: precision: 0.01369 | recall: 0.14410 | ndcg: 0.07640 | hit_rate: 0.22090 | map: 0.04553
Sun 31 Mar 2024 18:48:23 INFO Epoch 15, Loss: 36.88244
Sun 31 Mar 2024 18:48:24 INFO Validation Metrics:
Sun 31 Mar 2024 18:48:24 INFO 5: precision: 0.01439 | recall: 0.06246 | ndcg: 0.04140 | hit_rate: 0.06924 | map: 0.03306
Sun 31 Mar 2024 18:48:24 INFO 10: precision: 0.01134 | recall: 0.09770 | ndcg: 0.05303 | hit_rate: 0.10754 | map: 0.03784
Sun 31 Mar 2024 18:48:24 INFO 20: precision: 0.00851 | recall: 0.14554 | ndcg: 0.06546 | hit_rate: 0.15709 | map: 0.04130
Sun 31 Mar 2024 18:48:24 INFO Test Metrics:
Sun 31 Mar 2024 18:48:24 INFO 5: precision: 0.02473 | recall: 0.06650 | ndcg: 0.05079 | hit_rate: 0.11032 | map: 0.03675
Sun 31 Mar 2024 18:48:24 INFO 10: precision: 0.01939 | recall: 0.10285 | ndcg: 0.06448 | hit_rate: 0.16367 | map: 0.04245
Sun 31 Mar 2024 18:48:24 INFO 20: precision: 0.01386 | recall: 0.14614 | ndcg: 0.07740 | hit_rate: 0.22265 | map: 0.04612
Sun 31 Mar 2024 18:48:48 INFO Epoch 16, Loss: 37.42897
Sun 31 Mar 2024 18:48:48 INFO Validation Metrics:
Sun 31 Mar 2024 18:48:48 INFO 5: precision: 0.01487 | recall: 0.06463 | ndcg: 0.04261 | hit_rate: 0.07183 | map: 0.03387
Sun 31 Mar 2024 18:48:48 INFO 10: precision: 0.01156 | recall: 0.09968 | ndcg: 0.05416 | hit_rate: 0.10948 | map: 0.03865
Sun 31 Mar 2024 18:48:48 INFO 20: precision: 0.00868 | recall: 0.14755 | ndcg: 0.06664 | hit_rate: 0.15896 | map: 0.04213
Sun 31 Mar 2024 18:48:48 INFO Test Metrics:
Sun 31 Mar 2024 18:48:48 INFO 5: precision: 0.02498 | recall: 0.06735 | ndcg: 0.05135 | hit_rate: 0.11155 | map: 0.03719
Sun 31 Mar 2024 18:48:48 INFO 10: precision: 0.01945 | recall: 0.10279 | ndcg: 0.06482 | hit_rate: 0.16400 | map: 0.04282
Sun 31 Mar 2024 18:48:48 INFO 20: precision: 0.01409 | recall: 0.14859 | ndcg: 0.07848 | hit_rate: 0.22613 | map: 0.04669
Sun 31 Mar 2024 18:49:13 INFO Epoch 17, Loss: 41.64842
Sun 31 Mar 2024 18:49:13 INFO Validation Metrics:
Sun 31 Mar 2024 18:49:13 INFO 5: precision: 0.01493 | recall: 0.06526 | ndcg: 0.04282 | hit_rate: 0.07228 | map: 0.03402
Sun 31 Mar 2024 18:49:13 INFO 10: precision: 0.01166 | recall: 0.10052 | ndcg: 0.05446 | hit_rate: 0.11039 | map: 0.03880
Sun 31 Mar 2024 18:49:13 INFO 20: precision: 0.00865 | recall: 0.14751 | ndcg: 0.06671 | hit_rate: 0.15922 | map: 0.04220
Sun 31 Mar 2024 18:49:13 INFO Test Metrics:
Sun 31 Mar 2024 18:49:13 INFO 5: precision: 0.02540 | recall: 0.06862 | ndcg: 0.05232 | hit_rate: 0.11271 | map: 0.03797
Sun 31 Mar 2024 18:49:13 INFO 10: precision: 0.01956 | recall: 0.10398 | ndcg: 0.06569 | hit_rate: 0.16535 | map: 0.04353
Sun 31 Mar 2024 18:49:13 INFO 20: precision: 0.01418 | recall: 0.15009 | ndcg: 0.07942 | hit_rate: 0.22626 | map: 0.04746
Sun 31 Mar 2024 18:49:37 INFO Epoch 18, Loss: 94.26950
Sun 31 Mar 2024 18:49:38 INFO Validation Metrics:
Sun 31 Mar 2024 18:49:38 INFO 5: precision: 0.01526 | recall: 0.06618 | ndcg: 0.04382 | hit_rate: 0.07350 | map: 0.03494
Sun 31 Mar 2024 18:49:38 INFO 10: precision: 0.01178 | recall: 0.10140 | ndcg: 0.05547 | hit_rate: 0.11148 | map: 0.03978
Sun 31 Mar 2024 18:49:38 INFO 20: precision: 0.00877 | recall: 0.14929 | ndcg: 0.06798 | hit_rate: 0.16083 | map: 0.04328
Sun 31 Mar 2024 18:49:38 INFO Test Metrics:
Sun 31 Mar 2024 18:49:38 INFO 5: precision: 0.02554 | recall: 0.06905 | ndcg: 0.05272 | hit_rate: 0.11394 | map: 0.03823
Sun 31 Mar 2024 18:49:38 INFO 10: precision: 0.01949 | recall: 0.10343 | ndcg: 0.06572 | hit_rate: 0.16555 | map: 0.04362
Sun 31 Mar 2024 18:49:38 INFO 20: precision: 0.01415 | recall: 0.14930 | ndcg: 0.07944 | hit_rate: 0.22659 | map: 0.04756
Sun 31 Mar 2024 18:50:02 INFO Epoch 19, Loss: 36.54777
Sun 31 Mar 2024 18:50:03 INFO Validation Metrics:
Sun 31 Mar 2024 18:50:03 INFO 5: precision: 0.01524 | recall: 0.06621 | ndcg: 0.04351 | hit_rate: 0.07331 | map: 0.03458
Sun 31 Mar 2024 18:50:03 INFO 10: precision: 0.01181 | recall: 0.10169 | ndcg: 0.05518 | hit_rate: 0.11194 | map: 0.03937
Sun 31 Mar 2024 18:50:03 INFO 20: precision: 0.00882 | recall: 0.14950 | ndcg: 0.06766 | hit_rate: 0.16128 | map: 0.04285
Sun 31 Mar 2024 18:50:03 INFO Test Metrics:
Sun 31 Mar 2024 18:50:03 INFO 5: precision: 0.02558 | recall: 0.06867 | ndcg: 0.05257 | hit_rate: 0.11310 | map: 0.03819
Sun 31 Mar 2024 18:50:03 INFO 10: precision: 0.01954 | recall: 0.10321 | ndcg: 0.06568 | hit_rate: 0.16387 | map: 0.04372
Sun 31 Mar 2024 18:50:03 INFO 20: precision: 0.01431 | recall: 0.15056 | ndcg: 0.07981 | hit_rate: 0.22827 | map: 0.04773
Sun 31 Mar 2024 18:50:28 INFO Epoch 20, Loss: 69.03829
Sun 31 Mar 2024 18:50:28 INFO Validation Metrics:
Sun 31 Mar 2024 18:50:28 INFO 5: precision: 0.01482 | recall: 0.06419 | ndcg: 0.04288 | hit_rate: 0.07150 | map: 0.03438
Sun 31 Mar 2024 18:50:28 INFO 10: precision: 0.01150 | recall: 0.09891 | ndcg: 0.05440 | hit_rate: 0.10916 | map: 0.03916
Sun 31 Mar 2024 18:50:28 INFO 20: precision: 0.00880 | recall: 0.14949 | ndcg: 0.06760 | hit_rate: 0.16083 | map: 0.04286
Sun 31 Mar 2024 18:50:28 INFO Test Metrics:
Sun 31 Mar 2024 18:50:28 INFO 5: precision: 0.02585 | recall: 0.06996 | ndcg: 0.05340 | hit_rate: 0.11465 | map: 0.03890
Sun 31 Mar 2024 18:50:28 INFO 10: precision: 0.01946 | recall: 0.10314 | ndcg: 0.06606 | hit_rate: 0.16329 | map: 0.04428
Sun 31 Mar 2024 18:50:28 INFO 20: precision: 0.01412 | recall: 0.14921 | ndcg: 0.07985 | hit_rate: 0.22639 | map: 0.04820
Sun 31 Mar 2024 18:50:52 INFO Epoch 21, Loss: 34.00412
Sun 31 Mar 2024 18:50:53 INFO Validation Metrics:
Sun 31 Mar 2024 18:50:53 INFO 5: precision: 0.01520 | recall: 0.06618 | ndcg: 0.04395 | hit_rate: 0.07344 | map: 0.03516
Sun 31 Mar 2024 18:50:53 INFO 10: precision: 0.01183 | recall: 0.10206 | ndcg: 0.05577 | hit_rate: 0.11181 | map: 0.04004
Sun 31 Mar 2024 18:50:53 INFO 20: precision: 0.00888 | recall: 0.15099 | ndcg: 0.06851 | hit_rate: 0.16283 | map: 0.04357
Sun 31 Mar 2024 18:50:53 INFO Test Metrics:
Sun 31 Mar 2024 18:50:53 INFO 5: precision: 0.02591 | recall: 0.06967 | ndcg: 0.05320 | hit_rate: 0.11368 | map: 0.03879
Sun 31 Mar 2024 18:50:53 INFO 10: precision: 0.01978 | recall: 0.10548 | ndcg: 0.06669 | hit_rate: 0.16542 | map: 0.04444
Sun 31 Mar 2024 18:50:53 INFO 20: precision: 0.01422 | recall: 0.14988 | ndcg: 0.08001 | hit_rate: 0.22659 | map: 0.04820
Sun 31 Mar 2024 18:51:17 INFO Epoch 22, Loss: 34.67924
Sun 31 Mar 2024 18:51:18 INFO Validation Metrics:
Sun 31 Mar 2024 18:51:18 INFO 5: precision: 0.01532 | recall: 0.06677 | ndcg: 0.04431 | hit_rate: 0.07409 | map: 0.03545
Sun 31 Mar 2024 18:51:18 INFO 10: precision: 0.01178 | recall: 0.10156 | ndcg: 0.05580 | hit_rate: 0.11142 | map: 0.04019
Sun 31 Mar 2024 18:51:18 INFO 20: precision: 0.00880 | recall: 0.14921 | ndcg: 0.06828 | hit_rate: 0.16077 | map: 0.04369
Sun 31 Mar 2024 18:51:18 INFO Test Metrics:
Sun 31 Mar 2024 18:51:18 INFO 5: precision: 0.02637 | recall: 0.07078 | ndcg: 0.05446 | hit_rate: 0.11659 | map: 0.03971
Sun 31 Mar 2024 18:51:18 INFO 10: precision: 0.02002 | recall: 0.10623 | ndcg: 0.06781 | hit_rate: 0.16839 | map: 0.04529
Sun 31 Mar 2024 18:51:18 INFO 20: precision: 0.01428 | recall: 0.15106 | ndcg: 0.08118 | hit_rate: 0.22865 | map: 0.04910
Sun 31 Mar 2024 18:51:42 INFO Epoch 23, Loss: 33.47298
Sun 31 Mar 2024 18:51:43 INFO Validation Metrics:
Sun 31 Mar 2024 18:51:43 INFO 5: precision: 0.01515 | recall: 0.06622 | ndcg: 0.04408 | hit_rate: 0.07357 | map: 0.03534
Sun 31 Mar 2024 18:51:43 INFO 10: precision: 0.01159 | recall: 0.10016 | ndcg: 0.05531 | hit_rate: 0.10968 | map: 0.04000
Sun 31 Mar 2024 18:51:43 INFO 20: precision: 0.00872 | recall: 0.14786 | ndcg: 0.06780 | hit_rate: 0.15948 | map: 0.04349
Sun 31 Mar 2024 18:51:43 INFO Test Metrics:
Sun 31 Mar 2024 18:51:43 INFO 5: precision: 0.02590 | recall: 0.06945 | ndcg: 0.05346 | hit_rate: 0.11458 | map: 0.03903
Sun 31 Mar 2024 18:51:43 INFO 10: precision: 0.01960 | recall: 0.10401 | ndcg: 0.06648 | hit_rate: 0.16516 | map: 0.04448
Sun 31 Mar 2024 18:51:43 INFO 20: precision: 0.01408 | recall: 0.14859 | ndcg: 0.07985 | hit_rate: 0.22542 | map: 0.04831
Sun 31 Mar 2024 18:52:07 INFO Epoch 24, Loss: 155.19345
Sun 31 Mar 2024 18:52:08 INFO Validation Metrics:
Sun 31 Mar 2024 18:52:08 INFO 5: precision: 0.01561 | recall: 0.06791 | ndcg: 0.04486 | hit_rate: 0.07505 | map: 0.03579
Sun 31 Mar 2024 18:52:08 INFO 10: precision: 0.01187 | recall: 0.10193 | ndcg: 0.05608 | hit_rate: 0.11226 | map: 0.04039
Sun 31 Mar 2024 18:52:08 INFO 20: precision: 0.00876 | recall: 0.14839 | ndcg: 0.06823 | hit_rate: 0.16012 | map: 0.04380
Sun 31 Mar 2024 18:52:08 INFO Test Metrics:
Sun 31 Mar 2024 18:52:08 INFO 5: precision: 0.02578 | recall: 0.06945 | ndcg: 0.05385 | hit_rate: 0.11381 | map: 0.03954
Sun 31 Mar 2024 18:52:08 INFO 10: precision: 0.01987 | recall: 0.10587 | ndcg: 0.06758 | hit_rate: 0.16658 | map: 0.04533
Sun 31 Mar 2024 18:52:08 INFO 20: precision: 0.01426 | recall: 0.15039 | ndcg: 0.08099 | hit_rate: 0.22788 | map: 0.04915
Sun 31 Mar 2024 18:52:32 INFO Epoch 25, Loss: 34.43007
Sun 31 Mar 2024 18:52:32 INFO Validation Metrics:
Sun 31 Mar 2024 18:52:32 INFO 5: precision: 0.01531 | recall: 0.06658 | ndcg: 0.04433 | hit_rate: 0.07383 | map: 0.03550
Sun 31 Mar 2024 18:52:32 INFO 10: precision: 0.01170 | recall: 0.09997 | ndcg: 0.05541 | hit_rate: 0.11026 | map: 0.04008
Sun 31 Mar 2024 18:52:32 INFO 20: precision: 0.00883 | recall: 0.14961 | ndcg: 0.06837 | hit_rate: 0.16122 | map: 0.04372
Sun 31 Mar 2024 18:52:32 INFO Test Metrics:
Sun 31 Mar 2024 18:52:32 INFO 5: precision: 0.02554 | recall: 0.06821 | ndcg: 0.05303 | hit_rate: 0.11271 | map: 0.03887
Sun 31 Mar 2024 18:52:32 INFO 10: precision: 0.01970 | recall: 0.10421 | ndcg: 0.06662 | hit_rate: 0.16548 | map: 0.04460
Sun 31 Mar 2024 18:52:32 INFO 20: precision: 0.01424 | recall: 0.15023 | ndcg: 0.08035 | hit_rate: 0.22723 | map: 0.04851
Sun 31 Mar 2024 18:52:56 INFO Epoch 26, Loss: 35.08023
Sun 31 Mar 2024 18:52:57 INFO Validation Metrics:
Sun 31 Mar 2024 18:52:57 INFO 5: precision: 0.01541 | recall: 0.06720 | ndcg: 0.04440 | hit_rate: 0.07441 | map: 0.03546
Sun 31 Mar 2024 18:52:57 INFO 10: precision: 0.01194 | recall: 0.10294 | ndcg: 0.05621 | hit_rate: 0.11258 | map: 0.04035
Sun 31 Mar 2024 18:52:57 INFO 20: precision: 0.00883 | recall: 0.14992 | ndcg: 0.06845 | hit_rate: 0.16115 | map: 0.04375
Sun 31 Mar 2024 18:52:57 INFO Test Metrics:
Sun 31 Mar 2024 18:52:57 INFO 5: precision: 0.02634 | recall: 0.07130 | ndcg: 0.05474 | hit_rate: 0.11652 | map: 0.04005
Sun 31 Mar 2024 18:52:57 INFO 10: precision: 0.02004 | recall: 0.10670 | ndcg: 0.06810 | hit_rate: 0.16787 | map: 0.04567
Sun 31 Mar 2024 18:52:57 INFO 20: precision: 0.01428 | recall: 0.15061 | ndcg: 0.08125 | hit_rate: 0.22794 | map: 0.04941
Sun 31 Mar 2024 18:53:21 INFO Epoch 27, Loss: 58.54781
Sun 31 Mar 2024 18:53:22 INFO Validation Metrics:
Sun 31 Mar 2024 18:53:22 INFO 5: precision: 0.01549 | recall: 0.06734 | ndcg: 0.04465 | hit_rate: 0.07499 | map: 0.03564
Sun 31 Mar 2024 18:53:22 INFO 10: precision: 0.01189 | recall: 0.10190 | ndcg: 0.05608 | hit_rate: 0.11213 | map: 0.04037
Sun 31 Mar 2024 18:53:22 INFO 20: precision: 0.00886 | recall: 0.15002 | ndcg: 0.06862 | hit_rate: 0.16122 | map: 0.04388
Sun 31 Mar 2024 18:53:22 INFO Test Metrics:
Sun 31 Mar 2024 18:53:22 INFO 5: precision: 0.02629 | recall: 0.07052 | ndcg: 0.05437 | hit_rate: 0.11517 | map: 0.03989
Sun 31 Mar 2024 18:53:22 INFO 10: precision: 0.02002 | recall: 0.10697 | ndcg: 0.06802 | hit_rate: 0.16839 | map: 0.04558
Sun 31 Mar 2024 18:53:22 INFO 20: precision: 0.01425 | recall: 0.15049 | ndcg: 0.08109 | hit_rate: 0.22768 | map: 0.04931
Sun 31 Mar 2024 18:53:46 INFO Epoch 28, Loss: 39.18532
Sun 31 Mar 2024 18:53:47 INFO Validation Metrics:
Sun 31 Mar 2024 18:53:47 INFO 5: precision: 0.01523 | recall: 0.06609 | ndcg: 0.04428 | hit_rate: 0.07350 | map: 0.03552
Sun 31 Mar 2024 18:53:47 INFO 10: precision: 0.01197 | recall: 0.10243 | ndcg: 0.05634 | hit_rate: 0.11284 | map: 0.04052
Sun 31 Mar 2024 18:53:47 INFO 20: precision: 0.00873 | recall: 0.14732 | ndcg: 0.06809 | hit_rate: 0.15889 | map: 0.04384
Sun 31 Mar 2024 18:53:47 INFO Test Metrics:
Sun 31 Mar 2024 18:53:47 INFO 5: precision: 0.02630 | recall: 0.07015 | ndcg: 0.05395 | hit_rate: 0.11601 | map: 0.03931
Sun 31 Mar 2024 18:53:47 INFO 10: precision: 0.01977 | recall: 0.10457 | ndcg: 0.06689 | hit_rate: 0.16581 | map: 0.04479
Sun 31 Mar 2024 18:53:47 INFO 20: precision: 0.01425 | recall: 0.14996 | ndcg: 0.08050 | hit_rate: 0.22646 | map: 0.04870
Sun 31 Mar 2024 18:54:11 INFO Epoch 29, Loss: 79.47623
Sun 31 Mar 2024 18:54:11 INFO Validation Metrics:
Sun 31 Mar 2024 18:54:11 INFO 5: precision: 0.01541 | recall: 0.06712 | ndcg: 0.04472 | hit_rate: 0.07441 | map: 0.03584
Sun 31 Mar 2024 18:54:11 INFO 10: precision: 0.01207 | recall: 0.10352 | ndcg: 0.05675 | hit_rate: 0.11387 | map: 0.04082
Sun 31 Mar 2024 18:54:11 INFO 20: precision: 0.00883 | recall: 0.14955 | ndcg: 0.06877 | hit_rate: 0.16115 | map: 0.04419
Sun 31 Mar 2024 18:54:11 INFO Test Metrics:
Sun 31 Mar 2024 18:54:11 INFO 5: precision: 0.02620 | recall: 0.07023 | ndcg: 0.05404 | hit_rate: 0.11542 | map: 0.03945
Sun 31 Mar 2024 18:54:11 INFO 10: precision: 0.02001 | recall: 0.10595 | ndcg: 0.06757 | hit_rate: 0.16813 | map: 0.04513
Sun 31 Mar 2024 18:54:11 INFO 20: precision: 0.01424 | recall: 0.14963 | ndcg: 0.08063 | hit_rate: 0.22691 | map: 0.04886
Sun 31 Mar 2024 18:54:35 INFO Epoch 30, Loss: 37.81813
Sun 31 Mar 2024 18:54:36 INFO Validation Metrics:
Sun 31 Mar 2024 18:54:36 INFO 5: precision: 0.01535 | recall: 0.06649 | ndcg: 0.04404 | hit_rate: 0.07396 | map: 0.03514
Sun 31 Mar 2024 18:54:36 INFO 10: precision: 0.01207 | recall: 0.10343 | ndcg: 0.05626 | hit_rate: 0.11374 | map: 0.04021
Sun 31 Mar 2024 18:54:36 INFO 20: precision: 0.00883 | recall: 0.14917 | ndcg: 0.06821 | hit_rate: 0.16128 | map: 0.04354
Sun 31 Mar 2024 18:54:36 INFO Test Metrics:
Sun 31 Mar 2024 18:54:36 INFO 5: precision: 0.02633 | recall: 0.07056 | ndcg: 0.05423 | hit_rate: 0.11594 | map: 0.03957
Sun 31 Mar 2024 18:54:36 INFO 10: precision: 0.02013 | recall: 0.10681 | ndcg: 0.06788 | hit_rate: 0.16858 | map: 0.04530
Sun 31 Mar 2024 18:54:36 INFO 20: precision: 0.01431 | recall: 0.15045 | ndcg: 0.08095 | hit_rate: 0.22768 | map: 0.04902
Sun 31 Mar 2024 18:55:00 INFO Epoch 31, Loss: 34.26074
Sun 31 Mar 2024 18:55:01 INFO Validation Metrics:
Sun 31 Mar 2024 18:55:01 INFO 5: precision: 0.01567 | recall: 0.06821 | ndcg: 0.04526 | hit_rate: 0.07583 | map: 0.03621
Sun 31 Mar 2024 18:55:01 INFO 10: precision: 0.01187 | recall: 0.10218 | ndcg: 0.05642 | hit_rate: 0.11219 | map: 0.04081
Sun 31 Mar 2024 18:55:01 INFO 20: precision: 0.00881 | recall: 0.14992 | ndcg: 0.06883 | hit_rate: 0.16135 | map: 0.04426
Sun 31 Mar 2024 18:55:01 INFO Test Metrics:
Sun 31 Mar 2024 18:55:01 INFO 5: precision: 0.02661 | recall: 0.07121 | ndcg: 0.05454 | hit_rate: 0.11652 | map: 0.03981
Sun 31 Mar 2024 18:55:01 INFO 10: precision: 0.01989 | recall: 0.10583 | ndcg: 0.06752 | hit_rate: 0.16626 | map: 0.04529
Sun 31 Mar 2024 18:55:01 INFO 20: precision: 0.01416 | recall: 0.14916 | ndcg: 0.08057 | hit_rate: 0.22555 | map: 0.04902
Sun 31 Mar 2024 18:55:25 INFO Epoch 32, Loss: 35.24953
Sun 31 Mar 2024 18:55:26 INFO Validation Metrics:
Sun 31 Mar 2024 18:55:26 INFO 5: precision: 0.01536 | recall: 0.06610 | ndcg: 0.04479 | hit_rate: 0.07370 | map: 0.03615
Sun 31 Mar 2024 18:55:26 INFO 10: precision: 0.01193 | recall: 0.10141 | ndcg: 0.05652 | hit_rate: 0.11194 | map: 0.04104
Sun 31 Mar 2024 18:55:26 INFO 20: precision: 0.00885 | recall: 0.14989 | ndcg: 0.06912 | hit_rate: 0.16174 | map: 0.04456
Sun 31 Mar 2024 18:55:26 INFO Test Metrics:
Sun 31 Mar 2024 18:55:26 INFO 5: precision: 0.02665 | recall: 0.07115 | ndcg: 0.05505 | hit_rate: 0.11730 | map: 0.04028
Sun 31 Mar 2024 18:55:26 INFO 10: precision: 0.02000 | recall: 0.10598 | ndcg: 0.06814 | hit_rate: 0.16671 | map: 0.04585
Sun 31 Mar 2024 18:55:26 INFO 20: precision: 0.01437 | recall: 0.15085 | ndcg: 0.08162 | hit_rate: 0.22768 | map: 0.04972
Sun 31 Mar 2024 18:55:50 INFO Epoch 33, Loss: 63.85982
Sun 31 Mar 2024 18:55:51 INFO Validation Metrics:
Sun 31 Mar 2024 18:55:51 INFO 5: precision: 0.01533 | recall: 0.06618 | ndcg: 0.04466 | hit_rate: 0.07396 | map: 0.03595
Sun 31 Mar 2024 18:55:51 INFO 10: precision: 0.01202 | recall: 0.10197 | ndcg: 0.05659 | hit_rate: 0.11245 | map: 0.04094
Sun 31 Mar 2024 18:55:51 INFO 20: precision: 0.00879 | recall: 0.14826 | ndcg: 0.06865 | hit_rate: 0.16019 | map: 0.04432
Sun 31 Mar 2024 18:55:51 INFO Test Metrics:
Sun 31 Mar 2024 18:55:51 INFO 5: precision: 0.02624 | recall: 0.07058 | ndcg: 0.05477 | hit_rate: 0.11581 | map: 0.04033
Sun 31 Mar 2024 18:55:51 INFO 10: precision: 0.01998 | recall: 0.10650 | ndcg: 0.06830 | hit_rate: 0.16716 | map: 0.04604
Sun 31 Mar 2024 18:55:51 INFO 20: precision: 0.01423 | recall: 0.14973 | ndcg: 0.08132 | hit_rate: 0.22633 | map: 0.04976
Sun 31 Mar 2024 18:56:15 INFO Epoch 34, Loss: 33.31655
Sun 31 Mar 2024 18:56:15 INFO Validation Metrics:
Sun 31 Mar 2024 18:56:15 INFO 5: precision: 0.01570 | recall: 0.06748 | ndcg: 0.04517 | hit_rate: 0.07544 | map: 0.03617
Sun 31 Mar 2024 18:56:15 INFO 10: precision: 0.01205 | recall: 0.10285 | ndcg: 0.05678 | hit_rate: 0.11336 | map: 0.04096
Sun 31 Mar 2024 18:56:15 INFO 20: precision: 0.00884 | recall: 0.14899 | ndcg: 0.06882 | hit_rate: 0.16109 | map: 0.04432
Sun 31 Mar 2024 18:56:15 INFO Test Metrics:
Sun 31 Mar 2024 18:56:15 INFO 5: precision: 0.02619 | recall: 0.07014 | ndcg: 0.05397 | hit_rate: 0.11523 | map: 0.03941
Sun 31 Mar 2024 18:56:15 INFO 10: precision: 0.01998 | recall: 0.10615 | ndcg: 0.06757 | hit_rate: 0.16723 | map: 0.04514
Sun 31 Mar 2024 18:56:15 INFO 20: precision: 0.01426 | recall: 0.14982 | ndcg: 0.08072 | hit_rate: 0.22646 | map: 0.04893
Sun 31 Mar 2024 18:56:39 INFO Epoch 35, Loss: 42.68887
Sun 31 Mar 2024 18:56:40 INFO Validation Metrics:
Sun 31 Mar 2024 18:56:40 INFO 5: precision: 0.01550 | recall: 0.06663 | ndcg: 0.04471 | hit_rate: 0.07441 | map: 0.03586
Sun 31 Mar 2024 18:56:40 INFO 10: precision: 0.01199 | recall: 0.10195 | ndcg: 0.05640 | hit_rate: 0.11226 | map: 0.04072
Sun 31 Mar 2024 18:56:40 INFO 20: precision: 0.00882 | recall: 0.14793 | ndcg: 0.06847 | hit_rate: 0.15973 | map: 0.04412
Sun 31 Mar 2024 18:56:40 INFO Test Metrics:
Sun 31 Mar 2024 18:56:40 INFO 5: precision: 0.02589 | recall: 0.06906 | ndcg: 0.05343 | hit_rate: 0.11413 | map: 0.03906
Sun 31 Mar 2024 18:56:40 INFO 10: precision: 0.01974 | recall: 0.10462 | ndcg: 0.06678 | hit_rate: 0.16509 | map: 0.04468
Sun 31 Mar 2024 18:56:40 INFO 20: precision: 0.01423 | recall: 0.14898 | ndcg: 0.08017 | hit_rate: 0.22588 | map: 0.04852
Sun 31 Mar 2024 18:57:04 INFO Epoch 36, Loss: 40.99372
Sun 31 Mar 2024 18:57:05 INFO Validation Metrics:
Sun 31 Mar 2024 18:57:05 INFO 5: precision: 0.01487 | recall: 0.06407 | ndcg: 0.04344 | hit_rate: 0.07176 | map: 0.03496
Sun 31 Mar 2024 18:57:05 INFO 10: precision: 0.01165 | recall: 0.09947 | ndcg: 0.05517 | hit_rate: 0.10935 | map: 0.03986
Sun 31 Mar 2024 18:57:05 INFO 20: precision: 0.00859 | recall: 0.14480 | ndcg: 0.06703 | hit_rate: 0.15657 | map: 0.04318
Sun 31 Mar 2024 18:57:05 INFO Test Metrics:
Sun 31 Mar 2024 18:57:05 INFO 5: precision: 0.02537 | recall: 0.06759 | ndcg: 0.05260 | hit_rate: 0.11181 | map: 0.03862
Sun 31 Mar 2024 18:57:05 INFO 10: precision: 0.01964 | recall: 0.10355 | ndcg: 0.06621 | hit_rate: 0.16426 | map: 0.04436
Sun 31 Mar 2024 18:57:05 INFO 20: precision: 0.01390 | recall: 0.14573 | ndcg: 0.07882 | hit_rate: 0.22129 | map: 0.04795
Sun 31 Mar 2024 18:57:29 INFO Epoch 37, Loss: 32.37598
Sun 31 Mar 2024 18:57:30 INFO Validation Metrics:
Sun 31 Mar 2024 18:57:30 INFO 5: precision: 0.01531 | recall: 0.06666 | ndcg: 0.04461 | hit_rate: 0.07428 | map: 0.03580
Sun 31 Mar 2024 18:57:30 INFO 10: precision: 0.01179 | recall: 0.10136 | ndcg: 0.05605 | hit_rate: 0.11148 | map: 0.04053
Sun 31 Mar 2024 18:57:30 INFO 20: precision: 0.00875 | recall: 0.14754 | ndcg: 0.06815 | hit_rate: 0.15870 | map: 0.04394
Sun 31 Mar 2024 18:57:30 INFO Test Metrics:
Sun 31 Mar 2024 18:57:30 INFO 5: precision: 0.02655 | recall: 0.07097 | ndcg: 0.05498 | hit_rate: 0.11710 | map: 0.04020
Sun 31 Mar 2024 18:57:30 INFO 10: precision: 0.01992 | recall: 0.10577 | ndcg: 0.06798 | hit_rate: 0.16606 | map: 0.04572
Sun 31 Mar 2024 18:57:30 INFO 20: precision: 0.01421 | recall: 0.14942 | ndcg: 0.08109 | hit_rate: 0.22542 | map: 0.04947
Sun 31 Mar 2024 18:57:53 INFO Epoch 38, Loss: 35.60647
Sun 31 Mar 2024 18:57:54 INFO Validation Metrics:
Sun 31 Mar 2024 18:57:54 INFO 5: precision: 0.01526 | recall: 0.06574 | ndcg: 0.04484 | hit_rate: 0.07331 | map: 0.03637
Sun 31 Mar 2024 18:57:54 INFO 10: precision: 0.01176 | recall: 0.10012 | ndcg: 0.05626 | hit_rate: 0.11006 | map: 0.04115
Sun 31 Mar 2024 18:57:54 INFO 20: precision: 0.00870 | recall: 0.14681 | ndcg: 0.06848 | hit_rate: 0.15851 | map: 0.04458
Sun 31 Mar 2024 18:57:54 INFO Test Metrics:
Sun 31 Mar 2024 18:57:54 INFO 5: precision: 0.02637 | recall: 0.07068 | ndcg: 0.05490 | hit_rate: 0.11613 | map: 0.04031
Sun 31 Mar 2024 18:57:54 INFO 10: precision: 0.01993 | recall: 0.10571 | ndcg: 0.06812 | hit_rate: 0.16690 | map: 0.04588
Sun 31 Mar 2024 18:57:54 INFO 20: precision: 0.01423 | recall: 0.14910 | ndcg: 0.08122 | hit_rate: 0.22568 | map: 0.04965
Sun 31 Mar 2024 18:58:18 INFO Epoch 39, Loss: 35.79572
Sun 31 Mar 2024 18:58:19 INFO Validation Metrics:
Sun 31 Mar 2024 18:58:19 INFO 5: precision: 0.01526 | recall: 0.06591 | ndcg: 0.04482 | hit_rate: 0.07389 | map: 0.03623
Sun 31 Mar 2024 18:58:19 INFO 10: precision: 0.01172 | recall: 0.09978 | ndcg: 0.05602 | hit_rate: 0.11000 | map: 0.04090
Sun 31 Mar 2024 18:58:19 INFO 20: precision: 0.00868 | recall: 0.14583 | ndcg: 0.06810 | hit_rate: 0.15754 | map: 0.04430
Sun 31 Mar 2024 18:58:19 INFO Test Metrics:
Sun 31 Mar 2024 18:58:19 INFO 5: precision: 0.02607 | recall: 0.07014 | ndcg: 0.05408 | hit_rate: 0.11504 | map: 0.03955
Sun 31 Mar 2024 18:58:19 INFO 10: precision: 0.01989 | recall: 0.10568 | ndcg: 0.06746 | hit_rate: 0.16716 | map: 0.04512
Sun 31 Mar 2024 18:58:19 INFO 20: precision: 0.01426 | recall: 0.14950 | ndcg: 0.08068 | hit_rate: 0.22743 | map: 0.04891
Sun 31 Mar 2024 18:58:43 INFO Epoch 40, Loss: 39.84301
Sun 31 Mar 2024 18:58:44 INFO Validation Metrics:
Sun 31 Mar 2024 18:58:44 INFO 5: precision: 0.01541 | recall: 0.06604 | ndcg: 0.04431 | hit_rate: 0.07415 | map: 0.03554
Sun 31 Mar 2024 18:58:44 INFO 10: precision: 0.01194 | recall: 0.10193 | ndcg: 0.05613 | hit_rate: 0.11213 | map: 0.04046
Sun 31 Mar 2024 18:58:44 INFO 20: precision: 0.00873 | recall: 0.14648 | ndcg: 0.06783 | hit_rate: 0.15812 | map: 0.04376
Sun 31 Mar 2024 18:58:44 INFO Test Metrics:
Sun 31 Mar 2024 18:58:44 INFO 5: precision: 0.02628 | recall: 0.07032 | ndcg: 0.05455 | hit_rate: 0.11639 | map: 0.03999
Sun 31 Mar 2024 18:58:44 INFO 10: precision: 0.01977 | recall: 0.10477 | ndcg: 0.06753 | hit_rate: 0.16606 | map: 0.04545
Sun 31 Mar 2024 18:58:44 INFO 20: precision: 0.01436 | recall: 0.15053 | ndcg: 0.08132 | hit_rate: 0.22762 | map: 0.04945
Sun 31 Mar 2024 18:59:08 INFO Epoch 41, Loss: 34.12981
Sun 31 Mar 2024 18:59:09 INFO Validation Metrics:
Sun 31 Mar 2024 18:59:09 INFO 5: precision: 0.01523 | recall: 0.06551 | ndcg: 0.04384 | hit_rate: 0.07325 | map: 0.03513
Sun 31 Mar 2024 18:59:09 INFO 10: precision: 0.01166 | recall: 0.09931 | ndcg: 0.05500 | hit_rate: 0.10961 | map: 0.03977
Sun 31 Mar 2024 18:59:09 INFO 20: precision: 0.00865 | recall: 0.14533 | ndcg: 0.06704 | hit_rate: 0.15741 | map: 0.04315
Sun 31 Mar 2024 18:59:09 INFO Test Metrics:
Sun 31 Mar 2024 18:59:09 INFO 5: precision: 0.02597 | recall: 0.06966 | ndcg: 0.05378 | hit_rate: 0.11523 | map: 0.03928
Sun 31 Mar 2024 18:59:09 INFO 10: precision: 0.01975 | recall: 0.10466 | ndcg: 0.06700 | hit_rate: 0.16503 | map: 0.04489
Sun 31 Mar 2024 18:59:09 INFO 20: precision: 0.01402 | recall: 0.14688 | ndcg: 0.07969 | hit_rate: 0.22226 | map: 0.04853
Sun 31 Mar 2024 18:59:33 INFO Epoch 42, Loss: 43.61018
Sun 31 Mar 2024 18:59:33 INFO Validation Metrics:
Sun 31 Mar 2024 18:59:33 INFO 5: precision: 0.01563 | recall: 0.06731 | ndcg: 0.04536 | hit_rate: 0.07512 | map: 0.03648
Sun 31 Mar 2024 18:59:33 INFO 10: precision: 0.01167 | recall: 0.09968 | ndcg: 0.05609 | hit_rate: 0.10974 | map: 0.04097
Sun 31 Mar 2024 18:59:33 INFO 20: precision: 0.00858 | recall: 0.14424 | ndcg: 0.06778 | hit_rate: 0.15592 | map: 0.04426
Sun 31 Mar 2024 18:59:33 INFO Test Metrics:
Sun 31 Mar 2024 18:59:33 INFO 5: precision: 0.02640 | recall: 0.07099 | ndcg: 0.05490 | hit_rate: 0.11620 | map: 0.04018
Sun 31 Mar 2024 18:59:33 INFO 10: precision: 0.02012 | recall: 0.10689 | ndcg: 0.06847 | hit_rate: 0.16832 | map: 0.04589
Sun 31 Mar 2024 18:59:33 INFO 20: precision: 0.01412 | recall: 0.14726 | ndcg: 0.08071 | hit_rate: 0.22336 | map: 0.04942
Sun 31 Mar 2024 18:59:33 INFO Best Test Metrics:
Sun 31 Mar 2024 18:59:33 INFO 5: precision: 0.02637 | recall: 0.07078 | ndcg: 0.05446 | hit_rate: 0.11659 | map: 0.03971
Sun 31 Mar 2024 18:59:33 INFO 10: precision: 0.02002 | recall: 0.10623 | ndcg: 0.06781 | hit_rate: 0.16839 | map: 0.04529
Sun 31 Mar 2024 18:59:33 INFO 20: precision: 0.01428 | recall: 0.15106 | ndcg: 0.08118 | hit_rate: 0.22865 | map: 0.04910
Sun 31 Mar 2024 18:59:33 INFO Best performance: 0.15106
Sun 31 Mar 2024 18:59:33 INFO Best parameters: {'G_rate': 0.0001, 'learning_rate': 0.00055, 'reg_weight': 0.0001, 'ssl_alpha': 0.003, 'ssl_temp': 0.5}
Sun 31 Mar 2024 18:59:33 INFO Best metrics:
Sun 31 Mar 2024 18:59:33 INFO 5: precision: 0.02637 | recall: 0.07078 | ndcg: 0.05446 | hit_rate: 0.11659 | map: 0.03971
Sun 31 Mar 2024 18:59:33 INFO 10: precision: 0.02002 | recall: 0.10623 | ndcg: 0.06781 | hit_rate: 0.16839 | map: 0.04529
Sun 31 Mar 2024 18:59:33 INFO 20: precision: 0.01428 | recall: 0.15106 | ndcg: 0.08118 | hit_rate: 0.22865 | map: 0.04910
