Sun 26 Jan 2025 23:23:40 INFO ============Arguments==============
Sun 26 Jan 2025 23:23:40 INFO Model: MMSSL
Sun 26 Jan 2025 23:23:40 INFO data_path: microlens
Sun 26 Jan 2025 23:23:40 INFO learning_rate: 0.001
Sun 26 Jan 2025 23:23:40 INFO feature_embed: 64
Sun 26 Jan 2025 23:23:40 INFO batch_size: 1024
Sun 26 Jan 2025 23:23:40 INFO aggr_mode: add
Sun 26 Jan 2025 23:23:40 INFO reg_weight: 0.001
Sun 26 Jan 2025 23:23:40 INFO dim_E: 64
Sun 26 Jan 2025 23:23:40 INFO num_epoch: 1000
Sun 26 Jan 2025 23:23:40 INFO dropout: 0.2
Sun 26 Jan 2025 23:23:40 INFO n_layers: 2
Sun 26 Jan 2025 23:23:40 INFO corDecay: 0.001
Sun 26 Jan 2025 23:23:40 INFO n_factors: 4
Sun 26 Jan 2025 23:23:40 INFO n_iterations: 3
Sun 26 Jan 2025 23:23:40 INFO cl_weight: 2.0
Sun 26 Jan 2025 23:23:40 INFO mm_layers: 2
Sun 26 Jan 2025 23:23:40 INFO ii_topk: 10
Sun 26 Jan 2025 23:23:40 INFO uu_topk: 10
Sun 26 Jan 2025 23:23:40 INFO lambda_coeff: 0.9
Sun 26 Jan 2025 23:23:40 INFO ssl_temp: 0.9
Sun 26 Jan 2025 23:23:40 INFO ssl_alpha: 0.9
Sun 26 Jan 2025 23:23:40 INFO ae_weight: 0.1
Sun 26 Jan 2025 23:23:40 INFO threshold: 0.1
Sun 26 Jan 2025 23:23:40 INFO prompt_num: 0.1
Sun 26 Jan 2025 23:23:40 INFO neg_weight: 0.1
Sun 26 Jan 2025 23:23:40 INFO cen_reg: 0.005
Sun 26 Jan 2025 23:23:40 INFO n_intents: 128
Sun 26 Jan 2025 23:23:40 INFO G_rate: 0.0001
Sun 26 Jan 2025 23:23:40 INFO align_weight: 0.1
Sun 26 Jan 2025 23:23:40 INFO mask_weight_f: 1.5
Sun 26 Jan 2025 23:23:40 INFO mask_weight_g: 0.001
Sun 26 Jan 2025 23:23:40 INFO leaky: 0.5
Sun 26 Jan 2025 23:23:40 INFO keepRate: 1.0
Sun 26 Jan 2025 23:23:40 INFO mult: 0.1
Sun 26 Jan 2025 23:23:40 INFO grid_size: 1
Sun 26 Jan 2025 23:23:40 INFO node_dropout: 0.1
Sun 26 Jan 2025 23:23:40 INFO message_dropout: 0.1
Sun 26 Jan 2025 23:23:40 INFO n_mca: 2
Sun 26 Jan 2025 23:23:40 INFO gamma: 0.5
Sun 26 Jan 2025 23:23:40 INFO t: 1.8
Sun 26 Jan 2025 23:23:40 INFO e_loss: 0.1
Sun 26 Jan 2025 23:23:40 INFO ris_lambda: 0.5
Sun 26 Jan 2025 23:23:40 INFO rebuild_k: 1
Sun 26 Jan 2025 23:23:40 INFO pnn_layer: 1
Sun 26 Jan 2025 23:23:40 INFO b2: 1
Sun 26 Jan 2025 23:23:40 INFO ctra: 0.001
Sun 26 Jan 2025 23:23:40 INFO noise_alpha: 0.3
Sun 26 Jan 2025 23:23:40 INFO ssl_temp2: 0.2
Sun 26 Jan 2025 23:23:40 INFO K_s: 1
Sun 26 Jan 2025 23:23:40 INFO T_s: 1
Sun 26 Jan 2025 23:23:40 INFO K_b: 1
Sun 26 Jan 2025 23:23:40 INFO T_b: 1
Sun 26 Jan 2025 23:23:40 INFO idl_beta: 1
Sun 26 Jan 2025 23:23:40 INFO sampling_noise: False
Sun 26 Jan 2025 23:23:40 INFO sampling_steps: 0
Sun 26 Jan 2025 23:23:40 INFO steps: 100
Sun 26 Jan 2025 23:23:40 INFO noise_scale: 0.1
Sun 26 Jan 2025 23:23:40 INFO noise_min: 0.0001
Sun 26 Jan 2025 23:23:40 INFO noise_max: 0.02
Sun 26 Jan 2025 23:23:40 INFO dims: [1000]
Sun 26 Jan 2025 23:23:40 INFO h_layers: 2
Sun 26 Jan 2025 23:23:40 INFO num_hypernodes: 10
Sun 26 Jan 2025 23:23:40 INFO beta1: 0.5
Sun 26 Jan 2025 23:23:40 INFO beta2: 0.5
Sun 26 Jan 2025 23:23:40 INFO seed: 42
Sun 26 Jan 2025 23:23:40 INFO num_workers: 1
Sun 26 Jan 2025 23:23:40 INFO topk: [5, 10, 20]
Sun 26 Jan 2025 23:23:40 INFO local time£ºJan-26-2025-23-23-40
Sun 26 Jan 2025 23:23:40 INFO =========1/1: Parameters:{'G_rate': 0.0001, 'learning_rate': 0.00055, 'reg_weight': 1e-05, 'ssl_alpha': 0.1, 'ssl_temp': 0.5, 'mm_layers': 2}=========
Sun 26 Jan 2025 23:23:49 INFO Epoch 1, Loss: 109088368.12500
Sun 26 Jan 2025 23:23:51 INFO Validation Metrics:
Sun 26 Jan 2025 23:23:51 INFO 5: precision: 0.00026 | recall: 0.00106 | ndcg: 0.00061 | hit_rate: 0.00127 | map: 0.00043
Sun 26 Jan 2025 23:23:51 INFO 10: precision: 0.00025 | recall: 0.00212 | ndcg: 0.00095 | hit_rate: 0.00243 | map: 0.00056
Sun 26 Jan 2025 23:23:51 INFO 20: precision: 0.00026 | recall: 0.00445 | ndcg: 0.00155 | hit_rate: 0.00500 | map: 0.00072
Sun 26 Jan 2025 23:23:51 INFO Test Metrics:
Sun 26 Jan 2025 23:23:51 INFO 5: precision: 0.00044 | recall: 0.00138 | ndcg: 0.00090 | hit_rate: 0.00215 | map: 0.00061
Sun 26 Jan 2025 23:23:51 INFO 10: precision: 0.00040 | recall: 0.00234 | ndcg: 0.00126 | hit_rate: 0.00390 | map: 0.00074
Sun 26 Jan 2025 23:23:51 INFO 20: precision: 0.00041 | recall: 0.00469 | ndcg: 0.00195 | hit_rate: 0.00804 | map: 0.00090
Sun 26 Jan 2025 23:23:57 INFO Epoch 2, Loss: 4516082.62305
Sun 26 Jan 2025 23:23:59 INFO Validation Metrics:
Sun 26 Jan 2025 23:23:59 INFO 5: precision: 0.00033 | recall: 0.00142 | ndcg: 0.00090 | hit_rate: 0.00164 | map: 0.00070
Sun 26 Jan 2025 23:23:59 INFO 10: precision: 0.00030 | recall: 0.00262 | ndcg: 0.00130 | hit_rate: 0.00295 | map: 0.00086
Sun 26 Jan 2025 23:23:59 INFO 20: precision: 0.00028 | recall: 0.00496 | ndcg: 0.00189 | hit_rate: 0.00551 | map: 0.00101
Sun 26 Jan 2025 23:23:59 INFO Test Metrics:
Sun 26 Jan 2025 23:23:59 INFO 5: precision: 0.00056 | recall: 0.00163 | ndcg: 0.00115 | hit_rate: 0.00282 | map: 0.00079
Sun 26 Jan 2025 23:23:59 INFO 10: precision: 0.00050 | recall: 0.00287 | ndcg: 0.00161 | hit_rate: 0.00491 | map: 0.00096
Sun 26 Jan 2025 23:23:59 INFO 20: precision: 0.00044 | recall: 0.00513 | ndcg: 0.00226 | hit_rate: 0.00847 | map: 0.00111
Sun 26 Jan 2025 23:24:06 INFO Epoch 3, Loss: 356136.28223
Sun 26 Jan 2025 23:24:08 INFO Validation Metrics:
Sun 26 Jan 2025 23:24:08 INFO 5: precision: 0.00036 | recall: 0.00159 | ndcg: 0.00090 | hit_rate: 0.00179 | map: 0.00065
Sun 26 Jan 2025 23:24:08 INFO 10: precision: 0.00033 | recall: 0.00296 | ndcg: 0.00135 | hit_rate: 0.00330 | map: 0.00083
Sun 26 Jan 2025 23:24:08 INFO 20: precision: 0.00029 | recall: 0.00521 | ndcg: 0.00193 | hit_rate: 0.00577 | map: 0.00098
Sun 26 Jan 2025 23:24:08 INFO Test Metrics:
Sun 26 Jan 2025 23:24:08 INFO 5: precision: 0.00055 | recall: 0.00151 | ndcg: 0.00107 | hit_rate: 0.00274 | map: 0.00072
Sun 26 Jan 2025 23:24:08 INFO 10: precision: 0.00049 | recall: 0.00282 | ndcg: 0.00156 | hit_rate: 0.00485 | map: 0.00090
Sun 26 Jan 2025 23:24:08 INFO 20: precision: 0.00045 | recall: 0.00525 | ndcg: 0.00225 | hit_rate: 0.00866 | map: 0.00107
Sun 26 Jan 2025 23:24:14 INFO Epoch 4, Loss: 289988.65918
Sun 26 Jan 2025 23:24:16 INFO Validation Metrics:
Sun 26 Jan 2025 23:24:16 INFO 5: precision: 0.00036 | recall: 0.00156 | ndcg: 0.00092 | hit_rate: 0.00179 | map: 0.00069
Sun 26 Jan 2025 23:24:16 INFO 10: precision: 0.00034 | recall: 0.00298 | ndcg: 0.00139 | hit_rate: 0.00332 | map: 0.00087
Sun 26 Jan 2025 23:24:16 INFO 20: precision: 0.00030 | recall: 0.00530 | ndcg: 0.00198 | hit_rate: 0.00584 | map: 0.00103
Sun 26 Jan 2025 23:24:16 INFO Test Metrics:
Sun 26 Jan 2025 23:24:16 INFO 5: precision: 0.00050 | recall: 0.00140 | ndcg: 0.00099 | hit_rate: 0.00252 | map: 0.00065
Sun 26 Jan 2025 23:24:16 INFO 10: precision: 0.00048 | recall: 0.00268 | ndcg: 0.00147 | hit_rate: 0.00470 | map: 0.00083
Sun 26 Jan 2025 23:24:16 INFO 20: precision: 0.00044 | recall: 0.00514 | ndcg: 0.00218 | hit_rate: 0.00866 | map: 0.00100
Sun 26 Jan 2025 23:24:23 INFO Epoch 5, Loss: 289589.37305
Sun 26 Jan 2025 23:24:25 INFO Validation Metrics:
Sun 26 Jan 2025 23:24:25 INFO 5: precision: 0.00037 | recall: 0.00158 | ndcg: 0.00097 | hit_rate: 0.00181 | map: 0.00074
Sun 26 Jan 2025 23:24:25 INFO 10: precision: 0.00034 | recall: 0.00303 | ndcg: 0.00144 | hit_rate: 0.00338 | map: 0.00093
Sun 26 Jan 2025 23:24:25 INFO 20: precision: 0.00031 | recall: 0.00558 | ndcg: 0.00209 | hit_rate: 0.00614 | map: 0.00110
Sun 26 Jan 2025 23:24:25 INFO Test Metrics:
Sun 26 Jan 2025 23:24:25 INFO 5: precision: 0.00054 | recall: 0.00154 | ndcg: 0.00105 | hit_rate: 0.00269 | map: 0.00069
Sun 26 Jan 2025 23:24:25 INFO 10: precision: 0.00052 | recall: 0.00294 | ndcg: 0.00157 | hit_rate: 0.00508 | map: 0.00087
Sun 26 Jan 2025 23:24:25 INFO 20: precision: 0.00046 | recall: 0.00532 | ndcg: 0.00225 | hit_rate: 0.00888 | map: 0.00103
Sun 26 Jan 2025 23:24:31 INFO Epoch 6, Loss: 363618.07324
Sun 26 Jan 2025 23:24:33 INFO Validation Metrics:
Sun 26 Jan 2025 23:24:33 INFO 5: precision: 0.00035 | recall: 0.00153 | ndcg: 0.00103 | hit_rate: 0.00174 | map: 0.00083
Sun 26 Jan 2025 23:24:33 INFO 10: precision: 0.00034 | recall: 0.00301 | ndcg: 0.00151 | hit_rate: 0.00336 | map: 0.00103
Sun 26 Jan 2025 23:24:33 INFO 20: precision: 0.00031 | recall: 0.00555 | ndcg: 0.00216 | hit_rate: 0.00612 | map: 0.00119
Sun 26 Jan 2025 23:24:33 INFO Test Metrics:
Sun 26 Jan 2025 23:24:33 INFO 5: precision: 0.00053 | recall: 0.00140 | ndcg: 0.00096 | hit_rate: 0.00263 | map: 0.00061
Sun 26 Jan 2025 23:24:33 INFO 10: precision: 0.00051 | recall: 0.00290 | ndcg: 0.00150 | hit_rate: 0.00500 | map: 0.00081
Sun 26 Jan 2025 23:24:33 INFO 20: precision: 0.00047 | recall: 0.00539 | ndcg: 0.00221 | hit_rate: 0.00907 | map: 0.00098
Sun 26 Jan 2025 23:24:40 INFO Epoch 7, Loss: 323640.45117
Sun 26 Jan 2025 23:24:42 INFO Validation Metrics:
Sun 26 Jan 2025 23:24:42 INFO 5: precision: 0.00036 | recall: 0.00157 | ndcg: 0.00104 | hit_rate: 0.00179 | map: 0.00083
Sun 26 Jan 2025 23:24:42 INFO 10: precision: 0.00033 | recall: 0.00288 | ndcg: 0.00146 | hit_rate: 0.00323 | map: 0.00100
Sun 26 Jan 2025 23:24:42 INFO 20: precision: 0.00031 | recall: 0.00554 | ndcg: 0.00214 | hit_rate: 0.00612 | map: 0.00118
Sun 26 Jan 2025 23:24:42 INFO Test Metrics:
Sun 26 Jan 2025 23:24:42 INFO 5: precision: 0.00053 | recall: 0.00144 | ndcg: 0.00098 | hit_rate: 0.00267 | map: 0.00063
Sun 26 Jan 2025 23:24:42 INFO 10: precision: 0.00051 | recall: 0.00295 | ndcg: 0.00152 | hit_rate: 0.00508 | map: 0.00082
Sun 26 Jan 2025 23:24:42 INFO 20: precision: 0.00048 | recall: 0.00558 | ndcg: 0.00227 | hit_rate: 0.00933 | map: 0.00100
Sun 26 Jan 2025 23:24:48 INFO Epoch 8, Loss: 256873.12256
Sun 26 Jan 2025 23:24:50 INFO Validation Metrics:
Sun 26 Jan 2025 23:24:50 INFO 5: precision: 0.00037 | recall: 0.00158 | ndcg: 0.00104 | hit_rate: 0.00183 | map: 0.00082
Sun 26 Jan 2025 23:24:50 INFO 10: precision: 0.00034 | recall: 0.00300 | ndcg: 0.00150 | hit_rate: 0.00336 | map: 0.00101
Sun 26 Jan 2025 23:24:50 INFO 20: precision: 0.00032 | recall: 0.00567 | ndcg: 0.00218 | hit_rate: 0.00625 | map: 0.00119
Sun 26 Jan 2025 23:24:50 INFO Test Metrics:
Sun 26 Jan 2025 23:24:50 INFO 5: precision: 0.00055 | recall: 0.00153 | ndcg: 0.00101 | hit_rate: 0.00271 | map: 0.00064
Sun 26 Jan 2025 23:24:50 INFO 10: precision: 0.00052 | recall: 0.00295 | ndcg: 0.00153 | hit_rate: 0.00511 | map: 0.00083
Sun 26 Jan 2025 23:24:50 INFO 20: precision: 0.00045 | recall: 0.00529 | ndcg: 0.00220 | hit_rate: 0.00885 | map: 0.00099
Sun 26 Jan 2025 23:24:57 INFO Epoch 9, Loss: 63899.64227
Sun 26 Jan 2025 23:24:58 INFO Validation Metrics:
Sun 26 Jan 2025 23:24:58 INFO 5: precision: 0.00040 | recall: 0.00172 | ndcg: 0.00108 | hit_rate: 0.00196 | map: 0.00084
Sun 26 Jan 2025 23:24:58 INFO 10: precision: 0.00035 | recall: 0.00308 | ndcg: 0.00154 | hit_rate: 0.00345 | map: 0.00102
Sun 26 Jan 2025 23:24:58 INFO 20: precision: 0.00031 | recall: 0.00563 | ndcg: 0.00218 | hit_rate: 0.00620 | map: 0.00119
Sun 26 Jan 2025 23:24:58 INFO Test Metrics:
Sun 26 Jan 2025 23:24:58 INFO 5: precision: 0.00054 | recall: 0.00152 | ndcg: 0.00102 | hit_rate: 0.00269 | map: 0.00066
Sun 26 Jan 2025 23:24:58 INFO 10: precision: 0.00055 | recall: 0.00313 | ndcg: 0.00162 | hit_rate: 0.00539 | map: 0.00088
Sun 26 Jan 2025 23:24:58 INFO 20: precision: 0.00046 | recall: 0.00538 | ndcg: 0.00226 | hit_rate: 0.00903 | map: 0.00103
Sun 26 Jan 2025 23:25:05 INFO Epoch 10, Loss: 5093.66594
Sun 26 Jan 2025 23:25:07 INFO Validation Metrics:
Sun 26 Jan 2025 23:25:07 INFO 5: precision: 0.00038 | recall: 0.00162 | ndcg: 0.00106 | hit_rate: 0.00190 | map: 0.00084
Sun 26 Jan 2025 23:25:07 INFO 10: precision: 0.00034 | recall: 0.00304 | ndcg: 0.00153 | hit_rate: 0.00340 | map: 0.00103
Sun 26 Jan 2025 23:25:07 INFO 20: precision: 0.00032 | recall: 0.00571 | ndcg: 0.00221 | hit_rate: 0.00629 | map: 0.00121
Sun 26 Jan 2025 23:25:07 INFO Test Metrics:
Sun 26 Jan 2025 23:25:07 INFO 5: precision: 0.00056 | recall: 0.00157 | ndcg: 0.00101 | hit_rate: 0.00278 | map: 0.00063
Sun 26 Jan 2025 23:25:07 INFO 10: precision: 0.00051 | recall: 0.00293 | ndcg: 0.00152 | hit_rate: 0.00506 | map: 0.00081
Sun 26 Jan 2025 23:25:07 INFO 20: precision: 0.00047 | recall: 0.00556 | ndcg: 0.00226 | hit_rate: 0.00922 | map: 0.00099
Sun 26 Jan 2025 23:25:14 INFO Epoch 11, Loss: 3550.90794
Sun 26 Jan 2025 23:25:15 INFO Validation Metrics:
Sun 26 Jan 2025 23:25:15 INFO 5: precision: 0.00038 | recall: 0.00159 | ndcg: 0.00104 | hit_rate: 0.00187 | map: 0.00082
Sun 26 Jan 2025 23:25:15 INFO 10: precision: 0.00034 | recall: 0.00302 | ndcg: 0.00151 | hit_rate: 0.00338 | map: 0.00100
Sun 26 Jan 2025 23:25:15 INFO 20: precision: 0.00032 | recall: 0.00575 | ndcg: 0.00220 | hit_rate: 0.00631 | map: 0.00119
Sun 26 Jan 2025 23:25:15 INFO Test Metrics:
Sun 26 Jan 2025 23:25:15 INFO 5: precision: 0.00055 | recall: 0.00153 | ndcg: 0.00102 | hit_rate: 0.00271 | map: 0.00065
Sun 26 Jan 2025 23:25:15 INFO 10: precision: 0.00052 | recall: 0.00297 | ndcg: 0.00154 | hit_rate: 0.00508 | map: 0.00084
Sun 26 Jan 2025 23:25:15 INFO 20: precision: 0.00046 | recall: 0.00537 | ndcg: 0.00223 | hit_rate: 0.00898 | map: 0.00100
Sun 26 Jan 2025 23:25:22 INFO Epoch 12, Loss: 2404.96577
Sun 26 Jan 2025 23:25:24 INFO Validation Metrics:
Sun 26 Jan 2025 23:25:24 INFO 5: precision: 0.00039 | recall: 0.00163 | ndcg: 0.00106 | hit_rate: 0.00190 | map: 0.00083
Sun 26 Jan 2025 23:25:24 INFO 10: precision: 0.00036 | recall: 0.00317 | ndcg: 0.00155 | hit_rate: 0.00353 | map: 0.00102
Sun 26 Jan 2025 23:25:24 INFO 20: precision: 0.00033 | recall: 0.00589 | ndcg: 0.00224 | hit_rate: 0.00646 | map: 0.00121
Sun 26 Jan 2025 23:25:24 INFO Test Metrics:
Sun 26 Jan 2025 23:25:24 INFO 5: precision: 0.00053 | recall: 0.00148 | ndcg: 0.00098 | hit_rate: 0.00263 | map: 0.00063
Sun 26 Jan 2025 23:25:24 INFO 10: precision: 0.00054 | recall: 0.00309 | ndcg: 0.00157 | hit_rate: 0.00528 | map: 0.00084
Sun 26 Jan 2025 23:25:24 INFO 20: precision: 0.00048 | recall: 0.00553 | ndcg: 0.00228 | hit_rate: 0.00926 | map: 0.00101
Sun 26 Jan 2025 23:25:31 INFO Epoch 13, Loss: 1827.20681
Sun 26 Jan 2025 23:25:32 INFO Validation Metrics:
Sun 26 Jan 2025 23:25:32 INFO 5: precision: 0.00039 | recall: 0.00165 | ndcg: 0.00106 | hit_rate: 0.00192 | map: 0.00083
Sun 26 Jan 2025 23:25:32 INFO 10: precision: 0.00036 | recall: 0.00319 | ndcg: 0.00156 | hit_rate: 0.00353 | map: 0.00103
Sun 26 Jan 2025 23:25:32 INFO 20: precision: 0.00032 | recall: 0.00568 | ndcg: 0.00220 | hit_rate: 0.00627 | map: 0.00120
Sun 26 Jan 2025 23:25:32 INFO Test Metrics:
Sun 26 Jan 2025 23:25:32 INFO 5: precision: 0.00054 | recall: 0.00150 | ndcg: 0.00101 | hit_rate: 0.00267 | map: 0.00065
Sun 26 Jan 2025 23:25:32 INFO 10: precision: 0.00053 | recall: 0.00304 | ndcg: 0.00157 | hit_rate: 0.00517 | map: 0.00085
Sun 26 Jan 2025 23:25:32 INFO 20: precision: 0.00048 | recall: 0.00559 | ndcg: 0.00230 | hit_rate: 0.00937 | map: 0.00103
Sun 26 Jan 2025 23:25:39 INFO Epoch 14, Loss: 1138.55133
Sun 26 Jan 2025 23:25:41 INFO Validation Metrics:
Sun 26 Jan 2025 23:25:41 INFO 5: precision: 0.00038 | recall: 0.00161 | ndcg: 0.00105 | hit_rate: 0.00187 | map: 0.00083
Sun 26 Jan 2025 23:25:41 INFO 10: precision: 0.00037 | recall: 0.00326 | ndcg: 0.00159 | hit_rate: 0.00362 | map: 0.00104
Sun 26 Jan 2025 23:25:41 INFO 20: precision: 0.00032 | recall: 0.00566 | ndcg: 0.00220 | hit_rate: 0.00627 | map: 0.00120
Sun 26 Jan 2025 23:25:41 INFO Test Metrics:
Sun 26 Jan 2025 23:25:41 INFO 5: precision: 0.00054 | recall: 0.00154 | ndcg: 0.00102 | hit_rate: 0.00267 | map: 0.00066
Sun 26 Jan 2025 23:25:41 INFO 10: precision: 0.00052 | recall: 0.00295 | ndcg: 0.00154 | hit_rate: 0.00513 | map: 0.00084
Sun 26 Jan 2025 23:25:41 INFO 20: precision: 0.00049 | recall: 0.00564 | ndcg: 0.00232 | hit_rate: 0.00946 | map: 0.00103
Sun 26 Jan 2025 23:25:47 INFO Epoch 15, Loss: 411.93833
Sun 26 Jan 2025 23:25:49 INFO Validation Metrics:
Sun 26 Jan 2025 23:25:49 INFO 5: precision: 0.00037 | recall: 0.00153 | ndcg: 0.00103 | hit_rate: 0.00181 | map: 0.00082
Sun 26 Jan 2025 23:25:49 INFO 10: precision: 0.00036 | recall: 0.00319 | ndcg: 0.00157 | hit_rate: 0.00355 | map: 0.00104
Sun 26 Jan 2025 23:25:49 INFO 20: precision: 0.00033 | recall: 0.00578 | ndcg: 0.00223 | hit_rate: 0.00638 | map: 0.00121
Sun 26 Jan 2025 23:25:49 INFO Test Metrics:
Sun 26 Jan 2025 23:25:49 INFO 5: precision: 0.00053 | recall: 0.00149 | ndcg: 0.00100 | hit_rate: 0.00261 | map: 0.00065
Sun 26 Jan 2025 23:25:49 INFO 10: precision: 0.00051 | recall: 0.00292 | ndcg: 0.00153 | hit_rate: 0.00500 | map: 0.00084
Sun 26 Jan 2025 23:25:49 INFO 20: precision: 0.00049 | recall: 0.00566 | ndcg: 0.00233 | hit_rate: 0.00950 | map: 0.00103
Sun 26 Jan 2025 23:25:56 INFO Epoch 16, Loss: 161.27564
Sun 26 Jan 2025 23:25:58 INFO Validation Metrics:
Sun 26 Jan 2025 23:25:58 INFO 5: precision: 0.00039 | recall: 0.00167 | ndcg: 0.00108 | hit_rate: 0.00194 | map: 0.00085
Sun 26 Jan 2025 23:25:58 INFO 10: precision: 0.00036 | recall: 0.00315 | ndcg: 0.00157 | hit_rate: 0.00353 | map: 0.00105
Sun 26 Jan 2025 23:25:58 INFO 20: precision: 0.00033 | recall: 0.00580 | ndcg: 0.00224 | hit_rate: 0.00640 | map: 0.00122
Sun 26 Jan 2025 23:25:58 INFO Test Metrics:
Sun 26 Jan 2025 23:25:58 INFO 5: precision: 0.00053 | recall: 0.00156 | ndcg: 0.00105 | hit_rate: 0.00267 | map: 0.00069
Sun 26 Jan 2025 23:25:58 INFO 10: precision: 0.00053 | recall: 0.00304 | ndcg: 0.00160 | hit_rate: 0.00521 | map: 0.00089
Sun 26 Jan 2025 23:25:58 INFO 20: precision: 0.00049 | recall: 0.00560 | ndcg: 0.00235 | hit_rate: 0.00946 | map: 0.00106
Sun 26 Jan 2025 23:26:04 INFO Epoch 17, Loss: 354.79780
Sun 26 Jan 2025 23:26:06 INFO Validation Metrics:
Sun 26 Jan 2025 23:26:06 INFO 5: precision: 0.00044 | recall: 0.00187 | ndcg: 0.00117 | hit_rate: 0.00213 | map: 0.00089
Sun 26 Jan 2025 23:26:06 INFO 10: precision: 0.00036 | recall: 0.00319 | ndcg: 0.00160 | hit_rate: 0.00358 | map: 0.00106
Sun 26 Jan 2025 23:26:06 INFO 20: precision: 0.00032 | recall: 0.00563 | ndcg: 0.00222 | hit_rate: 0.00623 | map: 0.00123
Sun 26 Jan 2025 23:26:06 INFO Test Metrics:
Sun 26 Jan 2025 23:26:06 INFO 5: precision: 0.00055 | recall: 0.00159 | ndcg: 0.00106 | hit_rate: 0.00274 | map: 0.00069
Sun 26 Jan 2025 23:26:06 INFO 10: precision: 0.00053 | recall: 0.00298 | ndcg: 0.00158 | hit_rate: 0.00517 | map: 0.00087
Sun 26 Jan 2025 23:26:06 INFO 20: precision: 0.00048 | recall: 0.00563 | ndcg: 0.00233 | hit_rate: 0.00941 | map: 0.00105
Sun 26 Jan 2025 23:26:13 INFO Epoch 18, Loss: 61.63577
Sun 26 Jan 2025 23:26:15 INFO Validation Metrics:
Sun 26 Jan 2025 23:26:15 INFO 5: precision: 0.00039 | recall: 0.00164 | ndcg: 0.00107 | hit_rate: 0.00190 | map: 0.00084
Sun 26 Jan 2025 23:26:15 INFO 10: precision: 0.00035 | recall: 0.00309 | ndcg: 0.00155 | hit_rate: 0.00345 | map: 0.00104
Sun 26 Jan 2025 23:26:15 INFO 20: precision: 0.00033 | recall: 0.00585 | ndcg: 0.00226 | hit_rate: 0.00646 | map: 0.00123
Sun 26 Jan 2025 23:26:15 INFO Test Metrics:
Sun 26 Jan 2025 23:26:15 INFO 5: precision: 0.00053 | recall: 0.00154 | ndcg: 0.00102 | hit_rate: 0.00267 | map: 0.00066
Sun 26 Jan 2025 23:26:15 INFO 10: precision: 0.00052 | recall: 0.00292 | ndcg: 0.00154 | hit_rate: 0.00511 | map: 0.00084
Sun 26 Jan 2025 23:26:15 INFO 20: precision: 0.00049 | recall: 0.00563 | ndcg: 0.00231 | hit_rate: 0.00944 | map: 0.00102
Sun 26 Jan 2025 23:26:21 INFO Epoch 19, Loss: 72.75792
Sun 26 Jan 2025 23:26:23 INFO Validation Metrics:
Sun 26 Jan 2025 23:26:23 INFO 5: precision: 0.00039 | recall: 0.00166 | ndcg: 0.00104 | hit_rate: 0.00192 | map: 0.00080
Sun 26 Jan 2025 23:26:23 INFO 10: precision: 0.00035 | recall: 0.00308 | ndcg: 0.00151 | hit_rate: 0.00347 | map: 0.00099
Sun 26 Jan 2025 23:26:23 INFO 20: precision: 0.00032 | recall: 0.00572 | ndcg: 0.00219 | hit_rate: 0.00633 | map: 0.00117
Sun 26 Jan 2025 23:26:23 INFO Test Metrics:
Sun 26 Jan 2025 23:26:23 INFO 5: precision: 0.00054 | recall: 0.00153 | ndcg: 0.00102 | hit_rate: 0.00269 | map: 0.00066
Sun 26 Jan 2025 23:26:23 INFO 10: precision: 0.00051 | recall: 0.00286 | ndcg: 0.00152 | hit_rate: 0.00498 | map: 0.00084
Sun 26 Jan 2025 23:26:23 INFO 20: precision: 0.00048 | recall: 0.00557 | ndcg: 0.00230 | hit_rate: 0.00937 | map: 0.00102
Sun 26 Jan 2025 23:26:30 INFO Epoch 20, Loss: 47.50120
Sun 26 Jan 2025 23:26:32 INFO Validation Metrics:
Sun 26 Jan 2025 23:26:32 INFO 5: precision: 0.00040 | recall: 0.00174 | ndcg: 0.00109 | hit_rate: 0.00198 | map: 0.00084
Sun 26 Jan 2025 23:26:32 INFO 10: precision: 0.00035 | recall: 0.00309 | ndcg: 0.00154 | hit_rate: 0.00347 | map: 0.00102
Sun 26 Jan 2025 23:26:32 INFO 20: precision: 0.00032 | recall: 0.00563 | ndcg: 0.00219 | hit_rate: 0.00623 | map: 0.00119
Sun 26 Jan 2025 23:26:32 INFO Test Metrics:
Sun 26 Jan 2025 23:26:32 INFO 5: precision: 0.00056 | recall: 0.00160 | ndcg: 0.00106 | hit_rate: 0.00282 | map: 0.00068
Sun 26 Jan 2025 23:26:32 INFO 10: precision: 0.00049 | recall: 0.00280 | ndcg: 0.00151 | hit_rate: 0.00485 | map: 0.00084
Sun 26 Jan 2025 23:26:32 INFO 20: precision: 0.00047 | recall: 0.00545 | ndcg: 0.00227 | hit_rate: 0.00916 | map: 0.00103
Sun 26 Jan 2025 23:26:38 INFO Epoch 21, Loss: 53.87756
Sun 26 Jan 2025 23:26:40 INFO Validation Metrics:
Sun 26 Jan 2025 23:26:40 INFO 5: precision: 0.00044 | recall: 0.00193 | ndcg: 0.00117 | hit_rate: 0.00218 | map: 0.00088
Sun 26 Jan 2025 23:26:40 INFO 10: precision: 0.00036 | recall: 0.00312 | ndcg: 0.00156 | hit_rate: 0.00353 | map: 0.00103
Sun 26 Jan 2025 23:26:40 INFO 20: precision: 0.00031 | recall: 0.00556 | ndcg: 0.00219 | hit_rate: 0.00616 | map: 0.00120
Sun 26 Jan 2025 23:26:40 INFO Test Metrics:
Sun 26 Jan 2025 23:26:40 INFO 5: precision: 0.00054 | recall: 0.00158 | ndcg: 0.00105 | hit_rate: 0.00271 | map: 0.00068
Sun 26 Jan 2025 23:26:40 INFO 10: precision: 0.00052 | recall: 0.00296 | ndcg: 0.00157 | hit_rate: 0.00508 | map: 0.00086
Sun 26 Jan 2025 23:26:40 INFO 20: precision: 0.00048 | recall: 0.00563 | ndcg: 0.00233 | hit_rate: 0.00937 | map: 0.00105
Sun 26 Jan 2025 23:26:47 INFO Epoch 22, Loss: 23.98205
Sun 26 Jan 2025 23:26:48 INFO Validation Metrics:
Sun 26 Jan 2025 23:26:48 INFO 5: precision: 0.00040 | recall: 0.00174 | ndcg: 0.00110 | hit_rate: 0.00198 | map: 0.00085
Sun 26 Jan 2025 23:26:48 INFO 10: precision: 0.00036 | recall: 0.00317 | ndcg: 0.00157 | hit_rate: 0.00355 | map: 0.00104
Sun 26 Jan 2025 23:26:48 INFO 20: precision: 0.00032 | recall: 0.00561 | ndcg: 0.00220 | hit_rate: 0.00623 | map: 0.00121
Sun 26 Jan 2025 23:26:48 INFO Test Metrics:
Sun 26 Jan 2025 23:26:48 INFO 5: precision: 0.00053 | recall: 0.00152 | ndcg: 0.00102 | hit_rate: 0.00263 | map: 0.00066
Sun 26 Jan 2025 23:26:48 INFO 10: precision: 0.00052 | recall: 0.00296 | ndcg: 0.00156 | hit_rate: 0.00511 | map: 0.00085
Sun 26 Jan 2025 23:26:48 INFO 20: precision: 0.00047 | recall: 0.00548 | ndcg: 0.00228 | hit_rate: 0.00918 | map: 0.00103
Sun 26 Jan 2025 23:26:55 INFO Epoch 23, Loss: 24.16646
Sun 26 Jan 2025 23:26:57 INFO Validation Metrics:
Sun 26 Jan 2025 23:26:57 INFO 5: precision: 0.00043 | recall: 0.00183 | ndcg: 0.00113 | hit_rate: 0.00209 | map: 0.00085
Sun 26 Jan 2025 23:26:57 INFO 10: precision: 0.00036 | recall: 0.00319 | ndcg: 0.00157 | hit_rate: 0.00358 | map: 0.00103
Sun 26 Jan 2025 23:26:57 INFO 20: precision: 0.00032 | recall: 0.00560 | ndcg: 0.00220 | hit_rate: 0.00623 | map: 0.00120
Sun 26 Jan 2025 23:26:57 INFO Test Metrics:
Sun 26 Jan 2025 23:26:57 INFO 5: precision: 0.00056 | recall: 0.00158 | ndcg: 0.00106 | hit_rate: 0.00282 | map: 0.00068
Sun 26 Jan 2025 23:26:57 INFO 10: precision: 0.00052 | recall: 0.00297 | ndcg: 0.00156 | hit_rate: 0.00511 | map: 0.00086
Sun 26 Jan 2025 23:26:57 INFO 20: precision: 0.00048 | recall: 0.00558 | ndcg: 0.00231 | hit_rate: 0.00926 | map: 0.00103
Sun 26 Jan 2025 23:27:04 INFO Epoch 24, Loss: 23.56207
Sun 26 Jan 2025 23:27:05 INFO Validation Metrics:
Sun 26 Jan 2025 23:27:05 INFO 5: precision: 0.00039 | recall: 0.00164 | ndcg: 0.00105 | hit_rate: 0.00192 | map: 0.00081
Sun 26 Jan 2025 23:27:05 INFO 10: precision: 0.00036 | recall: 0.00318 | ndcg: 0.00155 | hit_rate: 0.00358 | map: 0.00101
Sun 26 Jan 2025 23:27:05 INFO 20: precision: 0.00032 | recall: 0.00560 | ndcg: 0.00217 | hit_rate: 0.00625 | map: 0.00117
Sun 26 Jan 2025 23:27:05 INFO Test Metrics:
Sun 26 Jan 2025 23:27:05 INFO 5: precision: 0.00052 | recall: 0.00147 | ndcg: 0.00100 | hit_rate: 0.00259 | map: 0.00065
Sun 26 Jan 2025 23:27:05 INFO 10: precision: 0.00051 | recall: 0.00296 | ndcg: 0.00155 | hit_rate: 0.00506 | map: 0.00085
Sun 26 Jan 2025 23:27:05 INFO 20: precision: 0.00048 | recall: 0.00556 | ndcg: 0.00230 | hit_rate: 0.00935 | map: 0.00103
Sun 26 Jan 2025 23:27:12 INFO Epoch 25, Loss: 30.68687
Sun 26 Jan 2025 23:27:14 INFO Validation Metrics:
Sun 26 Jan 2025 23:27:14 INFO 5: precision: 0.00039 | recall: 0.00165 | ndcg: 0.00102 | hit_rate: 0.00192 | map: 0.00077
Sun 26 Jan 2025 23:27:14 INFO 10: precision: 0.00036 | recall: 0.00313 | ndcg: 0.00151 | hit_rate: 0.00351 | map: 0.00097
Sun 26 Jan 2025 23:27:14 INFO 20: precision: 0.00031 | recall: 0.00547 | ndcg: 0.00211 | hit_rate: 0.00612 | map: 0.00113
Sun 26 Jan 2025 23:27:14 INFO Test Metrics:
Sun 26 Jan 2025 23:27:14 INFO 5: precision: 0.00053 | recall: 0.00149 | ndcg: 0.00103 | hit_rate: 0.00267 | map: 0.00067
Sun 26 Jan 2025 23:27:14 INFO 10: precision: 0.00052 | recall: 0.00293 | ndcg: 0.00156 | hit_rate: 0.00515 | map: 0.00086
Sun 26 Jan 2025 23:27:14 INFO 20: precision: 0.00049 | recall: 0.00563 | ndcg: 0.00233 | hit_rate: 0.00941 | map: 0.00104
Sun 26 Jan 2025 23:27:21 INFO Epoch 26, Loss: 23.56930
Sun 26 Jan 2025 23:27:22 INFO Validation Metrics:
Sun 26 Jan 2025 23:27:22 INFO 5: precision: 0.00039 | recall: 0.00166 | ndcg: 0.00105 | hit_rate: 0.00192 | map: 0.00081
Sun 26 Jan 2025 23:27:22 INFO 10: precision: 0.00035 | recall: 0.00309 | ndcg: 0.00152 | hit_rate: 0.00347 | map: 0.00099
Sun 26 Jan 2025 23:27:22 INFO 20: precision: 0.00032 | recall: 0.00553 | ndcg: 0.00215 | hit_rate: 0.00616 | map: 0.00116
Sun 26 Jan 2025 23:27:22 INFO Test Metrics:
Sun 26 Jan 2025 23:27:22 INFO 5: precision: 0.00053 | recall: 0.00151 | ndcg: 0.00101 | hit_rate: 0.00265 | map: 0.00065
Sun 26 Jan 2025 23:27:22 INFO 10: precision: 0.00050 | recall: 0.00281 | ndcg: 0.00150 | hit_rate: 0.00493 | map: 0.00083
Sun 26 Jan 2025 23:27:22 INFO 20: precision: 0.00048 | recall: 0.00554 | ndcg: 0.00228 | hit_rate: 0.00924 | map: 0.00102
Sun 26 Jan 2025 23:27:29 INFO Epoch 27, Loss: 25.61733
Sun 26 Jan 2025 23:27:31 INFO Validation Metrics:
Sun 26 Jan 2025 23:27:31 INFO 5: precision: 0.00040 | recall: 0.00170 | ndcg: 0.00105 | hit_rate: 0.00198 | map: 0.00080
Sun 26 Jan 2025 23:27:31 INFO 10: precision: 0.00035 | recall: 0.00307 | ndcg: 0.00150 | hit_rate: 0.00345 | map: 0.00098
Sun 26 Jan 2025 23:27:31 INFO 20: precision: 0.00033 | recall: 0.00574 | ndcg: 0.00219 | hit_rate: 0.00640 | map: 0.00116
Sun 26 Jan 2025 23:27:31 INFO Test Metrics:
Sun 26 Jan 2025 23:27:31 INFO 5: precision: 0.00053 | recall: 0.00148 | ndcg: 0.00102 | hit_rate: 0.00265 | map: 0.00066
Sun 26 Jan 2025 23:27:31 INFO 10: precision: 0.00051 | recall: 0.00287 | ndcg: 0.00153 | hit_rate: 0.00500 | map: 0.00085
Sun 26 Jan 2025 23:27:31 INFO 20: precision: 0.00048 | recall: 0.00556 | ndcg: 0.00230 | hit_rate: 0.00928 | map: 0.00103
Sun 26 Jan 2025 23:27:37 INFO Epoch 28, Loss: 23.93410
Sun 26 Jan 2025 23:27:39 INFO Validation Metrics:
Sun 26 Jan 2025 23:27:39 INFO 5: precision: 0.00041 | recall: 0.00174 | ndcg: 0.00109 | hit_rate: 0.00200 | map: 0.00084
Sun 26 Jan 2025 23:27:39 INFO 10: precision: 0.00037 | recall: 0.00321 | ndcg: 0.00157 | hit_rate: 0.00360 | map: 0.00103
Sun 26 Jan 2025 23:27:39 INFO 20: precision: 0.00033 | recall: 0.00581 | ndcg: 0.00224 | hit_rate: 0.00648 | map: 0.00121
Sun 26 Jan 2025 23:27:39 INFO Test Metrics:
Sun 26 Jan 2025 23:27:39 INFO 5: precision: 0.00054 | recall: 0.00150 | ndcg: 0.00103 | hit_rate: 0.00269 | map: 0.00067
Sun 26 Jan 2025 23:27:39 INFO 10: precision: 0.00052 | recall: 0.00296 | ndcg: 0.00157 | hit_rate: 0.00513 | map: 0.00086
Sun 26 Jan 2025 23:27:39 INFO 20: precision: 0.00048 | recall: 0.00558 | ndcg: 0.00231 | hit_rate: 0.00928 | map: 0.00104
Sun 26 Jan 2025 23:27:46 INFO Epoch 29, Loss: 23.62810
Sun 26 Jan 2025 23:27:48 INFO Validation Metrics:
Sun 26 Jan 2025 23:27:48 INFO 5: precision: 0.00038 | recall: 0.00162 | ndcg: 0.00103 | hit_rate: 0.00187 | map: 0.00079
Sun 26 Jan 2025 23:27:48 INFO 10: precision: 0.00036 | recall: 0.00312 | ndcg: 0.00152 | hit_rate: 0.00351 | map: 0.00099
Sun 26 Jan 2025 23:27:48 INFO 20: precision: 0.00032 | recall: 0.00559 | ndcg: 0.00216 | hit_rate: 0.00627 | map: 0.00116
Sun 26 Jan 2025 23:27:48 INFO Test Metrics:
Sun 26 Jan 2025 23:27:48 INFO 5: precision: 0.00056 | recall: 0.00160 | ndcg: 0.00107 | hit_rate: 0.00282 | map: 0.00069
Sun 26 Jan 2025 23:27:48 INFO 10: precision: 0.00051 | recall: 0.00286 | ndcg: 0.00154 | hit_rate: 0.00498 | map: 0.00086
Sun 26 Jan 2025 23:27:48 INFO 20: precision: 0.00048 | recall: 0.00550 | ndcg: 0.00229 | hit_rate: 0.00924 | map: 0.00104
Sun 26 Jan 2025 23:27:54 INFO Epoch 30, Loss: 32.56155
Sun 26 Jan 2025 23:27:56 INFO Validation Metrics:
Sun 26 Jan 2025 23:27:56 INFO 5: precision: 0.00037 | recall: 0.00154 | ndcg: 0.00098 | hit_rate: 0.00179 | map: 0.00075
Sun 26 Jan 2025 23:27:56 INFO 10: precision: 0.00034 | recall: 0.00296 | ndcg: 0.00145 | hit_rate: 0.00336 | map: 0.00094
Sun 26 Jan 2025 23:27:56 INFO 20: precision: 0.00032 | recall: 0.00571 | ndcg: 0.00215 | hit_rate: 0.00636 | map: 0.00113
Sun 26 Jan 2025 23:27:56 INFO Test Metrics:
Sun 26 Jan 2025 23:27:56 INFO 5: precision: 0.00055 | recall: 0.00155 | ndcg: 0.00107 | hit_rate: 0.00274 | map: 0.00070
Sun 26 Jan 2025 23:27:56 INFO 10: precision: 0.00050 | recall: 0.00282 | ndcg: 0.00154 | hit_rate: 0.00491 | map: 0.00087
Sun 26 Jan 2025 23:27:56 INFO 20: precision: 0.00047 | recall: 0.00545 | ndcg: 0.00229 | hit_rate: 0.00909 | map: 0.00106
Sun 26 Jan 2025 23:28:03 INFO Epoch 31, Loss: 27.01071
Sun 26 Jan 2025 23:28:05 INFO Validation Metrics:
Sun 26 Jan 2025 23:28:05 INFO 5: precision: 0.00040 | recall: 0.00166 | ndcg: 0.00103 | hit_rate: 0.00194 | map: 0.00079
Sun 26 Jan 2025 23:28:05 INFO 10: precision: 0.00033 | recall: 0.00284 | ndcg: 0.00143 | hit_rate: 0.00325 | map: 0.00095
Sun 26 Jan 2025 23:28:05 INFO 20: precision: 0.00032 | recall: 0.00563 | ndcg: 0.00215 | hit_rate: 0.00631 | map: 0.00114
Sun 26 Jan 2025 23:28:05 INFO Test Metrics:
Sun 26 Jan 2025 23:28:05 INFO 5: precision: 0.00055 | recall: 0.00157 | ndcg: 0.00107 | hit_rate: 0.00274 | map: 0.00070
Sun 26 Jan 2025 23:28:05 INFO 10: precision: 0.00050 | recall: 0.00283 | ndcg: 0.00154 | hit_rate: 0.00489 | map: 0.00087
Sun 26 Jan 2025 23:28:05 INFO 20: precision: 0.00047 | recall: 0.00546 | ndcg: 0.00228 | hit_rate: 0.00913 | map: 0.00105
Sun 26 Jan 2025 23:28:11 INFO Epoch 32, Loss: 24.13607
Sun 26 Jan 2025 23:28:13 INFO Validation Metrics:
Sun 26 Jan 2025 23:28:13 INFO 5: precision: 0.00037 | recall: 0.00155 | ndcg: 0.00098 | hit_rate: 0.00181 | map: 0.00076
Sun 26 Jan 2025 23:28:13 INFO 10: precision: 0.00033 | recall: 0.00287 | ndcg: 0.00143 | hit_rate: 0.00327 | map: 0.00094
Sun 26 Jan 2025 23:28:13 INFO 20: precision: 0.00032 | recall: 0.00562 | ndcg: 0.00213 | hit_rate: 0.00629 | map: 0.00112
Sun 26 Jan 2025 23:28:13 INFO Test Metrics:
Sun 26 Jan 2025 23:28:13 INFO 5: precision: 0.00051 | recall: 0.00144 | ndcg: 0.00103 | hit_rate: 0.00256 | map: 0.00070
Sun 26 Jan 2025 23:28:13 INFO 10: precision: 0.00050 | recall: 0.00289 | ndcg: 0.00157 | hit_rate: 0.00495 | map: 0.00089
Sun 26 Jan 2025 23:28:13 INFO 20: precision: 0.00047 | recall: 0.00547 | ndcg: 0.00230 | hit_rate: 0.00918 | map: 0.00107
Sun 26 Jan 2025 23:28:20 INFO Epoch 33, Loss: 24.06528
Sun 26 Jan 2025 23:28:22 INFO Validation Metrics:
Sun 26 Jan 2025 23:28:22 INFO 5: precision: 0.00037 | recall: 0.00158 | ndcg: 0.00100 | hit_rate: 0.00183 | map: 0.00077
Sun 26 Jan 2025 23:28:22 INFO 10: precision: 0.00034 | recall: 0.00294 | ndcg: 0.00145 | hit_rate: 0.00336 | map: 0.00095
Sun 26 Jan 2025 23:28:22 INFO 20: precision: 0.00032 | recall: 0.00567 | ndcg: 0.00215 | hit_rate: 0.00633 | map: 0.00113
Sun 26 Jan 2025 23:28:22 INFO Test Metrics:
Sun 26 Jan 2025 23:28:22 INFO 5: precision: 0.00053 | recall: 0.00150 | ndcg: 0.00107 | hit_rate: 0.00263 | map: 0.00072
Sun 26 Jan 2025 23:28:22 INFO 10: precision: 0.00051 | recall: 0.00287 | ndcg: 0.00158 | hit_rate: 0.00502 | map: 0.00091
Sun 26 Jan 2025 23:28:22 INFO 20: precision: 0.00048 | recall: 0.00561 | ndcg: 0.00236 | hit_rate: 0.00941 | map: 0.00109
Sun 26 Jan 2025 23:28:28 INFO Epoch 34, Loss: 24.40202
Sun 26 Jan 2025 23:28:30 INFO Validation Metrics:
Sun 26 Jan 2025 23:28:30 INFO 5: precision: 0.00039 | recall: 0.00162 | ndcg: 0.00103 | hit_rate: 0.00190 | map: 0.00079
Sun 26 Jan 2025 23:28:30 INFO 10: precision: 0.00034 | recall: 0.00294 | ndcg: 0.00147 | hit_rate: 0.00334 | map: 0.00097
Sun 26 Jan 2025 23:28:30 INFO 20: precision: 0.00032 | recall: 0.00569 | ndcg: 0.00217 | hit_rate: 0.00633 | map: 0.00116
Sun 26 Jan 2025 23:28:30 INFO Test Metrics:
Sun 26 Jan 2025 23:28:30 INFO 5: precision: 0.00053 | recall: 0.00149 | ndcg: 0.00107 | hit_rate: 0.00267 | map: 0.00072
Sun 26 Jan 2025 23:28:30 INFO 10: precision: 0.00051 | recall: 0.00284 | ndcg: 0.00157 | hit_rate: 0.00500 | map: 0.00090
Sun 26 Jan 2025 23:28:30 INFO 20: precision: 0.00048 | recall: 0.00547 | ndcg: 0.00232 | hit_rate: 0.00928 | map: 0.00107
Sun 26 Jan 2025 23:28:37 INFO Epoch 35, Loss: 25.67528
Sun 26 Jan 2025 23:28:39 INFO Validation Metrics:
Sun 26 Jan 2025 23:28:39 INFO 5: precision: 0.00040 | recall: 0.00168 | ndcg: 0.00105 | hit_rate: 0.00196 | map: 0.00079
Sun 26 Jan 2025 23:28:39 INFO 10: precision: 0.00034 | recall: 0.00290 | ndcg: 0.00145 | hit_rate: 0.00332 | map: 0.00095
Sun 26 Jan 2025 23:28:39 INFO 20: precision: 0.00032 | recall: 0.00564 | ndcg: 0.00214 | hit_rate: 0.00627 | map: 0.00113
Sun 26 Jan 2025 23:28:39 INFO Test Metrics:
Sun 26 Jan 2025 23:28:39 INFO 5: precision: 0.00056 | recall: 0.00157 | ndcg: 0.00113 | hit_rate: 0.00278 | map: 0.00078
Sun 26 Jan 2025 23:28:39 INFO 10: precision: 0.00050 | recall: 0.00283 | ndcg: 0.00160 | hit_rate: 0.00493 | map: 0.00094
Sun 26 Jan 2025 23:28:39 INFO 20: precision: 0.00047 | recall: 0.00537 | ndcg: 0.00233 | hit_rate: 0.00909 | map: 0.00112
Sun 26 Jan 2025 23:28:39 INFO Best Test Metrics:
Sun 26 Jan 2025 23:28:39 INFO 5: precision: 0.00053 | recall: 0.00149 | ndcg: 0.00100 | hit_rate: 0.00261 | map: 0.00065
Sun 26 Jan 2025 23:28:39 INFO 10: precision: 0.00051 | recall: 0.00292 | ndcg: 0.00153 | hit_rate: 0.00500 | map: 0.00084
Sun 26 Jan 2025 23:28:39 INFO 20: precision: 0.00049 | recall: 0.00566 | ndcg: 0.00233 | hit_rate: 0.00950 | map: 0.00103
Sun 26 Jan 2025 23:28:39 INFO Best performance: 0.00566
Sun 26 Jan 2025 23:28:39 INFO Best parameters: {'G_rate': 0.0001, 'learning_rate': 0.00055, 'reg_weight': 1e-05, 'ssl_alpha': 0.1, 'ssl_temp': 0.5, 'mm_layers': 2}
Sun 26 Jan 2025 23:28:39 INFO Best metrics:
Sun 26 Jan 2025 23:28:39 INFO 5: precision: 0.00053 | recall: 0.00149 | ndcg: 0.00100 | hit_rate: 0.00261 | map: 0.00065
Sun 26 Jan 2025 23:28:39 INFO 10: precision: 0.00051 | recall: 0.00292 | ndcg: 0.00153 | hit_rate: 0.00500 | map: 0.00084
Sun 26 Jan 2025 23:28:39 INFO 20: precision: 0.00049 | recall: 0.00566 | ndcg: 0.00233 | hit_rate: 0.00950 | map: 0.00103
