Wed 13 Mar 2024 22:47:59 INFO ============Arguments==============
Wed 13 Mar 2024 22:47:59 INFO Model: NCL
Wed 13 Mar 2024 22:47:59 INFO data_path: beauty
Wed 13 Mar 2024 22:47:59 INFO learning_rate: 0.001
Wed 13 Mar 2024 22:47:59 INFO feature_embed: 64
Wed 13 Mar 2024 22:47:59 INFO batch_size: 1024
Wed 13 Mar 2024 22:47:59 INFO aggr_mode: add
Wed 13 Mar 2024 22:47:59 INFO reg_weight: 0.001
Wed 13 Mar 2024 22:47:59 INFO dim_E: 64
Wed 13 Mar 2024 22:47:59 INFO num_epoch: 1000
Wed 13 Mar 2024 22:47:59 INFO dropout: 0.2
Wed 13 Mar 2024 22:47:59 INFO n_layers: 2
Wed 13 Mar 2024 22:47:59 INFO corDecay: 0.001
Wed 13 Mar 2024 22:47:59 INFO n_factors: 4
Wed 13 Mar 2024 22:47:59 INFO n_iterations: 3
Wed 13 Mar 2024 22:47:59 INFO cl_weight: 2.0
Wed 13 Mar 2024 22:47:59 INFO mm_layers: 2
Wed 13 Mar 2024 22:47:59 INFO ii_topk: 10
Wed 13 Mar 2024 22:47:59 INFO uu_topk: 40
Wed 13 Mar 2024 22:47:59 INFO lambda_coeff: 0.9
Wed 13 Mar 2024 22:47:59 INFO ssl_temp: 0.9
Wed 13 Mar 2024 22:47:59 INFO ssl_alpha: 0.9
Wed 13 Mar 2024 22:47:59 INFO ae_weight: 0.1
Wed 13 Mar 2024 22:47:59 INFO threshold: 0.1
Wed 13 Mar 2024 22:47:59 INFO prompt_num: 0.1
Wed 13 Mar 2024 22:47:59 INFO neg_weight: 0.1
Wed 13 Mar 2024 22:47:59 INFO seed: 42
Wed 13 Mar 2024 22:47:59 INFO num_workers: 1
Wed 13 Mar 2024 22:47:59 INFO topk: [5, 10, 20]
Wed 13 Mar 2024 22:47:59 INFO local time£ºMar-13-2024-22-47-59
Wed 13 Mar 2024 22:48:00 INFO =========1/1: Parameters:{'n_layers': 3, 'learning_rate': 0.001, 'reg_weight': 1e-05, 'ssl_alpha': 1e-05, 'ssl_temp': 0.05}=========
Wed 13 Mar 2024 22:48:24 INFO Epoch 1, Loss: 64.22559
Wed 13 Mar 2024 22:48:25 INFO Validation Metrics:
Wed 13 Mar 2024 22:48:25 INFO 5: precision: 0.00056 | recall: 0.00275 | ndcg: 0.00177 | hit_rate: 0.00278 | map: 0.00144
Wed 13 Mar 2024 22:48:25 INFO 10: precision: 0.00039 | recall: 0.00388 | ndcg: 0.00213 | hit_rate: 0.00394 | map: 0.00159
Wed 13 Mar 2024 22:48:25 INFO 20: precision: 0.00032 | recall: 0.00625 | ndcg: 0.00274 | hit_rate: 0.00639 | map: 0.00176
Wed 13 Mar 2024 22:48:25 INFO Test Metrics:
Wed 13 Mar 2024 22:48:25 INFO 5: precision: 0.00084 | recall: 0.00263 | ndcg: 0.00204 | hit_rate: 0.00420 | map: 0.00154
Wed 13 Mar 2024 22:48:25 INFO 10: precision: 0.00068 | recall: 0.00414 | ndcg: 0.00260 | hit_rate: 0.00672 | map: 0.00175
Wed 13 Mar 2024 22:48:25 INFO 20: precision: 0.00054 | recall: 0.00661 | ndcg: 0.00331 | hit_rate: 0.01053 | map: 0.00192
Wed 13 Mar 2024 22:48:49 INFO Epoch 2, Loss: 63.75881
Wed 13 Mar 2024 22:48:49 INFO Validation Metrics:
Wed 13 Mar 2024 22:48:49 INFO 5: precision: 0.00124 | recall: 0.00612 | ndcg: 0.00410 | hit_rate: 0.00620 | map: 0.00343
Wed 13 Mar 2024 22:48:49 INFO 10: precision: 0.00099 | recall: 0.00964 | ndcg: 0.00525 | hit_rate: 0.00988 | map: 0.00390
Wed 13 Mar 2024 22:48:49 INFO 20: precision: 0.00067 | recall: 0.01316 | ndcg: 0.00613 | hit_rate: 0.01350 | map: 0.00414
Wed 13 Mar 2024 22:48:49 INFO Test Metrics:
Wed 13 Mar 2024 22:48:49 INFO 5: precision: 0.00178 | recall: 0.00568 | ndcg: 0.00437 | hit_rate: 0.00885 | map: 0.00332
Wed 13 Mar 2024 22:48:49 INFO 10: precision: 0.00136 | recall: 0.00878 | ndcg: 0.00548 | hit_rate: 0.01337 | map: 0.00374
Wed 13 Mar 2024 22:48:49 INFO 20: precision: 0.00102 | recall: 0.01284 | ndcg: 0.00666 | hit_rate: 0.02002 | map: 0.00403
Wed 13 Mar 2024 22:49:13 INFO Epoch 3, Loss: 63.71774
Wed 13 Mar 2024 22:49:14 INFO Validation Metrics:
Wed 13 Mar 2024 22:49:14 INFO 5: precision: 0.00315 | recall: 0.01535 | ndcg: 0.00994 | hit_rate: 0.01576 | map: 0.00812
Wed 13 Mar 2024 22:49:14 INFO 10: precision: 0.00238 | recall: 0.02312 | ndcg: 0.01247 | hit_rate: 0.02377 | map: 0.00916
Wed 13 Mar 2024 22:49:14 INFO 20: precision: 0.00164 | recall: 0.03206 | ndcg: 0.01476 | hit_rate: 0.03288 | map: 0.00979
Wed 13 Mar 2024 22:49:14 INFO Test Metrics:
Wed 13 Mar 2024 22:49:14 INFO 5: precision: 0.00475 | recall: 0.01470 | ndcg: 0.01089 | hit_rate: 0.02287 | map: 0.00803
Wed 13 Mar 2024 22:49:14 INFO 10: precision: 0.00358 | recall: 0.02215 | ndcg: 0.01360 | hit_rate: 0.03359 | map: 0.00911
Wed 13 Mar 2024 22:49:14 INFO 20: precision: 0.00256 | recall: 0.03173 | ndcg: 0.01632 | hit_rate: 0.04715 | map: 0.00981
Wed 13 Mar 2024 22:49:37 INFO Epoch 4, Loss: 63.62294
Wed 13 Mar 2024 22:49:38 INFO Validation Metrics:
Wed 13 Mar 2024 22:49:38 INFO 5: precision: 0.00453 | recall: 0.02207 | ndcg: 0.01438 | hit_rate: 0.02267 | map: 0.01175
Wed 13 Mar 2024 22:49:38 INFO 10: precision: 0.00344 | recall: 0.03327 | ndcg: 0.01806 | hit_rate: 0.03436 | map: 0.01327
Wed 13 Mar 2024 22:49:38 INFO 20: precision: 0.00238 | recall: 0.04607 | ndcg: 0.02128 | hit_rate: 0.04760 | map: 0.01413
Wed 13 Mar 2024 22:49:38 INFO Test Metrics:
Wed 13 Mar 2024 22:49:38 INFO 5: precision: 0.00696 | recall: 0.02120 | ndcg: 0.01554 | hit_rate: 0.03320 | map: 0.01146
Wed 13 Mar 2024 22:49:38 INFO 10: precision: 0.00542 | recall: 0.03328 | ndcg: 0.01994 | hit_rate: 0.05045 | map: 0.01319
Wed 13 Mar 2024 22:49:38 INFO 20: precision: 0.00383 | recall: 0.04706 | ndcg: 0.02386 | hit_rate: 0.07015 | map: 0.01420
Wed 13 Mar 2024 22:50:01 INFO Epoch 5, Loss: 63.34534
Wed 13 Mar 2024 22:50:02 INFO Validation Metrics:
Wed 13 Mar 2024 22:50:02 INFO 5: precision: 0.00544 | recall: 0.02651 | ndcg: 0.01694 | hit_rate: 0.02719 | map: 0.01372
Wed 13 Mar 2024 22:50:02 INFO 10: precision: 0.00417 | recall: 0.04043 | ndcg: 0.02146 | hit_rate: 0.04173 | map: 0.01555
Wed 13 Mar 2024 22:50:02 INFO 20: precision: 0.00299 | recall: 0.05779 | ndcg: 0.02582 | hit_rate: 0.05968 | map: 0.01671
Wed 13 Mar 2024 22:50:02 INFO Test Metrics:
Wed 13 Mar 2024 22:50:02 INFO 5: precision: 0.00842 | recall: 0.02573 | ndcg: 0.01872 | hit_rate: 0.04011 | map: 0.01367
Wed 13 Mar 2024 22:50:02 INFO 10: precision: 0.00658 | recall: 0.04022 | ndcg: 0.02401 | hit_rate: 0.06168 | map: 0.01571
Wed 13 Mar 2024 22:50:02 INFO 20: precision: 0.00478 | recall: 0.05813 | ndcg: 0.02916 | hit_rate: 0.08804 | map: 0.01702
Wed 13 Mar 2024 22:50:26 INFO Epoch 6, Loss: 62.58458
Wed 13 Mar 2024 22:50:26 INFO Validation Metrics:
Wed 13 Mar 2024 22:50:26 INFO 5: precision: 0.00588 | recall: 0.02854 | ndcg: 0.01854 | hit_rate: 0.02939 | map: 0.01515
Wed 13 Mar 2024 22:50:26 INFO 10: precision: 0.00459 | recall: 0.04448 | ndcg: 0.02370 | hit_rate: 0.04586 | map: 0.01723
Wed 13 Mar 2024 22:50:26 INFO 20: precision: 0.00338 | recall: 0.06537 | ndcg: 0.02895 | hit_rate: 0.06743 | map: 0.01863
Wed 13 Mar 2024 22:50:26 INFO Test Metrics:
Wed 13 Mar 2024 22:50:26 INFO 5: precision: 0.00907 | recall: 0.02798 | ndcg: 0.02051 | hit_rate: 0.04341 | map: 0.01509
Wed 13 Mar 2024 22:50:26 INFO 10: precision: 0.00729 | recall: 0.04449 | ndcg: 0.02654 | hit_rate: 0.06834 | map: 0.01738
Wed 13 Mar 2024 22:50:26 INFO 20: precision: 0.00530 | recall: 0.06432 | ndcg: 0.03226 | hit_rate: 0.09708 | map: 0.01887
Wed 13 Mar 2024 22:50:50 INFO Epoch 7, Loss: 60.93449
Wed 13 Mar 2024 22:50:51 INFO Validation Metrics:
Wed 13 Mar 2024 22:50:51 INFO 5: precision: 0.00623 | recall: 0.03018 | ndcg: 0.01963 | hit_rate: 0.03113 | map: 0.01603
Wed 13 Mar 2024 22:50:51 INFO 10: precision: 0.00482 | recall: 0.04684 | ndcg: 0.02498 | hit_rate: 0.04818 | map: 0.01819
Wed 13 Mar 2024 22:50:51 INFO 20: precision: 0.00356 | recall: 0.06884 | ndcg: 0.03056 | hit_rate: 0.07092 | map: 0.01970
Wed 13 Mar 2024 22:50:51 INFO Test Metrics:
Wed 13 Mar 2024 22:50:51 INFO 5: precision: 0.00955 | recall: 0.02971 | ndcg: 0.02160 | hit_rate: 0.04547 | map: 0.01589
Wed 13 Mar 2024 22:50:51 INFO 10: precision: 0.00782 | recall: 0.04796 | ndcg: 0.02829 | hit_rate: 0.07325 | map: 0.01843
Wed 13 Mar 2024 22:50:51 INFO 20: precision: 0.00569 | recall: 0.06894 | ndcg: 0.03434 | hit_rate: 0.10438 | map: 0.01998
Wed 13 Mar 2024 22:51:13 INFO Epoch 8, Loss: 58.15825
Wed 13 Mar 2024 22:51:14 INFO Validation Metrics:
Wed 13 Mar 2024 22:51:14 INFO 5: precision: 0.00681 | recall: 0.03251 | ndcg: 0.02093 | hit_rate: 0.03391 | map: 0.01689
Wed 13 Mar 2024 22:51:14 INFO 10: precision: 0.00523 | recall: 0.05010 | ndcg: 0.02657 | hit_rate: 0.05219 | map: 0.01917
Wed 13 Mar 2024 22:51:14 INFO 20: precision: 0.00397 | recall: 0.07512 | ndcg: 0.03292 | hit_rate: 0.07880 | map: 0.02086
Wed 13 Mar 2024 22:51:14 INFO Test Metrics:
Wed 13 Mar 2024 22:51:14 INFO 5: precision: 0.01057 | recall: 0.03215 | ndcg: 0.02331 | hit_rate: 0.05025 | map: 0.01694
Wed 13 Mar 2024 22:51:14 INFO 10: precision: 0.00863 | recall: 0.05155 | ndcg: 0.03047 | hit_rate: 0.08080 | map: 0.01965
Wed 13 Mar 2024 22:51:14 INFO 20: precision: 0.00649 | recall: 0.07588 | ndcg: 0.03762 | hit_rate: 0.11852 | map: 0.02148
Wed 13 Mar 2024 22:51:35 INFO Epoch 9, Loss: 54.28458
Wed 13 Mar 2024 22:51:36 INFO Validation Metrics:
Wed 13 Mar 2024 22:51:36 INFO 5: precision: 0.00820 | recall: 0.03834 | ndcg: 0.02463 | hit_rate: 0.04095 | map: 0.01972
Wed 13 Mar 2024 22:51:36 INFO 10: precision: 0.00644 | recall: 0.05955 | ndcg: 0.03146 | hit_rate: 0.06375 | map: 0.02244
Wed 13 Mar 2024 22:51:36 INFO 20: precision: 0.00488 | recall: 0.08888 | ndcg: 0.03898 | hit_rate: 0.09540 | map: 0.02445
Wed 13 Mar 2024 22:51:36 INFO Test Metrics:
Wed 13 Mar 2024 22:51:36 INFO 5: precision: 0.01302 | recall: 0.03771 | ndcg: 0.02748 | hit_rate: 0.06207 | map: 0.01959
Wed 13 Mar 2024 22:51:36 INFO 10: precision: 0.01069 | recall: 0.06097 | ndcg: 0.03615 | hit_rate: 0.09889 | map: 0.02291
Wed 13 Mar 2024 22:51:36 INFO 20: precision: 0.00808 | recall: 0.09057 | ndcg: 0.04491 | hit_rate: 0.14501 | map: 0.02516
Wed 13 Mar 2024 22:51:59 INFO Epoch 10, Loss: 49.01618
Wed 13 Mar 2024 22:52:00 INFO Validation Metrics:
Wed 13 Mar 2024 22:52:00 INFO 5: precision: 0.00842 | recall: 0.03922 | ndcg: 0.02553 | hit_rate: 0.04192 | map: 0.02057
Wed 13 Mar 2024 22:52:00 INFO 10: precision: 0.00669 | recall: 0.06157 | ndcg: 0.03278 | hit_rate: 0.06614 | map: 0.02349
Wed 13 Mar 2024 22:52:00 INFO 20: precision: 0.00515 | recall: 0.09362 | ndcg: 0.04099 | hit_rate: 0.10102 | map: 0.02567
Wed 13 Mar 2024 22:52:00 INFO Test Metrics:
Wed 13 Mar 2024 22:52:00 INFO 5: precision: 0.01362 | recall: 0.03973 | ndcg: 0.02924 | hit_rate: 0.06485 | map: 0.02096
Wed 13 Mar 2024 22:52:00 INFO 10: precision: 0.01101 | recall: 0.06283 | ndcg: 0.03784 | hit_rate: 0.10199 | map: 0.02422
Wed 13 Mar 2024 22:52:00 INFO 20: precision: 0.00854 | recall: 0.09533 | ndcg: 0.04751 | hit_rate: 0.15340 | map: 0.02669
Wed 13 Mar 2024 22:52:22 INFO Epoch 11, Loss: 41.88576
Wed 13 Mar 2024 22:52:23 INFO Validation Metrics:
Wed 13 Mar 2024 22:52:23 INFO 5: precision: 0.00904 | recall: 0.04197 | ndcg: 0.02713 | hit_rate: 0.04483 | map: 0.02177
Wed 13 Mar 2024 22:52:23 INFO 10: precision: 0.00705 | recall: 0.06456 | ndcg: 0.03450 | hit_rate: 0.06969 | map: 0.02473
Wed 13 Mar 2024 22:52:23 INFO 20: precision: 0.00550 | recall: 0.09924 | ndcg: 0.04343 | hit_rate: 0.10754 | map: 0.02712
Wed 13 Mar 2024 22:52:23 INFO Test Metrics:
Wed 13 Mar 2024 22:52:23 INFO 5: precision: 0.01510 | recall: 0.04350 | ndcg: 0.03217 | hit_rate: 0.07137 | map: 0.02310
Wed 13 Mar 2024 22:52:23 INFO 10: precision: 0.01198 | recall: 0.06759 | ndcg: 0.04118 | hit_rate: 0.10897 | map: 0.02660
Wed 13 Mar 2024 22:52:23 INFO 20: precision: 0.00938 | recall: 0.10332 | ndcg: 0.05185 | hit_rate: 0.16516 | map: 0.02935
Wed 13 Mar 2024 22:52:46 INFO Epoch 12, Loss: 35.14833
Wed 13 Mar 2024 22:52:47 INFO Validation Metrics:
Wed 13 Mar 2024 22:52:47 INFO 5: precision: 0.00997 | recall: 0.04584 | ndcg: 0.02982 | hit_rate: 0.04935 | map: 0.02396
Wed 13 Mar 2024 22:52:47 INFO 10: precision: 0.00753 | recall: 0.06838 | ndcg: 0.03718 | hit_rate: 0.07383 | map: 0.02693
Wed 13 Mar 2024 22:52:47 INFO 20: precision: 0.00583 | recall: 0.10471 | ndcg: 0.04655 | hit_rate: 0.11316 | map: 0.02946
Wed 13 Mar 2024 22:52:47 INFO Test Metrics:
Wed 13 Mar 2024 22:52:47 INFO 5: precision: 0.01677 | recall: 0.04698 | ndcg: 0.03517 | hit_rate: 0.07667 | map: 0.02544
Wed 13 Mar 2024 22:52:47 INFO 10: precision: 0.01317 | recall: 0.07296 | ndcg: 0.04487 | hit_rate: 0.11685 | map: 0.02923
Wed 13 Mar 2024 22:52:47 INFO 20: precision: 0.00985 | recall: 0.10818 | ndcg: 0.05536 | hit_rate: 0.16949 | map: 0.03202
Wed 13 Mar 2024 22:53:10 INFO Epoch 13, Loss: 30.26365
Wed 13 Mar 2024 22:53:11 INFO Validation Metrics:
Wed 13 Mar 2024 22:53:11 INFO 5: precision: 0.00996 | recall: 0.04546 | ndcg: 0.02991 | hit_rate: 0.04909 | map: 0.02416
Wed 13 Mar 2024 22:53:11 INFO 10: precision: 0.00783 | recall: 0.07073 | ndcg: 0.03817 | hit_rate: 0.07654 | map: 0.02751
Wed 13 Mar 2024 22:53:11 INFO 20: precision: 0.00613 | recall: 0.10959 | ndcg: 0.04814 | hit_rate: 0.11865 | map: 0.03017
Wed 13 Mar 2024 22:53:11 INFO Test Metrics:
Wed 13 Mar 2024 22:53:11 INFO 5: precision: 0.01726 | recall: 0.04814 | ndcg: 0.03606 | hit_rate: 0.07874 | map: 0.02608
Wed 13 Mar 2024 22:53:11 INFO 10: precision: 0.01363 | recall: 0.07517 | ndcg: 0.04614 | hit_rate: 0.12020 | map: 0.03005
Wed 13 Mar 2024 22:53:11 INFO 20: precision: 0.01017 | recall: 0.11147 | ndcg: 0.05694 | hit_rate: 0.17349 | map: 0.03295
Wed 13 Mar 2024 22:53:34 INFO Epoch 14, Loss: 26.61807
Wed 13 Mar 2024 22:53:35 INFO Validation Metrics:
Wed 13 Mar 2024 22:53:35 INFO 5: precision: 0.01030 | recall: 0.04682 | ndcg: 0.03085 | hit_rate: 0.05070 | map: 0.02492
Wed 13 Mar 2024 22:53:35 INFO 10: precision: 0.00807 | recall: 0.07273 | ndcg: 0.03933 | hit_rate: 0.07874 | map: 0.02838
Wed 13 Mar 2024 22:53:35 INFO 20: precision: 0.00633 | recall: 0.11279 | ndcg: 0.04964 | hit_rate: 0.12214 | map: 0.03114
Wed 13 Mar 2024 22:53:35 INFO Test Metrics:
Wed 13 Mar 2024 22:53:35 INFO 5: precision: 0.01757 | recall: 0.04900 | ndcg: 0.03684 | hit_rate: 0.08035 | map: 0.02667
Wed 13 Mar 2024 22:53:35 INFO 10: precision: 0.01401 | recall: 0.07714 | ndcg: 0.04738 | hit_rate: 0.12337 | map: 0.03084
Wed 13 Mar 2024 22:53:35 INFO 20: precision: 0.01059 | recall: 0.11550 | ndcg: 0.05876 | hit_rate: 0.17989 | map: 0.03388
Wed 13 Mar 2024 22:54:01 INFO Epoch 15, Loss: 23.55595
Wed 13 Mar 2024 22:54:02 INFO Validation Metrics:
Wed 13 Mar 2024 22:54:02 INFO 5: precision: 0.01080 | recall: 0.04895 | ndcg: 0.03195 | hit_rate: 0.05296 | map: 0.02568
Wed 13 Mar 2024 22:54:02 INFO 10: precision: 0.00841 | recall: 0.07537 | ndcg: 0.04059 | hit_rate: 0.08171 | map: 0.02917
Wed 13 Mar 2024 22:54:02 INFO 20: precision: 0.00653 | recall: 0.11539 | ndcg: 0.05094 | hit_rate: 0.12505 | map: 0.03197
Wed 13 Mar 2024 22:54:02 INFO Test Metrics:
Wed 13 Mar 2024 22:54:02 INFO 5: precision: 0.01812 | recall: 0.05050 | ndcg: 0.03810 | hit_rate: 0.08255 | map: 0.02764
Wed 13 Mar 2024 22:54:02 INFO 10: precision: 0.01429 | recall: 0.07831 | ndcg: 0.04855 | hit_rate: 0.12557 | map: 0.03177
Wed 13 Mar 2024 22:54:02 INFO 20: precision: 0.01087 | recall: 0.11808 | ndcg: 0.06039 | hit_rate: 0.18344 | map: 0.03498
Wed 13 Mar 2024 22:54:27 INFO Epoch 16, Loss: 21.19235
Wed 13 Mar 2024 22:54:29 INFO Validation Metrics:
Wed 13 Mar 2024 22:54:29 INFO 5: precision: 0.01115 | recall: 0.05003 | ndcg: 0.03310 | hit_rate: 0.05451 | map: 0.02673
Wed 13 Mar 2024 22:54:29 INFO 10: precision: 0.00865 | recall: 0.07737 | ndcg: 0.04205 | hit_rate: 0.08384 | map: 0.03039
Wed 13 Mar 2024 22:54:29 INFO 20: precision: 0.00671 | recall: 0.11764 | ndcg: 0.05253 | hit_rate: 0.12763 | map: 0.03324
Wed 13 Mar 2024 22:54:29 INFO Test Metrics:
Wed 13 Mar 2024 22:54:29 INFO 5: precision: 0.01882 | recall: 0.05209 | ndcg: 0.03959 | hit_rate: 0.08565 | map: 0.02887
Wed 13 Mar 2024 22:54:29 INFO 10: precision: 0.01471 | recall: 0.08012 | ndcg: 0.05014 | hit_rate: 0.12834 | map: 0.03308
Wed 13 Mar 2024 22:54:29 INFO 20: precision: 0.01118 | recall: 0.12069 | ndcg: 0.06224 | hit_rate: 0.18744 | map: 0.03637
Wed 13 Mar 2024 22:54:54 INFO Epoch 17, Loss: 18.89638
Wed 13 Mar 2024 22:54:56 INFO Validation Metrics:
Wed 13 Mar 2024 22:54:56 INFO 5: precision: 0.01163 | recall: 0.05172 | ndcg: 0.03435 | hit_rate: 0.05678 | map: 0.02772
Wed 13 Mar 2024 22:54:56 INFO 10: precision: 0.00897 | recall: 0.07928 | ndcg: 0.04341 | hit_rate: 0.08629 | map: 0.03142
Wed 13 Mar 2024 22:54:56 INFO 20: precision: 0.00693 | recall: 0.12091 | ndcg: 0.05422 | hit_rate: 0.13099 | map: 0.03438
Wed 13 Mar 2024 22:54:56 INFO Test Metrics:
Wed 13 Mar 2024 22:54:56 INFO 5: precision: 0.01951 | recall: 0.05373 | ndcg: 0.04103 | hit_rate: 0.08862 | map: 0.02993
Wed 13 Mar 2024 22:54:56 INFO 10: precision: 0.01515 | recall: 0.08217 | ndcg: 0.05177 | hit_rate: 0.13138 | map: 0.03428
Wed 13 Mar 2024 22:54:56 INFO 20: precision: 0.01150 | recall: 0.12354 | ndcg: 0.06414 | hit_rate: 0.19145 | map: 0.03767
Wed 13 Mar 2024 22:55:21 INFO Epoch 18, Loss: 17.22050
Wed 13 Mar 2024 22:55:23 INFO Validation Metrics:
Wed 13 Mar 2024 22:55:23 INFO 5: precision: 0.01188 | recall: 0.05271 | ndcg: 0.03499 | hit_rate: 0.05787 | map: 0.02820
Wed 13 Mar 2024 22:55:23 INFO 10: precision: 0.00922 | recall: 0.08116 | ndcg: 0.04434 | hit_rate: 0.08823 | map: 0.03204
Wed 13 Mar 2024 22:55:23 INFO 20: precision: 0.00705 | recall: 0.12241 | ndcg: 0.05509 | hit_rate: 0.13254 | map: 0.03500
Wed 13 Mar 2024 22:55:23 INFO Test Metrics:
Wed 13 Mar 2024 22:55:23 INFO 5: precision: 0.01993 | recall: 0.05461 | ndcg: 0.04181 | hit_rate: 0.09069 | map: 0.03051
Wed 13 Mar 2024 22:55:23 INFO 10: precision: 0.01564 | recall: 0.08443 | ndcg: 0.05308 | hit_rate: 0.13441 | map: 0.03513
Wed 13 Mar 2024 22:55:23 INFO 20: precision: 0.01174 | recall: 0.12549 | ndcg: 0.06535 | hit_rate: 0.19377 | map: 0.03849
Wed 13 Mar 2024 22:55:46 INFO Epoch 19, Loss: 15.64035
Wed 13 Mar 2024 22:55:48 INFO Validation Metrics:
Wed 13 Mar 2024 22:55:48 INFO 5: precision: 0.01204 | recall: 0.05350 | ndcg: 0.03557 | hit_rate: 0.05852 | map: 0.02873
Wed 13 Mar 2024 22:55:48 INFO 10: precision: 0.00934 | recall: 0.08195 | ndcg: 0.04498 | hit_rate: 0.08926 | map: 0.03260
Wed 13 Mar 2024 22:55:48 INFO 20: precision: 0.00719 | recall: 0.12473 | ndcg: 0.05611 | hit_rate: 0.13474 | map: 0.03567
Wed 13 Mar 2024 22:55:48 INFO Test Metrics:
Wed 13 Mar 2024 22:55:48 INFO 5: precision: 0.02032 | recall: 0.05548 | ndcg: 0.04249 | hit_rate: 0.09198 | map: 0.03101
Wed 13 Mar 2024 22:55:48 INFO 10: precision: 0.01595 | recall: 0.08591 | ndcg: 0.05398 | hit_rate: 0.13655 | map: 0.03573
Wed 13 Mar 2024 22:55:48 INFO 20: precision: 0.01187 | recall: 0.12679 | ndcg: 0.06620 | hit_rate: 0.19513 | map: 0.03910
Wed 13 Mar 2024 22:56:12 INFO Epoch 20, Loss: 14.33499
Wed 13 Mar 2024 22:56:13 INFO Validation Metrics:
Wed 13 Mar 2024 22:56:13 INFO 5: precision: 0.01225 | recall: 0.05444 | ndcg: 0.03630 | hit_rate: 0.05955 | map: 0.02938
Wed 13 Mar 2024 22:56:13 INFO 10: precision: 0.00955 | recall: 0.08371 | ndcg: 0.04596 | hit_rate: 0.09094 | map: 0.03335
Wed 13 Mar 2024 22:56:13 INFO 20: precision: 0.00727 | recall: 0.12602 | ndcg: 0.05695 | hit_rate: 0.13590 | map: 0.03638
Wed 13 Mar 2024 22:56:13 INFO Test Metrics:
Wed 13 Mar 2024 22:56:13 INFO 5: precision: 0.02058 | recall: 0.05638 | ndcg: 0.04307 | hit_rate: 0.09275 | map: 0.03148
Wed 13 Mar 2024 22:56:13 INFO 10: precision: 0.01608 | recall: 0.08654 | ndcg: 0.05453 | hit_rate: 0.13751 | map: 0.03618
Wed 13 Mar 2024 22:56:13 INFO 20: precision: 0.01203 | recall: 0.12850 | ndcg: 0.06705 | hit_rate: 0.19752 | map: 0.03965
Wed 13 Mar 2024 22:56:37 INFO Epoch 21, Loss: 13.25451
Wed 13 Mar 2024 22:56:38 INFO Validation Metrics:
Wed 13 Mar 2024 22:56:38 INFO 5: precision: 0.01249 | recall: 0.05556 | ndcg: 0.03695 | hit_rate: 0.06065 | map: 0.02987
Wed 13 Mar 2024 22:56:38 INFO 10: precision: 0.00964 | recall: 0.08476 | ndcg: 0.04655 | hit_rate: 0.09198 | map: 0.03380
Wed 13 Mar 2024 22:56:38 INFO 20: precision: 0.00729 | recall: 0.12618 | ndcg: 0.05734 | hit_rate: 0.13609 | map: 0.03678
Wed 13 Mar 2024 22:56:38 INFO Test Metrics:
Wed 13 Mar 2024 22:56:38 INFO 5: precision: 0.02089 | recall: 0.05726 | ndcg: 0.04360 | hit_rate: 0.09398 | map: 0.03184
Wed 13 Mar 2024 22:56:38 INFO 10: precision: 0.01631 | recall: 0.08769 | ndcg: 0.05518 | hit_rate: 0.13919 | map: 0.03659
Wed 13 Mar 2024 22:56:38 INFO 20: precision: 0.01212 | recall: 0.12936 | ndcg: 0.06761 | hit_rate: 0.19894 | map: 0.04003
Wed 13 Mar 2024 22:57:03 INFO Epoch 22, Loss: 12.27791
Wed 13 Mar 2024 22:57:04 INFO Validation Metrics:
Wed 13 Mar 2024 22:57:04 INFO 5: precision: 0.01262 | recall: 0.05584 | ndcg: 0.03710 | hit_rate: 0.06110 | map: 0.02995
Wed 13 Mar 2024 22:57:04 INFO 10: precision: 0.00971 | recall: 0.08518 | ndcg: 0.04678 | hit_rate: 0.09243 | map: 0.03395
Wed 13 Mar 2024 22:57:04 INFO 20: precision: 0.00739 | recall: 0.12780 | ndcg: 0.05788 | hit_rate: 0.13790 | map: 0.03700
Wed 13 Mar 2024 22:57:04 INFO Test Metrics:
Wed 13 Mar 2024 22:57:04 INFO 5: precision: 0.02143 | recall: 0.05877 | ndcg: 0.04456 | hit_rate: 0.09611 | map: 0.03249
Wed 13 Mar 2024 22:57:04 INFO 10: precision: 0.01637 | recall: 0.08797 | ndcg: 0.05568 | hit_rate: 0.13952 | map: 0.03708
Wed 13 Mar 2024 22:57:04 INFO 20: precision: 0.01219 | recall: 0.13004 | ndcg: 0.06825 | hit_rate: 0.20010 | map: 0.04056
Wed 13 Mar 2024 22:57:29 INFO Epoch 23, Loss: 11.30452
Wed 13 Mar 2024 22:57:31 INFO Validation Metrics:
Wed 13 Mar 2024 22:57:31 INFO 5: precision: 0.01288 | recall: 0.05696 | ndcg: 0.03790 | hit_rate: 0.06227 | map: 0.03063
Wed 13 Mar 2024 22:57:31 INFO 10: precision: 0.00982 | recall: 0.08624 | ndcg: 0.04753 | hit_rate: 0.09346 | map: 0.03459
Wed 13 Mar 2024 22:57:31 INFO 20: precision: 0.00744 | recall: 0.12861 | ndcg: 0.05857 | hit_rate: 0.13848 | map: 0.03763
Wed 13 Mar 2024 22:57:31 INFO Test Metrics:
Wed 13 Mar 2024 22:57:31 INFO 5: precision: 0.02170 | recall: 0.05939 | ndcg: 0.04506 | hit_rate: 0.09702 | map: 0.03286
Wed 13 Mar 2024 22:57:31 INFO 10: precision: 0.01656 | recall: 0.08912 | ndcg: 0.05633 | hit_rate: 0.14094 | map: 0.03750
Wed 13 Mar 2024 22:57:31 INFO 20: precision: 0.01231 | recall: 0.13168 | ndcg: 0.06900 | hit_rate: 0.20198 | map: 0.04100
Wed 13 Mar 2024 22:57:56 INFO Epoch 24, Loss: 10.51352
Wed 13 Mar 2024 22:57:57 INFO Validation Metrics:
Wed 13 Mar 2024 22:57:57 INFO 5: precision: 0.01310 | recall: 0.05783 | ndcg: 0.03825 | hit_rate: 0.06323 | map: 0.03080
Wed 13 Mar 2024 22:57:57 INFO 10: precision: 0.00988 | recall: 0.08673 | ndcg: 0.04773 | hit_rate: 0.09398 | map: 0.03469
Wed 13 Mar 2024 22:57:57 INFO 20: precision: 0.00752 | recall: 0.12970 | ndcg: 0.05897 | hit_rate: 0.13984 | map: 0.03780
Wed 13 Mar 2024 22:57:57 INFO Test Metrics:
Wed 13 Mar 2024 22:57:57 INFO 5: precision: 0.02187 | recall: 0.05983 | ndcg: 0.04548 | hit_rate: 0.09760 | map: 0.03322
Wed 13 Mar 2024 22:57:57 INFO 10: precision: 0.01665 | recall: 0.08974 | ndcg: 0.05680 | hit_rate: 0.14184 | map: 0.03788
Wed 13 Mar 2024 22:57:57 INFO 20: precision: 0.01239 | recall: 0.13272 | ndcg: 0.06958 | hit_rate: 0.20288 | map: 0.04142
Wed 13 Mar 2024 22:58:23 INFO Epoch 25, Loss: 9.90206
Wed 13 Mar 2024 22:58:25 INFO Validation Metrics:
Wed 13 Mar 2024 22:58:25 INFO 5: precision: 0.01307 | recall: 0.05762 | ndcg: 0.03826 | hit_rate: 0.06304 | map: 0.03086
Wed 13 Mar 2024 22:58:25 INFO 10: precision: 0.00997 | recall: 0.08760 | ndcg: 0.04814 | hit_rate: 0.09495 | map: 0.03494
Wed 13 Mar 2024 22:58:25 INFO 20: precision: 0.00755 | recall: 0.13039 | ndcg: 0.05932 | hit_rate: 0.14055 | map: 0.03804
Wed 13 Mar 2024 22:58:25 INFO Test Metrics:
Wed 13 Mar 2024 22:58:25 INFO 5: precision: 0.02221 | recall: 0.06054 | ndcg: 0.04597 | hit_rate: 0.09844 | map: 0.03360
Wed 13 Mar 2024 22:58:25 INFO 10: precision: 0.01668 | recall: 0.08966 | ndcg: 0.05701 | hit_rate: 0.14171 | map: 0.03813
Wed 13 Mar 2024 22:58:25 INFO 20: precision: 0.01245 | recall: 0.13310 | ndcg: 0.06998 | hit_rate: 0.20366 | map: 0.04175
Wed 13 Mar 2024 22:58:51 INFO Epoch 26, Loss: 9.29391
Wed 13 Mar 2024 22:58:52 INFO Validation Metrics:
Wed 13 Mar 2024 22:58:52 INFO 5: precision: 0.01320 | recall: 0.05828 | ndcg: 0.03853 | hit_rate: 0.06369 | map: 0.03101
Wed 13 Mar 2024 22:58:52 INFO 10: precision: 0.01005 | recall: 0.08830 | ndcg: 0.04843 | hit_rate: 0.09566 | map: 0.03509
Wed 13 Mar 2024 22:58:52 INFO 20: precision: 0.00764 | recall: 0.13190 | ndcg: 0.05980 | hit_rate: 0.14217 | map: 0.03823
Wed 13 Mar 2024 22:58:52 INFO Test Metrics:
Wed 13 Mar 2024 22:58:52 INFO 5: precision: 0.02240 | recall: 0.06100 | ndcg: 0.04650 | hit_rate: 0.09921 | map: 0.03406
Wed 13 Mar 2024 22:58:52 INFO 10: precision: 0.01688 | recall: 0.09079 | ndcg: 0.05776 | hit_rate: 0.14326 | map: 0.03869
Wed 13 Mar 2024 22:58:52 INFO 20: precision: 0.01253 | recall: 0.13416 | ndcg: 0.07069 | hit_rate: 0.20527 | map: 0.04227
Wed 13 Mar 2024 22:59:18 INFO Epoch 27, Loss: 8.63401
Wed 13 Mar 2024 22:59:20 INFO Validation Metrics:
Wed 13 Mar 2024 22:59:20 INFO 5: precision: 0.01338 | recall: 0.05911 | ndcg: 0.03886 | hit_rate: 0.06472 | map: 0.03113
Wed 13 Mar 2024 22:59:20 INFO 10: precision: 0.01015 | recall: 0.08916 | ndcg: 0.04874 | hit_rate: 0.09656 | map: 0.03521
Wed 13 Mar 2024 22:59:20 INFO 20: precision: 0.00772 | recall: 0.13357 | ndcg: 0.06029 | hit_rate: 0.14391 | map: 0.03839
Wed 13 Mar 2024 22:59:20 INFO Test Metrics:
Wed 13 Mar 2024 22:59:20 INFO 5: precision: 0.02262 | recall: 0.06165 | ndcg: 0.04693 | hit_rate: 0.10025 | map: 0.03431
Wed 13 Mar 2024 22:59:20 INFO 10: precision: 0.01698 | recall: 0.09144 | ndcg: 0.05814 | hit_rate: 0.14423 | map: 0.03892
Wed 13 Mar 2024 22:59:20 INFO 20: precision: 0.01265 | recall: 0.13542 | ndcg: 0.07124 | hit_rate: 0.20701 | map: 0.04255
Wed 13 Mar 2024 22:59:46 INFO Epoch 28, Loss: 8.08922
Wed 13 Mar 2024 22:59:47 INFO Validation Metrics:
Wed 13 Mar 2024 22:59:47 INFO 5: precision: 0.01350 | recall: 0.05971 | ndcg: 0.03931 | hit_rate: 0.06524 | map: 0.03154
Wed 13 Mar 2024 22:59:47 INFO 10: precision: 0.01023 | recall: 0.08976 | ndcg: 0.04919 | hit_rate: 0.09715 | map: 0.03561
Wed 13 Mar 2024 22:59:47 INFO 20: precision: 0.00772 | recall: 0.13372 | ndcg: 0.06064 | hit_rate: 0.14391 | map: 0.03877
Wed 13 Mar 2024 22:59:47 INFO Test Metrics:
Wed 13 Mar 2024 22:59:47 INFO 5: precision: 0.02275 | recall: 0.06195 | ndcg: 0.04728 | hit_rate: 0.10076 | map: 0.03464
Wed 13 Mar 2024 22:59:47 INFO 10: precision: 0.01700 | recall: 0.09138 | ndcg: 0.05840 | hit_rate: 0.14404 | map: 0.03924
Wed 13 Mar 2024 22:59:47 INFO 20: precision: 0.01270 | recall: 0.13576 | ndcg: 0.07164 | hit_rate: 0.20740 | map: 0.04291
Wed 13 Mar 2024 23:00:13 INFO Epoch 29, Loss: 7.63827
Wed 13 Mar 2024 23:00:15 INFO Validation Metrics:
Wed 13 Mar 2024 23:00:15 INFO 5: precision: 0.01360 | recall: 0.06017 | ndcg: 0.03956 | hit_rate: 0.06582 | map: 0.03170
Wed 13 Mar 2024 23:00:15 INFO 10: precision: 0.01028 | recall: 0.09025 | ndcg: 0.04943 | hit_rate: 0.09753 | map: 0.03578
Wed 13 Mar 2024 23:00:15 INFO 20: precision: 0.00776 | recall: 0.13408 | ndcg: 0.06089 | hit_rate: 0.14449 | map: 0.03895
Wed 13 Mar 2024 23:00:15 INFO Test Metrics:
Wed 13 Mar 2024 23:00:15 INFO 5: precision: 0.02275 | recall: 0.06202 | ndcg: 0.04734 | hit_rate: 0.10050 | map: 0.03469
Wed 13 Mar 2024 23:00:15 INFO 10: precision: 0.01710 | recall: 0.09200 | ndcg: 0.05866 | hit_rate: 0.14494 | map: 0.03936
Wed 13 Mar 2024 23:00:15 INFO 20: precision: 0.01275 | recall: 0.13635 | ndcg: 0.07190 | hit_rate: 0.20811 | map: 0.04304
Wed 13 Mar 2024 23:00:41 INFO Epoch 30, Loss: 7.21604
Wed 13 Mar 2024 23:00:42 INFO Validation Metrics:
Wed 13 Mar 2024 23:00:42 INFO 5: precision: 0.01373 | recall: 0.06064 | ndcg: 0.03990 | hit_rate: 0.06634 | map: 0.03198
Wed 13 Mar 2024 23:00:42 INFO 10: precision: 0.01037 | recall: 0.09098 | ndcg: 0.04983 | hit_rate: 0.09831 | map: 0.03607
Wed 13 Mar 2024 23:00:42 INFO 20: precision: 0.00780 | recall: 0.13465 | ndcg: 0.06125 | hit_rate: 0.14514 | map: 0.03923
Wed 13 Mar 2024 23:00:42 INFO Test Metrics:
Wed 13 Mar 2024 23:00:42 INFO 5: precision: 0.02283 | recall: 0.06238 | ndcg: 0.04749 | hit_rate: 0.10102 | map: 0.03478
Wed 13 Mar 2024 23:00:42 INFO 10: precision: 0.01716 | recall: 0.09204 | ndcg: 0.05876 | hit_rate: 0.14539 | map: 0.03945
Wed 13 Mar 2024 23:00:42 INFO 20: precision: 0.01275 | recall: 0.13636 | ndcg: 0.07199 | hit_rate: 0.20811 | map: 0.04314
Wed 13 Mar 2024 23:01:08 INFO Epoch 31, Loss: 6.77169
Wed 13 Mar 2024 23:01:10 INFO Validation Metrics:
Wed 13 Mar 2024 23:01:10 INFO 5: precision: 0.01374 | recall: 0.06089 | ndcg: 0.04010 | hit_rate: 0.06666 | map: 0.03218
Wed 13 Mar 2024 23:01:10 INFO 10: precision: 0.01043 | recall: 0.09158 | ndcg: 0.05015 | hit_rate: 0.09889 | map: 0.03632
Wed 13 Mar 2024 23:01:10 INFO 20: precision: 0.00783 | recall: 0.13523 | ndcg: 0.06157 | hit_rate: 0.14552 | map: 0.03949
Wed 13 Mar 2024 23:01:10 INFO Test Metrics:
Wed 13 Mar 2024 23:01:10 INFO 5: precision: 0.02308 | recall: 0.06299 | ndcg: 0.04790 | hit_rate: 0.10205 | map: 0.03505
Wed 13 Mar 2024 23:01:10 INFO 10: precision: 0.01725 | recall: 0.09259 | ndcg: 0.05910 | hit_rate: 0.14611 | map: 0.03968
Wed 13 Mar 2024 23:01:10 INFO 20: precision: 0.01277 | recall: 0.13670 | ndcg: 0.07225 | hit_rate: 0.20811 | map: 0.04336
Wed 13 Mar 2024 23:01:36 INFO Epoch 32, Loss: 6.42627
Wed 13 Mar 2024 23:01:37 INFO Validation Metrics:
Wed 13 Mar 2024 23:01:37 INFO 5: precision: 0.01373 | recall: 0.06096 | ndcg: 0.04026 | hit_rate: 0.06659 | map: 0.03236
Wed 13 Mar 2024 23:01:37 INFO 10: precision: 0.01050 | recall: 0.09211 | ndcg: 0.05050 | hit_rate: 0.09953 | map: 0.03659
Wed 13 Mar 2024 23:01:37 INFO 20: precision: 0.00786 | recall: 0.13562 | ndcg: 0.06189 | hit_rate: 0.14604 | map: 0.03975
Wed 13 Mar 2024 23:01:37 INFO Test Metrics:
Wed 13 Mar 2024 23:01:37 INFO 5: precision: 0.02334 | recall: 0.06366 | ndcg: 0.04830 | hit_rate: 0.10309 | map: 0.03529
Wed 13 Mar 2024 23:01:37 INFO 10: precision: 0.01738 | recall: 0.09338 | ndcg: 0.05951 | hit_rate: 0.14740 | map: 0.03990
Wed 13 Mar 2024 23:01:37 INFO 20: precision: 0.01284 | recall: 0.13715 | ndcg: 0.07259 | hit_rate: 0.20895 | map: 0.04358
Wed 13 Mar 2024 23:02:03 INFO Epoch 33, Loss: 6.12336
Wed 13 Mar 2024 23:02:05 INFO Validation Metrics:
Wed 13 Mar 2024 23:02:05 INFO 5: precision: 0.01387 | recall: 0.06144 | ndcg: 0.04067 | hit_rate: 0.06730 | map: 0.03271
Wed 13 Mar 2024 23:02:05 INFO 10: precision: 0.01056 | recall: 0.09271 | ndcg: 0.05094 | hit_rate: 0.10012 | map: 0.03696
Wed 13 Mar 2024 23:02:05 INFO 20: precision: 0.00791 | recall: 0.13631 | ndcg: 0.06236 | hit_rate: 0.14688 | map: 0.04012
Wed 13 Mar 2024 23:02:05 INFO Test Metrics:
Wed 13 Mar 2024 23:02:05 INFO 5: precision: 0.02328 | recall: 0.06341 | ndcg: 0.04839 | hit_rate: 0.10270 | map: 0.03544
Wed 13 Mar 2024 23:02:05 INFO 10: precision: 0.01741 | recall: 0.09349 | ndcg: 0.05976 | hit_rate: 0.14772 | map: 0.04012
Wed 13 Mar 2024 23:02:05 INFO 20: precision: 0.01287 | recall: 0.13748 | ndcg: 0.07292 | hit_rate: 0.20934 | map: 0.04383
Wed 13 Mar 2024 23:02:31 INFO Epoch 34, Loss: 5.74038
Wed 13 Mar 2024 23:02:33 INFO Validation Metrics:
Wed 13 Mar 2024 23:02:33 INFO 5: precision: 0.01387 | recall: 0.06148 | ndcg: 0.04082 | hit_rate: 0.06737 | map: 0.03288
Wed 13 Mar 2024 23:02:33 INFO 10: precision: 0.01063 | recall: 0.09313 | ndcg: 0.05122 | hit_rate: 0.10076 | map: 0.03718
Wed 13 Mar 2024 23:02:33 INFO 20: precision: 0.00794 | recall: 0.13663 | ndcg: 0.06263 | hit_rate: 0.14720 | map: 0.04036
Wed 13 Mar 2024 23:02:33 INFO Test Metrics:
Wed 13 Mar 2024 23:02:33 INFO 5: precision: 0.02338 | recall: 0.06353 | ndcg: 0.04851 | hit_rate: 0.10302 | map: 0.03551
Wed 13 Mar 2024 23:02:33 INFO 10: precision: 0.01751 | recall: 0.09424 | ndcg: 0.06006 | hit_rate: 0.14850 | map: 0.04027
Wed 13 Mar 2024 23:02:33 INFO 20: precision: 0.01289 | recall: 0.13759 | ndcg: 0.07306 | hit_rate: 0.20921 | map: 0.04394
Wed 13 Mar 2024 23:02:59 INFO Epoch 35, Loss: 5.45952
Wed 13 Mar 2024 23:03:00 INFO Validation Metrics:
Wed 13 Mar 2024 23:03:00 INFO 5: precision: 0.01387 | recall: 0.06151 | ndcg: 0.04082 | hit_rate: 0.06730 | map: 0.03288
Wed 13 Mar 2024 23:03:00 INFO 10: precision: 0.01068 | recall: 0.09368 | ndcg: 0.05142 | hit_rate: 0.10121 | map: 0.03727
Wed 13 Mar 2024 23:03:00 INFO 20: precision: 0.00795 | recall: 0.13690 | ndcg: 0.06274 | hit_rate: 0.14753 | map: 0.04041
Wed 13 Mar 2024 23:03:00 INFO Test Metrics:
Wed 13 Mar 2024 23:03:00 INFO 5: precision: 0.02346 | recall: 0.06371 | ndcg: 0.04865 | hit_rate: 0.10354 | map: 0.03558
Wed 13 Mar 2024 23:03:00 INFO 10: precision: 0.01761 | recall: 0.09475 | ndcg: 0.06031 | hit_rate: 0.14959 | map: 0.04038
Wed 13 Mar 2024 23:03:00 INFO 20: precision: 0.01291 | recall: 0.13757 | ndcg: 0.07316 | hit_rate: 0.20947 | map: 0.04402
Wed 13 Mar 2024 23:03:26 INFO Epoch 36, Loss: 5.24581
Wed 13 Mar 2024 23:03:28 INFO Validation Metrics:
Wed 13 Mar 2024 23:03:28 INFO 5: precision: 0.01395 | recall: 0.06199 | ndcg: 0.04131 | hit_rate: 0.06776 | map: 0.03337
Wed 13 Mar 2024 23:03:28 INFO 10: precision: 0.01076 | recall: 0.09442 | ndcg: 0.05199 | hit_rate: 0.10192 | map: 0.03779
Wed 13 Mar 2024 23:03:28 INFO 20: precision: 0.00796 | recall: 0.13700 | ndcg: 0.06314 | hit_rate: 0.14766 | map: 0.04088
Wed 13 Mar 2024 23:03:28 INFO Test Metrics:
Wed 13 Mar 2024 23:03:28 INFO 5: precision: 0.02349 | recall: 0.06387 | ndcg: 0.04877 | hit_rate: 0.10386 | map: 0.03568
Wed 13 Mar 2024 23:03:28 INFO 10: precision: 0.01770 | recall: 0.09504 | ndcg: 0.06054 | hit_rate: 0.14985 | map: 0.04056
Wed 13 Mar 2024 23:03:28 INFO 20: precision: 0.01301 | recall: 0.13847 | ndcg: 0.07352 | hit_rate: 0.21070 | map: 0.04421
Wed 13 Mar 2024 23:03:54 INFO Epoch 37, Loss: 4.96954
Wed 13 Mar 2024 23:03:55 INFO Validation Metrics:
Wed 13 Mar 2024 23:03:55 INFO 5: precision: 0.01399 | recall: 0.06212 | ndcg: 0.04156 | hit_rate: 0.06795 | map: 0.03365
Wed 13 Mar 2024 23:03:55 INFO 10: precision: 0.01080 | recall: 0.09485 | ndcg: 0.05235 | hit_rate: 0.10251 | map: 0.03812
Wed 13 Mar 2024 23:03:55 INFO 20: precision: 0.00800 | recall: 0.13773 | ndcg: 0.06356 | hit_rate: 0.14843 | map: 0.04123
Wed 13 Mar 2024 23:03:55 INFO Test Metrics:
Wed 13 Mar 2024 23:03:55 INFO 5: precision: 0.02369 | recall: 0.06448 | ndcg: 0.04919 | hit_rate: 0.10483 | map: 0.03594
Wed 13 Mar 2024 23:03:55 INFO 10: precision: 0.01779 | recall: 0.09531 | ndcg: 0.06085 | hit_rate: 0.15017 | map: 0.04081
Wed 13 Mar 2024 23:03:55 INFO 20: precision: 0.01302 | recall: 0.13867 | ndcg: 0.07379 | hit_rate: 0.21102 | map: 0.04443
Wed 13 Mar 2024 23:04:21 INFO Epoch 38, Loss: 4.75557
Wed 13 Mar 2024 23:04:23 INFO Validation Metrics:
Wed 13 Mar 2024 23:04:23 INFO 5: precision: 0.01413 | recall: 0.06278 | ndcg: 0.04190 | hit_rate: 0.06866 | map: 0.03390
Wed 13 Mar 2024 23:04:23 INFO 10: precision: 0.01082 | recall: 0.09489 | ndcg: 0.05248 | hit_rate: 0.10264 | map: 0.03827
Wed 13 Mar 2024 23:04:23 INFO 20: precision: 0.00800 | recall: 0.13747 | ndcg: 0.06364 | hit_rate: 0.14830 | map: 0.04137
Wed 13 Mar 2024 23:04:23 INFO Test Metrics:
Wed 13 Mar 2024 23:04:23 INFO 5: precision: 0.02377 | recall: 0.06482 | ndcg: 0.04949 | hit_rate: 0.10503 | map: 0.03625
Wed 13 Mar 2024 23:04:23 INFO 10: precision: 0.01775 | recall: 0.09530 | ndcg: 0.06103 | hit_rate: 0.15024 | map: 0.04105
Wed 13 Mar 2024 23:04:23 INFO 20: precision: 0.01306 | recall: 0.13906 | ndcg: 0.07411 | hit_rate: 0.21154 | map: 0.04473
Wed 13 Mar 2024 23:04:49 INFO Epoch 39, Loss: 4.59856
Wed 13 Mar 2024 23:04:50 INFO Validation Metrics:
Wed 13 Mar 2024 23:04:50 INFO 5: precision: 0.01411 | recall: 0.06264 | ndcg: 0.04184 | hit_rate: 0.06853 | map: 0.03386
Wed 13 Mar 2024 23:04:50 INFO 10: precision: 0.01084 | recall: 0.09520 | ndcg: 0.05259 | hit_rate: 0.10276 | map: 0.03833
Wed 13 Mar 2024 23:04:50 INFO 20: precision: 0.00804 | recall: 0.13828 | ndcg: 0.06387 | hit_rate: 0.14908 | map: 0.04146
Wed 13 Mar 2024 23:04:50 INFO Test Metrics:
Wed 13 Mar 2024 23:04:50 INFO 5: precision: 0.02396 | recall: 0.06534 | ndcg: 0.04981 | hit_rate: 0.10580 | map: 0.03644
Wed 13 Mar 2024 23:04:50 INFO 10: precision: 0.01790 | recall: 0.09600 | ndcg: 0.06142 | hit_rate: 0.15121 | map: 0.04128
Wed 13 Mar 2024 23:04:50 INFO 20: precision: 0.01304 | recall: 0.13874 | ndcg: 0.07420 | hit_rate: 0.21095 | map: 0.04488
Wed 13 Mar 2024 23:05:16 INFO Epoch 40, Loss: 4.36392
Wed 13 Mar 2024 23:05:18 INFO Validation Metrics:
Wed 13 Mar 2024 23:05:18 INFO 5: precision: 0.01412 | recall: 0.06260 | ndcg: 0.04197 | hit_rate: 0.06860 | map: 0.03402
Wed 13 Mar 2024 23:05:18 INFO 10: precision: 0.01092 | recall: 0.09580 | ndcg: 0.05292 | hit_rate: 0.10354 | map: 0.03856
Wed 13 Mar 2024 23:05:18 INFO 20: precision: 0.00804 | recall: 0.13832 | ndcg: 0.06404 | hit_rate: 0.14901 | map: 0.04164
Wed 13 Mar 2024 23:05:18 INFO Test Metrics:
Wed 13 Mar 2024 23:05:18 INFO 5: precision: 0.02400 | recall: 0.06576 | ndcg: 0.05002 | hit_rate: 0.10619 | map: 0.03656
Wed 13 Mar 2024 23:05:18 INFO 10: precision: 0.01800 | recall: 0.09648 | ndcg: 0.06168 | hit_rate: 0.15198 | map: 0.04142
Wed 13 Mar 2024 23:05:18 INFO 20: precision: 0.01310 | recall: 0.13931 | ndcg: 0.07448 | hit_rate: 0.21173 | map: 0.04503
Wed 13 Mar 2024 23:05:44 INFO Epoch 41, Loss: 4.17652
Wed 13 Mar 2024 23:05:45 INFO Validation Metrics:
Wed 13 Mar 2024 23:05:45 INFO 5: precision: 0.01425 | recall: 0.06329 | ndcg: 0.04233 | hit_rate: 0.06924 | map: 0.03429
Wed 13 Mar 2024 23:05:45 INFO 10: precision: 0.01095 | recall: 0.09606 | ndcg: 0.05314 | hit_rate: 0.10373 | map: 0.03878
Wed 13 Mar 2024 23:05:45 INFO 20: precision: 0.00807 | recall: 0.13865 | ndcg: 0.06429 | hit_rate: 0.14940 | map: 0.04186
Wed 13 Mar 2024 23:05:45 INFO Test Metrics:
Wed 13 Mar 2024 23:05:45 INFO 5: precision: 0.02403 | recall: 0.06560 | ndcg: 0.05012 | hit_rate: 0.10612 | map: 0.03671
Wed 13 Mar 2024 23:05:45 INFO 10: precision: 0.01813 | recall: 0.09703 | ndcg: 0.06205 | hit_rate: 0.15256 | map: 0.04171
Wed 13 Mar 2024 23:05:45 INFO 20: precision: 0.01314 | recall: 0.13961 | ndcg: 0.07477 | hit_rate: 0.21238 | map: 0.04528
Wed 13 Mar 2024 23:06:11 INFO Epoch 42, Loss: 3.97876
Wed 13 Mar 2024 23:06:13 INFO Validation Metrics:
Wed 13 Mar 2024 23:06:13 INFO 5: precision: 0.01426 | recall: 0.06329 | ndcg: 0.04248 | hit_rate: 0.06918 | map: 0.03448
Wed 13 Mar 2024 23:06:13 INFO 10: precision: 0.01100 | recall: 0.09644 | ndcg: 0.05343 | hit_rate: 0.10438 | map: 0.03902
Wed 13 Mar 2024 23:06:13 INFO 20: precision: 0.00807 | recall: 0.13859 | ndcg: 0.06446 | hit_rate: 0.14927 | map: 0.04209
Wed 13 Mar 2024 23:06:13 INFO Test Metrics:
Wed 13 Mar 2024 23:06:13 INFO 5: precision: 0.02404 | recall: 0.06553 | ndcg: 0.05004 | hit_rate: 0.10619 | map: 0.03663
Wed 13 Mar 2024 23:06:13 INFO 10: precision: 0.01820 | recall: 0.09743 | ndcg: 0.06215 | hit_rate: 0.15302 | map: 0.04171
Wed 13 Mar 2024 23:06:13 INFO 20: precision: 0.01323 | recall: 0.14034 | ndcg: 0.07495 | hit_rate: 0.21309 | map: 0.04529
Wed 13 Mar 2024 23:06:38 INFO Epoch 43, Loss: 3.76352
Wed 13 Mar 2024 23:06:40 INFO Validation Metrics:
Wed 13 Mar 2024 23:06:40 INFO 5: precision: 0.01420 | recall: 0.06282 | ndcg: 0.04229 | hit_rate: 0.06872 | map: 0.03439
Wed 13 Mar 2024 23:06:40 INFO 10: precision: 0.01103 | recall: 0.09661 | ndcg: 0.05346 | hit_rate: 0.10470 | map: 0.03902
Wed 13 Mar 2024 23:06:40 INFO 20: precision: 0.00811 | recall: 0.13896 | ndcg: 0.06455 | hit_rate: 0.14979 | map: 0.04210
Wed 13 Mar 2024 23:06:40 INFO Test Metrics:
Wed 13 Mar 2024 23:06:40 INFO 5: precision: 0.02427 | recall: 0.06607 | ndcg: 0.05028 | hit_rate: 0.10748 | map: 0.03666
Wed 13 Mar 2024 23:06:40 INFO 10: precision: 0.01824 | recall: 0.09754 | ndcg: 0.06224 | hit_rate: 0.15327 | map: 0.04171
Wed 13 Mar 2024 23:06:40 INFO 20: precision: 0.01324 | recall: 0.14060 | ndcg: 0.07508 | hit_rate: 0.21315 | map: 0.04532
Wed 13 Mar 2024 23:07:05 INFO Epoch 44, Loss: 3.67141
Wed 13 Mar 2024 23:07:06 INFO Validation Metrics:
Wed 13 Mar 2024 23:07:06 INFO 5: precision: 0.01429 | recall: 0.06323 | ndcg: 0.04253 | hit_rate: 0.06911 | map: 0.03456
Wed 13 Mar 2024 23:07:06 INFO 10: precision: 0.01108 | recall: 0.09715 | ndcg: 0.05372 | hit_rate: 0.10535 | map: 0.03919
Wed 13 Mar 2024 23:07:06 INFO 20: precision: 0.00813 | recall: 0.13915 | ndcg: 0.06474 | hit_rate: 0.15017 | map: 0.04225
Wed 13 Mar 2024 23:07:06 INFO Test Metrics:
Wed 13 Mar 2024 23:07:06 INFO 5: precision: 0.02420 | recall: 0.06582 | ndcg: 0.05025 | hit_rate: 0.10709 | map: 0.03669
Wed 13 Mar 2024 23:07:06 INFO 10: precision: 0.01832 | recall: 0.09798 | ndcg: 0.06247 | hit_rate: 0.15424 | map: 0.04185
Wed 13 Mar 2024 23:07:06 INFO 20: precision: 0.01318 | recall: 0.13979 | ndcg: 0.07498 | hit_rate: 0.21199 | map: 0.04539
Wed 13 Mar 2024 23:07:32 INFO Epoch 45, Loss: 3.52595
Wed 13 Mar 2024 23:07:34 INFO Validation Metrics:
Wed 13 Mar 2024 23:07:34 INFO 5: precision: 0.01431 | recall: 0.06331 | ndcg: 0.04257 | hit_rate: 0.06931 | map: 0.03455
Wed 13 Mar 2024 23:07:34 INFO 10: precision: 0.01103 | recall: 0.09668 | ndcg: 0.05360 | hit_rate: 0.10490 | map: 0.03915
Wed 13 Mar 2024 23:07:34 INFO 20: precision: 0.00813 | recall: 0.13916 | ndcg: 0.06476 | hit_rate: 0.15030 | map: 0.04225
Wed 13 Mar 2024 23:07:34 INFO Test Metrics:
Wed 13 Mar 2024 23:07:34 INFO 5: precision: 0.02431 | recall: 0.06590 | ndcg: 0.05046 | hit_rate: 0.10735 | map: 0.03687
Wed 13 Mar 2024 23:07:34 INFO 10: precision: 0.01849 | recall: 0.09888 | ndcg: 0.06292 | hit_rate: 0.15573 | map: 0.04210
Wed 13 Mar 2024 23:07:34 INFO 20: precision: 0.01323 | recall: 0.14005 | ndcg: 0.07524 | hit_rate: 0.21257 | map: 0.04560
Wed 13 Mar 2024 23:07:58 INFO Epoch 46, Loss: 3.33736
Wed 13 Mar 2024 23:07:59 INFO Validation Metrics:
Wed 13 Mar 2024 23:07:59 INFO 5: precision: 0.01438 | recall: 0.06372 | ndcg: 0.04280 | hit_rate: 0.06969 | map: 0.03474
Wed 13 Mar 2024 23:07:59 INFO 10: precision: 0.01112 | recall: 0.09751 | ndcg: 0.05395 | hit_rate: 0.10574 | map: 0.03936
Wed 13 Mar 2024 23:07:59 INFO 20: precision: 0.00814 | recall: 0.13926 | ndcg: 0.06492 | hit_rate: 0.15037 | map: 0.04241
Wed 13 Mar 2024 23:07:59 INFO Test Metrics:
Wed 13 Mar 2024 23:07:59 INFO 5: precision: 0.02442 | recall: 0.06616 | ndcg: 0.05048 | hit_rate: 0.10767 | map: 0.03683
Wed 13 Mar 2024 23:07:59 INFO 10: precision: 0.01847 | recall: 0.09866 | ndcg: 0.06279 | hit_rate: 0.15547 | map: 0.04199
Wed 13 Mar 2024 23:07:59 INFO 20: precision: 0.01325 | recall: 0.14011 | ndcg: 0.07522 | hit_rate: 0.21263 | map: 0.04552
Wed 13 Mar 2024 23:08:25 INFO Epoch 47, Loss: 3.18788
Wed 13 Mar 2024 23:08:27 INFO Validation Metrics:
Wed 13 Mar 2024 23:08:27 INFO 5: precision: 0.01444 | recall: 0.06392 | ndcg: 0.04294 | hit_rate: 0.06995 | map: 0.03485
Wed 13 Mar 2024 23:08:27 INFO 10: precision: 0.01112 | recall: 0.09737 | ndcg: 0.05399 | hit_rate: 0.10548 | map: 0.03945
Wed 13 Mar 2024 23:08:27 INFO 20: precision: 0.00817 | recall: 0.13953 | ndcg: 0.06509 | hit_rate: 0.15076 | map: 0.04254
Wed 13 Mar 2024 23:08:27 INFO Test Metrics:
Wed 13 Mar 2024 23:08:27 INFO 5: precision: 0.02444 | recall: 0.06596 | ndcg: 0.05056 | hit_rate: 0.10767 | map: 0.03695
Wed 13 Mar 2024 23:08:27 INFO 10: precision: 0.01849 | recall: 0.09884 | ndcg: 0.06297 | hit_rate: 0.15521 | map: 0.04219
Wed 13 Mar 2024 23:08:27 INFO 20: precision: 0.01326 | recall: 0.13998 | ndcg: 0.07534 | hit_rate: 0.21250 | map: 0.04569
Wed 13 Mar 2024 23:08:53 INFO Epoch 48, Loss: 3.08027
Wed 13 Mar 2024 23:08:54 INFO Validation Metrics:
Wed 13 Mar 2024 23:08:54 INFO 5: precision: 0.01447 | recall: 0.06382 | ndcg: 0.04283 | hit_rate: 0.06995 | map: 0.03471
Wed 13 Mar 2024 23:08:54 INFO 10: precision: 0.01117 | recall: 0.09766 | ndcg: 0.05401 | hit_rate: 0.10593 | map: 0.03936
Wed 13 Mar 2024 23:08:54 INFO 20: precision: 0.00817 | recall: 0.13954 | ndcg: 0.06501 | hit_rate: 0.15069 | map: 0.04242
Wed 13 Mar 2024 23:08:54 INFO Test Metrics:
Wed 13 Mar 2024 23:08:54 INFO 5: precision: 0.02464 | recall: 0.06656 | ndcg: 0.05085 | hit_rate: 0.10838 | map: 0.03710
Wed 13 Mar 2024 23:08:54 INFO 10: precision: 0.01856 | recall: 0.09931 | ndcg: 0.06320 | hit_rate: 0.15579 | map: 0.04231
Wed 13 Mar 2024 23:08:54 INFO 20: precision: 0.01323 | recall: 0.13967 | ndcg: 0.07534 | hit_rate: 0.21179 | map: 0.04576
Wed 13 Mar 2024 23:09:20 INFO Epoch 49, Loss: 2.99244
Wed 13 Mar 2024 23:09:22 INFO Validation Metrics:
Wed 13 Mar 2024 23:09:22 INFO 5: precision: 0.01466 | recall: 0.06481 | ndcg: 0.04337 | hit_rate: 0.07086 | map: 0.03510
Wed 13 Mar 2024 23:09:22 INFO 10: precision: 0.01119 | recall: 0.09794 | ndcg: 0.05427 | hit_rate: 0.10606 | map: 0.03961
Wed 13 Mar 2024 23:09:22 INFO 20: precision: 0.00817 | recall: 0.13975 | ndcg: 0.06526 | hit_rate: 0.15082 | map: 0.04268
Wed 13 Mar 2024 23:09:22 INFO Test Metrics:
Wed 13 Mar 2024 23:09:22 INFO 5: precision: 0.02473 | recall: 0.06680 | ndcg: 0.05108 | hit_rate: 0.10890 | map: 0.03728
Wed 13 Mar 2024 23:09:22 INFO 10: precision: 0.01860 | recall: 0.09924 | ndcg: 0.06334 | hit_rate: 0.15612 | map: 0.04244
Wed 13 Mar 2024 23:09:22 INFO 20: precision: 0.01326 | recall: 0.14000 | ndcg: 0.07557 | hit_rate: 0.21225 | map: 0.04593
Wed 13 Mar 2024 23:09:48 INFO Epoch 50, Loss: 2.88923
Wed 13 Mar 2024 23:09:50 INFO Validation Metrics:
Wed 13 Mar 2024 23:09:50 INFO 5: precision: 0.01465 | recall: 0.06470 | ndcg: 0.04349 | hit_rate: 0.07079 | map: 0.03528
Wed 13 Mar 2024 23:09:50 INFO 10: precision: 0.01130 | recall: 0.09884 | ndcg: 0.05473 | hit_rate: 0.10722 | map: 0.03993
Wed 13 Mar 2024 23:09:50 INFO 20: precision: 0.00823 | recall: 0.14066 | ndcg: 0.06569 | hit_rate: 0.15172 | map: 0.04298
Wed 13 Mar 2024 23:09:50 INFO Test Metrics:
Wed 13 Mar 2024 23:09:50 INFO 5: precision: 0.02473 | recall: 0.06677 | ndcg: 0.05105 | hit_rate: 0.10903 | map: 0.03722
Wed 13 Mar 2024 23:09:50 INFO 10: precision: 0.01862 | recall: 0.09930 | ndcg: 0.06333 | hit_rate: 0.15599 | map: 0.04242
Wed 13 Mar 2024 23:09:50 INFO 20: precision: 0.01329 | recall: 0.13999 | ndcg: 0.07560 | hit_rate: 0.21257 | map: 0.04592
Wed 13 Mar 2024 23:10:16 INFO Epoch 51, Loss: 2.81103
Wed 13 Mar 2024 23:10:17 INFO Validation Metrics:
Wed 13 Mar 2024 23:10:17 INFO 5: precision: 0.01468 | recall: 0.06477 | ndcg: 0.04357 | hit_rate: 0.07092 | map: 0.03536
Wed 13 Mar 2024 23:10:17 INFO 10: precision: 0.01130 | recall: 0.09868 | ndcg: 0.05474 | hit_rate: 0.10709 | map: 0.03998
Wed 13 Mar 2024 23:10:17 INFO 20: precision: 0.00821 | recall: 0.14015 | ndcg: 0.06564 | hit_rate: 0.15114 | map: 0.04302
Wed 13 Mar 2024 23:10:17 INFO Test Metrics:
Wed 13 Mar 2024 23:10:17 INFO 5: precision: 0.02487 | recall: 0.06718 | ndcg: 0.05125 | hit_rate: 0.10961 | map: 0.03730
Wed 13 Mar 2024 23:10:17 INFO 10: precision: 0.01873 | recall: 0.10007 | ndcg: 0.06365 | hit_rate: 0.15689 | map: 0.04256
Wed 13 Mar 2024 23:10:17 INFO 20: precision: 0.01326 | recall: 0.13976 | ndcg: 0.07563 | hit_rate: 0.21205 | map: 0.04598
Wed 13 Mar 2024 23:10:43 INFO Epoch 52, Loss: 2.63259
Wed 13 Mar 2024 23:10:45 INFO Validation Metrics:
Wed 13 Mar 2024 23:10:45 INFO 5: precision: 0.01483 | recall: 0.06544 | ndcg: 0.04406 | hit_rate: 0.07157 | map: 0.03578
Wed 13 Mar 2024 23:10:45 INFO 10: precision: 0.01124 | recall: 0.09825 | ndcg: 0.05486 | hit_rate: 0.10658 | map: 0.04027
Wed 13 Mar 2024 23:10:45 INFO 20: precision: 0.00824 | recall: 0.14024 | ndcg: 0.06591 | hit_rate: 0.15166 | map: 0.04334
Wed 13 Mar 2024 23:10:45 INFO Test Metrics:
Wed 13 Mar 2024 23:10:45 INFO 5: precision: 0.02489 | recall: 0.06734 | ndcg: 0.05141 | hit_rate: 0.10974 | map: 0.03748
Wed 13 Mar 2024 23:10:45 INFO 10: precision: 0.01873 | recall: 0.09992 | ndcg: 0.06373 | hit_rate: 0.15644 | map: 0.04271
Wed 13 Mar 2024 23:10:45 INFO 20: precision: 0.01326 | recall: 0.13983 | ndcg: 0.07577 | hit_rate: 0.21192 | map: 0.04615
Wed 13 Mar 2024 23:11:11 INFO Epoch 53, Loss: 2.53638
Wed 13 Mar 2024 23:11:12 INFO Validation Metrics:
Wed 13 Mar 2024 23:11:12 INFO 5: precision: 0.01489 | recall: 0.06567 | ndcg: 0.04418 | hit_rate: 0.07195 | map: 0.03585
Wed 13 Mar 2024 23:11:12 INFO 10: precision: 0.01131 | recall: 0.09861 | ndcg: 0.05504 | hit_rate: 0.10703 | map: 0.04037
Wed 13 Mar 2024 23:11:12 INFO 20: precision: 0.00823 | recall: 0.14022 | ndcg: 0.06598 | hit_rate: 0.15160 | map: 0.04341
Wed 13 Mar 2024 23:11:12 INFO Test Metrics:
Wed 13 Mar 2024 23:11:12 INFO 5: precision: 0.02489 | recall: 0.06753 | ndcg: 0.05140 | hit_rate: 0.10955 | map: 0.03746
Wed 13 Mar 2024 23:11:12 INFO 10: precision: 0.01869 | recall: 0.09951 | ndcg: 0.06356 | hit_rate: 0.15560 | map: 0.04263
Wed 13 Mar 2024 23:11:12 INFO 20: precision: 0.01325 | recall: 0.13956 | ndcg: 0.07567 | hit_rate: 0.21167 | map: 0.04610
Wed 13 Mar 2024 23:11:37 INFO Epoch 54, Loss: 2.48191
Wed 13 Mar 2024 23:11:39 INFO Validation Metrics:
Wed 13 Mar 2024 23:11:39 INFO 5: precision: 0.01497 | recall: 0.06609 | ndcg: 0.04434 | hit_rate: 0.07234 | map: 0.03592
Wed 13 Mar 2024 23:11:39 INFO 10: precision: 0.01132 | recall: 0.09871 | ndcg: 0.05509 | hit_rate: 0.10703 | map: 0.04039
Wed 13 Mar 2024 23:11:39 INFO 20: precision: 0.00825 | recall: 0.14056 | ndcg: 0.06610 | hit_rate: 0.15185 | map: 0.04346
Wed 13 Mar 2024 23:11:39 INFO Test Metrics:
Wed 13 Mar 2024 23:11:39 INFO 5: precision: 0.02483 | recall: 0.06714 | ndcg: 0.05121 | hit_rate: 0.10909 | map: 0.03735
Wed 13 Mar 2024 23:11:39 INFO 10: precision: 0.01874 | recall: 0.09982 | ndcg: 0.06360 | hit_rate: 0.15638 | map: 0.04259
Wed 13 Mar 2024 23:11:39 INFO 20: precision: 0.01331 | recall: 0.14002 | ndcg: 0.07576 | hit_rate: 0.21199 | map: 0.04608
Wed 13 Mar 2024 23:12:03 INFO Epoch 55, Loss: 2.36850
Wed 13 Mar 2024 23:12:05 INFO Validation Metrics:
Wed 13 Mar 2024 23:12:05 INFO 5: precision: 0.01493 | recall: 0.06577 | ndcg: 0.04422 | hit_rate: 0.07202 | map: 0.03584
Wed 13 Mar 2024 23:12:05 INFO 10: precision: 0.01136 | recall: 0.09893 | ndcg: 0.05517 | hit_rate: 0.10729 | map: 0.04041
Wed 13 Mar 2024 23:12:05 INFO 20: precision: 0.00823 | recall: 0.14004 | ndcg: 0.06600 | hit_rate: 0.15147 | map: 0.04343
Wed 13 Mar 2024 23:12:05 INFO Test Metrics:
Wed 13 Mar 2024 23:12:05 INFO 5: precision: 0.02483 | recall: 0.06707 | ndcg: 0.05123 | hit_rate: 0.10916 | map: 0.03733
Wed 13 Mar 2024 23:12:05 INFO 10: precision: 0.01883 | recall: 0.10006 | ndcg: 0.06376 | hit_rate: 0.15696 | map: 0.04265
Wed 13 Mar 2024 23:12:05 INFO 20: precision: 0.01334 | recall: 0.14024 | ndcg: 0.07588 | hit_rate: 0.21225 | map: 0.04613
Wed 13 Mar 2024 23:12:30 INFO Epoch 56, Loss: 2.25802
Wed 13 Mar 2024 23:12:32 INFO Validation Metrics:
Wed 13 Mar 2024 23:12:32 INFO 5: precision: 0.01502 | recall: 0.06622 | ndcg: 0.04444 | hit_rate: 0.07247 | map: 0.03599
Wed 13 Mar 2024 23:12:32 INFO 10: precision: 0.01134 | recall: 0.09886 | ndcg: 0.05522 | hit_rate: 0.10722 | map: 0.04049
Wed 13 Mar 2024 23:12:32 INFO 20: precision: 0.00823 | recall: 0.13985 | ndcg: 0.06604 | hit_rate: 0.15134 | map: 0.04351
Wed 13 Mar 2024 23:12:32 INFO Test Metrics:
Wed 13 Mar 2024 23:12:32 INFO 5: precision: 0.02485 | recall: 0.06720 | ndcg: 0.05135 | hit_rate: 0.10909 | map: 0.03746
Wed 13 Mar 2024 23:12:32 INFO 10: precision: 0.01883 | recall: 0.10018 | ndcg: 0.06385 | hit_rate: 0.15702 | map: 0.04274
Wed 13 Mar 2024 23:12:32 INFO 20: precision: 0.01333 | recall: 0.14024 | ndcg: 0.07595 | hit_rate: 0.21192 | map: 0.04623
Wed 13 Mar 2024 23:12:55 INFO Epoch 57, Loss: 2.22814
Wed 13 Mar 2024 23:12:57 INFO Validation Metrics:
Wed 13 Mar 2024 23:12:57 INFO 5: precision: 0.01504 | recall: 0.06618 | ndcg: 0.04454 | hit_rate: 0.07254 | map: 0.03611
Wed 13 Mar 2024 23:12:57 INFO 10: precision: 0.01135 | recall: 0.09891 | ndcg: 0.05536 | hit_rate: 0.10716 | map: 0.04064
Wed 13 Mar 2024 23:12:57 INFO 20: precision: 0.00822 | recall: 0.13978 | ndcg: 0.06613 | hit_rate: 0.15114 | map: 0.04364
Wed 13 Mar 2024 23:12:57 INFO Test Metrics:
Wed 13 Mar 2024 23:12:57 INFO 5: precision: 0.02478 | recall: 0.06672 | ndcg: 0.05121 | hit_rate: 0.10890 | map: 0.03740
Wed 13 Mar 2024 23:12:57 INFO 10: precision: 0.01889 | recall: 0.10061 | ndcg: 0.06401 | hit_rate: 0.15773 | map: 0.04282
Wed 13 Mar 2024 23:12:57 INFO 20: precision: 0.01337 | recall: 0.14069 | ndcg: 0.07612 | hit_rate: 0.21257 | map: 0.04631
Wed 13 Mar 2024 23:13:21 INFO Epoch 58, Loss: 2.17536
Wed 13 Mar 2024 23:13:23 INFO Validation Metrics:
Wed 13 Mar 2024 23:13:23 INFO 5: precision: 0.01506 | recall: 0.06629 | ndcg: 0.04461 | hit_rate: 0.07267 | map: 0.03615
Wed 13 Mar 2024 23:13:23 INFO 10: precision: 0.01129 | recall: 0.09844 | ndcg: 0.05523 | hit_rate: 0.10658 | map: 0.04061
Wed 13 Mar 2024 23:13:23 INFO 20: precision: 0.00823 | recall: 0.13983 | ndcg: 0.06615 | hit_rate: 0.15134 | map: 0.04365
Wed 13 Mar 2024 23:13:23 INFO Test Metrics:
Wed 13 Mar 2024 23:13:23 INFO 5: precision: 0.02480 | recall: 0.06678 | ndcg: 0.05132 | hit_rate: 0.10890 | map: 0.03754
Wed 13 Mar 2024 23:13:23 INFO 10: precision: 0.01893 | recall: 0.10069 | ndcg: 0.06412 | hit_rate: 0.15773 | map: 0.04296
Wed 13 Mar 2024 23:13:23 INFO 20: precision: 0.01337 | recall: 0.14080 | ndcg: 0.07620 | hit_rate: 0.21218 | map: 0.04644
Wed 13 Mar 2024 23:13:47 INFO Epoch 59, Loss: 2.09469
Wed 13 Mar 2024 23:13:48 INFO Validation Metrics:
Wed 13 Mar 2024 23:13:48 INFO 5: precision: 0.01508 | recall: 0.06623 | ndcg: 0.04454 | hit_rate: 0.07267 | map: 0.03606
Wed 13 Mar 2024 23:13:48 INFO 10: precision: 0.01128 | recall: 0.09824 | ndcg: 0.05512 | hit_rate: 0.10645 | map: 0.04051
Wed 13 Mar 2024 23:13:48 INFO 20: precision: 0.00827 | recall: 0.14026 | ndcg: 0.06621 | hit_rate: 0.15179 | map: 0.04359
Wed 13 Mar 2024 23:13:48 INFO Test Metrics:
Wed 13 Mar 2024 23:13:48 INFO 5: precision: 0.02476 | recall: 0.06673 | ndcg: 0.05152 | hit_rate: 0.10877 | map: 0.03777
Wed 13 Mar 2024 23:13:48 INFO 10: precision: 0.01893 | recall: 0.10071 | ndcg: 0.06438 | hit_rate: 0.15786 | map: 0.04322
Wed 13 Mar 2024 23:13:48 INFO 20: precision: 0.01340 | recall: 0.14102 | ndcg: 0.07654 | hit_rate: 0.21244 | map: 0.04674
Wed 13 Mar 2024 23:14:12 INFO Epoch 60, Loss: 2.01766
Wed 13 Mar 2024 23:14:13 INFO Validation Metrics:
Wed 13 Mar 2024 23:14:13 INFO 5: precision: 0.01510 | recall: 0.06622 | ndcg: 0.04464 | hit_rate: 0.07260 | map: 0.03620
Wed 13 Mar 2024 23:14:13 INFO 10: precision: 0.01128 | recall: 0.09838 | ndcg: 0.05525 | hit_rate: 0.10658 | map: 0.04064
Wed 13 Mar 2024 23:14:13 INFO 20: precision: 0.00825 | recall: 0.14004 | ndcg: 0.06625 | hit_rate: 0.15160 | map: 0.04371
Wed 13 Mar 2024 23:14:13 INFO Test Metrics:
Wed 13 Mar 2024 23:14:13 INFO 5: precision: 0.02484 | recall: 0.06710 | ndcg: 0.05165 | hit_rate: 0.10909 | map: 0.03783
Wed 13 Mar 2024 23:14:13 INFO 10: precision: 0.01893 | recall: 0.10065 | ndcg: 0.06436 | hit_rate: 0.15754 | map: 0.04322
Wed 13 Mar 2024 23:14:13 INFO 20: precision: 0.01341 | recall: 0.14092 | ndcg: 0.07654 | hit_rate: 0.21244 | map: 0.04675
Wed 13 Mar 2024 23:14:38 INFO Epoch 61, Loss: 1.97288
Wed 13 Mar 2024 23:14:40 INFO Validation Metrics:
Wed 13 Mar 2024 23:14:40 INFO 5: precision: 0.01511 | recall: 0.06632 | ndcg: 0.04460 | hit_rate: 0.07267 | map: 0.03612
Wed 13 Mar 2024 23:14:40 INFO 10: precision: 0.01134 | recall: 0.09875 | ndcg: 0.05526 | hit_rate: 0.10709 | map: 0.04056
Wed 13 Mar 2024 23:14:40 INFO 20: precision: 0.00824 | recall: 0.13973 | ndcg: 0.06607 | hit_rate: 0.15121 | map: 0.04357
Wed 13 Mar 2024 23:14:40 INFO Test Metrics:
Wed 13 Mar 2024 23:14:40 INFO 5: precision: 0.02487 | recall: 0.06697 | ndcg: 0.05161 | hit_rate: 0.10897 | map: 0.03779
Wed 13 Mar 2024 23:14:40 INFO 10: precision: 0.01889 | recall: 0.10014 | ndcg: 0.06421 | hit_rate: 0.15721 | map: 0.04314
Wed 13 Mar 2024 23:14:40 INFO 20: precision: 0.01343 | recall: 0.14098 | ndcg: 0.07657 | hit_rate: 0.21263 | map: 0.04673
Wed 13 Mar 2024 23:15:06 INFO Epoch 62, Loss: 1.89485
Wed 13 Mar 2024 23:15:08 INFO Validation Metrics:
Wed 13 Mar 2024 23:15:08 INFO 5: precision: 0.01513 | recall: 0.06625 | ndcg: 0.04479 | hit_rate: 0.07267 | map: 0.03637
Wed 13 Mar 2024 23:15:08 INFO 10: precision: 0.01126 | recall: 0.09788 | ndcg: 0.05521 | hit_rate: 0.10632 | map: 0.04072
Wed 13 Mar 2024 23:15:08 INFO 20: precision: 0.00825 | recall: 0.13974 | ndcg: 0.06627 | hit_rate: 0.15127 | map: 0.04381
Wed 13 Mar 2024 23:15:08 INFO Test Metrics:
Wed 13 Mar 2024 23:15:08 INFO 5: precision: 0.02487 | recall: 0.06695 | ndcg: 0.05168 | hit_rate: 0.10890 | map: 0.03787
Wed 13 Mar 2024 23:15:08 INFO 10: precision: 0.01887 | recall: 0.09985 | ndcg: 0.06420 | hit_rate: 0.15683 | map: 0.04320
Wed 13 Mar 2024 23:15:08 INFO 20: precision: 0.01345 | recall: 0.14098 | ndcg: 0.07663 | hit_rate: 0.21244 | map: 0.04682
Wed 13 Mar 2024 23:15:32 INFO Epoch 63, Loss: 1.87102
Wed 13 Mar 2024 23:15:34 INFO Validation Metrics:
Wed 13 Mar 2024 23:15:34 INFO 5: precision: 0.01508 | recall: 0.06611 | ndcg: 0.04470 | hit_rate: 0.07254 | map: 0.03631
Wed 13 Mar 2024 23:15:34 INFO 10: precision: 0.01126 | recall: 0.09787 | ndcg: 0.05517 | hit_rate: 0.10625 | map: 0.04068
Wed 13 Mar 2024 23:15:34 INFO 20: precision: 0.00824 | recall: 0.13930 | ndcg: 0.06613 | hit_rate: 0.15076 | map: 0.04375
Wed 13 Mar 2024 23:15:34 INFO Test Metrics:
Wed 13 Mar 2024 23:15:34 INFO 5: precision: 0.02493 | recall: 0.06702 | ndcg: 0.05158 | hit_rate: 0.10916 | map: 0.03774
Wed 13 Mar 2024 23:15:34 INFO 10: precision: 0.01882 | recall: 0.09952 | ndcg: 0.06396 | hit_rate: 0.15657 | map: 0.04300
Wed 13 Mar 2024 23:15:34 INFO 20: precision: 0.01343 | recall: 0.14078 | ndcg: 0.07643 | hit_rate: 0.21218 | map: 0.04665
Wed 13 Mar 2024 23:15:58 INFO Epoch 64, Loss: 1.77982
Wed 13 Mar 2024 23:16:00 INFO Validation Metrics:
Wed 13 Mar 2024 23:16:00 INFO 5: precision: 0.01497 | recall: 0.06581 | ndcg: 0.04462 | hit_rate: 0.07221 | map: 0.03629
Wed 13 Mar 2024 23:16:00 INFO 10: precision: 0.01132 | recall: 0.09820 | ndcg: 0.05532 | hit_rate: 0.10670 | map: 0.04077
Wed 13 Mar 2024 23:16:00 INFO 20: precision: 0.00821 | recall: 0.13876 | ndcg: 0.06605 | hit_rate: 0.15024 | map: 0.04378
Wed 13 Mar 2024 23:16:00 INFO Test Metrics:
Wed 13 Mar 2024 23:16:00 INFO 5: precision: 0.02498 | recall: 0.06716 | ndcg: 0.05163 | hit_rate: 0.10935 | map: 0.03778
Wed 13 Mar 2024 23:16:00 INFO 10: precision: 0.01876 | recall: 0.09946 | ndcg: 0.06388 | hit_rate: 0.15618 | map: 0.04298
Wed 13 Mar 2024 23:16:00 INFO 20: precision: 0.01345 | recall: 0.14088 | ndcg: 0.07643 | hit_rate: 0.21270 | map: 0.04663
Wed 13 Mar 2024 23:16:25 INFO Epoch 65, Loss: 1.76359
Wed 13 Mar 2024 23:16:26 INFO Validation Metrics:
Wed 13 Mar 2024 23:16:26 INFO 5: precision: 0.01504 | recall: 0.06609 | ndcg: 0.04475 | hit_rate: 0.07254 | map: 0.03637
Wed 13 Mar 2024 23:16:26 INFO 10: precision: 0.01126 | recall: 0.09764 | ndcg: 0.05520 | hit_rate: 0.10619 | map: 0.04075
Wed 13 Mar 2024 23:16:26 INFO 20: precision: 0.00817 | recall: 0.13798 | ndcg: 0.06590 | hit_rate: 0.14927 | map: 0.04377
Wed 13 Mar 2024 23:16:26 INFO Test Metrics:
Wed 13 Mar 2024 23:16:26 INFO 5: precision: 0.02498 | recall: 0.06705 | ndcg: 0.05162 | hit_rate: 0.10922 | map: 0.03780
Wed 13 Mar 2024 23:16:26 INFO 10: precision: 0.01882 | recall: 0.09967 | ndcg: 0.06399 | hit_rate: 0.15638 | map: 0.04306
Wed 13 Mar 2024 23:16:26 INFO 20: precision: 0.01344 | recall: 0.14068 | ndcg: 0.07642 | hit_rate: 0.21231 | map: 0.04668
Wed 13 Mar 2024 23:16:50 INFO Epoch 66, Loss: 1.63737
Wed 13 Mar 2024 23:16:52 INFO Validation Metrics:
Wed 13 Mar 2024 23:16:52 INFO 5: precision: 0.01508 | recall: 0.06621 | ndcg: 0.04483 | hit_rate: 0.07279 | map: 0.03643
Wed 13 Mar 2024 23:16:52 INFO 10: precision: 0.01128 | recall: 0.09786 | ndcg: 0.05529 | hit_rate: 0.10638 | map: 0.04081
Wed 13 Mar 2024 23:16:52 INFO 20: precision: 0.00816 | recall: 0.13806 | ndcg: 0.06592 | hit_rate: 0.14927 | map: 0.04380
Wed 13 Mar 2024 23:16:52 INFO Test Metrics:
Wed 13 Mar 2024 23:16:52 INFO 5: precision: 0.02507 | recall: 0.06708 | ndcg: 0.05158 | hit_rate: 0.10961 | map: 0.03775
Wed 13 Mar 2024 23:16:52 INFO 10: precision: 0.01880 | recall: 0.09960 | ndcg: 0.06388 | hit_rate: 0.15644 | map: 0.04297
Wed 13 Mar 2024 23:16:52 INFO 20: precision: 0.01343 | recall: 0.14067 | ndcg: 0.07632 | hit_rate: 0.21225 | map: 0.04660
Wed 13 Mar 2024 23:17:16 INFO Epoch 67, Loss: 1.62159
Wed 13 Mar 2024 23:17:18 INFO Validation Metrics:
Wed 13 Mar 2024 23:17:18 INFO 5: precision: 0.01509 | recall: 0.06625 | ndcg: 0.04484 | hit_rate: 0.07279 | map: 0.03644
Wed 13 Mar 2024 23:17:18 INFO 10: precision: 0.01133 | recall: 0.09814 | ndcg: 0.05540 | hit_rate: 0.10677 | map: 0.04085
Wed 13 Mar 2024 23:17:18 INFO 20: precision: 0.00817 | recall: 0.13805 | ndcg: 0.06596 | hit_rate: 0.14908 | map: 0.04383
Wed 13 Mar 2024 23:17:18 INFO Test Metrics:
Wed 13 Mar 2024 23:17:18 INFO 5: precision: 0.02495 | recall: 0.06671 | ndcg: 0.05136 | hit_rate: 0.10903 | map: 0.03759
Wed 13 Mar 2024 23:17:18 INFO 10: precision: 0.01883 | recall: 0.09983 | ndcg: 0.06386 | hit_rate: 0.15638 | map: 0.04292
Wed 13 Mar 2024 23:17:18 INFO 20: precision: 0.01343 | recall: 0.14062 | ndcg: 0.07622 | hit_rate: 0.21212 | map: 0.04651
Wed 13 Mar 2024 23:17:43 INFO Epoch 68, Loss: 1.56340
Wed 13 Mar 2024 23:17:44 INFO Validation Metrics:
Wed 13 Mar 2024 23:17:44 INFO 5: precision: 0.01513 | recall: 0.06639 | ndcg: 0.04483 | hit_rate: 0.07286 | map: 0.03639
Wed 13 Mar 2024 23:17:44 INFO 10: precision: 0.01136 | recall: 0.09842 | ndcg: 0.05542 | hit_rate: 0.10696 | map: 0.04080
Wed 13 Mar 2024 23:17:44 INFO 20: precision: 0.00817 | recall: 0.13774 | ndcg: 0.06584 | hit_rate: 0.14895 | map: 0.04373
Wed 13 Mar 2024 23:17:44 INFO Test Metrics:
Wed 13 Mar 2024 23:17:44 INFO 5: precision: 0.02493 | recall: 0.06657 | ndcg: 0.05136 | hit_rate: 0.10890 | map: 0.03762
Wed 13 Mar 2024 23:17:44 INFO 10: precision: 0.01882 | recall: 0.09974 | ndcg: 0.06389 | hit_rate: 0.15599 | map: 0.04298
Wed 13 Mar 2024 23:17:44 INFO 20: precision: 0.01343 | recall: 0.14043 | ndcg: 0.07625 | hit_rate: 0.21199 | map: 0.04657
Wed 13 Mar 2024 23:18:10 INFO Epoch 69, Loss: 1.50339
Wed 13 Mar 2024 23:18:12 INFO Validation Metrics:
Wed 13 Mar 2024 23:18:12 INFO 5: precision: 0.01510 | recall: 0.06636 | ndcg: 0.04478 | hit_rate: 0.07279 | map: 0.03634
Wed 13 Mar 2024 23:18:12 INFO 10: precision: 0.01137 | recall: 0.09848 | ndcg: 0.05539 | hit_rate: 0.10690 | map: 0.04076
Wed 13 Mar 2024 23:18:12 INFO 20: precision: 0.00814 | recall: 0.13726 | ndcg: 0.06567 | hit_rate: 0.14856 | map: 0.04364
Wed 13 Mar 2024 23:18:12 INFO Test Metrics:
Wed 13 Mar 2024 23:18:12 INFO 5: precision: 0.02487 | recall: 0.06651 | ndcg: 0.05131 | hit_rate: 0.10838 | map: 0.03762
Wed 13 Mar 2024 23:18:12 INFO 10: precision: 0.01878 | recall: 0.09948 | ndcg: 0.06381 | hit_rate: 0.15579 | map: 0.04295
Wed 13 Mar 2024 23:18:12 INFO 20: precision: 0.01344 | recall: 0.14030 | ndcg: 0.07622 | hit_rate: 0.21134 | map: 0.04659
Wed 13 Mar 2024 23:18:38 INFO Epoch 70, Loss: 1.46517
Wed 13 Mar 2024 23:18:40 INFO Validation Metrics:
Wed 13 Mar 2024 23:18:40 INFO 5: precision: 0.01497 | recall: 0.06593 | ndcg: 0.04463 | hit_rate: 0.07234 | map: 0.03627
Wed 13 Mar 2024 23:18:40 INFO 10: precision: 0.01134 | recall: 0.09812 | ndcg: 0.05529 | hit_rate: 0.10658 | map: 0.04072
Wed 13 Mar 2024 23:18:40 INFO 20: precision: 0.00816 | recall: 0.13745 | ndcg: 0.06570 | hit_rate: 0.14869 | map: 0.04363
Wed 13 Mar 2024 23:18:40 INFO Test Metrics:
Wed 13 Mar 2024 23:18:40 INFO 5: precision: 0.02489 | recall: 0.06650 | ndcg: 0.05125 | hit_rate: 0.10838 | map: 0.03752
Wed 13 Mar 2024 23:18:40 INFO 10: precision: 0.01879 | recall: 0.09964 | ndcg: 0.06379 | hit_rate: 0.15586 | map: 0.04288
Wed 13 Mar 2024 23:18:40 INFO 20: precision: 0.01344 | recall: 0.14042 | ndcg: 0.07618 | hit_rate: 0.21121 | map: 0.04650
Wed 13 Mar 2024 23:19:06 INFO Epoch 71, Loss: 1.47400
Wed 13 Mar 2024 23:19:07 INFO Validation Metrics:
Wed 13 Mar 2024 23:19:07 INFO 5: precision: 0.01495 | recall: 0.06572 | ndcg: 0.04461 | hit_rate: 0.07215 | map: 0.03630
Wed 13 Mar 2024 23:19:07 INFO 10: precision: 0.01130 | recall: 0.09774 | ndcg: 0.05523 | hit_rate: 0.10606 | map: 0.04075
Wed 13 Mar 2024 23:19:07 INFO 20: precision: 0.00815 | recall: 0.13705 | ndcg: 0.06568 | hit_rate: 0.14843 | map: 0.04368
Wed 13 Mar 2024 23:19:07 INFO Test Metrics:
Wed 13 Mar 2024 23:19:07 INFO 5: precision: 0.02485 | recall: 0.06637 | ndcg: 0.05121 | hit_rate: 0.10832 | map: 0.03752
Wed 13 Mar 2024 23:19:07 INFO 10: precision: 0.01886 | recall: 0.09994 | ndcg: 0.06391 | hit_rate: 0.15638 | map: 0.04293
Wed 13 Mar 2024 23:19:07 INFO 20: precision: 0.01344 | recall: 0.14040 | ndcg: 0.07617 | hit_rate: 0.21108 | map: 0.04652
Wed 13 Mar 2024 23:19:33 INFO Epoch 72, Loss: 1.39096
Wed 13 Mar 2024 23:19:35 INFO Validation Metrics:
Wed 13 Mar 2024 23:19:35 INFO 5: precision: 0.01508 | recall: 0.06642 | ndcg: 0.04487 | hit_rate: 0.07292 | map: 0.03643
Wed 13 Mar 2024 23:19:35 INFO 10: precision: 0.01132 | recall: 0.09798 | ndcg: 0.05531 | hit_rate: 0.10651 | map: 0.04078
Wed 13 Mar 2024 23:19:35 INFO 20: precision: 0.00814 | recall: 0.13698 | ndcg: 0.06565 | hit_rate: 0.14850 | map: 0.04368
Wed 13 Mar 2024 23:19:35 INFO Test Metrics:
Wed 13 Mar 2024 23:19:35 INFO 5: precision: 0.02480 | recall: 0.06616 | ndcg: 0.05120 | hit_rate: 0.10813 | map: 0.03758
Wed 13 Mar 2024 23:19:35 INFO 10: precision: 0.01879 | recall: 0.09942 | ndcg: 0.06381 | hit_rate: 0.15560 | map: 0.04297
Wed 13 Mar 2024 23:19:35 INFO 20: precision: 0.01345 | recall: 0.14049 | ndcg: 0.07624 | hit_rate: 0.21070 | map: 0.04660
Wed 13 Mar 2024 23:19:59 INFO Epoch 73, Loss: 1.36824
Wed 13 Mar 2024 23:20:01 INFO Validation Metrics:
Wed 13 Mar 2024 23:20:01 INFO 5: precision: 0.01513 | recall: 0.06671 | ndcg: 0.04501 | hit_rate: 0.07312 | map: 0.03653
Wed 13 Mar 2024 23:20:01 INFO 10: precision: 0.01129 | recall: 0.09749 | ndcg: 0.05522 | hit_rate: 0.10593 | map: 0.04078
Wed 13 Mar 2024 23:20:01 INFO 20: precision: 0.00814 | recall: 0.13691 | ndcg: 0.06568 | hit_rate: 0.14830 | map: 0.04372
Wed 13 Mar 2024 23:20:01 INFO Test Metrics:
Wed 13 Mar 2024 23:20:01 INFO 5: precision: 0.02471 | recall: 0.06623 | ndcg: 0.05119 | hit_rate: 0.10787 | map: 0.03757
Wed 13 Mar 2024 23:20:01 INFO 10: precision: 0.01886 | recall: 0.09962 | ndcg: 0.06390 | hit_rate: 0.15579 | map: 0.04300
Wed 13 Mar 2024 23:20:01 INFO 20: precision: 0.01344 | recall: 0.14031 | ndcg: 0.07621 | hit_rate: 0.21050 | map: 0.04660
Wed 13 Mar 2024 23:20:26 INFO Epoch 74, Loss: 1.30217
Wed 13 Mar 2024 23:20:27 INFO Validation Metrics:
Wed 13 Mar 2024 23:20:27 INFO 5: precision: 0.01505 | recall: 0.06640 | ndcg: 0.04480 | hit_rate: 0.07279 | map: 0.03635
Wed 13 Mar 2024 23:20:27 INFO 10: precision: 0.01130 | recall: 0.09760 | ndcg: 0.05517 | hit_rate: 0.10612 | map: 0.04068
Wed 13 Mar 2024 23:20:27 INFO 20: precision: 0.00813 | recall: 0.13672 | ndcg: 0.06556 | hit_rate: 0.14804 | map: 0.04361
Wed 13 Mar 2024 23:20:27 INFO Test Metrics:
Wed 13 Mar 2024 23:20:27 INFO 5: precision: 0.02467 | recall: 0.06599 | ndcg: 0.05102 | hit_rate: 0.10767 | map: 0.03743
Wed 13 Mar 2024 23:20:27 INFO 10: precision: 0.01889 | recall: 0.09957 | ndcg: 0.06383 | hit_rate: 0.15592 | map: 0.04292
Wed 13 Mar 2024 23:20:27 INFO 20: precision: 0.01343 | recall: 0.14015 | ndcg: 0.07609 | hit_rate: 0.21018 | map: 0.04650
Wed 13 Mar 2024 23:20:53 INFO Epoch 75, Loss: 1.30517
Wed 13 Mar 2024 23:20:54 INFO Validation Metrics:
Wed 13 Mar 2024 23:20:54 INFO 5: precision: 0.01511 | recall: 0.06658 | ndcg: 0.04483 | hit_rate: 0.07312 | map: 0.03632
Wed 13 Mar 2024 23:20:54 INFO 10: precision: 0.01128 | recall: 0.09739 | ndcg: 0.05506 | hit_rate: 0.10593 | map: 0.04059
Wed 13 Mar 2024 23:20:54 INFO 20: precision: 0.00813 | recall: 0.13667 | ndcg: 0.06549 | hit_rate: 0.14811 | map: 0.04353
Wed 13 Mar 2024 23:20:54 INFO Test Metrics:
Wed 13 Mar 2024 23:20:54 INFO 5: precision: 0.02465 | recall: 0.06583 | ndcg: 0.05115 | hit_rate: 0.10748 | map: 0.03761
Wed 13 Mar 2024 23:20:54 INFO 10: precision: 0.01882 | recall: 0.09910 | ndcg: 0.06383 | hit_rate: 0.15560 | map: 0.04304
Wed 13 Mar 2024 23:20:54 INFO 20: precision: 0.01343 | recall: 0.14034 | ndcg: 0.07629 | hit_rate: 0.21050 | map: 0.04668
Wed 13 Mar 2024 23:21:18 INFO Epoch 76, Loss: 1.26168
Wed 13 Mar 2024 23:21:19 INFO Validation Metrics:
Wed 13 Mar 2024 23:21:19 INFO 5: precision: 0.01506 | recall: 0.06636 | ndcg: 0.04473 | hit_rate: 0.07279 | map: 0.03626
Wed 13 Mar 2024 23:21:19 INFO 10: precision: 0.01133 | recall: 0.09754 | ndcg: 0.05510 | hit_rate: 0.10632 | map: 0.04058
Wed 13 Mar 2024 23:21:19 INFO 20: precision: 0.00814 | recall: 0.13693 | ndcg: 0.06553 | hit_rate: 0.14850 | map: 0.04351
Wed 13 Mar 2024 23:21:19 INFO Test Metrics:
Wed 13 Mar 2024 23:21:19 INFO 5: precision: 0.02470 | recall: 0.06592 | ndcg: 0.05122 | hit_rate: 0.10761 | map: 0.03766
Wed 13 Mar 2024 23:21:19 INFO 10: precision: 0.01876 | recall: 0.09891 | ndcg: 0.06376 | hit_rate: 0.15534 | map: 0.04301
Wed 13 Mar 2024 23:21:19 INFO 20: precision: 0.01343 | recall: 0.14016 | ndcg: 0.07624 | hit_rate: 0.21037 | map: 0.04667
Wed 13 Mar 2024 23:21:42 INFO Epoch 77, Loss: 1.23060
Wed 13 Mar 2024 23:21:42 INFO Validation Metrics:
Wed 13 Mar 2024 23:21:42 INFO 5: precision: 0.01509 | recall: 0.06628 | ndcg: 0.04455 | hit_rate: 0.07292 | map: 0.03604
Wed 13 Mar 2024 23:21:42 INFO 10: precision: 0.01134 | recall: 0.09751 | ndcg: 0.05495 | hit_rate: 0.10619 | map: 0.04040
Wed 13 Mar 2024 23:21:42 INFO 20: precision: 0.00812 | recall: 0.13645 | ndcg: 0.06526 | hit_rate: 0.14785 | map: 0.04330
Wed 13 Mar 2024 23:21:42 INFO Test Metrics:
Wed 13 Mar 2024 23:21:42 INFO 5: precision: 0.02465 | recall: 0.06572 | ndcg: 0.05124 | hit_rate: 0.10729 | map: 0.03772
Wed 13 Mar 2024 23:21:42 INFO 10: precision: 0.01882 | recall: 0.09920 | ndcg: 0.06397 | hit_rate: 0.15554 | map: 0.04316
Wed 13 Mar 2024 23:21:42 INFO 20: precision: 0.01341 | recall: 0.13989 | ndcg: 0.07627 | hit_rate: 0.20992 | map: 0.04675
Wed 13 Mar 2024 23:22:05 INFO Epoch 78, Loss: 1.17507
Wed 13 Mar 2024 23:22:06 INFO Validation Metrics:
Wed 13 Mar 2024 23:22:06 INFO 5: precision: 0.01505 | recall: 0.06624 | ndcg: 0.04465 | hit_rate: 0.07279 | map: 0.03619
Wed 13 Mar 2024 23:22:06 INFO 10: precision: 0.01130 | recall: 0.09728 | ndcg: 0.05499 | hit_rate: 0.10580 | map: 0.04053
Wed 13 Mar 2024 23:22:06 INFO 20: precision: 0.00812 | recall: 0.13657 | ndcg: 0.06538 | hit_rate: 0.14785 | map: 0.04345
Wed 13 Mar 2024 23:22:06 INFO Test Metrics:
Wed 13 Mar 2024 23:22:06 INFO 5: precision: 0.02464 | recall: 0.06580 | ndcg: 0.05117 | hit_rate: 0.10716 | map: 0.03766
Wed 13 Mar 2024 23:22:06 INFO 10: precision: 0.01876 | recall: 0.09885 | ndcg: 0.06375 | hit_rate: 0.15495 | map: 0.04303
Wed 13 Mar 2024 23:22:06 INFO 20: precision: 0.01343 | recall: 0.14017 | ndcg: 0.07624 | hit_rate: 0.21044 | map: 0.04667
Wed 13 Mar 2024 23:22:29 INFO Epoch 79, Loss: 1.19648
Wed 13 Mar 2024 23:22:30 INFO Validation Metrics:
Wed 13 Mar 2024 23:22:30 INFO 5: precision: 0.01501 | recall: 0.06605 | ndcg: 0.04464 | hit_rate: 0.07267 | map: 0.03623
Wed 13 Mar 2024 23:22:30 INFO 10: precision: 0.01134 | recall: 0.09764 | ndcg: 0.05514 | hit_rate: 0.10632 | map: 0.04062
Wed 13 Mar 2024 23:22:30 INFO 20: precision: 0.00811 | recall: 0.13640 | ndcg: 0.06537 | hit_rate: 0.14772 | map: 0.04350
Wed 13 Mar 2024 23:22:30 INFO Test Metrics:
Wed 13 Mar 2024 23:22:30 INFO 5: precision: 0.02473 | recall: 0.06598 | ndcg: 0.05116 | hit_rate: 0.10742 | map: 0.03758
Wed 13 Mar 2024 23:22:30 INFO 10: precision: 0.01868 | recall: 0.09834 | ndcg: 0.06348 | hit_rate: 0.15424 | map: 0.04284
Wed 13 Mar 2024 23:22:30 INFO 20: precision: 0.01338 | recall: 0.13951 | ndcg: 0.07594 | hit_rate: 0.20947 | map: 0.04649
Wed 13 Mar 2024 23:22:30 INFO Best Test Metrics:
Wed 13 Mar 2024 23:22:30 INFO 5: precision: 0.02476 | recall: 0.06673 | ndcg: 0.05152 | hit_rate: 0.10877 | map: 0.03777
Wed 13 Mar 2024 23:22:30 INFO 10: precision: 0.01893 | recall: 0.10071 | ndcg: 0.06438 | hit_rate: 0.15786 | map: 0.04322
Wed 13 Mar 2024 23:22:30 INFO 20: precision: 0.01340 | recall: 0.14102 | ndcg: 0.07654 | hit_rate: 0.21244 | map: 0.04674
Wed 13 Mar 2024 23:22:30 INFO Best performance: 0.14102
Wed 13 Mar 2024 23:22:30 INFO Best parameters: {'n_layers': 3, 'learning_rate': 0.001, 'reg_weight': 1e-05, 'ssl_alpha': 1e-05, 'ssl_temp': 0.05}
Wed 13 Mar 2024 23:22:30 INFO Best metrics:
Wed 13 Mar 2024 23:22:30 INFO 5: precision: 0.02476 | recall: 0.06673 | ndcg: 0.05152 | hit_rate: 0.10877 | map: 0.03777
Wed 13 Mar 2024 23:22:30 INFO 10: precision: 0.01893 | recall: 0.10071 | ndcg: 0.06438 | hit_rate: 0.15786 | map: 0.04322
Wed 13 Mar 2024 23:22:30 INFO 20: precision: 0.01340 | recall: 0.14102 | ndcg: 0.07654 | hit_rate: 0.21244 | map: 0.04674
