Fri 08 Mar 2024 16:21:50 INFO ============Arguments==============
Fri 08 Mar 2024 16:21:50 INFO Model: SGL
Fri 08 Mar 2024 16:21:50 INFO data_path: beauty
Fri 08 Mar 2024 16:21:50 INFO learning_rate: 0.001
Fri 08 Mar 2024 16:21:50 INFO feature_embed: 64
Fri 08 Mar 2024 16:21:50 INFO batch_size: 1024
Fri 08 Mar 2024 16:21:50 INFO aggr_mode: add
Fri 08 Mar 2024 16:21:50 INFO reg_weight: 0.001
Fri 08 Mar 2024 16:21:50 INFO dim_E: 64
Fri 08 Mar 2024 16:21:50 INFO num_epoch: 1000
Fri 08 Mar 2024 16:21:50 INFO dropout: 0.2
Fri 08 Mar 2024 16:21:50 INFO n_layers: 2
Fri 08 Mar 2024 16:21:50 INFO corDecay: 0.001
Fri 08 Mar 2024 16:21:50 INFO n_factors: 4
Fri 08 Mar 2024 16:21:50 INFO n_iterations: 3
Fri 08 Mar 2024 16:21:50 INFO cl_weight: 2.0
Fri 08 Mar 2024 16:21:50 INFO mm_layers: 2
Fri 08 Mar 2024 16:21:50 INFO ii_topk: 10
Fri 08 Mar 2024 16:21:50 INFO uu_topk: 40
Fri 08 Mar 2024 16:21:50 INFO lambda_coeff: 0.9
Fri 08 Mar 2024 16:21:50 INFO ssl_temp: 0.9
Fri 08 Mar 2024 16:21:50 INFO ssl_alpha: 0.9
Fri 08 Mar 2024 16:21:50 INFO ae_weight: 0.1
Fri 08 Mar 2024 16:21:50 INFO threshold: 0.1
Fri 08 Mar 2024 16:21:50 INFO seed: 42
Fri 08 Mar 2024 16:21:50 INFO num_workers: 1
Fri 08 Mar 2024 16:21:50 INFO topk: [5, 10, 20]
Fri 08 Mar 2024 16:21:50 INFO local time£ºMar-08-2024-16-21-50
Fri 08 Mar 2024 16:21:50 INFO =========1/1: Parameters:{'n_layers': 3, 'learning_rate': 0.01, 'reg_weight': 0.001, 'ssl_alpha': 0.001, 'ssl_temp': 0.5}=========
Fri 08 Mar 2024 16:21:58 INFO Epoch 1, Loss: 1453.25286
Fri 08 Mar 2024 16:21:59 INFO Validation Metrics:
Fri 08 Mar 2024 16:21:59 INFO 5: precision: 0.00763 | recall: 0.03222 | ndcg: 0.02211 | hit_rate: 0.03649 | map: 0.01793
Fri 08 Mar 2024 16:21:59 INFO 10: precision: 0.00580 | recall: 0.04822 | ndcg: 0.02747 | hit_rate: 0.05413 | map: 0.02017
Fri 08 Mar 2024 16:21:59 INFO 20: precision: 0.00423 | recall: 0.06933 | ndcg: 0.03305 | hit_rate: 0.07641 | map: 0.02175
Fri 08 Mar 2024 16:21:59 INFO Test Metrics:
Fri 08 Mar 2024 16:21:59 INFO 5: precision: 0.01309 | recall: 0.03391 | ndcg: 0.02645 | hit_rate: 0.05355 | map: 0.01979
Fri 08 Mar 2024 16:21:59 INFO 10: precision: 0.00993 | recall: 0.05091 | ndcg: 0.03291 | hit_rate: 0.07667 | map: 0.02263
Fri 08 Mar 2024 16:21:59 INFO 20: precision: 0.00704 | recall: 0.07128 | ndcg: 0.03913 | hit_rate: 0.10438 | map: 0.02447
Fri 08 Mar 2024 16:22:07 INFO Epoch 2, Loss: 1441.17543
Fri 08 Mar 2024 16:22:08 INFO Validation Metrics:
Fri 08 Mar 2024 16:22:08 INFO 5: precision: 0.00698 | recall: 0.02998 | ndcg: 0.02069 | hit_rate: 0.03346 | map: 0.01693
Fri 08 Mar 2024 16:22:08 INFO 10: precision: 0.00543 | recall: 0.04571 | ndcg: 0.02596 | hit_rate: 0.05051 | map: 0.01914
Fri 08 Mar 2024 16:22:08 INFO 20: precision: 0.00415 | recall: 0.06913 | ndcg: 0.03209 | hit_rate: 0.07512 | map: 0.02086
Fri 08 Mar 2024 16:22:08 INFO Test Metrics:
Fri 08 Mar 2024 16:22:08 INFO 5: precision: 0.01178 | recall: 0.03069 | ndcg: 0.02387 | hit_rate: 0.04818 | map: 0.01795
Fri 08 Mar 2024 16:22:08 INFO 10: precision: 0.00913 | recall: 0.04692 | ndcg: 0.03010 | hit_rate: 0.07060 | map: 0.02068
Fri 08 Mar 2024 16:22:08 INFO 20: precision: 0.00674 | recall: 0.06872 | ndcg: 0.03674 | hit_rate: 0.10037 | map: 0.02263
Fri 08 Mar 2024 16:22:16 INFO Epoch 3, Loss: 1437.24755
Fri 08 Mar 2024 16:22:17 INFO Validation Metrics:
Fri 08 Mar 2024 16:22:17 INFO 5: precision: 0.00845 | recall: 0.03580 | ndcg: 0.02434 | hit_rate: 0.04050 | map: 0.01963
Fri 08 Mar 2024 16:22:17 INFO 10: precision: 0.00648 | recall: 0.05367 | ndcg: 0.03035 | hit_rate: 0.06059 | map: 0.02213
Fri 08 Mar 2024 16:22:17 INFO 20: precision: 0.00491 | recall: 0.08046 | ndcg: 0.03741 | hit_rate: 0.08804 | map: 0.02414
Fri 08 Mar 2024 16:22:17 INFO Test Metrics:
Fri 08 Mar 2024 16:22:17 INFO 5: precision: 0.01416 | recall: 0.03632 | ndcg: 0.02838 | hit_rate: 0.05884 | map: 0.02103
Fri 08 Mar 2024 16:22:17 INFO 10: precision: 0.01092 | recall: 0.05513 | ndcg: 0.03560 | hit_rate: 0.08558 | map: 0.02415
Fri 08 Mar 2024 16:22:17 INFO 20: precision: 0.00806 | recall: 0.08176 | ndcg: 0.04364 | hit_rate: 0.12066 | map: 0.02651
Fri 08 Mar 2024 16:22:24 INFO Epoch 4, Loss: 1431.96144
Fri 08 Mar 2024 16:22:25 INFO Validation Metrics:
Fri 08 Mar 2024 16:22:25 INFO 5: precision: 0.01039 | recall: 0.04479 | ndcg: 0.03038 | hit_rate: 0.04980 | map: 0.02452
Fri 08 Mar 2024 16:22:25 INFO 10: precision: 0.00803 | recall: 0.06795 | ndcg: 0.03806 | hit_rate: 0.07525 | map: 0.02770
Fri 08 Mar 2024 16:22:25 INFO 20: precision: 0.00601 | recall: 0.10009 | ndcg: 0.04654 | hit_rate: 0.10909 | map: 0.03010
Fri 08 Mar 2024 16:22:25 INFO Test Metrics:
Fri 08 Mar 2024 16:22:25 INFO 5: precision: 0.01769 | recall: 0.04650 | ndcg: 0.03643 | hit_rate: 0.07518 | map: 0.02703
Fri 08 Mar 2024 16:22:25 INFO 10: precision: 0.01340 | recall: 0.06905 | ndcg: 0.04506 | hit_rate: 0.10748 | map: 0.03075
Fri 08 Mar 2024 16:22:25 INFO 20: precision: 0.00970 | recall: 0.09960 | ndcg: 0.05426 | hit_rate: 0.14882 | map: 0.03342
Fri 08 Mar 2024 16:22:33 INFO Epoch 5, Loss: 1423.42746
Fri 08 Mar 2024 16:22:34 INFO Validation Metrics:
Fri 08 Mar 2024 16:22:34 INFO 5: precision: 0.01196 | recall: 0.05230 | ndcg: 0.03495 | hit_rate: 0.05787 | map: 0.02805
Fri 08 Mar 2024 16:22:34 INFO 10: precision: 0.00911 | recall: 0.07842 | ndcg: 0.04353 | hit_rate: 0.08578 | map: 0.03161
Fri 08 Mar 2024 16:22:34 INFO 20: precision: 0.00672 | recall: 0.11321 | ndcg: 0.05272 | hit_rate: 0.12292 | map: 0.03420
Fri 08 Mar 2024 16:22:34 INFO Test Metrics:
Fri 08 Mar 2024 16:22:34 INFO 5: precision: 0.02023 | recall: 0.05377 | ndcg: 0.04180 | hit_rate: 0.08655 | map: 0.03103
Fri 08 Mar 2024 16:22:34 INFO 10: precision: 0.01526 | recall: 0.07987 | ndcg: 0.05168 | hit_rate: 0.12421 | map: 0.03520
Fri 08 Mar 2024 16:22:34 INFO 20: precision: 0.01101 | recall: 0.11432 | ndcg: 0.06204 | hit_rate: 0.17130 | map: 0.03816
Fri 08 Mar 2024 16:22:42 INFO Epoch 6, Loss: 1413.18963
Fri 08 Mar 2024 16:22:43 INFO Validation Metrics:
Fri 08 Mar 2024 16:22:43 INFO 5: precision: 0.01319 | recall: 0.05776 | ndcg: 0.03869 | hit_rate: 0.06407 | map: 0.03113
Fri 08 Mar 2024 16:22:43 INFO 10: precision: 0.01010 | recall: 0.08708 | ndcg: 0.04836 | hit_rate: 0.09559 | map: 0.03513
Fri 08 Mar 2024 16:22:43 INFO 20: precision: 0.00736 | recall: 0.12441 | ndcg: 0.05816 | hit_rate: 0.13474 | map: 0.03788
Fri 08 Mar 2024 16:22:43 INFO Test Metrics:
Fri 08 Mar 2024 16:22:43 INFO 5: precision: 0.02262 | recall: 0.06039 | ndcg: 0.04698 | hit_rate: 0.09779 | map: 0.03477
Fri 08 Mar 2024 16:22:43 INFO 10: precision: 0.01679 | recall: 0.08856 | ndcg: 0.05753 | hit_rate: 0.13861 | map: 0.03920
Fri 08 Mar 2024 16:22:43 INFO 20: precision: 0.01208 | recall: 0.12580 | ndcg: 0.06880 | hit_rate: 0.18893 | map: 0.04247
Fri 08 Mar 2024 16:22:51 INFO Epoch 7, Loss: 1403.50139
Fri 08 Mar 2024 16:22:52 INFO Validation Metrics:
Fri 08 Mar 2024 16:22:52 INFO 5: precision: 0.01386 | recall: 0.06061 | ndcg: 0.04089 | hit_rate: 0.06756 | map: 0.03303
Fri 08 Mar 2024 16:22:52 INFO 10: precision: 0.01052 | recall: 0.09046 | ndcg: 0.05082 | hit_rate: 0.09953 | map: 0.03719
Fri 08 Mar 2024 16:22:52 INFO 20: precision: 0.00773 | recall: 0.13104 | ndcg: 0.06148 | hit_rate: 0.14178 | map: 0.04021
Fri 08 Mar 2024 16:22:52 INFO Test Metrics:
Fri 08 Mar 2024 16:22:52 INFO 5: precision: 0.02387 | recall: 0.06421 | ndcg: 0.05006 | hit_rate: 0.10360 | map: 0.03712
Fri 08 Mar 2024 16:22:52 INFO 10: precision: 0.01787 | recall: 0.09474 | ndcg: 0.06152 | hit_rate: 0.14798 | map: 0.04191
Fri 08 Mar 2024 16:22:52 INFO 20: precision: 0.01270 | recall: 0.13248 | ndcg: 0.07302 | hit_rate: 0.19907 | map: 0.04529
Fri 08 Mar 2024 16:23:00 INFO Epoch 8, Loss: 1396.10629
Fri 08 Mar 2024 16:23:01 INFO Validation Metrics:
Fri 08 Mar 2024 16:23:01 INFO 5: precision: 0.01429 | recall: 0.06223 | ndcg: 0.04214 | hit_rate: 0.06931 | map: 0.03411
Fri 08 Mar 2024 16:23:01 INFO 10: precision: 0.01084 | recall: 0.09342 | ndcg: 0.05247 | hit_rate: 0.10283 | map: 0.03841
Fri 08 Mar 2024 16:23:01 INFO 20: precision: 0.00791 | recall: 0.13407 | ndcg: 0.06318 | hit_rate: 0.14520 | map: 0.04145
Fri 08 Mar 2024 16:23:01 INFO Test Metrics:
Fri 08 Mar 2024 16:23:01 INFO 5: precision: 0.02460 | recall: 0.06628 | ndcg: 0.05130 | hit_rate: 0.10716 | map: 0.03787
Fri 08 Mar 2024 16:23:01 INFO 10: precision: 0.01841 | recall: 0.09734 | ndcg: 0.06301 | hit_rate: 0.15237 | map: 0.04278
Fri 08 Mar 2024 16:23:01 INFO 20: precision: 0.01305 | recall: 0.13555 | ndcg: 0.07465 | hit_rate: 0.20437 | map: 0.04618
Fri 08 Mar 2024 16:23:09 INFO Epoch 9, Loss: 1391.28448
Fri 08 Mar 2024 16:23:10 INFO Validation Metrics:
Fri 08 Mar 2024 16:23:10 INFO 5: precision: 0.01464 | recall: 0.06390 | ndcg: 0.04315 | hit_rate: 0.07105 | map: 0.03489
Fri 08 Mar 2024 16:23:10 INFO 10: precision: 0.01100 | recall: 0.09481 | ndcg: 0.05333 | hit_rate: 0.10425 | map: 0.03909
Fri 08 Mar 2024 16:23:10 INFO 20: precision: 0.00806 | recall: 0.13631 | ndcg: 0.06426 | hit_rate: 0.14772 | map: 0.04218
Fri 08 Mar 2024 16:23:10 INFO Test Metrics:
Fri 08 Mar 2024 16:23:10 INFO 5: precision: 0.02497 | recall: 0.06693 | ndcg: 0.05220 | hit_rate: 0.10838 | map: 0.03865
Fri 08 Mar 2024 16:23:10 INFO 10: precision: 0.01855 | recall: 0.09825 | ndcg: 0.06397 | hit_rate: 0.15366 | map: 0.04361
Fri 08 Mar 2024 16:23:10 INFO 20: precision: 0.01318 | recall: 0.13667 | ndcg: 0.07570 | hit_rate: 0.20656 | map: 0.04702
Fri 08 Mar 2024 16:23:18 INFO Epoch 10, Loss: 1388.40456
Fri 08 Mar 2024 16:23:19 INFO Validation Metrics:
Fri 08 Mar 2024 16:23:19 INFO 5: precision: 0.01478 | recall: 0.06428 | ndcg: 0.04336 | hit_rate: 0.07163 | map: 0.03500
Fri 08 Mar 2024 16:23:19 INFO 10: precision: 0.01101 | recall: 0.09492 | ndcg: 0.05342 | hit_rate: 0.10431 | map: 0.03916
Fri 08 Mar 2024 16:23:19 INFO 20: precision: 0.00811 | recall: 0.13690 | ndcg: 0.06449 | hit_rate: 0.14830 | map: 0.04228
Fri 08 Mar 2024 16:23:19 INFO Test Metrics:
Fri 08 Mar 2024 16:23:19 INFO 5: precision: 0.02495 | recall: 0.06678 | ndcg: 0.05228 | hit_rate: 0.10858 | map: 0.03876
Fri 08 Mar 2024 16:23:19 INFO 10: precision: 0.01873 | recall: 0.09910 | ndcg: 0.06442 | hit_rate: 0.15463 | map: 0.04387
Fri 08 Mar 2024 16:23:19 INFO 20: precision: 0.01314 | recall: 0.13621 | ndcg: 0.07573 | hit_rate: 0.20585 | map: 0.04714
Fri 08 Mar 2024 16:23:27 INFO Epoch 11, Loss: 1386.46073
Fri 08 Mar 2024 16:23:28 INFO Validation Metrics:
Fri 08 Mar 2024 16:23:28 INFO 5: precision: 0.01469 | recall: 0.06395 | ndcg: 0.04312 | hit_rate: 0.07118 | map: 0.03479
Fri 08 Mar 2024 16:23:28 INFO 10: precision: 0.01106 | recall: 0.09509 | ndcg: 0.05338 | hit_rate: 0.10438 | map: 0.03905
Fri 08 Mar 2024 16:23:28 INFO 20: precision: 0.00812 | recall: 0.13672 | ndcg: 0.06435 | hit_rate: 0.14817 | map: 0.04214
Fri 08 Mar 2024 16:23:28 INFO Test Metrics:
Fri 08 Mar 2024 16:23:28 INFO 5: precision: 0.02504 | recall: 0.06689 | ndcg: 0.05221 | hit_rate: 0.10922 | map: 0.03850
Fri 08 Mar 2024 16:23:28 INFO 10: precision: 0.01857 | recall: 0.09779 | ndcg: 0.06385 | hit_rate: 0.15340 | map: 0.04345
Fri 08 Mar 2024 16:23:28 INFO 20: precision: 0.01309 | recall: 0.13553 | ndcg: 0.07537 | hit_rate: 0.20430 | map: 0.04682
Fri 08 Mar 2024 16:23:36 INFO Epoch 12, Loss: 1385.14100
Fri 08 Mar 2024 16:23:37 INFO Validation Metrics:
Fri 08 Mar 2024 16:23:37 INFO 5: precision: 0.01466 | recall: 0.06369 | ndcg: 0.04312 | hit_rate: 0.07105 | map: 0.03486
Fri 08 Mar 2024 16:23:37 INFO 10: precision: 0.01097 | recall: 0.09407 | ndcg: 0.05316 | hit_rate: 0.10341 | map: 0.03905
Fri 08 Mar 2024 16:23:37 INFO 20: precision: 0.00813 | recall: 0.13676 | ndcg: 0.06440 | hit_rate: 0.14837 | map: 0.04222
Fri 08 Mar 2024 16:23:37 INFO Test Metrics:
Fri 08 Mar 2024 16:23:37 INFO 5: precision: 0.02504 | recall: 0.06721 | ndcg: 0.05235 | hit_rate: 0.10948 | map: 0.03860
Fri 08 Mar 2024 16:23:37 INFO 10: precision: 0.01855 | recall: 0.09725 | ndcg: 0.06374 | hit_rate: 0.15302 | map: 0.04344
Fri 08 Mar 2024 16:23:37 INFO 20: precision: 0.01306 | recall: 0.13494 | ndcg: 0.07520 | hit_rate: 0.20333 | map: 0.04680
Fri 08 Mar 2024 16:23:45 INFO Epoch 13, Loss: 1384.17429
Fri 08 Mar 2024 16:23:46 INFO Validation Metrics:
Fri 08 Mar 2024 16:23:46 INFO 5: precision: 0.01473 | recall: 0.06372 | ndcg: 0.04302 | hit_rate: 0.07124 | map: 0.03472
Fri 08 Mar 2024 16:23:46 INFO 10: precision: 0.01106 | recall: 0.09454 | ndcg: 0.05320 | hit_rate: 0.10393 | map: 0.03895
Fri 08 Mar 2024 16:23:46 INFO 20: precision: 0.00812 | recall: 0.13612 | ndcg: 0.06411 | hit_rate: 0.14753 | map: 0.04202
Fri 08 Mar 2024 16:23:46 INFO Test Metrics:
Fri 08 Mar 2024 16:23:46 INFO 5: precision: 0.02484 | recall: 0.06635 | ndcg: 0.05185 | hit_rate: 0.10832 | map: 0.03825
Fri 08 Mar 2024 16:23:46 INFO 10: precision: 0.01856 | recall: 0.09719 | ndcg: 0.06351 | hit_rate: 0.15308 | map: 0.04319
Fri 08 Mar 2024 16:23:46 INFO 20: precision: 0.01302 | recall: 0.13462 | ndcg: 0.07488 | hit_rate: 0.20295 | map: 0.04654
Fri 08 Mar 2024 16:23:56 INFO Epoch 14, Loss: 1383.50401
Fri 08 Mar 2024 16:23:57 INFO Validation Metrics:
Fri 08 Mar 2024 16:23:57 INFO 5: precision: 0.01469 | recall: 0.06371 | ndcg: 0.04296 | hit_rate: 0.07111 | map: 0.03466
Fri 08 Mar 2024 16:23:57 INFO 10: precision: 0.01095 | recall: 0.09359 | ndcg: 0.05284 | hit_rate: 0.10283 | map: 0.03878
Fri 08 Mar 2024 16:23:57 INFO 20: precision: 0.00809 | recall: 0.13533 | ndcg: 0.06383 | hit_rate: 0.14669 | map: 0.04188
Fri 08 Mar 2024 16:23:57 INFO Test Metrics:
Fri 08 Mar 2024 16:23:57 INFO 5: precision: 0.02461 | recall: 0.06581 | ndcg: 0.05149 | hit_rate: 0.10787 | map: 0.03799
Fri 08 Mar 2024 16:23:57 INFO 10: precision: 0.01824 | recall: 0.09545 | ndcg: 0.06275 | hit_rate: 0.15030 | map: 0.04283
Fri 08 Mar 2024 16:23:57 INFO 20: precision: 0.01299 | recall: 0.13401 | ndcg: 0.07447 | hit_rate: 0.20133 | map: 0.04628
Fri 08 Mar 2024 16:24:08 INFO Epoch 15, Loss: 1382.94139
Fri 08 Mar 2024 16:24:10 INFO Validation Metrics:
Fri 08 Mar 2024 16:24:10 INFO 5: precision: 0.01449 | recall: 0.06279 | ndcg: 0.04242 | hit_rate: 0.07021 | map: 0.03422
Fri 08 Mar 2024 16:24:10 INFO 10: precision: 0.01088 | recall: 0.09281 | ndcg: 0.05238 | hit_rate: 0.10186 | map: 0.03840
Fri 08 Mar 2024 16:24:10 INFO 20: precision: 0.00804 | recall: 0.13441 | ndcg: 0.06334 | hit_rate: 0.14598 | map: 0.04149
Fri 08 Mar 2024 16:24:10 INFO Test Metrics:
Fri 08 Mar 2024 16:24:10 INFO 5: precision: 0.02443 | recall: 0.06522 | ndcg: 0.05117 | hit_rate: 0.10670 | map: 0.03781
Fri 08 Mar 2024 16:24:10 INFO 10: precision: 0.01810 | recall: 0.09455 | ndcg: 0.06230 | hit_rate: 0.14869 | map: 0.04257
Fri 08 Mar 2024 16:24:10 INFO 20: precision: 0.01293 | recall: 0.13320 | ndcg: 0.07405 | hit_rate: 0.20075 | map: 0.04601
Fri 08 Mar 2024 16:24:20 INFO Epoch 16, Loss: 1382.56844
Fri 08 Mar 2024 16:24:22 INFO Validation Metrics:
Fri 08 Mar 2024 16:24:22 INFO 5: precision: 0.01453 | recall: 0.06312 | ndcg: 0.04256 | hit_rate: 0.07066 | map: 0.03433
Fri 08 Mar 2024 16:24:22 INFO 10: precision: 0.01078 | recall: 0.09210 | ndcg: 0.05218 | hit_rate: 0.10134 | map: 0.03837
Fri 08 Mar 2024 16:24:22 INFO 20: precision: 0.00801 | recall: 0.13335 | ndcg: 0.06310 | hit_rate: 0.14494 | map: 0.04145
Fri 08 Mar 2024 16:24:22 INFO Test Metrics:
Fri 08 Mar 2024 16:24:22 INFO 5: precision: 0.02430 | recall: 0.06496 | ndcg: 0.05078 | hit_rate: 0.10554 | map: 0.03751
Fri 08 Mar 2024 16:24:22 INFO 10: precision: 0.01790 | recall: 0.09332 | ndcg: 0.06158 | hit_rate: 0.14701 | map: 0.04211
Fri 08 Mar 2024 16:24:22 INFO 20: precision: 0.01281 | recall: 0.13211 | ndcg: 0.07336 | hit_rate: 0.19901 | map: 0.04556
Fri 08 Mar 2024 16:24:32 INFO Epoch 17, Loss: 1382.13509
Fri 08 Mar 2024 16:24:34 INFO Validation Metrics:
Fri 08 Mar 2024 16:24:34 INFO 5: precision: 0.01457 | recall: 0.06291 | ndcg: 0.04233 | hit_rate: 0.07053 | map: 0.03401
Fri 08 Mar 2024 16:24:34 INFO 10: precision: 0.01075 | recall: 0.09181 | ndcg: 0.05188 | hit_rate: 0.10089 | map: 0.03803
Fri 08 Mar 2024 16:24:34 INFO 20: precision: 0.00797 | recall: 0.13256 | ndcg: 0.06266 | hit_rate: 0.14417 | map: 0.04107
Fri 08 Mar 2024 16:24:34 INFO Test Metrics:
Fri 08 Mar 2024 16:24:34 INFO 5: precision: 0.02413 | recall: 0.06434 | ndcg: 0.05014 | hit_rate: 0.10490 | map: 0.03692
Fri 08 Mar 2024 16:24:34 INFO 10: precision: 0.01779 | recall: 0.09255 | ndcg: 0.06090 | hit_rate: 0.14591 | map: 0.04154
Fri 08 Mar 2024 16:24:34 INFO 20: precision: 0.01270 | recall: 0.13066 | ndcg: 0.07250 | hit_rate: 0.19674 | map: 0.04495
Fri 08 Mar 2024 16:24:44 INFO Epoch 18, Loss: 1381.88062
Fri 08 Mar 2024 16:24:46 INFO Validation Metrics:
Fri 08 Mar 2024 16:24:46 INFO 5: precision: 0.01443 | recall: 0.06218 | ndcg: 0.04162 | hit_rate: 0.06995 | map: 0.03331
Fri 08 Mar 2024 16:24:46 INFO 10: precision: 0.01072 | recall: 0.09126 | ndcg: 0.05128 | hit_rate: 0.10057 | map: 0.03740
Fri 08 Mar 2024 16:24:46 INFO 20: precision: 0.00788 | recall: 0.13111 | ndcg: 0.06179 | hit_rate: 0.14275 | map: 0.04035
Fri 08 Mar 2024 16:24:46 INFO Test Metrics:
Fri 08 Mar 2024 16:24:46 INFO 5: precision: 0.02409 | recall: 0.06396 | ndcg: 0.04995 | hit_rate: 0.10477 | map: 0.03675
Fri 08 Mar 2024 16:24:46 INFO 10: precision: 0.01769 | recall: 0.09195 | ndcg: 0.06060 | hit_rate: 0.14488 | map: 0.04135
Fri 08 Mar 2024 16:24:46 INFO 20: precision: 0.01262 | recall: 0.12983 | ndcg: 0.07212 | hit_rate: 0.19539 | map: 0.04472
Fri 08 Mar 2024 16:24:56 INFO Epoch 19, Loss: 1381.58953
Fri 08 Mar 2024 16:24:58 INFO Validation Metrics:
Fri 08 Mar 2024 16:24:58 INFO 5: precision: 0.01417 | recall: 0.06117 | ndcg: 0.04127 | hit_rate: 0.06872 | map: 0.03325
Fri 08 Mar 2024 16:24:58 INFO 10: precision: 0.01075 | recall: 0.09150 | ndcg: 0.05134 | hit_rate: 0.10102 | map: 0.03747
Fri 08 Mar 2024 16:24:58 INFO 20: precision: 0.00788 | recall: 0.13087 | ndcg: 0.06171 | hit_rate: 0.14262 | map: 0.04037
Fri 08 Mar 2024 16:24:58 INFO Test Metrics:
Fri 08 Mar 2024 16:24:58 INFO 5: precision: 0.02392 | recall: 0.06345 | ndcg: 0.04959 | hit_rate: 0.10367 | map: 0.03652
Fri 08 Mar 2024 16:24:58 INFO 10: precision: 0.01758 | recall: 0.09119 | ndcg: 0.06015 | hit_rate: 0.14404 | map: 0.04105
Fri 08 Mar 2024 16:24:58 INFO 20: precision: 0.01252 | recall: 0.12895 | ndcg: 0.07160 | hit_rate: 0.19364 | map: 0.04442
Fri 08 Mar 2024 16:25:08 INFO Epoch 20, Loss: 1381.33752
Fri 08 Mar 2024 16:25:09 INFO Validation Metrics:
Fri 08 Mar 2024 16:25:09 INFO 5: precision: 0.01387 | recall: 0.05937 | ndcg: 0.04034 | hit_rate: 0.06705 | map: 0.03254
Fri 08 Mar 2024 16:25:09 INFO 10: precision: 0.01079 | recall: 0.09154 | ndcg: 0.05101 | hit_rate: 0.10128 | map: 0.03702
Fri 08 Mar 2024 16:25:09 INFO 20: precision: 0.00785 | recall: 0.13037 | ndcg: 0.06120 | hit_rate: 0.14210 | map: 0.03987
Fri 08 Mar 2024 16:25:09 INFO Test Metrics:
Fri 08 Mar 2024 16:25:09 INFO 5: precision: 0.02369 | recall: 0.06309 | ndcg: 0.04926 | hit_rate: 0.10302 | map: 0.03632
Fri 08 Mar 2024 16:25:09 INFO 10: precision: 0.01751 | recall: 0.09075 | ndcg: 0.05982 | hit_rate: 0.14307 | map: 0.04086
Fri 08 Mar 2024 16:25:09 INFO 20: precision: 0.01245 | recall: 0.12804 | ndcg: 0.07114 | hit_rate: 0.19306 | map: 0.04417
Fri 08 Mar 2024 16:25:20 INFO Epoch 21, Loss: 1381.16753
Fri 08 Mar 2024 16:25:22 INFO Validation Metrics:
Fri 08 Mar 2024 16:25:22 INFO 5: precision: 0.01393 | recall: 0.05971 | ndcg: 0.04056 | hit_rate: 0.06724 | map: 0.03274
Fri 08 Mar 2024 16:25:22 INFO 10: precision: 0.01067 | recall: 0.09052 | ndcg: 0.05076 | hit_rate: 0.10012 | map: 0.03700
Fri 08 Mar 2024 16:25:22 INFO 20: precision: 0.00771 | recall: 0.12787 | ndcg: 0.06061 | hit_rate: 0.13971 | map: 0.03977
Fri 08 Mar 2024 16:25:22 INFO Test Metrics:
Fri 08 Mar 2024 16:25:22 INFO 5: precision: 0.02385 | recall: 0.06300 | ndcg: 0.04925 | hit_rate: 0.10335 | map: 0.03625
Fri 08 Mar 2024 16:25:22 INFO 10: precision: 0.01752 | recall: 0.09043 | ndcg: 0.05969 | hit_rate: 0.14268 | map: 0.04074
Fri 08 Mar 2024 16:25:22 INFO 20: precision: 0.01239 | recall: 0.12715 | ndcg: 0.07080 | hit_rate: 0.19203 | map: 0.04398
Fri 08 Mar 2024 16:25:32 INFO Epoch 22, Loss: 1381.00109
Fri 08 Mar 2024 16:25:34 INFO Validation Metrics:
Fri 08 Mar 2024 16:25:34 INFO 5: precision: 0.01376 | recall: 0.05879 | ndcg: 0.03998 | hit_rate: 0.06640 | map: 0.03224
Fri 08 Mar 2024 16:25:34 INFO 10: precision: 0.01063 | recall: 0.08980 | ndcg: 0.05029 | hit_rate: 0.09979 | map: 0.03655
Fri 08 Mar 2024 16:25:34 INFO 20: precision: 0.00768 | recall: 0.12715 | ndcg: 0.06012 | hit_rate: 0.13894 | map: 0.03931
Fri 08 Mar 2024 16:25:34 INFO Test Metrics:
Fri 08 Mar 2024 16:25:34 INFO 5: precision: 0.02372 | recall: 0.06265 | ndcg: 0.04870 | hit_rate: 0.10283 | map: 0.03573
Fri 08 Mar 2024 16:25:34 INFO 10: precision: 0.01738 | recall: 0.08977 | ndcg: 0.05898 | hit_rate: 0.14210 | map: 0.04010
Fri 08 Mar 2024 16:25:34 INFO 20: precision: 0.01235 | recall: 0.12688 | ndcg: 0.07021 | hit_rate: 0.19087 | map: 0.04341
Fri 08 Mar 2024 16:25:44 INFO Epoch 23, Loss: 1380.82678
Fri 08 Mar 2024 16:25:45 INFO Validation Metrics:
Fri 08 Mar 2024 16:25:45 INFO 5: precision: 0.01367 | recall: 0.05908 | ndcg: 0.03997 | hit_rate: 0.06627 | map: 0.03222
Fri 08 Mar 2024 16:25:45 INFO 10: precision: 0.01048 | recall: 0.08843 | ndcg: 0.04979 | hit_rate: 0.09786 | map: 0.03634
Fri 08 Mar 2024 16:25:45 INFO 20: precision: 0.00758 | recall: 0.12580 | ndcg: 0.05963 | hit_rate: 0.13751 | map: 0.03910
Fri 08 Mar 2024 16:25:45 INFO Test Metrics:
Fri 08 Mar 2024 16:25:45 INFO 5: precision: 0.02347 | recall: 0.06170 | ndcg: 0.04839 | hit_rate: 0.10160 | map: 0.03562
Fri 08 Mar 2024 16:25:45 INFO 10: precision: 0.01717 | recall: 0.08886 | ndcg: 0.05866 | hit_rate: 0.14061 | map: 0.04003
Fri 08 Mar 2024 16:25:45 INFO 20: precision: 0.01224 | recall: 0.12524 | ndcg: 0.06974 | hit_rate: 0.18867 | map: 0.04330
Fri 08 Mar 2024 16:25:55 INFO Epoch 24, Loss: 1380.67549
Fri 08 Mar 2024 16:25:57 INFO Validation Metrics:
Fri 08 Mar 2024 16:25:57 INFO 5: precision: 0.01345 | recall: 0.05809 | ndcg: 0.03953 | hit_rate: 0.06498 | map: 0.03197
Fri 08 Mar 2024 16:25:57 INFO 10: precision: 0.01041 | recall: 0.08824 | ndcg: 0.04961 | hit_rate: 0.09708 | map: 0.03621
Fri 08 Mar 2024 16:25:57 INFO 20: precision: 0.00754 | recall: 0.12477 | ndcg: 0.05927 | hit_rate: 0.13635 | map: 0.03891
Fri 08 Mar 2024 16:25:57 INFO Test Metrics:
Fri 08 Mar 2024 16:25:57 INFO 5: precision: 0.02316 | recall: 0.06094 | ndcg: 0.04776 | hit_rate: 0.10025 | map: 0.03515
Fri 08 Mar 2024 16:25:57 INFO 10: precision: 0.01706 | recall: 0.08821 | ndcg: 0.05806 | hit_rate: 0.13958 | map: 0.03956
Fri 08 Mar 2024 16:25:57 INFO 20: precision: 0.01220 | recall: 0.12478 | ndcg: 0.06915 | hit_rate: 0.18809 | map: 0.04280
Fri 08 Mar 2024 16:26:08 INFO Epoch 25, Loss: 1380.57908
Fri 08 Mar 2024 16:26:10 INFO Validation Metrics:
Fri 08 Mar 2024 16:26:10 INFO 5: precision: 0.01377 | recall: 0.05916 | ndcg: 0.03984 | hit_rate: 0.06659 | map: 0.03199
Fri 08 Mar 2024 16:26:10 INFO 10: precision: 0.01039 | recall: 0.08777 | ndcg: 0.04934 | hit_rate: 0.09727 | map: 0.03595
Fri 08 Mar 2024 16:26:10 INFO 20: precision: 0.00745 | recall: 0.12319 | ndcg: 0.05871 | hit_rate: 0.13474 | map: 0.03859
Fri 08 Mar 2024 16:26:10 INFO Test Metrics:
Fri 08 Mar 2024 16:26:10 INFO 5: precision: 0.02299 | recall: 0.06028 | ndcg: 0.04736 | hit_rate: 0.09908 | map: 0.03488
Fri 08 Mar 2024 16:26:10 INFO 10: precision: 0.01702 | recall: 0.08759 | ndcg: 0.05771 | hit_rate: 0.13861 | map: 0.03931
Fri 08 Mar 2024 16:26:10 INFO 20: precision: 0.01211 | recall: 0.12316 | ndcg: 0.06852 | hit_rate: 0.18596 | map: 0.04248
Fri 08 Mar 2024 16:26:20 INFO Epoch 26, Loss: 1380.44377
Fri 08 Mar 2024 16:26:22 INFO Validation Metrics:
Fri 08 Mar 2024 16:26:22 INFO 5: precision: 0.01360 | recall: 0.05835 | ndcg: 0.03948 | hit_rate: 0.06575 | map: 0.03178
Fri 08 Mar 2024 16:26:22 INFO 10: precision: 0.01035 | recall: 0.08705 | ndcg: 0.04906 | hit_rate: 0.09637 | map: 0.03580
Fri 08 Mar 2024 16:26:22 INFO 20: precision: 0.00746 | recall: 0.12305 | ndcg: 0.05855 | hit_rate: 0.13454 | map: 0.03846
Fri 08 Mar 2024 16:26:22 INFO Test Metrics:
Fri 08 Mar 2024 16:26:22 INFO 5: precision: 0.02267 | recall: 0.05913 | ndcg: 0.04660 | hit_rate: 0.09753 | map: 0.03431
Fri 08 Mar 2024 16:26:22 INFO 10: precision: 0.01692 | recall: 0.08702 | ndcg: 0.05720 | hit_rate: 0.13764 | map: 0.03889
Fri 08 Mar 2024 16:26:22 INFO 20: precision: 0.01195 | recall: 0.12201 | ndcg: 0.06780 | hit_rate: 0.18408 | map: 0.04198
Fri 08 Mar 2024 16:26:31 INFO Epoch 27, Loss: 1380.37080
Fri 08 Mar 2024 16:26:33 INFO Validation Metrics:
Fri 08 Mar 2024 16:26:33 INFO 5: precision: 0.01358 | recall: 0.05836 | ndcg: 0.03953 | hit_rate: 0.06543 | map: 0.03185
Fri 08 Mar 2024 16:26:33 INFO 10: precision: 0.01026 | recall: 0.08590 | ndcg: 0.04876 | hit_rate: 0.09559 | map: 0.03571
Fri 08 Mar 2024 16:26:33 INFO 20: precision: 0.00744 | recall: 0.12280 | ndcg: 0.05846 | hit_rate: 0.13422 | map: 0.03843
Fri 08 Mar 2024 16:26:33 INFO Test Metrics:
Fri 08 Mar 2024 16:26:33 INFO 5: precision: 0.02275 | recall: 0.05927 | ndcg: 0.04645 | hit_rate: 0.09798 | map: 0.03406
Fri 08 Mar 2024 16:26:33 INFO 10: precision: 0.01681 | recall: 0.08643 | ndcg: 0.05673 | hit_rate: 0.13706 | map: 0.03848
Fri 08 Mar 2024 16:26:33 INFO 20: precision: 0.01188 | recall: 0.12100 | ndcg: 0.06723 | hit_rate: 0.18273 | map: 0.04157
Fri 08 Mar 2024 16:26:42 INFO Epoch 28, Loss: 1380.22219
Fri 08 Mar 2024 16:26:43 INFO Validation Metrics:
Fri 08 Mar 2024 16:26:43 INFO 5: precision: 0.01356 | recall: 0.05831 | ndcg: 0.03924 | hit_rate: 0.06530 | map: 0.03154
Fri 08 Mar 2024 16:26:43 INFO 10: precision: 0.01017 | recall: 0.08546 | ndcg: 0.04834 | hit_rate: 0.09495 | map: 0.03534
Fri 08 Mar 2024 16:26:43 INFO 20: precision: 0.00738 | recall: 0.12183 | ndcg: 0.05792 | hit_rate: 0.13312 | map: 0.03804
Fri 08 Mar 2024 16:26:43 INFO Test Metrics:
Fri 08 Mar 2024 16:26:43 INFO 5: precision: 0.02246 | recall: 0.05854 | ndcg: 0.04588 | hit_rate: 0.09689 | map: 0.03367
Fri 08 Mar 2024 16:26:43 INFO 10: precision: 0.01679 | recall: 0.08638 | ndcg: 0.05641 | hit_rate: 0.13661 | map: 0.03819
Fri 08 Mar 2024 16:26:43 INFO 20: precision: 0.01187 | recall: 0.12089 | ndcg: 0.06688 | hit_rate: 0.18234 | map: 0.04126
Fri 08 Mar 2024 16:26:51 INFO Epoch 29, Loss: 1380.12471
Fri 08 Mar 2024 16:26:52 INFO Validation Metrics:
Fri 08 Mar 2024 16:26:52 INFO 5: precision: 0.01353 | recall: 0.05773 | ndcg: 0.03913 | hit_rate: 0.06491 | map: 0.03155
Fri 08 Mar 2024 16:26:52 INFO 10: precision: 0.01015 | recall: 0.08502 | ndcg: 0.04826 | hit_rate: 0.09476 | map: 0.03537
Fri 08 Mar 2024 16:26:52 INFO 20: precision: 0.00732 | recall: 0.12099 | ndcg: 0.05771 | hit_rate: 0.13202 | map: 0.03804
Fri 08 Mar 2024 16:26:52 INFO Test Metrics:
Fri 08 Mar 2024 16:26:52 INFO 5: precision: 0.02213 | recall: 0.05772 | ndcg: 0.04537 | hit_rate: 0.09521 | map: 0.03335
Fri 08 Mar 2024 16:26:52 INFO 10: precision: 0.01659 | recall: 0.08548 | ndcg: 0.05589 | hit_rate: 0.13506 | map: 0.03787
Fri 08 Mar 2024 16:26:52 INFO 20: precision: 0.01177 | recall: 0.11993 | ndcg: 0.06635 | hit_rate: 0.18086 | map: 0.04093
Fri 08 Mar 2024 16:26:52 INFO Best Test Metrics:
Fri 08 Mar 2024 16:26:52 INFO 5: precision: 0.02497 | recall: 0.06693 | ndcg: 0.05220 | hit_rate: 0.10838 | map: 0.03865
Fri 08 Mar 2024 16:26:52 INFO 10: precision: 0.01855 | recall: 0.09825 | ndcg: 0.06397 | hit_rate: 0.15366 | map: 0.04361
Fri 08 Mar 2024 16:26:52 INFO 20: precision: 0.01318 | recall: 0.13667 | ndcg: 0.07570 | hit_rate: 0.20656 | map: 0.04702
Fri 08 Mar 2024 16:26:52 INFO Best performance: 0.13667
Fri 08 Mar 2024 16:26:52 INFO Best parameters: {'n_layers': 3, 'learning_rate': 0.01, 'reg_weight': 0.001, 'ssl_alpha': 0.001, 'ssl_temp': 0.5}
Fri 08 Mar 2024 16:26:52 INFO Best metrics:
Fri 08 Mar 2024 16:26:52 INFO 5: precision: 0.02497 | recall: 0.06693 | ndcg: 0.05220 | hit_rate: 0.10838 | map: 0.03865
Fri 08 Mar 2024 16:26:52 INFO 10: precision: 0.01855 | recall: 0.09825 | ndcg: 0.06397 | hit_rate: 0.15366 | map: 0.04361
Fri 08 Mar 2024 16:26:52 INFO 20: precision: 0.01318 | recall: 0.13667 | ndcg: 0.07570 | hit_rate: 0.20656 | map: 0.04702
