Sun 31 Mar 2024 20:39:06 INFO ============Arguments==============
Sun 31 Mar 2024 20:39:06 INFO Model: SimGCL
Sun 31 Mar 2024 20:39:06 INFO data_path: beauty
Sun 31 Mar 2024 20:39:06 INFO learning_rate: 0.001
Sun 31 Mar 2024 20:39:06 INFO feature_embed: 64
Sun 31 Mar 2024 20:39:06 INFO batch_size: 1024
Sun 31 Mar 2024 20:39:06 INFO aggr_mode: add
Sun 31 Mar 2024 20:39:06 INFO reg_weight: 0.001
Sun 31 Mar 2024 20:39:06 INFO dim_E: 64
Sun 31 Mar 2024 20:39:06 INFO num_epoch: 1000
Sun 31 Mar 2024 20:39:06 INFO dropout: 0.2
Sun 31 Mar 2024 20:39:06 INFO n_layers: 2
Sun 31 Mar 2024 20:39:06 INFO corDecay: 0.001
Sun 31 Mar 2024 20:39:06 INFO n_factors: 4
Sun 31 Mar 2024 20:39:06 INFO n_iterations: 3
Sun 31 Mar 2024 20:39:06 INFO cl_weight: 2.0
Sun 31 Mar 2024 20:39:06 INFO mm_layers: 2
Sun 31 Mar 2024 20:39:06 INFO ii_topk: 10
Sun 31 Mar 2024 20:39:06 INFO uu_topk: 40
Sun 31 Mar 2024 20:39:06 INFO lambda_coeff: 0.9
Sun 31 Mar 2024 20:39:06 INFO ssl_temp: 0.9
Sun 31 Mar 2024 20:39:06 INFO ssl_alpha: 0.9
Sun 31 Mar 2024 20:39:06 INFO ae_weight: 0.1
Sun 31 Mar 2024 20:39:06 INFO threshold: 0.1
Sun 31 Mar 2024 20:39:06 INFO prompt_num: 0.1
Sun 31 Mar 2024 20:39:06 INFO neg_weight: 0.1
Sun 31 Mar 2024 20:39:06 INFO cen_reg: 0.005
Sun 31 Mar 2024 20:39:06 INFO n_intents: 128
Sun 31 Mar 2024 20:39:06 INFO G_rate: 0.0001
Sun 31 Mar 2024 20:39:06 INFO seed: 42
Sun 31 Mar 2024 20:39:06 INFO num_workers: 1
Sun 31 Mar 2024 20:39:06 INFO topk: [5, 10, 20]
Sun 31 Mar 2024 20:39:06 INFO local time£ºMar-31-2024-20-39-06
Sun 31 Mar 2024 20:39:06 INFO =========1/1: Parameters:{'n_layers': 3, 'learning_rate': 0.001, 'reg_weight': 0.01, 'ssl_alpha': 0.1, 'ssl_temp': 0.2}=========
Sun 31 Mar 2024 20:39:12 INFO Epoch 1, Loss: 111.38452
Sun 31 Mar 2024 20:39:13 INFO Validation Metrics:
Sun 31 Mar 2024 20:39:13 INFO 5: precision: 0.00756 | recall: 0.03499 | ndcg: 0.02396 | hit_rate: 0.03753 | map: 0.01981
Sun 31 Mar 2024 20:39:13 INFO 10: precision: 0.00545 | recall: 0.04984 | ndcg: 0.02883 | hit_rate: 0.05374 | map: 0.02178
Sun 31 Mar 2024 20:39:13 INFO 20: precision: 0.00385 | recall: 0.06922 | ndcg: 0.03383 | hit_rate: 0.07499 | map: 0.02311
Sun 31 Mar 2024 20:39:13 INFO Test Metrics:
Sun 31 Mar 2024 20:39:13 INFO 5: precision: 0.01235 | recall: 0.03503 | ndcg: 0.02810 | hit_rate: 0.05535 | map: 0.02142
Sun 31 Mar 2024 20:39:13 INFO 10: precision: 0.00892 | recall: 0.04971 | ndcg: 0.03366 | hit_rate: 0.07757 | map: 0.02365
Sun 31 Mar 2024 20:39:13 INFO 20: precision: 0.00620 | recall: 0.06869 | ndcg: 0.03927 | hit_rate: 0.10638 | map: 0.02513
Sun 31 Mar 2024 20:39:18 INFO Epoch 2, Loss: 107.68078
Sun 31 Mar 2024 20:39:19 INFO Validation Metrics:
Sun 31 Mar 2024 20:39:19 INFO 5: precision: 0.00732 | recall: 0.03406 | ndcg: 0.02335 | hit_rate: 0.03636 | map: 0.01939
Sun 31 Mar 2024 20:39:19 INFO 10: precision: 0.00523 | recall: 0.04822 | ndcg: 0.02800 | hit_rate: 0.05180 | map: 0.02128
Sun 31 Mar 2024 20:39:19 INFO 20: precision: 0.00386 | recall: 0.07038 | ndcg: 0.03375 | hit_rate: 0.07570 | map: 0.02284
Sun 31 Mar 2024 20:39:19 INFO Test Metrics:
Sun 31 Mar 2024 20:39:19 INFO 5: precision: 0.01179 | recall: 0.03393 | ndcg: 0.02684 | hit_rate: 0.05303 | map: 0.02048
Sun 31 Mar 2024 20:39:19 INFO 10: precision: 0.00879 | recall: 0.04993 | ndcg: 0.03282 | hit_rate: 0.07712 | map: 0.02285
Sun 31 Mar 2024 20:39:19 INFO 20: precision: 0.00626 | recall: 0.06991 | ndcg: 0.03878 | hit_rate: 0.10754 | map: 0.02442
Sun 31 Mar 2024 20:39:24 INFO Epoch 3, Loss: 106.56412
Sun 31 Mar 2024 20:39:25 INFO Validation Metrics:
Sun 31 Mar 2024 20:39:25 INFO 5: precision: 0.00665 | recall: 0.03089 | ndcg: 0.02146 | hit_rate: 0.03281 | map: 0.01799
Sun 31 Mar 2024 20:39:25 INFO 10: precision: 0.00510 | recall: 0.04739 | ndcg: 0.02682 | hit_rate: 0.05051 | map: 0.02015
Sun 31 Mar 2024 20:39:25 INFO 20: precision: 0.00387 | recall: 0.07103 | ndcg: 0.03293 | hit_rate: 0.07602 | map: 0.02181
Sun 31 Mar 2024 20:39:25 INFO Test Metrics:
Sun 31 Mar 2024 20:39:25 INFO 5: precision: 0.01094 | recall: 0.03154 | ndcg: 0.02494 | hit_rate: 0.04890 | map: 0.01915
Sun 31 Mar 2024 20:39:25 INFO 10: precision: 0.00857 | recall: 0.04888 | ndcg: 0.03139 | hit_rate: 0.07480 | map: 0.02168
Sun 31 Mar 2024 20:39:25 INFO 20: precision: 0.00618 | recall: 0.07017 | ndcg: 0.03764 | hit_rate: 0.10625 | map: 0.02333
Sun 31 Mar 2024 20:39:30 INFO Epoch 4, Loss: 105.68402
Sun 31 Mar 2024 20:39:30 INFO Validation Metrics:
Sun 31 Mar 2024 20:39:30 INFO 5: precision: 0.00616 | recall: 0.02896 | ndcg: 0.02009 | hit_rate: 0.03042 | map: 0.01685
Sun 31 Mar 2024 20:39:30 INFO 10: precision: 0.00497 | recall: 0.04649 | ndcg: 0.02580 | hit_rate: 0.04909 | map: 0.01916
Sun 31 Mar 2024 20:39:30 INFO 20: precision: 0.00390 | recall: 0.07206 | ndcg: 0.03238 | hit_rate: 0.07641 | map: 0.02094
Sun 31 Mar 2024 20:39:30 INFO Test Metrics:
Sun 31 Mar 2024 20:39:30 INFO 5: precision: 0.01019 | recall: 0.02979 | ndcg: 0.02349 | hit_rate: 0.04515 | map: 0.01814
Sun 31 Mar 2024 20:39:30 INFO 10: precision: 0.00823 | recall: 0.04699 | ndcg: 0.02995 | hit_rate: 0.07137 | map: 0.02069
Sun 31 Mar 2024 20:39:30 INFO 20: precision: 0.00612 | recall: 0.06969 | ndcg: 0.03662 | hit_rate: 0.10425 | map: 0.02247
Sun 31 Mar 2024 20:39:35 INFO Epoch 5, Loss: 104.77731
Sun 31 Mar 2024 20:39:36 INFO Validation Metrics:
Sun 31 Mar 2024 20:39:36 INFO 5: precision: 0.00661 | recall: 0.03108 | ndcg: 0.02158 | hit_rate: 0.03268 | map: 0.01813
Sun 31 Mar 2024 20:39:36 INFO 10: precision: 0.00525 | recall: 0.04923 | ndcg: 0.02744 | hit_rate: 0.05174 | map: 0.02049
Sun 31 Mar 2024 20:39:36 INFO 20: precision: 0.00402 | recall: 0.07453 | ndcg: 0.03395 | hit_rate: 0.07848 | map: 0.02225
Sun 31 Mar 2024 20:39:36 INFO Test Metrics:
Sun 31 Mar 2024 20:39:36 INFO 5: precision: 0.01048 | recall: 0.03074 | ndcg: 0.02436 | hit_rate: 0.04644 | map: 0.01888
Sun 31 Mar 2024 20:39:36 INFO 10: precision: 0.00845 | recall: 0.04875 | ndcg: 0.03108 | hit_rate: 0.07286 | map: 0.02158
Sun 31 Mar 2024 20:39:36 INFO 20: precision: 0.00639 | recall: 0.07256 | ndcg: 0.03811 | hit_rate: 0.10767 | map: 0.02344
Sun 31 Mar 2024 20:39:41 INFO Epoch 6, Loss: 103.66742
Sun 31 Mar 2024 20:39:42 INFO Validation Metrics:
Sun 31 Mar 2024 20:39:42 INFO 5: precision: 0.00780 | recall: 0.03668 | ndcg: 0.02528 | hit_rate: 0.03830 | map: 0.02119
Sun 31 Mar 2024 20:39:42 INFO 10: precision: 0.00596 | recall: 0.05525 | ndcg: 0.03136 | hit_rate: 0.05794 | map: 0.02366
Sun 31 Mar 2024 20:39:42 INFO 20: precision: 0.00445 | recall: 0.08183 | ndcg: 0.03817 | hit_rate: 0.08558 | map: 0.02551
Sun 31 Mar 2024 20:39:42 INFO Test Metrics:
Sun 31 Mar 2024 20:39:42 INFO 5: precision: 0.01217 | recall: 0.03535 | ndcg: 0.02807 | hit_rate: 0.05361 | map: 0.02176
Sun 31 Mar 2024 20:39:42 INFO 10: precision: 0.00942 | recall: 0.05360 | ndcg: 0.03495 | hit_rate: 0.08100 | map: 0.02450
Sun 31 Mar 2024 20:39:42 INFO 20: precision: 0.00704 | recall: 0.07945 | ndcg: 0.04256 | hit_rate: 0.11672 | map: 0.02660
Sun 31 Mar 2024 20:39:47 INFO Epoch 7, Loss: 102.12922
Sun 31 Mar 2024 20:39:48 INFO Validation Metrics:
Sun 31 Mar 2024 20:39:48 INFO 5: precision: 0.00959 | recall: 0.04367 | ndcg: 0.02963 | hit_rate: 0.04612 | map: 0.02450
Sun 31 Mar 2024 20:39:48 INFO 10: precision: 0.00695 | recall: 0.06296 | ndcg: 0.03589 | hit_rate: 0.06627 | map: 0.02704
Sun 31 Mar 2024 20:39:48 INFO 20: precision: 0.00505 | recall: 0.09162 | ndcg: 0.04324 | hit_rate: 0.09566 | map: 0.02907
Sun 31 Mar 2024 20:39:48 INFO Test Metrics:
Sun 31 Mar 2024 20:39:48 INFO 5: precision: 0.01504 | recall: 0.04282 | ndcg: 0.03343 | hit_rate: 0.06595 | map: 0.02540
Sun 31 Mar 2024 20:39:48 INFO 10: precision: 0.01101 | recall: 0.06171 | ndcg: 0.04052 | hit_rate: 0.09256 | map: 0.02837
Sun 31 Mar 2024 20:39:48 INFO 20: precision: 0.00794 | recall: 0.08872 | ndcg: 0.04848 | hit_rate: 0.13015 | map: 0.03059
Sun 31 Mar 2024 20:39:53 INFO Epoch 8, Loss: 99.78677
Sun 31 Mar 2024 20:39:53 INFO Validation Metrics:
Sun 31 Mar 2024 20:39:53 INFO 5: precision: 0.01037 | recall: 0.04754 | ndcg: 0.03227 | hit_rate: 0.05019 | map: 0.02667
Sun 31 Mar 2024 20:39:53 INFO 10: precision: 0.00760 | recall: 0.06910 | ndcg: 0.03931 | hit_rate: 0.07273 | map: 0.02955
Sun 31 Mar 2024 20:39:53 INFO 20: precision: 0.00546 | recall: 0.09921 | ndcg: 0.04705 | hit_rate: 0.10380 | map: 0.03169
Sun 31 Mar 2024 20:39:53 INFO Test Metrics:
Sun 31 Mar 2024 20:39:53 INFO 5: precision: 0.01664 | recall: 0.04750 | ndcg: 0.03710 | hit_rate: 0.07357 | map: 0.02815
Sun 31 Mar 2024 20:39:53 INFO 10: precision: 0.01212 | recall: 0.06781 | ndcg: 0.04479 | hit_rate: 0.10199 | map: 0.03139
Sun 31 Mar 2024 20:39:53 INFO 20: precision: 0.00856 | recall: 0.09545 | ndcg: 0.05300 | hit_rate: 0.14074 | map: 0.03369
Sun 31 Mar 2024 20:39:58 INFO Epoch 9, Loss: 96.36305
Sun 31 Mar 2024 20:39:59 INFO Validation Metrics:
Sun 31 Mar 2024 20:39:59 INFO 5: precision: 0.01116 | recall: 0.05136 | ndcg: 0.03423 | hit_rate: 0.05419 | map: 0.02800
Sun 31 Mar 2024 20:39:59 INFO 10: precision: 0.00807 | recall: 0.07340 | ndcg: 0.04148 | hit_rate: 0.07744 | map: 0.03098
Sun 31 Mar 2024 20:39:59 INFO 20: precision: 0.00576 | recall: 0.10470 | ndcg: 0.04954 | hit_rate: 0.10935 | map: 0.03323
Sun 31 Mar 2024 20:39:59 INFO Test Metrics:
Sun 31 Mar 2024 20:39:59 INFO 5: precision: 0.01800 | recall: 0.05110 | ndcg: 0.04006 | hit_rate: 0.08009 | map: 0.03036
Sun 31 Mar 2024 20:39:59 INFO 10: precision: 0.01317 | recall: 0.07389 | ndcg: 0.04863 | hit_rate: 0.11142 | map: 0.03396
Sun 31 Mar 2024 20:39:59 INFO 20: precision: 0.00914 | recall: 0.10182 | ndcg: 0.05692 | hit_rate: 0.14933 | map: 0.03631
Sun 31 Mar 2024 20:40:04 INFO Epoch 10, Loss: 92.43427
Sun 31 Mar 2024 20:40:05 INFO Validation Metrics:
Sun 31 Mar 2024 20:40:05 INFO 5: precision: 0.01212 | recall: 0.05521 | ndcg: 0.03713 | hit_rate: 0.05871 | map: 0.03047
Sun 31 Mar 2024 20:40:05 INFO 10: precision: 0.00874 | recall: 0.07910 | ndcg: 0.04503 | hit_rate: 0.08352 | map: 0.03376
Sun 31 Mar 2024 20:40:05 INFO 20: precision: 0.00626 | recall: 0.11317 | ndcg: 0.05381 | hit_rate: 0.11827 | map: 0.03622
Sun 31 Mar 2024 20:40:05 INFO Test Metrics:
Sun 31 Mar 2024 20:40:05 INFO 5: precision: 0.01983 | recall: 0.05603 | ndcg: 0.04354 | hit_rate: 0.08688 | map: 0.03288
Sun 31 Mar 2024 20:40:05 INFO 10: precision: 0.01449 | recall: 0.08049 | ndcg: 0.05282 | hit_rate: 0.12124 | map: 0.03679
Sun 31 Mar 2024 20:40:05 INFO 20: precision: 0.00991 | recall: 0.10950 | ndcg: 0.06142 | hit_rate: 0.15896 | map: 0.03928
Sun 31 Mar 2024 20:40:10 INFO Epoch 11, Loss: 88.26399
Sun 31 Mar 2024 20:40:10 INFO Validation Metrics:
Sun 31 Mar 2024 20:40:10 INFO 5: precision: 0.01278 | recall: 0.05814 | ndcg: 0.03893 | hit_rate: 0.06188 | map: 0.03186
Sun 31 Mar 2024 20:40:10 INFO 10: precision: 0.00920 | recall: 0.08326 | ndcg: 0.04719 | hit_rate: 0.08771 | map: 0.03529
Sun 31 Mar 2024 20:40:10 INFO 20: precision: 0.00657 | recall: 0.11846 | ndcg: 0.05626 | hit_rate: 0.12356 | map: 0.03784
Sun 31 Mar 2024 20:40:10 INFO Test Metrics:
Sun 31 Mar 2024 20:40:10 INFO 5: precision: 0.02071 | recall: 0.05826 | ndcg: 0.04536 | hit_rate: 0.09023 | map: 0.03427
Sun 31 Mar 2024 20:40:10 INFO 10: precision: 0.01524 | recall: 0.08419 | ndcg: 0.05523 | hit_rate: 0.12640 | map: 0.03846
Sun 31 Mar 2024 20:40:10 INFO 20: precision: 0.01043 | recall: 0.11492 | ndcg: 0.06434 | hit_rate: 0.16606 | map: 0.04113
Sun 31 Mar 2024 20:40:15 INFO Epoch 12, Loss: 83.96115
Sun 31 Mar 2024 20:40:16 INFO Validation Metrics:
Sun 31 Mar 2024 20:40:16 INFO 5: precision: 0.01287 | recall: 0.05859 | ndcg: 0.03937 | hit_rate: 0.06240 | map: 0.03227
Sun 31 Mar 2024 20:40:16 INFO 10: precision: 0.00939 | recall: 0.08494 | ndcg: 0.04806 | hit_rate: 0.08959 | map: 0.03591
Sun 31 Mar 2024 20:40:16 INFO 20: precision: 0.00672 | recall: 0.12098 | ndcg: 0.05736 | hit_rate: 0.12628 | map: 0.03851
Sun 31 Mar 2024 20:40:16 INFO Test Metrics:
Sun 31 Mar 2024 20:40:16 INFO 5: precision: 0.02111 | recall: 0.05914 | ndcg: 0.04608 | hit_rate: 0.09224 | map: 0.03477
Sun 31 Mar 2024 20:40:16 INFO 10: precision: 0.01555 | recall: 0.08583 | ndcg: 0.05616 | hit_rate: 0.12912 | map: 0.03902
Sun 31 Mar 2024 20:40:16 INFO 20: precision: 0.01068 | recall: 0.11763 | ndcg: 0.06555 | hit_rate: 0.17078 | map: 0.04173
Sun 31 Mar 2024 20:40:21 INFO Epoch 13, Loss: 80.10716
Sun 31 Mar 2024 20:40:21 INFO Validation Metrics:
Sun 31 Mar 2024 20:40:21 INFO 5: precision: 0.01318 | recall: 0.06024 | ndcg: 0.04043 | hit_rate: 0.06401 | map: 0.03314
Sun 31 Mar 2024 20:40:21 INFO 10: precision: 0.00959 | recall: 0.08666 | ndcg: 0.04917 | hit_rate: 0.09153 | map: 0.03678
Sun 31 Mar 2024 20:40:21 INFO 20: precision: 0.00683 | recall: 0.12277 | ndcg: 0.05849 | hit_rate: 0.12834 | map: 0.03939
Sun 31 Mar 2024 20:40:21 INFO Test Metrics:
Sun 31 Mar 2024 20:40:21 INFO 5: precision: 0.02156 | recall: 0.06014 | ndcg: 0.04684 | hit_rate: 0.09424 | map: 0.03527
Sun 31 Mar 2024 20:40:21 INFO 10: precision: 0.01570 | recall: 0.08662 | ndcg: 0.05684 | hit_rate: 0.13054 | map: 0.03951
Sun 31 Mar 2024 20:40:21 INFO 20: precision: 0.01084 | recall: 0.11897 | ndcg: 0.06645 | hit_rate: 0.17304 | map: 0.04230
Sun 31 Mar 2024 20:40:26 INFO Epoch 14, Loss: 76.74551
Sun 31 Mar 2024 20:40:27 INFO Validation Metrics:
Sun 31 Mar 2024 20:40:27 INFO 5: precision: 0.01351 | recall: 0.06155 | ndcg: 0.04149 | hit_rate: 0.06562 | map: 0.03407
Sun 31 Mar 2024 20:40:27 INFO 10: precision: 0.00973 | recall: 0.08790 | ndcg: 0.05018 | hit_rate: 0.09301 | map: 0.03769
Sun 31 Mar 2024 20:40:27 INFO 20: precision: 0.00699 | recall: 0.12534 | ndcg: 0.05983 | hit_rate: 0.13125 | map: 0.04038
Sun 31 Mar 2024 20:40:27 INFO Test Metrics:
Sun 31 Mar 2024 20:40:27 INFO 5: precision: 0.02196 | recall: 0.06119 | ndcg: 0.04764 | hit_rate: 0.09624 | map: 0.03582
Sun 31 Mar 2024 20:40:27 INFO 10: precision: 0.01602 | recall: 0.08819 | ndcg: 0.05784 | hit_rate: 0.13345 | map: 0.04013
Sun 31 Mar 2024 20:40:27 INFO 20: precision: 0.01109 | recall: 0.12173 | ndcg: 0.06777 | hit_rate: 0.17756 | map: 0.04300
Sun 31 Mar 2024 20:40:32 INFO Epoch 15, Loss: 73.71991
Sun 31 Mar 2024 20:40:33 INFO Validation Metrics:
Sun 31 Mar 2024 20:40:33 INFO 5: precision: 0.01372 | recall: 0.06232 | ndcg: 0.04228 | hit_rate: 0.06666 | map: 0.03482
Sun 31 Mar 2024 20:40:33 INFO 10: precision: 0.00999 | recall: 0.08992 | ndcg: 0.05134 | hit_rate: 0.09534 | map: 0.03858
Sun 31 Mar 2024 20:40:33 INFO 20: precision: 0.00713 | recall: 0.12790 | ndcg: 0.06111 | hit_rate: 0.13416 | map: 0.04129
Sun 31 Mar 2024 20:40:33 INFO Test Metrics:
Sun 31 Mar 2024 20:40:33 INFO 5: precision: 0.02250 | recall: 0.06251 | ndcg: 0.04858 | hit_rate: 0.09876 | map: 0.03642
Sun 31 Mar 2024 20:40:33 INFO 10: precision: 0.01626 | recall: 0.08938 | ndcg: 0.05873 | hit_rate: 0.13571 | map: 0.04072
Sun 31 Mar 2024 20:40:33 INFO 20: precision: 0.01131 | recall: 0.12395 | ndcg: 0.06900 | hit_rate: 0.18105 | map: 0.04371
Sun 31 Mar 2024 20:40:38 INFO Epoch 16, Loss: 71.07329
Sun 31 Mar 2024 20:40:39 INFO Validation Metrics:
Sun 31 Mar 2024 20:40:39 INFO 5: precision: 0.01415 | recall: 0.06405 | ndcg: 0.04335 | hit_rate: 0.06872 | map: 0.03563
Sun 31 Mar 2024 20:40:39 INFO 10: precision: 0.01025 | recall: 0.09198 | ndcg: 0.05250 | hit_rate: 0.09786 | map: 0.03940
Sun 31 Mar 2024 20:40:39 INFO 20: precision: 0.00731 | recall: 0.13030 | ndcg: 0.06240 | hit_rate: 0.13758 | map: 0.04215
Sun 31 Mar 2024 20:40:39 INFO Test Metrics:
Sun 31 Mar 2024 20:40:39 INFO 5: precision: 0.02297 | recall: 0.06353 | ndcg: 0.04946 | hit_rate: 0.10089 | map: 0.03701
Sun 31 Mar 2024 20:40:39 INFO 10: precision: 0.01666 | recall: 0.09127 | ndcg: 0.05991 | hit_rate: 0.13958 | map: 0.04141
Sun 31 Mar 2024 20:40:39 INFO 20: precision: 0.01168 | recall: 0.12758 | ndcg: 0.07069 | hit_rate: 0.18751 | map: 0.04452
Sun 31 Mar 2024 20:40:44 INFO Epoch 17, Loss: 68.60681
Sun 31 Mar 2024 20:40:45 INFO Validation Metrics:
Sun 31 Mar 2024 20:40:45 INFO 5: precision: 0.01452 | recall: 0.06530 | ndcg: 0.04426 | hit_rate: 0.07047 | map: 0.03631
Sun 31 Mar 2024 20:40:45 INFO 10: precision: 0.01062 | recall: 0.09461 | ndcg: 0.05387 | hit_rate: 0.10128 | map: 0.04026
Sun 31 Mar 2024 20:40:45 INFO 20: precision: 0.00760 | recall: 0.13433 | ndcg: 0.06414 | hit_rate: 0.14262 | map: 0.04311
Sun 31 Mar 2024 20:40:45 INFO Test Metrics:
Sun 31 Mar 2024 20:40:45 INFO 5: precision: 0.02368 | recall: 0.06503 | ndcg: 0.05077 | hit_rate: 0.10399 | map: 0.03788
Sun 31 Mar 2024 20:40:45 INFO 10: precision: 0.01727 | recall: 0.09407 | ndcg: 0.06168 | hit_rate: 0.14481 | map: 0.04246
Sun 31 Mar 2024 20:40:45 INFO 20: precision: 0.01219 | recall: 0.13195 | ndcg: 0.07298 | hit_rate: 0.19610 | map: 0.04570
Sun 31 Mar 2024 20:40:49 INFO Epoch 18, Loss: 66.37067
Sun 31 Mar 2024 20:40:50 INFO Validation Metrics:
Sun 31 Mar 2024 20:40:50 INFO 5: precision: 0.01495 | recall: 0.06652 | ndcg: 0.04501 | hit_rate: 0.07221 | map: 0.03676
Sun 31 Mar 2024 20:40:50 INFO 10: precision: 0.01102 | recall: 0.09707 | ndcg: 0.05507 | hit_rate: 0.10483 | map: 0.04091
Sun 31 Mar 2024 20:40:50 INFO 20: precision: 0.00805 | recall: 0.14030 | ndcg: 0.06627 | hit_rate: 0.15017 | map: 0.04401
Sun 31 Mar 2024 20:40:50 INFO Test Metrics:
Sun 31 Mar 2024 20:40:50 INFO 5: precision: 0.02470 | recall: 0.06697 | ndcg: 0.05237 | hit_rate: 0.10838 | map: 0.03890
Sun 31 Mar 2024 20:40:50 INFO 10: precision: 0.01812 | recall: 0.09793 | ndcg: 0.06396 | hit_rate: 0.15231 | map: 0.04374
Sun 31 Mar 2024 20:40:50 INFO 20: precision: 0.01278 | recall: 0.13723 | ndcg: 0.07569 | hit_rate: 0.20495 | map: 0.04712
Sun 31 Mar 2024 20:40:55 INFO Epoch 19, Loss: 64.18708
Sun 31 Mar 2024 20:40:56 INFO Validation Metrics:
Sun 31 Mar 2024 20:40:56 INFO 5: precision: 0.01555 | recall: 0.06846 | ndcg: 0.04641 | hit_rate: 0.07486 | map: 0.03782
Sun 31 Mar 2024 20:40:56 INFO 10: precision: 0.01140 | recall: 0.09913 | ndcg: 0.05651 | hit_rate: 0.10780 | map: 0.04199
Sun 31 Mar 2024 20:40:56 INFO 20: precision: 0.00836 | recall: 0.14393 | ndcg: 0.06820 | hit_rate: 0.15521 | map: 0.04524
Sun 31 Mar 2024 20:40:56 INFO Test Metrics:
Sun 31 Mar 2024 20:40:56 INFO 5: precision: 0.02547 | recall: 0.06871 | ndcg: 0.05372 | hit_rate: 0.11194 | map: 0.03973
Sun 31 Mar 2024 20:40:56 INFO 10: precision: 0.01872 | recall: 0.10014 | ndcg: 0.06556 | hit_rate: 0.15702 | map: 0.04471
Sun 31 Mar 2024 20:40:56 INFO 20: precision: 0.01326 | recall: 0.14085 | ndcg: 0.07777 | hit_rate: 0.21102 | map: 0.04825
Sun 31 Mar 2024 20:41:01 INFO Epoch 20, Loss: 61.94589
Sun 31 Mar 2024 20:41:02 INFO Validation Metrics:
Sun 31 Mar 2024 20:41:02 INFO 5: precision: 0.01588 | recall: 0.06956 | ndcg: 0.04704 | hit_rate: 0.07654 | map: 0.03819
Sun 31 Mar 2024 20:41:02 INFO 10: precision: 0.01168 | recall: 0.10141 | ndcg: 0.05750 | hit_rate: 0.11064 | map: 0.04253
Sun 31 Mar 2024 20:41:02 INFO 20: precision: 0.00855 | recall: 0.14667 | ndcg: 0.06931 | hit_rate: 0.15857 | map: 0.04580
Sun 31 Mar 2024 20:41:02 INFO Test Metrics:
Sun 31 Mar 2024 20:41:02 INFO 5: precision: 0.02575 | recall: 0.06920 | ndcg: 0.05428 | hit_rate: 0.11310 | map: 0.04015
Sun 31 Mar 2024 20:41:02 INFO 10: precision: 0.01915 | recall: 0.10190 | ndcg: 0.06665 | hit_rate: 0.16044 | map: 0.04534
Sun 31 Mar 2024 20:41:02 INFO 20: precision: 0.01362 | recall: 0.14379 | ndcg: 0.07923 | hit_rate: 0.21638 | map: 0.04898
Sun 31 Mar 2024 20:41:07 INFO Epoch 21, Loss: 59.72048
Sun 31 Mar 2024 20:41:07 INFO Validation Metrics:
Sun 31 Mar 2024 20:41:07 INFO 5: precision: 0.01601 | recall: 0.07039 | ndcg: 0.04748 | hit_rate: 0.07738 | map: 0.03848
Sun 31 Mar 2024 20:41:07 INFO 10: precision: 0.01177 | recall: 0.10249 | ndcg: 0.05799 | hit_rate: 0.11194 | map: 0.04281
Sun 31 Mar 2024 20:41:07 INFO 20: precision: 0.00859 | recall: 0.14726 | ndcg: 0.06970 | hit_rate: 0.15941 | map: 0.04605
Sun 31 Mar 2024 20:41:07 INFO Test Metrics:
Sun 31 Mar 2024 20:41:07 INFO 5: precision: 0.02593 | recall: 0.06963 | ndcg: 0.05446 | hit_rate: 0.11407 | map: 0.04017
Sun 31 Mar 2024 20:41:07 INFO 10: precision: 0.01932 | recall: 0.10230 | ndcg: 0.06687 | hit_rate: 0.16161 | map: 0.04539
Sun 31 Mar 2024 20:41:07 INFO 20: precision: 0.01373 | recall: 0.14486 | ndcg: 0.07963 | hit_rate: 0.21793 | map: 0.04911
Sun 31 Mar 2024 20:41:12 INFO Epoch 22, Loss: 57.85633
Sun 31 Mar 2024 20:41:13 INFO Validation Metrics:
Sun 31 Mar 2024 20:41:13 INFO 5: precision: 0.01597 | recall: 0.07028 | ndcg: 0.04763 | hit_rate: 0.07725 | map: 0.03869
Sun 31 Mar 2024 20:41:13 INFO 10: precision: 0.01182 | recall: 0.10270 | ndcg: 0.05830 | hit_rate: 0.11232 | map: 0.04310
Sun 31 Mar 2024 20:41:13 INFO 20: precision: 0.00865 | recall: 0.14797 | ndcg: 0.07015 | hit_rate: 0.16044 | map: 0.04639
Sun 31 Mar 2024 20:41:13 INFO Test Metrics:
Sun 31 Mar 2024 20:41:13 INFO 5: precision: 0.02625 | recall: 0.07022 | ndcg: 0.05489 | hit_rate: 0.11530 | map: 0.04041
Sun 31 Mar 2024 20:41:13 INFO 10: precision: 0.01947 | recall: 0.10327 | ndcg: 0.06737 | hit_rate: 0.16277 | map: 0.04570
Sun 31 Mar 2024 20:41:13 INFO 20: precision: 0.01385 | recall: 0.14571 | ndcg: 0.08011 | hit_rate: 0.21916 | map: 0.04938
Sun 31 Mar 2024 20:41:18 INFO Epoch 23, Loss: 56.27363
Sun 31 Mar 2024 20:41:19 INFO Validation Metrics:
Sun 31 Mar 2024 20:41:19 INFO 5: precision: 0.01623 | recall: 0.07121 | ndcg: 0.04814 | hit_rate: 0.07848 | map: 0.03902
Sun 31 Mar 2024 20:41:19 INFO 10: precision: 0.01190 | recall: 0.10321 | ndcg: 0.05860 | hit_rate: 0.11284 | map: 0.04333
Sun 31 Mar 2024 20:41:19 INFO 20: precision: 0.00868 | recall: 0.14830 | ndcg: 0.07041 | hit_rate: 0.16025 | map: 0.04662
Sun 31 Mar 2024 20:41:19 INFO Test Metrics:
Sun 31 Mar 2024 20:41:19 INFO 5: precision: 0.02643 | recall: 0.07067 | ndcg: 0.05505 | hit_rate: 0.11607 | map: 0.04043
Sun 31 Mar 2024 20:41:19 INFO 10: precision: 0.01965 | recall: 0.10441 | ndcg: 0.06770 | hit_rate: 0.16426 | map: 0.04575
Sun 31 Mar 2024 20:41:19 INFO 20: precision: 0.01391 | recall: 0.14607 | ndcg: 0.08023 | hit_rate: 0.22013 | map: 0.04937
Sun 31 Mar 2024 20:41:24 INFO Epoch 24, Loss: 54.95939
Sun 31 Mar 2024 20:41:24 INFO Validation Metrics:
Sun 31 Mar 2024 20:41:24 INFO 5: precision: 0.01610 | recall: 0.07052 | ndcg: 0.04801 | hit_rate: 0.07783 | map: 0.03906
Sun 31 Mar 2024 20:41:24 INFO 10: precision: 0.01199 | recall: 0.10381 | ndcg: 0.05892 | hit_rate: 0.11368 | map: 0.04356
Sun 31 Mar 2024 20:41:24 INFO 20: precision: 0.00874 | recall: 0.14873 | ndcg: 0.07070 | hit_rate: 0.16070 | map: 0.04685
Sun 31 Mar 2024 20:41:24 INFO Test Metrics:
Sun 31 Mar 2024 20:41:24 INFO 5: precision: 0.02662 | recall: 0.07088 | ndcg: 0.05539 | hit_rate: 0.11665 | map: 0.04070
Sun 31 Mar 2024 20:41:24 INFO 10: precision: 0.01962 | recall: 0.10404 | ndcg: 0.06779 | hit_rate: 0.16406 | map: 0.04591
Sun 31 Mar 2024 20:41:24 INFO 20: precision: 0.01392 | recall: 0.14589 | ndcg: 0.08040 | hit_rate: 0.22026 | map: 0.04957
Sun 31 Mar 2024 20:41:29 INFO Epoch 25, Loss: 53.87635
Sun 31 Mar 2024 20:41:30 INFO Validation Metrics:
Sun 31 Mar 2024 20:41:30 INFO 5: precision: 0.01603 | recall: 0.06992 | ndcg: 0.04792 | hit_rate: 0.07751 | map: 0.03909
Sun 31 Mar 2024 20:41:30 INFO 10: precision: 0.01200 | recall: 0.10350 | ndcg: 0.05897 | hit_rate: 0.11368 | map: 0.04367
Sun 31 Mar 2024 20:41:30 INFO 20: precision: 0.00876 | recall: 0.14868 | ndcg: 0.07083 | hit_rate: 0.16070 | map: 0.04700
Sun 31 Mar 2024 20:41:30 INFO Test Metrics:
Sun 31 Mar 2024 20:41:30 INFO 5: precision: 0.02664 | recall: 0.07084 | ndcg: 0.05545 | hit_rate: 0.11691 | map: 0.04075
Sun 31 Mar 2024 20:41:30 INFO 10: precision: 0.01971 | recall: 0.10425 | ndcg: 0.06794 | hit_rate: 0.16432 | map: 0.04601
Sun 31 Mar 2024 20:41:30 INFO 20: precision: 0.01389 | recall: 0.14530 | ndcg: 0.08032 | hit_rate: 0.21955 | map: 0.04961
Sun 31 Mar 2024 20:41:35 INFO Epoch 26, Loss: 52.90656
Sun 31 Mar 2024 20:41:36 INFO Validation Metrics:
Sun 31 Mar 2024 20:41:36 INFO 5: precision: 0.01611 | recall: 0.07012 | ndcg: 0.04805 | hit_rate: 0.07777 | map: 0.03920
Sun 31 Mar 2024 20:41:36 INFO 10: precision: 0.01206 | recall: 0.10395 | ndcg: 0.05918 | hit_rate: 0.11413 | map: 0.04382
Sun 31 Mar 2024 20:41:36 INFO 20: precision: 0.00875 | recall: 0.14825 | ndcg: 0.07083 | hit_rate: 0.16064 | map: 0.04708
Sun 31 Mar 2024 20:41:36 INFO Test Metrics:
Sun 31 Mar 2024 20:41:36 INFO 5: precision: 0.02673 | recall: 0.07117 | ndcg: 0.05558 | hit_rate: 0.11730 | map: 0.04078
Sun 31 Mar 2024 20:41:36 INFO 10: precision: 0.01980 | recall: 0.10440 | ndcg: 0.06807 | hit_rate: 0.16471 | map: 0.04608
Sun 31 Mar 2024 20:41:36 INFO 20: precision: 0.01390 | recall: 0.14484 | ndcg: 0.08026 | hit_rate: 0.21942 | map: 0.04961
