Sat 17 Aug 2024 00:04:57 INFO ============Arguments==============
Sat 17 Aug 2024 00:04:57 INFO Model: SLMRec
Sat 17 Aug 2024 00:04:57 INFO data_path: beauty
Sat 17 Aug 2024 00:04:57 INFO learning_rate: 0.001
Sat 17 Aug 2024 00:04:57 INFO feature_embed: 64
Sat 17 Aug 2024 00:04:57 INFO batch_size: 1024
Sat 17 Aug 2024 00:04:57 INFO aggr_mode: add
Sat 17 Aug 2024 00:04:57 INFO reg_weight: 0.001
Sat 17 Aug 2024 00:04:57 INFO dim_E: 64
Sat 17 Aug 2024 00:04:57 INFO num_epoch: 1000
Sat 17 Aug 2024 00:04:57 INFO dropout: 0.2
Sat 17 Aug 2024 00:04:57 INFO n_layers: 2
Sat 17 Aug 2024 00:04:57 INFO corDecay: 0.001
Sat 17 Aug 2024 00:04:57 INFO n_factors: 4
Sat 17 Aug 2024 00:04:57 INFO n_iterations: 3
Sat 17 Aug 2024 00:04:57 INFO cl_weight: 2.0
Sat 17 Aug 2024 00:04:57 INFO mm_layers: 2
Sat 17 Aug 2024 00:04:57 INFO ii_topk: 10
Sat 17 Aug 2024 00:04:57 INFO uu_topk: 40
Sat 17 Aug 2024 00:04:57 INFO lambda_coeff: 0.9
Sat 17 Aug 2024 00:04:57 INFO ssl_temp: 0.9
Sat 17 Aug 2024 00:04:57 INFO ssl_alpha: 0.9
Sat 17 Aug 2024 00:04:57 INFO ae_weight: 0.1
Sat 17 Aug 2024 00:04:57 INFO threshold: 0.1
Sat 17 Aug 2024 00:04:57 INFO prompt_num: 0.1
Sat 17 Aug 2024 00:04:57 INFO neg_weight: 0.1
Sat 17 Aug 2024 00:04:57 INFO cen_reg: 0.005
Sat 17 Aug 2024 00:04:57 INFO n_intents: 128
Sat 17 Aug 2024 00:04:57 INFO G_rate: 0.0001
Sat 17 Aug 2024 00:04:57 INFO align_weight: 0.1
Sat 17 Aug 2024 00:04:57 INFO mask_weight_f: 1.5
Sat 17 Aug 2024 00:04:57 INFO mask_weight_g: 0.001
Sat 17 Aug 2024 00:04:57 INFO leaky: 0.5
Sat 17 Aug 2024 00:04:57 INFO keepRate: 1.0
Sat 17 Aug 2024 00:04:57 INFO mult: 0.1
Sat 17 Aug 2024 00:04:57 INFO grid_size: 1
Sat 17 Aug 2024 00:04:57 INFO node_dropout: 0.1
Sat 17 Aug 2024 00:04:57 INFO message_dropout: 0.1
Sat 17 Aug 2024 00:04:57 INFO n_mca: 2
Sat 17 Aug 2024 00:04:57 INFO seed: 42
Sat 17 Aug 2024 00:04:57 INFO num_workers: 1
Sat 17 Aug 2024 00:04:57 INFO topk: [5, 10, 20]
Sat 17 Aug 2024 00:04:57 INFO local time£ºAug-17-2024-00-04-57
Sat 17 Aug 2024 00:04:58 INFO =========1/1: Parameters:{'learning_rate': 0.001, 'ssl_alpha': 0.05, 'n_layers': 1, 'ssl_temp': 0.2}=========
Sat 17 Aug 2024 00:05:05 INFO Epoch 1, Loss: 643.11875
Sat 17 Aug 2024 00:05:06 INFO Validation Metrics:
Sat 17 Aug 2024 00:05:06 INFO 5: precision: 0.00800 | recall: 0.03335 | ndcg: 0.02195 | hit_rate: 0.03837 | map: 0.01720
Sat 17 Aug 2024 00:05:06 INFO 10: precision: 0.00633 | recall: 0.05251 | ndcg: 0.02832 | hit_rate: 0.05917 | map: 0.01987
Sat 17 Aug 2024 00:05:06 INFO 20: precision: 0.00478 | recall: 0.07902 | ndcg: 0.03525 | hit_rate: 0.08765 | map: 0.02179
Sat 17 Aug 2024 00:05:06 INFO Test Metrics:
Sat 17 Aug 2024 00:05:06 INFO 5: precision: 0.01362 | recall: 0.03449 | ndcg: 0.02630 | hit_rate: 0.05968 | map: 0.01848
Sat 17 Aug 2024 00:05:06 INFO 10: precision: 0.01057 | recall: 0.05290 | ndcg: 0.03329 | hit_rate: 0.08778 | map: 0.02141
Sat 17 Aug 2024 00:05:06 INFO 20: precision: 0.00793 | recall: 0.07889 | ndcg: 0.04122 | hit_rate: 0.12440 | map: 0.02367
Sat 17 Aug 2024 00:05:12 INFO Epoch 2, Loss: 543.50426
Sat 17 Aug 2024 00:05:13 INFO Validation Metrics:
Sat 17 Aug 2024 00:05:13 INFO 5: precision: 0.01050 | recall: 0.04476 | ndcg: 0.02964 | hit_rate: 0.05064 | map: 0.02350
Sat 17 Aug 2024 00:05:13 INFO 10: precision: 0.00818 | recall: 0.06871 | ndcg: 0.03761 | hit_rate: 0.07654 | map: 0.02682
Sat 17 Aug 2024 00:05:13 INFO 20: precision: 0.00614 | recall: 0.10193 | ndcg: 0.04631 | hit_rate: 0.11219 | map: 0.02924
Sat 17 Aug 2024 00:05:13 INFO Test Metrics:
Sat 17 Aug 2024 00:05:13 INFO 5: precision: 0.01781 | recall: 0.04662 | ndcg: 0.03607 | hit_rate: 0.07816 | map: 0.02611
Sat 17 Aug 2024 00:05:13 INFO 10: precision: 0.01382 | recall: 0.07173 | ndcg: 0.04550 | hit_rate: 0.11601 | map: 0.02997
Sat 17 Aug 2024 00:05:13 INFO 20: precision: 0.01020 | recall: 0.10530 | ndcg: 0.05561 | hit_rate: 0.16141 | map: 0.03288
Sat 17 Aug 2024 00:05:19 INFO Epoch 3, Loss: 487.50701
Sat 17 Aug 2024 00:05:20 INFO Validation Metrics:
Sat 17 Aug 2024 00:05:20 INFO 5: precision: 0.01156 | recall: 0.04955 | ndcg: 0.03322 | hit_rate: 0.05607 | map: 0.02654
Sat 17 Aug 2024 00:05:20 INFO 10: precision: 0.00885 | recall: 0.07470 | ndcg: 0.04155 | hit_rate: 0.08300 | map: 0.03001
Sat 17 Aug 2024 00:05:20 INFO 20: precision: 0.00673 | recall: 0.11235 | ndcg: 0.05143 | hit_rate: 0.12285 | map: 0.03278
Sat 17 Aug 2024 00:05:20 INFO Test Metrics:
Sat 17 Aug 2024 00:05:20 INFO 5: precision: 0.01978 | recall: 0.05223 | ndcg: 0.04054 | hit_rate: 0.08668 | map: 0.02954
Sat 17 Aug 2024 00:05:20 INFO 10: precision: 0.01496 | recall: 0.07755 | ndcg: 0.05017 | hit_rate: 0.12485 | map: 0.03356
Sat 17 Aug 2024 00:05:20 INFO 20: precision: 0.01112 | recall: 0.11488 | ndcg: 0.06139 | hit_rate: 0.17530 | map: 0.03679
